<?xml version="1.0" encoding="UTF-8"?>
<testsuite xmlns:xsi="http://www.w3.org/2001/XMLSchema-instance" xsi:noNamespaceSchemaLocation="https://maven.apache.org/surefire/maven-surefire-plugin/xsd/surefire-test-report-3.0.xsd" version="3.0" name="com.alibaba.json.bvt.bug.Issue215_double_array" time="0.02" tests="1" errors="0" skipped="0" failures="0">
  <properties>
    <property name="gopherProxySet" value="false"/>
    <property name="awt.toolkit" value="sun.lwawt.macosx.LWCToolkit"/>
    <property name="file.encoding.pkg" value="sun.io"/>
    <property name="java.specification.version" value="1.8"/>
    <property name="sun.cpu.isalist" value=""/>
    <property name="sun.jnu.encoding" value="UTF-8"/>
    <property name="java.class.path" value="/Users/shreyachaudhary/Desktop/cs527/CS527-Project/BugSwarm/fastjson-587105906/Patched-Version/target/test-classes:/Users/shreyachaudhary/Desktop/cs527/CS527-Project/BugSwarm/fastjson-587105906/Patched-Version/target/classes:/Users/shreyachaudhary/.m2/repository/javax/servlet/javax.servlet-api/3.1.0/javax.servlet-api-3.1.0.jar:/Users/shreyachaudhary/.m2/repository/javax/ws/rs/javax.ws.rs-api/2.0.1/javax.ws.rs-api-2.0.1.jar:/Users/shreyachaudhary/.m2/repository/org/apache/cxf/cxf-rt-transports-http/3.1.2/cxf-rt-transports-http-3.1.2.jar:/Users/shreyachaudhary/.m2/repository/org/apache/cxf/cxf-core/3.1.2/cxf-core-3.1.2.jar:/Users/shreyachaudhary/.m2/repository/org/codehaus/woodstox/woodstox-core-asl/4.4.1/woodstox-core-asl-4.4.1.jar:/Users/shreyachaudhary/.m2/repository/org/codehaus/woodstox/stax2-api/3.1.4/stax2-api-3.1.4.jar:/Users/shreyachaudhary/.m2/repository/org/apache/ws/xmlschema/xmlschema-core/2.2.1/xmlschema-core-2.2.1.jar:/Users/shreyachaudhary/Desktop/cs527/CS527-Project/BugSwarm/fastjson-587105906/Patched-Version/../../evosuite-standalone-runtime-1.2.0.jar:/Users/shreyachaudhary/.m2/repository/org/apache/cxf/cxf-rt-frontend-jaxrs/3.1.2/cxf-rt-frontend-jaxrs-3.1.2.jar:/Users/shreyachaudhary/.m2/repository/javax/annotation/javax.annotation-api/1.2/javax.annotation-api-1.2.jar:/Users/shreyachaudhary/.m2/repository/org/springframework/spring-websocket/4.3.7.RELEASE/spring-websocket-4.3.7.RELEASE.jar:/Users/shreyachaudhary/.m2/repository/org/springframework/spring-context/4.3.7.RELEASE/spring-context-4.3.7.RELEASE.jar:/Users/shreyachaudhary/.m2/repository/org/springframework/spring-core/4.3.7.RELEASE/spring-core-4.3.7.RELEASE.jar:/Users/shreyachaudhary/.m2/repository/org/springframework/spring-web/4.3.7.RELEASE/spring-web-4.3.7.RELEASE.jar:/Users/shreyachaudhary/.m2/repository/org/springframework/spring-webmvc/4.3.7.RELEASE/spring-webmvc-4.3.7.RELEASE.jar:/Users/shreyachaudhary/.m2/repository/org/springframework/spring-aop/4.3.7.RELEASE/spring-aop-4.3.7.RELEASE.jar:/Users/shreyachaudhary/.m2/repository/org/springframework/spring-beans/4.3.7.RELEASE/spring-beans-4.3.7.RELEASE.jar:/Users/shreyachaudhary/.m2/repository/org/springframework/spring-expression/4.3.7.RELEASE/spring-expression-4.3.7.RELEASE.jar:/Users/shreyachaudhary/.m2/repository/org/springframework/spring-messaging/4.3.7.RELEASE/spring-messaging-4.3.7.RELEASE.jar:/Users/shreyachaudhary/.m2/repository/org/springframework/data/spring-data-redis/1.8.6.RELEASE/spring-data-redis-1.8.6.RELEASE.jar:/Users/shreyachaudhary/.m2/repository/org/springframework/data/spring-data-keyvalue/1.2.6.RELEASE/spring-data-keyvalue-1.2.6.RELEASE.jar:/Users/shreyachaudhary/.m2/repository/org/springframework/data/spring-data-commons/1.13.6.RELEASE/spring-data-commons-1.13.6.RELEASE.jar:/Users/shreyachaudhary/.m2/repository/org/springframework/spring-tx/4.3.10.RELEASE/spring-tx-4.3.10.RELEASE.jar:/Users/shreyachaudhary/.m2/repository/org/springframework/spring-oxm/4.3.10.RELEASE/spring-oxm-4.3.10.RELEASE.jar:/Users/shreyachaudhary/.m2/repository/org/springframework/spring-context-support/4.3.10.RELEASE/spring-context-support-4.3.10.RELEASE.jar:/Users/shreyachaudhary/.m2/repository/org/slf4j/slf4j-api/1.7.25/slf4j-api-1.7.25.jar:/Users/shreyachaudhary/.m2/repository/org/slf4j/jcl-over-slf4j/1.7.25/jcl-over-slf4j-1.7.25.jar:/Users/shreyachaudhary/.m2/repository/com/squareup/retrofit2/retrofit/2.5.0/retrofit-2.5.0.jar:/Users/shreyachaudhary/.m2/repository/com/squareup/okhttp3/okhttp/3.6.0/okhttp-3.6.0.jar:/Users/shreyachaudhary/.m2/repository/com/squareup/okio/okio/1.11.0/okio-1.11.0.jar:/Users/shreyachaudhary/.m2/repository/io/springfox/springfox-spring-web/2.6.1/springfox-spring-web-2.6.1.jar:/Users/shreyachaudhary/.m2/repository/com/google/guava/guava/18.0/guava-18.0.jar:/Users/shreyachaudhary/.m2/repository/com/fasterxml/classmate/1.3.1/classmate-1.3.1.jar:/Users/shreyachaudhary/.m2/repository/org/springframework/plugin/spring-plugin-core/1.2.0.RELEASE/spring-plugin-core-1.2.0.RELEASE.jar:/Users/shreyachaudhary/.m2/repository/org/springframework/plugin/spring-plugin-metadata/1.2.0.RELEASE/spring-plugin-metadata-1.2.0.RELEASE.jar:/Users/shreyachaudhary/.m2/repository/io/springfox/springfox-spi/2.6.1/springfox-spi-2.6.1.jar:/Users/shreyachaudhary/.m2/repository/io/springfox/springfox-core/2.6.1/springfox-core-2.6.1.jar:/Users/shreyachaudhary/.m2/repository/io/javaslang/javaslang/2.0.6/javaslang-2.0.6.jar:/Users/shreyachaudhary/.m2/repository/io/javaslang/javaslang-match/2.0.6/javaslang-match-2.0.6.jar:/Users/shreyachaudhary/.m2/repository/org/glassfish/jersey/core/jersey-common/2.23.2/jersey-common-2.23.2.jar:/Users/shreyachaudhary/.m2/repository/org/glassfish/jersey/bundles/repackaged/jersey-guava/2.23.2/jersey-guava-2.23.2.jar:/Users/shreyachaudhary/.m2/repository/org/glassfish/hk2/hk2-api/2.5.0-b05/hk2-api-2.5.0-b05.jar:/Users/shreyachaudhary/.m2/repository/org/glassfish/hk2/hk2-utils/2.5.0-b05/hk2-utils-2.5.0-b05.jar:/Users/shreyachaudhary/.m2/repository/org/glassfish/hk2/external/aopalliance-repackaged/2.5.0-b05/aopalliance-repackaged-2.5.0-b05.jar:/Users/shreyachaudhary/.m2/repository/org/glassfish/hk2/external/javax.inject/2.5.0-b05/javax.inject-2.5.0-b05.jar:/Users/shreyachaudhary/.m2/repository/org/glassfish/hk2/hk2-locator/2.5.0-b05/hk2-locator-2.5.0-b05.jar:/Users/shreyachaudhary/.m2/repository/org/glassfish/hk2/osgi-resource-locator/1.0.1/osgi-resource-locator-1.0.1.jar:/Users/shreyachaudhary/.m2/repository/joda-time/joda-time/2.10/joda-time-2.10.jar:/Users/shreyachaudhary/.m2/repository/net/sf/trove4j/core/3.1.0/core-3.1.0.jar:/Users/shreyachaudhary/.m2/repository/org/javamoney/moneta/moneta-core/1.3/moneta-core-1.3.jar:/Users/shreyachaudhary/.m2/repository/javax/money/money-api/1.0.3/money-api-1.0.3.jar:/Users/shreyachaudhary/.m2/repository/io/airlift/slice/0.36/slice-0.36.jar:/Users/shreyachaudhary/.m2/repository/org/openjdk/jol/jol-core/0.2/jol-core-0.2.jar:/Users/shreyachaudhary/.m2/repository/org/eclipse/jetty/jetty-server/9.4.17.v20190418/jetty-server-9.4.17.v20190418.jar:/Users/shreyachaudhary/.m2/repository/org/eclipse/jetty/jetty-http/9.4.17.v20190418/jetty-http-9.4.17.v20190418.jar:/Users/shreyachaudhary/.m2/repository/org/eclipse/jetty/jetty-util/9.4.17.v20190418/jetty-util-9.4.17.v20190418.jar:/Users/shreyachaudhary/.m2/repository/org/eclipse/jetty/jetty-io/9.4.17.v20190418/jetty-io-9.4.17.v20190418.jar:/Users/shreyachaudhary/.m2/repository/org/eclipse/jetty/jetty-webapp/9.4.17.v20190418/jetty-webapp-9.4.17.v20190418.jar:/Users/shreyachaudhary/.m2/repository/org/eclipse/jetty/jetty-xml/9.4.17.v20190418/jetty-xml-9.4.17.v20190418.jar:/Users/shreyachaudhary/.m2/repository/org/eclipse/jetty/jetty-servlet/9.4.17.v20190418/jetty-servlet-9.4.17.v20190418.jar:/Users/shreyachaudhary/.m2/repository/org/eclipse/jetty/jetty-security/9.4.17.v20190418/jetty-security-9.4.17.v20190418.jar:/Users/shreyachaudhary/.m2/repository/junit/junit/4.12/junit-4.12.jar:/Users/shreyachaudhary/.m2/repository/org/hamcrest/hamcrest-core/1.3/hamcrest-core-1.3.jar:/Users/shreyachaudhary/.m2/repository/com/fasterxml/jackson/core/jackson-databind/2.9.9.3/jackson-databind-2.9.9.3.jar:/Users/shreyachaudhary/.m2/repository/com/fasterxml/jackson/core/jackson-annotations/2.9.0/jackson-annotations-2.9.0.jar:/Users/shreyachaudhary/.m2/repository/com/fasterxml/jackson/core/jackson-core/2.9.9/jackson-core-2.9.9.jar:/Users/shreyachaudhary/.m2/repository/com/fasterxml/jackson/module/jackson-module-afterburner/2.9.9/jackson-module-afterburner-2.9.9.jar:/Users/shreyachaudhary/.m2/repository/com/fasterxml/jackson/module/jackson-module-kotlin/2.9.9/jackson-module-kotlin-2.9.9.jar:/Users/shreyachaudhary/.m2/repository/cglib/cglib-nodep/2.2.2/cglib-nodep-2.2.2.jar:/Users/shreyachaudhary/.m2/repository/com/fasterxml/jackson/jaxrs/jackson-jaxrs-json-provider/2.9.9/jackson-jaxrs-json-provider-2.9.9.jar:/Users/shreyachaudhary/.m2/repository/com/fasterxml/jackson/jaxrs/jackson-jaxrs-base/2.9.9/jackson-jaxrs-base-2.9.9.jar:/Users/shreyachaudhary/.m2/repository/com/fasterxml/jackson/module/jackson-module-jaxb-annotations/2.9.9/jackson-module-jaxb-annotations-2.9.9.jar:/Users/shreyachaudhary/.m2/repository/com/googlecode/json-simple/json-simple/1.1.1/json-simple-1.1.1.jar:/Users/shreyachaudhary/.m2/repository/commons-io/commons-io/1.4/commons-io-1.4.jar:/Users/shreyachaudhary/.m2/repository/net/sf/json-lib/json-lib/2.4/json-lib-2.4-jdk15.jar:/Users/shreyachaudhary/.m2/repository/commons-beanutils/commons-beanutils/1.8.0/commons-beanutils-1.8.0.jar:/Users/shreyachaudhary/.m2/repository/commons-collections/commons-collections/3.2.1/commons-collections-3.2.1.jar:/Users/shreyachaudhary/.m2/repository/commons-lang/commons-lang/2.5/commons-lang-2.5.jar:/Users/shreyachaudhary/.m2/repository/commons-logging/commons-logging/1.1.1/commons-logging-1.1.1.jar:/Users/shreyachaudhary/.m2/repository/net/sf/ezmorph/ezmorph/1.0.6/ezmorph-1.0.6.jar:/Users/shreyachaudhary/.m2/repository/com/google/code/gson/gson/2.6.2/gson-2.6.2.jar:/Users/shreyachaudhary/.m2/repository/net/minidev/json-smart/2.2.1/json-smart-2.2.1.jar:/Users/shreyachaudhary/.m2/repository/net/minidev/accessors-smart/1.1/accessors-smart-1.1.jar:/Users/shreyachaudhary/.m2/repository/org/clojure/clojure/1.5.1/clojure-1.5.1.jar:/Users/shreyachaudhary/.m2/repository/org/codehaus/groovy/groovy/2.1.5/groovy-2.1.5.jar:/Users/shreyachaudhary/.m2/repository/antlr/antlr/2.7.7/antlr-2.7.7.jar:/Users/shreyachaudhary/.m2/repository/org/ow2/asm/asm-tree/4.0/asm-tree-4.0.jar:/Users/shreyachaudhary/.m2/repository/org/ow2/asm/asm-commons/4.0/asm-commons-4.0.jar:/Users/shreyachaudhary/.m2/repository/org/ow2/asm/asm/4.0/asm-4.0.jar:/Users/shreyachaudhary/.m2/repository/org/ow2/asm/asm-util/4.0/asm-util-4.0.jar:/Users/shreyachaudhary/.m2/repository/org/ow2/asm/asm-analysis/4.0/asm-analysis-4.0.jar:/Users/shreyachaudhary/.m2/repository/org/springframework/spring-test/4.3.7.RELEASE/spring-test-4.3.7.RELEASE.jar:/Users/shreyachaudhary/.m2/repository/org/javassist/javassist/3.18.0-GA/javassist-3.18.0-GA.jar:/Users/shreyachaudhary/.m2/repository/org/apache/cxf/cxf-rt-rs-client/3.1.2/cxf-rt-rs-client-3.1.2.jar:/Users/shreyachaudhary/.m2/repository/org/springframework/data/spring-data-commons-core/1.4.1.RELEASE/spring-data-commons-core-1.4.1.RELEASE.jar:/Users/shreyachaudhary/.m2/repository/org/glassfish/jersey/containers/jersey-container-servlet/2.23.2/jersey-container-servlet-2.23.2.jar:/Users/shreyachaudhary/.m2/repository/org/glassfish/jersey/containers/jersey-container-servlet-core/2.23.2/jersey-container-servlet-core-2.23.2.jar:/Users/shreyachaudhary/.m2/repository/org/glassfish/jersey/core/jersey-server/2.23.2/jersey-server-2.23.2.jar:/Users/shreyachaudhary/.m2/repository/org/glassfish/jersey/media/jersey-media-jaxb/2.23.2/jersey-media-jaxb-2.23.2.jar:/Users/shreyachaudhary/.m2/repository/javax/validation/validation-api/1.1.0.Final/validation-api-1.1.0.Final.jar:/Users/shreyachaudhary/.m2/repository/org/glassfish/jersey/core/jersey-client/2.23.2/jersey-client-2.23.2.jar:/Users/shreyachaudhary/.m2/repository/org/glassfish/jersey/test-framework/providers/jersey-test-framework-provider-jdk-http/2.23.2/jersey-test-framework-provider-jdk-http-2.23.2.jar:/Users/shreyachaudhary/.m2/repository/org/glassfish/jersey/test-framework/jersey-test-framework-core/2.23.2/jersey-test-framework-core-2.23.2.jar:/Users/shreyachaudhary/.m2/repository/org/glassfish/jersey/containers/jersey-container-jdk-http/2.23.2/jersey-container-jdk-http-2.23.2.jar:/Users/shreyachaudhary/.m2/repository/org/ow2/asm/asm-debug-all/5.0.4/asm-debug-all-5.0.4.jar:/Users/shreyachaudhary/.m2/repository/org/glassfish/jersey/media/jersey-media-json-jackson/2.23.2/jersey-media-json-jackson-2.23.2.jar:/Users/shreyachaudhary/.m2/repository/org/glassfish/jersey/ext/jersey-entity-filtering/2.23.2/jersey-entity-filtering-2.23.2.jar:/Users/shreyachaudhary/.m2/repository/com/jsoniter/jsoniter/0.9.8/jsoniter-0.9.8.jar:/Users/shreyachaudhary/.m2/repository/org/apache/commons/commons-lang3/3.4/commons-lang3-3.4.jar:/Users/shreyachaudhary/.m2/repository/org/hibernate/hibernate-core/5.2.10.Final/hibernate-core-5.2.10.Final.jar:/Users/shreyachaudhary/.m2/repository/org/jboss/logging/jboss-logging/3.3.0.Final/jboss-logging-3.3.0.Final.jar:/Users/shreyachaudhary/.m2/repository/org/hibernate/javax/persistence/hibernate-jpa-2.1-api/1.0.0.Final/hibernate-jpa-2.1-api-1.0.0.Final.jar:/Users/shreyachaudhary/.m2/repository/org/jboss/spec/javax/transaction/jboss-transaction-api_1.2_spec/1.0.1.Final/jboss-transaction-api_1.2_spec-1.0.1.Final.jar:/Users/shreyachaudhary/.m2/repository/org/jboss/jandex/2.0.3.Final/jandex-2.0.3.Final.jar:/Users/shreyachaudhary/.m2/repository/dom4j/dom4j/1.6.1/dom4j-1.6.1.jar:/Users/shreyachaudhary/.m2/repository/org/hibernate/common/hibernate-commons-annotations/5.0.1.Final/hibernate-commons-annotations-5.0.1.Final.jar:/Users/shreyachaudhary/.m2/repository/com/jayway/jsonpath/json-path/2.3.0/json-path-2.3.0.jar:/Users/shreyachaudhary/.m2/repository/org/jetbrains/kotlin/kotlin-stdlib/1.1.51/kotlin-stdlib-1.1.51.jar:/Users/shreyachaudhary/.m2/repository/org/jetbrains/annotations/13.0/annotations-13.0.jar:/Users/shreyachaudhary/.m2/repository/org/jetbrains/kotlin/kotlin-reflect/1.1.51/kotlin-reflect-1.1.51.jar:/Users/shreyachaudhary/.m2/repository/org/springframework/security/spring-security-web/4.2.3.RELEASE/spring-security-web-4.2.3.RELEASE.jar:/Users/shreyachaudhary/.m2/repository/aopalliance/aopalliance/1.0/aopalliance-1.0.jar:/Users/shreyachaudhary/.m2/repository/org/springframework/security/spring-security-core/4.2.3.RELEASE/spring-security-core-4.2.3.RELEASE.jar:/Users/shreyachaudhary/.m2/repository/org/apache/commons/commons-collections4/4.1/commons-collections4-4.1.jar:/Users/shreyachaudhary/.m2/repository/org/mockito/mockito-all/1.10.19/mockito-all-1.10.19.jar:/Users/shreyachaudhary/.m2/repository/org/powermock/powermock-module-junit4/1.6.6/powermock-module-junit4-1.6.6.jar:/Users/shreyachaudhary/.m2/repository/org/powermock/powermock-module-junit4-common/1.6.6/powermock-module-junit4-common-1.6.6.jar:/Users/shreyachaudhary/.m2/repository/org/powermock/powermock-core/1.6.6/powermock-core-1.6.6.jar:/Users/shreyachaudhary/.m2/repository/org/powermock/powermock-reflect/1.6.6/powermock-reflect-1.6.6.jar:/Users/shreyachaudhary/.m2/repository/com/diffblue/deeptestutils/1.1.0/deeptestutils-1.1.0.jar:/Users/shreyachaudhary/.m2/repository/org/objenesis/objenesis/2.5.1/objenesis-2.5.1.jar:/Users/shreyachaudhary/.m2/repository/org/powermock/powermock-api-mockito/1.6.6/powermock-api-mockito-1.6.6.jar:/Users/shreyachaudhary/.m2/repository/org/mockito/mockito-core/1.10.19/mockito-core-1.10.19.jar:/Users/shreyachaudhary/.m2/repository/org/powermock/powermock-api-mockito-common/1.6.6/powermock-api-mockito-common-1.6.6.jar:/Users/shreyachaudhary/.m2/repository/org/powermock/powermock-api-support/1.6.6/powermock-api-support-1.6.6.jar:/Users/shreyachaudhary/.m2/repository/org/projectlombok/lombok/1.18.4/lombok-1.18.4.jar:/Users/shreyachaudhary/.m2/repository/org/openjdk/jmh/jmh-core/1.21/jmh-core-1.21.jar:/Users/shreyachaudhary/.m2/repository/net/sf/jopt-simple/jopt-simple/4.6/jopt-simple-4.6.jar:/Users/shreyachaudhary/.m2/repository/org/apache/commons/commons-math3/3.2/commons-math3-3.2.jar:/Users/shreyachaudhary/.m2/repository/org/openjdk/jmh/jmh-generator-annprocess/1.21/jmh-generator-annprocess-1.21.jar:/Users/shreyachaudhary/.m2/repository/org/springframework/security/oauth/spring-security-oauth2/2.3.5.RELEASE/spring-security-oauth2-2.3.5.RELEASE.jar:/Users/shreyachaudhary/.m2/repository/org/springframework/security/spring-security-config/3.2.10.RELEASE/spring-security-config-3.2.10.RELEASE.jar:/Users/shreyachaudhary/.m2/repository/org/codehaus/jackson/jackson-mapper-asl/1.9.13/jackson-mapper-asl-1.9.13.jar:/Users/shreyachaudhary/.m2/repository/org/codehaus/jackson/jackson-core-asl/1.9.13/jackson-core-asl-1.9.13.jar:/Users/shreyachaudhary/.m2/repository/org/gitlab4j/gitlab4j-api/4.8.42/gitlab4j-api-4.8.42.jar:/Users/shreyachaudhary/.m2/repository/javax/xml/bind/jaxb-api/2.3.0/jaxb-api-2.3.0.jar:/Users/shreyachaudhary/.m2/repository/com/sun/activation/javax.activation/1.2.0/javax.activation-1.2.0.jar:/Users/shreyachaudhary/.m2/repository/org/glassfish/jersey/inject/jersey-hk2/2.27/jersey-hk2-2.27.jar:/Users/shreyachaudhary/.m2/repository/org/glassfish/jersey/connectors/jersey-apache-connector/2.27/jersey-apache-connector-2.27.jar:/Users/shreyachaudhary/.m2/repository/org/apache/httpcomponents/httpclient/4.5/httpclient-4.5.jar:/Users/shreyachaudhary/.m2/repository/org/apache/httpcomponents/httpcore/4.4.1/httpcore-4.4.1.jar:/Users/shreyachaudhary/.m2/repository/commons-codec/commons-codec/1.9/commons-codec-1.9.jar:/Users/shreyachaudhary/.m2/repository/org/glassfish/jersey/media/jersey-media-multipart/2.27/jersey-media-multipart-2.27.jar:/Users/shreyachaudhary/.m2/repository/org/jvnet/mimepull/mimepull/1.9.6/mimepull-1.9.6.jar:/Users/shreyachaudhary/.m2/repository/org/json/json/20180130/json-20180130.jar:/Users/shreyachaudhary/.m2/repository/org/openclover/clover/4.5.2/clover-4.5.2.jar:/var/folders/70/9z8mmtr153x2znr25_zb57mr0000gn/T/grover8299496411463452284.jar:"/>
    <property name="java.vm.vendor" value="Temurin"/>
    <property name="sun.arch.data.model" value="64"/>
    <property name="sun.font.fontmanager" value="sun.font.CFontManager"/>
    <property name="java.vendor.url" value="https://adoptium.net/"/>
    <property name="user.timezone" value="America/Chicago"/>
    <property name="java.vm.specification.version" value="1.8"/>
    <property name="os.name" value="Mac OS X"/>
    <property name="user.country" value="US"/>
    <property name="sun.java.launcher" value="SUN_STANDARD"/>
    <property name="sun.boot.library.path" value="/Library/Java/JavaVirtualMachines/temurin-8.jdk/Contents/Home/jre/lib"/>
    <property name="sun.java.command" value="/Users/shreyachaudhary/Desktop/cs527/CS527-Project/BugSwarm/fastjson-587105906/Patched-Version/target/surefire/surefirebooter-20240409161919787_3.jar /Users/shreyachaudhary/Desktop/cs527/CS527-Project/BugSwarm/fastjson-587105906/Patched-Version/target/surefire 2024-04-09T16-19-16_614-jvmRun1 surefire-20240409161919787_1tmp surefire_0-20240409161919787_2tmp"/>
    <property name="http.nonProxyHosts" value="local|*.local|169.254/16|*.169.254/16"/>
    <property name="surefire.test.class.path" value="/Users/shreyachaudhary/Desktop/cs527/CS527-Project/BugSwarm/fastjson-587105906/Patched-Version/target/test-classes:/Users/shreyachaudhary/Desktop/cs527/CS527-Project/BugSwarm/fastjson-587105906/Patched-Version/target/classes:/Users/shreyachaudhary/.m2/repository/javax/servlet/javax.servlet-api/3.1.0/javax.servlet-api-3.1.0.jar:/Users/shreyachaudhary/.m2/repository/javax/ws/rs/javax.ws.rs-api/2.0.1/javax.ws.rs-api-2.0.1.jar:/Users/shreyachaudhary/.m2/repository/org/apache/cxf/cxf-rt-transports-http/3.1.2/cxf-rt-transports-http-3.1.2.jar:/Users/shreyachaudhary/.m2/repository/org/apache/cxf/cxf-core/3.1.2/cxf-core-3.1.2.jar:/Users/shreyachaudhary/.m2/repository/org/codehaus/woodstox/woodstox-core-asl/4.4.1/woodstox-core-asl-4.4.1.jar:/Users/shreyachaudhary/.m2/repository/org/codehaus/woodstox/stax2-api/3.1.4/stax2-api-3.1.4.jar:/Users/shreyachaudhary/.m2/repository/org/apache/ws/xmlschema/xmlschema-core/2.2.1/xmlschema-core-2.2.1.jar:/Users/shreyachaudhary/Desktop/cs527/CS527-Project/BugSwarm/fastjson-587105906/Patched-Version/../../evosuite-standalone-runtime-1.2.0.jar:/Users/shreyachaudhary/.m2/repository/org/apache/cxf/cxf-rt-frontend-jaxrs/3.1.2/cxf-rt-frontend-jaxrs-3.1.2.jar:/Users/shreyachaudhary/.m2/repository/javax/annotation/javax.annotation-api/1.2/javax.annotation-api-1.2.jar:/Users/shreyachaudhary/.m2/repository/org/springframework/spring-websocket/4.3.7.RELEASE/spring-websocket-4.3.7.RELEASE.jar:/Users/shreyachaudhary/.m2/repository/org/springframework/spring-context/4.3.7.RELEASE/spring-context-4.3.7.RELEASE.jar:/Users/shreyachaudhary/.m2/repository/org/springframework/spring-core/4.3.7.RELEASE/spring-core-4.3.7.RELEASE.jar:/Users/shreyachaudhary/.m2/repository/org/springframework/spring-web/4.3.7.RELEASE/spring-web-4.3.7.RELEASE.jar:/Users/shreyachaudhary/.m2/repository/org/springframework/spring-webmvc/4.3.7.RELEASE/spring-webmvc-4.3.7.RELEASE.jar:/Users/shreyachaudhary/.m2/repository/org/springframework/spring-aop/4.3.7.RELEASE/spring-aop-4.3.7.RELEASE.jar:/Users/shreyachaudhary/.m2/repository/org/springframework/spring-beans/4.3.7.RELEASE/spring-beans-4.3.7.RELEASE.jar:/Users/shreyachaudhary/.m2/repository/org/springframework/spring-expression/4.3.7.RELEASE/spring-expression-4.3.7.RELEASE.jar:/Users/shreyachaudhary/.m2/repository/org/springframework/spring-messaging/4.3.7.RELEASE/spring-messaging-4.3.7.RELEASE.jar:/Users/shreyachaudhary/.m2/repository/org/springframework/data/spring-data-redis/1.8.6.RELEASE/spring-data-redis-1.8.6.RELEASE.jar:/Users/shreyachaudhary/.m2/repository/org/springframework/data/spring-data-keyvalue/1.2.6.RELEASE/spring-data-keyvalue-1.2.6.RELEASE.jar:/Users/shreyachaudhary/.m2/repository/org/springframework/data/spring-data-commons/1.13.6.RELEASE/spring-data-commons-1.13.6.RELEASE.jar:/Users/shreyachaudhary/.m2/repository/org/springframework/spring-tx/4.3.10.RELEASE/spring-tx-4.3.10.RELEASE.jar:/Users/shreyachaudhary/.m2/repository/org/springframework/spring-oxm/4.3.10.RELEASE/spring-oxm-4.3.10.RELEASE.jar:/Users/shreyachaudhary/.m2/repository/org/springframework/spring-context-support/4.3.10.RELEASE/spring-context-support-4.3.10.RELEASE.jar:/Users/shreyachaudhary/.m2/repository/org/slf4j/slf4j-api/1.7.25/slf4j-api-1.7.25.jar:/Users/shreyachaudhary/.m2/repository/org/slf4j/jcl-over-slf4j/1.7.25/jcl-over-slf4j-1.7.25.jar:/Users/shreyachaudhary/.m2/repository/com/squareup/retrofit2/retrofit/2.5.0/retrofit-2.5.0.jar:/Users/shreyachaudhary/.m2/repository/com/squareup/okhttp3/okhttp/3.6.0/okhttp-3.6.0.jar:/Users/shreyachaudhary/.m2/repository/com/squareup/okio/okio/1.11.0/okio-1.11.0.jar:/Users/shreyachaudhary/.m2/repository/io/springfox/springfox-spring-web/2.6.1/springfox-spring-web-2.6.1.jar:/Users/shreyachaudhary/.m2/repository/com/google/guava/guava/18.0/guava-18.0.jar:/Users/shreyachaudhary/.m2/repository/com/fasterxml/classmate/1.3.1/classmate-1.3.1.jar:/Users/shreyachaudhary/.m2/repository/org/springframework/plugin/spring-plugin-core/1.2.0.RELEASE/spring-plugin-core-1.2.0.RELEASE.jar:/Users/shreyachaudhary/.m2/repository/org/springframework/plugin/spring-plugin-metadata/1.2.0.RELEASE/spring-plugin-metadata-1.2.0.RELEASE.jar:/Users/shreyachaudhary/.m2/repository/io/springfox/springfox-spi/2.6.1/springfox-spi-2.6.1.jar:/Users/shreyachaudhary/.m2/repository/io/springfox/springfox-core/2.6.1/springfox-core-2.6.1.jar:/Users/shreyachaudhary/.m2/repository/io/javaslang/javaslang/2.0.6/javaslang-2.0.6.jar:/Users/shreyachaudhary/.m2/repository/io/javaslang/javaslang-match/2.0.6/javaslang-match-2.0.6.jar:/Users/shreyachaudhary/.m2/repository/org/glassfish/jersey/core/jersey-common/2.23.2/jersey-common-2.23.2.jar:/Users/shreyachaudhary/.m2/repository/org/glassfish/jersey/bundles/repackaged/jersey-guava/2.23.2/jersey-guava-2.23.2.jar:/Users/shreyachaudhary/.m2/repository/org/glassfish/hk2/hk2-api/2.5.0-b05/hk2-api-2.5.0-b05.jar:/Users/shreyachaudhary/.m2/repository/org/glassfish/hk2/hk2-utils/2.5.0-b05/hk2-utils-2.5.0-b05.jar:/Users/shreyachaudhary/.m2/repository/org/glassfish/hk2/external/aopalliance-repackaged/2.5.0-b05/aopalliance-repackaged-2.5.0-b05.jar:/Users/shreyachaudhary/.m2/repository/org/glassfish/hk2/external/javax.inject/2.5.0-b05/javax.inject-2.5.0-b05.jar:/Users/shreyachaudhary/.m2/repository/org/glassfish/hk2/hk2-locator/2.5.0-b05/hk2-locator-2.5.0-b05.jar:/Users/shreyachaudhary/.m2/repository/org/glassfish/hk2/osgi-resource-locator/1.0.1/osgi-resource-locator-1.0.1.jar:/Users/shreyachaudhary/.m2/repository/joda-time/joda-time/2.10/joda-time-2.10.jar:/Users/shreyachaudhary/.m2/repository/net/sf/trove4j/core/3.1.0/core-3.1.0.jar:/Users/shreyachaudhary/.m2/repository/org/javamoney/moneta/moneta-core/1.3/moneta-core-1.3.jar:/Users/shreyachaudhary/.m2/repository/javax/money/money-api/1.0.3/money-api-1.0.3.jar:/Users/shreyachaudhary/.m2/repository/io/airlift/slice/0.36/slice-0.36.jar:/Users/shreyachaudhary/.m2/repository/org/openjdk/jol/jol-core/0.2/jol-core-0.2.jar:/Users/shreyachaudhary/.m2/repository/org/eclipse/jetty/jetty-server/9.4.17.v20190418/jetty-server-9.4.17.v20190418.jar:/Users/shreyachaudhary/.m2/repository/org/eclipse/jetty/jetty-http/9.4.17.v20190418/jetty-http-9.4.17.v20190418.jar:/Users/shreyachaudhary/.m2/repository/org/eclipse/jetty/jetty-util/9.4.17.v20190418/jetty-util-9.4.17.v20190418.jar:/Users/shreyachaudhary/.m2/repository/org/eclipse/jetty/jetty-io/9.4.17.v20190418/jetty-io-9.4.17.v20190418.jar:/Users/shreyachaudhary/.m2/repository/org/eclipse/jetty/jetty-webapp/9.4.17.v20190418/jetty-webapp-9.4.17.v20190418.jar:/Users/shreyachaudhary/.m2/repository/org/eclipse/jetty/jetty-xml/9.4.17.v20190418/jetty-xml-9.4.17.v20190418.jar:/Users/shreyachaudhary/.m2/repository/org/eclipse/jetty/jetty-servlet/9.4.17.v20190418/jetty-servlet-9.4.17.v20190418.jar:/Users/shreyachaudhary/.m2/repository/org/eclipse/jetty/jetty-security/9.4.17.v20190418/jetty-security-9.4.17.v20190418.jar:/Users/shreyachaudhary/.m2/repository/junit/junit/4.12/junit-4.12.jar:/Users/shreyachaudhary/.m2/repository/org/hamcrest/hamcrest-core/1.3/hamcrest-core-1.3.jar:/Users/shreyachaudhary/.m2/repository/com/fasterxml/jackson/core/jackson-databind/2.9.9.3/jackson-databind-2.9.9.3.jar:/Users/shreyachaudhary/.m2/repository/com/fasterxml/jackson/core/jackson-annotations/2.9.0/jackson-annotations-2.9.0.jar:/Users/shreyachaudhary/.m2/repository/com/fasterxml/jackson/core/jackson-core/2.9.9/jackson-core-2.9.9.jar:/Users/shreyachaudhary/.m2/repository/com/fasterxml/jackson/module/jackson-module-afterburner/2.9.9/jackson-module-afterburner-2.9.9.jar:/Users/shreyachaudhary/.m2/repository/com/fasterxml/jackson/module/jackson-module-kotlin/2.9.9/jackson-module-kotlin-2.9.9.jar:/Users/shreyachaudhary/.m2/repository/cglib/cglib-nodep/2.2.2/cglib-nodep-2.2.2.jar:/Users/shreyachaudhary/.m2/repository/com/fasterxml/jackson/jaxrs/jackson-jaxrs-json-provider/2.9.9/jackson-jaxrs-json-provider-2.9.9.jar:/Users/shreyachaudhary/.m2/repository/com/fasterxml/jackson/jaxrs/jackson-jaxrs-base/2.9.9/jackson-jaxrs-base-2.9.9.jar:/Users/shreyachaudhary/.m2/repository/com/fasterxml/jackson/module/jackson-module-jaxb-annotations/2.9.9/jackson-module-jaxb-annotations-2.9.9.jar:/Users/shreyachaudhary/.m2/repository/com/googlecode/json-simple/json-simple/1.1.1/json-simple-1.1.1.jar:/Users/shreyachaudhary/.m2/repository/commons-io/commons-io/1.4/commons-io-1.4.jar:/Users/shreyachaudhary/.m2/repository/net/sf/json-lib/json-lib/2.4/json-lib-2.4-jdk15.jar:/Users/shreyachaudhary/.m2/repository/commons-beanutils/commons-beanutils/1.8.0/commons-beanutils-1.8.0.jar:/Users/shreyachaudhary/.m2/repository/commons-collections/commons-collections/3.2.1/commons-collections-3.2.1.jar:/Users/shreyachaudhary/.m2/repository/commons-lang/commons-lang/2.5/commons-lang-2.5.jar:/Users/shreyachaudhary/.m2/repository/commons-logging/commons-logging/1.1.1/commons-logging-1.1.1.jar:/Users/shreyachaudhary/.m2/repository/net/sf/ezmorph/ezmorph/1.0.6/ezmorph-1.0.6.jar:/Users/shreyachaudhary/.m2/repository/com/google/code/gson/gson/2.6.2/gson-2.6.2.jar:/Users/shreyachaudhary/.m2/repository/net/minidev/json-smart/2.2.1/json-smart-2.2.1.jar:/Users/shreyachaudhary/.m2/repository/net/minidev/accessors-smart/1.1/accessors-smart-1.1.jar:/Users/shreyachaudhary/.m2/repository/org/clojure/clojure/1.5.1/clojure-1.5.1.jar:/Users/shreyachaudhary/.m2/repository/org/codehaus/groovy/groovy/2.1.5/groovy-2.1.5.jar:/Users/shreyachaudhary/.m2/repository/antlr/antlr/2.7.7/antlr-2.7.7.jar:/Users/shreyachaudhary/.m2/repository/org/ow2/asm/asm-tree/4.0/asm-tree-4.0.jar:/Users/shreyachaudhary/.m2/repository/org/ow2/asm/asm-commons/4.0/asm-commons-4.0.jar:/Users/shreyachaudhary/.m2/repository/org/ow2/asm/asm/4.0/asm-4.0.jar:/Users/shreyachaudhary/.m2/repository/org/ow2/asm/asm-util/4.0/asm-util-4.0.jar:/Users/shreyachaudhary/.m2/repository/org/ow2/asm/asm-analysis/4.0/asm-analysis-4.0.jar:/Users/shreyachaudhary/.m2/repository/org/springframework/spring-test/4.3.7.RELEASE/spring-test-4.3.7.RELEASE.jar:/Users/shreyachaudhary/.m2/repository/org/javassist/javassist/3.18.0-GA/javassist-3.18.0-GA.jar:/Users/shreyachaudhary/.m2/repository/org/apache/cxf/cxf-rt-rs-client/3.1.2/cxf-rt-rs-client-3.1.2.jar:/Users/shreyachaudhary/.m2/repository/org/springframework/data/spring-data-commons-core/1.4.1.RELEASE/spring-data-commons-core-1.4.1.RELEASE.jar:/Users/shreyachaudhary/.m2/repository/org/glassfish/jersey/containers/jersey-container-servlet/2.23.2/jersey-container-servlet-2.23.2.jar:/Users/shreyachaudhary/.m2/repository/org/glassfish/jersey/containers/jersey-container-servlet-core/2.23.2/jersey-container-servlet-core-2.23.2.jar:/Users/shreyachaudhary/.m2/repository/org/glassfish/jersey/core/jersey-server/2.23.2/jersey-server-2.23.2.jar:/Users/shreyachaudhary/.m2/repository/org/glassfish/jersey/media/jersey-media-jaxb/2.23.2/jersey-media-jaxb-2.23.2.jar:/Users/shreyachaudhary/.m2/repository/javax/validation/validation-api/1.1.0.Final/validation-api-1.1.0.Final.jar:/Users/shreyachaudhary/.m2/repository/org/glassfish/jersey/core/jersey-client/2.23.2/jersey-client-2.23.2.jar:/Users/shreyachaudhary/.m2/repository/org/glassfish/jersey/test-framework/providers/jersey-test-framework-provider-jdk-http/2.23.2/jersey-test-framework-provider-jdk-http-2.23.2.jar:/Users/shreyachaudhary/.m2/repository/org/glassfish/jersey/test-framework/jersey-test-framework-core/2.23.2/jersey-test-framework-core-2.23.2.jar:/Users/shreyachaudhary/.m2/repository/org/glassfish/jersey/containers/jersey-container-jdk-http/2.23.2/jersey-container-jdk-http-2.23.2.jar:/Users/shreyachaudhary/.m2/repository/org/ow2/asm/asm-debug-all/5.0.4/asm-debug-all-5.0.4.jar:/Users/shreyachaudhary/.m2/repository/org/glassfish/jersey/media/jersey-media-json-jackson/2.23.2/jersey-media-json-jackson-2.23.2.jar:/Users/shreyachaudhary/.m2/repository/org/glassfish/jersey/ext/jersey-entity-filtering/2.23.2/jersey-entity-filtering-2.23.2.jar:/Users/shreyachaudhary/.m2/repository/com/jsoniter/jsoniter/0.9.8/jsoniter-0.9.8.jar:/Users/shreyachaudhary/.m2/repository/org/apache/commons/commons-lang3/3.4/commons-lang3-3.4.jar:/Users/shreyachaudhary/.m2/repository/org/hibernate/hibernate-core/5.2.10.Final/hibernate-core-5.2.10.Final.jar:/Users/shreyachaudhary/.m2/repository/org/jboss/logging/jboss-logging/3.3.0.Final/jboss-logging-3.3.0.Final.jar:/Users/shreyachaudhary/.m2/repository/org/hibernate/javax/persistence/hibernate-jpa-2.1-api/1.0.0.Final/hibernate-jpa-2.1-api-1.0.0.Final.jar:/Users/shreyachaudhary/.m2/repository/org/jboss/spec/javax/transaction/jboss-transaction-api_1.2_spec/1.0.1.Final/jboss-transaction-api_1.2_spec-1.0.1.Final.jar:/Users/shreyachaudhary/.m2/repository/org/jboss/jandex/2.0.3.Final/jandex-2.0.3.Final.jar:/Users/shreyachaudhary/.m2/repository/dom4j/dom4j/1.6.1/dom4j-1.6.1.jar:/Users/shreyachaudhary/.m2/repository/org/hibernate/common/hibernate-commons-annotations/5.0.1.Final/hibernate-commons-annotations-5.0.1.Final.jar:/Users/shreyachaudhary/.m2/repository/com/jayway/jsonpath/json-path/2.3.0/json-path-2.3.0.jar:/Users/shreyachaudhary/.m2/repository/org/jetbrains/kotlin/kotlin-stdlib/1.1.51/kotlin-stdlib-1.1.51.jar:/Users/shreyachaudhary/.m2/repository/org/jetbrains/annotations/13.0/annotations-13.0.jar:/Users/shreyachaudhary/.m2/repository/org/jetbrains/kotlin/kotlin-reflect/1.1.51/kotlin-reflect-1.1.51.jar:/Users/shreyachaudhary/.m2/repository/org/springframework/security/spring-security-web/4.2.3.RELEASE/spring-security-web-4.2.3.RELEASE.jar:/Users/shreyachaudhary/.m2/repository/aopalliance/aopalliance/1.0/aopalliance-1.0.jar:/Users/shreyachaudhary/.m2/repository/org/springframework/security/spring-security-core/4.2.3.RELEASE/spring-security-core-4.2.3.RELEASE.jar:/Users/shreyachaudhary/.m2/repository/org/apache/commons/commons-collections4/4.1/commons-collections4-4.1.jar:/Users/shreyachaudhary/.m2/repository/org/mockito/mockito-all/1.10.19/mockito-all-1.10.19.jar:/Users/shreyachaudhary/.m2/repository/org/powermock/powermock-module-junit4/1.6.6/powermock-module-junit4-1.6.6.jar:/Users/shreyachaudhary/.m2/repository/org/powermock/powermock-module-junit4-common/1.6.6/powermock-module-junit4-common-1.6.6.jar:/Users/shreyachaudhary/.m2/repository/org/powermock/powermock-core/1.6.6/powermock-core-1.6.6.jar:/Users/shreyachaudhary/.m2/repository/org/powermock/powermock-reflect/1.6.6/powermock-reflect-1.6.6.jar:/Users/shreyachaudhary/.m2/repository/com/diffblue/deeptestutils/1.1.0/deeptestutils-1.1.0.jar:/Users/shreyachaudhary/.m2/repository/org/objenesis/objenesis/2.5.1/objenesis-2.5.1.jar:/Users/shreyachaudhary/.m2/repository/org/powermock/powermock-api-mockito/1.6.6/powermock-api-mockito-1.6.6.jar:/Users/shreyachaudhary/.m2/repository/org/mockito/mockito-core/1.10.19/mockito-core-1.10.19.jar:/Users/shreyachaudhary/.m2/repository/org/powermock/powermock-api-mockito-common/1.6.6/powermock-api-mockito-common-1.6.6.jar:/Users/shreyachaudhary/.m2/repository/org/powermock/powermock-api-support/1.6.6/powermock-api-support-1.6.6.jar:/Users/shreyachaudhary/.m2/repository/org/projectlombok/lombok/1.18.4/lombok-1.18.4.jar:/Users/shreyachaudhary/.m2/repository/org/openjdk/jmh/jmh-core/1.21/jmh-core-1.21.jar:/Users/shreyachaudhary/.m2/repository/net/sf/jopt-simple/jopt-simple/4.6/jopt-simple-4.6.jar:/Users/shreyachaudhary/.m2/repository/org/apache/commons/commons-math3/3.2/commons-math3-3.2.jar:/Users/shreyachaudhary/.m2/repository/org/openjdk/jmh/jmh-generator-annprocess/1.21/jmh-generator-annprocess-1.21.jar:/Users/shreyachaudhary/.m2/repository/org/springframework/security/oauth/spring-security-oauth2/2.3.5.RELEASE/spring-security-oauth2-2.3.5.RELEASE.jar:/Users/shreyachaudhary/.m2/repository/org/springframework/security/spring-security-config/3.2.10.RELEASE/spring-security-config-3.2.10.RELEASE.jar:/Users/shreyachaudhary/.m2/repository/org/codehaus/jackson/jackson-mapper-asl/1.9.13/jackson-mapper-asl-1.9.13.jar:/Users/shreyachaudhary/.m2/repository/org/codehaus/jackson/jackson-core-asl/1.9.13/jackson-core-asl-1.9.13.jar:/Users/shreyachaudhary/.m2/repository/org/gitlab4j/gitlab4j-api/4.8.42/gitlab4j-api-4.8.42.jar:/Users/shreyachaudhary/.m2/repository/javax/xml/bind/jaxb-api/2.3.0/jaxb-api-2.3.0.jar:/Users/shreyachaudhary/.m2/repository/com/sun/activation/javax.activation/1.2.0/javax.activation-1.2.0.jar:/Users/shreyachaudhary/.m2/repository/org/glassfish/jersey/inject/jersey-hk2/2.27/jersey-hk2-2.27.jar:/Users/shreyachaudhary/.m2/repository/org/glassfish/jersey/connectors/jersey-apache-connector/2.27/jersey-apache-connector-2.27.jar:/Users/shreyachaudhary/.m2/repository/org/apache/httpcomponents/httpclient/4.5/httpclient-4.5.jar:/Users/shreyachaudhary/.m2/repository/org/apache/httpcomponents/httpcore/4.4.1/httpcore-4.4.1.jar:/Users/shreyachaudhary/.m2/repository/commons-codec/commons-codec/1.9/commons-codec-1.9.jar:/Users/shreyachaudhary/.m2/repository/org/glassfish/jersey/media/jersey-media-multipart/2.27/jersey-media-multipart-2.27.jar:/Users/shreyachaudhary/.m2/repository/org/jvnet/mimepull/mimepull/1.9.6/mimepull-1.9.6.jar:/Users/shreyachaudhary/.m2/repository/org/json/json/20180130/json-20180130.jar:/Users/shreyachaudhary/.m2/repository/org/openclover/clover/4.5.2/clover-4.5.2.jar:/var/folders/70/9z8mmtr153x2znr25_zb57mr0000gn/T/grover8299496411463452284.jar:"/>
    <property name="sun.cpu.endian" value="little"/>
    <property name="user.home" value="/Users/shreyachaudhary"/>
    <property name="user.language" value="en"/>
    <property name="java.specification.vendor" value="Oracle Corporation"/>
    <property name="java.home" value="/Library/Java/JavaVirtualMachines/temurin-8.jdk/Contents/Home/jre"/>
    <property name="basedir" value="/Users/shreyachaudhary/Desktop/cs527/CS527-Project/BugSwarm/fastjson-587105906/Patched-Version"/>
    <property name="file.separator" value="/"/>
    <property name="line.separator" value="&#10;"/>
    <property name="java.vm.specification.vendor" value="Oracle Corporation"/>
    <property name="java.specification.name" value="Java Platform API Specification"/>
    <property name="java.awt.graphicsenv" value="sun.awt.CGraphicsEnvironment"/>
    <property name="surefire.real.class.path" value="/Users/shreyachaudhary/Desktop/cs527/CS527-Project/BugSwarm/fastjson-587105906/Patched-Version/target/surefire/surefirebooter-20240409161919787_3.jar"/>
    <property name="sun.boot.class.path" value="/Library/Java/JavaVirtualMachines/temurin-8.jdk/Contents/Home/jre/lib/resources.jar:/Library/Java/JavaVirtualMachines/temurin-8.jdk/Contents/Home/jre/lib/rt.jar:/Library/Java/JavaVirtualMachines/temurin-8.jdk/Contents/Home/jre/lib/sunrsasign.jar:/Library/Java/JavaVirtualMachines/temurin-8.jdk/Contents/Home/jre/lib/jsse.jar:/Library/Java/JavaVirtualMachines/temurin-8.jdk/Contents/Home/jre/lib/jce.jar:/Library/Java/JavaVirtualMachines/temurin-8.jdk/Contents/Home/jre/lib/charsets.jar:/Library/Java/JavaVirtualMachines/temurin-8.jdk/Contents/Home/jre/lib/jfr.jar:/Library/Java/JavaVirtualMachines/temurin-8.jdk/Contents/Home/jre/classes"/>
    <property name="sun.management.compiler" value="HotSpot 64-Bit Tiered Compilers"/>
    <property name="ftp.nonProxyHosts" value="local|*.local|169.254/16|*.169.254/16"/>
    <property name="java.runtime.version" value="1.8.0_402-b06"/>
    <property name="user.name" value="shreyachaudhary"/>
    <property name="path.separator" value=":"/>
    <property name="os.version" value="14.4.1"/>
    <property name="java.endorsed.dirs" value="/Library/Java/JavaVirtualMachines/temurin-8.jdk/Contents/Home/jre/lib/endorsed"/>
    <property name="java.runtime.name" value="OpenJDK Runtime Environment"/>
    <property name="file.encoding" value="UTF-8"/>
    <property name="java.vm.name" value="OpenJDK 64-Bit Server VM"/>
    <property name="localRepository" value="/Users/shreyachaudhary/.m2/repository"/>
    <property name="java.vendor.url.bug" value="https://github.com/adoptium/adoptium-support/issues"/>
    <property name="java.io.tmpdir" value="/var/folders/70/9z8mmtr153x2znr25_zb57mr0000gn/T/"/>
    <property name="java.version" value="1.8.0_402"/>
    <property name="user.dir" value="/Users/shreyachaudhary/Desktop/cs527/CS527-Project/BugSwarm/fastjson-587105906/Patched-Version"/>
    <property name="os.arch" value="x86_64"/>
    <property name="java.vm.specification.name" value="Java Virtual Machine Specification"/>
    <property name="java.awt.printerjob" value="sun.lwawt.macosx.CPrinterJob"/>
    <property name="sun.os.patch.level" value="unknown"/>
    <property name="java.library.path" value="/Users/shreyachaudhary/Library/Java/Extensions:/Library/Java/Extensions:/Network/Library/Java/Extensions:/System/Library/Java/Extensions:/usr/lib/java:."/>
    <property name="java.vm.info" value="mixed mode"/>
    <property name="java.vendor" value="Temurin"/>
    <property name="java.vm.version" value="25.402-b06"/>
    <property name="java.specification.maintenance.version" value="5"/>
    <property name="java.ext.dirs" value="/Users/shreyachaudhary/Library/Java/Extensions:/Library/Java/JavaVirtualMachines/temurin-8.jdk/Contents/Home/jre/lib/ext:/Library/Java/Extensions:/Network/Library/Java/Extensions:/System/Library/Java/Extensions:/usr/lib/java"/>
    <property name="sun.io.unicode.encoding" value="UnicodeBig"/>
    <property name="java.class.version" value="52.0"/>
    <property name="maven.test.failure.ignore" value="true"/>
    <property name="socksNonProxyHosts" value="local|*.local|169.254/16|*.169.254/16"/>
  </properties>
  <testcase name="test_for_issue" classname="com.alibaba.json.bvt.bug.Issue215_double_array" time="0.003">
    <system-out><![CDATA[{"val":[0.0547498297723249,0.8473595796349143,0.0717732849443471,0.4120495890473944,0.6992193014801005,0.0503084227043884,0.17466055522353852,0.017430111330671627,0.521326987102622,0.8793551991800276,0.8992802011703337,0.2186094205143112,0.6794247648029953,0.4194013163577487,0.9458954882315916,0.29328273748023437,0.06667420958629489,0.25552485435465044,0.3898202031326736,0.4799717757688978,0.551763170793428,0.9202365694486562,0.0561555837372657,0.5894561126346439,0.8813778972501736,0.9193080536958582,0.7896355208780131,0.07961906656302353,0.581497483018708,0.6187957391853272,0.8106504108946073,0.7967409136941158,0.9416474201425151,0.21826625268752808,0.7987158354659947,0.3567811533106138,0.5695695280714115,0.8838625714552937,0.9510969260519757,0.3169487604262522,0.06333608027013049,0.8697324504296764,0.02699512864545983,0.8708672363278422,0.06375579199113057,0.11747357591223817,0.30664900461514244,0.7898991896363005,0.3219898402368472,0.3906331654369908,0.46989648822988483,0.7287030765528127,0.4456168552171451,0.47493165388273095,0.6301905550357093,0.8148522418177897,0.670955049083742,0.35476401967000715,0.14775654763863866,0.6503545299103403,0.350271385510711,0.5626639951578059,0.389523850550599,0.46716828706173175,0.8395765932719627,0.09080022323231673,0.30366045203440417,0.19931872593944389,0.1260262229585557,0.35220540385495125,0.5329840176690873,0.6609759607686458,0.8435176362533464,0.6843230323750599,0.8042185750379371,0.8528642697299355,0.29089349884801985,0.798588351371839,0.4990109668558401,0.6586298135898561,0.6892321585028192,0.39714377871589546,0.6378167352672715,0.8383015966200367,0.19302640448182085,0.9014211177830443,0.9892103973104204,0.27773873240683233,0.10462151361184446,0.8672063411480289,0.6548704735808718,0.9109646277334129,0.332104514469974,0.19693499932611291,0.27443443858541183,0.5965462822896073,0.37790647308722947,0.7023495465877762,0.9446150732166174,0.499685340095294,0.048700168808139654,0.9192822488020338,0.05341376210929849,0.20844457013542628,0.6367457146842359,0.331210721213536,0.4929626213135976,0.8955420343276214,0.5386570045444447,0.31936543596383116,0.13347225434747145,0.326402385047889,0.14963220456655846,0.22455152816736013,0.01595699679647755,0.4096628913111501,0.39951191037605005,0.8794801256863303,0.4528553768623431,0.2880894769280604,0.48159864418896026,0.8502874102295397,0.11335834387973787,0.6758659509917325,0.16599186005596134,0.4120515833425549,0.21420349127045635,0.2624774973698135]}
]]></system-out>
  </testcase>
</testsuite>