<?xml version="1.0" encoding="UTF-8"?>
<testsuite xmlns:xsi="http://www.w3.org/2001/XMLSchema-instance" xsi:schemaLocation="https://maven.apache.org/surefire/maven-surefire-plugin/xsd/surefire-test-report.xsd" name="net.bytebuddy.implementation.FieldAccessorTest" time="0.068" tests="90" errors="0" skipped="0" failures="0">
  <properties>
    <property name="java.runtime.name" value="OpenJDK Runtime Environment"/>
    <property name="sun.boot.library.path" value="/Library/Java/JavaVirtualMachines/temurin-8.jdk/Contents/Home/jre/lib"/>
    <property name="java.vm.version" value="25.402-b06"/>
    <property name="gopherProxySet" value="false"/>
    <property name="java.vm.vendor" value="Temurin"/>
    <property name="maven.multiModuleProjectDirectory" value="/Users/shreyachaudhary/Desktop/extra/CS527-Project/Bugs/BugSwarm/extras/byte-buddy-140517155/Buggy-version"/>
    <property name="java.vendor.url" value="https://adoptium.net/"/>
    <property name="path.separator" value=":"/>
    <property name="guice.disable.misplaced.annotation.check" value="true"/>
    <property name="java.vm.name" value="OpenJDK 64-Bit Server VM"/>
    <property name="file.encoding.pkg" value="sun.io"/>
    <property name="user.country" value="US"/>
    <property name="sun.java.launcher" value="SUN_STANDARD"/>
    <property name="sun.os.patch.level" value="unknown"/>
    <property name="java.vm.specification.name" value="Java Virtual Machine Specification"/>
    <property name="user.dir" value="/Users/shreyachaudhary/Desktop/extra/CS527-Project/Bugs/BugSwarm/extras/byte-buddy-140517155/Buggy-version"/>
    <property name="java.runtime.version" value="1.8.0_402-b06"/>
    <property name="java.awt.graphicsenv" value="sun.awt.CGraphicsEnvironment"/>
    <property name="java.endorsed.dirs" value="/Library/Java/JavaVirtualMachines/temurin-8.jdk/Contents/Home/jre/lib/endorsed"/>
    <property name="os.arch" value="x86_64"/>
    <property name="java.io.tmpdir" value="/var/folders/70/9z8mmtr153x2znr25_zb57mr0000gn/T/"/>
    <property name="line.separator" value="&#10;"/>
    <property name="java.vm.specification.vendor" value="Oracle Corporation"/>
    <property name="os.name" value="Mac OS X"/>
    <property name="classworlds.conf" value="/opt/homebrew/Cellar/maven/3.9.6/libexec/bin/m2.conf"/>
    <property name="sun.jnu.encoding" value="UTF-8"/>
    <property name="java.library.path" value="/Users/shreyachaudhary/Library/Java/Extensions:/Library/Java/Extensions:/Network/Library/Java/Extensions:/System/Library/Java/Extensions:/usr/lib/java:."/>
    <property name="maven.conf" value="/opt/homebrew/Cellar/maven/3.9.6/libexec/conf"/>
    <property name="java.specification.name" value="Java Platform API Specification"/>
    <property name="java.class.version" value="52.0"/>
    <property name="sun.management.compiler" value="HotSpot 64-Bit Tiered Compilers"/>
    <property name="os.version" value="14.4.1"/>
    <property name="library.jansi.path" value="/opt/homebrew/Cellar/maven/3.9.6/libexec/lib/jansi-native"/>
    <property name="http.nonProxyHosts" value="local|*.local|169.254/16|*.169.254/16"/>
    <property name="user.home" value="/Users/shreyachaudhary"/>
    <property name="user.timezone" value="America/Chicago"/>
    <property name="java.awt.printerjob" value="sun.lwawt.macosx.CPrinterJob"/>
    <property name="java.specification.version" value="1.8"/>
    <property name="file.encoding" value="UTF-8"/>
    <property name="user.name" value="shreyachaudhary"/>
    <property name="java.class.path" value="/opt/homebrew/Cellar/maven/3.9.6/libexec/boot/plexus-classworlds-2.7.0.jar"/>
    <property name="java.vm.specification.version" value="1.8"/>
    <property name="sun.arch.data.model" value="64"/>
    <property name="java.home" value="/Library/Java/JavaVirtualMachines/temurin-8.jdk/Contents/Home/jre"/>
    <property name="sun.java.command" value="org.codehaus.plexus.classworlds.launcher.Launcher test"/>
    <property name="java.specification.vendor" value="Oracle Corporation"/>
    <property name="user.language" value="en"/>
    <property name="awt.toolkit" value="sun.lwawt.macosx.LWCToolkit"/>
    <property name="java.vm.info" value="mixed mode"/>
    <property name="java.version" value="1.8.0_402"/>
    <property name="java.ext.dirs" value="/Users/shreyachaudhary/Library/Java/Extensions:/Library/Java/JavaVirtualMachines/temurin-8.jdk/Contents/Home/jre/lib/ext:/Library/Java/Extensions:/Network/Library/Java/Extensions:/System/Library/Java/Extensions:/usr/lib/java"/>
    <property name="sun.boot.class.path" value="/Library/Java/JavaVirtualMachines/temurin-8.jdk/Contents/Home/jre/lib/resources.jar:/Library/Java/JavaVirtualMachines/temurin-8.jdk/Contents/Home/jre/lib/rt.jar:/Library/Java/JavaVirtualMachines/temurin-8.jdk/Contents/Home/jre/lib/sunrsasign.jar:/Library/Java/JavaVirtualMachines/temurin-8.jdk/Contents/Home/jre/lib/jsse.jar:/Library/Java/JavaVirtualMachines/temurin-8.jdk/Contents/Home/jre/lib/jce.jar:/Library/Java/JavaVirtualMachines/temurin-8.jdk/Contents/Home/jre/lib/charsets.jar:/Library/Java/JavaVirtualMachines/temurin-8.jdk/Contents/Home/jre/lib/jfr.jar:/Library/Java/JavaVirtualMachines/temurin-8.jdk/Contents/Home/jre/classes"/>
    <property name="java.vendor" value="Temurin"/>
    <property name="java.specification.maintenance.version" value="5"/>
    <property name="maven.home" value="/opt/homebrew/Cellar/maven/3.9.6/libexec"/>
    <property name="file.separator" value="/"/>
    <property name="java.vendor.url.bug" value="https://github.com/adoptium/adoptium-support/issues"/>
    <property name="sun.cpu.endian" value="little"/>
    <property name="sun.io.unicode.encoding" value="UnicodeBig"/>
    <property name="socksNonProxyHosts" value="local|*.local|169.254/16|*.169.254/16"/>
    <property name="ftp.nonProxyHosts" value="local|*.local|169.254/16|*.169.254/16"/>
    <property name="sun.cpu.isalist" value=""/>
  </properties>
  <testcase name="testStaticSetterBeanProperty[0]" classname="net.bytebuddy.implementation.FieldAccessorTest" time="0.004"/>
  <testcase name="testInstanceSetterBeanProperty[0]" classname="net.bytebuddy.implementation.FieldAccessorTest" time="0.001"/>
  <testcase name="testStaticGetterExplicit[0]" classname="net.bytebuddy.implementation.FieldAccessorTest" time="0.001"/>
  <testcase name="testInstanceSetterExplicit[0]" classname="net.bytebuddy.implementation.FieldAccessorTest" time="0"/>
  <testcase name="testInstanceGetterExplicit[0]" classname="net.bytebuddy.implementation.FieldAccessorTest" time="0.001"/>
  <testcase name="testDefineFieldGetter[0]" classname="net.bytebuddy.implementation.FieldAccessorTest" time="0.001"/>
  <testcase name="testStaticGetterBeanProperty[0]" classname="net.bytebuddy.implementation.FieldAccessorTest" time="0.001"/>
  <testcase name="testInstanceGetterBeanProperty[0]" classname="net.bytebuddy.implementation.FieldAccessorTest" time="0"/>
  <testcase name="testDefineFieldSetter[0]" classname="net.bytebuddy.implementation.FieldAccessorTest" time="0.001"/>
  <testcase name="testStaticSetterExplicit[0]" classname="net.bytebuddy.implementation.FieldAccessorTest" time="0"/>
  <testcase name="testStaticSetterBeanProperty[1]" classname="net.bytebuddy.implementation.FieldAccessorTest" time="0.001"/>
  <testcase name="testInstanceSetterBeanProperty[1]" classname="net.bytebuddy.implementation.FieldAccessorTest" time="0.001"/>
  <testcase name="testStaticGetterExplicit[1]" classname="net.bytebuddy.implementation.FieldAccessorTest" time="0"/>
  <testcase name="testInstanceSetterExplicit[1]" classname="net.bytebuddy.implementation.FieldAccessorTest" time="0.001"/>
  <testcase name="testInstanceGetterExplicit[1]" classname="net.bytebuddy.implementation.FieldAccessorTest" time="0"/>
  <testcase name="testDefineFieldGetter[1]" classname="net.bytebuddy.implementation.FieldAccessorTest" time="0.001"/>
  <testcase name="testStaticGetterBeanProperty[1]" classname="net.bytebuddy.implementation.FieldAccessorTest" time="0"/>
  <testcase name="testInstanceGetterBeanProperty[1]" classname="net.bytebuddy.implementation.FieldAccessorTest" time="0.001"/>
  <testcase name="testDefineFieldSetter[1]" classname="net.bytebuddy.implementation.FieldAccessorTest" time="0.001"/>
  <testcase name="testStaticSetterExplicit[1]" classname="net.bytebuddy.implementation.FieldAccessorTest" time="0.001"/>
  <testcase name="testStaticSetterBeanProperty[2]" classname="net.bytebuddy.implementation.FieldAccessorTest" time="0"/>
  <testcase name="testInstanceSetterBeanProperty[2]" classname="net.bytebuddy.implementation.FieldAccessorTest" time="0.001"/>
  <testcase name="testStaticGetterExplicit[2]" classname="net.bytebuddy.implementation.FieldAccessorTest" time="0"/>
  <testcase name="testInstanceSetterExplicit[2]" classname="net.bytebuddy.implementation.FieldAccessorTest" time="0.001"/>
  <testcase name="testInstanceGetterExplicit[2]" classname="net.bytebuddy.implementation.FieldAccessorTest" time="0"/>
  <testcase name="testDefineFieldGetter[2]" classname="net.bytebuddy.implementation.FieldAccessorTest" time="0.001"/>
  <testcase name="testStaticGetterBeanProperty[2]" classname="net.bytebuddy.implementation.FieldAccessorTest" time="0.001"/>
  <testcase name="testInstanceGetterBeanProperty[2]" classname="net.bytebuddy.implementation.FieldAccessorTest" time="0"/>
  <testcase name="testDefineFieldSetter[2]" classname="net.bytebuddy.implementation.FieldAccessorTest" time="0.001"/>
  <testcase name="testStaticSetterExplicit[2]" classname="net.bytebuddy.implementation.FieldAccessorTest" time="0"/>
  <testcase name="testStaticSetterBeanProperty[3]" classname="net.bytebuddy.implementation.FieldAccessorTest" time="0.001"/>
  <testcase name="testInstanceSetterBeanProperty[3]" classname="net.bytebuddy.implementation.FieldAccessorTest" time="0.001"/>
  <testcase name="testStaticGetterExplicit[3]" classname="net.bytebuddy.implementation.FieldAccessorTest" time="0"/>
  <testcase name="testInstanceSetterExplicit[3]" classname="net.bytebuddy.implementation.FieldAccessorTest" time="0.001"/>
  <testcase name="testInstanceGetterExplicit[3]" classname="net.bytebuddy.implementation.FieldAccessorTest" time="0"/>
  <testcase name="testDefineFieldGetter[3]" classname="net.bytebuddy.implementation.FieldAccessorTest" time="0.001"/>
  <testcase name="testStaticGetterBeanProperty[3]" classname="net.bytebuddy.implementation.FieldAccessorTest" time="0"/>
  <testcase name="testInstanceGetterBeanProperty[3]" classname="net.bytebuddy.implementation.FieldAccessorTest" time="0"/>
  <testcase name="testDefineFieldSetter[3]" classname="net.bytebuddy.implementation.FieldAccessorTest" time="0.001"/>
  <testcase name="testStaticSetterExplicit[3]" classname="net.bytebuddy.implementation.FieldAccessorTest" time="0"/>
  <testcase name="testStaticSetterBeanProperty[4]" classname="net.bytebuddy.implementation.FieldAccessorTest" time="0.001"/>
  <testcase name="testInstanceSetterBeanProperty[4]" classname="net.bytebuddy.implementation.FieldAccessorTest" time="0.001"/>
  <testcase name="testStaticGetterExplicit[4]" classname="net.bytebuddy.implementation.FieldAccessorTest" time="0.001"/>
  <testcase name="testInstanceSetterExplicit[4]" classname="net.bytebuddy.implementation.FieldAccessorTest" time="0.001"/>
  <testcase name="testInstanceGetterExplicit[4]" classname="net.bytebuddy.implementation.FieldAccessorTest" time="0.001"/>
  <testcase name="testDefineFieldGetter[4]" classname="net.bytebuddy.implementation.FieldAccessorTest" time="0"/>
  <testcase name="testStaticGetterBeanProperty[4]" classname="net.bytebuddy.implementation.FieldAccessorTest" time="0.001"/>
  <testcase name="testInstanceGetterBeanProperty[4]" classname="net.bytebuddy.implementation.FieldAccessorTest" time="0"/>
  <testcase name="testDefineFieldSetter[4]" classname="net.bytebuddy.implementation.FieldAccessorTest" time="0.002"/>
  <testcase name="testStaticSetterExplicit[4]" classname="net.bytebuddy.implementation.FieldAccessorTest" time="0"/>
  <testcase name="testStaticSetterBeanProperty[5]" classname="net.bytebuddy.implementation.FieldAccessorTest" time="0.001"/>
  <testcase name="testInstanceSetterBeanProperty[5]" classname="net.bytebuddy.implementation.FieldAccessorTest" time="0.001"/>
  <testcase name="testStaticGetterExplicit[5]" classname="net.bytebuddy.implementation.FieldAccessorTest" time="0.002"/>
  <testcase name="testInstanceSetterExplicit[5]" classname="net.bytebuddy.implementation.FieldAccessorTest" time="0.001"/>
  <testcase name="testInstanceGetterExplicit[5]" classname="net.bytebuddy.implementation.FieldAccessorTest" time="0.001"/>
  <testcase name="testDefineFieldGetter[5]" classname="net.bytebuddy.implementation.FieldAccessorTest" time="0"/>
  <testcase name="testStaticGetterBeanProperty[5]" classname="net.bytebuddy.implementation.FieldAccessorTest" time="0.001"/>
  <testcase name="testInstanceGetterBeanProperty[5]" classname="net.bytebuddy.implementation.FieldAccessorTest" time="0.001"/>
  <testcase name="testDefineFieldSetter[5]" classname="net.bytebuddy.implementation.FieldAccessorTest" time="0.001"/>
  <testcase name="testStaticSetterExplicit[5]" classname="net.bytebuddy.implementation.FieldAccessorTest" time="0.003"/>
  <testcase name="testStaticSetterBeanProperty[6]" classname="net.bytebuddy.implementation.FieldAccessorTest" time="0.001"/>
  <testcase name="testInstanceSetterBeanProperty[6]" classname="net.bytebuddy.implementation.FieldAccessorTest" time="0"/>
  <testcase name="testStaticGetterExplicit[6]" classname="net.bytebuddy.implementation.FieldAccessorTest" time="0.001"/>
  <testcase name="testInstanceSetterExplicit[6]" classname="net.bytebuddy.implementation.FieldAccessorTest" time="0.001"/>
  <testcase name="testInstanceGetterExplicit[6]" classname="net.bytebuddy.implementation.FieldAccessorTest" time="0"/>
  <testcase name="testDefineFieldGetter[6]" classname="net.bytebuddy.implementation.FieldAccessorTest" time="0"/>
  <testcase name="testStaticGetterBeanProperty[6]" classname="net.bytebuddy.implementation.FieldAccessorTest" time="0.001"/>
  <testcase name="testInstanceGetterBeanProperty[6]" classname="net.bytebuddy.implementation.FieldAccessorTest" time="0.001"/>
  <testcase name="testDefineFieldSetter[6]" classname="net.bytebuddy.implementation.FieldAccessorTest" time="0"/>
  <testcase name="testStaticSetterExplicit[6]" classname="net.bytebuddy.implementation.FieldAccessorTest" time="0.001"/>
  <testcase name="testStaticSetterBeanProperty[7]" classname="net.bytebuddy.implementation.FieldAccessorTest" time="0.001"/>
  <testcase name="testInstanceSetterBeanProperty[7]" classname="net.bytebuddy.implementation.FieldAccessorTest" time="0.002"/>
  <testcase name="testStaticGetterExplicit[7]" classname="net.bytebuddy.implementation.FieldAccessorTest" time="0.002"/>
  <testcase name="testInstanceSetterExplicit[7]" classname="net.bytebuddy.implementation.FieldAccessorTest" time="0"/>
  <testcase name="testInstanceGetterExplicit[7]" classname="net.bytebuddy.implementation.FieldAccessorTest" time="0.001"/>
  <testcase name="testDefineFieldGetter[7]" classname="net.bytebuddy.implementation.FieldAccessorTest" time="0"/>
  <testcase name="testStaticGetterBeanProperty[7]" classname="net.bytebuddy.implementation.FieldAccessorTest" time="0.001"/>
  <testcase name="testInstanceGetterBeanProperty[7]" classname="net.bytebuddy.implementation.FieldAccessorTest" time="0"/>
  <testcase name="testDefineFieldSetter[7]" classname="net.bytebuddy.implementation.FieldAccessorTest" time="0.002"/>
  <testcase name="testStaticSetterExplicit[7]" classname="net.bytebuddy.implementation.FieldAccessorTest" time="0.001"/>
  <testcase name="testStaticSetterBeanProperty[8]" classname="net.bytebuddy.implementation.FieldAccessorTest" time="0"/>
  <testcase name="testInstanceSetterBeanProperty[8]" classname="net.bytebuddy.implementation.FieldAccessorTest" time="0.001"/>
  <testcase name="testStaticGetterExplicit[8]" classname="net.bytebuddy.implementation.FieldAccessorTest" time="0"/>
  <testcase name="testInstanceSetterExplicit[8]" classname="net.bytebuddy.implementation.FieldAccessorTest" time="0.001"/>
  <testcase name="testInstanceGetterExplicit[8]" classname="net.bytebuddy.implementation.FieldAccessorTest" time="0"/>
  <testcase name="testDefineFieldGetter[8]" classname="net.bytebuddy.implementation.FieldAccessorTest" time="0"/>
  <testcase name="testStaticGetterBeanProperty[8]" classname="net.bytebuddy.implementation.FieldAccessorTest" time="0.001"/>
  <testcase name="testInstanceGetterBeanProperty[8]" classname="net.bytebuddy.implementation.FieldAccessorTest" time="0"/>
  <testcase name="testDefineFieldSetter[8]" classname="net.bytebuddy.implementation.FieldAccessorTest" time="0.001"/>
  <testcase name="testStaticSetterExplicit[8]" classname="net.bytebuddy.implementation.FieldAccessorTest" time="0"/>
</testsuite>