<?xml version="1.0" encoding="UTF-8"?>
<testsuite xmlns:xsi="http://www.w3.org/2001/XMLSchema-instance" xsi:schemaLocation="https://maven.apache.org/surefire/maven-surefire-plugin/xsd/surefire-test-report.xsd" name="net.bytebuddy.agent.builder.AgentBuilderDefaultApplicationTest" time="40.463" tests="116" errors="0" skipped="0" failures="0">
  <properties>
    <property name="java.runtime.name" value="OpenJDK Runtime Environment"/>
    <property name="sun.boot.library.path" value="/Library/Java/JavaVirtualMachines/temurin-8.jdk/Contents/Home/jre/lib"/>
    <property name="java.vm.version" value="25.402-b06"/>
    <property name="gopherProxySet" value="false"/>
    <property name="java.vm.vendor" value="Temurin"/>
    <property name="maven.multiModuleProjectDirectory" value="/Users/shreyachaudhary/Desktop/extra/CS527-Project/Bugs/BugSwarm/extras/byte-buddy-140517155/Buggy-version"/>
    <property name="java.vendor.url" value="https://adoptium.net/"/>
    <property name="path.separator" value=":"/>
    <property name="guice.disable.misplaced.annotation.check" value="true"/>
    <property name="java.vm.name" value="OpenJDK 64-Bit Server VM"/>
    <property name="file.encoding.pkg" value="sun.io"/>
    <property name="user.country" value="US"/>
    <property name="sun.java.launcher" value="SUN_STANDARD"/>
    <property name="sun.os.patch.level" value="unknown"/>
    <property name="java.vm.specification.name" value="Java Virtual Machine Specification"/>
    <property name="user.dir" value="/Users/shreyachaudhary/Desktop/extra/CS527-Project/Bugs/BugSwarm/extras/byte-buddy-140517155/Buggy-version"/>
    <property name="java.runtime.version" value="1.8.0_402-b06"/>
    <property name="java.awt.graphicsenv" value="sun.awt.CGraphicsEnvironment"/>
    <property name="java.endorsed.dirs" value="/Library/Java/JavaVirtualMachines/temurin-8.jdk/Contents/Home/jre/lib/endorsed"/>
    <property name="os.arch" value="x86_64"/>
    <property name="java.io.tmpdir" value="/var/folders/70/9z8mmtr153x2znr25_zb57mr0000gn/T/"/>
    <property name="line.separator" value="&#10;"/>
    <property name="java.vm.specification.vendor" value="Oracle Corporation"/>
    <property name="os.name" value="Mac OS X"/>
    <property name="classworlds.conf" value="/opt/homebrew/Cellar/maven/3.9.6/libexec/bin/m2.conf"/>
    <property name="sun.jnu.encoding" value="UTF-8"/>
    <property name="java.library.path" value="/Users/shreyachaudhary/Library/Java/Extensions:/Library/Java/Extensions:/Network/Library/Java/Extensions:/System/Library/Java/Extensions:/usr/lib/java:."/>
    <property name="maven.conf" value="/opt/homebrew/Cellar/maven/3.9.6/libexec/conf"/>
    <property name="java.specification.name" value="Java Platform API Specification"/>
    <property name="java.class.version" value="52.0"/>
    <property name="sun.management.compiler" value="HotSpot 64-Bit Tiered Compilers"/>
    <property name="os.version" value="14.4.1"/>
    <property name="library.jansi.path" value="/opt/homebrew/Cellar/maven/3.9.6/libexec/lib/jansi-native"/>
    <property name="http.nonProxyHosts" value="local|*.local|169.254/16|*.169.254/16"/>
    <property name="user.home" value="/Users/shreyachaudhary"/>
    <property name="user.timezone" value="America/Chicago"/>
    <property name="java.awt.printerjob" value="sun.lwawt.macosx.CPrinterJob"/>
    <property name="java.specification.version" value="1.8"/>
    <property name="file.encoding" value="UTF-8"/>
    <property name="user.name" value="shreyachaudhary"/>
    <property name="java.class.path" value="/opt/homebrew/Cellar/maven/3.9.6/libexec/boot/plexus-classworlds-2.7.0.jar"/>
    <property name="java.vm.specification.version" value="1.8"/>
    <property name="sun.arch.data.model" value="64"/>
    <property name="java.home" value="/Library/Java/JavaVirtualMachines/temurin-8.jdk/Contents/Home/jre"/>
    <property name="sun.java.command" value="org.codehaus.plexus.classworlds.launcher.Launcher test"/>
    <property name="java.specification.vendor" value="Oracle Corporation"/>
    <property name="user.language" value="en"/>
    <property name="awt.toolkit" value="sun.lwawt.macosx.LWCToolkit"/>
    <property name="java.vm.info" value="mixed mode"/>
    <property name="java.version" value="1.8.0_402"/>
    <property name="java.ext.dirs" value="/Users/shreyachaudhary/Library/Java/Extensions:/Library/Java/JavaVirtualMachines/temurin-8.jdk/Contents/Home/jre/lib/ext:/Library/Java/Extensions:/Network/Library/Java/Extensions:/System/Library/Java/Extensions:/usr/lib/java"/>
    <property name="sun.boot.class.path" value="/Library/Java/JavaVirtualMachines/temurin-8.jdk/Contents/Home/jre/lib/resources.jar:/Library/Java/JavaVirtualMachines/temurin-8.jdk/Contents/Home/jre/lib/rt.jar:/Library/Java/JavaVirtualMachines/temurin-8.jdk/Contents/Home/jre/lib/sunrsasign.jar:/Library/Java/JavaVirtualMachines/temurin-8.jdk/Contents/Home/jre/lib/jsse.jar:/Library/Java/JavaVirtualMachines/temurin-8.jdk/Contents/Home/jre/lib/jce.jar:/Library/Java/JavaVirtualMachines/temurin-8.jdk/Contents/Home/jre/lib/charsets.jar:/Library/Java/JavaVirtualMachines/temurin-8.jdk/Contents/Home/jre/lib/jfr.jar:/Library/Java/JavaVirtualMachines/temurin-8.jdk/Contents/Home/jre/classes"/>
    <property name="java.vendor" value="Temurin"/>
    <property name="java.specification.maintenance.version" value="5"/>
    <property name="maven.home" value="/opt/homebrew/Cellar/maven/3.9.6/libexec"/>
    <property name="file.separator" value="/"/>
    <property name="java.vendor.url.bug" value="https://github.com/adoptium/adoptium-support/issues"/>
    <property name="sun.cpu.endian" value="little"/>
    <property name="sun.io.unicode.encoding" value="UnicodeBig"/>
    <property name="socksNonProxyHosts" value="local|*.local|169.254/16|*.169.254/16"/>
    <property name="ftp.nonProxyHosts" value="local|*.local|169.254/16|*.169.254/16"/>
    <property name="sun.cpu.isalist" value=""/>
  </properties>
  <testcase name="testLambdaFactoryIsReset[0]" classname="net.bytebuddy.agent.builder.AgentBuilderDefaultApplicationTest" time="0.172"/>
  <testcase name="testChunkedRedefinition[0]" classname="net.bytebuddy.agent.builder.AgentBuilderDefaultApplicationTest" time="0.37"/>
  <testcase name="testChunkedEmptyRetransformation[0]" classname="net.bytebuddy.agent.builder.AgentBuilderDefaultApplicationTest" time="0.054"/>
  <testcase name="testDecoration[0]" classname="net.bytebuddy.agent.builder.AgentBuilderDefaultApplicationTest" time="0.288"/>
  <testcase name="testNonCapturingLambdaWithArguments[0]" classname="net.bytebuddy.agent.builder.AgentBuilderDefaultApplicationTest" time="0.587"/>
  <testcase name="testAgentSelfInitialization[0]" classname="net.bytebuddy.agent.builder.AgentBuilderDefaultApplicationTest" time="0.302"/>
  <testcase name="testEmptyRedefinition[0]" classname="net.bytebuddy.agent.builder.AgentBuilderDefaultApplicationTest" time="0.007"/>
  <testcase name="testAgentSelfInitializationAuxiliaryTypeLazy[0]" classname="net.bytebuddy.agent.builder.AgentBuilderDefaultApplicationTest" time="0.082"/>
  <testcase name="testNonCapturingLambdaIsConstant[0]" classname="net.bytebuddy.agent.builder.AgentBuilderDefaultApplicationTest" time="0.499"/>
  <testcase name="testDecorationBlocked[0]" classname="net.bytebuddy.agent.builder.AgentBuilderDefaultApplicationTest" time="0.286"/>
  <testcase name="testRetransformationWithPoolOnly[0]" classname="net.bytebuddy.agent.builder.AgentBuilderDefaultApplicationTest" time="0.148"/>
  <testcase name="testSerializableLambda[0]" classname="net.bytebuddy.agent.builder.AgentBuilderDefaultApplicationTest" time="0.654"/>
  <testcase name="testSignatureTypesAreAvailableAfterLoad[0]" classname="net.bytebuddy.agent.builder.AgentBuilderDefaultApplicationTest" time="0.308"/>
  <testcase name="testChunkedRetransformation[0]" classname="net.bytebuddy.agent.builder.AgentBuilderDefaultApplicationTest" time="0.107"/>
  <testcase name="testArgumentCapturingLambda[0]" classname="net.bytebuddy.agent.builder.AgentBuilderDefaultApplicationTest" time="0.745"/>
  <testcase name="testNonCapturingLambda[0]" classname="net.bytebuddy.agent.builder.AgentBuilderDefaultApplicationTest" time="0.686"/>
  <testcase name="testAgentWithoutSelfInitialization[0]" classname="net.bytebuddy.agent.builder.AgentBuilderDefaultApplicationTest" time="0.26"/>
  <testcase name="testEmptyRetransformation[0]" classname="net.bytebuddy.agent.builder.AgentBuilderDefaultApplicationTest" time="0.009"/>
  <testcase name="testRedefinition[0]" classname="net.bytebuddy.agent.builder.AgentBuilderDefaultApplicationTest" time="0.11"/>
  <testcase name="testArgumentCapturingLambdaIsNotConstant[0]" classname="net.bytebuddy.agent.builder.AgentBuilderDefaultApplicationTest" time="0.694"/>
  <testcase name="testCapturingLambdaWithArguments[0]" classname="net.bytebuddy.agent.builder.AgentBuilderDefaultApplicationTest" time="0.73"/>
  <testcase name="testChainedAgent[0]" classname="net.bytebuddy.agent.builder.AgentBuilderDefaultApplicationTest" time="0.419"/>
  <testcase name="testRetransformation[0]" classname="net.bytebuddy.agent.builder.AgentBuilderDefaultApplicationTest" time="0.09"/>
  <testcase name="testDecorationFallThrough[0]" classname="net.bytebuddy.agent.builder.AgentBuilderDefaultApplicationTest" time="0.293"/>
  <testcase name="testEmptyChunkedRedefinition[0]" classname="net.bytebuddy.agent.builder.AgentBuilderDefaultApplicationTest" time="0.006"/>
  <testcase name="testAgentWithoutSelfInitializationWithNativeMethodPrefix[0]" classname="net.bytebuddy.agent.builder.AgentBuilderDefaultApplicationTest" time="0.055"/>
  <testcase name="testRedefinitionWithPoolOnly[0]" classname="net.bytebuddy.agent.builder.AgentBuilderDefaultApplicationTest" time="0.096"/>
  <testcase name="testInstanceCapturingLambda[0]" classname="net.bytebuddy.agent.builder.AgentBuilderDefaultApplicationTest" time="0.698"/>
  <testcase name="testAgentSelfInitializationAuxiliaryTypeEager[0]" classname="net.bytebuddy.agent.builder.AgentBuilderDefaultApplicationTest" time="0.386"/>
  <testcase name="testLambdaFactoryIsReset[1]" classname="net.bytebuddy.agent.builder.AgentBuilderDefaultApplicationTest" time="0.181"/>
  <testcase name="testChunkedRedefinition[1]" classname="net.bytebuddy.agent.builder.AgentBuilderDefaultApplicationTest" time="0.273"/>
  <testcase name="testChunkedEmptyRetransformation[1]" classname="net.bytebuddy.agent.builder.AgentBuilderDefaultApplicationTest" time="0.044"/>
  <testcase name="testDecoration[1]" classname="net.bytebuddy.agent.builder.AgentBuilderDefaultApplicationTest" time="0.256"/>
  <testcase name="testNonCapturingLambdaWithArguments[1]" classname="net.bytebuddy.agent.builder.AgentBuilderDefaultApplicationTest" time="0.521"/>
  <testcase name="testAgentSelfInitialization[1]" classname="net.bytebuddy.agent.builder.AgentBuilderDefaultApplicationTest" time="0.323"/>
  <testcase name="testEmptyRedefinition[1]" classname="net.bytebuddy.agent.builder.AgentBuilderDefaultApplicationTest" time="0.007"/>
  <testcase name="testAgentSelfInitializationAuxiliaryTypeLazy[1]" classname="net.bytebuddy.agent.builder.AgentBuilderDefaultApplicationTest" time="0.091"/>
  <testcase name="testNonCapturingLambdaIsConstant[1]" classname="net.bytebuddy.agent.builder.AgentBuilderDefaultApplicationTest" time="0.485"/>
  <testcase name="testDecorationBlocked[1]" classname="net.bytebuddy.agent.builder.AgentBuilderDefaultApplicationTest" time="0.295"/>
  <testcase name="testRetransformationWithPoolOnly[1]" classname="net.bytebuddy.agent.builder.AgentBuilderDefaultApplicationTest" time="0.127"/>
  <testcase name="testSerializableLambda[1]" classname="net.bytebuddy.agent.builder.AgentBuilderDefaultApplicationTest" time="0.604"/>
  <testcase name="testSignatureTypesAreAvailableAfterLoad[1]" classname="net.bytebuddy.agent.builder.AgentBuilderDefaultApplicationTest" time="0.304"/>
  <testcase name="testChunkedRetransformation[1]" classname="net.bytebuddy.agent.builder.AgentBuilderDefaultApplicationTest" time="0.11"/>
  <testcase name="testArgumentCapturingLambda[1]" classname="net.bytebuddy.agent.builder.AgentBuilderDefaultApplicationTest" time="0.698"/>
  <testcase name="testNonCapturingLambda[1]" classname="net.bytebuddy.agent.builder.AgentBuilderDefaultApplicationTest" time="0.71"/>
  <testcase name="testAgentWithoutSelfInitialization[1]" classname="net.bytebuddy.agent.builder.AgentBuilderDefaultApplicationTest" time="0.265"/>
  <testcase name="testEmptyRetransformation[1]" classname="net.bytebuddy.agent.builder.AgentBuilderDefaultApplicationTest" time="0.009"/>
  <testcase name="testRedefinition[1]" classname="net.bytebuddy.agent.builder.AgentBuilderDefaultApplicationTest" time="0.12"/>
  <testcase name="testArgumentCapturingLambdaIsNotConstant[1]" classname="net.bytebuddy.agent.builder.AgentBuilderDefaultApplicationTest" time="0.712"/>
  <testcase name="testCapturingLambdaWithArguments[1]" classname="net.bytebuddy.agent.builder.AgentBuilderDefaultApplicationTest" time="0.758"/>
  <testcase name="testChainedAgent[1]" classname="net.bytebuddy.agent.builder.AgentBuilderDefaultApplicationTest" time="0.41"/>
  <testcase name="testRetransformation[1]" classname="net.bytebuddy.agent.builder.AgentBuilderDefaultApplicationTest" time="0.091"/>
  <testcase name="testDecorationFallThrough[1]" classname="net.bytebuddy.agent.builder.AgentBuilderDefaultApplicationTest" time="0.301"/>
  <testcase name="testEmptyChunkedRedefinition[1]" classname="net.bytebuddy.agent.builder.AgentBuilderDefaultApplicationTest" time="0.008"/>
  <testcase name="testAgentWithoutSelfInitializationWithNativeMethodPrefix[1]" classname="net.bytebuddy.agent.builder.AgentBuilderDefaultApplicationTest" time="0.061"/>
  <testcase name="testRedefinitionWithPoolOnly[1]" classname="net.bytebuddy.agent.builder.AgentBuilderDefaultApplicationTest" time="0.094"/>
  <testcase name="testInstanceCapturingLambda[1]" classname="net.bytebuddy.agent.builder.AgentBuilderDefaultApplicationTest" time="0.757"/>
  <testcase name="testAgentSelfInitializationAuxiliaryTypeEager[1]" classname="net.bytebuddy.agent.builder.AgentBuilderDefaultApplicationTest" time="0.376"/>
  <testcase name="testLambdaFactoryIsReset[2]" classname="net.bytebuddy.agent.builder.AgentBuilderDefaultApplicationTest" time="0.186"/>
  <testcase name="testChunkedRedefinition[2]" classname="net.bytebuddy.agent.builder.AgentBuilderDefaultApplicationTest" time="0.28"/>
  <testcase name="testChunkedEmptyRetransformation[2]" classname="net.bytebuddy.agent.builder.AgentBuilderDefaultApplicationTest" time="0.043"/>
  <testcase name="testDecoration[2]" classname="net.bytebuddy.agent.builder.AgentBuilderDefaultApplicationTest" time="0.261"/>
  <testcase name="testNonCapturingLambdaWithArguments[2]" classname="net.bytebuddy.agent.builder.AgentBuilderDefaultApplicationTest" time="0.545"/>
  <testcase name="testAgentSelfInitialization[2]" classname="net.bytebuddy.agent.builder.AgentBuilderDefaultApplicationTest" time="0.316"/>
  <testcase name="testEmptyRedefinition[2]" classname="net.bytebuddy.agent.builder.AgentBuilderDefaultApplicationTest" time="0.008"/>
  <testcase name="testAgentSelfInitializationAuxiliaryTypeLazy[2]" classname="net.bytebuddy.agent.builder.AgentBuilderDefaultApplicationTest" time="0.111"/>
  <testcase name="testNonCapturingLambdaIsConstant[2]" classname="net.bytebuddy.agent.builder.AgentBuilderDefaultApplicationTest" time="0.536"/>
  <testcase name="testDecorationBlocked[2]" classname="net.bytebuddy.agent.builder.AgentBuilderDefaultApplicationTest" time="0.294"/>
  <testcase name="testRetransformationWithPoolOnly[2]" classname="net.bytebuddy.agent.builder.AgentBuilderDefaultApplicationTest" time="0.124"/>
  <testcase name="testSerializableLambda[2]" classname="net.bytebuddy.agent.builder.AgentBuilderDefaultApplicationTest" time="0.618"/>
  <testcase name="testSignatureTypesAreAvailableAfterLoad[2]" classname="net.bytebuddy.agent.builder.AgentBuilderDefaultApplicationTest" time="0.32"/>
  <testcase name="testChunkedRetransformation[2]" classname="net.bytebuddy.agent.builder.AgentBuilderDefaultApplicationTest" time="0.11"/>
  <testcase name="testArgumentCapturingLambda[2]" classname="net.bytebuddy.agent.builder.AgentBuilderDefaultApplicationTest" time="0.722"/>
  <testcase name="testNonCapturingLambda[2]" classname="net.bytebuddy.agent.builder.AgentBuilderDefaultApplicationTest" time="0.695"/>
  <testcase name="testAgentWithoutSelfInitialization[2]" classname="net.bytebuddy.agent.builder.AgentBuilderDefaultApplicationTest" time="0.3"/>
  <testcase name="testEmptyRetransformation[2]" classname="net.bytebuddy.agent.builder.AgentBuilderDefaultApplicationTest" time="0.007"/>
  <testcase name="testRedefinition[2]" classname="net.bytebuddy.agent.builder.AgentBuilderDefaultApplicationTest" time="0.112"/>
  <testcase name="testArgumentCapturingLambdaIsNotConstant[2]" classname="net.bytebuddy.agent.builder.AgentBuilderDefaultApplicationTest" time="0.729"/>
  <testcase name="testCapturingLambdaWithArguments[2]" classname="net.bytebuddy.agent.builder.AgentBuilderDefaultApplicationTest" time="0.756"/>
  <testcase name="testChainedAgent[2]" classname="net.bytebuddy.agent.builder.AgentBuilderDefaultApplicationTest" time="0.42"/>
  <testcase name="testRetransformation[2]" classname="net.bytebuddy.agent.builder.AgentBuilderDefaultApplicationTest" time="0.091"/>
  <testcase name="testDecorationFallThrough[2]" classname="net.bytebuddy.agent.builder.AgentBuilderDefaultApplicationTest" time="0.312"/>
  <testcase name="testEmptyChunkedRedefinition[2]" classname="net.bytebuddy.agent.builder.AgentBuilderDefaultApplicationTest" time="0.007"/>
  <testcase name="testAgentWithoutSelfInitializationWithNativeMethodPrefix[2]" classname="net.bytebuddy.agent.builder.AgentBuilderDefaultApplicationTest" time="0.057"/>
  <testcase name="testRedefinitionWithPoolOnly[2]" classname="net.bytebuddy.agent.builder.AgentBuilderDefaultApplicationTest" time="0.099"/>
  <testcase name="testInstanceCapturingLambda[2]" classname="net.bytebuddy.agent.builder.AgentBuilderDefaultApplicationTest" time="0.756"/>
  <testcase name="testAgentSelfInitializationAuxiliaryTypeEager[2]" classname="net.bytebuddy.agent.builder.AgentBuilderDefaultApplicationTest" time="0.398"/>
  <testcase name="testLambdaFactoryIsReset[3]" classname="net.bytebuddy.agent.builder.AgentBuilderDefaultApplicationTest" time="0.188"/>
  <testcase name="testChunkedRedefinition[3]" classname="net.bytebuddy.agent.builder.AgentBuilderDefaultApplicationTest" time="0.279"/>
  <testcase name="testChunkedEmptyRetransformation[3]" classname="net.bytebuddy.agent.builder.AgentBuilderDefaultApplicationTest" time="0.044"/>
  <testcase name="testDecoration[3]" classname="net.bytebuddy.agent.builder.AgentBuilderDefaultApplicationTest" time="0.269"/>
  <testcase name="testNonCapturingLambdaWithArguments[3]" classname="net.bytebuddy.agent.builder.AgentBuilderDefaultApplicationTest" time="0.549"/>
  <testcase name="testAgentSelfInitialization[3]" classname="net.bytebuddy.agent.builder.AgentBuilderDefaultApplicationTest" time="0.307"/>
  <testcase name="testEmptyRedefinition[3]" classname="net.bytebuddy.agent.builder.AgentBuilderDefaultApplicationTest" time="0.006"/>
  <testcase name="testAgentSelfInitializationAuxiliaryTypeLazy[3]" classname="net.bytebuddy.agent.builder.AgentBuilderDefaultApplicationTest" time="0.111"/>
  <testcase name="testNonCapturingLambdaIsConstant[3]" classname="net.bytebuddy.agent.builder.AgentBuilderDefaultApplicationTest" time="0.514"/>
  <testcase name="testDecorationBlocked[3]" classname="net.bytebuddy.agent.builder.AgentBuilderDefaultApplicationTest" time="0.297"/>
  <testcase name="testRetransformationWithPoolOnly[3]" classname="net.bytebuddy.agent.builder.AgentBuilderDefaultApplicationTest" time="0.148"/>
  <testcase name="testSerializableLambda[3]" classname="net.bytebuddy.agent.builder.AgentBuilderDefaultApplicationTest" time="0.621"/>
  <testcase name="testSignatureTypesAreAvailableAfterLoad[3]" classname="net.bytebuddy.agent.builder.AgentBuilderDefaultApplicationTest" time="0.311"/>
  <testcase name="testChunkedRetransformation[3]" classname="net.bytebuddy.agent.builder.AgentBuilderDefaultApplicationTest" time="0.112"/>
  <testcase name="testArgumentCapturingLambda[3]" classname="net.bytebuddy.agent.builder.AgentBuilderDefaultApplicationTest" time="0.721"/>
  <testcase name="testNonCapturingLambda[3]" classname="net.bytebuddy.agent.builder.AgentBuilderDefaultApplicationTest" time="0.695"/>
  <testcase name="testAgentWithoutSelfInitialization[3]" classname="net.bytebuddy.agent.builder.AgentBuilderDefaultApplicationTest" time="0.266"/>
  <testcase name="testEmptyRetransformation[3]" classname="net.bytebuddy.agent.builder.AgentBuilderDefaultApplicationTest" time="0.007"/>
  <testcase name="testRedefinition[3]" classname="net.bytebuddy.agent.builder.AgentBuilderDefaultApplicationTest" time="0.113"/>
  <testcase name="testArgumentCapturingLambdaIsNotConstant[3]" classname="net.bytebuddy.agent.builder.AgentBuilderDefaultApplicationTest" time="0.749"/>
  <testcase name="testCapturingLambdaWithArguments[3]" classname="net.bytebuddy.agent.builder.AgentBuilderDefaultApplicationTest" time="0.774"/>
  <testcase name="testChainedAgent[3]" classname="net.bytebuddy.agent.builder.AgentBuilderDefaultApplicationTest" time="0.417"/>
  <testcase name="testRetransformation[3]" classname="net.bytebuddy.agent.builder.AgentBuilderDefaultApplicationTest" time="0.109"/>
  <testcase name="testDecorationFallThrough[3]" classname="net.bytebuddy.agent.builder.AgentBuilderDefaultApplicationTest" time="0.308"/>
  <testcase name="testEmptyChunkedRedefinition[3]" classname="net.bytebuddy.agent.builder.AgentBuilderDefaultApplicationTest" time="0.007"/>
  <testcase name="testAgentWithoutSelfInitializationWithNativeMethodPrefix[3]" classname="net.bytebuddy.agent.builder.AgentBuilderDefaultApplicationTest" time="0.054"/>
  <testcase name="testRedefinitionWithPoolOnly[3]" classname="net.bytebuddy.agent.builder.AgentBuilderDefaultApplicationTest" time="0.103"/>
  <testcase name="testInstanceCapturingLambda[3]" classname="net.bytebuddy.agent.builder.AgentBuilderDefaultApplicationTest" time="0.736"/>
  <testcase name="testAgentSelfInitializationAuxiliaryTypeEager[3]" classname="net.bytebuddy.agent.builder.AgentBuilderDefaultApplicationTest" time="0.413"/>
</testsuite>