<?xml version="1.0" encoding="UTF-8"?>
<testsuite name="java_testcases.junit.crt_program.SHUNTING_YARD_TEST" tests="4" skipped="0" failures="0" errors="0" timestamp="2024-04-01T06:27:56" hostname="Sejals-MacBook-Air.local" time="0.003">
  <properties/>
  <testcase name="test_0" classname="java_testcases.junit.crt_program.SHUNTING_YARD_TEST" time="0.002"/>
  <testcase name="test_1" classname="java_testcases.junit.crt_program.SHUNTING_YARD_TEST" time="0.0"/>
  <testcase name="test_2" classname="java_testcases.junit.crt_program.SHUNTING_YARD_TEST" time="0.0"/>
  <testcase name="test_3" classname="java_testcases.junit.crt_program.SHUNTING_YARD_TEST" time="0.0"/>
  <system-out><![CDATA[]]></system-out>
  <system-err><![CDATA[]]></system-err>
</testsuite>
