<?xml version="1.0" encoding="UTF-8"?>
<testsuite name="java_testcases.junit.NEXT_PALINDROME_TEST" tests="5" skipped="0" failures="1" errors="0" timestamp="2024-04-25T05:53:21" hostname="Sejals-MacBook-Air.local" time="0.003">
  <properties/>
  <testcase name="test_0" classname="java_testcases.junit.NEXT_PALINDROME_TEST" time="0.001"/>
  <testcase name="test_1" classname="java_testcases.junit.NEXT_PALINDROME_TEST" time="0.0"/>
  <testcase name="test_2" classname="java_testcases.junit.NEXT_PALINDROME_TEST" time="0.0"/>
  <testcase name="test_3" classname="java_testcases.junit.NEXT_PALINDROME_TEST" time="0.0"/>
  <testcase name="test_4" classname="java_testcases.junit.NEXT_PALINDROME_TEST" time="0.002">
    <failure message="org.junit.ComparisonFailure: expected:&lt;[1,0,0,[]1]&gt; but was:&lt;[1,0,0,[0,]1]&gt;" type="org.junit.ComparisonFailure">org.junit.ComparisonFailure: expected:&lt;[1,0,0,[]1]&gt; but was:&lt;[1,0,0,[0,]1]&gt;
	at org.junit.Assert.assertEquals(Assert.java:115)
	at org.junit.Assert.assertEquals(Assert.java:144)
	at java_testcases.junit.NEXT_PALINDROME_TEST.test_4(NEXT_PALINDROME_TEST.java:37)
	at sun.reflect.NativeMethodAccessorImpl.invoke0(Native Method)
	at sun.reflect.NativeMethodAccessorImpl.invoke(NativeMethodAccessorImpl.java:62)
	at sun.reflect.DelegatingMethodAccessorImpl.invoke(DelegatingMethodAccessorImpl.java:43)
	at java.lang.reflect.Method.invoke(Method.java:498)
	at org.junit.runners.model.FrameworkMethod$1.runReflectiveCall(FrameworkMethod.java:50)
	at org.junit.internal.runners.model.ReflectiveCallable.run(ReflectiveCallable.java:12)
	at org.junit.runners.model.FrameworkMethod.invokeExplosively(FrameworkMethod.java:47)
	at org.junit.internal.runners.statements.InvokeMethod.evaluate(InvokeMethod.java:17)
	at org.junit.internal.runners.statements.FailOnTimeout$CallableStatement.call(FailOnTimeout.java:298)
	at org.junit.internal.runners.statements.FailOnTimeout$CallableStatement.call(FailOnTimeout.java:292)
	at java.util.concurrent.FutureTask.run(FutureTask.java:266)
	at java.lang.Thread.run(Thread.java:750)
</failure>
  </testcase>
  <system-out><![CDATA[]]></system-out>
  <system-err><![CDATA[]]></system-err>
</testsuite>
