<?xml version="1.0" encoding="UTF-8"?>
<testsuite name="java_programs.EvosuiteSHUNTING_YARD_ESTest" tests="1" skipped="0" failures="0" errors="0" timestamp="2024-04-25T07:02:04" hostname="Sejals-MacBook-Air.local" time="0.004">
  <properties/>
  <testcase name="test4" classname="java_programs.EvosuiteSHUNTING_YARD_ESTest" time="0.004"/>
  <system-out><![CDATA[]]></system-out>
  <system-err><![CDATA[]]></system-err>
</testsuite>
