<?xml version="1.0" encoding="UTF-8"?>
<testsuite name="java_testcases.junit.MERGESORT_TEST" tests="13" skipped="0" failures="13" errors="0" timestamp="2024-04-25T05:51:39" hostname="Sejals-MacBook-Air.local" time="0.156">
  <properties/>
  <testcase name="test_10" classname="java_testcases.junit.MERGESORT_TEST" time="0.014">
    <failure message="java.lang.StackOverflowError" type="java.lang.StackOverflowError">java.lang.StackOverflowError
	at java.util.ArrayList.addAll(ArrayList.java:583)
	at java_programs.MERGESORT.mergesort(MERGESORT.java:43)
	at java_programs.MERGESORT.mergesort(MERGESORT.java:47)
	at java_programs.MERGESORT.mergesort(MERGESORT.java:47)
	at java_programs.MERGESORT.mergesort(MERGESORT.java:47)
	at java_programs.MERGESORT.mergesort(MERGESORT.java:47)
	at java_programs.MERGESORT.mergesort(MERGESORT.java:47)
	at java_programs.MERGESORT.mergesort(MERGESORT.java:47)
	at java_programs.MERGESORT.mergesort(MERGESORT.java:47)
	at java_programs.MERGESORT.mergesort(MERGESORT.java:47)
	at java_programs.MERGESORT.mergesort(MERGESORT.java:47)
	at java_programs.MERGESORT.mergesort(MERGESORT.java:47)
	at java_programs.MERGESORT.mergesort(MERGESORT.java:47)
	at java_programs.MERGESORT.mergesort(MERGESORT.java:47)
	at java_programs.MERGESORT.mergesort(MERGESORT.java:47)
	at java_programs.MERGESORT.mergesort(MERGESORT.java:47)
	at java_programs.MERGESORT.mergesort(MERGESORT.java:47)
	at java_programs.MERGESORT.mergesort(MERGESORT.java:47)
	at java_programs.MERGESORT.mergesort(MERGESORT.java:47)
	at java_programs.MERGESORT.mergesort(MERGESORT.java:47)
	at java_programs.MERGESORT.mergesort(MERGESORT.java:47)
	at java_programs.MERGESORT.mergesort(MERGESORT.java:47)
	at java_programs.MERGESORT.mergesort(MERGESORT.java:47)
	at java_programs.MERGESORT.mergesort(MERGESORT.java:47)
	at java_programs.MERGESORT.mergesort(MERGESORT.java:47)
	at java_programs.MERGESORT.mergesort(MERGESORT.java:47)
	at java_programs.MERGESORT.mergesort(MERGESORT.java:47)
	at java_programs.MERGESORT.mergesort(MERGESORT.java:47)
	at java_programs.MERGESORT.mergesort(MERGESORT.java:47)
	at java_programs.MERGESORT.mergesort(MERGESORT.java:47)
	at java_programs.MERGESORT.mergesort(MERGESORT.java:47)
	at java_programs.MERGESORT.mergesort(MERGESORT.java:47)
	at java_programs.MERGESORT.mergesort(MERGESORT.java:47)
	at java_programs.MERGESORT.mergesort(MERGESORT.java:47)
	at java_programs.MERGESORT.mergesort(MERGESORT.java:47)
	at java_programs.MERGESORT.mergesort(MERGESORT.java:47)
	at java_programs.MERGESORT.mergesort(MERGESORT.java:47)
	at java_programs.MERGESORT.mergesort(MERGESORT.java:47)
	at java_programs.MERGESORT.mergesort(MERGESORT.java:47)
	at java_programs.MERGESORT.mergesort(MERGESORT.java:47)
	at java_programs.MERGESORT.mergesort(MERGESORT.java:47)
	at java_programs.MERGESORT.mergesort(MERGESORT.java:47)
	at java_programs.MERGESORT.mergesort(MERGESORT.java:47)
	at java_programs.MERGESORT.mergesort(MERGESORT.java:47)
	at java_programs.MERGESORT.mergesort(MERGESORT.java:47)
	at java_programs.MERGESORT.mergesort(MERGESORT.java:47)
	at java_programs.MERGESORT.mergesort(MERGESORT.java:47)
	at java_programs.MERGESORT.mergesort(MERGESORT.java:47)
	at java_programs.MERGESORT.mergesort(MERGESORT.java:47)
	at java_programs.MERGESORT.mergesort(MERGESORT.java:47)
	at java_programs.MERGESORT.mergesort(MERGESORT.java:47)
	at java_programs.MERGESORT.mergesort(MERGESORT.java:47)
	at java_programs.MERGESORT.mergesort(MERGESORT.java:47)
	at java_programs.MERGESORT.mergesort(MERGESORT.java:47)
	at java_programs.MERGESORT.mergesort(MERGESORT.java:47)
	at java_programs.MERGESORT.mergesort(MERGESORT.java:47)
	at java_programs.MERGESORT.mergesort(MERGESORT.java:47)
	at java_programs.MERGESORT.mergesort(MERGESORT.java:47)
	at java_programs.MERGESORT.mergesort(MERGESORT.java:47)
	at java_programs.MERGESORT.mergesort(MERGESORT.java:47)
	at java_programs.MERGESORT.mergesort(MERGESORT.java:47)
	at java_programs.MERGESORT.mergesort(MERGESORT.java:47)
	at java_programs.MERGESORT.mergesort(MERGESORT.java:47)
	at java_programs.MERGESORT.mergesort(MERGESORT.java:47)
	at java_programs.MERGESORT.mergesort(MERGESORT.java:47)
	at java_programs.MERGESORT.mergesort(MERGESORT.java:47)
	at java_programs.MERGESORT.mergesort(MERGESORT.java:47)
	at java_programs.MERGESORT.mergesort(MERGESORT.java:47)
	at java_programs.MERGESORT.mergesort(MERGESORT.java:47)
	at java_programs.MERGESORT.mergesort(MERGESORT.java:47)
	at java_programs.MERGESORT.mergesort(MERGESORT.java:47)
	at java_programs.MERGESORT.mergesort(MERGESORT.java:47)
	at java_programs.MERGESORT.mergesort(MERGESORT.java:47)
	at java_programs.MERGESORT.mergesort(MERGESORT.java:47)
	at java_programs.MERGESORT.mergesort(MERGESORT.java:47)
	at java_programs.MERGESORT.mergesort(MERGESORT.java:47)
	at java_programs.MERGESORT.mergesort(MERGESORT.java:47)
	at java_programs.MERGESORT.mergesort(MERGESORT.java:47)
	at java_programs.MERGESORT.mergesort(MERGESORT.java:47)
	at java_programs.MERGESORT.mergesort(MERGESORT.java:47)
	at java_programs.MERGESORT.mergesort(MERGESORT.java:47)
	at java_programs.MERGESORT.mergesort(MERGESORT.java:47)
	at java_programs.MERGESORT.mergesort(MERGESORT.java:47)
	at java_programs.MERGESORT.mergesort(MERGESORT.java:47)
	at java_programs.MERGESORT.mergesort(MERGESORT.java:47)
	at java_programs.MERGESORT.mergesort(MERGESORT.java:47)
	at java_programs.MERGESORT.mergesort(MERGESORT.java:47)
	at java_programs.MERGESORT.mergesort(MERGESORT.java:47)
	at java_programs.MERGESORT.mergesort(MERGESORT.java:47)
	at java_programs.MERGESORT.mergesort(MERGESORT.java:47)
	at java_programs.MERGESORT.mergesort(MERGESORT.java:47)
	at java_programs.MERGESORT.mergesort(MERGESORT.java:47)
	at java_programs.MERGESORT.mergesort(MERGESORT.java:47)
	at java_programs.MERGESORT.mergesort(MERGESORT.java:47)
	at java_programs.MERGESORT.mergesort(MERGESORT.java:47)
	at java_programs.MERGESORT.mergesort(MERGESORT.java:47)
	at java_programs.MERGESORT.mergesort(MERGESORT.java:47)
	at java_programs.MERGESORT.mergesort(MERGESORT.java:47)
	at java_programs.MERGESORT.mergesort(MERGESORT.java:47)
	at java_programs.MERGESORT.mergesort(MERGESORT.java:47)
	at java_programs.MERGESORT.mergesort(MERGESORT.java:47)
	at java_programs.MERGESORT.mergesort(MERGESORT.java:47)
	at java_programs.MERGESORT.mergesort(MERGESORT.java:47)
	at java_programs.MERGESORT.mergesort(MERGESORT.java:47)
	at java_programs.MERGESORT.mergesort(MERGESORT.java:47)
	at java_programs.MERGESORT.mergesort(MERGESORT.java:47)
	at java_programs.MERGESORT.mergesort(MERGESORT.java:47)
	at java_programs.MERGESORT.mergesort(MERGESORT.java:47)
	at java_programs.MERGESORT.mergesort(MERGESORT.java:47)
	at java_programs.MERGESORT.mergesort(MERGESORT.java:47)
	at java_programs.MERGESORT.mergesort(MERGESORT.java:47)
	at java_programs.MERGESORT.mergesort(MERGESORT.java:47)
	at java_programs.MERGESORT.mergesort(MERGESORT.java:47)
	at java_programs.MERGESORT.mergesort(MERGESORT.java:47)
	at java_programs.MERGESORT.mergesort(MERGESORT.java:47)
	at java_programs.MERGESORT.mergesort(MERGESORT.java:47)
	at java_programs.MERGESORT.mergesort(MERGESORT.java:47)
	at java_programs.MERGESORT.mergesort(MERGESORT.java:47)
	at java_programs.MERGESORT.mergesort(MERGESORT.java:47)
	at java_programs.MERGESORT.mergesort(MERGESORT.java:47)
	at java_programs.MERGESORT.mergesort(MERGESORT.java:47)
	at java_programs.MERGESORT.mergesort(MERGESORT.java:47)
	at java_programs.MERGESORT.mergesort(MERGESORT.java:47)
	at java_programs.MERGESORT.mergesort(MERGESORT.java:47)
	at java_programs.MERGESORT.mergesort(MERGESORT.java:47)
	at java_programs.MERGESORT.mergesort(MERGESORT.java:47)
	at java_programs.MERGESORT.mergesort(MERGESORT.java:47)
	at java_programs.MERGESORT.mergesort(MERGESORT.java:47)
	at java_programs.MERGESORT.mergesort(MERGESORT.java:47)
	at java_programs.MERGESORT.mergesort(MERGESORT.java:47)
	at java_programs.MERGESORT.mergesort(MERGESORT.java:47)
	at java_programs.MERGESORT.mergesort(MERGESORT.java:47)
	at java_programs.MERGESORT.mergesort(MERGESORT.java:47)
	at java_programs.MERGESORT.mergesort(MERGESORT.java:47)
	at java_programs.MERGESORT.mergesort(MERGESORT.java:47)
	at java_programs.MERGESORT.mergesort(MERGESORT.java:47)
	at java_programs.MERGESORT.mergesort(MERGESORT.java:47)
	at java_programs.MERGESORT.mergesort(MERGESORT.java:47)
	at java_programs.MERGESORT.mergesort(MERGESORT.java:47)
	at java_programs.MERGESORT.mergesort(MERGESORT.java:47)
	at java_programs.MERGESORT.mergesort(MERGESORT.java:47)
	at java_programs.MERGESORT.mergesort(MERGESORT.java:47)
	at java_programs.MERGESORT.mergesort(MERGESORT.java:47)
	at java_programs.MERGESORT.mergesort(MERGESORT.java:47)
	at java_programs.MERGESORT.mergesort(MERGESORT.java:47)
	at java_programs.MERGESORT.mergesort(MERGESORT.java:47)
	at java_programs.MERGESORT.mergesort(MERGESORT.java:47)
	at java_programs.MERGESORT.mergesort(MERGESORT.java:47)
	at java_programs.MERGESORT.mergesort(MERGESORT.java:47)
	at java_programs.MERGESORT.mergesort(MERGESORT.java:47)
	at java_programs.MERGESORT.mergesort(MERGESORT.java:47)
	at java_programs.MERGESORT.mergesort(MERGESORT.java:47)
	at java_programs.MERGESORT.mergesort(MERGESORT.java:47)
	at java_programs.MERGESORT.mergesort(MERGESORT.java:47)
	at java_programs.MERGESORT.mergesort(MERGESORT.java:47)
	at java_programs.MERGESORT.mergesort(MERGESORT.java:47)
	at java_programs.MERGESORT.mergesort(MERGESORT.java:47)
	at java_programs.MERGESORT.mergesort(MERGESORT.java:47)
	at java_programs.MERGESORT.mergesort(MERGESORT.java:47)
	at java_programs.MERGESORT.mergesort(MERGESORT.java:47)
	at java_programs.MERGESORT.mergesort(MERGESORT.java:47)
	at java_programs.MERGESORT.mergesort(MERGESORT.java:47)
	at java_programs.MERGESORT.mergesort(MERGESORT.java:47)
	at java_programs.MERGESORT.mergesort(MERGESORT.java:47)
	at java_programs.MERGESORT.mergesort(MERGESORT.java:47)
	at java_programs.MERGESORT.mergesort(MERGESORT.java:47)
	at java_programs.MERGESORT.mergesort(MERGESORT.java:47)
	at java_programs.MERGESORT.mergesort(MERGESORT.java:47)
	at java_programs.MERGESORT.mergesort(MERGESORT.java:47)
	at java_programs.MERGESORT.mergesort(MERGESORT.java:47)
	at java_programs.MERGESORT.mergesort(MERGESORT.java:47)
	at java_programs.MERGESORT.mergesort(MERGESORT.java:47)
	at java_programs.MERGESORT.mergesort(MERGESORT.java:47)
	at java_programs.MERGESORT.mergesort(MERGESORT.java:47)
	at java_programs.MERGESORT.mergesort(MERGESORT.java:47)
	at java_programs.MERGESORT.mergesort(MERGESORT.java:47)
	at java_programs.MERGESORT.mergesort(MERGESORT.java:47)
	at java_programs.MERGESORT.mergesort(MERGESORT.java:47)
	at java_programs.MERGESORT.mergesort(MERGESORT.java:47)
	at java_programs.MERGESORT.mergesort(MERGESORT.java:47)
	at java_programs.MERGESORT.mergesort(MERGESORT.java:47)
	at java_programs.MERGESORT.mergesort(MERGESORT.java:47)
	at java_programs.MERGESORT.mergesort(MERGESORT.java:47)
	at java_programs.MERGESORT.mergesort(MERGESORT.java:47)
	at java_programs.MERGESORT.mergesort(MERGESORT.java:47)
	at java_programs.MERGESORT.mergesort(MERGESORT.java:47)
	at java_programs.MERGESORT.mergesort(MERGESORT.java:47)
	at java_programs.MERGESORT.mergesort(MERGESORT.java:47)
	at java_programs.MERGESORT.mergesort(MERGESORT.java:47)
	at java_programs.MERGESORT.mergesort(MERGESORT.java:47)
	at java_programs.MERGESORT.mergesort(MERGESORT.java:47)
	at java_programs.MERGESORT.mergesort(MERGESORT.java:47)
	at java_programs.MERGESORT.mergesort(MERGESORT.java:47)
	at java_programs.MERGESORT.mergesort(MERGESORT.java:47)
	at java_programs.MERGESORT.mergesort(MERGESORT.java:47)
	at java_programs.MERGESORT.mergesort(MERGESORT.java:47)
	at java_programs.MERGESORT.mergesort(MERGESORT.java:47)
	at java_programs.MERGESORT.mergesort(MERGESORT.java:47)
	at java_programs.MERGESORT.mergesort(MERGESORT.java:47)
	at java_programs.MERGESORT.mergesort(MERGESORT.java:47)
	at java_programs.MERGESORT.mergesort(MERGESORT.java:47)
	at java_programs.MERGESORT.mergesort(MERGESORT.java:47)
	at java_programs.MERGESORT.mergesort(MERGESORT.java:47)
	at java_programs.MERGESORT.mergesort(MERGESORT.java:47)
	at java_programs.MERGESORT.mergesort(MERGESORT.java:47)
	at java_programs.MERGESORT.mergesort(MERGESORT.java:47)
	at java_programs.MERGESORT.mergesort(MERGESORT.java:47)
	at java_programs.MERGESORT.mergesort(MERGESORT.java:47)
	at java_programs.MERGESORT.mergesort(MERGESORT.java:47)
	at java_programs.MERGESORT.mergesort(MERGESORT.java:47)
	at java_programs.MERGESORT.mergesort(MERGESORT.java:47)
	at java_programs.MERGESORT.mergesort(MERGESORT.java:47)
	at java_programs.MERGESORT.mergesort(MERGESORT.java:47)
	at java_programs.MERGESORT.mergesort(MERGESORT.java:47)
	at java_programs.MERGESORT.mergesort(MERGESORT.java:47)
	at java_programs.MERGESORT.mergesort(MERGESORT.java:47)
	at java_programs.MERGESORT.mergesort(MERGESORT.java:47)
	at java_programs.MERGESORT.mergesort(MERGESORT.java:47)
	at java_programs.MERGESORT.mergesort(MERGESORT.java:47)
	at java_programs.MERGESORT.mergesort(MERGESORT.java:47)
	at java_programs.MERGESORT.mergesort(MERGESORT.java:47)
	at java_programs.MERGESORT.mergesort(MERGESORT.java:47)
	at java_programs.MERGESORT.mergesort(MERGESORT.java:47)
	at java_programs.MERGESORT.mergesort(MERGESORT.java:47)
	at java_programs.MERGESORT.mergesort(MERGESORT.java:47)
	at java_programs.MERGESORT.mergesort(MERGESORT.java:47)
	at java_programs.MERGESORT.mergesort(MERGESORT.java:47)
	at java_programs.MERGESORT.mergesort(MERGESORT.java:47)
	at java_programs.MERGESORT.mergesort(MERGESORT.java:47)
	at java_programs.MERGESORT.mergesort(MERGESORT.java:47)
	at java_programs.MERGESORT.mergesort(MERGESORT.java:47)
	at java_programs.MERGESORT.mergesort(MERGESORT.java:47)
	at java_programs.MERGESORT.mergesort(MERGESORT.java:47)
	at java_programs.MERGESORT.mergesort(MERGESORT.java:47)
	at java_programs.MERGESORT.mergesort(MERGESORT.java:47)
	at java_programs.MERGESORT.mergesort(MERGESORT.java:47)
	at java_programs.MERGESORT.mergesort(MERGESORT.java:47)
	at java_programs.MERGESORT.mergesort(MERGESORT.java:47)
	at java_programs.MERGESORT.mergesort(MERGESORT.java:47)
	at java_programs.MERGESORT.mergesort(MERGESORT.java:47)
	at java_programs.MERGESORT.mergesort(MERGESORT.java:47)
	at java_programs.MERGESORT.mergesort(MERGESORT.java:47)
	at java_programs.MERGESORT.mergesort(MERGESORT.java:47)
	at java_programs.MERGESORT.mergesort(MERGESORT.java:47)
	at java_programs.MERGESORT.mergesort(MERGESORT.java:47)
	at java_programs.MERGESORT.mergesort(MERGESORT.java:47)
	at java_programs.MERGESORT.mergesort(MERGESORT.java:47)
	at java_programs.MERGESORT.mergesort(MERGESORT.java:47)
	at java_programs.MERGESORT.mergesort(MERGESORT.java:47)
	at java_programs.MERGESORT.mergesort(MERGESORT.java:47)
	at java_programs.MERGESORT.mergesort(MERGESORT.java:47)
	at java_programs.MERGESORT.mergesort(MERGESORT.java:47)
	at java_programs.MERGESORT.mergesort(MERGESORT.java:47)
	at java_programs.MERGESORT.mergesort(MERGESORT.java:47)
	at java_programs.MERGESORT.mergesort(MERGESORT.java:47)
	at java_programs.MERGESORT.mergesort(MERGESORT.java:47)
	at java_programs.MERGESORT.mergesort(MERGESORT.java:47)
	at java_programs.MERGESORT.mergesort(MERGESORT.java:47)
	at java_programs.MERGESORT.mergesort(MERGESORT.java:47)
	at java_programs.MERGESORT.mergesort(MERGESORT.java:47)
	at java_programs.MERGESORT.mergesort(MERGESORT.java:47)
	at java_programs.MERGESORT.mergesort(MERGESORT.java:47)
	at java_programs.MERGESORT.mergesort(MERGESORT.java:47)
	at java_programs.MERGESORT.mergesort(MERGESORT.java:47)
	at java_programs.MERGESORT.mergesort(MERGESORT.java:47)
	at java_programs.MERGESORT.mergesort(MERGESORT.java:47)
	at java_programs.MERGESORT.mergesort(MERGESORT.java:47)
	at java_programs.MERGESORT.mergesort(MERGESORT.java:47)
	at java_programs.MERGESORT.mergesort(MERGESORT.java:47)
	at java_programs.MERGESORT.mergesort(MERGESORT.java:47)
	at java_programs.MERGESORT.mergesort(MERGESORT.java:47)
	at java_programs.MERGESORT.mergesort(MERGESORT.java:47)
	at java_programs.MERGESORT.mergesort(MERGESORT.java:47)
	at java_programs.MERGESORT.mergesort(MERGESORT.java:47)
	at java_programs.MERGESORT.mergesort(MERGESORT.java:47)
	at java_programs.MERGESORT.mergesort(MERGESORT.java:47)
	at java_programs.MERGESORT.mergesort(MERGESORT.java:47)
	at java_programs.MERGESORT.mergesort(MERGESORT.java:47)
	at java_programs.MERGESORT.mergesort(MERGESORT.java:47)
	at java_programs.MERGESORT.mergesort(MERGESORT.java:47)
	at java_programs.MERGESORT.mergesort(MERGESORT.java:47)
	at java_programs.MERGESORT.mergesort(MERGESORT.java:47)
	at java_programs.MERGESORT.mergesort(MERGESORT.java:47)
	at java_programs.MERGESORT.mergesort(MERGESORT.java:47)
	at java_programs.MERGESORT.mergesort(MERGESORT.java:47)
	at java_programs.MERGESORT.mergesort(MERGESORT.java:47)
	at java_programs.MERGESORT.mergesort(MERGESORT.java:47)
	at java_programs.MERGESORT.mergesort(MERGESORT.java:47)
	at java_programs.MERGESORT.mergesort(MERGESORT.java:47)
	at java_programs.MERGESORT.mergesort(MERGESORT.java:47)
	at java_programs.MERGESORT.mergesort(MERGESORT.java:47)
	at java_programs.MERGESORT.mergesort(MERGESORT.java:47)
	at java_programs.MERGESORT.mergesort(MERGESORT.java:47)
	at java_programs.MERGESORT.mergesort(MERGESORT.java:47)
	at java_programs.MERGESORT.mergesort(MERGESORT.java:47)
	at java_programs.MERGESORT.mergesort(MERGESORT.java:47)
	at java_programs.MERGESORT.mergesort(MERGESORT.java:47)
	at java_programs.MERGESORT.mergesort(MERGESORT.java:47)
	at java_programs.MERGESORT.mergesort(MERGESORT.java:47)
	at java_programs.MERGESORT.mergesort(MERGESORT.java:47)
	at java_programs.MERGESORT.mergesort(MERGESORT.java:47)
	at java_programs.MERGESORT.mergesort(MERGESORT.java:47)
	at java_programs.MERGESORT.mergesort(MERGESORT.java:47)
	at java_programs.MERGESORT.mergesort(MERGESORT.java:47)
	at java_programs.MERGESORT.mergesort(MERGESORT.java:47)
	at java_programs.MERGESORT.mergesort(MERGESORT.java:47)
	at java_programs.MERGESORT.mergesort(MERGESORT.java:47)
	at java_programs.MERGESORT.mergesort(MERGESORT.java:47)
	at java_programs.MERGESORT.mergesort(MERGESORT.java:47)
	at java_programs.MERGESORT.mergesort(MERGESORT.java:47)
	at java_programs.MERGESORT.mergesort(MERGESORT.java:47)
	at java_programs.MERGESORT.mergesort(MERGESORT.java:47)
	at java_programs.MERGESORT.mergesort(MERGESORT.java:47)
	at java_programs.MERGESORT.mergesort(MERGESORT.java:47)
	at java_programs.MERGESORT.mergesort(MERGESORT.java:47)
	at java_programs.MERGESORT.mergesort(MERGESORT.java:47)
	at java_programs.MERGESORT.mergesort(MERGESORT.java:47)
	at java_programs.MERGESORT.mergesort(MERGESORT.java:47)
	at java_programs.MERGESORT.mergesort(MERGESORT.java:47)
	at java_programs.MERGESORT.mergesort(MERGESORT.java:47)
	at java_programs.MERGESORT.mergesort(MERGESORT.java:47)
	at java_programs.MERGESORT.mergesort(MERGESORT.java:47)
	at java_programs.MERGESORT.mergesort(MERGESORT.java:47)
	at java_programs.MERGESORT.mergesort(MERGESORT.java:47)
	at java_programs.MERGESORT.mergesort(MERGESORT.java:47)
	at java_programs.MERGESORT.mergesort(MERGESORT.java:47)
	at java_programs.MERGESORT.mergesort(MERGESORT.java:47)
	at java_programs.MERGESORT.mergesort(MERGESORT.java:47)
	at java_programs.MERGESORT.mergesort(MERGESORT.java:47)
	at java_programs.MERGESORT.mergesort(MERGESORT.java:47)
	at java_programs.MERGESORT.mergesort(MERGESORT.java:47)
	at java_programs.MERGESORT.mergesort(MERGESORT.java:47)
	at java_programs.MERGESORT.mergesort(MERGESORT.java:47)
	at java_programs.MERGESORT.mergesort(MERGESORT.java:47)
	at java_programs.MERGESORT.mergesort(MERGESORT.java:47)
	at java_programs.MERGESORT.mergesort(MERGESORT.java:47)
	at java_programs.MERGESORT.mergesort(MERGESORT.java:47)
	at java_programs.MERGESORT.mergesort(MERGESORT.java:47)
	at java_programs.MERGESORT.mergesort(MERGESORT.java:47)
	at java_programs.MERGESORT.mergesort(MERGESORT.java:47)
	at java_programs.MERGESORT.mergesort(MERGESORT.java:47)
	at java_programs.MERGESORT.mergesort(MERGESORT.java:47)
	at java_programs.MERGESORT.mergesort(MERGESORT.java:47)
	at java_programs.MERGESORT.mergesort(MERGESORT.java:47)
	at java_programs.MERGESORT.mergesort(MERGESORT.java:47)
	at java_programs.MERGESORT.mergesort(MERGESORT.java:47)
	at java_programs.MERGESORT.mergesort(MERGESORT.java:47)
	at java_programs.MERGESORT.mergesort(MERGESORT.java:47)
	at java_programs.MERGESORT.mergesort(MERGESORT.java:47)
	at java_programs.MERGESORT.mergesort(MERGESORT.java:47)
	at java_programs.MERGESORT.mergesort(MERGESORT.java:47)
	at java_programs.MERGESORT.mergesort(MERGESORT.java:47)
	at java_programs.MERGESORT.mergesort(MERGESORT.java:47)
	at java_programs.MERGESORT.mergesort(MERGESORT.java:47)
	at java_programs.MERGESORT.mergesort(MERGESORT.java:47)
	at java_programs.MERGESORT.mergesort(MERGESORT.java:47)
	at java_programs.MERGESORT.mergesort(MERGESORT.java:47)
	at java_programs.MERGESORT.mergesort(MERGESORT.java:47)
	at java_programs.MERGESORT.mergesort(MERGESORT.java:47)
	at java_programs.MERGESORT.mergesort(MERGESORT.java:47)
	at java_programs.MERGESORT.mergesort(MERGESORT.java:47)
	at java_programs.MERGESORT.mergesort(MERGESORT.java:47)
	at java_programs.MERGESORT.mergesort(MERGESORT.java:47)
	at java_programs.MERGESORT.mergesort(MERGESORT.java:47)
	at java_programs.MERGESORT.mergesort(MERGESORT.java:47)
	at java_programs.MERGESORT.mergesort(MERGESORT.java:47)
	at java_programs.MERGESORT.mergesort(MERGESORT.java:47)
	at java_programs.MERGESORT.mergesort(MERGESORT.java:47)
	at java_programs.MERGESORT.mergesort(MERGESORT.java:47)
	at java_programs.MERGESORT.mergesort(MERGESORT.java:47)
	at java_programs.MERGESORT.mergesort(MERGESORT.java:47)
	at java_programs.MERGESORT.mergesort(MERGESORT.java:47)
	at java_programs.MERGESORT.mergesort(MERGESORT.java:47)
	at java_programs.MERGESORT.mergesort(MERGESORT.java:47)
	at java_programs.MERGESORT.mergesort(MERGESORT.java:47)
	at java_programs.MERGESORT.mergesort(MERGESORT.java:47)
	at java_programs.MERGESORT.mergesort(MERGESORT.java:47)
	at java_programs.MERGESORT.mergesort(MERGESORT.java:47)
	at java_programs.MERGESORT.mergesort(MERGESORT.java:47)
	at java_programs.MERGESORT.mergesort(MERGESORT.java:47)
	at java_programs.MERGESORT.mergesort(MERGESORT.java:47)
	at java_programs.MERGESORT.mergesort(MERGESORT.java:47)
	at java_programs.MERGESORT.mergesort(MERGESORT.java:47)
	at java_programs.MERGESORT.mergesort(MERGESORT.java:47)
	at java_programs.MERGESORT.mergesort(MERGESORT.java:47)
	at java_programs.MERGESORT.mergesort(MERGESORT.java:47)
	at java_programs.MERGESORT.mergesort(MERGESORT.java:47)
	at java_programs.MERGESORT.mergesort(MERGESORT.java:47)
	at java_programs.MERGESORT.mergesort(MERGESORT.java:47)
	at java_programs.MERGESORT.mergesort(MERGESORT.java:47)
	at java_programs.MERGESORT.mergesort(MERGESORT.java:47)
	at java_programs.MERGESORT.mergesort(MERGESORT.java:47)
	at java_programs.MERGESORT.mergesort(MERGESORT.java:47)
	at java_programs.MERGESORT.mergesort(MERGESORT.java:47)
	at java_programs.MERGESORT.mergesort(MERGESORT.java:47)
	at java_programs.MERGESORT.mergesort(MERGESORT.java:47)
	at java_programs.MERGESORT.mergesort(MERGESORT.java:47)
	at java_programs.MERGESORT.mergesort(MERGESORT.java:47)
	at java_programs.MERGESORT.mergesort(MERGESORT.java:47)
	at java_programs.MERGESORT.mergesort(MERGESORT.java:47)
	at java_programs.MERGESORT.mergesort(MERGESORT.java:47)
	at java_programs.MERGESORT.mergesort(MERGESORT.java:47)
	at java_programs.MERGESORT.mergesort(MERGESORT.java:47)
	at java_programs.MERGESORT.mergesort(MERGESORT.java:47)
	at java_programs.MERGESORT.mergesort(MERGESORT.java:47)
	at java_programs.MERGESORT.mergesort(MERGESORT.java:47)
	at java_programs.MERGESORT.mergesort(MERGESORT.java:47)
	at java_programs.MERGESORT.mergesort(MERGESORT.java:47)
	at java_programs.MERGESORT.mergesort(MERGESORT.java:47)
	at java_programs.MERGESORT.mergesort(MERGESORT.java:47)
	at java_programs.MERGESORT.mergesort(MERGESORT.java:47)
	at java_programs.MERGESORT.mergesort(MERGESORT.java:47)
	at java_programs.MERGESORT.mergesort(MERGESORT.java:47)
	at java_programs.MERGESORT.mergesort(MERGESORT.java:47)
	at java_programs.MERGESORT.mergesort(MERGESORT.java:47)
	at java_programs.MERGESORT.mergesort(MERGESORT.java:47)
	at java_programs.MERGESORT.mergesort(MERGESORT.java:47)
	at java_programs.MERGESORT.mergesort(MERGESORT.java:47)
	at java_programs.MERGESORT.mergesort(MERGESORT.java:47)
	at java_programs.MERGESORT.mergesort(MERGESORT.java:47)
	at java_programs.MERGESORT.mergesort(MERGESORT.java:47)
	at java_programs.MERGESORT.mergesort(MERGESORT.java:47)
	at java_programs.MERGESORT.mergesort(MERGESORT.java:47)
	at java_programs.MERGESORT.mergesort(MERGESORT.java:47)
	at java_programs.MERGESORT.mergesort(MERGESORT.java:47)
	at java_programs.MERGESORT.mergesort(MERGESORT.java:47)
	at java_programs.MERGESORT.mergesort(MERGESORT.java:47)
	at java_programs.MERGESORT.mergesort(MERGESORT.java:47)
	at java_programs.MERGESORT.mergesort(MERGESORT.java:47)
	at java_programs.MERGESORT.mergesort(MERGESORT.java:47)
	at java_programs.MERGESORT.mergesort(MERGESORT.java:47)
	at java_programs.MERGESORT.mergesort(MERGESORT.java:47)
	at java_programs.MERGESORT.mergesort(MERGESORT.java:47)
	at java_programs.MERGESORT.mergesort(MERGESORT.java:47)
	at java_programs.MERGESORT.mergesort(MERGESORT.java:47)
	at java_programs.MERGESORT.mergesort(MERGESORT.java:47)
	at java_programs.MERGESORT.mergesort(MERGESORT.java:47)
	at java_programs.MERGESORT.mergesort(MERGESORT.java:47)
	at java_programs.MERGESORT.mergesort(MERGESORT.java:47)
	at java_programs.MERGESORT.mergesort(MERGESORT.java:47)
	at java_programs.MERGESORT.mergesort(MERGESORT.java:47)
	at java_programs.MERGESORT.mergesort(MERGESORT.java:47)
	at java_programs.MERGESORT.mergesort(MERGESORT.java:47)
	at java_programs.MERGESORT.mergesort(MERGESORT.java:47)
	at java_programs.MERGESORT.mergesort(MERGESORT.java:47)
	at java_programs.MERGESORT.mergesort(MERGESORT.java:47)
	at java_programs.MERGESORT.mergesort(MERGESORT.java:47)
	at java_programs.MERGESORT.mergesort(MERGESORT.java:47)
	at java_programs.MERGESORT.mergesort(MERGESORT.java:47)
	at java_programs.MERGESORT.mergesort(MERGESORT.java:47)
	at java_programs.MERGESORT.mergesort(MERGESORT.java:47)
	at java_programs.MERGESORT.mergesort(MERGESORT.java:47)
	at java_programs.MERGESORT.mergesort(MERGESORT.java:47)
	at java_programs.MERGESORT.mergesort(MERGESORT.java:47)
	at java_programs.MERGESORT.mergesort(MERGESORT.java:47)
	at java_programs.MERGESORT.mergesort(MERGESORT.java:47)
	at java_programs.MERGESORT.mergesort(MERGESORT.java:47)
	at java_programs.MERGESORT.mergesort(MERGESORT.java:47)
	at java_programs.MERGESORT.mergesort(MERGESORT.java:47)
	at java_programs.MERGESORT.mergesort(MERGESORT.java:47)
	at java_programs.MERGESORT.mergesort(MERGESORT.java:47)
	at java_programs.MERGESORT.mergesort(MERGESORT.java:47)
	at java_programs.MERGESORT.mergesort(MERGESORT.java:47)
	at java_programs.MERGESORT.mergesort(MERGESORT.java:47)
	at java_programs.MERGESORT.mergesort(MERGESORT.java:47)
	at java_programs.MERGESORT.mergesort(MERGESORT.java:47)
	at java_programs.MERGESORT.mergesort(MERGESORT.java:47)
	at java_programs.MERGESORT.mergesort(MERGESORT.java:47)
	at java_programs.MERGESORT.mergesort(MERGESORT.java:47)
	at java_programs.MERGESORT.mergesort(MERGESORT.java:47)
	at java_programs.MERGESORT.mergesort(MERGESORT.java:47)
	at java_programs.MERGESORT.mergesort(MERGESORT.java:47)
	at java_programs.MERGESORT.mergesort(MERGESORT.java:47)
	at java_programs.MERGESORT.mergesort(MERGESORT.java:47)
	at java_programs.MERGESORT.mergesort(MERGESORT.java:47)
	at java_programs.MERGESORT.mergesort(MERGESORT.java:47)
	at java_programs.MERGESORT.mergesort(MERGESORT.java:47)
	at java_programs.MERGESORT.mergesort(MERGESORT.java:47)
	at java_programs.MERGESORT.mergesort(MERGESORT.java:47)
	at java_programs.MERGESORT.mergesort(MERGESORT.java:47)
	at java_programs.MERGESORT.mergesort(MERGESORT.java:47)
	at java_programs.MERGESORT.mergesort(MERGESORT.java:47)
	at java_programs.MERGESORT.mergesort(MERGESORT.java:47)
	at java_programs.MERGESORT.mergesort(MERGESORT.java:47)
	at java_programs.MERGESORT.mergesort(MERGESORT.java:47)
	at java_programs.MERGESORT.mergesort(MERGESORT.java:47)
	at java_programs.MERGESORT.mergesort(MERGESORT.java:47)
	at java_programs.MERGESORT.mergesort(MERGESORT.java:47)
	at java_programs.MERGESORT.mergesort(MERGESORT.java:47)
	at java_programs.MERGESORT.mergesort(MERGESORT.java:47)
	at java_programs.MERGESORT.mergesort(MERGESORT.java:47)
	at java_programs.MERGESORT.mergesort(MERGESORT.java:47)
	at java_programs.MERGESORT.mergesort(MERGESORT.java:47)
	at java_programs.MERGESORT.mergesort(MERGESORT.java:47)
	at java_programs.MERGESORT.mergesort(MERGESORT.java:47)
	at java_programs.MERGESORT.mergesort(MERGESORT.java:47)
	at java_programs.MERGESORT.mergesort(MERGESORT.java:47)
	at java_programs.MERGESORT.mergesort(MERGESORT.java:47)
	at java_programs.MERGESORT.mergesort(MERGESORT.java:47)
	at java_programs.MERGESORT.mergesort(MERGESORT.java:47)
	at java_programs.MERGESORT.mergesort(MERGESORT.java:47)
	at java_programs.MERGESORT.mergesort(MERGESORT.java:47)
	at java_programs.MERGESORT.mergesort(MERGESORT.java:47)
	at java_programs.MERGESORT.mergesort(MERGESORT.java:47)
	at java_programs.MERGESORT.mergesort(MERGESORT.java:47)
	at java_programs.MERGESORT.mergesort(MERGESORT.java:47)
	at java_programs.MERGESORT.mergesort(MERGESORT.java:47)
	at java_programs.MERGESORT.mergesort(MERGESORT.java:47)
	at java_programs.MERGESORT.mergesort(MERGESORT.java:47)
	at java_programs.MERGESORT.mergesort(MERGESORT.java:47)
	at java_programs.MERGESORT.mergesort(MERGESORT.java:47)
	at java_programs.MERGESORT.mergesort(MERGESORT.java:47)
	at java_programs.MERGESORT.mergesort(MERGESORT.java:47)
	at java_programs.MERGESORT.mergesort(MERGESORT.java:47)
	at java_programs.MERGESORT.mergesort(MERGESORT.java:47)
	at java_programs.MERGESORT.mergesort(MERGESORT.java:47)
	at java_programs.MERGESORT.mergesort(MERGESORT.java:47)
	at java_programs.MERGESORT.mergesort(MERGESORT.java:47)
	at java_programs.MERGESORT.mergesort(MERGESORT.java:47)
	at java_programs.MERGESORT.mergesort(MERGESORT.java:47)
	at java_programs.MERGESORT.mergesort(MERGESORT.java:47)
	at java_programs.MERGESORT.mergesort(MERGESORT.java:47)
	at java_programs.MERGESORT.mergesort(MERGESORT.java:47)
	at java_programs.MERGESORT.mergesort(MERGESORT.java:47)
	at java_programs.MERGESORT.mergesort(MERGESORT.java:47)
	at java_programs.MERGESORT.mergesort(MERGESORT.java:47)
	at java_programs.MERGESORT.mergesort(MERGESORT.java:47)
	at java_programs.MERGESORT.mergesort(MERGESORT.java:47)
	at java_programs.MERGESORT.mergesort(MERGESORT.java:47)
	at java_programs.MERGESORT.mergesort(MERGESORT.java:47)
	at java_programs.MERGESORT.mergesort(MERGESORT.java:47)
	at java_programs.MERGESORT.mergesort(MERGESORT.java:47)
	at java_programs.MERGESORT.mergesort(MERGESORT.java:47)
	at java_programs.MERGESORT.mergesort(MERGESORT.java:47)
	at java_programs.MERGESORT.mergesort(MERGESORT.java:47)
	at java_programs.MERGESORT.mergesort(MERGESORT.java:47)
	at java_programs.MERGESORT.mergesort(MERGESORT.java:47)
	at java_programs.MERGESORT.mergesort(MERGESORT.java:47)
	at java_programs.MERGESORT.mergesort(MERGESORT.java:47)
	at java_programs.MERGESORT.mergesort(MERGESORT.java:47)
	at java_programs.MERGESORT.mergesort(MERGESORT.java:47)
	at java_programs.MERGESORT.mergesort(MERGESORT.java:47)
	at java_programs.MERGESORT.mergesort(MERGESORT.java:47)
	at java_programs.MERGESORT.mergesort(MERGESORT.java:47)
	at java_programs.MERGESORT.mergesort(MERGESORT.java:47)
	at java_programs.MERGESORT.mergesort(MERGESORT.java:47)
	at java_programs.MERGESORT.mergesort(MERGESORT.java:47)
	at java_programs.MERGESORT.mergesort(MERGESORT.java:47)
	at java_programs.MERGESORT.mergesort(MERGESORT.java:47)
	at java_programs.MERGESORT.mergesort(MERGESORT.java:47)
	at java_programs.MERGESORT.mergesort(MERGESORT.java:47)
	at java_programs.MERGESORT.mergesort(MERGESORT.java:47)
	at java_programs.MERGESORT.mergesort(MERGESORT.java:47)
	at java_programs.MERGESORT.mergesort(MERGESORT.java:47)
	at java_programs.MERGESORT.mergesort(MERGESORT.java:47)
	at java_programs.MERGESORT.mergesort(MERGESORT.java:47)
	at java_programs.MERGESORT.mergesort(MERGESORT.java:47)
	at java_programs.MERGESORT.mergesort(MERGESORT.java:47)
	at java_programs.MERGESORT.mergesort(MERGESORT.java:47)
	at java_programs.MERGESORT.mergesort(MERGESORT.java:47)
	at java_programs.MERGESORT.mergesort(MERGESORT.java:47)
	at java_programs.MERGESORT.mergesort(MERGESORT.java:47)
	at java_programs.MERGESORT.mergesort(MERGESORT.java:47)
	at java_programs.MERGESORT.mergesort(MERGESORT.java:47)
	at java_programs.MERGESORT.mergesort(MERGESORT.java:47)
	at java_programs.MERGESORT.mergesort(MERGESORT.java:47)
	at java_programs.MERGESORT.mergesort(MERGESORT.java:47)
	at java_programs.MERGESORT.mergesort(MERGESORT.java:47)
	at java_programs.MERGESORT.mergesort(MERGESORT.java:47)
	at java_programs.MERGESORT.mergesort(MERGESORT.java:47)
	at java_programs.MERGESORT.mergesort(MERGESORT.java:47)
	at java_programs.MERGESORT.mergesort(MERGESORT.java:47)
	at java_programs.MERGESORT.mergesort(MERGESORT.java:47)
	at java_programs.MERGESORT.mergesort(MERGESORT.java:47)
	at java_programs.MERGESORT.mergesort(MERGESORT.java:47)
	at java_programs.MERGESORT.mergesort(MERGESORT.java:47)
	at java_programs.MERGESORT.mergesort(MERGESORT.java:47)
	at java_programs.MERGESORT.mergesort(MERGESORT.java:47)
	at java_programs.MERGESORT.mergesort(MERGESORT.java:47)
	at java_programs.MERGESORT.mergesort(MERGESORT.java:47)
	at java_programs.MERGESORT.mergesort(MERGESORT.java:47)
	at java_programs.MERGESORT.mergesort(MERGESORT.java:47)
	at java_programs.MERGESORT.mergesort(MERGESORT.java:47)
	at java_programs.MERGESORT.mergesort(MERGESORT.java:47)
	at java_programs.MERGESORT.mergesort(MERGESORT.java:47)
	at java_programs.MERGESORT.mergesort(MERGESORT.java:47)
	at java_programs.MERGESORT.mergesort(MERGESORT.java:47)
	at java_programs.MERGESORT.mergesort(MERGESORT.java:47)
	at java_programs.MERGESORT.mergesort(MERGESORT.java:47)
	at java_programs.MERGESORT.mergesort(MERGESORT.java:47)
	at java_programs.MERGESORT.mergesort(MERGESORT.java:47)
	at java_programs.MERGESORT.mergesort(MERGESORT.java:47)
	at java_programs.MERGESORT.mergesort(MERGESORT.java:47)
	at java_programs.MERGESORT.mergesort(MERGESORT.java:47)
	at java_programs.MERGESORT.mergesort(MERGESORT.java:47)
	at java_programs.MERGESORT.mergesort(MERGESORT.java:47)
	at java_programs.MERGESORT.mergesort(MERGESORT.java:47)
	at java_programs.MERGESORT.mergesort(MERGESORT.java:47)
	at java_programs.MERGESORT.mergesort(MERGESORT.java:47)
	at java_programs.MERGESORT.mergesort(MERGESORT.java:47)
	at java_programs.MERGESORT.mergesort(MERGESORT.java:47)
	at java_programs.MERGESORT.mergesort(MERGESORT.java:47)
	at java_programs.MERGESORT.mergesort(MERGESORT.java:47)
	at java_programs.MERGESORT.mergesort(MERGESORT.java:47)
	at java_programs.MERGESORT.mergesort(MERGESORT.java:47)
	at java_programs.MERGESORT.mergesort(MERGESORT.java:47)
	at java_programs.MERGESORT.mergesort(MERGESORT.java:47)
	at java_programs.MERGESORT.mergesort(MERGESORT.java:47)
	at java_programs.MERGESORT.mergesort(MERGESORT.java:47)
	at java_programs.MERGESORT.mergesort(MERGESORT.java:47)
	at java_programs.MERGESORT.mergesort(MERGESORT.java:47)
	at java_programs.MERGESORT.mergesort(MERGESORT.java:47)
	at java_programs.MERGESORT.mergesort(MERGESORT.java:47)
	at java_programs.MERGESORT.mergesort(MERGESORT.java:47)
	at java_programs.MERGESORT.mergesort(MERGESORT.java:47)
	at java_programs.MERGESORT.mergesort(MERGESORT.java:47)
	at java_programs.MERGESORT.mergesort(MERGESORT.java:47)
	at java_programs.MERGESORT.mergesort(MERGESORT.java:47)
	at java_programs.MERGESORT.mergesort(MERGESORT.java:47)
	at java_programs.MERGESORT.mergesort(MERGESORT.java:47)
	at java_programs.MERGESORT.mergesort(MERGESORT.java:47)
	at java_programs.MERGESORT.mergesort(MERGESORT.java:47)
	at java_programs.MERGESORT.mergesort(MERGESORT.java:47)
	at java_programs.MERGESORT.mergesort(MERGESORT.java:47)
	at java_programs.MERGESORT.mergesort(MERGESORT.java:47)
	at java_programs.MERGESORT.mergesort(MERGESORT.java:47)
	at java_programs.MERGESORT.mergesort(MERGESORT.java:47)
	at java_programs.MERGESORT.mergesort(MERGESORT.java:47)
	at java_programs.MERGESORT.mergesort(MERGESORT.java:47)
	at java_programs.MERGESORT.mergesort(MERGESORT.java:47)
	at java_programs.MERGESORT.mergesort(MERGESORT.java:47)
	at java_programs.MERGESORT.mergesort(MERGESORT.java:47)
	at java_programs.MERGESORT.mergesort(MERGESORT.java:47)
	at java_programs.MERGESORT.mergesort(MERGESORT.java:47)
	at java_programs.MERGESORT.mergesort(MERGESORT.java:47)
	at java_programs.MERGESORT.mergesort(MERGESORT.java:47)
	at java_programs.MERGESORT.mergesort(MERGESORT.java:47)
	at java_programs.MERGESORT.mergesort(MERGESORT.java:47)
	at java_programs.MERGESORT.mergesort(MERGESORT.java:47)
	at java_programs.MERGESORT.mergesort(MERGESORT.java:47)
	at java_programs.MERGESORT.mergesort(MERGESORT.java:47)
	at java_programs.MERGESORT.mergesort(MERGESORT.java:47)
	at java_programs.MERGESORT.mergesort(MERGESORT.java:47)
	at java_programs.MERGESORT.mergesort(MERGESORT.java:47)
	at java_programs.MERGESORT.mergesort(MERGESORT.java:47)
	at java_programs.MERGESORT.mergesort(MERGESORT.java:47)
	at java_programs.MERGESORT.mergesort(MERGESORT.java:47)
	at java_programs.MERGESORT.mergesort(MERGESORT.java:47)
	at java_programs.MERGESORT.mergesort(MERGESORT.java:47)
	at java_programs.MERGESORT.mergesort(MERGESORT.java:47)
	at java_programs.MERGESORT.mergesort(MERGESORT.java:47)
	at java_programs.MERGESORT.mergesort(MERGESORT.java:47)
	at java_programs.MERGESORT.mergesort(MERGESORT.java:47)
	at java_programs.MERGESORT.mergesort(MERGESORT.java:47)
	at java_programs.MERGESORT.mergesort(MERGESORT.java:47)
	at java_programs.MERGESORT.mergesort(MERGESORT.java:47)
	at java_programs.MERGESORT.mergesort(MERGESORT.java:47)
	at java_programs.MERGESORT.mergesort(MERGESORT.java:47)
	at java_programs.MERGESORT.mergesort(MERGESORT.java:47)
	at java_programs.MERGESORT.mergesort(MERGESORT.java:47)
	at java_programs.MERGESORT.mergesort(MERGESORT.java:47)
	at java_programs.MERGESORT.mergesort(MERGESORT.java:47)
	at java_programs.MERGESORT.mergesort(MERGESORT.java:47)
	at java_programs.MERGESORT.mergesort(MERGESORT.java:47)
	at java_programs.MERGESORT.mergesort(MERGESORT.java:47)
	at java_programs.MERGESORT.mergesort(MERGESORT.java:47)
	at java_programs.MERGESORT.mergesort(MERGESORT.java:47)
	at java_programs.MERGESORT.mergesort(MERGESORT.java:47)
	at java_programs.MERGESORT.mergesort(MERGESORT.java:47)
	at java_programs.MERGESORT.mergesort(MERGESORT.java:47)
	at java_programs.MERGESORT.mergesort(MERGESORT.java:47)
	at java_programs.MERGESORT.mergesort(MERGESORT.java:47)
	at java_programs.MERGESORT.mergesort(MERGESORT.java:47)
	at java_programs.MERGESORT.mergesort(MERGESORT.java:47)
	at java_programs.MERGESORT.mergesort(MERGESORT.java:47)
	at java_programs.MERGESORT.mergesort(MERGESORT.java:47)
	at java_programs.MERGESORT.mergesort(MERGESORT.java:47)
	at java_programs.MERGESORT.mergesort(MERGESORT.java:47)
	at java_programs.MERGESORT.mergesort(MERGESORT.java:47)
	at java_programs.MERGESORT.mergesort(MERGESORT.java:47)
	at java_programs.MERGESORT.mergesort(MERGESORT.java:47)
	at java_programs.MERGESORT.mergesort(MERGESORT.java:47)
	at java_programs.MERGESORT.mergesort(MERGESORT.java:47)
	at java_programs.MERGESORT.mergesort(MERGESORT.java:47)
	at java_programs.MERGESORT.mergesort(MERGESORT.java:47)
	at java_programs.MERGESORT.mergesort(MERGESORT.java:47)
	at java_programs.MERGESORT.mergesort(MERGESORT.java:47)
	at java_programs.MERGESORT.mergesort(MERGESORT.java:47)
	at java_programs.MERGESORT.mergesort(MERGESORT.java:47)
	at java_programs.MERGESORT.mergesort(MERGESORT.java:47)
	at java_programs.MERGESORT.mergesort(MERGESORT.java:47)
	at java_programs.MERGESORT.mergesort(MERGESORT.java:47)
	at java_programs.MERGESORT.mergesort(MERGESORT.java:47)
	at java_programs.MERGESORT.mergesort(MERGESORT.java:47)
	at java_programs.MERGESORT.mergesort(MERGESORT.java:47)
	at java_programs.MERGESORT.mergesort(MERGESORT.java:47)
	at java_programs.MERGESORT.mergesort(MERGESORT.java:47)
	at java_programs.MERGESORT.mergesort(MERGESORT.java:47)
	at java_programs.MERGESORT.mergesort(MERGESORT.java:47)
	at java_programs.MERGESORT.mergesort(MERGESORT.java:47)
	at java_programs.MERGESORT.mergesort(MERGESORT.java:47)
	at java_programs.MERGESORT.mergesort(MERGESORT.java:47)
	at java_programs.MERGESORT.mergesort(MERGESORT.java:47)
	at java_programs.MERGESORT.mergesort(MERGESORT.java:47)
	at java_programs.MERGESORT.mergesort(MERGESORT.java:47)
	at java_programs.MERGESORT.mergesort(MERGESORT.java:47)
	at java_programs.MERGESORT.mergesort(MERGESORT.java:47)
	at java_programs.MERGESORT.mergesort(MERGESORT.java:47)
	at java_programs.MERGESORT.mergesort(MERGESORT.java:47)
	at java_programs.MERGESORT.mergesort(MERGESORT.java:47)
	at java_programs.MERGESORT.mergesort(MERGESORT.java:47)
	at java_programs.MERGESORT.mergesort(MERGESORT.java:47)
	at java_programs.MERGESORT.mergesort(MERGESORT.java:47)
	at java_programs.MERGESORT.mergesort(MERGESORT.java:47)
	at java_programs.MERGESORT.mergesort(MERGESORT.java:47)
	at java_programs.MERGESORT.mergesort(MERGESORT.java:47)
	at java_programs.MERGESORT.mergesort(MERGESORT.java:47)
	at java_programs.MERGESORT.mergesort(MERGESORT.java:47)
	at java_programs.MERGESORT.mergesort(MERGESORT.java:47)
	at java_programs.MERGESORT.mergesort(MERGESORT.java:47)
	at java_programs.MERGESORT.mergesort(MERGESORT.java:47)
	at java_programs.MERGESORT.mergesort(MERGESORT.java:47)
	at java_programs.MERGESORT.mergesort(MERGESORT.java:47)
	at java_programs.MERGESORT.mergesort(MERGESORT.java:47)
	at java_programs.MERGESORT.mergesort(MERGESORT.java:47)
	at java_programs.MERGESORT.mergesort(MERGESORT.java:47)
	at java_programs.MERGESORT.mergesort(MERGESORT.java:47)
	at java_programs.MERGESORT.mergesort(MERGESORT.java:47)
	at java_programs.MERGESORT.mergesort(MERGESORT.java:47)
	at java_programs.MERGESORT.mergesort(MERGESORT.java:47)
	at java_programs.MERGESORT.mergesort(MERGESORT.java:47)
	at java_programs.MERGESORT.mergesort(MERGESORT.java:47)
	at java_programs.MERGESORT.mergesort(MERGESORT.java:47)
	at java_programs.MERGESORT.mergesort(MERGESORT.java:47)
	at java_programs.MERGESORT.mergesort(MERGESORT.java:47)
	at java_programs.MERGESORT.mergesort(MERGESORT.java:47)
	at java_programs.MERGESORT.mergesort(MERGESORT.java:47)
	at java_programs.MERGESORT.mergesort(MERGESORT.java:47)
	at java_programs.MERGESORT.mergesort(MERGESORT.java:47)
	at java_programs.MERGESORT.mergesort(MERGESORT.java:47)
	at java_programs.MERGESORT.mergesort(MERGESORT.java:47)
	at java_programs.MERGESORT.mergesort(MERGESORT.java:47)
	at java_programs.MERGESORT.mergesort(MERGESORT.java:47)
	at java_programs.MERGESORT.mergesort(MERGESORT.java:47)
	at java_programs.MERGESORT.mergesort(MERGESORT.java:47)
	at java_programs.MERGESORT.mergesort(MERGESORT.java:47)
	at java_programs.MERGESORT.mergesort(MERGESORT.java:47)
	at java_programs.MERGESORT.mergesort(MERGESORT.java:47)
	at java_programs.MERGESORT.mergesort(MERGESORT.java:47)
	at java_programs.MERGESORT.mergesort(MERGESORT.java:47)
	at java_programs.MERGESORT.mergesort(MERGESORT.java:47)
	at java_programs.MERGESORT.mergesort(MERGESORT.java:47)
	at java_programs.MERGESORT.mergesort(MERGESORT.java:47)
	at java_programs.MERGESORT.mergesort(MERGESORT.java:47)
	at java_programs.MERGESORT.mergesort(MERGESORT.java:47)
	at java_programs.MERGESORT.mergesort(MERGESORT.java:47)
	at java_programs.MERGESORT.mergesort(MERGESORT.java:47)
	at java_programs.MERGESORT.mergesort(MERGESORT.java:47)
	at java_programs.MERGESORT.mergesort(MERGESORT.java:47)
	at java_programs.MERGESORT.mergesort(MERGESORT.java:47)
	at java_programs.MERGESORT.mergesort(MERGESORT.java:47)
	at java_programs.MERGESORT.mergesort(MERGESORT.java:47)
	at java_programs.MERGESORT.mergesort(MERGESORT.java:47)
	at java_programs.MERGESORT.mergesort(MERGESORT.java:47)
	at java_programs.MERGESORT.mergesort(MERGESORT.java:47)
	at java_programs.MERGESORT.mergesort(MERGESORT.java:47)
	at java_programs.MERGESORT.mergesort(MERGESORT.java:47)
	at java_programs.MERGESORT.mergesort(MERGESORT.java:47)
	at java_programs.MERGESORT.mergesort(MERGESORT.java:47)
	at java_programs.MERGESORT.mergesort(MERGESORT.java:47)
	at java_programs.MERGESORT.mergesort(MERGESORT.java:47)
	at java_programs.MERGESORT.mergesort(MERGESORT.java:47)
	at java_programs.MERGESORT.mergesort(MERGESORT.java:47)
	at java_programs.MERGESORT.mergesort(MERGESORT.java:47)
	at java_programs.MERGESORT.mergesort(MERGESORT.java:47)
	at java_programs.MERGESORT.mergesort(MERGESORT.java:47)
	at java_programs.MERGESORT.mergesort(MERGESORT.java:47)
	at java_programs.MERGESORT.mergesort(MERGESORT.java:47)
	at java_programs.MERGESORT.mergesort(MERGESORT.java:47)
	at java_programs.MERGESORT.mergesort(MERGESORT.java:47)
	at java_programs.MERGESORT.mergesort(MERGESORT.java:47)
	at java_programs.MERGESORT.mergesort(MERGESORT.java:47)
	at java_programs.MERGESORT.mergesort(MERGESORT.java:47)
	at java_programs.MERGESORT.mergesort(MERGESORT.java:47)
	at java_programs.MERGESORT.mergesort(MERGESORT.java:47)
	at java_programs.MERGESORT.mergesort(MERGESORT.java:47)
	at java_programs.MERGESORT.mergesort(MERGESORT.java:47)
	at java_programs.MERGESORT.mergesort(MERGESORT.java:47)
	at java_programs.MERGESORT.mergesort(MERGESORT.java:47)
	at java_programs.MERGESORT.mergesort(MERGESORT.java:47)
	at java_programs.MERGESORT.mergesort(MERGESORT.java:47)
	at java_programs.MERGESORT.mergesort(MERGESORT.java:47)
	at java_programs.MERGESORT.mergesort(MERGESORT.java:47)
	at java_programs.MERGESORT.mergesort(MERGESORT.java:47)
	at java_programs.MERGESORT.mergesort(MERGESORT.java:47)
	at java_programs.MERGESORT.mergesort(MERGESORT.java:47)
	at java_programs.MERGESORT.mergesort(MERGESORT.java:47)
	at java_programs.MERGESORT.mergesort(MERGESORT.java:47)
	at java_programs.MERGESORT.mergesort(MERGESORT.java:47)
	at java_programs.MERGESORT.mergesort(MERGESORT.java:47)
	at java_programs.MERGESORT.mergesort(MERGESORT.java:47)
	at java_programs.MERGESORT.mergesort(MERGESORT.java:47)
	at java_programs.MERGESORT.mergesort(MERGESORT.java:47)
	at java_programs.MERGESORT.mergesort(MERGESORT.java:47)
	at java_programs.MERGESORT.mergesort(MERGESORT.java:47)
	at java_programs.MERGESORT.mergesort(MERGESORT.java:47)
	at java_programs.MERGESORT.mergesort(MERGESORT.java:47)
	at java_programs.MERGESORT.mergesort(MERGESORT.java:47)
	at java_programs.MERGESORT.mergesort(MERGESORT.java:47)
	at java_programs.MERGESORT.mergesort(MERGESORT.java:47)
	at java_programs.MERGESORT.mergesort(MERGESORT.java:47)
	at java_programs.MERGESORT.mergesort(MERGESORT.java:47)
	at java_programs.MERGESORT.mergesort(MERGESORT.java:47)
	at java_programs.MERGESORT.mergesort(MERGESORT.java:47)
	at java_programs.MERGESORT.mergesort(MERGESORT.java:47)
	at java_programs.MERGESORT.mergesort(MERGESORT.java:47)
	at java_programs.MERGESORT.mergesort(MERGESORT.java:47)
	at java_programs.MERGESORT.mergesort(MERGESORT.java:47)
	at java_programs.MERGESORT.mergesort(MERGESORT.java:47)
	at java_programs.MERGESORT.mergesort(MERGESORT.java:47)
	at java_programs.MERGESORT.mergesort(MERGESORT.java:47)
	at java_programs.MERGESORT.mergesort(MERGESORT.java:47)
	at java_programs.MERGESORT.mergesort(MERGESORT.java:47)
	at java_programs.MERGESORT.mergesort(MERGESORT.java:47)
	at java_programs.MERGESORT.mergesort(MERGESORT.java:47)
	at java_programs.MERGESORT.mergesort(MERGESORT.java:47)
	at java_programs.MERGESORT.mergesort(MERGESORT.java:47)
	at java_programs.MERGESORT.mergesort(MERGESORT.java:47)
	at java_programs.MERGESORT.mergesort(MERGESORT.java:47)
	at java_programs.MERGESORT.mergesort(MERGESORT.java:47)
	at java_programs.MERGESORT.mergesort(MERGESORT.java:47)
	at java_programs.MERGESORT.mergesort(MERGESORT.java:47)
	at java_programs.MERGESORT.mergesort(MERGESORT.java:47)
	at java_programs.MERGESORT.mergesort(MERGESORT.java:47)
	at java_programs.MERGESORT.mergesort(MERGESORT.java:47)
	at java_programs.MERGESORT.mergesort(MERGESORT.java:47)
	at java_programs.MERGESORT.mergesort(MERGESORT.java:47)
	at java_programs.MERGESORT.mergesort(MERGESORT.java:47)
	at java_programs.MERGESORT.mergesort(MERGESORT.java:47)
	at java_programs.MERGESORT.mergesort(MERGESORT.java:47)
	at java_programs.MERGESORT.mergesort(MERGESORT.java:47)
	at java_programs.MERGESORT.mergesort(MERGESORT.java:47)
	at java_programs.MERGESORT.mergesort(MERGESORT.java:47)
	at java_programs.MERGESORT.mergesort(MERGESORT.java:47)
	at java_programs.MERGESORT.mergesort(MERGESORT.java:47)
	at java_programs.MERGESORT.mergesort(MERGESORT.java:47)
	at java_programs.MERGESORT.mergesort(MERGESORT.java:47)
	at java_programs.MERGESORT.mergesort(MERGESORT.java:47)
	at java_programs.MERGESORT.mergesort(MERGESORT.java:47)
	at java_programs.MERGESORT.mergesort(MERGESORT.java:47)
	at java_programs.MERGESORT.mergesort(MERGESORT.java:47)
	at java_programs.MERGESORT.mergesort(MERGESORT.java:47)
	at java_programs.MERGESORT.mergesort(MERGESORT.java:47)
	at java_programs.MERGESORT.mergesort(MERGESORT.java:47)
	at java_programs.MERGESORT.mergesort(MERGESORT.java:47)
	at java_programs.MERGESORT.mergesort(MERGESORT.java:47)
	at java_programs.MERGESORT.mergesort(MERGESORT.java:47)
	at java_programs.MERGESORT.mergesort(MERGESORT.java:47)
	at java_programs.MERGESORT.mergesort(MERGESORT.java:47)
	at java_programs.MERGESORT.mergesort(MERGESORT.java:47)
	at java_programs.MERGESORT.mergesort(MERGESORT.java:47)
	at java_programs.MERGESORT.mergesort(MERGESORT.java:47)
	at java_programs.MERGESORT.mergesort(MERGESORT.java:47)
	at java_programs.MERGESORT.mergesort(MERGESORT.java:47)
	at java_programs.MERGESORT.mergesort(MERGESORT.java:47)
	at java_programs.MERGESORT.mergesort(MERGESORT.java:47)
	at java_programs.MERGESORT.mergesort(MERGESORT.java:47)
	at java_programs.MERGESORT.mergesort(MERGESORT.java:47)
	at java_programs.MERGESORT.mergesort(MERGESORT.java:47)
	at java_programs.MERGESORT.mergesort(MERGESORT.java:47)
	at java_programs.MERGESORT.mergesort(MERGESORT.java:47)
	at java_programs.MERGESORT.mergesort(MERGESORT.java:47)
	at java_programs.MERGESORT.mergesort(MERGESORT.java:47)
	at java_programs.MERGESORT.mergesort(MERGESORT.java:47)
	at java_programs.MERGESORT.mergesort(MERGESORT.java:47)
	at java_programs.MERGESORT.mergesort(MERGESORT.java:47)
	at java_programs.MERGESORT.mergesort(MERGESORT.java:47)
	at java_programs.MERGESORT.mergesort(MERGESORT.java:47)
	at java_programs.MERGESORT.mergesort(MERGESORT.java:47)
	at java_programs.MERGESORT.mergesort(MERGESORT.java:47)
	at java_programs.MERGESORT.mergesort(MERGESORT.java:47)
	at java_programs.MERGESORT.mergesort(MERGESORT.java:47)
	at java_programs.MERGESORT.mergesort(MERGESORT.java:47)
	at java_programs.MERGESORT.mergesort(MERGESORT.java:47)
	at java_programs.MERGESORT.mergesort(MERGESORT.java:47)
	at java_programs.MERGESORT.mergesort(MERGESORT.java:47)
	at java_programs.MERGESORT.mergesort(MERGESORT.java:47)
	at java_programs.MERGESORT.mergesort(MERGESORT.java:47)
	at java_programs.MERGESORT.mergesort(MERGESORT.java:47)
	at java_programs.MERGESORT.mergesort(MERGESORT.java:47)
	at java_programs.MERGESORT.mergesort(MERGESORT.java:47)
	at java_programs.MERGESORT.mergesort(MERGESORT.java:47)
	at java_programs.MERGESORT.mergesort(MERGESORT.java:47)
	at java_programs.MERGESORT.mergesort(MERGESORT.java:47)
	at java_programs.MERGESORT.mergesort(MERGESORT.java:47)
	at java_programs.MERGESORT.mergesort(MERGESORT.java:47)
	at java_programs.MERGESORT.mergesort(MERGESORT.java:47)
	at java_programs.MERGESORT.mergesort(MERGESORT.java:47)
	at java_programs.MERGESORT.mergesort(MERGESORT.java:47)
	at java_programs.MERGESORT.mergesort(MERGESORT.java:47)
	at java_programs.MERGESORT.mergesort(MERGESORT.java:47)
	at java_programs.MERGESORT.mergesort(MERGESORT.java:47)
	at java_programs.MERGESORT.mergesort(MERGESORT.java:47)
	at java_programs.MERGESORT.mergesort(MERGESORT.java:47)
	at java_programs.MERGESORT.mergesort(MERGESORT.java:47)
	at java_programs.MERGESORT.mergesort(MERGESORT.java:47)
	at java_programs.MERGESORT.mergesort(MERGESORT.java:47)
	at java_programs.MERGESORT.mergesort(MERGESORT.java:47)
	at java_programs.MERGESORT.mergesort(MERGESORT.java:47)
	at java_programs.MERGESORT.mergesort(MERGESORT.java:47)
	at java_programs.MERGESORT.mergesort(MERGESORT.java:47)
	at java_programs.MERGESORT.mergesort(MERGESORT.java:47)
	at java_programs.MERGESORT.mergesort(MERGESORT.java:47)
	at java_programs.MERGESORT.mergesort(MERGESORT.java:47)
	at java_programs.MERGESORT.mergesort(MERGESORT.java:47)
	at java_programs.MERGESORT.mergesort(MERGESORT.java:47)
	at java_programs.MERGESORT.mergesort(MERGESORT.java:47)
	at java_programs.MERGESORT.mergesort(MERGESORT.java:47)
	at java_programs.MERGESORT.mergesort(MERGESORT.java:47)
	at java_programs.MERGESORT.mergesort(MERGESORT.java:47)
	at java_programs.MERGESORT.mergesort(MERGESORT.java:47)
	at java_programs.MERGESORT.mergesort(MERGESORT.java:47)
	at java_programs.MERGESORT.mergesort(MERGESORT.java:47)
	at java_programs.MERGESORT.mergesort(MERGESORT.java:47)
	at java_programs.MERGESORT.mergesort(MERGESORT.java:47)
	at java_programs.MERGESORT.mergesort(MERGESORT.java:47)
	at java_programs.MERGESORT.mergesort(MERGESORT.java:47)
	at java_programs.MERGESORT.mergesort(MERGESORT.java:47)
	at java_programs.MERGESORT.mergesort(MERGESORT.java:47)
	at java_programs.MERGESORT.mergesort(MERGESORT.java:47)
	at java_programs.MERGESORT.mergesort(MERGESORT.java:47)
	at java_programs.MERGESORT.mergesort(MERGESORT.java:47)
	at java_programs.MERGESORT.mergesort(MERGESORT.java:47)
	at java_programs.MERGESORT.mergesort(MERGESORT.java:47)
	at java_programs.MERGESORT.mergesort(MERGESORT.java:47)
	at java_programs.MERGESORT.mergesort(MERGESORT.java:47)
	at java_programs.MERGESORT.mergesort(MERGESORT.java:47)
	at java_programs.MERGESORT.mergesort(MERGESORT.java:47)
	at java_programs.MERGESORT.mergesort(MERGESORT.java:47)
	at java_programs.MERGESORT.mergesort(MERGESORT.java:47)
	at java_programs.MERGESORT.mergesort(MERGESORT.java:47)
	at java_programs.MERGESORT.mergesort(MERGESORT.java:47)
	at java_programs.MERGESORT.mergesort(MERGESORT.java:47)
	at java_programs.MERGESORT.mergesort(MERGESORT.java:47)
	at java_programs.MERGESORT.mergesort(MERGESORT.java:47)
	at java_programs.MERGESORT.mergesort(MERGESORT.java:47)
	at java_programs.MERGESORT.mergesort(MERGESORT.java:47)
	at java_programs.MERGESORT.mergesort(MERGESORT.java:47)
	at java_programs.MERGESORT.mergesort(MERGESORT.java:47)
	at java_programs.MERGESORT.mergesort(MERGESORT.java:47)
	at java_programs.MERGESORT.mergesort(MERGESORT.java:47)
	at java_programs.MERGESORT.mergesort(MERGESORT.java:47)
	at java_programs.MERGESORT.mergesort(MERGESORT.java:47)
	at java_programs.MERGESORT.mergesort(MERGESORT.java:47)
	at java_programs.MERGESORT.mergesort(MERGESORT.java:47)
	at java_programs.MERGESORT.mergesort(MERGESORT.java:47)
	at java_programs.MERGESORT.mergesort(MERGESORT.java:47)
	at java_programs.MERGESORT.mergesort(MERGESORT.java:47)
	at java_programs.MERGESORT.mergesort(MERGESORT.java:47)
	at java_programs.MERGESORT.mergesort(MERGESORT.java:47)
	at java_programs.MERGESORT.mergesort(MERGESORT.java:47)
	at java_programs.MERGESORT.mergesort(MERGESORT.java:47)
	at java_programs.MERGESORT.mergesort(MERGESORT.java:47)
	at java_programs.MERGESORT.mergesort(MERGESORT.java:47)
	at java_programs.MERGESORT.mergesort(MERGESORT.java:47)
	at java_programs.MERGESORT.mergesort(MERGESORT.java:47)
	at java_programs.MERGESORT.mergesort(MERGESORT.java:47)
	at java_programs.MERGESORT.mergesort(MERGESORT.java:47)
	at java_programs.MERGESORT.mergesort(MERGESORT.java:47)
	at java_programs.MERGESORT.mergesort(MERGESORT.java:47)
	at java_programs.MERGESORT.mergesort(MERGESORT.java:47)
	at java_programs.MERGESORT.mergesort(MERGESORT.java:47)
	at java_programs.MERGESORT.mergesort(MERGESORT.java:47)
	at java_programs.MERGESORT.mergesort(MERGESORT.java:47)
	at java_programs.MERGESORT.mergesort(MERGESORT.java:47)
	at java_programs.MERGESORT.mergesort(MERGESORT.java:47)
	at java_programs.MERGESORT.mergesort(MERGESORT.java:47)
	at java_programs.MERGESORT.mergesort(MERGESORT.java:47)
	at java_programs.MERGESORT.mergesort(MERGESORT.java:47)
	at java_programs.MERGESORT.mergesort(MERGESORT.java:47)
	at java_programs.MERGESORT.mergesort(MERGESORT.java:47)
	at java_programs.MERGESORT.mergesort(MERGESORT.java:47)
	at java_programs.MERGESORT.mergesort(MERGESORT.java:47)
	at java_programs.MERGESORT.mergesort(MERGESORT.java:47)
	at java_programs.MERGESORT.mergesort(MERGESORT.java:47)
	at java_programs.MERGESORT.mergesort(MERGESORT.java:47)
	at java_programs.MERGESORT.mergesort(MERGESORT.java:47)
	at java_programs.MERGESORT.mergesort(MERGESORT.java:47)
	at java_programs.MERGESORT.mergesort(MERGESORT.java:47)
	at java_programs.MERGESORT.mergesort(MERGESORT.java:47)
	at java_programs.MERGESORT.mergesort(MERGESORT.java:47)
	at java_programs.MERGESORT.mergesort(MERGESORT.java:47)
	at java_programs.MERGESORT.mergesort(MERGESORT.java:47)
	at java_programs.MERGESORT.mergesort(MERGESORT.java:47)
	at java_programs.MERGESORT.mergesort(MERGESORT.java:47)
	at java_programs.MERGESORT.mergesort(MERGESORT.java:47)
	at java_programs.MERGESORT.mergesort(MERGESORT.java:47)
	at java_programs.MERGESORT.mergesort(MERGESORT.java:47)
	at java_programs.MERGESORT.mergesort(MERGESORT.java:47)
	at java_programs.MERGESORT.mergesort(MERGESORT.java:47)
	at java_programs.MERGESORT.mergesort(MERGESORT.java:47)
	at java_programs.MERGESORT.mergesort(MERGESORT.java:47)
	at java_programs.MERGESORT.mergesort(MERGESORT.java:47)
	at java_programs.MERGESORT.mergesort(MERGESORT.java:47)
	at java_programs.MERGESORT.mergesort(MERGESORT.java:47)
	at java_programs.MERGESORT.mergesort(MERGESORT.java:47)
	at java_programs.MERGESORT.mergesort(MERGESORT.java:47)
	at java_programs.MERGESORT.mergesort(MERGESORT.java:47)
	at java_programs.MERGESORT.mergesort(MERGESORT.java:47)
	at java_programs.MERGESORT.mergesort(MERGESORT.java:47)
	at java_programs.MERGESORT.mergesort(MERGESORT.java:47)
	at java_programs.MERGESORT.mergesort(MERGESORT.java:47)
	at java_programs.MERGESORT.mergesort(MERGESORT.java:47)
	at java_programs.MERGESORT.mergesort(MERGESORT.java:47)
	at java_programs.MERGESORT.mergesort(MERGESORT.java:47)
	at java_programs.MERGESORT.mergesort(MERGESORT.java:47)
	at java_programs.MERGESORT.mergesort(MERGESORT.java:47)
	at java_programs.MERGESORT.mergesort(MERGESORT.java:47)
	at java_programs.MERGESORT.mergesort(MERGESORT.java:47)
	at java_programs.MERGESORT.mergesort(MERGESORT.java:47)
	at java_programs.MERGESORT.mergesort(MERGESORT.java:47)
	at java_programs.MERGESORT.mergesort(MERGESORT.java:47)
	at java_programs.MERGESORT.mergesort(MERGESORT.java:47)
	at java_programs.MERGESORT.mergesort(MERGESORT.java:47)
</failure>
  </testcase>
  <testcase name="test_11" classname="java_testcases.junit.MERGESORT_TEST" time="0.006">
    <failure message="java.lang.StackOverflowError" type="java.lang.StackOverflowError">java.lang.StackOverflowError
	at java.util.ArrayList.addAll(ArrayList.java:583)
	at java_programs.MERGESORT.mergesort(MERGESORT.java:43)
	at java_programs.MERGESORT.mergesort(MERGESORT.java:47)
	at java_programs.MERGESORT.mergesort(MERGESORT.java:47)
	at java_programs.MERGESORT.mergesort(MERGESORT.java:47)
	at java_programs.MERGESORT.mergesort(MERGESORT.java:47)
	at java_programs.MERGESORT.mergesort(MERGESORT.java:47)
	at java_programs.MERGESORT.mergesort(MERGESORT.java:47)
	at java_programs.MERGESORT.mergesort(MERGESORT.java:47)
	at java_programs.MERGESORT.mergesort(MERGESORT.java:47)
	at java_programs.MERGESORT.mergesort(MERGESORT.java:47)
	at java_programs.MERGESORT.mergesort(MERGESORT.java:47)
	at java_programs.MERGESORT.mergesort(MERGESORT.java:47)
	at java_programs.MERGESORT.mergesort(MERGESORT.java:47)
	at java_programs.MERGESORT.mergesort(MERGESORT.java:47)
	at java_programs.MERGESORT.mergesort(MERGESORT.java:47)
	at java_programs.MERGESORT.mergesort(MERGESORT.java:47)
	at java_programs.MERGESORT.mergesort(MERGESORT.java:47)
	at java_programs.MERGESORT.mergesort(MERGESORT.java:47)
	at java_programs.MERGESORT.mergesort(MERGESORT.java:47)
	at java_programs.MERGESORT.mergesort(MERGESORT.java:47)
	at java_programs.MERGESORT.mergesort(MERGESORT.java:47)
	at java_programs.MERGESORT.mergesort(MERGESORT.java:47)
	at java_programs.MERGESORT.mergesort(MERGESORT.java:47)
	at java_programs.MERGESORT.mergesort(MERGESORT.java:47)
	at java_programs.MERGESORT.mergesort(MERGESORT.java:47)
	at java_programs.MERGESORT.mergesort(MERGESORT.java:47)
	at java_programs.MERGESORT.mergesort(MERGESORT.java:47)
	at java_programs.MERGESORT.mergesort(MERGESORT.java:47)
	at java_programs.MERGESORT.mergesort(MERGESORT.java:47)
	at java_programs.MERGESORT.mergesort(MERGESORT.java:47)
	at java_programs.MERGESORT.mergesort(MERGESORT.java:47)
	at java_programs.MERGESORT.mergesort(MERGESORT.java:47)
	at java_programs.MERGESORT.mergesort(MERGESORT.java:47)
	at java_programs.MERGESORT.mergesort(MERGESORT.java:47)
	at java_programs.MERGESORT.mergesort(MERGESORT.java:47)
	at java_programs.MERGESORT.mergesort(MERGESORT.java:47)
	at java_programs.MERGESORT.mergesort(MERGESORT.java:47)
	at java_programs.MERGESORT.mergesort(MERGESORT.java:47)
	at java_programs.MERGESORT.mergesort(MERGESORT.java:47)
	at java_programs.MERGESORT.mergesort(MERGESORT.java:47)
	at java_programs.MERGESORT.mergesort(MERGESORT.java:47)
	at java_programs.MERGESORT.mergesort(MERGESORT.java:47)
	at java_programs.MERGESORT.mergesort(MERGESORT.java:47)
	at java_programs.MERGESORT.mergesort(MERGESORT.java:47)
	at java_programs.MERGESORT.mergesort(MERGESORT.java:47)
	at java_programs.MERGESORT.mergesort(MERGESORT.java:47)
	at java_programs.MERGESORT.mergesort(MERGESORT.java:47)
	at java_programs.MERGESORT.mergesort(MERGESORT.java:47)
	at java_programs.MERGESORT.mergesort(MERGESORT.java:47)
	at java_programs.MERGESORT.mergesort(MERGESORT.java:47)
	at java_programs.MERGESORT.mergesort(MERGESORT.java:47)
	at java_programs.MERGESORT.mergesort(MERGESORT.java:47)
	at java_programs.MERGESORT.mergesort(MERGESORT.java:47)
	at java_programs.MERGESORT.mergesort(MERGESORT.java:47)
	at java_programs.MERGESORT.mergesort(MERGESORT.java:47)
	at java_programs.MERGESORT.mergesort(MERGESORT.java:47)
	at java_programs.MERGESORT.mergesort(MERGESORT.java:47)
	at java_programs.MERGESORT.mergesort(MERGESORT.java:47)
	at java_programs.MERGESORT.mergesort(MERGESORT.java:47)
	at java_programs.MERGESORT.mergesort(MERGESORT.java:47)
	at java_programs.MERGESORT.mergesort(MERGESORT.java:47)
	at java_programs.MERGESORT.mergesort(MERGESORT.java:47)
	at java_programs.MERGESORT.mergesort(MERGESORT.java:47)
	at java_programs.MERGESORT.mergesort(MERGESORT.java:47)
	at java_programs.MERGESORT.mergesort(MERGESORT.java:47)
	at java_programs.MERGESORT.mergesort(MERGESORT.java:47)
	at java_programs.MERGESORT.mergesort(MERGESORT.java:47)
	at java_programs.MERGESORT.mergesort(MERGESORT.java:47)
	at java_programs.MERGESORT.mergesort(MERGESORT.java:47)
	at java_programs.MERGESORT.mergesort(MERGESORT.java:47)
	at java_programs.MERGESORT.mergesort(MERGESORT.java:47)
	at java_programs.MERGESORT.mergesort(MERGESORT.java:47)
	at java_programs.MERGESORT.mergesort(MERGESORT.java:47)
	at java_programs.MERGESORT.mergesort(MERGESORT.java:47)
	at java_programs.MERGESORT.mergesort(MERGESORT.java:47)
	at java_programs.MERGESORT.mergesort(MERGESORT.java:47)
	at java_programs.MERGESORT.mergesort(MERGESORT.java:47)
	at java_programs.MERGESORT.mergesort(MERGESORT.java:47)
	at java_programs.MERGESORT.mergesort(MERGESORT.java:47)
	at java_programs.MERGESORT.mergesort(MERGESORT.java:47)
	at java_programs.MERGESORT.mergesort(MERGESORT.java:47)
	at java_programs.MERGESORT.mergesort(MERGESORT.java:47)
	at java_programs.MERGESORT.mergesort(MERGESORT.java:47)
	at java_programs.MERGESORT.mergesort(MERGESORT.java:47)
	at java_programs.MERGESORT.mergesort(MERGESORT.java:47)
	at java_programs.MERGESORT.mergesort(MERGESORT.java:47)
	at java_programs.MERGESORT.mergesort(MERGESORT.java:47)
	at java_programs.MERGESORT.mergesort(MERGESORT.java:47)
	at java_programs.MERGESORT.mergesort(MERGESORT.java:47)
	at java_programs.MERGESORT.mergesort(MERGESORT.java:47)
	at java_programs.MERGESORT.mergesort(MERGESORT.java:47)
	at java_programs.MERGESORT.mergesort(MERGESORT.java:47)
	at java_programs.MERGESORT.mergesort(MERGESORT.java:47)
	at java_programs.MERGESORT.mergesort(MERGESORT.java:47)
	at java_programs.MERGESORT.mergesort(MERGESORT.java:47)
	at java_programs.MERGESORT.mergesort(MERGESORT.java:47)
	at java_programs.MERGESORT.mergesort(MERGESORT.java:47)
	at java_programs.MERGESORT.mergesort(MERGESORT.java:47)
	at java_programs.MERGESORT.mergesort(MERGESORT.java:47)
	at java_programs.MERGESORT.mergesort(MERGESORT.java:47)
	at java_programs.MERGESORT.mergesort(MERGESORT.java:47)
	at java_programs.MERGESORT.mergesort(MERGESORT.java:47)
	at java_programs.MERGESORT.mergesort(MERGESORT.java:47)
	at java_programs.MERGESORT.mergesort(MERGESORT.java:47)
	at java_programs.MERGESORT.mergesort(MERGESORT.java:47)
	at java_programs.MERGESORT.mergesort(MERGESORT.java:47)
	at java_programs.MERGESORT.mergesort(MERGESORT.java:47)
	at java_programs.MERGESORT.mergesort(MERGESORT.java:47)
	at java_programs.MERGESORT.mergesort(MERGESORT.java:47)
	at java_programs.MERGESORT.mergesort(MERGESORT.java:47)
	at java_programs.MERGESORT.mergesort(MERGESORT.java:47)
	at java_programs.MERGESORT.mergesort(MERGESORT.java:47)
	at java_programs.MERGESORT.mergesort(MERGESORT.java:47)
	at java_programs.MERGESORT.mergesort(MERGESORT.java:47)
	at java_programs.MERGESORT.mergesort(MERGESORT.java:47)
	at java_programs.MERGESORT.mergesort(MERGESORT.java:47)
	at java_programs.MERGESORT.mergesort(MERGESORT.java:47)
	at java_programs.MERGESORT.mergesort(MERGESORT.java:47)
	at java_programs.MERGESORT.mergesort(MERGESORT.java:47)
	at java_programs.MERGESORT.mergesort(MERGESORT.java:47)
	at java_programs.MERGESORT.mergesort(MERGESORT.java:47)
	at java_programs.MERGESORT.mergesort(MERGESORT.java:47)
	at java_programs.MERGESORT.mergesort(MERGESORT.java:47)
	at java_programs.MERGESORT.mergesort(MERGESORT.java:47)
	at java_programs.MERGESORT.mergesort(MERGESORT.java:47)
	at java_programs.MERGESORT.mergesort(MERGESORT.java:47)
	at java_programs.MERGESORT.mergesort(MERGESORT.java:47)
	at java_programs.MERGESORT.mergesort(MERGESORT.java:47)
	at java_programs.MERGESORT.mergesort(MERGESORT.java:47)
	at java_programs.MERGESORT.mergesort(MERGESORT.java:47)
	at java_programs.MERGESORT.mergesort(MERGESORT.java:47)
	at java_programs.MERGESORT.mergesort(MERGESORT.java:47)
	at java_programs.MERGESORT.mergesort(MERGESORT.java:47)
	at java_programs.MERGESORT.mergesort(MERGESORT.java:47)
	at java_programs.MERGESORT.mergesort(MERGESORT.java:47)
	at java_programs.MERGESORT.mergesort(MERGESORT.java:47)
	at java_programs.MERGESORT.mergesort(MERGESORT.java:47)
	at java_programs.MERGESORT.mergesort(MERGESORT.java:47)
	at java_programs.MERGESORT.mergesort(MERGESORT.java:47)
	at java_programs.MERGESORT.mergesort(MERGESORT.java:47)
	at java_programs.MERGESORT.mergesort(MERGESORT.java:47)
	at java_programs.MERGESORT.mergesort(MERGESORT.java:47)
	at java_programs.MERGESORT.mergesort(MERGESORT.java:47)
	at java_programs.MERGESORT.mergesort(MERGESORT.java:47)
	at java_programs.MERGESORT.mergesort(MERGESORT.java:47)
	at java_programs.MERGESORT.mergesort(MERGESORT.java:47)
	at java_programs.MERGESORT.mergesort(MERGESORT.java:47)
	at java_programs.MERGESORT.mergesort(MERGESORT.java:47)
	at java_programs.MERGESORT.mergesort(MERGESORT.java:47)
	at java_programs.MERGESORT.mergesort(MERGESORT.java:47)
	at java_programs.MERGESORT.mergesort(MERGESORT.java:47)
	at java_programs.MERGESORT.mergesort(MERGESORT.java:47)
	at java_programs.MERGESORT.mergesort(MERGESORT.java:47)
	at java_programs.MERGESORT.mergesort(MERGESORT.java:47)
	at java_programs.MERGESORT.mergesort(MERGESORT.java:47)
	at java_programs.MERGESORT.mergesort(MERGESORT.java:47)
	at java_programs.MERGESORT.mergesort(MERGESORT.java:47)
	at java_programs.MERGESORT.mergesort(MERGESORT.java:47)
	at java_programs.MERGESORT.mergesort(MERGESORT.java:47)
	at java_programs.MERGESORT.mergesort(MERGESORT.java:47)
	at java_programs.MERGESORT.mergesort(MERGESORT.java:47)
	at java_programs.MERGESORT.mergesort(MERGESORT.java:47)
	at java_programs.MERGESORT.mergesort(MERGESORT.java:47)
	at java_programs.MERGESORT.mergesort(MERGESORT.java:47)
	at java_programs.MERGESORT.mergesort(MERGESORT.java:47)
	at java_programs.MERGESORT.mergesort(MERGESORT.java:47)
	at java_programs.MERGESORT.mergesort(MERGESORT.java:47)
	at java_programs.MERGESORT.mergesort(MERGESORT.java:47)
	at java_programs.MERGESORT.mergesort(MERGESORT.java:47)
	at java_programs.MERGESORT.mergesort(MERGESORT.java:47)
	at java_programs.MERGESORT.mergesort(MERGESORT.java:47)
	at java_programs.MERGESORT.mergesort(MERGESORT.java:47)
	at java_programs.MERGESORT.mergesort(MERGESORT.java:47)
	at java_programs.MERGESORT.mergesort(MERGESORT.java:47)
	at java_programs.MERGESORT.mergesort(MERGESORT.java:47)
	at java_programs.MERGESORT.mergesort(MERGESORT.java:47)
	at java_programs.MERGESORT.mergesort(MERGESORT.java:47)
	at java_programs.MERGESORT.mergesort(MERGESORT.java:47)
	at java_programs.MERGESORT.mergesort(MERGESORT.java:47)
	at java_programs.MERGESORT.mergesort(MERGESORT.java:47)
	at java_programs.MERGESORT.mergesort(MERGESORT.java:47)
	at java_programs.MERGESORT.mergesort(MERGESORT.java:47)
	at java_programs.MERGESORT.mergesort(MERGESORT.java:47)
	at java_programs.MERGESORT.mergesort(MERGESORT.java:47)
	at java_programs.MERGESORT.mergesort(MERGESORT.java:47)
	at java_programs.MERGESORT.mergesort(MERGESORT.java:47)
	at java_programs.MERGESORT.mergesort(MERGESORT.java:47)
	at java_programs.MERGESORT.mergesort(MERGESORT.java:47)
	at java_programs.MERGESORT.mergesort(MERGESORT.java:47)
	at java_programs.MERGESORT.mergesort(MERGESORT.java:47)
	at java_programs.MERGESORT.mergesort(MERGESORT.java:47)
	at java_programs.MERGESORT.mergesort(MERGESORT.java:47)
	at java_programs.MERGESORT.mergesort(MERGESORT.java:47)
	at java_programs.MERGESORT.mergesort(MERGESORT.java:47)
	at java_programs.MERGESORT.mergesort(MERGESORT.java:47)
	at java_programs.MERGESORT.mergesort(MERGESORT.java:47)
	at java_programs.MERGESORT.mergesort(MERGESORT.java:47)
	at java_programs.MERGESORT.mergesort(MERGESORT.java:47)
	at java_programs.MERGESORT.mergesort(MERGESORT.java:47)
	at java_programs.MERGESORT.mergesort(MERGESORT.java:47)
	at java_programs.MERGESORT.mergesort(MERGESORT.java:47)
	at java_programs.MERGESORT.mergesort(MERGESORT.java:47)
	at java_programs.MERGESORT.mergesort(MERGESORT.java:47)
	at java_programs.MERGESORT.mergesort(MERGESORT.java:47)
	at java_programs.MERGESORT.mergesort(MERGESORT.java:47)
	at java_programs.MERGESORT.mergesort(MERGESORT.java:47)
	at java_programs.MERGESORT.mergesort(MERGESORT.java:47)
	at java_programs.MERGESORT.mergesort(MERGESORT.java:47)
	at java_programs.MERGESORT.mergesort(MERGESORT.java:47)
	at java_programs.MERGESORT.mergesort(MERGESORT.java:47)
	at java_programs.MERGESORT.mergesort(MERGESORT.java:47)
	at java_programs.MERGESORT.mergesort(MERGESORT.java:47)
	at java_programs.MERGESORT.mergesort(MERGESORT.java:47)
	at java_programs.MERGESORT.mergesort(MERGESORT.java:47)
	at java_programs.MERGESORT.mergesort(MERGESORT.java:47)
	at java_programs.MERGESORT.mergesort(MERGESORT.java:47)
	at java_programs.MERGESORT.mergesort(MERGESORT.java:47)
	at java_programs.MERGESORT.mergesort(MERGESORT.java:47)
	at java_programs.MERGESORT.mergesort(MERGESORT.java:47)
	at java_programs.MERGESORT.mergesort(MERGESORT.java:47)
	at java_programs.MERGESORT.mergesort(MERGESORT.java:47)
	at java_programs.MERGESORT.mergesort(MERGESORT.java:47)
	at java_programs.MERGESORT.mergesort(MERGESORT.java:47)
	at java_programs.MERGESORT.mergesort(MERGESORT.java:47)
	at java_programs.MERGESORT.mergesort(MERGESORT.java:47)
	at java_programs.MERGESORT.mergesort(MERGESORT.java:47)
	at java_programs.MERGESORT.mergesort(MERGESORT.java:47)
	at java_programs.MERGESORT.mergesort(MERGESORT.java:47)
	at java_programs.MERGESORT.mergesort(MERGESORT.java:47)
	at java_programs.MERGESORT.mergesort(MERGESORT.java:47)
	at java_programs.MERGESORT.mergesort(MERGESORT.java:47)
	at java_programs.MERGESORT.mergesort(MERGESORT.java:47)
	at java_programs.MERGESORT.mergesort(MERGESORT.java:47)
	at java_programs.MERGESORT.mergesort(MERGESORT.java:47)
	at java_programs.MERGESORT.mergesort(MERGESORT.java:47)
	at java_programs.MERGESORT.mergesort(MERGESORT.java:47)
	at java_programs.MERGESORT.mergesort(MERGESORT.java:47)
	at java_programs.MERGESORT.mergesort(MERGESORT.java:47)
	at java_programs.MERGESORT.mergesort(MERGESORT.java:47)
	at java_programs.MERGESORT.mergesort(MERGESORT.java:47)
	at java_programs.MERGESORT.mergesort(MERGESORT.java:47)
	at java_programs.MERGESORT.mergesort(MERGESORT.java:47)
	at java_programs.MERGESORT.mergesort(MERGESORT.java:47)
	at java_programs.MERGESORT.mergesort(MERGESORT.java:47)
	at java_programs.MERGESORT.mergesort(MERGESORT.java:47)
	at java_programs.MERGESORT.mergesort(MERGESORT.java:47)
	at java_programs.MERGESORT.mergesort(MERGESORT.java:47)
	at java_programs.MERGESORT.mergesort(MERGESORT.java:47)
	at java_programs.MERGESORT.mergesort(MERGESORT.java:47)
	at java_programs.MERGESORT.mergesort(MERGESORT.java:47)
	at java_programs.MERGESORT.mergesort(MERGESORT.java:47)
	at java_programs.MERGESORT.mergesort(MERGESORT.java:47)
	at java_programs.MERGESORT.mergesort(MERGESORT.java:47)
	at java_programs.MERGESORT.mergesort(MERGESORT.java:47)
	at java_programs.MERGESORT.mergesort(MERGESORT.java:47)
	at java_programs.MERGESORT.mergesort(MERGESORT.java:47)
	at java_programs.MERGESORT.mergesort(MERGESORT.java:47)
	at java_programs.MERGESORT.mergesort(MERGESORT.java:47)
	at java_programs.MERGESORT.mergesort(MERGESORT.java:47)
	at java_programs.MERGESORT.mergesort(MERGESORT.java:47)
	at java_programs.MERGESORT.mergesort(MERGESORT.java:47)
	at java_programs.MERGESORT.mergesort(MERGESORT.java:47)
	at java_programs.MERGESORT.mergesort(MERGESORT.java:47)
	at java_programs.MERGESORT.mergesort(MERGESORT.java:47)
	at java_programs.MERGESORT.mergesort(MERGESORT.java:47)
	at java_programs.MERGESORT.mergesort(MERGESORT.java:47)
	at java_programs.MERGESORT.mergesort(MERGESORT.java:47)
	at java_programs.MERGESORT.mergesort(MERGESORT.java:47)
	at java_programs.MERGESORT.mergesort(MERGESORT.java:47)
	at java_programs.MERGESORT.mergesort(MERGESORT.java:47)
	at java_programs.MERGESORT.mergesort(MERGESORT.java:47)
	at java_programs.MERGESORT.mergesort(MERGESORT.java:47)
	at java_programs.MERGESORT.mergesort(MERGESORT.java:47)
	at java_programs.MERGESORT.mergesort(MERGESORT.java:47)
	at java_programs.MERGESORT.mergesort(MERGESORT.java:47)
	at java_programs.MERGESORT.mergesort(MERGESORT.java:47)
	at java_programs.MERGESORT.mergesort(MERGESORT.java:47)
	at java_programs.MERGESORT.mergesort(MERGESORT.java:47)
	at java_programs.MERGESORT.mergesort(MERGESORT.java:47)
	at java_programs.MERGESORT.mergesort(MERGESORT.java:47)
	at java_programs.MERGESORT.mergesort(MERGESORT.java:47)
	at java_programs.MERGESORT.mergesort(MERGESORT.java:47)
	at java_programs.MERGESORT.mergesort(MERGESORT.java:47)
	at java_programs.MERGESORT.mergesort(MERGESORT.java:47)
	at java_programs.MERGESORT.mergesort(MERGESORT.java:47)
	at java_programs.MERGESORT.mergesort(MERGESORT.java:47)
	at java_programs.MERGESORT.mergesort(MERGESORT.java:47)
	at java_programs.MERGESORT.mergesort(MERGESORT.java:47)
	at java_programs.MERGESORT.mergesort(MERGESORT.java:47)
	at java_programs.MERGESORT.mergesort(MERGESORT.java:47)
	at java_programs.MERGESORT.mergesort(MERGESORT.java:47)
	at java_programs.MERGESORT.mergesort(MERGESORT.java:47)
	at java_programs.MERGESORT.mergesort(MERGESORT.java:47)
	at java_programs.MERGESORT.mergesort(MERGESORT.java:47)
	at java_programs.MERGESORT.mergesort(MERGESORT.java:47)
	at java_programs.MERGESORT.mergesort(MERGESORT.java:47)
	at java_programs.MERGESORT.mergesort(MERGESORT.java:47)
	at java_programs.MERGESORT.mergesort(MERGESORT.java:47)
	at java_programs.MERGESORT.mergesort(MERGESORT.java:47)
	at java_programs.MERGESORT.mergesort(MERGESORT.java:47)
	at java_programs.MERGESORT.mergesort(MERGESORT.java:47)
	at java_programs.MERGESORT.mergesort(MERGESORT.java:47)
	at java_programs.MERGESORT.mergesort(MERGESORT.java:47)
	at java_programs.MERGESORT.mergesort(MERGESORT.java:47)
	at java_programs.MERGESORT.mergesort(MERGESORT.java:47)
	at java_programs.MERGESORT.mergesort(MERGESORT.java:47)
	at java_programs.MERGESORT.mergesort(MERGESORT.java:47)
	at java_programs.MERGESORT.mergesort(MERGESORT.java:47)
	at java_programs.MERGESORT.mergesort(MERGESORT.java:47)
	at java_programs.MERGESORT.mergesort(MERGESORT.java:47)
	at java_programs.MERGESORT.mergesort(MERGESORT.java:47)
	at java_programs.MERGESORT.mergesort(MERGESORT.java:47)
	at java_programs.MERGESORT.mergesort(MERGESORT.java:47)
	at java_programs.MERGESORT.mergesort(MERGESORT.java:47)
	at java_programs.MERGESORT.mergesort(MERGESORT.java:47)
	at java_programs.MERGESORT.mergesort(MERGESORT.java:47)
	at java_programs.MERGESORT.mergesort(MERGESORT.java:47)
	at java_programs.MERGESORT.mergesort(MERGESORT.java:47)
	at java_programs.MERGESORT.mergesort(MERGESORT.java:47)
	at java_programs.MERGESORT.mergesort(MERGESORT.java:47)
	at java_programs.MERGESORT.mergesort(MERGESORT.java:47)
	at java_programs.MERGESORT.mergesort(MERGESORT.java:47)
	at java_programs.MERGESORT.mergesort(MERGESORT.java:47)
	at java_programs.MERGESORT.mergesort(MERGESORT.java:47)
	at java_programs.MERGESORT.mergesort(MERGESORT.java:47)
	at java_programs.MERGESORT.mergesort(MERGESORT.java:47)
	at java_programs.MERGESORT.mergesort(MERGESORT.java:47)
	at java_programs.MERGESORT.mergesort(MERGESORT.java:47)
	at java_programs.MERGESORT.mergesort(MERGESORT.java:47)
	at java_programs.MERGESORT.mergesort(MERGESORT.java:47)
	at java_programs.MERGESORT.mergesort(MERGESORT.java:47)
	at java_programs.MERGESORT.mergesort(MERGESORT.java:47)
	at java_programs.MERGESORT.mergesort(MERGESORT.java:47)
	at java_programs.MERGESORT.mergesort(MERGESORT.java:47)
	at java_programs.MERGESORT.mergesort(MERGESORT.java:47)
	at java_programs.MERGESORT.mergesort(MERGESORT.java:47)
	at java_programs.MERGESORT.mergesort(MERGESORT.java:47)
	at java_programs.MERGESORT.mergesort(MERGESORT.java:47)
	at java_programs.MERGESORT.mergesort(MERGESORT.java:47)
	at java_programs.MERGESORT.mergesort(MERGESORT.java:47)
	at java_programs.MERGESORT.mergesort(MERGESORT.java:47)
	at java_programs.MERGESORT.mergesort(MERGESORT.java:47)
	at java_programs.MERGESORT.mergesort(MERGESORT.java:47)
	at java_programs.MERGESORT.mergesort(MERGESORT.java:47)
	at java_programs.MERGESORT.mergesort(MERGESORT.java:47)
	at java_programs.MERGESORT.mergesort(MERGESORT.java:47)
	at java_programs.MERGESORT.mergesort(MERGESORT.java:47)
	at java_programs.MERGESORT.mergesort(MERGESORT.java:47)
	at java_programs.MERGESORT.mergesort(MERGESORT.java:47)
	at java_programs.MERGESORT.mergesort(MERGESORT.java:47)
	at java_programs.MERGESORT.mergesort(MERGESORT.java:47)
	at java_programs.MERGESORT.mergesort(MERGESORT.java:47)
	at java_programs.MERGESORT.mergesort(MERGESORT.java:47)
	at java_programs.MERGESORT.mergesort(MERGESORT.java:47)
	at java_programs.MERGESORT.mergesort(MERGESORT.java:47)
	at java_programs.MERGESORT.mergesort(MERGESORT.java:47)
	at java_programs.MERGESORT.mergesort(MERGESORT.java:47)
	at java_programs.MERGESORT.mergesort(MERGESORT.java:47)
	at java_programs.MERGESORT.mergesort(MERGESORT.java:47)
	at java_programs.MERGESORT.mergesort(MERGESORT.java:47)
	at java_programs.MERGESORT.mergesort(MERGESORT.java:47)
	at java_programs.MERGESORT.mergesort(MERGESORT.java:47)
	at java_programs.MERGESORT.mergesort(MERGESORT.java:47)
	at java_programs.MERGESORT.mergesort(MERGESORT.java:47)
	at java_programs.MERGESORT.mergesort(MERGESORT.java:47)
	at java_programs.MERGESORT.mergesort(MERGESORT.java:47)
	at java_programs.MERGESORT.mergesort(MERGESORT.java:47)
	at java_programs.MERGESORT.mergesort(MERGESORT.java:47)
	at java_programs.MERGESORT.mergesort(MERGESORT.java:47)
	at java_programs.MERGESORT.mergesort(MERGESORT.java:47)
	at java_programs.MERGESORT.mergesort(MERGESORT.java:47)
	at java_programs.MERGESORT.mergesort(MERGESORT.java:47)
	at java_programs.MERGESORT.mergesort(MERGESORT.java:47)
	at java_programs.MERGESORT.mergesort(MERGESORT.java:47)
	at java_programs.MERGESORT.mergesort(MERGESORT.java:47)
	at java_programs.MERGESORT.mergesort(MERGESORT.java:47)
	at java_programs.MERGESORT.mergesort(MERGESORT.java:47)
	at java_programs.MERGESORT.mergesort(MERGESORT.java:47)
	at java_programs.MERGESORT.mergesort(MERGESORT.java:47)
	at java_programs.MERGESORT.mergesort(MERGESORT.java:47)
	at java_programs.MERGESORT.mergesort(MERGESORT.java:47)
	at java_programs.MERGESORT.mergesort(MERGESORT.java:47)
	at java_programs.MERGESORT.mergesort(MERGESORT.java:47)
	at java_programs.MERGESORT.mergesort(MERGESORT.java:47)
	at java_programs.MERGESORT.mergesort(MERGESORT.java:47)
	at java_programs.MERGESORT.mergesort(MERGESORT.java:47)
	at java_programs.MERGESORT.mergesort(MERGESORT.java:47)
	at java_programs.MERGESORT.mergesort(MERGESORT.java:47)
	at java_programs.MERGESORT.mergesort(MERGESORT.java:47)
	at java_programs.MERGESORT.mergesort(MERGESORT.java:47)
	at java_programs.MERGESORT.mergesort(MERGESORT.java:47)
	at java_programs.MERGESORT.mergesort(MERGESORT.java:47)
	at java_programs.MERGESORT.mergesort(MERGESORT.java:47)
	at java_programs.MERGESORT.mergesort(MERGESORT.java:47)
	at java_programs.MERGESORT.mergesort(MERGESORT.java:47)
	at java_programs.MERGESORT.mergesort(MERGESORT.java:47)
	at java_programs.MERGESORT.mergesort(MERGESORT.java:47)
	at java_programs.MERGESORT.mergesort(MERGESORT.java:47)
	at java_programs.MERGESORT.mergesort(MERGESORT.java:47)
	at java_programs.MERGESORT.mergesort(MERGESORT.java:47)
	at java_programs.MERGESORT.mergesort(MERGESORT.java:47)
	at java_programs.MERGESORT.mergesort(MERGESORT.java:47)
	at java_programs.MERGESORT.mergesort(MERGESORT.java:47)
	at java_programs.MERGESORT.mergesort(MERGESORT.java:47)
	at java_programs.MERGESORT.mergesort(MERGESORT.java:47)
	at java_programs.MERGESORT.mergesort(MERGESORT.java:47)
	at java_programs.MERGESORT.mergesort(MERGESORT.java:47)
	at java_programs.MERGESORT.mergesort(MERGESORT.java:47)
	at java_programs.MERGESORT.mergesort(MERGESORT.java:47)
	at java_programs.MERGESORT.mergesort(MERGESORT.java:47)
	at java_programs.MERGESORT.mergesort(MERGESORT.java:47)
	at java_programs.MERGESORT.mergesort(MERGESORT.java:47)
	at java_programs.MERGESORT.mergesort(MERGESORT.java:47)
	at java_programs.MERGESORT.mergesort(MERGESORT.java:47)
	at java_programs.MERGESORT.mergesort(MERGESORT.java:47)
	at java_programs.MERGESORT.mergesort(MERGESORT.java:47)
	at java_programs.MERGESORT.mergesort(MERGESORT.java:47)
	at java_programs.MERGESORT.mergesort(MERGESORT.java:47)
	at java_programs.MERGESORT.mergesort(MERGESORT.java:47)
	at java_programs.MERGESORT.mergesort(MERGESORT.java:47)
	at java_programs.MERGESORT.mergesort(MERGESORT.java:47)
	at java_programs.MERGESORT.mergesort(MERGESORT.java:47)
	at java_programs.MERGESORT.mergesort(MERGESORT.java:47)
	at java_programs.MERGESORT.mergesort(MERGESORT.java:47)
	at java_programs.MERGESORT.mergesort(MERGESORT.java:47)
	at java_programs.MERGESORT.mergesort(MERGESORT.java:47)
	at java_programs.MERGESORT.mergesort(MERGESORT.java:47)
	at java_programs.MERGESORT.mergesort(MERGESORT.java:47)
	at java_programs.MERGESORT.mergesort(MERGESORT.java:47)
	at java_programs.MERGESORT.mergesort(MERGESORT.java:47)
	at java_programs.MERGESORT.mergesort(MERGESORT.java:47)
	at java_programs.MERGESORT.mergesort(MERGESORT.java:47)
	at java_programs.MERGESORT.mergesort(MERGESORT.java:47)
	at java_programs.MERGESORT.mergesort(MERGESORT.java:47)
	at java_programs.MERGESORT.mergesort(MERGESORT.java:47)
	at java_programs.MERGESORT.mergesort(MERGESORT.java:47)
	at java_programs.MERGESORT.mergesort(MERGESORT.java:47)
	at java_programs.MERGESORT.mergesort(MERGESORT.java:47)
	at java_programs.MERGESORT.mergesort(MERGESORT.java:47)
	at java_programs.MERGESORT.mergesort(MERGESORT.java:47)
	at java_programs.MERGESORT.mergesort(MERGESORT.java:47)
	at java_programs.MERGESORT.mergesort(MERGESORT.java:47)
	at java_programs.MERGESORT.mergesort(MERGESORT.java:47)
	at java_programs.MERGESORT.mergesort(MERGESORT.java:47)
	at java_programs.MERGESORT.mergesort(MERGESORT.java:47)
	at java_programs.MERGESORT.mergesort(MERGESORT.java:47)
	at java_programs.MERGESORT.mergesort(MERGESORT.java:47)
	at java_programs.MERGESORT.mergesort(MERGESORT.java:47)
	at java_programs.MERGESORT.mergesort(MERGESORT.java:47)
	at java_programs.MERGESORT.mergesort(MERGESORT.java:47)
	at java_programs.MERGESORT.mergesort(MERGESORT.java:47)
	at java_programs.MERGESORT.mergesort(MERGESORT.java:47)
	at java_programs.MERGESORT.mergesort(MERGESORT.java:47)
	at java_programs.MERGESORT.mergesort(MERGESORT.java:47)
	at java_programs.MERGESORT.mergesort(MERGESORT.java:47)
	at java_programs.MERGESORT.mergesort(MERGESORT.java:47)
	at java_programs.MERGESORT.mergesort(MERGESORT.java:47)
	at java_programs.MERGESORT.mergesort(MERGESORT.java:47)
	at java_programs.MERGESORT.mergesort(MERGESORT.java:47)
	at java_programs.MERGESORT.mergesort(MERGESORT.java:47)
	at java_programs.MERGESORT.mergesort(MERGESORT.java:47)
	at java_programs.MERGESORT.mergesort(MERGESORT.java:47)
	at java_programs.MERGESORT.mergesort(MERGESORT.java:47)
	at java_programs.MERGESORT.mergesort(MERGESORT.java:47)
	at java_programs.MERGESORT.mergesort(MERGESORT.java:47)
	at java_programs.MERGESORT.mergesort(MERGESORT.java:47)
	at java_programs.MERGESORT.mergesort(MERGESORT.java:47)
	at java_programs.MERGESORT.mergesort(MERGESORT.java:47)
	at java_programs.MERGESORT.mergesort(MERGESORT.java:47)
	at java_programs.MERGESORT.mergesort(MERGESORT.java:47)
	at java_programs.MERGESORT.mergesort(MERGESORT.java:47)
	at java_programs.MERGESORT.mergesort(MERGESORT.java:47)
	at java_programs.MERGESORT.mergesort(MERGESORT.java:47)
	at java_programs.MERGESORT.mergesort(MERGESORT.java:47)
	at java_programs.MERGESORT.mergesort(MERGESORT.java:47)
	at java_programs.MERGESORT.mergesort(MERGESORT.java:47)
	at java_programs.MERGESORT.mergesort(MERGESORT.java:47)
	at java_programs.MERGESORT.mergesort(MERGESORT.java:47)
	at java_programs.MERGESORT.mergesort(MERGESORT.java:47)
	at java_programs.MERGESORT.mergesort(MERGESORT.java:47)
	at java_programs.MERGESORT.mergesort(MERGESORT.java:47)
	at java_programs.MERGESORT.mergesort(MERGESORT.java:47)
	at java_programs.MERGESORT.mergesort(MERGESORT.java:47)
	at java_programs.MERGESORT.mergesort(MERGESORT.java:47)
	at java_programs.MERGESORT.mergesort(MERGESORT.java:47)
	at java_programs.MERGESORT.mergesort(MERGESORT.java:47)
	at java_programs.MERGESORT.mergesort(MERGESORT.java:47)
	at java_programs.MERGESORT.mergesort(MERGESORT.java:47)
	at java_programs.MERGESORT.mergesort(MERGESORT.java:47)
	at java_programs.MERGESORT.mergesort(MERGESORT.java:47)
	at java_programs.MERGESORT.mergesort(MERGESORT.java:47)
	at java_programs.MERGESORT.mergesort(MERGESORT.java:47)
	at java_programs.MERGESORT.mergesort(MERGESORT.java:47)
	at java_programs.MERGESORT.mergesort(MERGESORT.java:47)
	at java_programs.MERGESORT.mergesort(MERGESORT.java:47)
	at java_programs.MERGESORT.mergesort(MERGESORT.java:47)
	at java_programs.MERGESORT.mergesort(MERGESORT.java:47)
	at java_programs.MERGESORT.mergesort(MERGESORT.java:47)
	at java_programs.MERGESORT.mergesort(MERGESORT.java:47)
	at java_programs.MERGESORT.mergesort(MERGESORT.java:47)
	at java_programs.MERGESORT.mergesort(MERGESORT.java:47)
	at java_programs.MERGESORT.mergesort(MERGESORT.java:47)
	at java_programs.MERGESORT.mergesort(MERGESORT.java:47)
	at java_programs.MERGESORT.mergesort(MERGESORT.java:47)
	at java_programs.MERGESORT.mergesort(MERGESORT.java:47)
	at java_programs.MERGESORT.mergesort(MERGESORT.java:47)
	at java_programs.MERGESORT.mergesort(MERGESORT.java:47)
	at java_programs.MERGESORT.mergesort(MERGESORT.java:47)
	at java_programs.MERGESORT.mergesort(MERGESORT.java:47)
	at java_programs.MERGESORT.mergesort(MERGESORT.java:47)
	at java_programs.MERGESORT.mergesort(MERGESORT.java:47)
	at java_programs.MERGESORT.mergesort(MERGESORT.java:47)
	at java_programs.MERGESORT.mergesort(MERGESORT.java:47)
	at java_programs.MERGESORT.mergesort(MERGESORT.java:47)
	at java_programs.MERGESORT.mergesort(MERGESORT.java:47)
	at java_programs.MERGESORT.mergesort(MERGESORT.java:47)
	at java_programs.MERGESORT.mergesort(MERGESORT.java:47)
	at java_programs.MERGESORT.mergesort(MERGESORT.java:47)
	at java_programs.MERGESORT.mergesort(MERGESORT.java:47)
	at java_programs.MERGESORT.mergesort(MERGESORT.java:47)
	at java_programs.MERGESORT.mergesort(MERGESORT.java:47)
	at java_programs.MERGESORT.mergesort(MERGESORT.java:47)
	at java_programs.MERGESORT.mergesort(MERGESORT.java:47)
	at java_programs.MERGESORT.mergesort(MERGESORT.java:47)
	at java_programs.MERGESORT.mergesort(MERGESORT.java:47)
	at java_programs.MERGESORT.mergesort(MERGESORT.java:47)
	at java_programs.MERGESORT.mergesort(MERGESORT.java:47)
	at java_programs.MERGESORT.mergesort(MERGESORT.java:47)
	at java_programs.MERGESORT.mergesort(MERGESORT.java:47)
	at java_programs.MERGESORT.mergesort(MERGESORT.java:47)
	at java_programs.MERGESORT.mergesort(MERGESORT.java:47)
	at java_programs.MERGESORT.mergesort(MERGESORT.java:47)
	at java_programs.MERGESORT.mergesort(MERGESORT.java:47)
	at java_programs.MERGESORT.mergesort(MERGESORT.java:47)
	at java_programs.MERGESORT.mergesort(MERGESORT.java:47)
	at java_programs.MERGESORT.mergesort(MERGESORT.java:47)
	at java_programs.MERGESORT.mergesort(MERGESORT.java:47)
	at java_programs.MERGESORT.mergesort(MERGESORT.java:47)
	at java_programs.MERGESORT.mergesort(MERGESORT.java:47)
	at java_programs.MERGESORT.mergesort(MERGESORT.java:47)
	at java_programs.MERGESORT.mergesort(MERGESORT.java:47)
	at java_programs.MERGESORT.mergesort(MERGESORT.java:47)
	at java_programs.MERGESORT.mergesort(MERGESORT.java:47)
	at java_programs.MERGESORT.mergesort(MERGESORT.java:47)
	at java_programs.MERGESORT.mergesort(MERGESORT.java:47)
	at java_programs.MERGESORT.mergesort(MERGESORT.java:47)
	at java_programs.MERGESORT.mergesort(MERGESORT.java:47)
	at java_programs.MERGESORT.mergesort(MERGESORT.java:47)
	at java_programs.MERGESORT.mergesort(MERGESORT.java:47)
	at java_programs.MERGESORT.mergesort(MERGESORT.java:47)
	at java_programs.MERGESORT.mergesort(MERGESORT.java:47)
	at java_programs.MERGESORT.mergesort(MERGESORT.java:47)
	at java_programs.MERGESORT.mergesort(MERGESORT.java:47)
	at java_programs.MERGESORT.mergesort(MERGESORT.java:47)
	at java_programs.MERGESORT.mergesort(MERGESORT.java:47)
	at java_programs.MERGESORT.mergesort(MERGESORT.java:47)
	at java_programs.MERGESORT.mergesort(MERGESORT.java:47)
	at java_programs.MERGESORT.mergesort(MERGESORT.java:47)
	at java_programs.MERGESORT.mergesort(MERGESORT.java:47)
	at java_programs.MERGESORT.mergesort(MERGESORT.java:47)
	at java_programs.MERGESORT.mergesort(MERGESORT.java:47)
	at java_programs.MERGESORT.mergesort(MERGESORT.java:47)
	at java_programs.MERGESORT.mergesort(MERGESORT.java:47)
	at java_programs.MERGESORT.mergesort(MERGESORT.java:47)
	at java_programs.MERGESORT.mergesort(MERGESORT.java:47)
	at java_programs.MERGESORT.mergesort(MERGESORT.java:47)
	at java_programs.MERGESORT.mergesort(MERGESORT.java:47)
	at java_programs.MERGESORT.mergesort(MERGESORT.java:47)
	at java_programs.MERGESORT.mergesort(MERGESORT.java:47)
	at java_programs.MERGESORT.mergesort(MERGESORT.java:47)
	at java_programs.MERGESORT.mergesort(MERGESORT.java:47)
	at java_programs.MERGESORT.mergesort(MERGESORT.java:47)
	at java_programs.MERGESORT.mergesort(MERGESORT.java:47)
	at java_programs.MERGESORT.mergesort(MERGESORT.java:47)
	at java_programs.MERGESORT.mergesort(MERGESORT.java:47)
	at java_programs.MERGESORT.mergesort(MERGESORT.java:47)
	at java_programs.MERGESORT.mergesort(MERGESORT.java:47)
	at java_programs.MERGESORT.mergesort(MERGESORT.java:47)
	at java_programs.MERGESORT.mergesort(MERGESORT.java:47)
	at java_programs.MERGESORT.mergesort(MERGESORT.java:47)
	at java_programs.MERGESORT.mergesort(MERGESORT.java:47)
	at java_programs.MERGESORT.mergesort(MERGESORT.java:47)
	at java_programs.MERGESORT.mergesort(MERGESORT.java:47)
	at java_programs.MERGESORT.mergesort(MERGESORT.java:47)
	at java_programs.MERGESORT.mergesort(MERGESORT.java:47)
	at java_programs.MERGESORT.mergesort(MERGESORT.java:47)
	at java_programs.MERGESORT.mergesort(MERGESORT.java:47)
	at java_programs.MERGESORT.mergesort(MERGESORT.java:47)
	at java_programs.MERGESORT.mergesort(MERGESORT.java:47)
	at java_programs.MERGESORT.mergesort(MERGESORT.java:47)
	at java_programs.MERGESORT.mergesort(MERGESORT.java:47)
	at java_programs.MERGESORT.mergesort(MERGESORT.java:47)
	at java_programs.MERGESORT.mergesort(MERGESORT.java:47)
	at java_programs.MERGESORT.mergesort(MERGESORT.java:47)
	at java_programs.MERGESORT.mergesort(MERGESORT.java:47)
	at java_programs.MERGESORT.mergesort(MERGESORT.java:47)
	at java_programs.MERGESORT.mergesort(MERGESORT.java:47)
	at java_programs.MERGESORT.mergesort(MERGESORT.java:47)
	at java_programs.MERGESORT.mergesort(MERGESORT.java:47)
	at java_programs.MERGESORT.mergesort(MERGESORT.java:47)
	at java_programs.MERGESORT.mergesort(MERGESORT.java:47)
	at java_programs.MERGESORT.mergesort(MERGESORT.java:47)
	at java_programs.MERGESORT.mergesort(MERGESORT.java:47)
	at java_programs.MERGESORT.mergesort(MERGESORT.java:47)
	at java_programs.MERGESORT.mergesort(MERGESORT.java:47)
	at java_programs.MERGESORT.mergesort(MERGESORT.java:47)
	at java_programs.MERGESORT.mergesort(MERGESORT.java:47)
	at java_programs.MERGESORT.mergesort(MERGESORT.java:47)
	at java_programs.MERGESORT.mergesort(MERGESORT.java:47)
	at java_programs.MERGESORT.mergesort(MERGESORT.java:47)
	at java_programs.MERGESORT.mergesort(MERGESORT.java:47)
	at java_programs.MERGESORT.mergesort(MERGESORT.java:47)
	at java_programs.MERGESORT.mergesort(MERGESORT.java:47)
	at java_programs.MERGESORT.mergesort(MERGESORT.java:47)
	at java_programs.MERGESORT.mergesort(MERGESORT.java:47)
	at java_programs.MERGESORT.mergesort(MERGESORT.java:47)
	at java_programs.MERGESORT.mergesort(MERGESORT.java:47)
	at java_programs.MERGESORT.mergesort(MERGESORT.java:47)
	at java_programs.MERGESORT.mergesort(MERGESORT.java:47)
	at java_programs.MERGESORT.mergesort(MERGESORT.java:47)
	at java_programs.MERGESORT.mergesort(MERGESORT.java:47)
	at java_programs.MERGESORT.mergesort(MERGESORT.java:47)
	at java_programs.MERGESORT.mergesort(MERGESORT.java:47)
	at java_programs.MERGESORT.mergesort(MERGESORT.java:47)
	at java_programs.MERGESORT.mergesort(MERGESORT.java:47)
	at java_programs.MERGESORT.mergesort(MERGESORT.java:47)
	at java_programs.MERGESORT.mergesort(MERGESORT.java:47)
	at java_programs.MERGESORT.mergesort(MERGESORT.java:47)
	at java_programs.MERGESORT.mergesort(MERGESORT.java:47)
	at java_programs.MERGESORT.mergesort(MERGESORT.java:47)
	at java_programs.MERGESORT.mergesort(MERGESORT.java:47)
	at java_programs.MERGESORT.mergesort(MERGESORT.java:47)
	at java_programs.MERGESORT.mergesort(MERGESORT.java:47)
	at java_programs.MERGESORT.mergesort(MERGESORT.java:47)
	at java_programs.MERGESORT.mergesort(MERGESORT.java:47)
	at java_programs.MERGESORT.mergesort(MERGESORT.java:47)
	at java_programs.MERGESORT.mergesort(MERGESORT.java:47)
	at java_programs.MERGESORT.mergesort(MERGESORT.java:47)
	at java_programs.MERGESORT.mergesort(MERGESORT.java:47)
	at java_programs.MERGESORT.mergesort(MERGESORT.java:47)
	at java_programs.MERGESORT.mergesort(MERGESORT.java:47)
	at java_programs.MERGESORT.mergesort(MERGESORT.java:47)
	at java_programs.MERGESORT.mergesort(MERGESORT.java:47)
	at java_programs.MERGESORT.mergesort(MERGESORT.java:47)
	at java_programs.MERGESORT.mergesort(MERGESORT.java:47)
	at java_programs.MERGESORT.mergesort(MERGESORT.java:47)
	at java_programs.MERGESORT.mergesort(MERGESORT.java:47)
	at java_programs.MERGESORT.mergesort(MERGESORT.java:47)
	at java_programs.MERGESORT.mergesort(MERGESORT.java:47)
	at java_programs.MERGESORT.mergesort(MERGESORT.java:47)
	at java_programs.MERGESORT.mergesort(MERGESORT.java:47)
	at java_programs.MERGESORT.mergesort(MERGESORT.java:47)
	at java_programs.MERGESORT.mergesort(MERGESORT.java:47)
	at java_programs.MERGESORT.mergesort(MERGESORT.java:47)
	at java_programs.MERGESORT.mergesort(MERGESORT.java:47)
	at java_programs.MERGESORT.mergesort(MERGESORT.java:47)
	at java_programs.MERGESORT.mergesort(MERGESORT.java:47)
	at java_programs.MERGESORT.mergesort(MERGESORT.java:47)
	at java_programs.MERGESORT.mergesort(MERGESORT.java:47)
	at java_programs.MERGESORT.mergesort(MERGESORT.java:47)
	at java_programs.MERGESORT.mergesort(MERGESORT.java:47)
	at java_programs.MERGESORT.mergesort(MERGESORT.java:47)
	at java_programs.MERGESORT.mergesort(MERGESORT.java:47)
	at java_programs.MERGESORT.mergesort(MERGESORT.java:47)
	at java_programs.MERGESORT.mergesort(MERGESORT.java:47)
	at java_programs.MERGESORT.mergesort(MERGESORT.java:47)
	at java_programs.MERGESORT.mergesort(MERGESORT.java:47)
	at java_programs.MERGESORT.mergesort(MERGESORT.java:47)
	at java_programs.MERGESORT.mergesort(MERGESORT.java:47)
	at java_programs.MERGESORT.mergesort(MERGESORT.java:47)
	at java_programs.MERGESORT.mergesort(MERGESORT.java:47)
	at java_programs.MERGESORT.mergesort(MERGESORT.java:47)
	at java_programs.MERGESORT.mergesort(MERGESORT.java:47)
	at java_programs.MERGESORT.mergesort(MERGESORT.java:47)
	at java_programs.MERGESORT.mergesort(MERGESORT.java:47)
	at java_programs.MERGESORT.mergesort(MERGESORT.java:47)
	at java_programs.MERGESORT.mergesort(MERGESORT.java:47)
	at java_programs.MERGESORT.mergesort(MERGESORT.java:47)
	at java_programs.MERGESORT.mergesort(MERGESORT.java:47)
	at java_programs.MERGESORT.mergesort(MERGESORT.java:47)
	at java_programs.MERGESORT.mergesort(MERGESORT.java:47)
	at java_programs.MERGESORT.mergesort(MERGESORT.java:47)
	at java_programs.MERGESORT.mergesort(MERGESORT.java:47)
	at java_programs.MERGESORT.mergesort(MERGESORT.java:47)
	at java_programs.MERGESORT.mergesort(MERGESORT.java:47)
	at java_programs.MERGESORT.mergesort(MERGESORT.java:47)
	at java_programs.MERGESORT.mergesort(MERGESORT.java:47)
	at java_programs.MERGESORT.mergesort(MERGESORT.java:47)
	at java_programs.MERGESORT.mergesort(MERGESORT.java:47)
	at java_programs.MERGESORT.mergesort(MERGESORT.java:47)
	at java_programs.MERGESORT.mergesort(MERGESORT.java:47)
	at java_programs.MERGESORT.mergesort(MERGESORT.java:47)
	at java_programs.MERGESORT.mergesort(MERGESORT.java:47)
	at java_programs.MERGESORT.mergesort(MERGESORT.java:47)
	at java_programs.MERGESORT.mergesort(MERGESORT.java:47)
	at java_programs.MERGESORT.mergesort(MERGESORT.java:47)
	at java_programs.MERGESORT.mergesort(MERGESORT.java:47)
	at java_programs.MERGESORT.mergesort(MERGESORT.java:47)
	at java_programs.MERGESORT.mergesort(MERGESORT.java:47)
	at java_programs.MERGESORT.mergesort(MERGESORT.java:47)
	at java_programs.MERGESORT.mergesort(MERGESORT.java:47)
	at java_programs.MERGESORT.mergesort(MERGESORT.java:47)
	at java_programs.MERGESORT.mergesort(MERGESORT.java:47)
	at java_programs.MERGESORT.mergesort(MERGESORT.java:47)
	at java_programs.MERGESORT.mergesort(MERGESORT.java:47)
	at java_programs.MERGESORT.mergesort(MERGESORT.java:47)
	at java_programs.MERGESORT.mergesort(MERGESORT.java:47)
	at java_programs.MERGESORT.mergesort(MERGESORT.java:47)
	at java_programs.MERGESORT.mergesort(MERGESORT.java:47)
	at java_programs.MERGESORT.mergesort(MERGESORT.java:47)
	at java_programs.MERGESORT.mergesort(MERGESORT.java:47)
	at java_programs.MERGESORT.mergesort(MERGESORT.java:47)
	at java_programs.MERGESORT.mergesort(MERGESORT.java:47)
	at java_programs.MERGESORT.mergesort(MERGESORT.java:47)
	at java_programs.MERGESORT.mergesort(MERGESORT.java:47)
	at java_programs.MERGESORT.mergesort(MERGESORT.java:47)
	at java_programs.MERGESORT.mergesort(MERGESORT.java:47)
	at java_programs.MERGESORT.mergesort(MERGESORT.java:47)
	at java_programs.MERGESORT.mergesort(MERGESORT.java:47)
	at java_programs.MERGESORT.mergesort(MERGESORT.java:47)
	at java_programs.MERGESORT.mergesort(MERGESORT.java:47)
	at java_programs.MERGESORT.mergesort(MERGESORT.java:47)
	at java_programs.MERGESORT.mergesort(MERGESORT.java:47)
	at java_programs.MERGESORT.mergesort(MERGESORT.java:47)
	at java_programs.MERGESORT.mergesort(MERGESORT.java:47)
	at java_programs.MERGESORT.mergesort(MERGESORT.java:47)
	at java_programs.MERGESORT.mergesort(MERGESORT.java:47)
	at java_programs.MERGESORT.mergesort(MERGESORT.java:47)
	at java_programs.MERGESORT.mergesort(MERGESORT.java:47)
	at java_programs.MERGESORT.mergesort(MERGESORT.java:47)
	at java_programs.MERGESORT.mergesort(MERGESORT.java:47)
	at java_programs.MERGESORT.mergesort(MERGESORT.java:47)
	at java_programs.MERGESORT.mergesort(MERGESORT.java:47)
	at java_programs.MERGESORT.mergesort(MERGESORT.java:47)
	at java_programs.MERGESORT.mergesort(MERGESORT.java:47)
	at java_programs.MERGESORT.mergesort(MERGESORT.java:47)
	at java_programs.MERGESORT.mergesort(MERGESORT.java:47)
	at java_programs.MERGESORT.mergesort(MERGESORT.java:47)
	at java_programs.MERGESORT.mergesort(MERGESORT.java:47)
	at java_programs.MERGESORT.mergesort(MERGESORT.java:47)
	at java_programs.MERGESORT.mergesort(MERGESORT.java:47)
	at java_programs.MERGESORT.mergesort(MERGESORT.java:47)
	at java_programs.MERGESORT.mergesort(MERGESORT.java:47)
	at java_programs.MERGESORT.mergesort(MERGESORT.java:47)
	at java_programs.MERGESORT.mergesort(MERGESORT.java:47)
	at java_programs.MERGESORT.mergesort(MERGESORT.java:47)
	at java_programs.MERGESORT.mergesort(MERGESORT.java:47)
	at java_programs.MERGESORT.mergesort(MERGESORT.java:47)
	at java_programs.MERGESORT.mergesort(MERGESORT.java:47)
	at java_programs.MERGESORT.mergesort(MERGESORT.java:47)
	at java_programs.MERGESORT.mergesort(MERGESORT.java:47)
	at java_programs.MERGESORT.mergesort(MERGESORT.java:47)
	at java_programs.MERGESORT.mergesort(MERGESORT.java:47)
	at java_programs.MERGESORT.mergesort(MERGESORT.java:47)
	at java_programs.MERGESORT.mergesort(MERGESORT.java:47)
	at java_programs.MERGESORT.mergesort(MERGESORT.java:47)
	at java_programs.MERGESORT.mergesort(MERGESORT.java:47)
	at java_programs.MERGESORT.mergesort(MERGESORT.java:47)
	at java_programs.MERGESORT.mergesort(MERGESORT.java:47)
	at java_programs.MERGESORT.mergesort(MERGESORT.java:47)
	at java_programs.MERGESORT.mergesort(MERGESORT.java:47)
	at java_programs.MERGESORT.mergesort(MERGESORT.java:47)
	at java_programs.MERGESORT.mergesort(MERGESORT.java:47)
	at java_programs.MERGESORT.mergesort(MERGESORT.java:47)
	at java_programs.MERGESORT.mergesort(MERGESORT.java:47)
	at java_programs.MERGESORT.mergesort(MERGESORT.java:47)
	at java_programs.MERGESORT.mergesort(MERGESORT.java:47)
	at java_programs.MERGESORT.mergesort(MERGESORT.java:47)
	at java_programs.MERGESORT.mergesort(MERGESORT.java:47)
	at java_programs.MERGESORT.mergesort(MERGESORT.java:47)
	at java_programs.MERGESORT.mergesort(MERGESORT.java:47)
	at java_programs.MERGESORT.mergesort(MERGESORT.java:47)
	at java_programs.MERGESORT.mergesort(MERGESORT.java:47)
	at java_programs.MERGESORT.mergesort(MERGESORT.java:47)
	at java_programs.MERGESORT.mergesort(MERGESORT.java:47)
	at java_programs.MERGESORT.mergesort(MERGESORT.java:47)
	at java_programs.MERGESORT.mergesort(MERGESORT.java:47)
	at java_programs.MERGESORT.mergesort(MERGESORT.java:47)
	at java_programs.MERGESORT.mergesort(MERGESORT.java:47)
	at java_programs.MERGESORT.mergesort(MERGESORT.java:47)
	at java_programs.MERGESORT.mergesort(MERGESORT.java:47)
	at java_programs.MERGESORT.mergesort(MERGESORT.java:47)
	at java_programs.MERGESORT.mergesort(MERGESORT.java:47)
	at java_programs.MERGESORT.mergesort(MERGESORT.java:47)
	at java_programs.MERGESORT.mergesort(MERGESORT.java:47)
	at java_programs.MERGESORT.mergesort(MERGESORT.java:47)
	at java_programs.MERGESORT.mergesort(MERGESORT.java:47)
	at java_programs.MERGESORT.mergesort(MERGESORT.java:47)
	at java_programs.MERGESORT.mergesort(MERGESORT.java:47)
	at java_programs.MERGESORT.mergesort(MERGESORT.java:47)
	at java_programs.MERGESORT.mergesort(MERGESORT.java:47)
	at java_programs.MERGESORT.mergesort(MERGESORT.java:47)
	at java_programs.MERGESORT.mergesort(MERGESORT.java:47)
	at java_programs.MERGESORT.mergesort(MERGESORT.java:47)
	at java_programs.MERGESORT.mergesort(MERGESORT.java:47)
	at java_programs.MERGESORT.mergesort(MERGESORT.java:47)
	at java_programs.MERGESORT.mergesort(MERGESORT.java:47)
	at java_programs.MERGESORT.mergesort(MERGESORT.java:47)
	at java_programs.MERGESORT.mergesort(MERGESORT.java:47)
	at java_programs.MERGESORT.mergesort(MERGESORT.java:47)
	at java_programs.MERGESORT.mergesort(MERGESORT.java:47)
	at java_programs.MERGESORT.mergesort(MERGESORT.java:47)
	at java_programs.MERGESORT.mergesort(MERGESORT.java:47)
	at java_programs.MERGESORT.mergesort(MERGESORT.java:47)
	at java_programs.MERGESORT.mergesort(MERGESORT.java:47)
	at java_programs.MERGESORT.mergesort(MERGESORT.java:47)
	at java_programs.MERGESORT.mergesort(MERGESORT.java:47)
	at java_programs.MERGESORT.mergesort(MERGESORT.java:47)
	at java_programs.MERGESORT.mergesort(MERGESORT.java:47)
	at java_programs.MERGESORT.mergesort(MERGESORT.java:47)
	at java_programs.MERGESORT.mergesort(MERGESORT.java:47)
	at java_programs.MERGESORT.mergesort(MERGESORT.java:47)
	at java_programs.MERGESORT.mergesort(MERGESORT.java:47)
	at java_programs.MERGESORT.mergesort(MERGESORT.java:47)
	at java_programs.MERGESORT.mergesort(MERGESORT.java:47)
	at java_programs.MERGESORT.mergesort(MERGESORT.java:47)
	at java_programs.MERGESORT.mergesort(MERGESORT.java:47)
	at java_programs.MERGESORT.mergesort(MERGESORT.java:47)
	at java_programs.MERGESORT.mergesort(MERGESORT.java:47)
	at java_programs.MERGESORT.mergesort(MERGESORT.java:47)
	at java_programs.MERGESORT.mergesort(MERGESORT.java:47)
	at java_programs.MERGESORT.mergesort(MERGESORT.java:47)
	at java_programs.MERGESORT.mergesort(MERGESORT.java:47)
	at java_programs.MERGESORT.mergesort(MERGESORT.java:47)
	at java_programs.MERGESORT.mergesort(MERGESORT.java:47)
	at java_programs.MERGESORT.mergesort(MERGESORT.java:47)
	at java_programs.MERGESORT.mergesort(MERGESORT.java:47)
	at java_programs.MERGESORT.mergesort(MERGESORT.java:47)
	at java_programs.MERGESORT.mergesort(MERGESORT.java:47)
	at java_programs.MERGESORT.mergesort(MERGESORT.java:47)
	at java_programs.MERGESORT.mergesort(MERGESORT.java:47)
	at java_programs.MERGESORT.mergesort(MERGESORT.java:47)
	at java_programs.MERGESORT.mergesort(MERGESORT.java:47)
	at java_programs.MERGESORT.mergesort(MERGESORT.java:47)
	at java_programs.MERGESORT.mergesort(MERGESORT.java:47)
	at java_programs.MERGESORT.mergesort(MERGESORT.java:47)
	at java_programs.MERGESORT.mergesort(MERGESORT.java:47)
	at java_programs.MERGESORT.mergesort(MERGESORT.java:47)
	at java_programs.MERGESORT.mergesort(MERGESORT.java:47)
	at java_programs.MERGESORT.mergesort(MERGESORT.java:47)
	at java_programs.MERGESORT.mergesort(MERGESORT.java:47)
	at java_programs.MERGESORT.mergesort(MERGESORT.java:47)
	at java_programs.MERGESORT.mergesort(MERGESORT.java:47)
	at java_programs.MERGESORT.mergesort(MERGESORT.java:47)
	at java_programs.MERGESORT.mergesort(MERGESORT.java:47)
	at java_programs.MERGESORT.mergesort(MERGESORT.java:47)
	at java_programs.MERGESORT.mergesort(MERGESORT.java:47)
	at java_programs.MERGESORT.mergesort(MERGESORT.java:47)
	at java_programs.MERGESORT.mergesort(MERGESORT.java:47)
	at java_programs.MERGESORT.mergesort(MERGESORT.java:47)
	at java_programs.MERGESORT.mergesort(MERGESORT.java:47)
	at java_programs.MERGESORT.mergesort(MERGESORT.java:47)
	at java_programs.MERGESORT.mergesort(MERGESORT.java:47)
	at java_programs.MERGESORT.mergesort(MERGESORT.java:47)
	at java_programs.MERGESORT.mergesort(MERGESORT.java:47)
	at java_programs.MERGESORT.mergesort(MERGESORT.java:47)
	at java_programs.MERGESORT.mergesort(MERGESORT.java:47)
	at java_programs.MERGESORT.mergesort(MERGESORT.java:47)
	at java_programs.MERGESORT.mergesort(MERGESORT.java:47)
	at java_programs.MERGESORT.mergesort(MERGESORT.java:47)
	at java_programs.MERGESORT.mergesort(MERGESORT.java:47)
	at java_programs.MERGESORT.mergesort(MERGESORT.java:47)
	at java_programs.MERGESORT.mergesort(MERGESORT.java:47)
	at java_programs.MERGESORT.mergesort(MERGESORT.java:47)
	at java_programs.MERGESORT.mergesort(MERGESORT.java:47)
	at java_programs.MERGESORT.mergesort(MERGESORT.java:47)
	at java_programs.MERGESORT.mergesort(MERGESORT.java:47)
	at java_programs.MERGESORT.mergesort(MERGESORT.java:47)
	at java_programs.MERGESORT.mergesort(MERGESORT.java:47)
	at java_programs.MERGESORT.mergesort(MERGESORT.java:47)
	at java_programs.MERGESORT.mergesort(MERGESORT.java:47)
	at java_programs.MERGESORT.mergesort(MERGESORT.java:47)
	at java_programs.MERGESORT.mergesort(MERGESORT.java:47)
	at java_programs.MERGESORT.mergesort(MERGESORT.java:47)
	at java_programs.MERGESORT.mergesort(MERGESORT.java:47)
	at java_programs.MERGESORT.mergesort(MERGESORT.java:47)
	at java_programs.MERGESORT.mergesort(MERGESORT.java:47)
	at java_programs.MERGESORT.mergesort(MERGESORT.java:47)
	at java_programs.MERGESORT.mergesort(MERGESORT.java:47)
	at java_programs.MERGESORT.mergesort(MERGESORT.java:47)
	at java_programs.MERGESORT.mergesort(MERGESORT.java:47)
	at java_programs.MERGESORT.mergesort(MERGESORT.java:47)
	at java_programs.MERGESORT.mergesort(MERGESORT.java:47)
	at java_programs.MERGESORT.mergesort(MERGESORT.java:47)
	at java_programs.MERGESORT.mergesort(MERGESORT.java:47)
	at java_programs.MERGESORT.mergesort(MERGESORT.java:47)
	at java_programs.MERGESORT.mergesort(MERGESORT.java:47)
	at java_programs.MERGESORT.mergesort(MERGESORT.java:47)
	at java_programs.MERGESORT.mergesort(MERGESORT.java:47)
	at java_programs.MERGESORT.mergesort(MERGESORT.java:47)
	at java_programs.MERGESORT.mergesort(MERGESORT.java:47)
	at java_programs.MERGESORT.mergesort(MERGESORT.java:47)
	at java_programs.MERGESORT.mergesort(MERGESORT.java:47)
	at java_programs.MERGESORT.mergesort(MERGESORT.java:47)
	at java_programs.MERGESORT.mergesort(MERGESORT.java:47)
	at java_programs.MERGESORT.mergesort(MERGESORT.java:47)
	at java_programs.MERGESORT.mergesort(MERGESORT.java:47)
	at java_programs.MERGESORT.mergesort(MERGESORT.java:47)
	at java_programs.MERGESORT.mergesort(MERGESORT.java:47)
	at java_programs.MERGESORT.mergesort(MERGESORT.java:47)
	at java_programs.MERGESORT.mergesort(MERGESORT.java:47)
	at java_programs.MERGESORT.mergesort(MERGESORT.java:47)
	at java_programs.MERGESORT.mergesort(MERGESORT.java:47)
	at java_programs.MERGESORT.mergesort(MERGESORT.java:47)
	at java_programs.MERGESORT.mergesort(MERGESORT.java:47)
	at java_programs.MERGESORT.mergesort(MERGESORT.java:47)
	at java_programs.MERGESORT.mergesort(MERGESORT.java:47)
	at java_programs.MERGESORT.mergesort(MERGESORT.java:47)
	at java_programs.MERGESORT.mergesort(MERGESORT.java:47)
	at java_programs.MERGESORT.mergesort(MERGESORT.java:47)
	at java_programs.MERGESORT.mergesort(MERGESORT.java:47)
	at java_programs.MERGESORT.mergesort(MERGESORT.java:47)
	at java_programs.MERGESORT.mergesort(MERGESORT.java:47)
	at java_programs.MERGESORT.mergesort(MERGESORT.java:47)
	at java_programs.MERGESORT.mergesort(MERGESORT.java:47)
	at java_programs.MERGESORT.mergesort(MERGESORT.java:47)
	at java_programs.MERGESORT.mergesort(MERGESORT.java:47)
	at java_programs.MERGESORT.mergesort(MERGESORT.java:47)
	at java_programs.MERGESORT.mergesort(MERGESORT.java:47)
	at java_programs.MERGESORT.mergesort(MERGESORT.java:47)
	at java_programs.MERGESORT.mergesort(MERGESORT.java:47)
	at java_programs.MERGESORT.mergesort(MERGESORT.java:47)
	at java_programs.MERGESORT.mergesort(MERGESORT.java:47)
	at java_programs.MERGESORT.mergesort(MERGESORT.java:47)
	at java_programs.MERGESORT.mergesort(MERGESORT.java:47)
	at java_programs.MERGESORT.mergesort(MERGESORT.java:47)
	at java_programs.MERGESORT.mergesort(MERGESORT.java:47)
	at java_programs.MERGESORT.mergesort(MERGESORT.java:47)
	at java_programs.MERGESORT.mergesort(MERGESORT.java:47)
	at java_programs.MERGESORT.mergesort(MERGESORT.java:47)
	at java_programs.MERGESORT.mergesort(MERGESORT.java:47)
	at java_programs.MERGESORT.mergesort(MERGESORT.java:47)
	at java_programs.MERGESORT.mergesort(MERGESORT.java:47)
	at java_programs.MERGESORT.mergesort(MERGESORT.java:47)
	at java_programs.MERGESORT.mergesort(MERGESORT.java:47)
	at java_programs.MERGESORT.mergesort(MERGESORT.java:47)
	at java_programs.MERGESORT.mergesort(MERGESORT.java:47)
	at java_programs.MERGESORT.mergesort(MERGESORT.java:47)
	at java_programs.MERGESORT.mergesort(MERGESORT.java:47)
	at java_programs.MERGESORT.mergesort(MERGESORT.java:47)
	at java_programs.MERGESORT.mergesort(MERGESORT.java:47)
	at java_programs.MERGESORT.mergesort(MERGESORT.java:47)
	at java_programs.MERGESORT.mergesort(MERGESORT.java:47)
	at java_programs.MERGESORT.mergesort(MERGESORT.java:47)
	at java_programs.MERGESORT.mergesort(MERGESORT.java:47)
	at java_programs.MERGESORT.mergesort(MERGESORT.java:47)
	at java_programs.MERGESORT.mergesort(MERGESORT.java:47)
	at java_programs.MERGESORT.mergesort(MERGESORT.java:47)
	at java_programs.MERGESORT.mergesort(MERGESORT.java:47)
	at java_programs.MERGESORT.mergesort(MERGESORT.java:47)
	at java_programs.MERGESORT.mergesort(MERGESORT.java:47)
	at java_programs.MERGESORT.mergesort(MERGESORT.java:47)
	at java_programs.MERGESORT.mergesort(MERGESORT.java:47)
	at java_programs.MERGESORT.mergesort(MERGESORT.java:47)
	at java_programs.MERGESORT.mergesort(MERGESORT.java:47)
	at java_programs.MERGESORT.mergesort(MERGESORT.java:47)
	at java_programs.MERGESORT.mergesort(MERGESORT.java:47)
	at java_programs.MERGESORT.mergesort(MERGESORT.java:47)
	at java_programs.MERGESORT.mergesort(MERGESORT.java:47)
	at java_programs.MERGESORT.mergesort(MERGESORT.java:47)
	at java_programs.MERGESORT.mergesort(MERGESORT.java:47)
	at java_programs.MERGESORT.mergesort(MERGESORT.java:47)
	at java_programs.MERGESORT.mergesort(MERGESORT.java:47)
	at java_programs.MERGESORT.mergesort(MERGESORT.java:47)
	at java_programs.MERGESORT.mergesort(MERGESORT.java:47)
	at java_programs.MERGESORT.mergesort(MERGESORT.java:47)
	at java_programs.MERGESORT.mergesort(MERGESORT.java:47)
	at java_programs.MERGESORT.mergesort(MERGESORT.java:47)
	at java_programs.MERGESORT.mergesort(MERGESORT.java:47)
	at java_programs.MERGESORT.mergesort(MERGESORT.java:47)
	at java_programs.MERGESORT.mergesort(MERGESORT.java:47)
	at java_programs.MERGESORT.mergesort(MERGESORT.java:47)
	at java_programs.MERGESORT.mergesort(MERGESORT.java:47)
	at java_programs.MERGESORT.mergesort(MERGESORT.java:47)
	at java_programs.MERGESORT.mergesort(MERGESORT.java:47)
	at java_programs.MERGESORT.mergesort(MERGESORT.java:47)
	at java_programs.MERGESORT.mergesort(MERGESORT.java:47)
	at java_programs.MERGESORT.mergesort(MERGESORT.java:47)
	at java_programs.MERGESORT.mergesort(MERGESORT.java:47)
	at java_programs.MERGESORT.mergesort(MERGESORT.java:47)
	at java_programs.MERGESORT.mergesort(MERGESORT.java:47)
	at java_programs.MERGESORT.mergesort(MERGESORT.java:47)
	at java_programs.MERGESORT.mergesort(MERGESORT.java:47)
	at java_programs.MERGESORT.mergesort(MERGESORT.java:47)
	at java_programs.MERGESORT.mergesort(MERGESORT.java:47)
	at java_programs.MERGESORT.mergesort(MERGESORT.java:47)
	at java_programs.MERGESORT.mergesort(MERGESORT.java:47)
	at java_programs.MERGESORT.mergesort(MERGESORT.java:47)
	at java_programs.MERGESORT.mergesort(MERGESORT.java:47)
	at java_programs.MERGESORT.mergesort(MERGESORT.java:47)
	at java_programs.MERGESORT.mergesort(MERGESORT.java:47)
	at java_programs.MERGESORT.mergesort(MERGESORT.java:47)
	at java_programs.MERGESORT.mergesort(MERGESORT.java:47)
	at java_programs.MERGESORT.mergesort(MERGESORT.java:47)
	at java_programs.MERGESORT.mergesort(MERGESORT.java:47)
	at java_programs.MERGESORT.mergesort(MERGESORT.java:47)
	at java_programs.MERGESORT.mergesort(MERGESORT.java:47)
	at java_programs.MERGESORT.mergesort(MERGESORT.java:47)
	at java_programs.MERGESORT.mergesort(MERGESORT.java:47)
	at java_programs.MERGESORT.mergesort(MERGESORT.java:47)
	at java_programs.MERGESORT.mergesort(MERGESORT.java:47)
	at java_programs.MERGESORT.mergesort(MERGESORT.java:47)
	at java_programs.MERGESORT.mergesort(MERGESORT.java:47)
	at java_programs.MERGESORT.mergesort(MERGESORT.java:47)
	at java_programs.MERGESORT.mergesort(MERGESORT.java:47)
	at java_programs.MERGESORT.mergesort(MERGESORT.java:47)
	at java_programs.MERGESORT.mergesort(MERGESORT.java:47)
	at java_programs.MERGESORT.mergesort(MERGESORT.java:47)
	at java_programs.MERGESORT.mergesort(MERGESORT.java:47)
	at java_programs.MERGESORT.mergesort(MERGESORT.java:47)
	at java_programs.MERGESORT.mergesort(MERGESORT.java:47)
	at java_programs.MERGESORT.mergesort(MERGESORT.java:47)
	at java_programs.MERGESORT.mergesort(MERGESORT.java:47)
	at java_programs.MERGESORT.mergesort(MERGESORT.java:47)
	at java_programs.MERGESORT.mergesort(MERGESORT.java:47)
	at java_programs.MERGESORT.mergesort(MERGESORT.java:47)
	at java_programs.MERGESORT.mergesort(MERGESORT.java:47)
	at java_programs.MERGESORT.mergesort(MERGESORT.java:47)
	at java_programs.MERGESORT.mergesort(MERGESORT.java:47)
	at java_programs.MERGESORT.mergesort(MERGESORT.java:47)
	at java_programs.MERGESORT.mergesort(MERGESORT.java:47)
	at java_programs.MERGESORT.mergesort(MERGESORT.java:47)
	at java_programs.MERGESORT.mergesort(MERGESORT.java:47)
</failure>
  </testcase>
  <testcase name="test_12" classname="java_testcases.junit.MERGESORT_TEST" time="0.012">
    <failure message="java.lang.StackOverflowError" type="java.lang.StackOverflowError">java.lang.StackOverflowError
	at java.util.ArrayList.addAll(ArrayList.java:583)
	at java_programs.MERGESORT.mergesort(MERGESORT.java:43)
	at java_programs.MERGESORT.mergesort(MERGESORT.java:47)
	at java_programs.MERGESORT.mergesort(MERGESORT.java:47)
	at java_programs.MERGESORT.mergesort(MERGESORT.java:47)
	at java_programs.MERGESORT.mergesort(MERGESORT.java:47)
	at java_programs.MERGESORT.mergesort(MERGESORT.java:47)
	at java_programs.MERGESORT.mergesort(MERGESORT.java:47)
	at java_programs.MERGESORT.mergesort(MERGESORT.java:47)
	at java_programs.MERGESORT.mergesort(MERGESORT.java:47)
	at java_programs.MERGESORT.mergesort(MERGESORT.java:47)
	at java_programs.MERGESORT.mergesort(MERGESORT.java:47)
	at java_programs.MERGESORT.mergesort(MERGESORT.java:47)
	at java_programs.MERGESORT.mergesort(MERGESORT.java:47)
	at java_programs.MERGESORT.mergesort(MERGESORT.java:47)
	at java_programs.MERGESORT.mergesort(MERGESORT.java:47)
	at java_programs.MERGESORT.mergesort(MERGESORT.java:47)
	at java_programs.MERGESORT.mergesort(MERGESORT.java:47)
	at java_programs.MERGESORT.mergesort(MERGESORT.java:47)
	at java_programs.MERGESORT.mergesort(MERGESORT.java:47)
	at java_programs.MERGESORT.mergesort(MERGESORT.java:47)
	at java_programs.MERGESORT.mergesort(MERGESORT.java:47)
	at java_programs.MERGESORT.mergesort(MERGESORT.java:47)
	at java_programs.MERGESORT.mergesort(MERGESORT.java:47)
	at java_programs.MERGESORT.mergesort(MERGESORT.java:47)
	at java_programs.MERGESORT.mergesort(MERGESORT.java:47)
	at java_programs.MERGESORT.mergesort(MERGESORT.java:47)
	at java_programs.MERGESORT.mergesort(MERGESORT.java:47)
	at java_programs.MERGESORT.mergesort(MERGESORT.java:47)
	at java_programs.MERGESORT.mergesort(MERGESORT.java:47)
	at java_programs.MERGESORT.mergesort(MERGESORT.java:47)
	at java_programs.MERGESORT.mergesort(MERGESORT.java:47)
	at java_programs.MERGESORT.mergesort(MERGESORT.java:47)
	at java_programs.MERGESORT.mergesort(MERGESORT.java:47)
	at java_programs.MERGESORT.mergesort(MERGESORT.java:47)
	at java_programs.MERGESORT.mergesort(MERGESORT.java:47)
	at java_programs.MERGESORT.mergesort(MERGESORT.java:47)
	at java_programs.MERGESORT.mergesort(MERGESORT.java:47)
	at java_programs.MERGESORT.mergesort(MERGESORT.java:47)
	at java_programs.MERGESORT.mergesort(MERGESORT.java:47)
	at java_programs.MERGESORT.mergesort(MERGESORT.java:47)
	at java_programs.MERGESORT.mergesort(MERGESORT.java:47)
	at java_programs.MERGESORT.mergesort(MERGESORT.java:47)
	at java_programs.MERGESORT.mergesort(MERGESORT.java:47)
	at java_programs.MERGESORT.mergesort(MERGESORT.java:47)
	at java_programs.MERGESORT.mergesort(MERGESORT.java:47)
	at java_programs.MERGESORT.mergesort(MERGESORT.java:47)
	at java_programs.MERGESORT.mergesort(MERGESORT.java:47)
	at java_programs.MERGESORT.mergesort(MERGESORT.java:47)
	at java_programs.MERGESORT.mergesort(MERGESORT.java:47)
	at java_programs.MERGESORT.mergesort(MERGESORT.java:47)
	at java_programs.MERGESORT.mergesort(MERGESORT.java:47)
	at java_programs.MERGESORT.mergesort(MERGESORT.java:47)
	at java_programs.MERGESORT.mergesort(MERGESORT.java:47)
	at java_programs.MERGESORT.mergesort(MERGESORT.java:47)
	at java_programs.MERGESORT.mergesort(MERGESORT.java:47)
	at java_programs.MERGESORT.mergesort(MERGESORT.java:47)
	at java_programs.MERGESORT.mergesort(MERGESORT.java:47)
	at java_programs.MERGESORT.mergesort(MERGESORT.java:47)
	at java_programs.MERGESORT.mergesort(MERGESORT.java:47)
	at java_programs.MERGESORT.mergesort(MERGESORT.java:47)
	at java_programs.MERGESORT.mergesort(MERGESORT.java:47)
	at java_programs.MERGESORT.mergesort(MERGESORT.java:47)
	at java_programs.MERGESORT.mergesort(MERGESORT.java:47)
	at java_programs.MERGESORT.mergesort(MERGESORT.java:47)
	at java_programs.MERGESORT.mergesort(MERGESORT.java:47)
	at java_programs.MERGESORT.mergesort(MERGESORT.java:47)
	at java_programs.MERGESORT.mergesort(MERGESORT.java:47)
	at java_programs.MERGESORT.mergesort(MERGESORT.java:47)
	at java_programs.MERGESORT.mergesort(MERGESORT.java:47)
	at java_programs.MERGESORT.mergesort(MERGESORT.java:47)
	at java_programs.MERGESORT.mergesort(MERGESORT.java:47)
	at java_programs.MERGESORT.mergesort(MERGESORT.java:47)
	at java_programs.MERGESORT.mergesort(MERGESORT.java:47)
	at java_programs.MERGESORT.mergesort(MERGESORT.java:47)
	at java_programs.MERGESORT.mergesort(MERGESORT.java:47)
	at java_programs.MERGESORT.mergesort(MERGESORT.java:47)
	at java_programs.MERGESORT.mergesort(MERGESORT.java:47)
	at java_programs.MERGESORT.mergesort(MERGESORT.java:47)
	at java_programs.MERGESORT.mergesort(MERGESORT.java:47)
	at java_programs.MERGESORT.mergesort(MERGESORT.java:47)
	at java_programs.MERGESORT.mergesort(MERGESORT.java:47)
	at java_programs.MERGESORT.mergesort(MERGESORT.java:47)
	at java_programs.MERGESORT.mergesort(MERGESORT.java:47)
	at java_programs.MERGESORT.mergesort(MERGESORT.java:47)
	at java_programs.MERGESORT.mergesort(MERGESORT.java:47)
	at java_programs.MERGESORT.mergesort(MERGESORT.java:47)
	at java_programs.MERGESORT.mergesort(MERGESORT.java:47)
	at java_programs.MERGESORT.mergesort(MERGESORT.java:47)
	at java_programs.MERGESORT.mergesort(MERGESORT.java:47)
	at java_programs.MERGESORT.mergesort(MERGESORT.java:47)
	at java_programs.MERGESORT.mergesort(MERGESORT.java:47)
	at java_programs.MERGESORT.mergesort(MERGESORT.java:47)
	at java_programs.MERGESORT.mergesort(MERGESORT.java:47)
	at java_programs.MERGESORT.mergesort(MERGESORT.java:47)
	at java_programs.MERGESORT.mergesort(MERGESORT.java:47)
	at java_programs.MERGESORT.mergesort(MERGESORT.java:47)
	at java_programs.MERGESORT.mergesort(MERGESORT.java:47)
	at java_programs.MERGESORT.mergesort(MERGESORT.java:47)
	at java_programs.MERGESORT.mergesort(MERGESORT.java:47)
	at java_programs.MERGESORT.mergesort(MERGESORT.java:47)
	at java_programs.MERGESORT.mergesort(MERGESORT.java:47)
	at java_programs.MERGESORT.mergesort(MERGESORT.java:47)
	at java_programs.MERGESORT.mergesort(MERGESORT.java:47)
	at java_programs.MERGESORT.mergesort(MERGESORT.java:47)
	at java_programs.MERGESORT.mergesort(MERGESORT.java:47)
	at java_programs.MERGESORT.mergesort(MERGESORT.java:47)
	at java_programs.MERGESORT.mergesort(MERGESORT.java:47)
	at java_programs.MERGESORT.mergesort(MERGESORT.java:47)
	at java_programs.MERGESORT.mergesort(MERGESORT.java:47)
	at java_programs.MERGESORT.mergesort(MERGESORT.java:47)
	at java_programs.MERGESORT.mergesort(MERGESORT.java:47)
	at java_programs.MERGESORT.mergesort(MERGESORT.java:47)
	at java_programs.MERGESORT.mergesort(MERGESORT.java:47)
	at java_programs.MERGESORT.mergesort(MERGESORT.java:47)
	at java_programs.MERGESORT.mergesort(MERGESORT.java:47)
	at java_programs.MERGESORT.mergesort(MERGESORT.java:47)
	at java_programs.MERGESORT.mergesort(MERGESORT.java:47)
	at java_programs.MERGESORT.mergesort(MERGESORT.java:47)
	at java_programs.MERGESORT.mergesort(MERGESORT.java:47)
	at java_programs.MERGESORT.mergesort(MERGESORT.java:47)
	at java_programs.MERGESORT.mergesort(MERGESORT.java:47)
	at java_programs.MERGESORT.mergesort(MERGESORT.java:47)
	at java_programs.MERGESORT.mergesort(MERGESORT.java:47)
	at java_programs.MERGESORT.mergesort(MERGESORT.java:47)
	at java_programs.MERGESORT.mergesort(MERGESORT.java:47)
	at java_programs.MERGESORT.mergesort(MERGESORT.java:47)
	at java_programs.MERGESORT.mergesort(MERGESORT.java:47)
	at java_programs.MERGESORT.mergesort(MERGESORT.java:47)
	at java_programs.MERGESORT.mergesort(MERGESORT.java:47)
	at java_programs.MERGESORT.mergesort(MERGESORT.java:47)
	at java_programs.MERGESORT.mergesort(MERGESORT.java:47)
	at java_programs.MERGESORT.mergesort(MERGESORT.java:47)
	at java_programs.MERGESORT.mergesort(MERGESORT.java:47)
	at java_programs.MERGESORT.mergesort(MERGESORT.java:47)
	at java_programs.MERGESORT.mergesort(MERGESORT.java:47)
	at java_programs.MERGESORT.mergesort(MERGESORT.java:47)
	at java_programs.MERGESORT.mergesort(MERGESORT.java:47)
	at java_programs.MERGESORT.mergesort(MERGESORT.java:47)
	at java_programs.MERGESORT.mergesort(MERGESORT.java:47)
	at java_programs.MERGESORT.mergesort(MERGESORT.java:47)
	at java_programs.MERGESORT.mergesort(MERGESORT.java:47)
	at java_programs.MERGESORT.mergesort(MERGESORT.java:47)
	at java_programs.MERGESORT.mergesort(MERGESORT.java:47)
	at java_programs.MERGESORT.mergesort(MERGESORT.java:47)
	at java_programs.MERGESORT.mergesort(MERGESORT.java:47)
	at java_programs.MERGESORT.mergesort(MERGESORT.java:47)
	at java_programs.MERGESORT.mergesort(MERGESORT.java:47)
	at java_programs.MERGESORT.mergesort(MERGESORT.java:47)
	at java_programs.MERGESORT.mergesort(MERGESORT.java:47)
	at java_programs.MERGESORT.mergesort(MERGESORT.java:47)
	at java_programs.MERGESORT.mergesort(MERGESORT.java:47)
	at java_programs.MERGESORT.mergesort(MERGESORT.java:47)
	at java_programs.MERGESORT.mergesort(MERGESORT.java:47)
	at java_programs.MERGESORT.mergesort(MERGESORT.java:47)
	at java_programs.MERGESORT.mergesort(MERGESORT.java:47)
	at java_programs.MERGESORT.mergesort(MERGESORT.java:47)
	at java_programs.MERGESORT.mergesort(MERGESORT.java:47)
	at java_programs.MERGESORT.mergesort(MERGESORT.java:47)
	at java_programs.MERGESORT.mergesort(MERGESORT.java:47)
	at java_programs.MERGESORT.mergesort(MERGESORT.java:47)
	at java_programs.MERGESORT.mergesort(MERGESORT.java:47)
	at java_programs.MERGESORT.mergesort(MERGESORT.java:47)
	at java_programs.MERGESORT.mergesort(MERGESORT.java:47)
	at java_programs.MERGESORT.mergesort(MERGESORT.java:47)
	at java_programs.MERGESORT.mergesort(MERGESORT.java:47)
	at java_programs.MERGESORT.mergesort(MERGESORT.java:47)
	at java_programs.MERGESORT.mergesort(MERGESORT.java:47)
	at java_programs.MERGESORT.mergesort(MERGESORT.java:47)
	at java_programs.MERGESORT.mergesort(MERGESORT.java:47)
	at java_programs.MERGESORT.mergesort(MERGESORT.java:47)
	at java_programs.MERGESORT.mergesort(MERGESORT.java:47)
	at java_programs.MERGESORT.mergesort(MERGESORT.java:47)
	at java_programs.MERGESORT.mergesort(MERGESORT.java:47)
	at java_programs.MERGESORT.mergesort(MERGESORT.java:47)
	at java_programs.MERGESORT.mergesort(MERGESORT.java:47)
	at java_programs.MERGESORT.mergesort(MERGESORT.java:47)
	at java_programs.MERGESORT.mergesort(MERGESORT.java:47)
	at java_programs.MERGESORT.mergesort(MERGESORT.java:47)
	at java_programs.MERGESORT.mergesort(MERGESORT.java:47)
	at java_programs.MERGESORT.mergesort(MERGESORT.java:47)
	at java_programs.MERGESORT.mergesort(MERGESORT.java:47)
	at java_programs.MERGESORT.mergesort(MERGESORT.java:47)
	at java_programs.MERGESORT.mergesort(MERGESORT.java:47)
	at java_programs.MERGESORT.mergesort(MERGESORT.java:47)
	at java_programs.MERGESORT.mergesort(MERGESORT.java:47)
	at java_programs.MERGESORT.mergesort(MERGESORT.java:47)
	at java_programs.MERGESORT.mergesort(MERGESORT.java:47)
	at java_programs.MERGESORT.mergesort(MERGESORT.java:47)
	at java_programs.MERGESORT.mergesort(MERGESORT.java:47)
	at java_programs.MERGESORT.mergesort(MERGESORT.java:47)
	at java_programs.MERGESORT.mergesort(MERGESORT.java:47)
	at java_programs.MERGESORT.mergesort(MERGESORT.java:47)
	at java_programs.MERGESORT.mergesort(MERGESORT.java:47)
	at java_programs.MERGESORT.mergesort(MERGESORT.java:47)
	at java_programs.MERGESORT.mergesort(MERGESORT.java:47)
	at java_programs.MERGESORT.mergesort(MERGESORT.java:47)
	at java_programs.MERGESORT.mergesort(MERGESORT.java:47)
	at java_programs.MERGESORT.mergesort(MERGESORT.java:47)
	at java_programs.MERGESORT.mergesort(MERGESORT.java:47)
	at java_programs.MERGESORT.mergesort(MERGESORT.java:47)
	at java_programs.MERGESORT.mergesort(MERGESORT.java:47)
	at java_programs.MERGESORT.mergesort(MERGESORT.java:47)
	at java_programs.MERGESORT.mergesort(MERGESORT.java:47)
	at java_programs.MERGESORT.mergesort(MERGESORT.java:47)
	at java_programs.MERGESORT.mergesort(MERGESORT.java:47)
	at java_programs.MERGESORT.mergesort(MERGESORT.java:47)
	at java_programs.MERGESORT.mergesort(MERGESORT.java:47)
	at java_programs.MERGESORT.mergesort(MERGESORT.java:47)
	at java_programs.MERGESORT.mergesort(MERGESORT.java:47)
	at java_programs.MERGESORT.mergesort(MERGESORT.java:47)
	at java_programs.MERGESORT.mergesort(MERGESORT.java:47)
	at java_programs.MERGESORT.mergesort(MERGESORT.java:47)
	at java_programs.MERGESORT.mergesort(MERGESORT.java:47)
	at java_programs.MERGESORT.mergesort(MERGESORT.java:47)
	at java_programs.MERGESORT.mergesort(MERGESORT.java:47)
	at java_programs.MERGESORT.mergesort(MERGESORT.java:47)
	at java_programs.MERGESORT.mergesort(MERGESORT.java:47)
	at java_programs.MERGESORT.mergesort(MERGESORT.java:47)
	at java_programs.MERGESORT.mergesort(MERGESORT.java:47)
	at java_programs.MERGESORT.mergesort(MERGESORT.java:47)
	at java_programs.MERGESORT.mergesort(MERGESORT.java:47)
	at java_programs.MERGESORT.mergesort(MERGESORT.java:47)
	at java_programs.MERGESORT.mergesort(MERGESORT.java:47)
	at java_programs.MERGESORT.mergesort(MERGESORT.java:47)
	at java_programs.MERGESORT.mergesort(MERGESORT.java:47)
	at java_programs.MERGESORT.mergesort(MERGESORT.java:47)
	at java_programs.MERGESORT.mergesort(MERGESORT.java:47)
	at java_programs.MERGESORT.mergesort(MERGESORT.java:47)
	at java_programs.MERGESORT.mergesort(MERGESORT.java:47)
	at java_programs.MERGESORT.mergesort(MERGESORT.java:47)
	at java_programs.MERGESORT.mergesort(MERGESORT.java:47)
	at java_programs.MERGESORT.mergesort(MERGESORT.java:47)
	at java_programs.MERGESORT.mergesort(MERGESORT.java:47)
	at java_programs.MERGESORT.mergesort(MERGESORT.java:47)
	at java_programs.MERGESORT.mergesort(MERGESORT.java:47)
	at java_programs.MERGESORT.mergesort(MERGESORT.java:47)
	at java_programs.MERGESORT.mergesort(MERGESORT.java:47)
	at java_programs.MERGESORT.mergesort(MERGESORT.java:47)
	at java_programs.MERGESORT.mergesort(MERGESORT.java:47)
	at java_programs.MERGESORT.mergesort(MERGESORT.java:47)
	at java_programs.MERGESORT.mergesort(MERGESORT.java:47)
	at java_programs.MERGESORT.mergesort(MERGESORT.java:47)
	at java_programs.MERGESORT.mergesort(MERGESORT.java:47)
	at java_programs.MERGESORT.mergesort(MERGESORT.java:47)
	at java_programs.MERGESORT.mergesort(MERGESORT.java:47)
	at java_programs.MERGESORT.mergesort(MERGESORT.java:47)
	at java_programs.MERGESORT.mergesort(MERGESORT.java:47)
	at java_programs.MERGESORT.mergesort(MERGESORT.java:47)
	at java_programs.MERGESORT.mergesort(MERGESORT.java:47)
	at java_programs.MERGESORT.mergesort(MERGESORT.java:47)
	at java_programs.MERGESORT.mergesort(MERGESORT.java:47)
	at java_programs.MERGESORT.mergesort(MERGESORT.java:47)
	at java_programs.MERGESORT.mergesort(MERGESORT.java:47)
	at java_programs.MERGESORT.mergesort(MERGESORT.java:47)
	at java_programs.MERGESORT.mergesort(MERGESORT.java:47)
	at java_programs.MERGESORT.mergesort(MERGESORT.java:47)
	at java_programs.MERGESORT.mergesort(MERGESORT.java:47)
	at java_programs.MERGESORT.mergesort(MERGESORT.java:47)
	at java_programs.MERGESORT.mergesort(MERGESORT.java:47)
	at java_programs.MERGESORT.mergesort(MERGESORT.java:47)
	at java_programs.MERGESORT.mergesort(MERGESORT.java:47)
	at java_programs.MERGESORT.mergesort(MERGESORT.java:47)
	at java_programs.MERGESORT.mergesort(MERGESORT.java:47)
	at java_programs.MERGESORT.mergesort(MERGESORT.java:47)
	at java_programs.MERGESORT.mergesort(MERGESORT.java:47)
	at java_programs.MERGESORT.mergesort(MERGESORT.java:47)
	at java_programs.MERGESORT.mergesort(MERGESORT.java:47)
	at java_programs.MERGESORT.mergesort(MERGESORT.java:47)
	at java_programs.MERGESORT.mergesort(MERGESORT.java:47)
	at java_programs.MERGESORT.mergesort(MERGESORT.java:47)
	at java_programs.MERGESORT.mergesort(MERGESORT.java:47)
	at java_programs.MERGESORT.mergesort(MERGESORT.java:47)
	at java_programs.MERGESORT.mergesort(MERGESORT.java:47)
	at java_programs.MERGESORT.mergesort(MERGESORT.java:47)
	at java_programs.MERGESORT.mergesort(MERGESORT.java:47)
	at java_programs.MERGESORT.mergesort(MERGESORT.java:47)
	at java_programs.MERGESORT.mergesort(MERGESORT.java:47)
	at java_programs.MERGESORT.mergesort(MERGESORT.java:47)
	at java_programs.MERGESORT.mergesort(MERGESORT.java:47)
	at java_programs.MERGESORT.mergesort(MERGESORT.java:47)
	at java_programs.MERGESORT.mergesort(MERGESORT.java:47)
	at java_programs.MERGESORT.mergesort(MERGESORT.java:47)
	at java_programs.MERGESORT.mergesort(MERGESORT.java:47)
	at java_programs.MERGESORT.mergesort(MERGESORT.java:47)
	at java_programs.MERGESORT.mergesort(MERGESORT.java:47)
	at java_programs.MERGESORT.mergesort(MERGESORT.java:47)
	at java_programs.MERGESORT.mergesort(MERGESORT.java:47)
	at java_programs.MERGESORT.mergesort(MERGESORT.java:47)
	at java_programs.MERGESORT.mergesort(MERGESORT.java:47)
	at java_programs.MERGESORT.mergesort(MERGESORT.java:47)
	at java_programs.MERGESORT.mergesort(MERGESORT.java:47)
	at java_programs.MERGESORT.mergesort(MERGESORT.java:47)
	at java_programs.MERGESORT.mergesort(MERGESORT.java:47)
	at java_programs.MERGESORT.mergesort(MERGESORT.java:47)
	at java_programs.MERGESORT.mergesort(MERGESORT.java:47)
	at java_programs.MERGESORT.mergesort(MERGESORT.java:47)
	at java_programs.MERGESORT.mergesort(MERGESORT.java:47)
	at java_programs.MERGESORT.mergesort(MERGESORT.java:47)
	at java_programs.MERGESORT.mergesort(MERGESORT.java:47)
	at java_programs.MERGESORT.mergesort(MERGESORT.java:47)
	at java_programs.MERGESORT.mergesort(MERGESORT.java:47)
	at java_programs.MERGESORT.mergesort(MERGESORT.java:47)
	at java_programs.MERGESORT.mergesort(MERGESORT.java:47)
	at java_programs.MERGESORT.mergesort(MERGESORT.java:47)
	at java_programs.MERGESORT.mergesort(MERGESORT.java:47)
	at java_programs.MERGESORT.mergesort(MERGESORT.java:47)
	at java_programs.MERGESORT.mergesort(MERGESORT.java:47)
	at java_programs.MERGESORT.mergesort(MERGESORT.java:47)
	at java_programs.MERGESORT.mergesort(MERGESORT.java:47)
	at java_programs.MERGESORT.mergesort(MERGESORT.java:47)
	at java_programs.MERGESORT.mergesort(MERGESORT.java:47)
	at java_programs.MERGESORT.mergesort(MERGESORT.java:47)
	at java_programs.MERGESORT.mergesort(MERGESORT.java:47)
	at java_programs.MERGESORT.mergesort(MERGESORT.java:47)
	at java_programs.MERGESORT.mergesort(MERGESORT.java:47)
	at java_programs.MERGESORT.mergesort(MERGESORT.java:47)
	at java_programs.MERGESORT.mergesort(MERGESORT.java:47)
	at java_programs.MERGESORT.mergesort(MERGESORT.java:47)
	at java_programs.MERGESORT.mergesort(MERGESORT.java:47)
	at java_programs.MERGESORT.mergesort(MERGESORT.java:47)
	at java_programs.MERGESORT.mergesort(MERGESORT.java:47)
	at java_programs.MERGESORT.mergesort(MERGESORT.java:47)
	at java_programs.MERGESORT.mergesort(MERGESORT.java:47)
	at java_programs.MERGESORT.mergesort(MERGESORT.java:47)
	at java_programs.MERGESORT.mergesort(MERGESORT.java:47)
	at java_programs.MERGESORT.mergesort(MERGESORT.java:47)
	at java_programs.MERGESORT.mergesort(MERGESORT.java:47)
	at java_programs.MERGESORT.mergesort(MERGESORT.java:47)
	at java_programs.MERGESORT.mergesort(MERGESORT.java:47)
	at java_programs.MERGESORT.mergesort(MERGESORT.java:47)
	at java_programs.MERGESORT.mergesort(MERGESORT.java:47)
	at java_programs.MERGESORT.mergesort(MERGESORT.java:47)
	at java_programs.MERGESORT.mergesort(MERGESORT.java:47)
	at java_programs.MERGESORT.mergesort(MERGESORT.java:47)
	at java_programs.MERGESORT.mergesort(MERGESORT.java:47)
	at java_programs.MERGESORT.mergesort(MERGESORT.java:47)
	at java_programs.MERGESORT.mergesort(MERGESORT.java:47)
	at java_programs.MERGESORT.mergesort(MERGESORT.java:47)
	at java_programs.MERGESORT.mergesort(MERGESORT.java:47)
	at java_programs.MERGESORT.mergesort(MERGESORT.java:47)
	at java_programs.MERGESORT.mergesort(MERGESORT.java:47)
	at java_programs.MERGESORT.mergesort(MERGESORT.java:47)
	at java_programs.MERGESORT.mergesort(MERGESORT.java:47)
	at java_programs.MERGESORT.mergesort(MERGESORT.java:47)
	at java_programs.MERGESORT.mergesort(MERGESORT.java:47)
	at java_programs.MERGESORT.mergesort(MERGESORT.java:47)
	at java_programs.MERGESORT.mergesort(MERGESORT.java:47)
	at java_programs.MERGESORT.mergesort(MERGESORT.java:47)
	at java_programs.MERGESORT.mergesort(MERGESORT.java:47)
	at java_programs.MERGESORT.mergesort(MERGESORT.java:47)
	at java_programs.MERGESORT.mergesort(MERGESORT.java:47)
	at java_programs.MERGESORT.mergesort(MERGESORT.java:47)
	at java_programs.MERGESORT.mergesort(MERGESORT.java:47)
	at java_programs.MERGESORT.mergesort(MERGESORT.java:47)
	at java_programs.MERGESORT.mergesort(MERGESORT.java:47)
	at java_programs.MERGESORT.mergesort(MERGESORT.java:47)
	at java_programs.MERGESORT.mergesort(MERGESORT.java:47)
	at java_programs.MERGESORT.mergesort(MERGESORT.java:47)
	at java_programs.MERGESORT.mergesort(MERGESORT.java:47)
	at java_programs.MERGESORT.mergesort(MERGESORT.java:47)
	at java_programs.MERGESORT.mergesort(MERGESORT.java:47)
	at java_programs.MERGESORT.mergesort(MERGESORT.java:47)
	at java_programs.MERGESORT.mergesort(MERGESORT.java:47)
	at java_programs.MERGESORT.mergesort(MERGESORT.java:47)
	at java_programs.MERGESORT.mergesort(MERGESORT.java:47)
	at java_programs.MERGESORT.mergesort(MERGESORT.java:47)
	at java_programs.MERGESORT.mergesort(MERGESORT.java:47)
	at java_programs.MERGESORT.mergesort(MERGESORT.java:47)
	at java_programs.MERGESORT.mergesort(MERGESORT.java:47)
	at java_programs.MERGESORT.mergesort(MERGESORT.java:47)
	at java_programs.MERGESORT.mergesort(MERGESORT.java:47)
	at java_programs.MERGESORT.mergesort(MERGESORT.java:47)
	at java_programs.MERGESORT.mergesort(MERGESORT.java:47)
	at java_programs.MERGESORT.mergesort(MERGESORT.java:47)
	at java_programs.MERGESORT.mergesort(MERGESORT.java:47)
	at java_programs.MERGESORT.mergesort(MERGESORT.java:47)
	at java_programs.MERGESORT.mergesort(MERGESORT.java:47)
	at java_programs.MERGESORT.mergesort(MERGESORT.java:47)
	at java_programs.MERGESORT.mergesort(MERGESORT.java:47)
	at java_programs.MERGESORT.mergesort(MERGESORT.java:47)
	at java_programs.MERGESORT.mergesort(MERGESORT.java:47)
	at java_programs.MERGESORT.mergesort(MERGESORT.java:47)
	at java_programs.MERGESORT.mergesort(MERGESORT.java:47)
	at java_programs.MERGESORT.mergesort(MERGESORT.java:47)
	at java_programs.MERGESORT.mergesort(MERGESORT.java:47)
	at java_programs.MERGESORT.mergesort(MERGESORT.java:47)
	at java_programs.MERGESORT.mergesort(MERGESORT.java:47)
	at java_programs.MERGESORT.mergesort(MERGESORT.java:47)
	at java_programs.MERGESORT.mergesort(MERGESORT.java:47)
	at java_programs.MERGESORT.mergesort(MERGESORT.java:47)
	at java_programs.MERGESORT.mergesort(MERGESORT.java:47)
	at java_programs.MERGESORT.mergesort(MERGESORT.java:47)
	at java_programs.MERGESORT.mergesort(MERGESORT.java:47)
	at java_programs.MERGESORT.mergesort(MERGESORT.java:47)
	at java_programs.MERGESORT.mergesort(MERGESORT.java:47)
	at java_programs.MERGESORT.mergesort(MERGESORT.java:47)
	at java_programs.MERGESORT.mergesort(MERGESORT.java:47)
	at java_programs.MERGESORT.mergesort(MERGESORT.java:47)
	at java_programs.MERGESORT.mergesort(MERGESORT.java:47)
	at java_programs.MERGESORT.mergesort(MERGESORT.java:47)
	at java_programs.MERGESORT.mergesort(MERGESORT.java:47)
	at java_programs.MERGESORT.mergesort(MERGESORT.java:47)
	at java_programs.MERGESORT.mergesort(MERGESORT.java:47)
	at java_programs.MERGESORT.mergesort(MERGESORT.java:47)
	at java_programs.MERGESORT.mergesort(MERGESORT.java:47)
	at java_programs.MERGESORT.mergesort(MERGESORT.java:47)
	at java_programs.MERGESORT.mergesort(MERGESORT.java:47)
	at java_programs.MERGESORT.mergesort(MERGESORT.java:47)
	at java_programs.MERGESORT.mergesort(MERGESORT.java:47)
	at java_programs.MERGESORT.mergesort(MERGESORT.java:47)
	at java_programs.MERGESORT.mergesort(MERGESORT.java:47)
	at java_programs.MERGESORT.mergesort(MERGESORT.java:47)
	at java_programs.MERGESORT.mergesort(MERGESORT.java:47)
	at java_programs.MERGESORT.mergesort(MERGESORT.java:47)
	at java_programs.MERGESORT.mergesort(MERGESORT.java:47)
	at java_programs.MERGESORT.mergesort(MERGESORT.java:47)
	at java_programs.MERGESORT.mergesort(MERGESORT.java:47)
	at java_programs.MERGESORT.mergesort(MERGESORT.java:47)
	at java_programs.MERGESORT.mergesort(MERGESORT.java:47)
	at java_programs.MERGESORT.mergesort(MERGESORT.java:47)
	at java_programs.MERGESORT.mergesort(MERGESORT.java:47)
	at java_programs.MERGESORT.mergesort(MERGESORT.java:47)
	at java_programs.MERGESORT.mergesort(MERGESORT.java:47)
	at java_programs.MERGESORT.mergesort(MERGESORT.java:47)
	at java_programs.MERGESORT.mergesort(MERGESORT.java:47)
	at java_programs.MERGESORT.mergesort(MERGESORT.java:47)
	at java_programs.MERGESORT.mergesort(MERGESORT.java:47)
	at java_programs.MERGESORT.mergesort(MERGESORT.java:47)
	at java_programs.MERGESORT.mergesort(MERGESORT.java:47)
	at java_programs.MERGESORT.mergesort(MERGESORT.java:47)
	at java_programs.MERGESORT.mergesort(MERGESORT.java:47)
	at java_programs.MERGESORT.mergesort(MERGESORT.java:47)
	at java_programs.MERGESORT.mergesort(MERGESORT.java:47)
	at java_programs.MERGESORT.mergesort(MERGESORT.java:47)
	at java_programs.MERGESORT.mergesort(MERGESORT.java:47)
	at java_programs.MERGESORT.mergesort(MERGESORT.java:47)
	at java_programs.MERGESORT.mergesort(MERGESORT.java:47)
	at java_programs.MERGESORT.mergesort(MERGESORT.java:47)
	at java_programs.MERGESORT.mergesort(MERGESORT.java:47)
	at java_programs.MERGESORT.mergesort(MERGESORT.java:47)
	at java_programs.MERGESORT.mergesort(MERGESORT.java:47)
	at java_programs.MERGESORT.mergesort(MERGESORT.java:47)
	at java_programs.MERGESORT.mergesort(MERGESORT.java:47)
	at java_programs.MERGESORT.mergesort(MERGESORT.java:47)
	at java_programs.MERGESORT.mergesort(MERGESORT.java:47)
	at java_programs.MERGESORT.mergesort(MERGESORT.java:47)
	at java_programs.MERGESORT.mergesort(MERGESORT.java:47)
	at java_programs.MERGESORT.mergesort(MERGESORT.java:47)
	at java_programs.MERGESORT.mergesort(MERGESORT.java:47)
	at java_programs.MERGESORT.mergesort(MERGESORT.java:47)
	at java_programs.MERGESORT.mergesort(MERGESORT.java:47)
	at java_programs.MERGESORT.mergesort(MERGESORT.java:47)
	at java_programs.MERGESORT.mergesort(MERGESORT.java:47)
	at java_programs.MERGESORT.mergesort(MERGESORT.java:47)
	at java_programs.MERGESORT.mergesort(MERGESORT.java:47)
	at java_programs.MERGESORT.mergesort(MERGESORT.java:47)
	at java_programs.MERGESORT.mergesort(MERGESORT.java:47)
	at java_programs.MERGESORT.mergesort(MERGESORT.java:47)
	at java_programs.MERGESORT.mergesort(MERGESORT.java:47)
	at java_programs.MERGESORT.mergesort(MERGESORT.java:47)
	at java_programs.MERGESORT.mergesort(MERGESORT.java:47)
	at java_programs.MERGESORT.mergesort(MERGESORT.java:47)
	at java_programs.MERGESORT.mergesort(MERGESORT.java:47)
	at java_programs.MERGESORT.mergesort(MERGESORT.java:47)
	at java_programs.MERGESORT.mergesort(MERGESORT.java:47)
	at java_programs.MERGESORT.mergesort(MERGESORT.java:47)
	at java_programs.MERGESORT.mergesort(MERGESORT.java:47)
	at java_programs.MERGESORT.mergesort(MERGESORT.java:47)
	at java_programs.MERGESORT.mergesort(MERGESORT.java:47)
	at java_programs.MERGESORT.mergesort(MERGESORT.java:47)
	at java_programs.MERGESORT.mergesort(MERGESORT.java:47)
	at java_programs.MERGESORT.mergesort(MERGESORT.java:47)
	at java_programs.MERGESORT.mergesort(MERGESORT.java:47)
	at java_programs.MERGESORT.mergesort(MERGESORT.java:47)
	at java_programs.MERGESORT.mergesort(MERGESORT.java:47)
	at java_programs.MERGESORT.mergesort(MERGESORT.java:47)
	at java_programs.MERGESORT.mergesort(MERGESORT.java:47)
	at java_programs.MERGESORT.mergesort(MERGESORT.java:47)
	at java_programs.MERGESORT.mergesort(MERGESORT.java:47)
	at java_programs.MERGESORT.mergesort(MERGESORT.java:47)
	at java_programs.MERGESORT.mergesort(MERGESORT.java:47)
	at java_programs.MERGESORT.mergesort(MERGESORT.java:47)
	at java_programs.MERGESORT.mergesort(MERGESORT.java:47)
	at java_programs.MERGESORT.mergesort(MERGESORT.java:47)
	at java_programs.MERGESORT.mergesort(MERGESORT.java:47)
	at java_programs.MERGESORT.mergesort(MERGESORT.java:47)
	at java_programs.MERGESORT.mergesort(MERGESORT.java:47)
	at java_programs.MERGESORT.mergesort(MERGESORT.java:47)
	at java_programs.MERGESORT.mergesort(MERGESORT.java:47)
	at java_programs.MERGESORT.mergesort(MERGESORT.java:47)
	at java_programs.MERGESORT.mergesort(MERGESORT.java:47)
	at java_programs.MERGESORT.mergesort(MERGESORT.java:47)
	at java_programs.MERGESORT.mergesort(MERGESORT.java:47)
	at java_programs.MERGESORT.mergesort(MERGESORT.java:47)
	at java_programs.MERGESORT.mergesort(MERGESORT.java:47)
	at java_programs.MERGESORT.mergesort(MERGESORT.java:47)
	at java_programs.MERGESORT.mergesort(MERGESORT.java:47)
	at java_programs.MERGESORT.mergesort(MERGESORT.java:47)
	at java_programs.MERGESORT.mergesort(MERGESORT.java:47)
	at java_programs.MERGESORT.mergesort(MERGESORT.java:47)
	at java_programs.MERGESORT.mergesort(MERGESORT.java:47)
	at java_programs.MERGESORT.mergesort(MERGESORT.java:47)
	at java_programs.MERGESORT.mergesort(MERGESORT.java:47)
	at java_programs.MERGESORT.mergesort(MERGESORT.java:47)
	at java_programs.MERGESORT.mergesort(MERGESORT.java:47)
	at java_programs.MERGESORT.mergesort(MERGESORT.java:47)
	at java_programs.MERGESORT.mergesort(MERGESORT.java:47)
	at java_programs.MERGESORT.mergesort(MERGESORT.java:47)
	at java_programs.MERGESORT.mergesort(MERGESORT.java:47)
	at java_programs.MERGESORT.mergesort(MERGESORT.java:47)
	at java_programs.MERGESORT.mergesort(MERGESORT.java:47)
	at java_programs.MERGESORT.mergesort(MERGESORT.java:47)
	at java_programs.MERGESORT.mergesort(MERGESORT.java:47)
	at java_programs.MERGESORT.mergesort(MERGESORT.java:47)
	at java_programs.MERGESORT.mergesort(MERGESORT.java:47)
	at java_programs.MERGESORT.mergesort(MERGESORT.java:47)
	at java_programs.MERGESORT.mergesort(MERGESORT.java:47)
	at java_programs.MERGESORT.mergesort(MERGESORT.java:47)
	at java_programs.MERGESORT.mergesort(MERGESORT.java:47)
	at java_programs.MERGESORT.mergesort(MERGESORT.java:47)
	at java_programs.MERGESORT.mergesort(MERGESORT.java:47)
	at java_programs.MERGESORT.mergesort(MERGESORT.java:47)
	at java_programs.MERGESORT.mergesort(MERGESORT.java:47)
	at java_programs.MERGESORT.mergesort(MERGESORT.java:47)
	at java_programs.MERGESORT.mergesort(MERGESORT.java:47)
	at java_programs.MERGESORT.mergesort(MERGESORT.java:47)
	at java_programs.MERGESORT.mergesort(MERGESORT.java:47)
	at java_programs.MERGESORT.mergesort(MERGESORT.java:47)
	at java_programs.MERGESORT.mergesort(MERGESORT.java:47)
	at java_programs.MERGESORT.mergesort(MERGESORT.java:47)
	at java_programs.MERGESORT.mergesort(MERGESORT.java:47)
	at java_programs.MERGESORT.mergesort(MERGESORT.java:47)
	at java_programs.MERGESORT.mergesort(MERGESORT.java:47)
	at java_programs.MERGESORT.mergesort(MERGESORT.java:47)
	at java_programs.MERGESORT.mergesort(MERGESORT.java:47)
	at java_programs.MERGESORT.mergesort(MERGESORT.java:47)
	at java_programs.MERGESORT.mergesort(MERGESORT.java:47)
	at java_programs.MERGESORT.mergesort(MERGESORT.java:47)
	at java_programs.MERGESORT.mergesort(MERGESORT.java:47)
	at java_programs.MERGESORT.mergesort(MERGESORT.java:47)
	at java_programs.MERGESORT.mergesort(MERGESORT.java:47)
	at java_programs.MERGESORT.mergesort(MERGESORT.java:47)
	at java_programs.MERGESORT.mergesort(MERGESORT.java:47)
	at java_programs.MERGESORT.mergesort(MERGESORT.java:47)
	at java_programs.MERGESORT.mergesort(MERGESORT.java:47)
	at java_programs.MERGESORT.mergesort(MERGESORT.java:47)
	at java_programs.MERGESORT.mergesort(MERGESORT.java:47)
	at java_programs.MERGESORT.mergesort(MERGESORT.java:47)
	at java_programs.MERGESORT.mergesort(MERGESORT.java:47)
	at java_programs.MERGESORT.mergesort(MERGESORT.java:47)
	at java_programs.MERGESORT.mergesort(MERGESORT.java:47)
	at java_programs.MERGESORT.mergesort(MERGESORT.java:47)
	at java_programs.MERGESORT.mergesort(MERGESORT.java:47)
	at java_programs.MERGESORT.mergesort(MERGESORT.java:47)
	at java_programs.MERGESORT.mergesort(MERGESORT.java:47)
	at java_programs.MERGESORT.mergesort(MERGESORT.java:47)
	at java_programs.MERGESORT.mergesort(MERGESORT.java:47)
	at java_programs.MERGESORT.mergesort(MERGESORT.java:47)
	at java_programs.MERGESORT.mergesort(MERGESORT.java:47)
	at java_programs.MERGESORT.mergesort(MERGESORT.java:47)
	at java_programs.MERGESORT.mergesort(MERGESORT.java:47)
	at java_programs.MERGESORT.mergesort(MERGESORT.java:47)
	at java_programs.MERGESORT.mergesort(MERGESORT.java:47)
	at java_programs.MERGESORT.mergesort(MERGESORT.java:47)
	at java_programs.MERGESORT.mergesort(MERGESORT.java:47)
	at java_programs.MERGESORT.mergesort(MERGESORT.java:47)
	at java_programs.MERGESORT.mergesort(MERGESORT.java:47)
	at java_programs.MERGESORT.mergesort(MERGESORT.java:47)
	at java_programs.MERGESORT.mergesort(MERGESORT.java:47)
	at java_programs.MERGESORT.mergesort(MERGESORT.java:47)
	at java_programs.MERGESORT.mergesort(MERGESORT.java:47)
	at java_programs.MERGESORT.mergesort(MERGESORT.java:47)
	at java_programs.MERGESORT.mergesort(MERGESORT.java:47)
	at java_programs.MERGESORT.mergesort(MERGESORT.java:47)
	at java_programs.MERGESORT.mergesort(MERGESORT.java:47)
	at java_programs.MERGESORT.mergesort(MERGESORT.java:47)
	at java_programs.MERGESORT.mergesort(MERGESORT.java:47)
	at java_programs.MERGESORT.mergesort(MERGESORT.java:47)
	at java_programs.MERGESORT.mergesort(MERGESORT.java:47)
	at java_programs.MERGESORT.mergesort(MERGESORT.java:47)
	at java_programs.MERGESORT.mergesort(MERGESORT.java:47)
	at java_programs.MERGESORT.mergesort(MERGESORT.java:47)
	at java_programs.MERGESORT.mergesort(MERGESORT.java:47)
	at java_programs.MERGESORT.mergesort(MERGESORT.java:47)
	at java_programs.MERGESORT.mergesort(MERGESORT.java:47)
	at java_programs.MERGESORT.mergesort(MERGESORT.java:47)
	at java_programs.MERGESORT.mergesort(MERGESORT.java:47)
	at java_programs.MERGESORT.mergesort(MERGESORT.java:47)
	at java_programs.MERGESORT.mergesort(MERGESORT.java:47)
	at java_programs.MERGESORT.mergesort(MERGESORT.java:47)
	at java_programs.MERGESORT.mergesort(MERGESORT.java:47)
	at java_programs.MERGESORT.mergesort(MERGESORT.java:47)
	at java_programs.MERGESORT.mergesort(MERGESORT.java:47)
	at java_programs.MERGESORT.mergesort(MERGESORT.java:47)
	at java_programs.MERGESORT.mergesort(MERGESORT.java:47)
	at java_programs.MERGESORT.mergesort(MERGESORT.java:47)
	at java_programs.MERGESORT.mergesort(MERGESORT.java:47)
	at java_programs.MERGESORT.mergesort(MERGESORT.java:47)
	at java_programs.MERGESORT.mergesort(MERGESORT.java:47)
	at java_programs.MERGESORT.mergesort(MERGESORT.java:47)
	at java_programs.MERGESORT.mergesort(MERGESORT.java:47)
	at java_programs.MERGESORT.mergesort(MERGESORT.java:47)
	at java_programs.MERGESORT.mergesort(MERGESORT.java:47)
	at java_programs.MERGESORT.mergesort(MERGESORT.java:47)
	at java_programs.MERGESORT.mergesort(MERGESORT.java:47)
	at java_programs.MERGESORT.mergesort(MERGESORT.java:47)
	at java_programs.MERGESORT.mergesort(MERGESORT.java:47)
	at java_programs.MERGESORT.mergesort(MERGESORT.java:47)
	at java_programs.MERGESORT.mergesort(MERGESORT.java:47)
	at java_programs.MERGESORT.mergesort(MERGESORT.java:47)
	at java_programs.MERGESORT.mergesort(MERGESORT.java:47)
	at java_programs.MERGESORT.mergesort(MERGESORT.java:47)
	at java_programs.MERGESORT.mergesort(MERGESORT.java:47)
	at java_programs.MERGESORT.mergesort(MERGESORT.java:47)
	at java_programs.MERGESORT.mergesort(MERGESORT.java:47)
	at java_programs.MERGESORT.mergesort(MERGESORT.java:47)
	at java_programs.MERGESORT.mergesort(MERGESORT.java:47)
	at java_programs.MERGESORT.mergesort(MERGESORT.java:47)
	at java_programs.MERGESORT.mergesort(MERGESORT.java:47)
	at java_programs.MERGESORT.mergesort(MERGESORT.java:47)
	at java_programs.MERGESORT.mergesort(MERGESORT.java:47)
	at java_programs.MERGESORT.mergesort(MERGESORT.java:47)
	at java_programs.MERGESORT.mergesort(MERGESORT.java:47)
	at java_programs.MERGESORT.mergesort(MERGESORT.java:47)
	at java_programs.MERGESORT.mergesort(MERGESORT.java:47)
	at java_programs.MERGESORT.mergesort(MERGESORT.java:47)
	at java_programs.MERGESORT.mergesort(MERGESORT.java:47)
	at java_programs.MERGESORT.mergesort(MERGESORT.java:47)
	at java_programs.MERGESORT.mergesort(MERGESORT.java:47)
	at java_programs.MERGESORT.mergesort(MERGESORT.java:47)
	at java_programs.MERGESORT.mergesort(MERGESORT.java:47)
	at java_programs.MERGESORT.mergesort(MERGESORT.java:47)
	at java_programs.MERGESORT.mergesort(MERGESORT.java:47)
	at java_programs.MERGESORT.mergesort(MERGESORT.java:47)
	at java_programs.MERGESORT.mergesort(MERGESORT.java:47)
	at java_programs.MERGESORT.mergesort(MERGESORT.java:47)
	at java_programs.MERGESORT.mergesort(MERGESORT.java:47)
	at java_programs.MERGESORT.mergesort(MERGESORT.java:47)
	at java_programs.MERGESORT.mergesort(MERGESORT.java:47)
	at java_programs.MERGESORT.mergesort(MERGESORT.java:47)
	at java_programs.MERGESORT.mergesort(MERGESORT.java:47)
	at java_programs.MERGESORT.mergesort(MERGESORT.java:47)
	at java_programs.MERGESORT.mergesort(MERGESORT.java:47)
	at java_programs.MERGESORT.mergesort(MERGESORT.java:47)
	at java_programs.MERGESORT.mergesort(MERGESORT.java:47)
	at java_programs.MERGESORT.mergesort(MERGESORT.java:47)
	at java_programs.MERGESORT.mergesort(MERGESORT.java:47)
	at java_programs.MERGESORT.mergesort(MERGESORT.java:47)
	at java_programs.MERGESORT.mergesort(MERGESORT.java:47)
	at java_programs.MERGESORT.mergesort(MERGESORT.java:47)
	at java_programs.MERGESORT.mergesort(MERGESORT.java:47)
	at java_programs.MERGESORT.mergesort(MERGESORT.java:47)
	at java_programs.MERGESORT.mergesort(MERGESORT.java:47)
	at java_programs.MERGESORT.mergesort(MERGESORT.java:47)
	at java_programs.MERGESORT.mergesort(MERGESORT.java:47)
	at java_programs.MERGESORT.mergesort(MERGESORT.java:47)
	at java_programs.MERGESORT.mergesort(MERGESORT.java:47)
	at java_programs.MERGESORT.mergesort(MERGESORT.java:47)
	at java_programs.MERGESORT.mergesort(MERGESORT.java:47)
	at java_programs.MERGESORT.mergesort(MERGESORT.java:47)
	at java_programs.MERGESORT.mergesort(MERGESORT.java:47)
	at java_programs.MERGESORT.mergesort(MERGESORT.java:47)
	at java_programs.MERGESORT.mergesort(MERGESORT.java:47)
	at java_programs.MERGESORT.mergesort(MERGESORT.java:47)
	at java_programs.MERGESORT.mergesort(MERGESORT.java:47)
	at java_programs.MERGESORT.mergesort(MERGESORT.java:47)
	at java_programs.MERGESORT.mergesort(MERGESORT.java:47)
	at java_programs.MERGESORT.mergesort(MERGESORT.java:47)
	at java_programs.MERGESORT.mergesort(MERGESORT.java:47)
	at java_programs.MERGESORT.mergesort(MERGESORT.java:47)
	at java_programs.MERGESORT.mergesort(MERGESORT.java:47)
	at java_programs.MERGESORT.mergesort(MERGESORT.java:47)
	at java_programs.MERGESORT.mergesort(MERGESORT.java:47)
	at java_programs.MERGESORT.mergesort(MERGESORT.java:47)
	at java_programs.MERGESORT.mergesort(MERGESORT.java:47)
	at java_programs.MERGESORT.mergesort(MERGESORT.java:47)
	at java_programs.MERGESORT.mergesort(MERGESORT.java:47)
	at java_programs.MERGESORT.mergesort(MERGESORT.java:47)
	at java_programs.MERGESORT.mergesort(MERGESORT.java:47)
	at java_programs.MERGESORT.mergesort(MERGESORT.java:47)
	at java_programs.MERGESORT.mergesort(MERGESORT.java:47)
	at java_programs.MERGESORT.mergesort(MERGESORT.java:47)
	at java_programs.MERGESORT.mergesort(MERGESORT.java:47)
	at java_programs.MERGESORT.mergesort(MERGESORT.java:47)
	at java_programs.MERGESORT.mergesort(MERGESORT.java:47)
	at java_programs.MERGESORT.mergesort(MERGESORT.java:47)
	at java_programs.MERGESORT.mergesort(MERGESORT.java:47)
	at java_programs.MERGESORT.mergesort(MERGESORT.java:47)
	at java_programs.MERGESORT.mergesort(MERGESORT.java:47)
	at java_programs.MERGESORT.mergesort(MERGESORT.java:47)
	at java_programs.MERGESORT.mergesort(MERGESORT.java:47)
	at java_programs.MERGESORT.mergesort(MERGESORT.java:47)
	at java_programs.MERGESORT.mergesort(MERGESORT.java:47)
	at java_programs.MERGESORT.mergesort(MERGESORT.java:47)
	at java_programs.MERGESORT.mergesort(MERGESORT.java:47)
	at java_programs.MERGESORT.mergesort(MERGESORT.java:47)
	at java_programs.MERGESORT.mergesort(MERGESORT.java:47)
	at java_programs.MERGESORT.mergesort(MERGESORT.java:47)
	at java_programs.MERGESORT.mergesort(MERGESORT.java:47)
	at java_programs.MERGESORT.mergesort(MERGESORT.java:47)
	at java_programs.MERGESORT.mergesort(MERGESORT.java:47)
	at java_programs.MERGESORT.mergesort(MERGESORT.java:47)
	at java_programs.MERGESORT.mergesort(MERGESORT.java:47)
	at java_programs.MERGESORT.mergesort(MERGESORT.java:47)
	at java_programs.MERGESORT.mergesort(MERGESORT.java:47)
	at java_programs.MERGESORT.mergesort(MERGESORT.java:47)
	at java_programs.MERGESORT.mergesort(MERGESORT.java:47)
	at java_programs.MERGESORT.mergesort(MERGESORT.java:47)
	at java_programs.MERGESORT.mergesort(MERGESORT.java:47)
	at java_programs.MERGESORT.mergesort(MERGESORT.java:47)
	at java_programs.MERGESORT.mergesort(MERGESORT.java:47)
	at java_programs.MERGESORT.mergesort(MERGESORT.java:47)
	at java_programs.MERGESORT.mergesort(MERGESORT.java:47)
	at java_programs.MERGESORT.mergesort(MERGESORT.java:47)
	at java_programs.MERGESORT.mergesort(MERGESORT.java:47)
	at java_programs.MERGESORT.mergesort(MERGESORT.java:47)
	at java_programs.MERGESORT.mergesort(MERGESORT.java:47)
	at java_programs.MERGESORT.mergesort(MERGESORT.java:47)
	at java_programs.MERGESORT.mergesort(MERGESORT.java:47)
	at java_programs.MERGESORT.mergesort(MERGESORT.java:47)
	at java_programs.MERGESORT.mergesort(MERGESORT.java:47)
	at java_programs.MERGESORT.mergesort(MERGESORT.java:47)
	at java_programs.MERGESORT.mergesort(MERGESORT.java:47)
	at java_programs.MERGESORT.mergesort(MERGESORT.java:47)
	at java_programs.MERGESORT.mergesort(MERGESORT.java:47)
	at java_programs.MERGESORT.mergesort(MERGESORT.java:47)
	at java_programs.MERGESORT.mergesort(MERGESORT.java:47)
	at java_programs.MERGESORT.mergesort(MERGESORT.java:47)
	at java_programs.MERGESORT.mergesort(MERGESORT.java:47)
	at java_programs.MERGESORT.mergesort(MERGESORT.java:47)
	at java_programs.MERGESORT.mergesort(MERGESORT.java:47)
	at java_programs.MERGESORT.mergesort(MERGESORT.java:47)
	at java_programs.MERGESORT.mergesort(MERGESORT.java:47)
	at java_programs.MERGESORT.mergesort(MERGESORT.java:47)
	at java_programs.MERGESORT.mergesort(MERGESORT.java:47)
	at java_programs.MERGESORT.mergesort(MERGESORT.java:47)
	at java_programs.MERGESORT.mergesort(MERGESORT.java:47)
	at java_programs.MERGESORT.mergesort(MERGESORT.java:47)
	at java_programs.MERGESORT.mergesort(MERGESORT.java:47)
	at java_programs.MERGESORT.mergesort(MERGESORT.java:47)
	at java_programs.MERGESORT.mergesort(MERGESORT.java:47)
	at java_programs.MERGESORT.mergesort(MERGESORT.java:47)
	at java_programs.MERGESORT.mergesort(MERGESORT.java:47)
	at java_programs.MERGESORT.mergesort(MERGESORT.java:47)
	at java_programs.MERGESORT.mergesort(MERGESORT.java:47)
	at java_programs.MERGESORT.mergesort(MERGESORT.java:47)
	at java_programs.MERGESORT.mergesort(MERGESORT.java:47)
	at java_programs.MERGESORT.mergesort(MERGESORT.java:47)
	at java_programs.MERGESORT.mergesort(MERGESORT.java:47)
	at java_programs.MERGESORT.mergesort(MERGESORT.java:47)
	at java_programs.MERGESORT.mergesort(MERGESORT.java:47)
	at java_programs.MERGESORT.mergesort(MERGESORT.java:47)
	at java_programs.MERGESORT.mergesort(MERGESORT.java:47)
	at java_programs.MERGESORT.mergesort(MERGESORT.java:47)
	at java_programs.MERGESORT.mergesort(MERGESORT.java:47)
	at java_programs.MERGESORT.mergesort(MERGESORT.java:47)
	at java_programs.MERGESORT.mergesort(MERGESORT.java:47)
	at java_programs.MERGESORT.mergesort(MERGESORT.java:47)
	at java_programs.MERGESORT.mergesort(MERGESORT.java:47)
	at java_programs.MERGESORT.mergesort(MERGESORT.java:47)
	at java_programs.MERGESORT.mergesort(MERGESORT.java:47)
	at java_programs.MERGESORT.mergesort(MERGESORT.java:47)
	at java_programs.MERGESORT.mergesort(MERGESORT.java:47)
	at java_programs.MERGESORT.mergesort(MERGESORT.java:47)
	at java_programs.MERGESORT.mergesort(MERGESORT.java:47)
	at java_programs.MERGESORT.mergesort(MERGESORT.java:47)
	at java_programs.MERGESORT.mergesort(MERGESORT.java:47)
	at java_programs.MERGESORT.mergesort(MERGESORT.java:47)
	at java_programs.MERGESORT.mergesort(MERGESORT.java:47)
	at java_programs.MERGESORT.mergesort(MERGESORT.java:47)
	at java_programs.MERGESORT.mergesort(MERGESORT.java:47)
	at java_programs.MERGESORT.mergesort(MERGESORT.java:47)
	at java_programs.MERGESORT.mergesort(MERGESORT.java:47)
	at java_programs.MERGESORT.mergesort(MERGESORT.java:47)
	at java_programs.MERGESORT.mergesort(MERGESORT.java:47)
	at java_programs.MERGESORT.mergesort(MERGESORT.java:47)
	at java_programs.MERGESORT.mergesort(MERGESORT.java:47)
	at java_programs.MERGESORT.mergesort(MERGESORT.java:47)
	at java_programs.MERGESORT.mergesort(MERGESORT.java:47)
	at java_programs.MERGESORT.mergesort(MERGESORT.java:47)
	at java_programs.MERGESORT.mergesort(MERGESORT.java:47)
	at java_programs.MERGESORT.mergesort(MERGESORT.java:47)
	at java_programs.MERGESORT.mergesort(MERGESORT.java:47)
	at java_programs.MERGESORT.mergesort(MERGESORT.java:47)
	at java_programs.MERGESORT.mergesort(MERGESORT.java:47)
	at java_programs.MERGESORT.mergesort(MERGESORT.java:47)
	at java_programs.MERGESORT.mergesort(MERGESORT.java:47)
	at java_programs.MERGESORT.mergesort(MERGESORT.java:47)
	at java_programs.MERGESORT.mergesort(MERGESORT.java:47)
	at java_programs.MERGESORT.mergesort(MERGESORT.java:47)
	at java_programs.MERGESORT.mergesort(MERGESORT.java:47)
	at java_programs.MERGESORT.mergesort(MERGESORT.java:47)
	at java_programs.MERGESORT.mergesort(MERGESORT.java:47)
	at java_programs.MERGESORT.mergesort(MERGESORT.java:47)
	at java_programs.MERGESORT.mergesort(MERGESORT.java:47)
	at java_programs.MERGESORT.mergesort(MERGESORT.java:47)
	at java_programs.MERGESORT.mergesort(MERGESORT.java:47)
	at java_programs.MERGESORT.mergesort(MERGESORT.java:47)
	at java_programs.MERGESORT.mergesort(MERGESORT.java:47)
	at java_programs.MERGESORT.mergesort(MERGESORT.java:47)
	at java_programs.MERGESORT.mergesort(MERGESORT.java:47)
	at java_programs.MERGESORT.mergesort(MERGESORT.java:47)
	at java_programs.MERGESORT.mergesort(MERGESORT.java:47)
	at java_programs.MERGESORT.mergesort(MERGESORT.java:47)
	at java_programs.MERGESORT.mergesort(MERGESORT.java:47)
	at java_programs.MERGESORT.mergesort(MERGESORT.java:47)
	at java_programs.MERGESORT.mergesort(MERGESORT.java:47)
	at java_programs.MERGESORT.mergesort(MERGESORT.java:47)
	at java_programs.MERGESORT.mergesort(MERGESORT.java:47)
	at java_programs.MERGESORT.mergesort(MERGESORT.java:47)
	at java_programs.MERGESORT.mergesort(MERGESORT.java:47)
	at java_programs.MERGESORT.mergesort(MERGESORT.java:47)
	at java_programs.MERGESORT.mergesort(MERGESORT.java:47)
	at java_programs.MERGESORT.mergesort(MERGESORT.java:47)
	at java_programs.MERGESORT.mergesort(MERGESORT.java:47)
	at java_programs.MERGESORT.mergesort(MERGESORT.java:47)
	at java_programs.MERGESORT.mergesort(MERGESORT.java:47)
	at java_programs.MERGESORT.mergesort(MERGESORT.java:47)
	at java_programs.MERGESORT.mergesort(MERGESORT.java:47)
	at java_programs.MERGESORT.mergesort(MERGESORT.java:47)
	at java_programs.MERGESORT.mergesort(MERGESORT.java:47)
	at java_programs.MERGESORT.mergesort(MERGESORT.java:47)
	at java_programs.MERGESORT.mergesort(MERGESORT.java:47)
	at java_programs.MERGESORT.mergesort(MERGESORT.java:47)
	at java_programs.MERGESORT.mergesort(MERGESORT.java:47)
	at java_programs.MERGESORT.mergesort(MERGESORT.java:47)
	at java_programs.MERGESORT.mergesort(MERGESORT.java:47)
	at java_programs.MERGESORT.mergesort(MERGESORT.java:47)
	at java_programs.MERGESORT.mergesort(MERGESORT.java:47)
	at java_programs.MERGESORT.mergesort(MERGESORT.java:47)
	at java_programs.MERGESORT.mergesort(MERGESORT.java:47)
	at java_programs.MERGESORT.mergesort(MERGESORT.java:47)
	at java_programs.MERGESORT.mergesort(MERGESORT.java:47)
	at java_programs.MERGESORT.mergesort(MERGESORT.java:47)
	at java_programs.MERGESORT.mergesort(MERGESORT.java:47)
	at java_programs.MERGESORT.mergesort(MERGESORT.java:47)
	at java_programs.MERGESORT.mergesort(MERGESORT.java:47)
	at java_programs.MERGESORT.mergesort(MERGESORT.java:47)
	at java_programs.MERGESORT.mergesort(MERGESORT.java:47)
	at java_programs.MERGESORT.mergesort(MERGESORT.java:47)
	at java_programs.MERGESORT.mergesort(MERGESORT.java:47)
	at java_programs.MERGESORT.mergesort(MERGESORT.java:47)
	at java_programs.MERGESORT.mergesort(MERGESORT.java:47)
	at java_programs.MERGESORT.mergesort(MERGESORT.java:47)
	at java_programs.MERGESORT.mergesort(MERGESORT.java:47)
	at java_programs.MERGESORT.mergesort(MERGESORT.java:47)
	at java_programs.MERGESORT.mergesort(MERGESORT.java:47)
	at java_programs.MERGESORT.mergesort(MERGESORT.java:47)
	at java_programs.MERGESORT.mergesort(MERGESORT.java:47)
	at java_programs.MERGESORT.mergesort(MERGESORT.java:47)
	at java_programs.MERGESORT.mergesort(MERGESORT.java:47)
	at java_programs.MERGESORT.mergesort(MERGESORT.java:47)
	at java_programs.MERGESORT.mergesort(MERGESORT.java:47)
	at java_programs.MERGESORT.mergesort(MERGESORT.java:47)
	at java_programs.MERGESORT.mergesort(MERGESORT.java:47)
	at java_programs.MERGESORT.mergesort(MERGESORT.java:47)
	at java_programs.MERGESORT.mergesort(MERGESORT.java:47)
	at java_programs.MERGESORT.mergesort(MERGESORT.java:47)
	at java_programs.MERGESORT.mergesort(MERGESORT.java:47)
	at java_programs.MERGESORT.mergesort(MERGESORT.java:47)
	at java_programs.MERGESORT.mergesort(MERGESORT.java:47)
	at java_programs.MERGESORT.mergesort(MERGESORT.java:47)
	at java_programs.MERGESORT.mergesort(MERGESORT.java:47)
	at java_programs.MERGESORT.mergesort(MERGESORT.java:47)
	at java_programs.MERGESORT.mergesort(MERGESORT.java:47)
	at java_programs.MERGESORT.mergesort(MERGESORT.java:47)
	at java_programs.MERGESORT.mergesort(MERGESORT.java:47)
	at java_programs.MERGESORT.mergesort(MERGESORT.java:47)
	at java_programs.MERGESORT.mergesort(MERGESORT.java:47)
	at java_programs.MERGESORT.mergesort(MERGESORT.java:47)
	at java_programs.MERGESORT.mergesort(MERGESORT.java:47)
	at java_programs.MERGESORT.mergesort(MERGESORT.java:47)
	at java_programs.MERGESORT.mergesort(MERGESORT.java:47)
	at java_programs.MERGESORT.mergesort(MERGESORT.java:47)
	at java_programs.MERGESORT.mergesort(MERGESORT.java:47)
	at java_programs.MERGESORT.mergesort(MERGESORT.java:47)
	at java_programs.MERGESORT.mergesort(MERGESORT.java:47)
	at java_programs.MERGESORT.mergesort(MERGESORT.java:47)
	at java_programs.MERGESORT.mergesort(MERGESORT.java:47)
	at java_programs.MERGESORT.mergesort(MERGESORT.java:47)
	at java_programs.MERGESORT.mergesort(MERGESORT.java:47)
	at java_programs.MERGESORT.mergesort(MERGESORT.java:47)
	at java_programs.MERGESORT.mergesort(MERGESORT.java:47)
	at java_programs.MERGESORT.mergesort(MERGESORT.java:47)
	at java_programs.MERGESORT.mergesort(MERGESORT.java:47)
	at java_programs.MERGESORT.mergesort(MERGESORT.java:47)
	at java_programs.MERGESORT.mergesort(MERGESORT.java:47)
	at java_programs.MERGESORT.mergesort(MERGESORT.java:47)
	at java_programs.MERGESORT.mergesort(MERGESORT.java:47)
	at java_programs.MERGESORT.mergesort(MERGESORT.java:47)
	at java_programs.MERGESORT.mergesort(MERGESORT.java:47)
	at java_programs.MERGESORT.mergesort(MERGESORT.java:47)
	at java_programs.MERGESORT.mergesort(MERGESORT.java:47)
	at java_programs.MERGESORT.mergesort(MERGESORT.java:47)
	at java_programs.MERGESORT.mergesort(MERGESORT.java:47)
	at java_programs.MERGESORT.mergesort(MERGESORT.java:47)
	at java_programs.MERGESORT.mergesort(MERGESORT.java:47)
	at java_programs.MERGESORT.mergesort(MERGESORT.java:47)
	at java_programs.MERGESORT.mergesort(MERGESORT.java:47)
	at java_programs.MERGESORT.mergesort(MERGESORT.java:47)
	at java_programs.MERGESORT.mergesort(MERGESORT.java:47)
	at java_programs.MERGESORT.mergesort(MERGESORT.java:47)
	at java_programs.MERGESORT.mergesort(MERGESORT.java:47)
	at java_programs.MERGESORT.mergesort(MERGESORT.java:47)
	at java_programs.MERGESORT.mergesort(MERGESORT.java:47)
	at java_programs.MERGESORT.mergesort(MERGESORT.java:47)
	at java_programs.MERGESORT.mergesort(MERGESORT.java:47)
	at java_programs.MERGESORT.mergesort(MERGESORT.java:47)
	at java_programs.MERGESORT.mergesort(MERGESORT.java:47)
	at java_programs.MERGESORT.mergesort(MERGESORT.java:47)
	at java_programs.MERGESORT.mergesort(MERGESORT.java:47)
	at java_programs.MERGESORT.mergesort(MERGESORT.java:47)
	at java_programs.MERGESORT.mergesort(MERGESORT.java:47)
	at java_programs.MERGESORT.mergesort(MERGESORT.java:47)
	at java_programs.MERGESORT.mergesort(MERGESORT.java:47)
	at java_programs.MERGESORT.mergesort(MERGESORT.java:47)
	at java_programs.MERGESORT.mergesort(MERGESORT.java:47)
	at java_programs.MERGESORT.mergesort(MERGESORT.java:47)
	at java_programs.MERGESORT.mergesort(MERGESORT.java:47)
	at java_programs.MERGESORT.mergesort(MERGESORT.java:47)
	at java_programs.MERGESORT.mergesort(MERGESORT.java:47)
	at java_programs.MERGESORT.mergesort(MERGESORT.java:47)
	at java_programs.MERGESORT.mergesort(MERGESORT.java:47)
	at java_programs.MERGESORT.mergesort(MERGESORT.java:47)
	at java_programs.MERGESORT.mergesort(MERGESORT.java:47)
	at java_programs.MERGESORT.mergesort(MERGESORT.java:47)
	at java_programs.MERGESORT.mergesort(MERGESORT.java:47)
	at java_programs.MERGESORT.mergesort(MERGESORT.java:47)
	at java_programs.MERGESORT.mergesort(MERGESORT.java:47)
	at java_programs.MERGESORT.mergesort(MERGESORT.java:47)
	at java_programs.MERGESORT.mergesort(MERGESORT.java:47)
	at java_programs.MERGESORT.mergesort(MERGESORT.java:47)
	at java_programs.MERGESORT.mergesort(MERGESORT.java:47)
	at java_programs.MERGESORT.mergesort(MERGESORT.java:47)
	at java_programs.MERGESORT.mergesort(MERGESORT.java:47)
	at java_programs.MERGESORT.mergesort(MERGESORT.java:47)
	at java_programs.MERGESORT.mergesort(MERGESORT.java:47)
	at java_programs.MERGESORT.mergesort(MERGESORT.java:47)
	at java_programs.MERGESORT.mergesort(MERGESORT.java:47)
	at java_programs.MERGESORT.mergesort(MERGESORT.java:47)
	at java_programs.MERGESORT.mergesort(MERGESORT.java:47)
	at java_programs.MERGESORT.mergesort(MERGESORT.java:47)
	at java_programs.MERGESORT.mergesort(MERGESORT.java:47)
	at java_programs.MERGESORT.mergesort(MERGESORT.java:47)
	at java_programs.MERGESORT.mergesort(MERGESORT.java:47)
	at java_programs.MERGESORT.mergesort(MERGESORT.java:47)
	at java_programs.MERGESORT.mergesort(MERGESORT.java:47)
	at java_programs.MERGESORT.mergesort(MERGESORT.java:47)
	at java_programs.MERGESORT.mergesort(MERGESORT.java:47)
	at java_programs.MERGESORT.mergesort(MERGESORT.java:47)
	at java_programs.MERGESORT.mergesort(MERGESORT.java:47)
	at java_programs.MERGESORT.mergesort(MERGESORT.java:47)
	at java_programs.MERGESORT.mergesort(MERGESORT.java:47)
	at java_programs.MERGESORT.mergesort(MERGESORT.java:47)
	at java_programs.MERGESORT.mergesort(MERGESORT.java:47)
	at java_programs.MERGESORT.mergesort(MERGESORT.java:47)
	at java_programs.MERGESORT.mergesort(MERGESORT.java:47)
	at java_programs.MERGESORT.mergesort(MERGESORT.java:47)
	at java_programs.MERGESORT.mergesort(MERGESORT.java:47)
	at java_programs.MERGESORT.mergesort(MERGESORT.java:47)
	at java_programs.MERGESORT.mergesort(MERGESORT.java:47)
	at java_programs.MERGESORT.mergesort(MERGESORT.java:47)
	at java_programs.MERGESORT.mergesort(MERGESORT.java:47)
	at java_programs.MERGESORT.mergesort(MERGESORT.java:47)
	at java_programs.MERGESORT.mergesort(MERGESORT.java:47)
	at java_programs.MERGESORT.mergesort(MERGESORT.java:47)
	at java_programs.MERGESORT.mergesort(MERGESORT.java:47)
	at java_programs.MERGESORT.mergesort(MERGESORT.java:47)
	at java_programs.MERGESORT.mergesort(MERGESORT.java:47)
	at java_programs.MERGESORT.mergesort(MERGESORT.java:47)
	at java_programs.MERGESORT.mergesort(MERGESORT.java:47)
	at java_programs.MERGESORT.mergesort(MERGESORT.java:47)
	at java_programs.MERGESORT.mergesort(MERGESORT.java:47)
	at java_programs.MERGESORT.mergesort(MERGESORT.java:47)
	at java_programs.MERGESORT.mergesort(MERGESORT.java:47)
	at java_programs.MERGESORT.mergesort(MERGESORT.java:47)
	at java_programs.MERGESORT.mergesort(MERGESORT.java:47)
	at java_programs.MERGESORT.mergesort(MERGESORT.java:47)
	at java_programs.MERGESORT.mergesort(MERGESORT.java:47)
	at java_programs.MERGESORT.mergesort(MERGESORT.java:47)
	at java_programs.MERGESORT.mergesort(MERGESORT.java:47)
	at java_programs.MERGESORT.mergesort(MERGESORT.java:47)
	at java_programs.MERGESORT.mergesort(MERGESORT.java:47)
	at java_programs.MERGESORT.mergesort(MERGESORT.java:47)
	at java_programs.MERGESORT.mergesort(MERGESORT.java:47)
	at java_programs.MERGESORT.mergesort(MERGESORT.java:47)
	at java_programs.MERGESORT.mergesort(MERGESORT.java:47)
	at java_programs.MERGESORT.mergesort(MERGESORT.java:47)
	at java_programs.MERGESORT.mergesort(MERGESORT.java:47)
	at java_programs.MERGESORT.mergesort(MERGESORT.java:47)
	at java_programs.MERGESORT.mergesort(MERGESORT.java:47)
	at java_programs.MERGESORT.mergesort(MERGESORT.java:47)
	at java_programs.MERGESORT.mergesort(MERGESORT.java:47)
	at java_programs.MERGESORT.mergesort(MERGESORT.java:47)
	at java_programs.MERGESORT.mergesort(MERGESORT.java:47)
	at java_programs.MERGESORT.mergesort(MERGESORT.java:47)
	at java_programs.MERGESORT.mergesort(MERGESORT.java:47)
	at java_programs.MERGESORT.mergesort(MERGESORT.java:47)
	at java_programs.MERGESORT.mergesort(MERGESORT.java:47)
	at java_programs.MERGESORT.mergesort(MERGESORT.java:47)
	at java_programs.MERGESORT.mergesort(MERGESORT.java:47)
	at java_programs.MERGESORT.mergesort(MERGESORT.java:47)
	at java_programs.MERGESORT.mergesort(MERGESORT.java:47)
	at java_programs.MERGESORT.mergesort(MERGESORT.java:47)
	at java_programs.MERGESORT.mergesort(MERGESORT.java:47)
	at java_programs.MERGESORT.mergesort(MERGESORT.java:47)
	at java_programs.MERGESORT.mergesort(MERGESORT.java:47)
	at java_programs.MERGESORT.mergesort(MERGESORT.java:47)
	at java_programs.MERGESORT.mergesort(MERGESORT.java:47)
	at java_programs.MERGESORT.mergesort(MERGESORT.java:47)
	at java_programs.MERGESORT.mergesort(MERGESORT.java:47)
	at java_programs.MERGESORT.mergesort(MERGESORT.java:47)
	at java_programs.MERGESORT.mergesort(MERGESORT.java:47)
	at java_programs.MERGESORT.mergesort(MERGESORT.java:47)
	at java_programs.MERGESORT.mergesort(MERGESORT.java:47)
	at java_programs.MERGESORT.mergesort(MERGESORT.java:47)
	at java_programs.MERGESORT.mergesort(MERGESORT.java:47)
	at java_programs.MERGESORT.mergesort(MERGESORT.java:47)
	at java_programs.MERGESORT.mergesort(MERGESORT.java:47)
	at java_programs.MERGESORT.mergesort(MERGESORT.java:47)
	at java_programs.MERGESORT.mergesort(MERGESORT.java:47)
	at java_programs.MERGESORT.mergesort(MERGESORT.java:47)
	at java_programs.MERGESORT.mergesort(MERGESORT.java:47)
</failure>
  </testcase>
  <testcase name="test_0" classname="java_testcases.junit.MERGESORT_TEST" time="0.009">
    <failure message="java.lang.StackOverflowError" type="java.lang.StackOverflowError">java.lang.StackOverflowError
	at java.util.ArrayList.subList(ArrayList.java:1006)
	at java_programs.MERGESORT.mergesort(MERGESORT.java:43)
	at java_programs.MERGESORT.mergesort(MERGESORT.java:47)
	at java_programs.MERGESORT.mergesort(MERGESORT.java:47)
	at java_programs.MERGESORT.mergesort(MERGESORT.java:47)
	at java_programs.MERGESORT.mergesort(MERGESORT.java:47)
	at java_programs.MERGESORT.mergesort(MERGESORT.java:47)
	at java_programs.MERGESORT.mergesort(MERGESORT.java:47)
	at java_programs.MERGESORT.mergesort(MERGESORT.java:47)
	at java_programs.MERGESORT.mergesort(MERGESORT.java:47)
	at java_programs.MERGESORT.mergesort(MERGESORT.java:47)
	at java_programs.MERGESORT.mergesort(MERGESORT.java:47)
	at java_programs.MERGESORT.mergesort(MERGESORT.java:47)
	at java_programs.MERGESORT.mergesort(MERGESORT.java:47)
	at java_programs.MERGESORT.mergesort(MERGESORT.java:47)
	at java_programs.MERGESORT.mergesort(MERGESORT.java:47)
	at java_programs.MERGESORT.mergesort(MERGESORT.java:47)
	at java_programs.MERGESORT.mergesort(MERGESORT.java:47)
	at java_programs.MERGESORT.mergesort(MERGESORT.java:47)
	at java_programs.MERGESORT.mergesort(MERGESORT.java:47)
	at java_programs.MERGESORT.mergesort(MERGESORT.java:47)
	at java_programs.MERGESORT.mergesort(MERGESORT.java:47)
	at java_programs.MERGESORT.mergesort(MERGESORT.java:47)
	at java_programs.MERGESORT.mergesort(MERGESORT.java:47)
	at java_programs.MERGESORT.mergesort(MERGESORT.java:47)
	at java_programs.MERGESORT.mergesort(MERGESORT.java:47)
	at java_programs.MERGESORT.mergesort(MERGESORT.java:47)
	at java_programs.MERGESORT.mergesort(MERGESORT.java:47)
	at java_programs.MERGESORT.mergesort(MERGESORT.java:47)
	at java_programs.MERGESORT.mergesort(MERGESORT.java:47)
	at java_programs.MERGESORT.mergesort(MERGESORT.java:47)
	at java_programs.MERGESORT.mergesort(MERGESORT.java:47)
	at java_programs.MERGESORT.mergesort(MERGESORT.java:47)
	at java_programs.MERGESORT.mergesort(MERGESORT.java:47)
	at java_programs.MERGESORT.mergesort(MERGESORT.java:47)
	at java_programs.MERGESORT.mergesort(MERGESORT.java:47)
	at java_programs.MERGESORT.mergesort(MERGESORT.java:47)
	at java_programs.MERGESORT.mergesort(MERGESORT.java:47)
	at java_programs.MERGESORT.mergesort(MERGESORT.java:47)
	at java_programs.MERGESORT.mergesort(MERGESORT.java:47)
	at java_programs.MERGESORT.mergesort(MERGESORT.java:47)
	at java_programs.MERGESORT.mergesort(MERGESORT.java:47)
	at java_programs.MERGESORT.mergesort(MERGESORT.java:47)
	at java_programs.MERGESORT.mergesort(MERGESORT.java:47)
	at java_programs.MERGESORT.mergesort(MERGESORT.java:47)
	at java_programs.MERGESORT.mergesort(MERGESORT.java:47)
	at java_programs.MERGESORT.mergesort(MERGESORT.java:47)
	at java_programs.MERGESORT.mergesort(MERGESORT.java:47)
	at java_programs.MERGESORT.mergesort(MERGESORT.java:47)
	at java_programs.MERGESORT.mergesort(MERGESORT.java:47)
	at java_programs.MERGESORT.mergesort(MERGESORT.java:47)
	at java_programs.MERGESORT.mergesort(MERGESORT.java:47)
	at java_programs.MERGESORT.mergesort(MERGESORT.java:47)
	at java_programs.MERGESORT.mergesort(MERGESORT.java:47)
	at java_programs.MERGESORT.mergesort(MERGESORT.java:47)
	at java_programs.MERGESORT.mergesort(MERGESORT.java:47)
	at java_programs.MERGESORT.mergesort(MERGESORT.java:47)
	at java_programs.MERGESORT.mergesort(MERGESORT.java:47)
	at java_programs.MERGESORT.mergesort(MERGESORT.java:47)
	at java_programs.MERGESORT.mergesort(MERGESORT.java:47)
	at java_programs.MERGESORT.mergesort(MERGESORT.java:47)
	at java_programs.MERGESORT.mergesort(MERGESORT.java:47)
	at java_programs.MERGESORT.mergesort(MERGESORT.java:47)
	at java_programs.MERGESORT.mergesort(MERGESORT.java:47)
	at java_programs.MERGESORT.mergesort(MERGESORT.java:47)
	at java_programs.MERGESORT.mergesort(MERGESORT.java:47)
	at java_programs.MERGESORT.mergesort(MERGESORT.java:47)
	at java_programs.MERGESORT.mergesort(MERGESORT.java:47)
	at java_programs.MERGESORT.mergesort(MERGESORT.java:47)
	at java_programs.MERGESORT.mergesort(MERGESORT.java:47)
	at java_programs.MERGESORT.mergesort(MERGESORT.java:47)
	at java_programs.MERGESORT.mergesort(MERGESORT.java:47)
	at java_programs.MERGESORT.mergesort(MERGESORT.java:47)
	at java_programs.MERGESORT.mergesort(MERGESORT.java:47)
	at java_programs.MERGESORT.mergesort(MERGESORT.java:47)
	at java_programs.MERGESORT.mergesort(MERGESORT.java:47)
	at java_programs.MERGESORT.mergesort(MERGESORT.java:47)
	at java_programs.MERGESORT.mergesort(MERGESORT.java:47)
	at java_programs.MERGESORT.mergesort(MERGESORT.java:47)
	at java_programs.MERGESORT.mergesort(MERGESORT.java:47)
	at java_programs.MERGESORT.mergesort(MERGESORT.java:47)
	at java_programs.MERGESORT.mergesort(MERGESORT.java:47)
	at java_programs.MERGESORT.mergesort(MERGESORT.java:47)
	at java_programs.MERGESORT.mergesort(MERGESORT.java:47)
	at java_programs.MERGESORT.mergesort(MERGESORT.java:47)
	at java_programs.MERGESORT.mergesort(MERGESORT.java:47)
	at java_programs.MERGESORT.mergesort(MERGESORT.java:47)
	at java_programs.MERGESORT.mergesort(MERGESORT.java:47)
	at java_programs.MERGESORT.mergesort(MERGESORT.java:47)
	at java_programs.MERGESORT.mergesort(MERGESORT.java:47)
	at java_programs.MERGESORT.mergesort(MERGESORT.java:47)
	at java_programs.MERGESORT.mergesort(MERGESORT.java:47)
	at java_programs.MERGESORT.mergesort(MERGESORT.java:47)
	at java_programs.MERGESORT.mergesort(MERGESORT.java:47)
	at java_programs.MERGESORT.mergesort(MERGESORT.java:47)
	at java_programs.MERGESORT.mergesort(MERGESORT.java:47)
	at java_programs.MERGESORT.mergesort(MERGESORT.java:47)
	at java_programs.MERGESORT.mergesort(MERGESORT.java:47)
	at java_programs.MERGESORT.mergesort(MERGESORT.java:47)
	at java_programs.MERGESORT.mergesort(MERGESORT.java:47)
	at java_programs.MERGESORT.mergesort(MERGESORT.java:47)
	at java_programs.MERGESORT.mergesort(MERGESORT.java:47)
	at java_programs.MERGESORT.mergesort(MERGESORT.java:47)
	at java_programs.MERGESORT.mergesort(MERGESORT.java:47)
	at java_programs.MERGESORT.mergesort(MERGESORT.java:47)
	at java_programs.MERGESORT.mergesort(MERGESORT.java:47)
	at java_programs.MERGESORT.mergesort(MERGESORT.java:47)
	at java_programs.MERGESORT.mergesort(MERGESORT.java:47)
	at java_programs.MERGESORT.mergesort(MERGESORT.java:47)
	at java_programs.MERGESORT.mergesort(MERGESORT.java:47)
	at java_programs.MERGESORT.mergesort(MERGESORT.java:47)
	at java_programs.MERGESORT.mergesort(MERGESORT.java:47)
	at java_programs.MERGESORT.mergesort(MERGESORT.java:47)
	at java_programs.MERGESORT.mergesort(MERGESORT.java:47)
	at java_programs.MERGESORT.mergesort(MERGESORT.java:47)
	at java_programs.MERGESORT.mergesort(MERGESORT.java:47)
	at java_programs.MERGESORT.mergesort(MERGESORT.java:47)
	at java_programs.MERGESORT.mergesort(MERGESORT.java:47)
	at java_programs.MERGESORT.mergesort(MERGESORT.java:47)
	at java_programs.MERGESORT.mergesort(MERGESORT.java:47)
	at java_programs.MERGESORT.mergesort(MERGESORT.java:47)
	at java_programs.MERGESORT.mergesort(MERGESORT.java:47)
	at java_programs.MERGESORT.mergesort(MERGESORT.java:47)
	at java_programs.MERGESORT.mergesort(MERGESORT.java:47)
	at java_programs.MERGESORT.mergesort(MERGESORT.java:47)
	at java_programs.MERGESORT.mergesort(MERGESORT.java:47)
	at java_programs.MERGESORT.mergesort(MERGESORT.java:47)
	at java_programs.MERGESORT.mergesort(MERGESORT.java:47)
	at java_programs.MERGESORT.mergesort(MERGESORT.java:47)
	at java_programs.MERGESORT.mergesort(MERGESORT.java:47)
	at java_programs.MERGESORT.mergesort(MERGESORT.java:47)
	at java_programs.MERGESORT.mergesort(MERGESORT.java:47)
	at java_programs.MERGESORT.mergesort(MERGESORT.java:47)
	at java_programs.MERGESORT.mergesort(MERGESORT.java:47)
	at java_programs.MERGESORT.mergesort(MERGESORT.java:47)
	at java_programs.MERGESORT.mergesort(MERGESORT.java:47)
	at java_programs.MERGESORT.mergesort(MERGESORT.java:47)
	at java_programs.MERGESORT.mergesort(MERGESORT.java:47)
	at java_programs.MERGESORT.mergesort(MERGESORT.java:47)
	at java_programs.MERGESORT.mergesort(MERGESORT.java:47)
	at java_programs.MERGESORT.mergesort(MERGESORT.java:47)
	at java_programs.MERGESORT.mergesort(MERGESORT.java:47)
	at java_programs.MERGESORT.mergesort(MERGESORT.java:47)
	at java_programs.MERGESORT.mergesort(MERGESORT.java:47)
	at java_programs.MERGESORT.mergesort(MERGESORT.java:47)
	at java_programs.MERGESORT.mergesort(MERGESORT.java:47)
	at java_programs.MERGESORT.mergesort(MERGESORT.java:47)
	at java_programs.MERGESORT.mergesort(MERGESORT.java:47)
	at java_programs.MERGESORT.mergesort(MERGESORT.java:47)
	at java_programs.MERGESORT.mergesort(MERGESORT.java:47)
	at java_programs.MERGESORT.mergesort(MERGESORT.java:47)
	at java_programs.MERGESORT.mergesort(MERGESORT.java:47)
	at java_programs.MERGESORT.mergesort(MERGESORT.java:47)
	at java_programs.MERGESORT.mergesort(MERGESORT.java:47)
	at java_programs.MERGESORT.mergesort(MERGESORT.java:47)
	at java_programs.MERGESORT.mergesort(MERGESORT.java:47)
	at java_programs.MERGESORT.mergesort(MERGESORT.java:47)
	at java_programs.MERGESORT.mergesort(MERGESORT.java:47)
	at java_programs.MERGESORT.mergesort(MERGESORT.java:47)
	at java_programs.MERGESORT.mergesort(MERGESORT.java:47)
	at java_programs.MERGESORT.mergesort(MERGESORT.java:47)
	at java_programs.MERGESORT.mergesort(MERGESORT.java:47)
	at java_programs.MERGESORT.mergesort(MERGESORT.java:47)
	at java_programs.MERGESORT.mergesort(MERGESORT.java:47)
	at java_programs.MERGESORT.mergesort(MERGESORT.java:47)
	at java_programs.MERGESORT.mergesort(MERGESORT.java:47)
	at java_programs.MERGESORT.mergesort(MERGESORT.java:47)
	at java_programs.MERGESORT.mergesort(MERGESORT.java:47)
	at java_programs.MERGESORT.mergesort(MERGESORT.java:47)
	at java_programs.MERGESORT.mergesort(MERGESORT.java:47)
	at java_programs.MERGESORT.mergesort(MERGESORT.java:47)
	at java_programs.MERGESORT.mergesort(MERGESORT.java:47)
	at java_programs.MERGESORT.mergesort(MERGESORT.java:47)
	at java_programs.MERGESORT.mergesort(MERGESORT.java:47)
	at java_programs.MERGESORT.mergesort(MERGESORT.java:47)
	at java_programs.MERGESORT.mergesort(MERGESORT.java:47)
	at java_programs.MERGESORT.mergesort(MERGESORT.java:47)
	at java_programs.MERGESORT.mergesort(MERGESORT.java:47)
	at java_programs.MERGESORT.mergesort(MERGESORT.java:47)
	at java_programs.MERGESORT.mergesort(MERGESORT.java:47)
	at java_programs.MERGESORT.mergesort(MERGESORT.java:47)
	at java_programs.MERGESORT.mergesort(MERGESORT.java:47)
	at java_programs.MERGESORT.mergesort(MERGESORT.java:47)
	at java_programs.MERGESORT.mergesort(MERGESORT.java:47)
	at java_programs.MERGESORT.mergesort(MERGESORT.java:47)
	at java_programs.MERGESORT.mergesort(MERGESORT.java:47)
	at java_programs.MERGESORT.mergesort(MERGESORT.java:47)
	at java_programs.MERGESORT.mergesort(MERGESORT.java:47)
	at java_programs.MERGESORT.mergesort(MERGESORT.java:47)
	at java_programs.MERGESORT.mergesort(MERGESORT.java:47)
	at java_programs.MERGESORT.mergesort(MERGESORT.java:47)
	at java_programs.MERGESORT.mergesort(MERGESORT.java:47)
	at java_programs.MERGESORT.mergesort(MERGESORT.java:47)
	at java_programs.MERGESORT.mergesort(MERGESORT.java:47)
	at java_programs.MERGESORT.mergesort(MERGESORT.java:47)
	at java_programs.MERGESORT.mergesort(MERGESORT.java:47)
	at java_programs.MERGESORT.mergesort(MERGESORT.java:47)
	at java_programs.MERGESORT.mergesort(MERGESORT.java:47)
	at java_programs.MERGESORT.mergesort(MERGESORT.java:47)
	at java_programs.MERGESORT.mergesort(MERGESORT.java:47)
	at java_programs.MERGESORT.mergesort(MERGESORT.java:47)
	at java_programs.MERGESORT.mergesort(MERGESORT.java:47)
	at java_programs.MERGESORT.mergesort(MERGESORT.java:47)
	at java_programs.MERGESORT.mergesort(MERGESORT.java:47)
	at java_programs.MERGESORT.mergesort(MERGESORT.java:47)
	at java_programs.MERGESORT.mergesort(MERGESORT.java:47)
	at java_programs.MERGESORT.mergesort(MERGESORT.java:47)
	at java_programs.MERGESORT.mergesort(MERGESORT.java:47)
	at java_programs.MERGESORT.mergesort(MERGESORT.java:47)
	at java_programs.MERGESORT.mergesort(MERGESORT.java:47)
	at java_programs.MERGESORT.mergesort(MERGESORT.java:47)
	at java_programs.MERGESORT.mergesort(MERGESORT.java:47)
	at java_programs.MERGESORT.mergesort(MERGESORT.java:47)
	at java_programs.MERGESORT.mergesort(MERGESORT.java:47)
	at java_programs.MERGESORT.mergesort(MERGESORT.java:47)
	at java_programs.MERGESORT.mergesort(MERGESORT.java:47)
	at java_programs.MERGESORT.mergesort(MERGESORT.java:47)
	at java_programs.MERGESORT.mergesort(MERGESORT.java:47)
	at java_programs.MERGESORT.mergesort(MERGESORT.java:47)
	at java_programs.MERGESORT.mergesort(MERGESORT.java:47)
	at java_programs.MERGESORT.mergesort(MERGESORT.java:47)
	at java_programs.MERGESORT.mergesort(MERGESORT.java:47)
	at java_programs.MERGESORT.mergesort(MERGESORT.java:47)
	at java_programs.MERGESORT.mergesort(MERGESORT.java:47)
	at java_programs.MERGESORT.mergesort(MERGESORT.java:47)
	at java_programs.MERGESORT.mergesort(MERGESORT.java:47)
	at java_programs.MERGESORT.mergesort(MERGESORT.java:47)
	at java_programs.MERGESORT.mergesort(MERGESORT.java:47)
	at java_programs.MERGESORT.mergesort(MERGESORT.java:47)
	at java_programs.MERGESORT.mergesort(MERGESORT.java:47)
	at java_programs.MERGESORT.mergesort(MERGESORT.java:47)
	at java_programs.MERGESORT.mergesort(MERGESORT.java:47)
	at java_programs.MERGESORT.mergesort(MERGESORT.java:47)
	at java_programs.MERGESORT.mergesort(MERGESORT.java:47)
	at java_programs.MERGESORT.mergesort(MERGESORT.java:47)
	at java_programs.MERGESORT.mergesort(MERGESORT.java:47)
	at java_programs.MERGESORT.mergesort(MERGESORT.java:47)
	at java_programs.MERGESORT.mergesort(MERGESORT.java:47)
	at java_programs.MERGESORT.mergesort(MERGESORT.java:47)
	at java_programs.MERGESORT.mergesort(MERGESORT.java:47)
	at java_programs.MERGESORT.mergesort(MERGESORT.java:47)
	at java_programs.MERGESORT.mergesort(MERGESORT.java:47)
	at java_programs.MERGESORT.mergesort(MERGESORT.java:47)
	at java_programs.MERGESORT.mergesort(MERGESORT.java:47)
	at java_programs.MERGESORT.mergesort(MERGESORT.java:47)
	at java_programs.MERGESORT.mergesort(MERGESORT.java:47)
	at java_programs.MERGESORT.mergesort(MERGESORT.java:47)
	at java_programs.MERGESORT.mergesort(MERGESORT.java:47)
	at java_programs.MERGESORT.mergesort(MERGESORT.java:47)
	at java_programs.MERGESORT.mergesort(MERGESORT.java:47)
	at java_programs.MERGESORT.mergesort(MERGESORT.java:47)
	at java_programs.MERGESORT.mergesort(MERGESORT.java:47)
	at java_programs.MERGESORT.mergesort(MERGESORT.java:47)
	at java_programs.MERGESORT.mergesort(MERGESORT.java:47)
	at java_programs.MERGESORT.mergesort(MERGESORT.java:47)
	at java_programs.MERGESORT.mergesort(MERGESORT.java:47)
	at java_programs.MERGESORT.mergesort(MERGESORT.java:47)
	at java_programs.MERGESORT.mergesort(MERGESORT.java:47)
	at java_programs.MERGESORT.mergesort(MERGESORT.java:47)
	at java_programs.MERGESORT.mergesort(MERGESORT.java:47)
	at java_programs.MERGESORT.mergesort(MERGESORT.java:47)
	at java_programs.MERGESORT.mergesort(MERGESORT.java:47)
	at java_programs.MERGESORT.mergesort(MERGESORT.java:47)
	at java_programs.MERGESORT.mergesort(MERGESORT.java:47)
	at java_programs.MERGESORT.mergesort(MERGESORT.java:47)
	at java_programs.MERGESORT.mergesort(MERGESORT.java:47)
	at java_programs.MERGESORT.mergesort(MERGESORT.java:47)
	at java_programs.MERGESORT.mergesort(MERGESORT.java:47)
	at java_programs.MERGESORT.mergesort(MERGESORT.java:47)
	at java_programs.MERGESORT.mergesort(MERGESORT.java:47)
	at java_programs.MERGESORT.mergesort(MERGESORT.java:47)
	at java_programs.MERGESORT.mergesort(MERGESORT.java:47)
	at java_programs.MERGESORT.mergesort(MERGESORT.java:47)
	at java_programs.MERGESORT.mergesort(MERGESORT.java:47)
	at java_programs.MERGESORT.mergesort(MERGESORT.java:47)
	at java_programs.MERGESORT.mergesort(MERGESORT.java:47)
	at java_programs.MERGESORT.mergesort(MERGESORT.java:47)
	at java_programs.MERGESORT.mergesort(MERGESORT.java:47)
	at java_programs.MERGESORT.mergesort(MERGESORT.java:47)
	at java_programs.MERGESORT.mergesort(MERGESORT.java:47)
	at java_programs.MERGESORT.mergesort(MERGESORT.java:47)
	at java_programs.MERGESORT.mergesort(MERGESORT.java:47)
	at java_programs.MERGESORT.mergesort(MERGESORT.java:47)
	at java_programs.MERGESORT.mergesort(MERGESORT.java:47)
	at java_programs.MERGESORT.mergesort(MERGESORT.java:47)
	at java_programs.MERGESORT.mergesort(MERGESORT.java:47)
	at java_programs.MERGESORT.mergesort(MERGESORT.java:47)
	at java_programs.MERGESORT.mergesort(MERGESORT.java:47)
	at java_programs.MERGESORT.mergesort(MERGESORT.java:47)
	at java_programs.MERGESORT.mergesort(MERGESORT.java:47)
	at java_programs.MERGESORT.mergesort(MERGESORT.java:47)
	at java_programs.MERGESORT.mergesort(MERGESORT.java:47)
	at java_programs.MERGESORT.mergesort(MERGESORT.java:47)
	at java_programs.MERGESORT.mergesort(MERGESORT.java:47)
	at java_programs.MERGESORT.mergesort(MERGESORT.java:47)
	at java_programs.MERGESORT.mergesort(MERGESORT.java:47)
	at java_programs.MERGESORT.mergesort(MERGESORT.java:47)
	at java_programs.MERGESORT.mergesort(MERGESORT.java:47)
	at java_programs.MERGESORT.mergesort(MERGESORT.java:47)
	at java_programs.MERGESORT.mergesort(MERGESORT.java:47)
	at java_programs.MERGESORT.mergesort(MERGESORT.java:47)
	at java_programs.MERGESORT.mergesort(MERGESORT.java:47)
	at java_programs.MERGESORT.mergesort(MERGESORT.java:47)
	at java_programs.MERGESORT.mergesort(MERGESORT.java:47)
	at java_programs.MERGESORT.mergesort(MERGESORT.java:47)
	at java_programs.MERGESORT.mergesort(MERGESORT.java:47)
	at java_programs.MERGESORT.mergesort(MERGESORT.java:47)
	at java_programs.MERGESORT.mergesort(MERGESORT.java:47)
	at java_programs.MERGESORT.mergesort(MERGESORT.java:47)
	at java_programs.MERGESORT.mergesort(MERGESORT.java:47)
	at java_programs.MERGESORT.mergesort(MERGESORT.java:47)
	at java_programs.MERGESORT.mergesort(MERGESORT.java:47)
	at java_programs.MERGESORT.mergesort(MERGESORT.java:47)
	at java_programs.MERGESORT.mergesort(MERGESORT.java:47)
	at java_programs.MERGESORT.mergesort(MERGESORT.java:47)
	at java_programs.MERGESORT.mergesort(MERGESORT.java:47)
	at java_programs.MERGESORT.mergesort(MERGESORT.java:47)
	at java_programs.MERGESORT.mergesort(MERGESORT.java:47)
	at java_programs.MERGESORT.mergesort(MERGESORT.java:47)
	at java_programs.MERGESORT.mergesort(MERGESORT.java:47)
	at java_programs.MERGESORT.mergesort(MERGESORT.java:47)
	at java_programs.MERGESORT.mergesort(MERGESORT.java:47)
	at java_programs.MERGESORT.mergesort(MERGESORT.java:47)
	at java_programs.MERGESORT.mergesort(MERGESORT.java:47)
	at java_programs.MERGESORT.mergesort(MERGESORT.java:47)
	at java_programs.MERGESORT.mergesort(MERGESORT.java:47)
	at java_programs.MERGESORT.mergesort(MERGESORT.java:47)
	at java_programs.MERGESORT.mergesort(MERGESORT.java:47)
	at java_programs.MERGESORT.mergesort(MERGESORT.java:47)
	at java_programs.MERGESORT.mergesort(MERGESORT.java:47)
	at java_programs.MERGESORT.mergesort(MERGESORT.java:47)
	at java_programs.MERGESORT.mergesort(MERGESORT.java:47)
	at java_programs.MERGESORT.mergesort(MERGESORT.java:47)
	at java_programs.MERGESORT.mergesort(MERGESORT.java:47)
	at java_programs.MERGESORT.mergesort(MERGESORT.java:47)
	at java_programs.MERGESORT.mergesort(MERGESORT.java:47)
	at java_programs.MERGESORT.mergesort(MERGESORT.java:47)
	at java_programs.MERGESORT.mergesort(MERGESORT.java:47)
	at java_programs.MERGESORT.mergesort(MERGESORT.java:47)
	at java_programs.MERGESORT.mergesort(MERGESORT.java:47)
	at java_programs.MERGESORT.mergesort(MERGESORT.java:47)
	at java_programs.MERGESORT.mergesort(MERGESORT.java:47)
	at java_programs.MERGESORT.mergesort(MERGESORT.java:47)
	at java_programs.MERGESORT.mergesort(MERGESORT.java:47)
	at java_programs.MERGESORT.mergesort(MERGESORT.java:47)
	at java_programs.MERGESORT.mergesort(MERGESORT.java:47)
	at java_programs.MERGESORT.mergesort(MERGESORT.java:47)
	at java_programs.MERGESORT.mergesort(MERGESORT.java:47)
	at java_programs.MERGESORT.mergesort(MERGESORT.java:47)
	at java_programs.MERGESORT.mergesort(MERGESORT.java:47)
	at java_programs.MERGESORT.mergesort(MERGESORT.java:47)
	at java_programs.MERGESORT.mergesort(MERGESORT.java:47)
	at java_programs.MERGESORT.mergesort(MERGESORT.java:47)
	at java_programs.MERGESORT.mergesort(MERGESORT.java:47)
	at java_programs.MERGESORT.mergesort(MERGESORT.java:47)
	at java_programs.MERGESORT.mergesort(MERGESORT.java:47)
	at java_programs.MERGESORT.mergesort(MERGESORT.java:47)
	at java_programs.MERGESORT.mergesort(MERGESORT.java:47)
	at java_programs.MERGESORT.mergesort(MERGESORT.java:47)
	at java_programs.MERGESORT.mergesort(MERGESORT.java:47)
	at java_programs.MERGESORT.mergesort(MERGESORT.java:47)
	at java_programs.MERGESORT.mergesort(MERGESORT.java:47)
	at java_programs.MERGESORT.mergesort(MERGESORT.java:47)
	at java_programs.MERGESORT.mergesort(MERGESORT.java:47)
	at java_programs.MERGESORT.mergesort(MERGESORT.java:47)
	at java_programs.MERGESORT.mergesort(MERGESORT.java:47)
	at java_programs.MERGESORT.mergesort(MERGESORT.java:47)
	at java_programs.MERGESORT.mergesort(MERGESORT.java:47)
	at java_programs.MERGESORT.mergesort(MERGESORT.java:47)
	at java_programs.MERGESORT.mergesort(MERGESORT.java:47)
	at java_programs.MERGESORT.mergesort(MERGESORT.java:47)
	at java_programs.MERGESORT.mergesort(MERGESORT.java:47)
	at java_programs.MERGESORT.mergesort(MERGESORT.java:47)
	at java_programs.MERGESORT.mergesort(MERGESORT.java:47)
	at java_programs.MERGESORT.mergesort(MERGESORT.java:47)
	at java_programs.MERGESORT.mergesort(MERGESORT.java:47)
	at java_programs.MERGESORT.mergesort(MERGESORT.java:47)
	at java_programs.MERGESORT.mergesort(MERGESORT.java:47)
	at java_programs.MERGESORT.mergesort(MERGESORT.java:47)
	at java_programs.MERGESORT.mergesort(MERGESORT.java:47)
	at java_programs.MERGESORT.mergesort(MERGESORT.java:47)
	at java_programs.MERGESORT.mergesort(MERGESORT.java:47)
	at java_programs.MERGESORT.mergesort(MERGESORT.java:47)
	at java_programs.MERGESORT.mergesort(MERGESORT.java:47)
	at java_programs.MERGESORT.mergesort(MERGESORT.java:47)
	at java_programs.MERGESORT.mergesort(MERGESORT.java:47)
	at java_programs.MERGESORT.mergesort(MERGESORT.java:47)
	at java_programs.MERGESORT.mergesort(MERGESORT.java:47)
	at java_programs.MERGESORT.mergesort(MERGESORT.java:47)
	at java_programs.MERGESORT.mergesort(MERGESORT.java:47)
	at java_programs.MERGESORT.mergesort(MERGESORT.java:47)
	at java_programs.MERGESORT.mergesort(MERGESORT.java:47)
	at java_programs.MERGESORT.mergesort(MERGESORT.java:47)
	at java_programs.MERGESORT.mergesort(MERGESORT.java:47)
	at java_programs.MERGESORT.mergesort(MERGESORT.java:47)
	at java_programs.MERGESORT.mergesort(MERGESORT.java:47)
	at java_programs.MERGESORT.mergesort(MERGESORT.java:47)
	at java_programs.MERGESORT.mergesort(MERGESORT.java:47)
	at java_programs.MERGESORT.mergesort(MERGESORT.java:47)
	at java_programs.MERGESORT.mergesort(MERGESORT.java:47)
	at java_programs.MERGESORT.mergesort(MERGESORT.java:47)
	at java_programs.MERGESORT.mergesort(MERGESORT.java:47)
	at java_programs.MERGESORT.mergesort(MERGESORT.java:47)
	at java_programs.MERGESORT.mergesort(MERGESORT.java:47)
	at java_programs.MERGESORT.mergesort(MERGESORT.java:47)
	at java_programs.MERGESORT.mergesort(MERGESORT.java:47)
	at java_programs.MERGESORT.mergesort(MERGESORT.java:47)
	at java_programs.MERGESORT.mergesort(MERGESORT.java:47)
	at java_programs.MERGESORT.mergesort(MERGESORT.java:47)
	at java_programs.MERGESORT.mergesort(MERGESORT.java:47)
	at java_programs.MERGESORT.mergesort(MERGESORT.java:47)
	at java_programs.MERGESORT.mergesort(MERGESORT.java:47)
	at java_programs.MERGESORT.mergesort(MERGESORT.java:47)
	at java_programs.MERGESORT.mergesort(MERGESORT.java:47)
	at java_programs.MERGESORT.mergesort(MERGESORT.java:47)
	at java_programs.MERGESORT.mergesort(MERGESORT.java:47)
	at java_programs.MERGESORT.mergesort(MERGESORT.java:47)
	at java_programs.MERGESORT.mergesort(MERGESORT.java:47)
	at java_programs.MERGESORT.mergesort(MERGESORT.java:47)
	at java_programs.MERGESORT.mergesort(MERGESORT.java:47)
	at java_programs.MERGESORT.mergesort(MERGESORT.java:47)
	at java_programs.MERGESORT.mergesort(MERGESORT.java:47)
	at java_programs.MERGESORT.mergesort(MERGESORT.java:47)
	at java_programs.MERGESORT.mergesort(MERGESORT.java:47)
	at java_programs.MERGESORT.mergesort(MERGESORT.java:47)
	at java_programs.MERGESORT.mergesort(MERGESORT.java:47)
	at java_programs.MERGESORT.mergesort(MERGESORT.java:47)
	at java_programs.MERGESORT.mergesort(MERGESORT.java:47)
	at java_programs.MERGESORT.mergesort(MERGESORT.java:47)
	at java_programs.MERGESORT.mergesort(MERGESORT.java:47)
	at java_programs.MERGESORT.mergesort(MERGESORT.java:47)
	at java_programs.MERGESORT.mergesort(MERGESORT.java:47)
	at java_programs.MERGESORT.mergesort(MERGESORT.java:47)
	at java_programs.MERGESORT.mergesort(MERGESORT.java:47)
	at java_programs.MERGESORT.mergesort(MERGESORT.java:47)
	at java_programs.MERGESORT.mergesort(MERGESORT.java:47)
	at java_programs.MERGESORT.mergesort(MERGESORT.java:47)
	at java_programs.MERGESORT.mergesort(MERGESORT.java:47)
	at java_programs.MERGESORT.mergesort(MERGESORT.java:47)
	at java_programs.MERGESORT.mergesort(MERGESORT.java:47)
	at java_programs.MERGESORT.mergesort(MERGESORT.java:47)
	at java_programs.MERGESORT.mergesort(MERGESORT.java:47)
	at java_programs.MERGESORT.mergesort(MERGESORT.java:47)
	at java_programs.MERGESORT.mergesort(MERGESORT.java:47)
	at java_programs.MERGESORT.mergesort(MERGESORT.java:47)
	at java_programs.MERGESORT.mergesort(MERGESORT.java:47)
	at java_programs.MERGESORT.mergesort(MERGESORT.java:47)
	at java_programs.MERGESORT.mergesort(MERGESORT.java:47)
	at java_programs.MERGESORT.mergesort(MERGESORT.java:47)
	at java_programs.MERGESORT.mergesort(MERGESORT.java:47)
	at java_programs.MERGESORT.mergesort(MERGESORT.java:47)
	at java_programs.MERGESORT.mergesort(MERGESORT.java:47)
	at java_programs.MERGESORT.mergesort(MERGESORT.java:47)
	at java_programs.MERGESORT.mergesort(MERGESORT.java:47)
	at java_programs.MERGESORT.mergesort(MERGESORT.java:47)
	at java_programs.MERGESORT.mergesort(MERGESORT.java:47)
	at java_programs.MERGESORT.mergesort(MERGESORT.java:47)
	at java_programs.MERGESORT.mergesort(MERGESORT.java:47)
	at java_programs.MERGESORT.mergesort(MERGESORT.java:47)
	at java_programs.MERGESORT.mergesort(MERGESORT.java:47)
	at java_programs.MERGESORT.mergesort(MERGESORT.java:47)
	at java_programs.MERGESORT.mergesort(MERGESORT.java:47)
	at java_programs.MERGESORT.mergesort(MERGESORT.java:47)
	at java_programs.MERGESORT.mergesort(MERGESORT.java:47)
	at java_programs.MERGESORT.mergesort(MERGESORT.java:47)
	at java_programs.MERGESORT.mergesort(MERGESORT.java:47)
	at java_programs.MERGESORT.mergesort(MERGESORT.java:47)
	at java_programs.MERGESORT.mergesort(MERGESORT.java:47)
	at java_programs.MERGESORT.mergesort(MERGESORT.java:47)
	at java_programs.MERGESORT.mergesort(MERGESORT.java:47)
	at java_programs.MERGESORT.mergesort(MERGESORT.java:47)
	at java_programs.MERGESORT.mergesort(MERGESORT.java:47)
	at java_programs.MERGESORT.mergesort(MERGESORT.java:47)
	at java_programs.MERGESORT.mergesort(MERGESORT.java:47)
	at java_programs.MERGESORT.mergesort(MERGESORT.java:47)
	at java_programs.MERGESORT.mergesort(MERGESORT.java:47)
	at java_programs.MERGESORT.mergesort(MERGESORT.java:47)
	at java_programs.MERGESORT.mergesort(MERGESORT.java:47)
	at java_programs.MERGESORT.mergesort(MERGESORT.java:47)
	at java_programs.MERGESORT.mergesort(MERGESORT.java:47)
	at java_programs.MERGESORT.mergesort(MERGESORT.java:47)
	at java_programs.MERGESORT.mergesort(MERGESORT.java:47)
	at java_programs.MERGESORT.mergesort(MERGESORT.java:47)
	at java_programs.MERGESORT.mergesort(MERGESORT.java:47)
	at java_programs.MERGESORT.mergesort(MERGESORT.java:47)
	at java_programs.MERGESORT.mergesort(MERGESORT.java:47)
	at java_programs.MERGESORT.mergesort(MERGESORT.java:47)
	at java_programs.MERGESORT.mergesort(MERGESORT.java:47)
	at java_programs.MERGESORT.mergesort(MERGESORT.java:47)
	at java_programs.MERGESORT.mergesort(MERGESORT.java:47)
	at java_programs.MERGESORT.mergesort(MERGESORT.java:47)
	at java_programs.MERGESORT.mergesort(MERGESORT.java:47)
	at java_programs.MERGESORT.mergesort(MERGESORT.java:47)
	at java_programs.MERGESORT.mergesort(MERGESORT.java:47)
	at java_programs.MERGESORT.mergesort(MERGESORT.java:47)
	at java_programs.MERGESORT.mergesort(MERGESORT.java:47)
	at java_programs.MERGESORT.mergesort(MERGESORT.java:47)
	at java_programs.MERGESORT.mergesort(MERGESORT.java:47)
	at java_programs.MERGESORT.mergesort(MERGESORT.java:47)
	at java_programs.MERGESORT.mergesort(MERGESORT.java:47)
	at java_programs.MERGESORT.mergesort(MERGESORT.java:47)
	at java_programs.MERGESORT.mergesort(MERGESORT.java:47)
	at java_programs.MERGESORT.mergesort(MERGESORT.java:47)
	at java_programs.MERGESORT.mergesort(MERGESORT.java:47)
	at java_programs.MERGESORT.mergesort(MERGESORT.java:47)
	at java_programs.MERGESORT.mergesort(MERGESORT.java:47)
	at java_programs.MERGESORT.mergesort(MERGESORT.java:47)
	at java_programs.MERGESORT.mergesort(MERGESORT.java:47)
	at java_programs.MERGESORT.mergesort(MERGESORT.java:47)
	at java_programs.MERGESORT.mergesort(MERGESORT.java:47)
	at java_programs.MERGESORT.mergesort(MERGESORT.java:47)
	at java_programs.MERGESORT.mergesort(MERGESORT.java:47)
	at java_programs.MERGESORT.mergesort(MERGESORT.java:47)
	at java_programs.MERGESORT.mergesort(MERGESORT.java:47)
	at java_programs.MERGESORT.mergesort(MERGESORT.java:47)
	at java_programs.MERGESORT.mergesort(MERGESORT.java:47)
	at java_programs.MERGESORT.mergesort(MERGESORT.java:47)
	at java_programs.MERGESORT.mergesort(MERGESORT.java:47)
	at java_programs.MERGESORT.mergesort(MERGESORT.java:47)
	at java_programs.MERGESORT.mergesort(MERGESORT.java:47)
	at java_programs.MERGESORT.mergesort(MERGESORT.java:47)
	at java_programs.MERGESORT.mergesort(MERGESORT.java:47)
	at java_programs.MERGESORT.mergesort(MERGESORT.java:47)
	at java_programs.MERGESORT.mergesort(MERGESORT.java:47)
	at java_programs.MERGESORT.mergesort(MERGESORT.java:47)
	at java_programs.MERGESORT.mergesort(MERGESORT.java:47)
	at java_programs.MERGESORT.mergesort(MERGESORT.java:47)
	at java_programs.MERGESORT.mergesort(MERGESORT.java:47)
	at java_programs.MERGESORT.mergesort(MERGESORT.java:47)
	at java_programs.MERGESORT.mergesort(MERGESORT.java:47)
	at java_programs.MERGESORT.mergesort(MERGESORT.java:47)
	at java_programs.MERGESORT.mergesort(MERGESORT.java:47)
	at java_programs.MERGESORT.mergesort(MERGESORT.java:47)
	at java_programs.MERGESORT.mergesort(MERGESORT.java:47)
	at java_programs.MERGESORT.mergesort(MERGESORT.java:47)
	at java_programs.MERGESORT.mergesort(MERGESORT.java:47)
	at java_programs.MERGESORT.mergesort(MERGESORT.java:47)
	at java_programs.MERGESORT.mergesort(MERGESORT.java:47)
	at java_programs.MERGESORT.mergesort(MERGESORT.java:47)
	at java_programs.MERGESORT.mergesort(MERGESORT.java:47)
	at java_programs.MERGESORT.mergesort(MERGESORT.java:47)
	at java_programs.MERGESORT.mergesort(MERGESORT.java:47)
	at java_programs.MERGESORT.mergesort(MERGESORT.java:47)
	at java_programs.MERGESORT.mergesort(MERGESORT.java:47)
	at java_programs.MERGESORT.mergesort(MERGESORT.java:47)
	at java_programs.MERGESORT.mergesort(MERGESORT.java:47)
	at java_programs.MERGESORT.mergesort(MERGESORT.java:47)
	at java_programs.MERGESORT.mergesort(MERGESORT.java:47)
	at java_programs.MERGESORT.mergesort(MERGESORT.java:47)
	at java_programs.MERGESORT.mergesort(MERGESORT.java:47)
	at java_programs.MERGESORT.mergesort(MERGESORT.java:47)
	at java_programs.MERGESORT.mergesort(MERGESORT.java:47)
	at java_programs.MERGESORT.mergesort(MERGESORT.java:47)
	at java_programs.MERGESORT.mergesort(MERGESORT.java:47)
	at java_programs.MERGESORT.mergesort(MERGESORT.java:47)
	at java_programs.MERGESORT.mergesort(MERGESORT.java:47)
	at java_programs.MERGESORT.mergesort(MERGESORT.java:47)
	at java_programs.MERGESORT.mergesort(MERGESORT.java:47)
	at java_programs.MERGESORT.mergesort(MERGESORT.java:47)
	at java_programs.MERGESORT.mergesort(MERGESORT.java:47)
	at java_programs.MERGESORT.mergesort(MERGESORT.java:47)
	at java_programs.MERGESORT.mergesort(MERGESORT.java:47)
	at java_programs.MERGESORT.mergesort(MERGESORT.java:47)
	at java_programs.MERGESORT.mergesort(MERGESORT.java:47)
	at java_programs.MERGESORT.mergesort(MERGESORT.java:47)
	at java_programs.MERGESORT.mergesort(MERGESORT.java:47)
	at java_programs.MERGESORT.mergesort(MERGESORT.java:47)
	at java_programs.MERGESORT.mergesort(MERGESORT.java:47)
	at java_programs.MERGESORT.mergesort(MERGESORT.java:47)
	at java_programs.MERGESORT.mergesort(MERGESORT.java:47)
	at java_programs.MERGESORT.mergesort(MERGESORT.java:47)
	at java_programs.MERGESORT.mergesort(MERGESORT.java:47)
	at java_programs.MERGESORT.mergesort(MERGESORT.java:47)
	at java_programs.MERGESORT.mergesort(MERGESORT.java:47)
	at java_programs.MERGESORT.mergesort(MERGESORT.java:47)
	at java_programs.MERGESORT.mergesort(MERGESORT.java:47)
	at java_programs.MERGESORT.mergesort(MERGESORT.java:47)
	at java_programs.MERGESORT.mergesort(MERGESORT.java:47)
	at java_programs.MERGESORT.mergesort(MERGESORT.java:47)
	at java_programs.MERGESORT.mergesort(MERGESORT.java:47)
	at java_programs.MERGESORT.mergesort(MERGESORT.java:47)
	at java_programs.MERGESORT.mergesort(MERGESORT.java:47)
	at java_programs.MERGESORT.mergesort(MERGESORT.java:47)
	at java_programs.MERGESORT.mergesort(MERGESORT.java:47)
	at java_programs.MERGESORT.mergesort(MERGESORT.java:47)
	at java_programs.MERGESORT.mergesort(MERGESORT.java:47)
	at java_programs.MERGESORT.mergesort(MERGESORT.java:47)
	at java_programs.MERGESORT.mergesort(MERGESORT.java:47)
	at java_programs.MERGESORT.mergesort(MERGESORT.java:47)
	at java_programs.MERGESORT.mergesort(MERGESORT.java:47)
	at java_programs.MERGESORT.mergesort(MERGESORT.java:47)
	at java_programs.MERGESORT.mergesort(MERGESORT.java:47)
	at java_programs.MERGESORT.mergesort(MERGESORT.java:47)
	at java_programs.MERGESORT.mergesort(MERGESORT.java:47)
	at java_programs.MERGESORT.mergesort(MERGESORT.java:47)
	at java_programs.MERGESORT.mergesort(MERGESORT.java:47)
	at java_programs.MERGESORT.mergesort(MERGESORT.java:47)
	at java_programs.MERGESORT.mergesort(MERGESORT.java:47)
	at java_programs.MERGESORT.mergesort(MERGESORT.java:47)
	at java_programs.MERGESORT.mergesort(MERGESORT.java:47)
	at java_programs.MERGESORT.mergesort(MERGESORT.java:47)
	at java_programs.MERGESORT.mergesort(MERGESORT.java:47)
	at java_programs.MERGESORT.mergesort(MERGESORT.java:47)
	at java_programs.MERGESORT.mergesort(MERGESORT.java:47)
	at java_programs.MERGESORT.mergesort(MERGESORT.java:47)
	at java_programs.MERGESORT.mergesort(MERGESORT.java:47)
	at java_programs.MERGESORT.mergesort(MERGESORT.java:47)
	at java_programs.MERGESORT.mergesort(MERGESORT.java:47)
	at java_programs.MERGESORT.mergesort(MERGESORT.java:47)
	at java_programs.MERGESORT.mergesort(MERGESORT.java:47)
	at java_programs.MERGESORT.mergesort(MERGESORT.java:47)
	at java_programs.MERGESORT.mergesort(MERGESORT.java:47)
	at java_programs.MERGESORT.mergesort(MERGESORT.java:47)
	at java_programs.MERGESORT.mergesort(MERGESORT.java:47)
	at java_programs.MERGESORT.mergesort(MERGESORT.java:47)
	at java_programs.MERGESORT.mergesort(MERGESORT.java:47)
	at java_programs.MERGESORT.mergesort(MERGESORT.java:47)
	at java_programs.MERGESORT.mergesort(MERGESORT.java:47)
	at java_programs.MERGESORT.mergesort(MERGESORT.java:47)
	at java_programs.MERGESORT.mergesort(MERGESORT.java:47)
	at java_programs.MERGESORT.mergesort(MERGESORT.java:47)
	at java_programs.MERGESORT.mergesort(MERGESORT.java:47)
	at java_programs.MERGESORT.mergesort(MERGESORT.java:47)
	at java_programs.MERGESORT.mergesort(MERGESORT.java:47)
	at java_programs.MERGESORT.mergesort(MERGESORT.java:47)
	at java_programs.MERGESORT.mergesort(MERGESORT.java:47)
	at java_programs.MERGESORT.mergesort(MERGESORT.java:47)
	at java_programs.MERGESORT.mergesort(MERGESORT.java:47)
	at java_programs.MERGESORT.mergesort(MERGESORT.java:47)
	at java_programs.MERGESORT.mergesort(MERGESORT.java:47)
	at java_programs.MERGESORT.mergesort(MERGESORT.java:47)
	at java_programs.MERGESORT.mergesort(MERGESORT.java:47)
	at java_programs.MERGESORT.mergesort(MERGESORT.java:47)
	at java_programs.MERGESORT.mergesort(MERGESORT.java:47)
	at java_programs.MERGESORT.mergesort(MERGESORT.java:47)
	at java_programs.MERGESORT.mergesort(MERGESORT.java:47)
	at java_programs.MERGESORT.mergesort(MERGESORT.java:47)
	at java_programs.MERGESORT.mergesort(MERGESORT.java:47)
	at java_programs.MERGESORT.mergesort(MERGESORT.java:47)
	at java_programs.MERGESORT.mergesort(MERGESORT.java:47)
	at java_programs.MERGESORT.mergesort(MERGESORT.java:47)
	at java_programs.MERGESORT.mergesort(MERGESORT.java:47)
	at java_programs.MERGESORT.mergesort(MERGESORT.java:47)
	at java_programs.MERGESORT.mergesort(MERGESORT.java:47)
	at java_programs.MERGESORT.mergesort(MERGESORT.java:47)
	at java_programs.MERGESORT.mergesort(MERGESORT.java:47)
	at java_programs.MERGESORT.mergesort(MERGESORT.java:47)
	at java_programs.MERGESORT.mergesort(MERGESORT.java:47)
	at java_programs.MERGESORT.mergesort(MERGESORT.java:47)
	at java_programs.MERGESORT.mergesort(MERGESORT.java:47)
	at java_programs.MERGESORT.mergesort(MERGESORT.java:47)
	at java_programs.MERGESORT.mergesort(MERGESORT.java:47)
	at java_programs.MERGESORT.mergesort(MERGESORT.java:47)
	at java_programs.MERGESORT.mergesort(MERGESORT.java:47)
	at java_programs.MERGESORT.mergesort(MERGESORT.java:47)
	at java_programs.MERGESORT.mergesort(MERGESORT.java:47)
	at java_programs.MERGESORT.mergesort(MERGESORT.java:47)
	at java_programs.MERGESORT.mergesort(MERGESORT.java:47)
	at java_programs.MERGESORT.mergesort(MERGESORT.java:47)
	at java_programs.MERGESORT.mergesort(MERGESORT.java:47)
	at java_programs.MERGESORT.mergesort(MERGESORT.java:47)
	at java_programs.MERGESORT.mergesort(MERGESORT.java:47)
	at java_programs.MERGESORT.mergesort(MERGESORT.java:47)
	at java_programs.MERGESORT.mergesort(MERGESORT.java:47)
	at java_programs.MERGESORT.mergesort(MERGESORT.java:47)
	at java_programs.MERGESORT.mergesort(MERGESORT.java:47)
	at java_programs.MERGESORT.mergesort(MERGESORT.java:47)
	at java_programs.MERGESORT.mergesort(MERGESORT.java:47)
	at java_programs.MERGESORT.mergesort(MERGESORT.java:47)
	at java_programs.MERGESORT.mergesort(MERGESORT.java:47)
	at java_programs.MERGESORT.mergesort(MERGESORT.java:47)
	at java_programs.MERGESORT.mergesort(MERGESORT.java:47)
	at java_programs.MERGESORT.mergesort(MERGESORT.java:47)
	at java_programs.MERGESORT.mergesort(MERGESORT.java:47)
	at java_programs.MERGESORT.mergesort(MERGESORT.java:47)
	at java_programs.MERGESORT.mergesort(MERGESORT.java:47)
	at java_programs.MERGESORT.mergesort(MERGESORT.java:47)
	at java_programs.MERGESORT.mergesort(MERGESORT.java:47)
	at java_programs.MERGESORT.mergesort(MERGESORT.java:47)
	at java_programs.MERGESORT.mergesort(MERGESORT.java:47)
	at java_programs.MERGESORT.mergesort(MERGESORT.java:47)
	at java_programs.MERGESORT.mergesort(MERGESORT.java:47)
	at java_programs.MERGESORT.mergesort(MERGESORT.java:47)
	at java_programs.MERGESORT.mergesort(MERGESORT.java:47)
	at java_programs.MERGESORT.mergesort(MERGESORT.java:47)
	at java_programs.MERGESORT.mergesort(MERGESORT.java:47)
	at java_programs.MERGESORT.mergesort(MERGESORT.java:47)
	at java_programs.MERGESORT.mergesort(MERGESORT.java:47)
	at java_programs.MERGESORT.mergesort(MERGESORT.java:47)
	at java_programs.MERGESORT.mergesort(MERGESORT.java:47)
	at java_programs.MERGESORT.mergesort(MERGESORT.java:47)
	at java_programs.MERGESORT.mergesort(MERGESORT.java:47)
	at java_programs.MERGESORT.mergesort(MERGESORT.java:47)
	at java_programs.MERGESORT.mergesort(MERGESORT.java:47)
	at java_programs.MERGESORT.mergesort(MERGESORT.java:47)
	at java_programs.MERGESORT.mergesort(MERGESORT.java:47)
	at java_programs.MERGESORT.mergesort(MERGESORT.java:47)
	at java_programs.MERGESORT.mergesort(MERGESORT.java:47)
	at java_programs.MERGESORT.mergesort(MERGESORT.java:47)
	at java_programs.MERGESORT.mergesort(MERGESORT.java:47)
	at java_programs.MERGESORT.mergesort(MERGESORT.java:47)
	at java_programs.MERGESORT.mergesort(MERGESORT.java:47)
	at java_programs.MERGESORT.mergesort(MERGESORT.java:47)
	at java_programs.MERGESORT.mergesort(MERGESORT.java:47)
	at java_programs.MERGESORT.mergesort(MERGESORT.java:47)
	at java_programs.MERGESORT.mergesort(MERGESORT.java:47)
	at java_programs.MERGESORT.mergesort(MERGESORT.java:47)
	at java_programs.MERGESORT.mergesort(MERGESORT.java:47)
	at java_programs.MERGESORT.mergesort(MERGESORT.java:47)
	at java_programs.MERGESORT.mergesort(MERGESORT.java:47)
	at java_programs.MERGESORT.mergesort(MERGESORT.java:47)
	at java_programs.MERGESORT.mergesort(MERGESORT.java:47)
	at java_programs.MERGESORT.mergesort(MERGESORT.java:47)
	at java_programs.MERGESORT.mergesort(MERGESORT.java:47)
	at java_programs.MERGESORT.mergesort(MERGESORT.java:47)
	at java_programs.MERGESORT.mergesort(MERGESORT.java:47)
	at java_programs.MERGESORT.mergesort(MERGESORT.java:47)
	at java_programs.MERGESORT.mergesort(MERGESORT.java:47)
	at java_programs.MERGESORT.mergesort(MERGESORT.java:47)
	at java_programs.MERGESORT.mergesort(MERGESORT.java:47)
	at java_programs.MERGESORT.mergesort(MERGESORT.java:47)
	at java_programs.MERGESORT.mergesort(MERGESORT.java:47)
	at java_programs.MERGESORT.mergesort(MERGESORT.java:47)
	at java_programs.MERGESORT.mergesort(MERGESORT.java:47)
	at java_programs.MERGESORT.mergesort(MERGESORT.java:47)
	at java_programs.MERGESORT.mergesort(MERGESORT.java:47)
	at java_programs.MERGESORT.mergesort(MERGESORT.java:47)
	at java_programs.MERGESORT.mergesort(MERGESORT.java:47)
	at java_programs.MERGESORT.mergesort(MERGESORT.java:47)
	at java_programs.MERGESORT.mergesort(MERGESORT.java:47)
	at java_programs.MERGESORT.mergesort(MERGESORT.java:47)
	at java_programs.MERGESORT.mergesort(MERGESORT.java:47)
	at java_programs.MERGESORT.mergesort(MERGESORT.java:47)
	at java_programs.MERGESORT.mergesort(MERGESORT.java:47)
	at java_programs.MERGESORT.mergesort(MERGESORT.java:47)
	at java_programs.MERGESORT.mergesort(MERGESORT.java:47)
	at java_programs.MERGESORT.mergesort(MERGESORT.java:47)
	at java_programs.MERGESORT.mergesort(MERGESORT.java:47)
	at java_programs.MERGESORT.mergesort(MERGESORT.java:47)
	at java_programs.MERGESORT.mergesort(MERGESORT.java:47)
	at java_programs.MERGESORT.mergesort(MERGESORT.java:47)
	at java_programs.MERGESORT.mergesort(MERGESORT.java:47)
	at java_programs.MERGESORT.mergesort(MERGESORT.java:47)
	at java_programs.MERGESORT.mergesort(MERGESORT.java:47)
	at java_programs.MERGESORT.mergesort(MERGESORT.java:47)
	at java_programs.MERGESORT.mergesort(MERGESORT.java:47)
	at java_programs.MERGESORT.mergesort(MERGESORT.java:47)
	at java_programs.MERGESORT.mergesort(MERGESORT.java:47)
	at java_programs.MERGESORT.mergesort(MERGESORT.java:47)
	at java_programs.MERGESORT.mergesort(MERGESORT.java:47)
	at java_programs.MERGESORT.mergesort(MERGESORT.java:47)
	at java_programs.MERGESORT.mergesort(MERGESORT.java:47)
	at java_programs.MERGESORT.mergesort(MERGESORT.java:47)
	at java_programs.MERGESORT.mergesort(MERGESORT.java:47)
	at java_programs.MERGESORT.mergesort(MERGESORT.java:47)
	at java_programs.MERGESORT.mergesort(MERGESORT.java:47)
	at java_programs.MERGESORT.mergesort(MERGESORT.java:47)
	at java_programs.MERGESORT.mergesort(MERGESORT.java:47)
	at java_programs.MERGESORT.mergesort(MERGESORT.java:47)
	at java_programs.MERGESORT.mergesort(MERGESORT.java:47)
	at java_programs.MERGESORT.mergesort(MERGESORT.java:47)
	at java_programs.MERGESORT.mergesort(MERGESORT.java:47)
	at java_programs.MERGESORT.mergesort(MERGESORT.java:47)
	at java_programs.MERGESORT.mergesort(MERGESORT.java:47)
	at java_programs.MERGESORT.mergesort(MERGESORT.java:47)
	at java_programs.MERGESORT.mergesort(MERGESORT.java:47)
	at java_programs.MERGESORT.mergesort(MERGESORT.java:47)
	at java_programs.MERGESORT.mergesort(MERGESORT.java:47)
	at java_programs.MERGESORT.mergesort(MERGESORT.java:47)
	at java_programs.MERGESORT.mergesort(MERGESORT.java:47)
	at java_programs.MERGESORT.mergesort(MERGESORT.java:47)
	at java_programs.MERGESORT.mergesort(MERGESORT.java:47)
	at java_programs.MERGESORT.mergesort(MERGESORT.java:47)
	at java_programs.MERGESORT.mergesort(MERGESORT.java:47)
	at java_programs.MERGESORT.mergesort(MERGESORT.java:47)
	at java_programs.MERGESORT.mergesort(MERGESORT.java:47)
	at java_programs.MERGESORT.mergesort(MERGESORT.java:47)
	at java_programs.MERGESORT.mergesort(MERGESORT.java:47)
	at java_programs.MERGESORT.mergesort(MERGESORT.java:47)
	at java_programs.MERGESORT.mergesort(MERGESORT.java:47)
	at java_programs.MERGESORT.mergesort(MERGESORT.java:47)
	at java_programs.MERGESORT.mergesort(MERGESORT.java:47)
	at java_programs.MERGESORT.mergesort(MERGESORT.java:47)
	at java_programs.MERGESORT.mergesort(MERGESORT.java:47)
	at java_programs.MERGESORT.mergesort(MERGESORT.java:47)
	at java_programs.MERGESORT.mergesort(MERGESORT.java:47)
	at java_programs.MERGESORT.mergesort(MERGESORT.java:47)
	at java_programs.MERGESORT.mergesort(MERGESORT.java:47)
	at java_programs.MERGESORT.mergesort(MERGESORT.java:47)
	at java_programs.MERGESORT.mergesort(MERGESORT.java:47)
	at java_programs.MERGESORT.mergesort(MERGESORT.java:47)
	at java_programs.MERGESORT.mergesort(MERGESORT.java:47)
	at java_programs.MERGESORT.mergesort(MERGESORT.java:47)
	at java_programs.MERGESORT.mergesort(MERGESORT.java:47)
	at java_programs.MERGESORT.mergesort(MERGESORT.java:47)
	at java_programs.MERGESORT.mergesort(MERGESORT.java:47)
	at java_programs.MERGESORT.mergesort(MERGESORT.java:47)
	at java_programs.MERGESORT.mergesort(MERGESORT.java:47)
	at java_programs.MERGESORT.mergesort(MERGESORT.java:47)
	at java_programs.MERGESORT.mergesort(MERGESORT.java:47)
	at java_programs.MERGESORT.mergesort(MERGESORT.java:47)
	at java_programs.MERGESORT.mergesort(MERGESORT.java:47)
	at java_programs.MERGESORT.mergesort(MERGESORT.java:47)
	at java_programs.MERGESORT.mergesort(MERGESORT.java:47)
	at java_programs.MERGESORT.mergesort(MERGESORT.java:47)
	at java_programs.MERGESORT.mergesort(MERGESORT.java:47)
	at java_programs.MERGESORT.mergesort(MERGESORT.java:47)
	at java_programs.MERGESORT.mergesort(MERGESORT.java:47)
	at java_programs.MERGESORT.mergesort(MERGESORT.java:47)
	at java_programs.MERGESORT.mergesort(MERGESORT.java:47)
	at java_programs.MERGESORT.mergesort(MERGESORT.java:47)
	at java_programs.MERGESORT.mergesort(MERGESORT.java:47)
	at java_programs.MERGESORT.mergesort(MERGESORT.java:47)
	at java_programs.MERGESORT.mergesort(MERGESORT.java:47)
	at java_programs.MERGESORT.mergesort(MERGESORT.java:47)
	at java_programs.MERGESORT.mergesort(MERGESORT.java:47)
	at java_programs.MERGESORT.mergesort(MERGESORT.java:47)
	at java_programs.MERGESORT.mergesort(MERGESORT.java:47)
	at java_programs.MERGESORT.mergesort(MERGESORT.java:47)
	at java_programs.MERGESORT.mergesort(MERGESORT.java:47)
	at java_programs.MERGESORT.mergesort(MERGESORT.java:47)
	at java_programs.MERGESORT.mergesort(MERGESORT.java:47)
	at java_programs.MERGESORT.mergesort(MERGESORT.java:47)
	at java_programs.MERGESORT.mergesort(MERGESORT.java:47)
	at java_programs.MERGESORT.mergesort(MERGESORT.java:47)
	at java_programs.MERGESORT.mergesort(MERGESORT.java:47)
	at java_programs.MERGESORT.mergesort(MERGESORT.java:47)
	at java_programs.MERGESORT.mergesort(MERGESORT.java:47)
	at java_programs.MERGESORT.mergesort(MERGESORT.java:47)
	at java_programs.MERGESORT.mergesort(MERGESORT.java:47)
	at java_programs.MERGESORT.mergesort(MERGESORT.java:47)
	at java_programs.MERGESORT.mergesort(MERGESORT.java:47)
	at java_programs.MERGESORT.mergesort(MERGESORT.java:47)
	at java_programs.MERGESORT.mergesort(MERGESORT.java:47)
	at java_programs.MERGESORT.mergesort(MERGESORT.java:47)
	at java_programs.MERGESORT.mergesort(MERGESORT.java:47)
	at java_programs.MERGESORT.mergesort(MERGESORT.java:47)
	at java_programs.MERGESORT.mergesort(MERGESORT.java:47)
	at java_programs.MERGESORT.mergesort(MERGESORT.java:47)
	at java_programs.MERGESORT.mergesort(MERGESORT.java:47)
	at java_programs.MERGESORT.mergesort(MERGESORT.java:47)
	at java_programs.MERGESORT.mergesort(MERGESORT.java:47)
	at java_programs.MERGESORT.mergesort(MERGESORT.java:47)
	at java_programs.MERGESORT.mergesort(MERGESORT.java:47)
	at java_programs.MERGESORT.mergesort(MERGESORT.java:47)
	at java_programs.MERGESORT.mergesort(MERGESORT.java:47)
	at java_programs.MERGESORT.mergesort(MERGESORT.java:47)
	at java_programs.MERGESORT.mergesort(MERGESORT.java:47)
	at java_programs.MERGESORT.mergesort(MERGESORT.java:47)
	at java_programs.MERGESORT.mergesort(MERGESORT.java:47)
	at java_programs.MERGESORT.mergesort(MERGESORT.java:47)
	at java_programs.MERGESORT.mergesort(MERGESORT.java:47)
	at java_programs.MERGESORT.mergesort(MERGESORT.java:47)
	at java_programs.MERGESORT.mergesort(MERGESORT.java:47)
	at java_programs.MERGESORT.mergesort(MERGESORT.java:47)
	at java_programs.MERGESORT.mergesort(MERGESORT.java:47)
	at java_programs.MERGESORT.mergesort(MERGESORT.java:47)
	at java_programs.MERGESORT.mergesort(MERGESORT.java:47)
	at java_programs.MERGESORT.mergesort(MERGESORT.java:47)
	at java_programs.MERGESORT.mergesort(MERGESORT.java:47)
	at java_programs.MERGESORT.mergesort(MERGESORT.java:47)
	at java_programs.MERGESORT.mergesort(MERGESORT.java:47)
	at java_programs.MERGESORT.mergesort(MERGESORT.java:47)
	at java_programs.MERGESORT.mergesort(MERGESORT.java:47)
	at java_programs.MERGESORT.mergesort(MERGESORT.java:47)
	at java_programs.MERGESORT.mergesort(MERGESORT.java:47)
	at java_programs.MERGESORT.mergesort(MERGESORT.java:47)
	at java_programs.MERGESORT.mergesort(MERGESORT.java:47)
	at java_programs.MERGESORT.mergesort(MERGESORT.java:47)
	at java_programs.MERGESORT.mergesort(MERGESORT.java:47)
	at java_programs.MERGESORT.mergesort(MERGESORT.java:47)
	at java_programs.MERGESORT.mergesort(MERGESORT.java:47)
	at java_programs.MERGESORT.mergesort(MERGESORT.java:47)
	at java_programs.MERGESORT.mergesort(MERGESORT.java:47)
	at java_programs.MERGESORT.mergesort(MERGESORT.java:47)
	at java_programs.MERGESORT.mergesort(MERGESORT.java:47)
	at java_programs.MERGESORT.mergesort(MERGESORT.java:47)
	at java_programs.MERGESORT.mergesort(MERGESORT.java:47)
	at java_programs.MERGESORT.mergesort(MERGESORT.java:47)
	at java_programs.MERGESORT.mergesort(MERGESORT.java:47)
	at java_programs.MERGESORT.mergesort(MERGESORT.java:47)
	at java_programs.MERGESORT.mergesort(MERGESORT.java:47)
	at java_programs.MERGESORT.mergesort(MERGESORT.java:47)
	at java_programs.MERGESORT.mergesort(MERGESORT.java:47)
	at java_programs.MERGESORT.mergesort(MERGESORT.java:47)
	at java_programs.MERGESORT.mergesort(MERGESORT.java:47)
	at java_programs.MERGESORT.mergesort(MERGESORT.java:47)
	at java_programs.MERGESORT.mergesort(MERGESORT.java:47)
	at java_programs.MERGESORT.mergesort(MERGESORT.java:47)
	at java_programs.MERGESORT.mergesort(MERGESORT.java:47)
	at java_programs.MERGESORT.mergesort(MERGESORT.java:47)
	at java_programs.MERGESORT.mergesort(MERGESORT.java:47)
	at java_programs.MERGESORT.mergesort(MERGESORT.java:47)
	at java_programs.MERGESORT.mergesort(MERGESORT.java:47)
	at java_programs.MERGESORT.mergesort(MERGESORT.java:47)
	at java_programs.MERGESORT.mergesort(MERGESORT.java:47)
	at java_programs.MERGESORT.mergesort(MERGESORT.java:47)
	at java_programs.MERGESORT.mergesort(MERGESORT.java:47)
	at java_programs.MERGESORT.mergesort(MERGESORT.java:47)
	at java_programs.MERGESORT.mergesort(MERGESORT.java:47)
	at java_programs.MERGESORT.mergesort(MERGESORT.java:47)
	at java_programs.MERGESORT.mergesort(MERGESORT.java:47)
	at java_programs.MERGESORT.mergesort(MERGESORT.java:47)
	at java_programs.MERGESORT.mergesort(MERGESORT.java:47)
	at java_programs.MERGESORT.mergesort(MERGESORT.java:47)
	at java_programs.MERGESORT.mergesort(MERGESORT.java:47)
	at java_programs.MERGESORT.mergesort(MERGESORT.java:47)
	at java_programs.MERGESORT.mergesort(MERGESORT.java:47)
	at java_programs.MERGESORT.mergesort(MERGESORT.java:47)
	at java_programs.MERGESORT.mergesort(MERGESORT.java:47)
	at java_programs.MERGESORT.mergesort(MERGESORT.java:47)
	at java_programs.MERGESORT.mergesort(MERGESORT.java:47)
	at java_programs.MERGESORT.mergesort(MERGESORT.java:47)
	at java_programs.MERGESORT.mergesort(MERGESORT.java:47)
	at java_programs.MERGESORT.mergesort(MERGESORT.java:47)
	at java_programs.MERGESORT.mergesort(MERGESORT.java:47)
	at java_programs.MERGESORT.mergesort(MERGESORT.java:47)
	at java_programs.MERGESORT.mergesort(MERGESORT.java:47)
	at java_programs.MERGESORT.mergesort(MERGESORT.java:47)
	at java_programs.MERGESORT.mergesort(MERGESORT.java:47)
	at java_programs.MERGESORT.mergesort(MERGESORT.java:47)
	at java_programs.MERGESORT.mergesort(MERGESORT.java:47)
	at java_programs.MERGESORT.mergesort(MERGESORT.java:47)
	at java_programs.MERGESORT.mergesort(MERGESORT.java:47)
	at java_programs.MERGESORT.mergesort(MERGESORT.java:47)
	at java_programs.MERGESORT.mergesort(MERGESORT.java:47)
	at java_programs.MERGESORT.mergesort(MERGESORT.java:47)
	at java_programs.MERGESORT.mergesort(MERGESORT.java:47)
	at java_programs.MERGESORT.mergesort(MERGESORT.java:47)
	at java_programs.MERGESORT.mergesort(MERGESORT.java:47)
	at java_programs.MERGESORT.mergesort(MERGESORT.java:47)
	at java_programs.MERGESORT.mergesort(MERGESORT.java:47)
	at java_programs.MERGESORT.mergesort(MERGESORT.java:47)
	at java_programs.MERGESORT.mergesort(MERGESORT.java:47)
	at java_programs.MERGESORT.mergesort(MERGESORT.java:47)
	at java_programs.MERGESORT.mergesort(MERGESORT.java:47)
	at java_programs.MERGESORT.mergesort(MERGESORT.java:47)
	at java_programs.MERGESORT.mergesort(MERGESORT.java:47)
	at java_programs.MERGESORT.mergesort(MERGESORT.java:47)
	at java_programs.MERGESORT.mergesort(MERGESORT.java:47)
	at java_programs.MERGESORT.mergesort(MERGESORT.java:47)
	at java_programs.MERGESORT.mergesort(MERGESORT.java:47)
	at java_programs.MERGESORT.mergesort(MERGESORT.java:47)
	at java_programs.MERGESORT.mergesort(MERGESORT.java:47)
	at java_programs.MERGESORT.mergesort(MERGESORT.java:47)
	at java_programs.MERGESORT.mergesort(MERGESORT.java:47)
	at java_programs.MERGESORT.mergesort(MERGESORT.java:47)
	at java_programs.MERGESORT.mergesort(MERGESORT.java:47)
	at java_programs.MERGESORT.mergesort(MERGESORT.java:47)
	at java_programs.MERGESORT.mergesort(MERGESORT.java:47)
	at java_programs.MERGESORT.mergesort(MERGESORT.java:47)
	at java_programs.MERGESORT.mergesort(MERGESORT.java:47)
	at java_programs.MERGESORT.mergesort(MERGESORT.java:47)
	at java_programs.MERGESORT.mergesort(MERGESORT.java:47)
	at java_programs.MERGESORT.mergesort(MERGESORT.java:47)
	at java_programs.MERGESORT.mergesort(MERGESORT.java:47)
	at java_programs.MERGESORT.mergesort(MERGESORT.java:47)
	at java_programs.MERGESORT.mergesort(MERGESORT.java:47)
	at java_programs.MERGESORT.mergesort(MERGESORT.java:47)
	at java_programs.MERGESORT.mergesort(MERGESORT.java:47)
	at java_programs.MERGESORT.mergesort(MERGESORT.java:47)
	at java_programs.MERGESORT.mergesort(MERGESORT.java:47)
	at java_programs.MERGESORT.mergesort(MERGESORT.java:47)
	at java_programs.MERGESORT.mergesort(MERGESORT.java:47)
	at java_programs.MERGESORT.mergesort(MERGESORT.java:47)
	at java_programs.MERGESORT.mergesort(MERGESORT.java:47)
	at java_programs.MERGESORT.mergesort(MERGESORT.java:47)
	at java_programs.MERGESORT.mergesort(MERGESORT.java:47)
	at java_programs.MERGESORT.mergesort(MERGESORT.java:47)
	at java_programs.MERGESORT.mergesort(MERGESORT.java:47)
	at java_programs.MERGESORT.mergesort(MERGESORT.java:47)
	at java_programs.MERGESORT.mergesort(MERGESORT.java:47)
	at java_programs.MERGESORT.mergesort(MERGESORT.java:47)
	at java_programs.MERGESORT.mergesort(MERGESORT.java:47)
	at java_programs.MERGESORT.mergesort(MERGESORT.java:47)
	at java_programs.MERGESORT.mergesort(MERGESORT.java:47)
	at java_programs.MERGESORT.mergesort(MERGESORT.java:47)
	at java_programs.MERGESORT.mergesort(MERGESORT.java:47)
	at java_programs.MERGESORT.mergesort(MERGESORT.java:47)
	at java_programs.MERGESORT.mergesort(MERGESORT.java:47)
	at java_programs.MERGESORT.mergesort(MERGESORT.java:47)
	at java_programs.MERGESORT.mergesort(MERGESORT.java:47)
	at java_programs.MERGESORT.mergesort(MERGESORT.java:47)
	at java_programs.MERGESORT.mergesort(MERGESORT.java:47)
	at java_programs.MERGESORT.mergesort(MERGESORT.java:47)
	at java_programs.MERGESORT.mergesort(MERGESORT.java:47)
	at java_programs.MERGESORT.mergesort(MERGESORT.java:47)
	at java_programs.MERGESORT.mergesort(MERGESORT.java:47)
	at java_programs.MERGESORT.mergesort(MERGESORT.java:47)
	at java_programs.MERGESORT.mergesort(MERGESORT.java:47)
	at java_programs.MERGESORT.mergesort(MERGESORT.java:47)
	at java_programs.MERGESORT.mergesort(MERGESORT.java:47)
	at java_programs.MERGESORT.mergesort(MERGESORT.java:47)
	at java_programs.MERGESORT.mergesort(MERGESORT.java:47)
	at java_programs.MERGESORT.mergesort(MERGESORT.java:47)
	at java_programs.MERGESORT.mergesort(MERGESORT.java:47)
	at java_programs.MERGESORT.mergesort(MERGESORT.java:47)
	at java_programs.MERGESORT.mergesort(MERGESORT.java:47)
	at java_programs.MERGESORT.mergesort(MERGESORT.java:47)
	at java_programs.MERGESORT.mergesort(MERGESORT.java:47)
	at java_programs.MERGESORT.mergesort(MERGESORT.java:47)
	at java_programs.MERGESORT.mergesort(MERGESORT.java:47)
	at java_programs.MERGESORT.mergesort(MERGESORT.java:47)
	at java_programs.MERGESORT.mergesort(MERGESORT.java:47)
	at java_programs.MERGESORT.mergesort(MERGESORT.java:47)
	at java_programs.MERGESORT.mergesort(MERGESORT.java:47)
	at java_programs.MERGESORT.mergesort(MERGESORT.java:47)
	at java_programs.MERGESORT.mergesort(MERGESORT.java:47)
	at java_programs.MERGESORT.mergesort(MERGESORT.java:47)
	at java_programs.MERGESORT.mergesort(MERGESORT.java:47)
	at java_programs.MERGESORT.mergesort(MERGESORT.java:47)
	at java_programs.MERGESORT.mergesort(MERGESORT.java:47)
	at java_programs.MERGESORT.mergesort(MERGESORT.java:47)
	at java_programs.MERGESORT.mergesort(MERGESORT.java:47)
	at java_programs.MERGESORT.mergesort(MERGESORT.java:47)
	at java_programs.MERGESORT.mergesort(MERGESORT.java:47)
	at java_programs.MERGESORT.mergesort(MERGESORT.java:47)
	at java_programs.MERGESORT.mergesort(MERGESORT.java:47)
	at java_programs.MERGESORT.mergesort(MERGESORT.java:47)
	at java_programs.MERGESORT.mergesort(MERGESORT.java:47)
	at java_programs.MERGESORT.mergesort(MERGESORT.java:47)
	at java_programs.MERGESORT.mergesort(MERGESORT.java:47)
	at java_programs.MERGESORT.mergesort(MERGESORT.java:47)
	at java_programs.MERGESORT.mergesort(MERGESORT.java:47)
</failure>
  </testcase>
  <testcase name="test_1" classname="java_testcases.junit.MERGESORT_TEST" time="0.009">
    <failure message="java.lang.StackOverflowError" type="java.lang.StackOverflowError">java.lang.StackOverflowError
	at java.util.ArrayList.subList(ArrayList.java:1006)
	at java_programs.MERGESORT.mergesort(MERGESORT.java:43)
	at java_programs.MERGESORT.mergesort(MERGESORT.java:47)
	at java_programs.MERGESORT.mergesort(MERGESORT.java:47)
	at java_programs.MERGESORT.mergesort(MERGESORT.java:47)
	at java_programs.MERGESORT.mergesort(MERGESORT.java:47)
	at java_programs.MERGESORT.mergesort(MERGESORT.java:47)
	at java_programs.MERGESORT.mergesort(MERGESORT.java:47)
	at java_programs.MERGESORT.mergesort(MERGESORT.java:47)
	at java_programs.MERGESORT.mergesort(MERGESORT.java:47)
	at java_programs.MERGESORT.mergesort(MERGESORT.java:47)
	at java_programs.MERGESORT.mergesort(MERGESORT.java:47)
	at java_programs.MERGESORT.mergesort(MERGESORT.java:47)
	at java_programs.MERGESORT.mergesort(MERGESORT.java:47)
	at java_programs.MERGESORT.mergesort(MERGESORT.java:47)
	at java_programs.MERGESORT.mergesort(MERGESORT.java:47)
	at java_programs.MERGESORT.mergesort(MERGESORT.java:47)
	at java_programs.MERGESORT.mergesort(MERGESORT.java:47)
	at java_programs.MERGESORT.mergesort(MERGESORT.java:47)
	at java_programs.MERGESORT.mergesort(MERGESORT.java:47)
	at java_programs.MERGESORT.mergesort(MERGESORT.java:47)
	at java_programs.MERGESORT.mergesort(MERGESORT.java:47)
	at java_programs.MERGESORT.mergesort(MERGESORT.java:47)
	at java_programs.MERGESORT.mergesort(MERGESORT.java:47)
	at java_programs.MERGESORT.mergesort(MERGESORT.java:47)
	at java_programs.MERGESORT.mergesort(MERGESORT.java:47)
	at java_programs.MERGESORT.mergesort(MERGESORT.java:47)
	at java_programs.MERGESORT.mergesort(MERGESORT.java:47)
	at java_programs.MERGESORT.mergesort(MERGESORT.java:47)
	at java_programs.MERGESORT.mergesort(MERGESORT.java:47)
	at java_programs.MERGESORT.mergesort(MERGESORT.java:47)
	at java_programs.MERGESORT.mergesort(MERGESORT.java:47)
	at java_programs.MERGESORT.mergesort(MERGESORT.java:47)
	at java_programs.MERGESORT.mergesort(MERGESORT.java:47)
	at java_programs.MERGESORT.mergesort(MERGESORT.java:47)
	at java_programs.MERGESORT.mergesort(MERGESORT.java:47)
	at java_programs.MERGESORT.mergesort(MERGESORT.java:47)
	at java_programs.MERGESORT.mergesort(MERGESORT.java:47)
	at java_programs.MERGESORT.mergesort(MERGESORT.java:47)
	at java_programs.MERGESORT.mergesort(MERGESORT.java:47)
	at java_programs.MERGESORT.mergesort(MERGESORT.java:47)
	at java_programs.MERGESORT.mergesort(MERGESORT.java:47)
	at java_programs.MERGESORT.mergesort(MERGESORT.java:47)
	at java_programs.MERGESORT.mergesort(MERGESORT.java:47)
	at java_programs.MERGESORT.mergesort(MERGESORT.java:47)
	at java_programs.MERGESORT.mergesort(MERGESORT.java:47)
	at java_programs.MERGESORT.mergesort(MERGESORT.java:47)
	at java_programs.MERGESORT.mergesort(MERGESORT.java:47)
	at java_programs.MERGESORT.mergesort(MERGESORT.java:47)
	at java_programs.MERGESORT.mergesort(MERGESORT.java:47)
	at java_programs.MERGESORT.mergesort(MERGESORT.java:47)
	at java_programs.MERGESORT.mergesort(MERGESORT.java:47)
	at java_programs.MERGESORT.mergesort(MERGESORT.java:47)
	at java_programs.MERGESORT.mergesort(MERGESORT.java:47)
	at java_programs.MERGESORT.mergesort(MERGESORT.java:47)
	at java_programs.MERGESORT.mergesort(MERGESORT.java:47)
	at java_programs.MERGESORT.mergesort(MERGESORT.java:47)
	at java_programs.MERGESORT.mergesort(MERGESORT.java:47)
	at java_programs.MERGESORT.mergesort(MERGESORT.java:47)
	at java_programs.MERGESORT.mergesort(MERGESORT.java:47)
	at java_programs.MERGESORT.mergesort(MERGESORT.java:47)
	at java_programs.MERGESORT.mergesort(MERGESORT.java:47)
	at java_programs.MERGESORT.mergesort(MERGESORT.java:47)
	at java_programs.MERGESORT.mergesort(MERGESORT.java:47)
	at java_programs.MERGESORT.mergesort(MERGESORT.java:47)
	at java_programs.MERGESORT.mergesort(MERGESORT.java:47)
	at java_programs.MERGESORT.mergesort(MERGESORT.java:47)
	at java_programs.MERGESORT.mergesort(MERGESORT.java:47)
	at java_programs.MERGESORT.mergesort(MERGESORT.java:47)
	at java_programs.MERGESORT.mergesort(MERGESORT.java:47)
	at java_programs.MERGESORT.mergesort(MERGESORT.java:47)
	at java_programs.MERGESORT.mergesort(MERGESORT.java:47)
	at java_programs.MERGESORT.mergesort(MERGESORT.java:47)
	at java_programs.MERGESORT.mergesort(MERGESORT.java:47)
	at java_programs.MERGESORT.mergesort(MERGESORT.java:47)
	at java_programs.MERGESORT.mergesort(MERGESORT.java:47)
	at java_programs.MERGESORT.mergesort(MERGESORT.java:47)
	at java_programs.MERGESORT.mergesort(MERGESORT.java:47)
	at java_programs.MERGESORT.mergesort(MERGESORT.java:47)
	at java_programs.MERGESORT.mergesort(MERGESORT.java:47)
	at java_programs.MERGESORT.mergesort(MERGESORT.java:47)
	at java_programs.MERGESORT.mergesort(MERGESORT.java:47)
	at java_programs.MERGESORT.mergesort(MERGESORT.java:47)
	at java_programs.MERGESORT.mergesort(MERGESORT.java:47)
	at java_programs.MERGESORT.mergesort(MERGESORT.java:47)
	at java_programs.MERGESORT.mergesort(MERGESORT.java:47)
	at java_programs.MERGESORT.mergesort(MERGESORT.java:47)
	at java_programs.MERGESORT.mergesort(MERGESORT.java:47)
	at java_programs.MERGESORT.mergesort(MERGESORT.java:47)
	at java_programs.MERGESORT.mergesort(MERGESORT.java:47)
	at java_programs.MERGESORT.mergesort(MERGESORT.java:47)
	at java_programs.MERGESORT.mergesort(MERGESORT.java:47)
	at java_programs.MERGESORT.mergesort(MERGESORT.java:47)
	at java_programs.MERGESORT.mergesort(MERGESORT.java:47)
	at java_programs.MERGESORT.mergesort(MERGESORT.java:47)
	at java_programs.MERGESORT.mergesort(MERGESORT.java:47)
	at java_programs.MERGESORT.mergesort(MERGESORT.java:47)
	at java_programs.MERGESORT.mergesort(MERGESORT.java:47)
	at java_programs.MERGESORT.mergesort(MERGESORT.java:47)
	at java_programs.MERGESORT.mergesort(MERGESORT.java:47)
	at java_programs.MERGESORT.mergesort(MERGESORT.java:47)
	at java_programs.MERGESORT.mergesort(MERGESORT.java:47)
	at java_programs.MERGESORT.mergesort(MERGESORT.java:47)
	at java_programs.MERGESORT.mergesort(MERGESORT.java:47)
	at java_programs.MERGESORT.mergesort(MERGESORT.java:47)
	at java_programs.MERGESORT.mergesort(MERGESORT.java:47)
	at java_programs.MERGESORT.mergesort(MERGESORT.java:47)
	at java_programs.MERGESORT.mergesort(MERGESORT.java:47)
	at java_programs.MERGESORT.mergesort(MERGESORT.java:47)
	at java_programs.MERGESORT.mergesort(MERGESORT.java:47)
	at java_programs.MERGESORT.mergesort(MERGESORT.java:47)
	at java_programs.MERGESORT.mergesort(MERGESORT.java:47)
	at java_programs.MERGESORT.mergesort(MERGESORT.java:47)
	at java_programs.MERGESORT.mergesort(MERGESORT.java:47)
	at java_programs.MERGESORT.mergesort(MERGESORT.java:47)
	at java_programs.MERGESORT.mergesort(MERGESORT.java:47)
	at java_programs.MERGESORT.mergesort(MERGESORT.java:47)
	at java_programs.MERGESORT.mergesort(MERGESORT.java:47)
	at java_programs.MERGESORT.mergesort(MERGESORT.java:47)
	at java_programs.MERGESORT.mergesort(MERGESORT.java:47)
	at java_programs.MERGESORT.mergesort(MERGESORT.java:47)
	at java_programs.MERGESORT.mergesort(MERGESORT.java:47)
	at java_programs.MERGESORT.mergesort(MERGESORT.java:47)
	at java_programs.MERGESORT.mergesort(MERGESORT.java:47)
	at java_programs.MERGESORT.mergesort(MERGESORT.java:47)
	at java_programs.MERGESORT.mergesort(MERGESORT.java:47)
	at java_programs.MERGESORT.mergesort(MERGESORT.java:47)
	at java_programs.MERGESORT.mergesort(MERGESORT.java:47)
	at java_programs.MERGESORT.mergesort(MERGESORT.java:47)
	at java_programs.MERGESORT.mergesort(MERGESORT.java:47)
	at java_programs.MERGESORT.mergesort(MERGESORT.java:47)
	at java_programs.MERGESORT.mergesort(MERGESORT.java:47)
	at java_programs.MERGESORT.mergesort(MERGESORT.java:47)
	at java_programs.MERGESORT.mergesort(MERGESORT.java:47)
	at java_programs.MERGESORT.mergesort(MERGESORT.java:47)
	at java_programs.MERGESORT.mergesort(MERGESORT.java:47)
	at java_programs.MERGESORT.mergesort(MERGESORT.java:47)
	at java_programs.MERGESORT.mergesort(MERGESORT.java:47)
	at java_programs.MERGESORT.mergesort(MERGESORT.java:47)
	at java_programs.MERGESORT.mergesort(MERGESORT.java:47)
	at java_programs.MERGESORT.mergesort(MERGESORT.java:47)
	at java_programs.MERGESORT.mergesort(MERGESORT.java:47)
	at java_programs.MERGESORT.mergesort(MERGESORT.java:47)
	at java_programs.MERGESORT.mergesort(MERGESORT.java:47)
	at java_programs.MERGESORT.mergesort(MERGESORT.java:47)
	at java_programs.MERGESORT.mergesort(MERGESORT.java:47)
	at java_programs.MERGESORT.mergesort(MERGESORT.java:47)
	at java_programs.MERGESORT.mergesort(MERGESORT.java:47)
	at java_programs.MERGESORT.mergesort(MERGESORT.java:47)
	at java_programs.MERGESORT.mergesort(MERGESORT.java:47)
	at java_programs.MERGESORT.mergesort(MERGESORT.java:47)
	at java_programs.MERGESORT.mergesort(MERGESORT.java:47)
	at java_programs.MERGESORT.mergesort(MERGESORT.java:47)
	at java_programs.MERGESORT.mergesort(MERGESORT.java:47)
	at java_programs.MERGESORT.mergesort(MERGESORT.java:47)
	at java_programs.MERGESORT.mergesort(MERGESORT.java:47)
	at java_programs.MERGESORT.mergesort(MERGESORT.java:47)
	at java_programs.MERGESORT.mergesort(MERGESORT.java:47)
	at java_programs.MERGESORT.mergesort(MERGESORT.java:47)
	at java_programs.MERGESORT.mergesort(MERGESORT.java:47)
	at java_programs.MERGESORT.mergesort(MERGESORT.java:47)
	at java_programs.MERGESORT.mergesort(MERGESORT.java:47)
	at java_programs.MERGESORT.mergesort(MERGESORT.java:47)
	at java_programs.MERGESORT.mergesort(MERGESORT.java:47)
	at java_programs.MERGESORT.mergesort(MERGESORT.java:47)
	at java_programs.MERGESORT.mergesort(MERGESORT.java:47)
	at java_programs.MERGESORT.mergesort(MERGESORT.java:47)
	at java_programs.MERGESORT.mergesort(MERGESORT.java:47)
	at java_programs.MERGESORT.mergesort(MERGESORT.java:47)
	at java_programs.MERGESORT.mergesort(MERGESORT.java:47)
	at java_programs.MERGESORT.mergesort(MERGESORT.java:47)
	at java_programs.MERGESORT.mergesort(MERGESORT.java:47)
	at java_programs.MERGESORT.mergesort(MERGESORT.java:47)
	at java_programs.MERGESORT.mergesort(MERGESORT.java:47)
	at java_programs.MERGESORT.mergesort(MERGESORT.java:47)
	at java_programs.MERGESORT.mergesort(MERGESORT.java:47)
	at java_programs.MERGESORT.mergesort(MERGESORT.java:47)
	at java_programs.MERGESORT.mergesort(MERGESORT.java:47)
	at java_programs.MERGESORT.mergesort(MERGESORT.java:47)
	at java_programs.MERGESORT.mergesort(MERGESORT.java:47)
	at java_programs.MERGESORT.mergesort(MERGESORT.java:47)
	at java_programs.MERGESORT.mergesort(MERGESORT.java:47)
	at java_programs.MERGESORT.mergesort(MERGESORT.java:47)
	at java_programs.MERGESORT.mergesort(MERGESORT.java:47)
	at java_programs.MERGESORT.mergesort(MERGESORT.java:47)
	at java_programs.MERGESORT.mergesort(MERGESORT.java:47)
	at java_programs.MERGESORT.mergesort(MERGESORT.java:47)
	at java_programs.MERGESORT.mergesort(MERGESORT.java:47)
	at java_programs.MERGESORT.mergesort(MERGESORT.java:47)
	at java_programs.MERGESORT.mergesort(MERGESORT.java:47)
	at java_programs.MERGESORT.mergesort(MERGESORT.java:47)
	at java_programs.MERGESORT.mergesort(MERGESORT.java:47)
	at java_programs.MERGESORT.mergesort(MERGESORT.java:47)
	at java_programs.MERGESORT.mergesort(MERGESORT.java:47)
	at java_programs.MERGESORT.mergesort(MERGESORT.java:47)
	at java_programs.MERGESORT.mergesort(MERGESORT.java:47)
	at java_programs.MERGESORT.mergesort(MERGESORT.java:47)
	at java_programs.MERGESORT.mergesort(MERGESORT.java:47)
	at java_programs.MERGESORT.mergesort(MERGESORT.java:47)
	at java_programs.MERGESORT.mergesort(MERGESORT.java:47)
	at java_programs.MERGESORT.mergesort(MERGESORT.java:47)
	at java_programs.MERGESORT.mergesort(MERGESORT.java:47)
	at java_programs.MERGESORT.mergesort(MERGESORT.java:47)
	at java_programs.MERGESORT.mergesort(MERGESORT.java:47)
	at java_programs.MERGESORT.mergesort(MERGESORT.java:47)
	at java_programs.MERGESORT.mergesort(MERGESORT.java:47)
	at java_programs.MERGESORT.mergesort(MERGESORT.java:47)
	at java_programs.MERGESORT.mergesort(MERGESORT.java:47)
	at java_programs.MERGESORT.mergesort(MERGESORT.java:47)
	at java_programs.MERGESORT.mergesort(MERGESORT.java:47)
	at java_programs.MERGESORT.mergesort(MERGESORT.java:47)
	at java_programs.MERGESORT.mergesort(MERGESORT.java:47)
	at java_programs.MERGESORT.mergesort(MERGESORT.java:47)
	at java_programs.MERGESORT.mergesort(MERGESORT.java:47)
	at java_programs.MERGESORT.mergesort(MERGESORT.java:47)
	at java_programs.MERGESORT.mergesort(MERGESORT.java:47)
	at java_programs.MERGESORT.mergesort(MERGESORT.java:47)
	at java_programs.MERGESORT.mergesort(MERGESORT.java:47)
	at java_programs.MERGESORT.mergesort(MERGESORT.java:47)
	at java_programs.MERGESORT.mergesort(MERGESORT.java:47)
	at java_programs.MERGESORT.mergesort(MERGESORT.java:47)
	at java_programs.MERGESORT.mergesort(MERGESORT.java:47)
	at java_programs.MERGESORT.mergesort(MERGESORT.java:47)
	at java_programs.MERGESORT.mergesort(MERGESORT.java:47)
	at java_programs.MERGESORT.mergesort(MERGESORT.java:47)
	at java_programs.MERGESORT.mergesort(MERGESORT.java:47)
	at java_programs.MERGESORT.mergesort(MERGESORT.java:47)
	at java_programs.MERGESORT.mergesort(MERGESORT.java:47)
	at java_programs.MERGESORT.mergesort(MERGESORT.java:47)
	at java_programs.MERGESORT.mergesort(MERGESORT.java:47)
	at java_programs.MERGESORT.mergesort(MERGESORT.java:47)
	at java_programs.MERGESORT.mergesort(MERGESORT.java:47)
	at java_programs.MERGESORT.mergesort(MERGESORT.java:47)
	at java_programs.MERGESORT.mergesort(MERGESORT.java:47)
	at java_programs.MERGESORT.mergesort(MERGESORT.java:47)
	at java_programs.MERGESORT.mergesort(MERGESORT.java:47)
	at java_programs.MERGESORT.mergesort(MERGESORT.java:47)
	at java_programs.MERGESORT.mergesort(MERGESORT.java:47)
	at java_programs.MERGESORT.mergesort(MERGESORT.java:47)
	at java_programs.MERGESORT.mergesort(MERGESORT.java:47)
	at java_programs.MERGESORT.mergesort(MERGESORT.java:47)
	at java_programs.MERGESORT.mergesort(MERGESORT.java:47)
	at java_programs.MERGESORT.mergesort(MERGESORT.java:47)
	at java_programs.MERGESORT.mergesort(MERGESORT.java:47)
	at java_programs.MERGESORT.mergesort(MERGESORT.java:47)
	at java_programs.MERGESORT.mergesort(MERGESORT.java:47)
	at java_programs.MERGESORT.mergesort(MERGESORT.java:47)
	at java_programs.MERGESORT.mergesort(MERGESORT.java:47)
	at java_programs.MERGESORT.mergesort(MERGESORT.java:47)
	at java_programs.MERGESORT.mergesort(MERGESORT.java:47)
	at java_programs.MERGESORT.mergesort(MERGESORT.java:47)
	at java_programs.MERGESORT.mergesort(MERGESORT.java:47)
	at java_programs.MERGESORT.mergesort(MERGESORT.java:47)
	at java_programs.MERGESORT.mergesort(MERGESORT.java:47)
	at java_programs.MERGESORT.mergesort(MERGESORT.java:47)
	at java_programs.MERGESORT.mergesort(MERGESORT.java:47)
	at java_programs.MERGESORT.mergesort(MERGESORT.java:47)
	at java_programs.MERGESORT.mergesort(MERGESORT.java:47)
	at java_programs.MERGESORT.mergesort(MERGESORT.java:47)
	at java_programs.MERGESORT.mergesort(MERGESORT.java:47)
	at java_programs.MERGESORT.mergesort(MERGESORT.java:47)
	at java_programs.MERGESORT.mergesort(MERGESORT.java:47)
	at java_programs.MERGESORT.mergesort(MERGESORT.java:47)
	at java_programs.MERGESORT.mergesort(MERGESORT.java:47)
	at java_programs.MERGESORT.mergesort(MERGESORT.java:47)
	at java_programs.MERGESORT.mergesort(MERGESORT.java:47)
	at java_programs.MERGESORT.mergesort(MERGESORT.java:47)
	at java_programs.MERGESORT.mergesort(MERGESORT.java:47)
	at java_programs.MERGESORT.mergesort(MERGESORT.java:47)
	at java_programs.MERGESORT.mergesort(MERGESORT.java:47)
	at java_programs.MERGESORT.mergesort(MERGESORT.java:47)
	at java_programs.MERGESORT.mergesort(MERGESORT.java:47)
	at java_programs.MERGESORT.mergesort(MERGESORT.java:47)
	at java_programs.MERGESORT.mergesort(MERGESORT.java:47)
	at java_programs.MERGESORT.mergesort(MERGESORT.java:47)
	at java_programs.MERGESORT.mergesort(MERGESORT.java:47)
	at java_programs.MERGESORT.mergesort(MERGESORT.java:47)
	at java_programs.MERGESORT.mergesort(MERGESORT.java:47)
	at java_programs.MERGESORT.mergesort(MERGESORT.java:47)
	at java_programs.MERGESORT.mergesort(MERGESORT.java:47)
	at java_programs.MERGESORT.mergesort(MERGESORT.java:47)
	at java_programs.MERGESORT.mergesort(MERGESORT.java:47)
	at java_programs.MERGESORT.mergesort(MERGESORT.java:47)
	at java_programs.MERGESORT.mergesort(MERGESORT.java:47)
	at java_programs.MERGESORT.mergesort(MERGESORT.java:47)
	at java_programs.MERGESORT.mergesort(MERGESORT.java:47)
	at java_programs.MERGESORT.mergesort(MERGESORT.java:47)
	at java_programs.MERGESORT.mergesort(MERGESORT.java:47)
	at java_programs.MERGESORT.mergesort(MERGESORT.java:47)
	at java_programs.MERGESORT.mergesort(MERGESORT.java:47)
	at java_programs.MERGESORT.mergesort(MERGESORT.java:47)
	at java_programs.MERGESORT.mergesort(MERGESORT.java:47)
	at java_programs.MERGESORT.mergesort(MERGESORT.java:47)
	at java_programs.MERGESORT.mergesort(MERGESORT.java:47)
	at java_programs.MERGESORT.mergesort(MERGESORT.java:47)
	at java_programs.MERGESORT.mergesort(MERGESORT.java:47)
	at java_programs.MERGESORT.mergesort(MERGESORT.java:47)
	at java_programs.MERGESORT.mergesort(MERGESORT.java:47)
	at java_programs.MERGESORT.mergesort(MERGESORT.java:47)
	at java_programs.MERGESORT.mergesort(MERGESORT.java:47)
	at java_programs.MERGESORT.mergesort(MERGESORT.java:47)
	at java_programs.MERGESORT.mergesort(MERGESORT.java:47)
	at java_programs.MERGESORT.mergesort(MERGESORT.java:47)
	at java_programs.MERGESORT.mergesort(MERGESORT.java:47)
	at java_programs.MERGESORT.mergesort(MERGESORT.java:47)
	at java_programs.MERGESORT.mergesort(MERGESORT.java:47)
	at java_programs.MERGESORT.mergesort(MERGESORT.java:47)
	at java_programs.MERGESORT.mergesort(MERGESORT.java:47)
	at java_programs.MERGESORT.mergesort(MERGESORT.java:47)
	at java_programs.MERGESORT.mergesort(MERGESORT.java:47)
	at java_programs.MERGESORT.mergesort(MERGESORT.java:47)
	at java_programs.MERGESORT.mergesort(MERGESORT.java:47)
	at java_programs.MERGESORT.mergesort(MERGESORT.java:47)
	at java_programs.MERGESORT.mergesort(MERGESORT.java:47)
	at java_programs.MERGESORT.mergesort(MERGESORT.java:47)
	at java_programs.MERGESORT.mergesort(MERGESORT.java:47)
	at java_programs.MERGESORT.mergesort(MERGESORT.java:47)
	at java_programs.MERGESORT.mergesort(MERGESORT.java:47)
	at java_programs.MERGESORT.mergesort(MERGESORT.java:47)
	at java_programs.MERGESORT.mergesort(MERGESORT.java:47)
	at java_programs.MERGESORT.mergesort(MERGESORT.java:47)
	at java_programs.MERGESORT.mergesort(MERGESORT.java:47)
	at java_programs.MERGESORT.mergesort(MERGESORT.java:47)
	at java_programs.MERGESORT.mergesort(MERGESORT.java:47)
	at java_programs.MERGESORT.mergesort(MERGESORT.java:47)
	at java_programs.MERGESORT.mergesort(MERGESORT.java:47)
	at java_programs.MERGESORT.mergesort(MERGESORT.java:47)
	at java_programs.MERGESORT.mergesort(MERGESORT.java:47)
	at java_programs.MERGESORT.mergesort(MERGESORT.java:47)
	at java_programs.MERGESORT.mergesort(MERGESORT.java:47)
	at java_programs.MERGESORT.mergesort(MERGESORT.java:47)
	at java_programs.MERGESORT.mergesort(MERGESORT.java:47)
	at java_programs.MERGESORT.mergesort(MERGESORT.java:47)
	at java_programs.MERGESORT.mergesort(MERGESORT.java:47)
	at java_programs.MERGESORT.mergesort(MERGESORT.java:47)
	at java_programs.MERGESORT.mergesort(MERGESORT.java:47)
	at java_programs.MERGESORT.mergesort(MERGESORT.java:47)
	at java_programs.MERGESORT.mergesort(MERGESORT.java:47)
	at java_programs.MERGESORT.mergesort(MERGESORT.java:47)
	at java_programs.MERGESORT.mergesort(MERGESORT.java:47)
	at java_programs.MERGESORT.mergesort(MERGESORT.java:47)
	at java_programs.MERGESORT.mergesort(MERGESORT.java:47)
	at java_programs.MERGESORT.mergesort(MERGESORT.java:47)
	at java_programs.MERGESORT.mergesort(MERGESORT.java:47)
	at java_programs.MERGESORT.mergesort(MERGESORT.java:47)
	at java_programs.MERGESORT.mergesort(MERGESORT.java:47)
	at java_programs.MERGESORT.mergesort(MERGESORT.java:47)
	at java_programs.MERGESORT.mergesort(MERGESORT.java:47)
	at java_programs.MERGESORT.mergesort(MERGESORT.java:47)
	at java_programs.MERGESORT.mergesort(MERGESORT.java:47)
	at java_programs.MERGESORT.mergesort(MERGESORT.java:47)
	at java_programs.MERGESORT.mergesort(MERGESORT.java:47)
	at java_programs.MERGESORT.mergesort(MERGESORT.java:47)
	at java_programs.MERGESORT.mergesort(MERGESORT.java:47)
	at java_programs.MERGESORT.mergesort(MERGESORT.java:47)
	at java_programs.MERGESORT.mergesort(MERGESORT.java:47)
	at java_programs.MERGESORT.mergesort(MERGESORT.java:47)
	at java_programs.MERGESORT.mergesort(MERGESORT.java:47)
	at java_programs.MERGESORT.mergesort(MERGESORT.java:47)
	at java_programs.MERGESORT.mergesort(MERGESORT.java:47)
	at java_programs.MERGESORT.mergesort(MERGESORT.java:47)
	at java_programs.MERGESORT.mergesort(MERGESORT.java:47)
	at java_programs.MERGESORT.mergesort(MERGESORT.java:47)
	at java_programs.MERGESORT.mergesort(MERGESORT.java:47)
	at java_programs.MERGESORT.mergesort(MERGESORT.java:47)
	at java_programs.MERGESORT.mergesort(MERGESORT.java:47)
	at java_programs.MERGESORT.mergesort(MERGESORT.java:47)
	at java_programs.MERGESORT.mergesort(MERGESORT.java:47)
	at java_programs.MERGESORT.mergesort(MERGESORT.java:47)
	at java_programs.MERGESORT.mergesort(MERGESORT.java:47)
	at java_programs.MERGESORT.mergesort(MERGESORT.java:47)
	at java_programs.MERGESORT.mergesort(MERGESORT.java:47)
	at java_programs.MERGESORT.mergesort(MERGESORT.java:47)
	at java_programs.MERGESORT.mergesort(MERGESORT.java:47)
	at java_programs.MERGESORT.mergesort(MERGESORT.java:47)
	at java_programs.MERGESORT.mergesort(MERGESORT.java:47)
	at java_programs.MERGESORT.mergesort(MERGESORT.java:47)
	at java_programs.MERGESORT.mergesort(MERGESORT.java:47)
	at java_programs.MERGESORT.mergesort(MERGESORT.java:47)
	at java_programs.MERGESORT.mergesort(MERGESORT.java:47)
	at java_programs.MERGESORT.mergesort(MERGESORT.java:47)
	at java_programs.MERGESORT.mergesort(MERGESORT.java:47)
	at java_programs.MERGESORT.mergesort(MERGESORT.java:47)
	at java_programs.MERGESORT.mergesort(MERGESORT.java:47)
	at java_programs.MERGESORT.mergesort(MERGESORT.java:47)
	at java_programs.MERGESORT.mergesort(MERGESORT.java:47)
	at java_programs.MERGESORT.mergesort(MERGESORT.java:47)
	at java_programs.MERGESORT.mergesort(MERGESORT.java:47)
	at java_programs.MERGESORT.mergesort(MERGESORT.java:47)
	at java_programs.MERGESORT.mergesort(MERGESORT.java:47)
	at java_programs.MERGESORT.mergesort(MERGESORT.java:47)
	at java_programs.MERGESORT.mergesort(MERGESORT.java:47)
	at java_programs.MERGESORT.mergesort(MERGESORT.java:47)
	at java_programs.MERGESORT.mergesort(MERGESORT.java:47)
	at java_programs.MERGESORT.mergesort(MERGESORT.java:47)
	at java_programs.MERGESORT.mergesort(MERGESORT.java:47)
	at java_programs.MERGESORT.mergesort(MERGESORT.java:47)
	at java_programs.MERGESORT.mergesort(MERGESORT.java:47)
	at java_programs.MERGESORT.mergesort(MERGESORT.java:47)
	at java_programs.MERGESORT.mergesort(MERGESORT.java:47)
	at java_programs.MERGESORT.mergesort(MERGESORT.java:47)
	at java_programs.MERGESORT.mergesort(MERGESORT.java:47)
	at java_programs.MERGESORT.mergesort(MERGESORT.java:47)
	at java_programs.MERGESORT.mergesort(MERGESORT.java:47)
	at java_programs.MERGESORT.mergesort(MERGESORT.java:47)
	at java_programs.MERGESORT.mergesort(MERGESORT.java:47)
	at java_programs.MERGESORT.mergesort(MERGESORT.java:47)
	at java_programs.MERGESORT.mergesort(MERGESORT.java:47)
	at java_programs.MERGESORT.mergesort(MERGESORT.java:47)
	at java_programs.MERGESORT.mergesort(MERGESORT.java:47)
	at java_programs.MERGESORT.mergesort(MERGESORT.java:47)
	at java_programs.MERGESORT.mergesort(MERGESORT.java:47)
	at java_programs.MERGESORT.mergesort(MERGESORT.java:47)
	at java_programs.MERGESORT.mergesort(MERGESORT.java:47)
	at java_programs.MERGESORT.mergesort(MERGESORT.java:47)
	at java_programs.MERGESORT.mergesort(MERGESORT.java:47)
	at java_programs.MERGESORT.mergesort(MERGESORT.java:47)
	at java_programs.MERGESORT.mergesort(MERGESORT.java:47)
	at java_programs.MERGESORT.mergesort(MERGESORT.java:47)
	at java_programs.MERGESORT.mergesort(MERGESORT.java:47)
	at java_programs.MERGESORT.mergesort(MERGESORT.java:47)
	at java_programs.MERGESORT.mergesort(MERGESORT.java:47)
	at java_programs.MERGESORT.mergesort(MERGESORT.java:47)
	at java_programs.MERGESORT.mergesort(MERGESORT.java:47)
	at java_programs.MERGESORT.mergesort(MERGESORT.java:47)
	at java_programs.MERGESORT.mergesort(MERGESORT.java:47)
	at java_programs.MERGESORT.mergesort(MERGESORT.java:47)
	at java_programs.MERGESORT.mergesort(MERGESORT.java:47)
	at java_programs.MERGESORT.mergesort(MERGESORT.java:47)
	at java_programs.MERGESORT.mergesort(MERGESORT.java:47)
	at java_programs.MERGESORT.mergesort(MERGESORT.java:47)
	at java_programs.MERGESORT.mergesort(MERGESORT.java:47)
	at java_programs.MERGESORT.mergesort(MERGESORT.java:47)
	at java_programs.MERGESORT.mergesort(MERGESORT.java:47)
	at java_programs.MERGESORT.mergesort(MERGESORT.java:47)
	at java_programs.MERGESORT.mergesort(MERGESORT.java:47)
	at java_programs.MERGESORT.mergesort(MERGESORT.java:47)
	at java_programs.MERGESORT.mergesort(MERGESORT.java:47)
	at java_programs.MERGESORT.mergesort(MERGESORT.java:47)
	at java_programs.MERGESORT.mergesort(MERGESORT.java:47)
	at java_programs.MERGESORT.mergesort(MERGESORT.java:47)
	at java_programs.MERGESORT.mergesort(MERGESORT.java:47)
	at java_programs.MERGESORT.mergesort(MERGESORT.java:47)
	at java_programs.MERGESORT.mergesort(MERGESORT.java:47)
	at java_programs.MERGESORT.mergesort(MERGESORT.java:47)
	at java_programs.MERGESORT.mergesort(MERGESORT.java:47)
	at java_programs.MERGESORT.mergesort(MERGESORT.java:47)
	at java_programs.MERGESORT.mergesort(MERGESORT.java:47)
	at java_programs.MERGESORT.mergesort(MERGESORT.java:47)
	at java_programs.MERGESORT.mergesort(MERGESORT.java:47)
	at java_programs.MERGESORT.mergesort(MERGESORT.java:47)
	at java_programs.MERGESORT.mergesort(MERGESORT.java:47)
	at java_programs.MERGESORT.mergesort(MERGESORT.java:47)
	at java_programs.MERGESORT.mergesort(MERGESORT.java:47)
	at java_programs.MERGESORT.mergesort(MERGESORT.java:47)
	at java_programs.MERGESORT.mergesort(MERGESORT.java:47)
	at java_programs.MERGESORT.mergesort(MERGESORT.java:47)
	at java_programs.MERGESORT.mergesort(MERGESORT.java:47)
	at java_programs.MERGESORT.mergesort(MERGESORT.java:47)
	at java_programs.MERGESORT.mergesort(MERGESORT.java:47)
	at java_programs.MERGESORT.mergesort(MERGESORT.java:47)
	at java_programs.MERGESORT.mergesort(MERGESORT.java:47)
	at java_programs.MERGESORT.mergesort(MERGESORT.java:47)
	at java_programs.MERGESORT.mergesort(MERGESORT.java:47)
	at java_programs.MERGESORT.mergesort(MERGESORT.java:47)
	at java_programs.MERGESORT.mergesort(MERGESORT.java:47)
	at java_programs.MERGESORT.mergesort(MERGESORT.java:47)
	at java_programs.MERGESORT.mergesort(MERGESORT.java:47)
	at java_programs.MERGESORT.mergesort(MERGESORT.java:47)
	at java_programs.MERGESORT.mergesort(MERGESORT.java:47)
	at java_programs.MERGESORT.mergesort(MERGESORT.java:47)
	at java_programs.MERGESORT.mergesort(MERGESORT.java:47)
	at java_programs.MERGESORT.mergesort(MERGESORT.java:47)
	at java_programs.MERGESORT.mergesort(MERGESORT.java:47)
	at java_programs.MERGESORT.mergesort(MERGESORT.java:47)
	at java_programs.MERGESORT.mergesort(MERGESORT.java:47)
	at java_programs.MERGESORT.mergesort(MERGESORT.java:47)
	at java_programs.MERGESORT.mergesort(MERGESORT.java:47)
	at java_programs.MERGESORT.mergesort(MERGESORT.java:47)
	at java_programs.MERGESORT.mergesort(MERGESORT.java:47)
	at java_programs.MERGESORT.mergesort(MERGESORT.java:47)
	at java_programs.MERGESORT.mergesort(MERGESORT.java:47)
	at java_programs.MERGESORT.mergesort(MERGESORT.java:47)
	at java_programs.MERGESORT.mergesort(MERGESORT.java:47)
	at java_programs.MERGESORT.mergesort(MERGESORT.java:47)
	at java_programs.MERGESORT.mergesort(MERGESORT.java:47)
	at java_programs.MERGESORT.mergesort(MERGESORT.java:47)
	at java_programs.MERGESORT.mergesort(MERGESORT.java:47)
	at java_programs.MERGESORT.mergesort(MERGESORT.java:47)
	at java_programs.MERGESORT.mergesort(MERGESORT.java:47)
	at java_programs.MERGESORT.mergesort(MERGESORT.java:47)
	at java_programs.MERGESORT.mergesort(MERGESORT.java:47)
	at java_programs.MERGESORT.mergesort(MERGESORT.java:47)
	at java_programs.MERGESORT.mergesort(MERGESORT.java:47)
	at java_programs.MERGESORT.mergesort(MERGESORT.java:47)
	at java_programs.MERGESORT.mergesort(MERGESORT.java:47)
	at java_programs.MERGESORT.mergesort(MERGESORT.java:47)
	at java_programs.MERGESORT.mergesort(MERGESORT.java:47)
	at java_programs.MERGESORT.mergesort(MERGESORT.java:47)
	at java_programs.MERGESORT.mergesort(MERGESORT.java:47)
	at java_programs.MERGESORT.mergesort(MERGESORT.java:47)
	at java_programs.MERGESORT.mergesort(MERGESORT.java:47)
	at java_programs.MERGESORT.mergesort(MERGESORT.java:47)
	at java_programs.MERGESORT.mergesort(MERGESORT.java:47)
	at java_programs.MERGESORT.mergesort(MERGESORT.java:47)
	at java_programs.MERGESORT.mergesort(MERGESORT.java:47)
	at java_programs.MERGESORT.mergesort(MERGESORT.java:47)
	at java_programs.MERGESORT.mergesort(MERGESORT.java:47)
	at java_programs.MERGESORT.mergesort(MERGESORT.java:47)
	at java_programs.MERGESORT.mergesort(MERGESORT.java:47)
	at java_programs.MERGESORT.mergesort(MERGESORT.java:47)
	at java_programs.MERGESORT.mergesort(MERGESORT.java:47)
	at java_programs.MERGESORT.mergesort(MERGESORT.java:47)
	at java_programs.MERGESORT.mergesort(MERGESORT.java:47)
	at java_programs.MERGESORT.mergesort(MERGESORT.java:47)
	at java_programs.MERGESORT.mergesort(MERGESORT.java:47)
	at java_programs.MERGESORT.mergesort(MERGESORT.java:47)
	at java_programs.MERGESORT.mergesort(MERGESORT.java:47)
	at java_programs.MERGESORT.mergesort(MERGESORT.java:47)
	at java_programs.MERGESORT.mergesort(MERGESORT.java:47)
	at java_programs.MERGESORT.mergesort(MERGESORT.java:47)
	at java_programs.MERGESORT.mergesort(MERGESORT.java:47)
	at java_programs.MERGESORT.mergesort(MERGESORT.java:47)
	at java_programs.MERGESORT.mergesort(MERGESORT.java:47)
	at java_programs.MERGESORT.mergesort(MERGESORT.java:47)
	at java_programs.MERGESORT.mergesort(MERGESORT.java:47)
	at java_programs.MERGESORT.mergesort(MERGESORT.java:47)
	at java_programs.MERGESORT.mergesort(MERGESORT.java:47)
	at java_programs.MERGESORT.mergesort(MERGESORT.java:47)
	at java_programs.MERGESORT.mergesort(MERGESORT.java:47)
	at java_programs.MERGESORT.mergesort(MERGESORT.java:47)
	at java_programs.MERGESORT.mergesort(MERGESORT.java:47)
	at java_programs.MERGESORT.mergesort(MERGESORT.java:47)
	at java_programs.MERGESORT.mergesort(MERGESORT.java:47)
	at java_programs.MERGESORT.mergesort(MERGESORT.java:47)
	at java_programs.MERGESORT.mergesort(MERGESORT.java:47)
	at java_programs.MERGESORT.mergesort(MERGESORT.java:47)
	at java_programs.MERGESORT.mergesort(MERGESORT.java:47)
	at java_programs.MERGESORT.mergesort(MERGESORT.java:47)
	at java_programs.MERGESORT.mergesort(MERGESORT.java:47)
	at java_programs.MERGESORT.mergesort(MERGESORT.java:47)
	at java_programs.MERGESORT.mergesort(MERGESORT.java:47)
	at java_programs.MERGESORT.mergesort(MERGESORT.java:47)
	at java_programs.MERGESORT.mergesort(MERGESORT.java:47)
	at java_programs.MERGESORT.mergesort(MERGESORT.java:47)
	at java_programs.MERGESORT.mergesort(MERGESORT.java:47)
	at java_programs.MERGESORT.mergesort(MERGESORT.java:47)
	at java_programs.MERGESORT.mergesort(MERGESORT.java:47)
	at java_programs.MERGESORT.mergesort(MERGESORT.java:47)
	at java_programs.MERGESORT.mergesort(MERGESORT.java:47)
	at java_programs.MERGESORT.mergesort(MERGESORT.java:47)
	at java_programs.MERGESORT.mergesort(MERGESORT.java:47)
	at java_programs.MERGESORT.mergesort(MERGESORT.java:47)
	at java_programs.MERGESORT.mergesort(MERGESORT.java:47)
	at java_programs.MERGESORT.mergesort(MERGESORT.java:47)
	at java_programs.MERGESORT.mergesort(MERGESORT.java:47)
	at java_programs.MERGESORT.mergesort(MERGESORT.java:47)
	at java_programs.MERGESORT.mergesort(MERGESORT.java:47)
	at java_programs.MERGESORT.mergesort(MERGESORT.java:47)
	at java_programs.MERGESORT.mergesort(MERGESORT.java:47)
	at java_programs.MERGESORT.mergesort(MERGESORT.java:47)
	at java_programs.MERGESORT.mergesort(MERGESORT.java:47)
	at java_programs.MERGESORT.mergesort(MERGESORT.java:47)
	at java_programs.MERGESORT.mergesort(MERGESORT.java:47)
	at java_programs.MERGESORT.mergesort(MERGESORT.java:47)
	at java_programs.MERGESORT.mergesort(MERGESORT.java:47)
	at java_programs.MERGESORT.mergesort(MERGESORT.java:47)
	at java_programs.MERGESORT.mergesort(MERGESORT.java:47)
	at java_programs.MERGESORT.mergesort(MERGESORT.java:47)
	at java_programs.MERGESORT.mergesort(MERGESORT.java:47)
	at java_programs.MERGESORT.mergesort(MERGESORT.java:47)
	at java_programs.MERGESORT.mergesort(MERGESORT.java:47)
	at java_programs.MERGESORT.mergesort(MERGESORT.java:47)
	at java_programs.MERGESORT.mergesort(MERGESORT.java:47)
	at java_programs.MERGESORT.mergesort(MERGESORT.java:47)
	at java_programs.MERGESORT.mergesort(MERGESORT.java:47)
	at java_programs.MERGESORT.mergesort(MERGESORT.java:47)
	at java_programs.MERGESORT.mergesort(MERGESORT.java:47)
	at java_programs.MERGESORT.mergesort(MERGESORT.java:47)
	at java_programs.MERGESORT.mergesort(MERGESORT.java:47)
	at java_programs.MERGESORT.mergesort(MERGESORT.java:47)
	at java_programs.MERGESORT.mergesort(MERGESORT.java:47)
	at java_programs.MERGESORT.mergesort(MERGESORT.java:47)
	at java_programs.MERGESORT.mergesort(MERGESORT.java:47)
	at java_programs.MERGESORT.mergesort(MERGESORT.java:47)
	at java_programs.MERGESORT.mergesort(MERGESORT.java:47)
	at java_programs.MERGESORT.mergesort(MERGESORT.java:47)
	at java_programs.MERGESORT.mergesort(MERGESORT.java:47)
	at java_programs.MERGESORT.mergesort(MERGESORT.java:47)
	at java_programs.MERGESORT.mergesort(MERGESORT.java:47)
	at java_programs.MERGESORT.mergesort(MERGESORT.java:47)
	at java_programs.MERGESORT.mergesort(MERGESORT.java:47)
	at java_programs.MERGESORT.mergesort(MERGESORT.java:47)
	at java_programs.MERGESORT.mergesort(MERGESORT.java:47)
	at java_programs.MERGESORT.mergesort(MERGESORT.java:47)
	at java_programs.MERGESORT.mergesort(MERGESORT.java:47)
	at java_programs.MERGESORT.mergesort(MERGESORT.java:47)
	at java_programs.MERGESORT.mergesort(MERGESORT.java:47)
	at java_programs.MERGESORT.mergesort(MERGESORT.java:47)
	at java_programs.MERGESORT.mergesort(MERGESORT.java:47)
	at java_programs.MERGESORT.mergesort(MERGESORT.java:47)
	at java_programs.MERGESORT.mergesort(MERGESORT.java:47)
	at java_programs.MERGESORT.mergesort(MERGESORT.java:47)
	at java_programs.MERGESORT.mergesort(MERGESORT.java:47)
	at java_programs.MERGESORT.mergesort(MERGESORT.java:47)
	at java_programs.MERGESORT.mergesort(MERGESORT.java:47)
	at java_programs.MERGESORT.mergesort(MERGESORT.java:47)
	at java_programs.MERGESORT.mergesort(MERGESORT.java:47)
	at java_programs.MERGESORT.mergesort(MERGESORT.java:47)
	at java_programs.MERGESORT.mergesort(MERGESORT.java:47)
	at java_programs.MERGESORT.mergesort(MERGESORT.java:47)
	at java_programs.MERGESORT.mergesort(MERGESORT.java:47)
	at java_programs.MERGESORT.mergesort(MERGESORT.java:47)
	at java_programs.MERGESORT.mergesort(MERGESORT.java:47)
	at java_programs.MERGESORT.mergesort(MERGESORT.java:47)
	at java_programs.MERGESORT.mergesort(MERGESORT.java:47)
	at java_programs.MERGESORT.mergesort(MERGESORT.java:47)
	at java_programs.MERGESORT.mergesort(MERGESORT.java:47)
	at java_programs.MERGESORT.mergesort(MERGESORT.java:47)
	at java_programs.MERGESORT.mergesort(MERGESORT.java:47)
	at java_programs.MERGESORT.mergesort(MERGESORT.java:47)
	at java_programs.MERGESORT.mergesort(MERGESORT.java:47)
	at java_programs.MERGESORT.mergesort(MERGESORT.java:47)
	at java_programs.MERGESORT.mergesort(MERGESORT.java:47)
	at java_programs.MERGESORT.mergesort(MERGESORT.java:47)
	at java_programs.MERGESORT.mergesort(MERGESORT.java:47)
	at java_programs.MERGESORT.mergesort(MERGESORT.java:47)
	at java_programs.MERGESORT.mergesort(MERGESORT.java:47)
	at java_programs.MERGESORT.mergesort(MERGESORT.java:47)
	at java_programs.MERGESORT.mergesort(MERGESORT.java:47)
	at java_programs.MERGESORT.mergesort(MERGESORT.java:47)
	at java_programs.MERGESORT.mergesort(MERGESORT.java:47)
	at java_programs.MERGESORT.mergesort(MERGESORT.java:47)
	at java_programs.MERGESORT.mergesort(MERGESORT.java:47)
	at java_programs.MERGESORT.mergesort(MERGESORT.java:47)
	at java_programs.MERGESORT.mergesort(MERGESORT.java:47)
	at java_programs.MERGESORT.mergesort(MERGESORT.java:47)
	at java_programs.MERGESORT.mergesort(MERGESORT.java:47)
	at java_programs.MERGESORT.mergesort(MERGESORT.java:47)
	at java_programs.MERGESORT.mergesort(MERGESORT.java:47)
	at java_programs.MERGESORT.mergesort(MERGESORT.java:47)
	at java_programs.MERGESORT.mergesort(MERGESORT.java:47)
	at java_programs.MERGESORT.mergesort(MERGESORT.java:47)
	at java_programs.MERGESORT.mergesort(MERGESORT.java:47)
	at java_programs.MERGESORT.mergesort(MERGESORT.java:47)
	at java_programs.MERGESORT.mergesort(MERGESORT.java:47)
	at java_programs.MERGESORT.mergesort(MERGESORT.java:47)
	at java_programs.MERGESORT.mergesort(MERGESORT.java:47)
	at java_programs.MERGESORT.mergesort(MERGESORT.java:47)
	at java_programs.MERGESORT.mergesort(MERGESORT.java:47)
	at java_programs.MERGESORT.mergesort(MERGESORT.java:47)
	at java_programs.MERGESORT.mergesort(MERGESORT.java:47)
	at java_programs.MERGESORT.mergesort(MERGESORT.java:47)
	at java_programs.MERGESORT.mergesort(MERGESORT.java:47)
	at java_programs.MERGESORT.mergesort(MERGESORT.java:47)
	at java_programs.MERGESORT.mergesort(MERGESORT.java:47)
	at java_programs.MERGESORT.mergesort(MERGESORT.java:47)
	at java_programs.MERGESORT.mergesort(MERGESORT.java:47)
	at java_programs.MERGESORT.mergesort(MERGESORT.java:47)
	at java_programs.MERGESORT.mergesort(MERGESORT.java:47)
	at java_programs.MERGESORT.mergesort(MERGESORT.java:47)
	at java_programs.MERGESORT.mergesort(MERGESORT.java:47)
	at java_programs.MERGESORT.mergesort(MERGESORT.java:47)
	at java_programs.MERGESORT.mergesort(MERGESORT.java:47)
	at java_programs.MERGESORT.mergesort(MERGESORT.java:47)
	at java_programs.MERGESORT.mergesort(MERGESORT.java:47)
	at java_programs.MERGESORT.mergesort(MERGESORT.java:47)
	at java_programs.MERGESORT.mergesort(MERGESORT.java:47)
	at java_programs.MERGESORT.mergesort(MERGESORT.java:47)
	at java_programs.MERGESORT.mergesort(MERGESORT.java:47)
	at java_programs.MERGESORT.mergesort(MERGESORT.java:47)
	at java_programs.MERGESORT.mergesort(MERGESORT.java:47)
	at java_programs.MERGESORT.mergesort(MERGESORT.java:47)
	at java_programs.MERGESORT.mergesort(MERGESORT.java:47)
	at java_programs.MERGESORT.mergesort(MERGESORT.java:47)
	at java_programs.MERGESORT.mergesort(MERGESORT.java:47)
	at java_programs.MERGESORT.mergesort(MERGESORT.java:47)
	at java_programs.MERGESORT.mergesort(MERGESORT.java:47)
	at java_programs.MERGESORT.mergesort(MERGESORT.java:47)
	at java_programs.MERGESORT.mergesort(MERGESORT.java:47)
	at java_programs.MERGESORT.mergesort(MERGESORT.java:47)
	at java_programs.MERGESORT.mergesort(MERGESORT.java:47)
	at java_programs.MERGESORT.mergesort(MERGESORT.java:47)
	at java_programs.MERGESORT.mergesort(MERGESORT.java:47)
	at java_programs.MERGESORT.mergesort(MERGESORT.java:47)
	at java_programs.MERGESORT.mergesort(MERGESORT.java:47)
	at java_programs.MERGESORT.mergesort(MERGESORT.java:47)
	at java_programs.MERGESORT.mergesort(MERGESORT.java:47)
	at java_programs.MERGESORT.mergesort(MERGESORT.java:47)
	at java_programs.MERGESORT.mergesort(MERGESORT.java:47)
	at java_programs.MERGESORT.mergesort(MERGESORT.java:47)
	at java_programs.MERGESORT.mergesort(MERGESORT.java:47)
	at java_programs.MERGESORT.mergesort(MERGESORT.java:47)
	at java_programs.MERGESORT.mergesort(MERGESORT.java:47)
	at java_programs.MERGESORT.mergesort(MERGESORT.java:47)
	at java_programs.MERGESORT.mergesort(MERGESORT.java:47)
	at java_programs.MERGESORT.mergesort(MERGESORT.java:47)
	at java_programs.MERGESORT.mergesort(MERGESORT.java:47)
	at java_programs.MERGESORT.mergesort(MERGESORT.java:47)
	at java_programs.MERGESORT.mergesort(MERGESORT.java:47)
	at java_programs.MERGESORT.mergesort(MERGESORT.java:47)
	at java_programs.MERGESORT.mergesort(MERGESORT.java:47)
	at java_programs.MERGESORT.mergesort(MERGESORT.java:47)
	at java_programs.MERGESORT.mergesort(MERGESORT.java:47)
	at java_programs.MERGESORT.mergesort(MERGESORT.java:47)
	at java_programs.MERGESORT.mergesort(MERGESORT.java:47)
	at java_programs.MERGESORT.mergesort(MERGESORT.java:47)
	at java_programs.MERGESORT.mergesort(MERGESORT.java:47)
	at java_programs.MERGESORT.mergesort(MERGESORT.java:47)
	at java_programs.MERGESORT.mergesort(MERGESORT.java:47)
	at java_programs.MERGESORT.mergesort(MERGESORT.java:47)
	at java_programs.MERGESORT.mergesort(MERGESORT.java:47)
	at java_programs.MERGESORT.mergesort(MERGESORT.java:47)
	at java_programs.MERGESORT.mergesort(MERGESORT.java:47)
	at java_programs.MERGESORT.mergesort(MERGESORT.java:47)
	at java_programs.MERGESORT.mergesort(MERGESORT.java:47)
	at java_programs.MERGESORT.mergesort(MERGESORT.java:47)
	at java_programs.MERGESORT.mergesort(MERGESORT.java:47)
	at java_programs.MERGESORT.mergesort(MERGESORT.java:47)
	at java_programs.MERGESORT.mergesort(MERGESORT.java:47)
	at java_programs.MERGESORT.mergesort(MERGESORT.java:47)
	at java_programs.MERGESORT.mergesort(MERGESORT.java:47)
	at java_programs.MERGESORT.mergesort(MERGESORT.java:47)
	at java_programs.MERGESORT.mergesort(MERGESORT.java:47)
	at java_programs.MERGESORT.mergesort(MERGESORT.java:47)
	at java_programs.MERGESORT.mergesort(MERGESORT.java:47)
	at java_programs.MERGESORT.mergesort(MERGESORT.java:47)
	at java_programs.MERGESORT.mergesort(MERGESORT.java:47)
	at java_programs.MERGESORT.mergesort(MERGESORT.java:47)
	at java_programs.MERGESORT.mergesort(MERGESORT.java:47)
	at java_programs.MERGESORT.mergesort(MERGESORT.java:47)
	at java_programs.MERGESORT.mergesort(MERGESORT.java:47)
	at java_programs.MERGESORT.mergesort(MERGESORT.java:47)
	at java_programs.MERGESORT.mergesort(MERGESORT.java:47)
	at java_programs.MERGESORT.mergesort(MERGESORT.java:47)
	at java_programs.MERGESORT.mergesort(MERGESORT.java:47)
	at java_programs.MERGESORT.mergesort(MERGESORT.java:47)
	at java_programs.MERGESORT.mergesort(MERGESORT.java:47)
	at java_programs.MERGESORT.mergesort(MERGESORT.java:47)
	at java_programs.MERGESORT.mergesort(MERGESORT.java:47)
	at java_programs.MERGESORT.mergesort(MERGESORT.java:47)
	at java_programs.MERGESORT.mergesort(MERGESORT.java:47)
	at java_programs.MERGESORT.mergesort(MERGESORT.java:47)
	at java_programs.MERGESORT.mergesort(MERGESORT.java:47)
	at java_programs.MERGESORT.mergesort(MERGESORT.java:47)
	at java_programs.MERGESORT.mergesort(MERGESORT.java:47)
	at java_programs.MERGESORT.mergesort(MERGESORT.java:47)
	at java_programs.MERGESORT.mergesort(MERGESORT.java:47)
	at java_programs.MERGESORT.mergesort(MERGESORT.java:47)
	at java_programs.MERGESORT.mergesort(MERGESORT.java:47)
	at java_programs.MERGESORT.mergesort(MERGESORT.java:47)
	at java_programs.MERGESORT.mergesort(MERGESORT.java:47)
	at java_programs.MERGESORT.mergesort(MERGESORT.java:47)
	at java_programs.MERGESORT.mergesort(MERGESORT.java:47)
	at java_programs.MERGESORT.mergesort(MERGESORT.java:47)
	at java_programs.MERGESORT.mergesort(MERGESORT.java:47)
	at java_programs.MERGESORT.mergesort(MERGESORT.java:47)
	at java_programs.MERGESORT.mergesort(MERGESORT.java:47)
	at java_programs.MERGESORT.mergesort(MERGESORT.java:47)
	at java_programs.MERGESORT.mergesort(MERGESORT.java:47)
	at java_programs.MERGESORT.mergesort(MERGESORT.java:47)
	at java_programs.MERGESORT.mergesort(MERGESORT.java:47)
	at java_programs.MERGESORT.mergesort(MERGESORT.java:47)
	at java_programs.MERGESORT.mergesort(MERGESORT.java:47)
	at java_programs.MERGESORT.mergesort(MERGESORT.java:47)
	at java_programs.MERGESORT.mergesort(MERGESORT.java:47)
	at java_programs.MERGESORT.mergesort(MERGESORT.java:47)
	at java_programs.MERGESORT.mergesort(MERGESORT.java:47)
	at java_programs.MERGESORT.mergesort(MERGESORT.java:47)
	at java_programs.MERGESORT.mergesort(MERGESORT.java:47)
	at java_programs.MERGESORT.mergesort(MERGESORT.java:47)
	at java_programs.MERGESORT.mergesort(MERGESORT.java:47)
	at java_programs.MERGESORT.mergesort(MERGESORT.java:47)
	at java_programs.MERGESORT.mergesort(MERGESORT.java:47)
	at java_programs.MERGESORT.mergesort(MERGESORT.java:47)
	at java_programs.MERGESORT.mergesort(MERGESORT.java:47)
	at java_programs.MERGESORT.mergesort(MERGESORT.java:47)
	at java_programs.MERGESORT.mergesort(MERGESORT.java:47)
	at java_programs.MERGESORT.mergesort(MERGESORT.java:47)
	at java_programs.MERGESORT.mergesort(MERGESORT.java:47)
	at java_programs.MERGESORT.mergesort(MERGESORT.java:47)
	at java_programs.MERGESORT.mergesort(MERGESORT.java:47)
	at java_programs.MERGESORT.mergesort(MERGESORT.java:47)
	at java_programs.MERGESORT.mergesort(MERGESORT.java:47)
	at java_programs.MERGESORT.mergesort(MERGESORT.java:47)
	at java_programs.MERGESORT.mergesort(MERGESORT.java:47)
	at java_programs.MERGESORT.mergesort(MERGESORT.java:47)
	at java_programs.MERGESORT.mergesort(MERGESORT.java:47)
	at java_programs.MERGESORT.mergesort(MERGESORT.java:47)
	at java_programs.MERGESORT.mergesort(MERGESORT.java:47)
	at java_programs.MERGESORT.mergesort(MERGESORT.java:47)
	at java_programs.MERGESORT.mergesort(MERGESORT.java:47)
	at java_programs.MERGESORT.mergesort(MERGESORT.java:47)
	at java_programs.MERGESORT.mergesort(MERGESORT.java:47)
	at java_programs.MERGESORT.mergesort(MERGESORT.java:47)
	at java_programs.MERGESORT.mergesort(MERGESORT.java:47)
	at java_programs.MERGESORT.mergesort(MERGESORT.java:47)
	at java_programs.MERGESORT.mergesort(MERGESORT.java:47)
	at java_programs.MERGESORT.mergesort(MERGESORT.java:47)
	at java_programs.MERGESORT.mergesort(MERGESORT.java:47)
	at java_programs.MERGESORT.mergesort(MERGESORT.java:47)
	at java_programs.MERGESORT.mergesort(MERGESORT.java:47)
	at java_programs.MERGESORT.mergesort(MERGESORT.java:47)
	at java_programs.MERGESORT.mergesort(MERGESORT.java:47)
	at java_programs.MERGESORT.mergesort(MERGESORT.java:47)
	at java_programs.MERGESORT.mergesort(MERGESORT.java:47)
	at java_programs.MERGESORT.mergesort(MERGESORT.java:47)
	at java_programs.MERGESORT.mergesort(MERGESORT.java:47)
	at java_programs.MERGESORT.mergesort(MERGESORT.java:47)
	at java_programs.MERGESORT.mergesort(MERGESORT.java:47)
	at java_programs.MERGESORT.mergesort(MERGESORT.java:47)
	at java_programs.MERGESORT.mergesort(MERGESORT.java:47)
	at java_programs.MERGESORT.mergesort(MERGESORT.java:47)
	at java_programs.MERGESORT.mergesort(MERGESORT.java:47)
	at java_programs.MERGESORT.mergesort(MERGESORT.java:47)
	at java_programs.MERGESORT.mergesort(MERGESORT.java:47)
	at java_programs.MERGESORT.mergesort(MERGESORT.java:47)
	at java_programs.MERGESORT.mergesort(MERGESORT.java:47)
	at java_programs.MERGESORT.mergesort(MERGESORT.java:47)
	at java_programs.MERGESORT.mergesort(MERGESORT.java:47)
	at java_programs.MERGESORT.mergesort(MERGESORT.java:47)
	at java_programs.MERGESORT.mergesort(MERGESORT.java:47)
	at java_programs.MERGESORT.mergesort(MERGESORT.java:47)
	at java_programs.MERGESORT.mergesort(MERGESORT.java:47)
	at java_programs.MERGESORT.mergesort(MERGESORT.java:47)
	at java_programs.MERGESORT.mergesort(MERGESORT.java:47)
	at java_programs.MERGESORT.mergesort(MERGESORT.java:47)
	at java_programs.MERGESORT.mergesort(MERGESORT.java:47)
	at java_programs.MERGESORT.mergesort(MERGESORT.java:47)
	at java_programs.MERGESORT.mergesort(MERGESORT.java:47)
	at java_programs.MERGESORT.mergesort(MERGESORT.java:47)
	at java_programs.MERGESORT.mergesort(MERGESORT.java:47)
	at java_programs.MERGESORT.mergesort(MERGESORT.java:47)
	at java_programs.MERGESORT.mergesort(MERGESORT.java:47)
	at java_programs.MERGESORT.mergesort(MERGESORT.java:47)
	at java_programs.MERGESORT.mergesort(MERGESORT.java:47)
	at java_programs.MERGESORT.mergesort(MERGESORT.java:47)
	at java_programs.MERGESORT.mergesort(MERGESORT.java:47)
	at java_programs.MERGESORT.mergesort(MERGESORT.java:47)
	at java_programs.MERGESORT.mergesort(MERGESORT.java:47)
	at java_programs.MERGESORT.mergesort(MERGESORT.java:47)
	at java_programs.MERGESORT.mergesort(MERGESORT.java:47)
	at java_programs.MERGESORT.mergesort(MERGESORT.java:47)
	at java_programs.MERGESORT.mergesort(MERGESORT.java:47)
	at java_programs.MERGESORT.mergesort(MERGESORT.java:47)
	at java_programs.MERGESORT.mergesort(MERGESORT.java:47)
	at java_programs.MERGESORT.mergesort(MERGESORT.java:47)
	at java_programs.MERGESORT.mergesort(MERGESORT.java:47)
	at java_programs.MERGESORT.mergesort(MERGESORT.java:47)
	at java_programs.MERGESORT.mergesort(MERGESORT.java:47)
	at java_programs.MERGESORT.mergesort(MERGESORT.java:47)
	at java_programs.MERGESORT.mergesort(MERGESORT.java:47)
	at java_programs.MERGESORT.mergesort(MERGESORT.java:47)
	at java_programs.MERGESORT.mergesort(MERGESORT.java:47)
	at java_programs.MERGESORT.mergesort(MERGESORT.java:47)
	at java_programs.MERGESORT.mergesort(MERGESORT.java:47)
	at java_programs.MERGESORT.mergesort(MERGESORT.java:47)
	at java_programs.MERGESORT.mergesort(MERGESORT.java:47)
	at java_programs.MERGESORT.mergesort(MERGESORT.java:47)
	at java_programs.MERGESORT.mergesort(MERGESORT.java:47)
	at java_programs.MERGESORT.mergesort(MERGESORT.java:47)
	at java_programs.MERGESORT.mergesort(MERGESORT.java:47)
	at java_programs.MERGESORT.mergesort(MERGESORT.java:47)
	at java_programs.MERGESORT.mergesort(MERGESORT.java:47)
	at java_programs.MERGESORT.mergesort(MERGESORT.java:47)
	at java_programs.MERGESORT.mergesort(MERGESORT.java:47)
	at java_programs.MERGESORT.mergesort(MERGESORT.java:47)
	at java_programs.MERGESORT.mergesort(MERGESORT.java:47)
	at java_programs.MERGESORT.mergesort(MERGESORT.java:47)
	at java_programs.MERGESORT.mergesort(MERGESORT.java:47)
	at java_programs.MERGESORT.mergesort(MERGESORT.java:47)
	at java_programs.MERGESORT.mergesort(MERGESORT.java:47)
	at java_programs.MERGESORT.mergesort(MERGESORT.java:47)
	at java_programs.MERGESORT.mergesort(MERGESORT.java:47)
	at java_programs.MERGESORT.mergesort(MERGESORT.java:47)
	at java_programs.MERGESORT.mergesort(MERGESORT.java:47)
	at java_programs.MERGESORT.mergesort(MERGESORT.java:47)
	at java_programs.MERGESORT.mergesort(MERGESORT.java:47)
	at java_programs.MERGESORT.mergesort(MERGESORT.java:47)
	at java_programs.MERGESORT.mergesort(MERGESORT.java:47)
	at java_programs.MERGESORT.mergesort(MERGESORT.java:47)
	at java_programs.MERGESORT.mergesort(MERGESORT.java:47)
	at java_programs.MERGESORT.mergesort(MERGESORT.java:47)
	at java_programs.MERGESORT.mergesort(MERGESORT.java:47)
	at java_programs.MERGESORT.mergesort(MERGESORT.java:47)
	at java_programs.MERGESORT.mergesort(MERGESORT.java:47)
	at java_programs.MERGESORT.mergesort(MERGESORT.java:47)
	at java_programs.MERGESORT.mergesort(MERGESORT.java:47)
	at java_programs.MERGESORT.mergesort(MERGESORT.java:47)
	at java_programs.MERGESORT.mergesort(MERGESORT.java:47)
	at java_programs.MERGESORT.mergesort(MERGESORT.java:47)
	at java_programs.MERGESORT.mergesort(MERGESORT.java:47)
	at java_programs.MERGESORT.mergesort(MERGESORT.java:47)
	at java_programs.MERGESORT.mergesort(MERGESORT.java:47)
	at java_programs.MERGESORT.mergesort(MERGESORT.java:47)
	at java_programs.MERGESORT.mergesort(MERGESORT.java:47)
	at java_programs.MERGESORT.mergesort(MERGESORT.java:47)
	at java_programs.MERGESORT.mergesort(MERGESORT.java:47)
	at java_programs.MERGESORT.mergesort(MERGESORT.java:47)
	at java_programs.MERGESORT.mergesort(MERGESORT.java:47)
	at java_programs.MERGESORT.mergesort(MERGESORT.java:47)
	at java_programs.MERGESORT.mergesort(MERGESORT.java:47)
	at java_programs.MERGESORT.mergesort(MERGESORT.java:47)
	at java_programs.MERGESORT.mergesort(MERGESORT.java:47)
	at java_programs.MERGESORT.mergesort(MERGESORT.java:47)
	at java_programs.MERGESORT.mergesort(MERGESORT.java:47)
	at java_programs.MERGESORT.mergesort(MERGESORT.java:47)
	at java_programs.MERGESORT.mergesort(MERGESORT.java:47)
	at java_programs.MERGESORT.mergesort(MERGESORT.java:47)
	at java_programs.MERGESORT.mergesort(MERGESORT.java:47)
	at java_programs.MERGESORT.mergesort(MERGESORT.java:47)
	at java_programs.MERGESORT.mergesort(MERGESORT.java:47)
	at java_programs.MERGESORT.mergesort(MERGESORT.java:47)
	at java_programs.MERGESORT.mergesort(MERGESORT.java:47)
	at java_programs.MERGESORT.mergesort(MERGESORT.java:47)
	at java_programs.MERGESORT.mergesort(MERGESORT.java:47)
	at java_programs.MERGESORT.mergesort(MERGESORT.java:47)
	at java_programs.MERGESORT.mergesort(MERGESORT.java:47)
	at java_programs.MERGESORT.mergesort(MERGESORT.java:47)
	at java_programs.MERGESORT.mergesort(MERGESORT.java:47)
	at java_programs.MERGESORT.mergesort(MERGESORT.java:47)
	at java_programs.MERGESORT.mergesort(MERGESORT.java:47)
	at java_programs.MERGESORT.mergesort(MERGESORT.java:47)
	at java_programs.MERGESORT.mergesort(MERGESORT.java:47)
	at java_programs.MERGESORT.mergesort(MERGESORT.java:47)
	at java_programs.MERGESORT.mergesort(MERGESORT.java:47)
	at java_programs.MERGESORT.mergesort(MERGESORT.java:47)
	at java_programs.MERGESORT.mergesort(MERGESORT.java:47)
	at java_programs.MERGESORT.mergesort(MERGESORT.java:47)
	at java_programs.MERGESORT.mergesort(MERGESORT.java:47)
	at java_programs.MERGESORT.mergesort(MERGESORT.java:47)
	at java_programs.MERGESORT.mergesort(MERGESORT.java:47)
	at java_programs.MERGESORT.mergesort(MERGESORT.java:47)
	at java_programs.MERGESORT.mergesort(MERGESORT.java:47)
	at java_programs.MERGESORT.mergesort(MERGESORT.java:47)
	at java_programs.MERGESORT.mergesort(MERGESORT.java:47)
	at java_programs.MERGESORT.mergesort(MERGESORT.java:47)
	at java_programs.MERGESORT.mergesort(MERGESORT.java:47)
	at java_programs.MERGESORT.mergesort(MERGESORT.java:47)
	at java_programs.MERGESORT.mergesort(MERGESORT.java:47)
	at java_programs.MERGESORT.mergesort(MERGESORT.java:47)
	at java_programs.MERGESORT.mergesort(MERGESORT.java:47)
	at java_programs.MERGESORT.mergesort(MERGESORT.java:47)
	at java_programs.MERGESORT.mergesort(MERGESORT.java:47)
	at java_programs.MERGESORT.mergesort(MERGESORT.java:47)
	at java_programs.MERGESORT.mergesort(MERGESORT.java:47)
	at java_programs.MERGESORT.mergesort(MERGESORT.java:47)
	at java_programs.MERGESORT.mergesort(MERGESORT.java:47)
	at java_programs.MERGESORT.mergesort(MERGESORT.java:47)
	at java_programs.MERGESORT.mergesort(MERGESORT.java:47)
	at java_programs.MERGESORT.mergesort(MERGESORT.java:47)
	at java_programs.MERGESORT.mergesort(MERGESORT.java:47)
	at java_programs.MERGESORT.mergesort(MERGESORT.java:47)
	at java_programs.MERGESORT.mergesort(MERGESORT.java:47)
	at java_programs.MERGESORT.mergesort(MERGESORT.java:47)
	at java_programs.MERGESORT.mergesort(MERGESORT.java:47)
	at java_programs.MERGESORT.mergesort(MERGESORT.java:47)
	at java_programs.MERGESORT.mergesort(MERGESORT.java:47)
	at java_programs.MERGESORT.mergesort(MERGESORT.java:47)
	at java_programs.MERGESORT.mergesort(MERGESORT.java:47)
	at java_programs.MERGESORT.mergesort(MERGESORT.java:47)
	at java_programs.MERGESORT.mergesort(MERGESORT.java:47)
	at java_programs.MERGESORT.mergesort(MERGESORT.java:47)
	at java_programs.MERGESORT.mergesort(MERGESORT.java:47)
	at java_programs.MERGESORT.mergesort(MERGESORT.java:47)
	at java_programs.MERGESORT.mergesort(MERGESORT.java:47)
	at java_programs.MERGESORT.mergesort(MERGESORT.java:47)
	at java_programs.MERGESORT.mergesort(MERGESORT.java:47)
	at java_programs.MERGESORT.mergesort(MERGESORT.java:47)
	at java_programs.MERGESORT.mergesort(MERGESORT.java:47)
	at java_programs.MERGESORT.mergesort(MERGESORT.java:47)
	at java_programs.MERGESORT.mergesort(MERGESORT.java:47)
	at java_programs.MERGESORT.mergesort(MERGESORT.java:47)
	at java_programs.MERGESORT.mergesort(MERGESORT.java:47)
	at java_programs.MERGESORT.mergesort(MERGESORT.java:47)
	at java_programs.MERGESORT.mergesort(MERGESORT.java:47)
	at java_programs.MERGESORT.mergesort(MERGESORT.java:47)
	at java_programs.MERGESORT.mergesort(MERGESORT.java:47)
	at java_programs.MERGESORT.mergesort(MERGESORT.java:47)
	at java_programs.MERGESORT.mergesort(MERGESORT.java:47)
	at java_programs.MERGESORT.mergesort(MERGESORT.java:47)
	at java_programs.MERGESORT.mergesort(MERGESORT.java:47)
	at java_programs.MERGESORT.mergesort(MERGESORT.java:47)
	at java_programs.MERGESORT.mergesort(MERGESORT.java:47)
	at java_programs.MERGESORT.mergesort(MERGESORT.java:47)
	at java_programs.MERGESORT.mergesort(MERGESORT.java:47)
	at java_programs.MERGESORT.mergesort(MERGESORT.java:47)
	at java_programs.MERGESORT.mergesort(MERGESORT.java:47)
	at java_programs.MERGESORT.mergesort(MERGESORT.java:47)
	at java_programs.MERGESORT.mergesort(MERGESORT.java:47)
	at java_programs.MERGESORT.mergesort(MERGESORT.java:47)
	at java_programs.MERGESORT.mergesort(MERGESORT.java:47)
	at java_programs.MERGESORT.mergesort(MERGESORT.java:47)
	at java_programs.MERGESORT.mergesort(MERGESORT.java:47)
	at java_programs.MERGESORT.mergesort(MERGESORT.java:47)
	at java_programs.MERGESORT.mergesort(MERGESORT.java:47)
	at java_programs.MERGESORT.mergesort(MERGESORT.java:47)
	at java_programs.MERGESORT.mergesort(MERGESORT.java:47)
	at java_programs.MERGESORT.mergesort(MERGESORT.java:47)
	at java_programs.MERGESORT.mergesort(MERGESORT.java:47)
	at java_programs.MERGESORT.mergesort(MERGESORT.java:47)
	at java_programs.MERGESORT.mergesort(MERGESORT.java:47)
	at java_programs.MERGESORT.mergesort(MERGESORT.java:47)
	at java_programs.MERGESORT.mergesort(MERGESORT.java:47)
	at java_programs.MERGESORT.mergesort(MERGESORT.java:47)
	at java_programs.MERGESORT.mergesort(MERGESORT.java:47)
	at java_programs.MERGESORT.mergesort(MERGESORT.java:47)
	at java_programs.MERGESORT.mergesort(MERGESORT.java:47)
	at java_programs.MERGESORT.mergesort(MERGESORT.java:47)
	at java_programs.MERGESORT.mergesort(MERGESORT.java:47)
	at java_programs.MERGESORT.mergesort(MERGESORT.java:47)
	at java_programs.MERGESORT.mergesort(MERGESORT.java:47)
	at java_programs.MERGESORT.mergesort(MERGESORT.java:47)
	at java_programs.MERGESORT.mergesort(MERGESORT.java:47)
	at java_programs.MERGESORT.mergesort(MERGESORT.java:47)
	at java_programs.MERGESORT.mergesort(MERGESORT.java:47)
	at java_programs.MERGESORT.mergesort(MERGESORT.java:47)
	at java_programs.MERGESORT.mergesort(MERGESORT.java:47)
	at java_programs.MERGESORT.mergesort(MERGESORT.java:47)
	at java_programs.MERGESORT.mergesort(MERGESORT.java:47)
	at java_programs.MERGESORT.mergesort(MERGESORT.java:47)
	at java_programs.MERGESORT.mergesort(MERGESORT.java:47)
	at java_programs.MERGESORT.mergesort(MERGESORT.java:47)
	at java_programs.MERGESORT.mergesort(MERGESORT.java:47)
</failure>
  </testcase>
  <testcase name="test_2" classname="java_testcases.junit.MERGESORT_TEST" time="0.014">
    <failure message="java.lang.StackOverflowError" type="java.lang.StackOverflowError">java.lang.StackOverflowError
	at java.util.ArrayList.subList(ArrayList.java:1006)
	at java_programs.MERGESORT.mergesort(MERGESORT.java:43)
	at java_programs.MERGESORT.mergesort(MERGESORT.java:47)
	at java_programs.MERGESORT.mergesort(MERGESORT.java:47)
	at java_programs.MERGESORT.mergesort(MERGESORT.java:47)
	at java_programs.MERGESORT.mergesort(MERGESORT.java:47)
	at java_programs.MERGESORT.mergesort(MERGESORT.java:47)
	at java_programs.MERGESORT.mergesort(MERGESORT.java:47)
	at java_programs.MERGESORT.mergesort(MERGESORT.java:47)
	at java_programs.MERGESORT.mergesort(MERGESORT.java:47)
	at java_programs.MERGESORT.mergesort(MERGESORT.java:47)
	at java_programs.MERGESORT.mergesort(MERGESORT.java:47)
	at java_programs.MERGESORT.mergesort(MERGESORT.java:47)
	at java_programs.MERGESORT.mergesort(MERGESORT.java:47)
	at java_programs.MERGESORT.mergesort(MERGESORT.java:47)
	at java_programs.MERGESORT.mergesort(MERGESORT.java:47)
	at java_programs.MERGESORT.mergesort(MERGESORT.java:47)
	at java_programs.MERGESORT.mergesort(MERGESORT.java:47)
	at java_programs.MERGESORT.mergesort(MERGESORT.java:47)
	at java_programs.MERGESORT.mergesort(MERGESORT.java:47)
	at java_programs.MERGESORT.mergesort(MERGESORT.java:47)
	at java_programs.MERGESORT.mergesort(MERGESORT.java:47)
	at java_programs.MERGESORT.mergesort(MERGESORT.java:47)
	at java_programs.MERGESORT.mergesort(MERGESORT.java:47)
	at java_programs.MERGESORT.mergesort(MERGESORT.java:47)
	at java_programs.MERGESORT.mergesort(MERGESORT.java:47)
	at java_programs.MERGESORT.mergesort(MERGESORT.java:47)
	at java_programs.MERGESORT.mergesort(MERGESORT.java:47)
	at java_programs.MERGESORT.mergesort(MERGESORT.java:47)
	at java_programs.MERGESORT.mergesort(MERGESORT.java:47)
	at java_programs.MERGESORT.mergesort(MERGESORT.java:47)
	at java_programs.MERGESORT.mergesort(MERGESORT.java:47)
	at java_programs.MERGESORT.mergesort(MERGESORT.java:47)
	at java_programs.MERGESORT.mergesort(MERGESORT.java:47)
	at java_programs.MERGESORT.mergesort(MERGESORT.java:47)
	at java_programs.MERGESORT.mergesort(MERGESORT.java:47)
	at java_programs.MERGESORT.mergesort(MERGESORT.java:47)
	at java_programs.MERGESORT.mergesort(MERGESORT.java:47)
	at java_programs.MERGESORT.mergesort(MERGESORT.java:47)
	at java_programs.MERGESORT.mergesort(MERGESORT.java:47)
	at java_programs.MERGESORT.mergesort(MERGESORT.java:47)
	at java_programs.MERGESORT.mergesort(MERGESORT.java:47)
	at java_programs.MERGESORT.mergesort(MERGESORT.java:47)
	at java_programs.MERGESORT.mergesort(MERGESORT.java:47)
	at java_programs.MERGESORT.mergesort(MERGESORT.java:47)
	at java_programs.MERGESORT.mergesort(MERGESORT.java:47)
	at java_programs.MERGESORT.mergesort(MERGESORT.java:47)
	at java_programs.MERGESORT.mergesort(MERGESORT.java:47)
	at java_programs.MERGESORT.mergesort(MERGESORT.java:47)
	at java_programs.MERGESORT.mergesort(MERGESORT.java:47)
	at java_programs.MERGESORT.mergesort(MERGESORT.java:47)
	at java_programs.MERGESORT.mergesort(MERGESORT.java:47)
	at java_programs.MERGESORT.mergesort(MERGESORT.java:47)
	at java_programs.MERGESORT.mergesort(MERGESORT.java:47)
	at java_programs.MERGESORT.mergesort(MERGESORT.java:47)
	at java_programs.MERGESORT.mergesort(MERGESORT.java:47)
	at java_programs.MERGESORT.mergesort(MERGESORT.java:47)
	at java_programs.MERGESORT.mergesort(MERGESORT.java:47)
	at java_programs.MERGESORT.mergesort(MERGESORT.java:47)
	at java_programs.MERGESORT.mergesort(MERGESORT.java:47)
	at java_programs.MERGESORT.mergesort(MERGESORT.java:47)
	at java_programs.MERGESORT.mergesort(MERGESORT.java:47)
	at java_programs.MERGESORT.mergesort(MERGESORT.java:47)
	at java_programs.MERGESORT.mergesort(MERGESORT.java:47)
	at java_programs.MERGESORT.mergesort(MERGESORT.java:47)
	at java_programs.MERGESORT.mergesort(MERGESORT.java:47)
	at java_programs.MERGESORT.mergesort(MERGESORT.java:47)
	at java_programs.MERGESORT.mergesort(MERGESORT.java:47)
	at java_programs.MERGESORT.mergesort(MERGESORT.java:47)
	at java_programs.MERGESORT.mergesort(MERGESORT.java:47)
	at java_programs.MERGESORT.mergesort(MERGESORT.java:47)
	at java_programs.MERGESORT.mergesort(MERGESORT.java:47)
	at java_programs.MERGESORT.mergesort(MERGESORT.java:47)
	at java_programs.MERGESORT.mergesort(MERGESORT.java:47)
	at java_programs.MERGESORT.mergesort(MERGESORT.java:47)
	at java_programs.MERGESORT.mergesort(MERGESORT.java:47)
	at java_programs.MERGESORT.mergesort(MERGESORT.java:47)
	at java_programs.MERGESORT.mergesort(MERGESORT.java:47)
	at java_programs.MERGESORT.mergesort(MERGESORT.java:47)
	at java_programs.MERGESORT.mergesort(MERGESORT.java:47)
	at java_programs.MERGESORT.mergesort(MERGESORT.java:47)
	at java_programs.MERGESORT.mergesort(MERGESORT.java:47)
	at java_programs.MERGESORT.mergesort(MERGESORT.java:47)
	at java_programs.MERGESORT.mergesort(MERGESORT.java:47)
	at java_programs.MERGESORT.mergesort(MERGESORT.java:47)
	at java_programs.MERGESORT.mergesort(MERGESORT.java:47)
	at java_programs.MERGESORT.mergesort(MERGESORT.java:47)
	at java_programs.MERGESORT.mergesort(MERGESORT.java:47)
	at java_programs.MERGESORT.mergesort(MERGESORT.java:47)
	at java_programs.MERGESORT.mergesort(MERGESORT.java:47)
	at java_programs.MERGESORT.mergesort(MERGESORT.java:47)
	at java_programs.MERGESORT.mergesort(MERGESORT.java:47)
	at java_programs.MERGESORT.mergesort(MERGESORT.java:47)
	at java_programs.MERGESORT.mergesort(MERGESORT.java:47)
	at java_programs.MERGESORT.mergesort(MERGESORT.java:47)
	at java_programs.MERGESORT.mergesort(MERGESORT.java:47)
	at java_programs.MERGESORT.mergesort(MERGESORT.java:47)
	at java_programs.MERGESORT.mergesort(MERGESORT.java:47)
	at java_programs.MERGESORT.mergesort(MERGESORT.java:47)
	at java_programs.MERGESORT.mergesort(MERGESORT.java:47)
	at java_programs.MERGESORT.mergesort(MERGESORT.java:47)
	at java_programs.MERGESORT.mergesort(MERGESORT.java:47)
	at java_programs.MERGESORT.mergesort(MERGESORT.java:47)
	at java_programs.MERGESORT.mergesort(MERGESORT.java:47)
	at java_programs.MERGESORT.mergesort(MERGESORT.java:47)
	at java_programs.MERGESORT.mergesort(MERGESORT.java:47)
	at java_programs.MERGESORT.mergesort(MERGESORT.java:47)
	at java_programs.MERGESORT.mergesort(MERGESORT.java:47)
	at java_programs.MERGESORT.mergesort(MERGESORT.java:47)
	at java_programs.MERGESORT.mergesort(MERGESORT.java:47)
	at java_programs.MERGESORT.mergesort(MERGESORT.java:47)
	at java_programs.MERGESORT.mergesort(MERGESORT.java:47)
	at java_programs.MERGESORT.mergesort(MERGESORT.java:47)
	at java_programs.MERGESORT.mergesort(MERGESORT.java:47)
	at java_programs.MERGESORT.mergesort(MERGESORT.java:47)
	at java_programs.MERGESORT.mergesort(MERGESORT.java:47)
	at java_programs.MERGESORT.mergesort(MERGESORT.java:47)
	at java_programs.MERGESORT.mergesort(MERGESORT.java:47)
	at java_programs.MERGESORT.mergesort(MERGESORT.java:47)
	at java_programs.MERGESORT.mergesort(MERGESORT.java:47)
	at java_programs.MERGESORT.mergesort(MERGESORT.java:47)
	at java_programs.MERGESORT.mergesort(MERGESORT.java:47)
	at java_programs.MERGESORT.mergesort(MERGESORT.java:47)
	at java_programs.MERGESORT.mergesort(MERGESORT.java:47)
	at java_programs.MERGESORT.mergesort(MERGESORT.java:47)
	at java_programs.MERGESORT.mergesort(MERGESORT.java:47)
	at java_programs.MERGESORT.mergesort(MERGESORT.java:47)
	at java_programs.MERGESORT.mergesort(MERGESORT.java:47)
	at java_programs.MERGESORT.mergesort(MERGESORT.java:47)
	at java_programs.MERGESORT.mergesort(MERGESORT.java:47)
	at java_programs.MERGESORT.mergesort(MERGESORT.java:47)
	at java_programs.MERGESORT.mergesort(MERGESORT.java:47)
	at java_programs.MERGESORT.mergesort(MERGESORT.java:47)
	at java_programs.MERGESORT.mergesort(MERGESORT.java:47)
	at java_programs.MERGESORT.mergesort(MERGESORT.java:47)
	at java_programs.MERGESORT.mergesort(MERGESORT.java:47)
	at java_programs.MERGESORT.mergesort(MERGESORT.java:47)
	at java_programs.MERGESORT.mergesort(MERGESORT.java:47)
	at java_programs.MERGESORT.mergesort(MERGESORT.java:47)
	at java_programs.MERGESORT.mergesort(MERGESORT.java:47)
	at java_programs.MERGESORT.mergesort(MERGESORT.java:47)
	at java_programs.MERGESORT.mergesort(MERGESORT.java:47)
	at java_programs.MERGESORT.mergesort(MERGESORT.java:47)
	at java_programs.MERGESORT.mergesort(MERGESORT.java:47)
	at java_programs.MERGESORT.mergesort(MERGESORT.java:47)
	at java_programs.MERGESORT.mergesort(MERGESORT.java:47)
	at java_programs.MERGESORT.mergesort(MERGESORT.java:47)
	at java_programs.MERGESORT.mergesort(MERGESORT.java:47)
	at java_programs.MERGESORT.mergesort(MERGESORT.java:47)
	at java_programs.MERGESORT.mergesort(MERGESORT.java:47)
	at java_programs.MERGESORT.mergesort(MERGESORT.java:47)
	at java_programs.MERGESORT.mergesort(MERGESORT.java:47)
	at java_programs.MERGESORT.mergesort(MERGESORT.java:47)
	at java_programs.MERGESORT.mergesort(MERGESORT.java:47)
	at java_programs.MERGESORT.mergesort(MERGESORT.java:47)
	at java_programs.MERGESORT.mergesort(MERGESORT.java:47)
	at java_programs.MERGESORT.mergesort(MERGESORT.java:47)
	at java_programs.MERGESORT.mergesort(MERGESORT.java:47)
	at java_programs.MERGESORT.mergesort(MERGESORT.java:47)
	at java_programs.MERGESORT.mergesort(MERGESORT.java:47)
	at java_programs.MERGESORT.mergesort(MERGESORT.java:47)
	at java_programs.MERGESORT.mergesort(MERGESORT.java:47)
	at java_programs.MERGESORT.mergesort(MERGESORT.java:47)
	at java_programs.MERGESORT.mergesort(MERGESORT.java:47)
	at java_programs.MERGESORT.mergesort(MERGESORT.java:47)
	at java_programs.MERGESORT.mergesort(MERGESORT.java:47)
	at java_programs.MERGESORT.mergesort(MERGESORT.java:47)
	at java_programs.MERGESORT.mergesort(MERGESORT.java:47)
	at java_programs.MERGESORT.mergesort(MERGESORT.java:47)
	at java_programs.MERGESORT.mergesort(MERGESORT.java:47)
	at java_programs.MERGESORT.mergesort(MERGESORT.java:47)
	at java_programs.MERGESORT.mergesort(MERGESORT.java:47)
	at java_programs.MERGESORT.mergesort(MERGESORT.java:47)
	at java_programs.MERGESORT.mergesort(MERGESORT.java:47)
	at java_programs.MERGESORT.mergesort(MERGESORT.java:47)
	at java_programs.MERGESORT.mergesort(MERGESORT.java:47)
	at java_programs.MERGESORT.mergesort(MERGESORT.java:47)
	at java_programs.MERGESORT.mergesort(MERGESORT.java:47)
	at java_programs.MERGESORT.mergesort(MERGESORT.java:47)
	at java_programs.MERGESORT.mergesort(MERGESORT.java:47)
	at java_programs.MERGESORT.mergesort(MERGESORT.java:47)
	at java_programs.MERGESORT.mergesort(MERGESORT.java:47)
	at java_programs.MERGESORT.mergesort(MERGESORT.java:47)
	at java_programs.MERGESORT.mergesort(MERGESORT.java:47)
	at java_programs.MERGESORT.mergesort(MERGESORT.java:47)
	at java_programs.MERGESORT.mergesort(MERGESORT.java:47)
	at java_programs.MERGESORT.mergesort(MERGESORT.java:47)
	at java_programs.MERGESORT.mergesort(MERGESORT.java:47)
	at java_programs.MERGESORT.mergesort(MERGESORT.java:47)
	at java_programs.MERGESORT.mergesort(MERGESORT.java:47)
	at java_programs.MERGESORT.mergesort(MERGESORT.java:47)
	at java_programs.MERGESORT.mergesort(MERGESORT.java:47)
	at java_programs.MERGESORT.mergesort(MERGESORT.java:47)
	at java_programs.MERGESORT.mergesort(MERGESORT.java:47)
	at java_programs.MERGESORT.mergesort(MERGESORT.java:47)
	at java_programs.MERGESORT.mergesort(MERGESORT.java:47)
	at java_programs.MERGESORT.mergesort(MERGESORT.java:47)
	at java_programs.MERGESORT.mergesort(MERGESORT.java:47)
	at java_programs.MERGESORT.mergesort(MERGESORT.java:47)
	at java_programs.MERGESORT.mergesort(MERGESORT.java:47)
	at java_programs.MERGESORT.mergesort(MERGESORT.java:47)
	at java_programs.MERGESORT.mergesort(MERGESORT.java:47)
	at java_programs.MERGESORT.mergesort(MERGESORT.java:47)
	at java_programs.MERGESORT.mergesort(MERGESORT.java:47)
	at java_programs.MERGESORT.mergesort(MERGESORT.java:47)
	at java_programs.MERGESORT.mergesort(MERGESORT.java:47)
	at java_programs.MERGESORT.mergesort(MERGESORT.java:47)
	at java_programs.MERGESORT.mergesort(MERGESORT.java:47)
	at java_programs.MERGESORT.mergesort(MERGESORT.java:47)
	at java_programs.MERGESORT.mergesort(MERGESORT.java:47)
	at java_programs.MERGESORT.mergesort(MERGESORT.java:47)
	at java_programs.MERGESORT.mergesort(MERGESORT.java:47)
	at java_programs.MERGESORT.mergesort(MERGESORT.java:47)
	at java_programs.MERGESORT.mergesort(MERGESORT.java:47)
	at java_programs.MERGESORT.mergesort(MERGESORT.java:47)
	at java_programs.MERGESORT.mergesort(MERGESORT.java:47)
	at java_programs.MERGESORT.mergesort(MERGESORT.java:47)
	at java_programs.MERGESORT.mergesort(MERGESORT.java:47)
	at java_programs.MERGESORT.mergesort(MERGESORT.java:47)
	at java_programs.MERGESORT.mergesort(MERGESORT.java:47)
	at java_programs.MERGESORT.mergesort(MERGESORT.java:47)
	at java_programs.MERGESORT.mergesort(MERGESORT.java:47)
	at java_programs.MERGESORT.mergesort(MERGESORT.java:47)
	at java_programs.MERGESORT.mergesort(MERGESORT.java:47)
	at java_programs.MERGESORT.mergesort(MERGESORT.java:47)
	at java_programs.MERGESORT.mergesort(MERGESORT.java:47)
	at java_programs.MERGESORT.mergesort(MERGESORT.java:47)
	at java_programs.MERGESORT.mergesort(MERGESORT.java:47)
	at java_programs.MERGESORT.mergesort(MERGESORT.java:47)
	at java_programs.MERGESORT.mergesort(MERGESORT.java:47)
	at java_programs.MERGESORT.mergesort(MERGESORT.java:47)
	at java_programs.MERGESORT.mergesort(MERGESORT.java:47)
	at java_programs.MERGESORT.mergesort(MERGESORT.java:47)
	at java_programs.MERGESORT.mergesort(MERGESORT.java:47)
	at java_programs.MERGESORT.mergesort(MERGESORT.java:47)
	at java_programs.MERGESORT.mergesort(MERGESORT.java:47)
	at java_programs.MERGESORT.mergesort(MERGESORT.java:47)
	at java_programs.MERGESORT.mergesort(MERGESORT.java:47)
	at java_programs.MERGESORT.mergesort(MERGESORT.java:47)
	at java_programs.MERGESORT.mergesort(MERGESORT.java:47)
	at java_programs.MERGESORT.mergesort(MERGESORT.java:47)
	at java_programs.MERGESORT.mergesort(MERGESORT.java:47)
	at java_programs.MERGESORT.mergesort(MERGESORT.java:47)
	at java_programs.MERGESORT.mergesort(MERGESORT.java:47)
	at java_programs.MERGESORT.mergesort(MERGESORT.java:47)
	at java_programs.MERGESORT.mergesort(MERGESORT.java:47)
	at java_programs.MERGESORT.mergesort(MERGESORT.java:47)
	at java_programs.MERGESORT.mergesort(MERGESORT.java:47)
	at java_programs.MERGESORT.mergesort(MERGESORT.java:47)
	at java_programs.MERGESORT.mergesort(MERGESORT.java:47)
	at java_programs.MERGESORT.mergesort(MERGESORT.java:47)
	at java_programs.MERGESORT.mergesort(MERGESORT.java:47)
	at java_programs.MERGESORT.mergesort(MERGESORT.java:47)
	at java_programs.MERGESORT.mergesort(MERGESORT.java:47)
	at java_programs.MERGESORT.mergesort(MERGESORT.java:47)
	at java_programs.MERGESORT.mergesort(MERGESORT.java:47)
	at java_programs.MERGESORT.mergesort(MERGESORT.java:47)
	at java_programs.MERGESORT.mergesort(MERGESORT.java:47)
	at java_programs.MERGESORT.mergesort(MERGESORT.java:47)
	at java_programs.MERGESORT.mergesort(MERGESORT.java:47)
	at java_programs.MERGESORT.mergesort(MERGESORT.java:47)
	at java_programs.MERGESORT.mergesort(MERGESORT.java:47)
	at java_programs.MERGESORT.mergesort(MERGESORT.java:47)
	at java_programs.MERGESORT.mergesort(MERGESORT.java:47)
	at java_programs.MERGESORT.mergesort(MERGESORT.java:47)
	at java_programs.MERGESORT.mergesort(MERGESORT.java:47)
	at java_programs.MERGESORT.mergesort(MERGESORT.java:47)
	at java_programs.MERGESORT.mergesort(MERGESORT.java:47)
	at java_programs.MERGESORT.mergesort(MERGESORT.java:47)
	at java_programs.MERGESORT.mergesort(MERGESORT.java:47)
	at java_programs.MERGESORT.mergesort(MERGESORT.java:47)
	at java_programs.MERGESORT.mergesort(MERGESORT.java:47)
	at java_programs.MERGESORT.mergesort(MERGESORT.java:47)
	at java_programs.MERGESORT.mergesort(MERGESORT.java:47)
	at java_programs.MERGESORT.mergesort(MERGESORT.java:47)
	at java_programs.MERGESORT.mergesort(MERGESORT.java:47)
	at java_programs.MERGESORT.mergesort(MERGESORT.java:47)
	at java_programs.MERGESORT.mergesort(MERGESORT.java:47)
	at java_programs.MERGESORT.mergesort(MERGESORT.java:47)
	at java_programs.MERGESORT.mergesort(MERGESORT.java:47)
	at java_programs.MERGESORT.mergesort(MERGESORT.java:47)
	at java_programs.MERGESORT.mergesort(MERGESORT.java:47)
	at java_programs.MERGESORT.mergesort(MERGESORT.java:47)
	at java_programs.MERGESORT.mergesort(MERGESORT.java:47)
	at java_programs.MERGESORT.mergesort(MERGESORT.java:47)
	at java_programs.MERGESORT.mergesort(MERGESORT.java:47)
	at java_programs.MERGESORT.mergesort(MERGESORT.java:47)
	at java_programs.MERGESORT.mergesort(MERGESORT.java:47)
	at java_programs.MERGESORT.mergesort(MERGESORT.java:47)
	at java_programs.MERGESORT.mergesort(MERGESORT.java:47)
	at java_programs.MERGESORT.mergesort(MERGESORT.java:47)
	at java_programs.MERGESORT.mergesort(MERGESORT.java:47)
	at java_programs.MERGESORT.mergesort(MERGESORT.java:47)
	at java_programs.MERGESORT.mergesort(MERGESORT.java:47)
	at java_programs.MERGESORT.mergesort(MERGESORT.java:47)
	at java_programs.MERGESORT.mergesort(MERGESORT.java:47)
	at java_programs.MERGESORT.mergesort(MERGESORT.java:47)
	at java_programs.MERGESORT.mergesort(MERGESORT.java:47)
	at java_programs.MERGESORT.mergesort(MERGESORT.java:47)
	at java_programs.MERGESORT.mergesort(MERGESORT.java:47)
	at java_programs.MERGESORT.mergesort(MERGESORT.java:47)
	at java_programs.MERGESORT.mergesort(MERGESORT.java:47)
	at java_programs.MERGESORT.mergesort(MERGESORT.java:47)
	at java_programs.MERGESORT.mergesort(MERGESORT.java:47)
	at java_programs.MERGESORT.mergesort(MERGESORT.java:47)
	at java_programs.MERGESORT.mergesort(MERGESORT.java:47)
	at java_programs.MERGESORT.mergesort(MERGESORT.java:47)
	at java_programs.MERGESORT.mergesort(MERGESORT.java:47)
	at java_programs.MERGESORT.mergesort(MERGESORT.java:47)
	at java_programs.MERGESORT.mergesort(MERGESORT.java:47)
	at java_programs.MERGESORT.mergesort(MERGESORT.java:47)
	at java_programs.MERGESORT.mergesort(MERGESORT.java:47)
	at java_programs.MERGESORT.mergesort(MERGESORT.java:47)
	at java_programs.MERGESORT.mergesort(MERGESORT.java:47)
	at java_programs.MERGESORT.mergesort(MERGESORT.java:47)
	at java_programs.MERGESORT.mergesort(MERGESORT.java:47)
	at java_programs.MERGESORT.mergesort(MERGESORT.java:47)
	at java_programs.MERGESORT.mergesort(MERGESORT.java:47)
	at java_programs.MERGESORT.mergesort(MERGESORT.java:47)
	at java_programs.MERGESORT.mergesort(MERGESORT.java:47)
	at java_programs.MERGESORT.mergesort(MERGESORT.java:47)
	at java_programs.MERGESORT.mergesort(MERGESORT.java:47)
	at java_programs.MERGESORT.mergesort(MERGESORT.java:47)
	at java_programs.MERGESORT.mergesort(MERGESORT.java:47)
	at java_programs.MERGESORT.mergesort(MERGESORT.java:47)
	at java_programs.MERGESORT.mergesort(MERGESORT.java:47)
	at java_programs.MERGESORT.mergesort(MERGESORT.java:47)
	at java_programs.MERGESORT.mergesort(MERGESORT.java:47)
	at java_programs.MERGESORT.mergesort(MERGESORT.java:47)
	at java_programs.MERGESORT.mergesort(MERGESORT.java:47)
	at java_programs.MERGESORT.mergesort(MERGESORT.java:47)
	at java_programs.MERGESORT.mergesort(MERGESORT.java:47)
	at java_programs.MERGESORT.mergesort(MERGESORT.java:47)
	at java_programs.MERGESORT.mergesort(MERGESORT.java:47)
	at java_programs.MERGESORT.mergesort(MERGESORT.java:47)
	at java_programs.MERGESORT.mergesort(MERGESORT.java:47)
	at java_programs.MERGESORT.mergesort(MERGESORT.java:47)
	at java_programs.MERGESORT.mergesort(MERGESORT.java:47)
	at java_programs.MERGESORT.mergesort(MERGESORT.java:47)
	at java_programs.MERGESORT.mergesort(MERGESORT.java:47)
	at java_programs.MERGESORT.mergesort(MERGESORT.java:47)
	at java_programs.MERGESORT.mergesort(MERGESORT.java:47)
	at java_programs.MERGESORT.mergesort(MERGESORT.java:47)
	at java_programs.MERGESORT.mergesort(MERGESORT.java:47)
	at java_programs.MERGESORT.mergesort(MERGESORT.java:47)
	at java_programs.MERGESORT.mergesort(MERGESORT.java:47)
	at java_programs.MERGESORT.mergesort(MERGESORT.java:47)
	at java_programs.MERGESORT.mergesort(MERGESORT.java:47)
	at java_programs.MERGESORT.mergesort(MERGESORT.java:47)
	at java_programs.MERGESORT.mergesort(MERGESORT.java:47)
	at java_programs.MERGESORT.mergesort(MERGESORT.java:47)
	at java_programs.MERGESORT.mergesort(MERGESORT.java:47)
	at java_programs.MERGESORT.mergesort(MERGESORT.java:47)
	at java_programs.MERGESORT.mergesort(MERGESORT.java:47)
	at java_programs.MERGESORT.mergesort(MERGESORT.java:47)
	at java_programs.MERGESORT.mergesort(MERGESORT.java:47)
	at java_programs.MERGESORT.mergesort(MERGESORT.java:47)
	at java_programs.MERGESORT.mergesort(MERGESORT.java:47)
	at java_programs.MERGESORT.mergesort(MERGESORT.java:47)
	at java_programs.MERGESORT.mergesort(MERGESORT.java:47)
	at java_programs.MERGESORT.mergesort(MERGESORT.java:47)
	at java_programs.MERGESORT.mergesort(MERGESORT.java:47)
	at java_programs.MERGESORT.mergesort(MERGESORT.java:47)
	at java_programs.MERGESORT.mergesort(MERGESORT.java:47)
	at java_programs.MERGESORT.mergesort(MERGESORT.java:47)
	at java_programs.MERGESORT.mergesort(MERGESORT.java:47)
	at java_programs.MERGESORT.mergesort(MERGESORT.java:47)
	at java_programs.MERGESORT.mergesort(MERGESORT.java:47)
	at java_programs.MERGESORT.mergesort(MERGESORT.java:47)
	at java_programs.MERGESORT.mergesort(MERGESORT.java:47)
	at java_programs.MERGESORT.mergesort(MERGESORT.java:47)
	at java_programs.MERGESORT.mergesort(MERGESORT.java:47)
	at java_programs.MERGESORT.mergesort(MERGESORT.java:47)
	at java_programs.MERGESORT.mergesort(MERGESORT.java:47)
	at java_programs.MERGESORT.mergesort(MERGESORT.java:47)
	at java_programs.MERGESORT.mergesort(MERGESORT.java:47)
	at java_programs.MERGESORT.mergesort(MERGESORT.java:47)
	at java_programs.MERGESORT.mergesort(MERGESORT.java:47)
	at java_programs.MERGESORT.mergesort(MERGESORT.java:47)
	at java_programs.MERGESORT.mergesort(MERGESORT.java:47)
	at java_programs.MERGESORT.mergesort(MERGESORT.java:47)
	at java_programs.MERGESORT.mergesort(MERGESORT.java:47)
	at java_programs.MERGESORT.mergesort(MERGESORT.java:47)
	at java_programs.MERGESORT.mergesort(MERGESORT.java:47)
	at java_programs.MERGESORT.mergesort(MERGESORT.java:47)
	at java_programs.MERGESORT.mergesort(MERGESORT.java:47)
	at java_programs.MERGESORT.mergesort(MERGESORT.java:47)
	at java_programs.MERGESORT.mergesort(MERGESORT.java:47)
	at java_programs.MERGESORT.mergesort(MERGESORT.java:47)
	at java_programs.MERGESORT.mergesort(MERGESORT.java:47)
	at java_programs.MERGESORT.mergesort(MERGESORT.java:47)
	at java_programs.MERGESORT.mergesort(MERGESORT.java:47)
	at java_programs.MERGESORT.mergesort(MERGESORT.java:47)
	at java_programs.MERGESORT.mergesort(MERGESORT.java:47)
	at java_programs.MERGESORT.mergesort(MERGESORT.java:47)
	at java_programs.MERGESORT.mergesort(MERGESORT.java:47)
	at java_programs.MERGESORT.mergesort(MERGESORT.java:47)
	at java_programs.MERGESORT.mergesort(MERGESORT.java:47)
	at java_programs.MERGESORT.mergesort(MERGESORT.java:47)
	at java_programs.MERGESORT.mergesort(MERGESORT.java:47)
	at java_programs.MERGESORT.mergesort(MERGESORT.java:47)
	at java_programs.MERGESORT.mergesort(MERGESORT.java:47)
	at java_programs.MERGESORT.mergesort(MERGESORT.java:47)
	at java_programs.MERGESORT.mergesort(MERGESORT.java:47)
	at java_programs.MERGESORT.mergesort(MERGESORT.java:47)
	at java_programs.MERGESORT.mergesort(MERGESORT.java:47)
	at java_programs.MERGESORT.mergesort(MERGESORT.java:47)
	at java_programs.MERGESORT.mergesort(MERGESORT.java:47)
	at java_programs.MERGESORT.mergesort(MERGESORT.java:47)
	at java_programs.MERGESORT.mergesort(MERGESORT.java:47)
	at java_programs.MERGESORT.mergesort(MERGESORT.java:47)
	at java_programs.MERGESORT.mergesort(MERGESORT.java:47)
	at java_programs.MERGESORT.mergesort(MERGESORT.java:47)
	at java_programs.MERGESORT.mergesort(MERGESORT.java:47)
	at java_programs.MERGESORT.mergesort(MERGESORT.java:47)
	at java_programs.MERGESORT.mergesort(MERGESORT.java:47)
	at java_programs.MERGESORT.mergesort(MERGESORT.java:47)
	at java_programs.MERGESORT.mergesort(MERGESORT.java:47)
	at java_programs.MERGESORT.mergesort(MERGESORT.java:47)
	at java_programs.MERGESORT.mergesort(MERGESORT.java:47)
	at java_programs.MERGESORT.mergesort(MERGESORT.java:47)
	at java_programs.MERGESORT.mergesort(MERGESORT.java:47)
	at java_programs.MERGESORT.mergesort(MERGESORT.java:47)
	at java_programs.MERGESORT.mergesort(MERGESORT.java:47)
	at java_programs.MERGESORT.mergesort(MERGESORT.java:47)
	at java_programs.MERGESORT.mergesort(MERGESORT.java:47)
	at java_programs.MERGESORT.mergesort(MERGESORT.java:47)
	at java_programs.MERGESORT.mergesort(MERGESORT.java:47)
	at java_programs.MERGESORT.mergesort(MERGESORT.java:47)
	at java_programs.MERGESORT.mergesort(MERGESORT.java:47)
	at java_programs.MERGESORT.mergesort(MERGESORT.java:47)
	at java_programs.MERGESORT.mergesort(MERGESORT.java:47)
	at java_programs.MERGESORT.mergesort(MERGESORT.java:47)
	at java_programs.MERGESORT.mergesort(MERGESORT.java:47)
	at java_programs.MERGESORT.mergesort(MERGESORT.java:47)
	at java_programs.MERGESORT.mergesort(MERGESORT.java:47)
	at java_programs.MERGESORT.mergesort(MERGESORT.java:47)
	at java_programs.MERGESORT.mergesort(MERGESORT.java:47)
	at java_programs.MERGESORT.mergesort(MERGESORT.java:47)
	at java_programs.MERGESORT.mergesort(MERGESORT.java:47)
	at java_programs.MERGESORT.mergesort(MERGESORT.java:47)
	at java_programs.MERGESORT.mergesort(MERGESORT.java:47)
	at java_programs.MERGESORT.mergesort(MERGESORT.java:47)
	at java_programs.MERGESORT.mergesort(MERGESORT.java:47)
	at java_programs.MERGESORT.mergesort(MERGESORT.java:47)
	at java_programs.MERGESORT.mergesort(MERGESORT.java:47)
	at java_programs.MERGESORT.mergesort(MERGESORT.java:47)
	at java_programs.MERGESORT.mergesort(MERGESORT.java:47)
	at java_programs.MERGESORT.mergesort(MERGESORT.java:47)
	at java_programs.MERGESORT.mergesort(MERGESORT.java:47)
	at java_programs.MERGESORT.mergesort(MERGESORT.java:47)
	at java_programs.MERGESORT.mergesort(MERGESORT.java:47)
	at java_programs.MERGESORT.mergesort(MERGESORT.java:47)
	at java_programs.MERGESORT.mergesort(MERGESORT.java:47)
	at java_programs.MERGESORT.mergesort(MERGESORT.java:47)
	at java_programs.MERGESORT.mergesort(MERGESORT.java:47)
	at java_programs.MERGESORT.mergesort(MERGESORT.java:47)
	at java_programs.MERGESORT.mergesort(MERGESORT.java:47)
	at java_programs.MERGESORT.mergesort(MERGESORT.java:47)
	at java_programs.MERGESORT.mergesort(MERGESORT.java:47)
	at java_programs.MERGESORT.mergesort(MERGESORT.java:47)
	at java_programs.MERGESORT.mergesort(MERGESORT.java:47)
	at java_programs.MERGESORT.mergesort(MERGESORT.java:47)
	at java_programs.MERGESORT.mergesort(MERGESORT.java:47)
	at java_programs.MERGESORT.mergesort(MERGESORT.java:47)
	at java_programs.MERGESORT.mergesort(MERGESORT.java:47)
	at java_programs.MERGESORT.mergesort(MERGESORT.java:47)
	at java_programs.MERGESORT.mergesort(MERGESORT.java:47)
	at java_programs.MERGESORT.mergesort(MERGESORT.java:47)
	at java_programs.MERGESORT.mergesort(MERGESORT.java:47)
	at java_programs.MERGESORT.mergesort(MERGESORT.java:47)
	at java_programs.MERGESORT.mergesort(MERGESORT.java:47)
	at java_programs.MERGESORT.mergesort(MERGESORT.java:47)
	at java_programs.MERGESORT.mergesort(MERGESORT.java:47)
	at java_programs.MERGESORT.mergesort(MERGESORT.java:47)
	at java_programs.MERGESORT.mergesort(MERGESORT.java:47)
	at java_programs.MERGESORT.mergesort(MERGESORT.java:47)
	at java_programs.MERGESORT.mergesort(MERGESORT.java:47)
	at java_programs.MERGESORT.mergesort(MERGESORT.java:47)
	at java_programs.MERGESORT.mergesort(MERGESORT.java:47)
	at java_programs.MERGESORT.mergesort(MERGESORT.java:47)
	at java_programs.MERGESORT.mergesort(MERGESORT.java:47)
	at java_programs.MERGESORT.mergesort(MERGESORT.java:47)
	at java_programs.MERGESORT.mergesort(MERGESORT.java:47)
	at java_programs.MERGESORT.mergesort(MERGESORT.java:47)
	at java_programs.MERGESORT.mergesort(MERGESORT.java:47)
	at java_programs.MERGESORT.mergesort(MERGESORT.java:47)
	at java_programs.MERGESORT.mergesort(MERGESORT.java:47)
	at java_programs.MERGESORT.mergesort(MERGESORT.java:47)
	at java_programs.MERGESORT.mergesort(MERGESORT.java:47)
	at java_programs.MERGESORT.mergesort(MERGESORT.java:47)
	at java_programs.MERGESORT.mergesort(MERGESORT.java:47)
	at java_programs.MERGESORT.mergesort(MERGESORT.java:47)
	at java_programs.MERGESORT.mergesort(MERGESORT.java:47)
	at java_programs.MERGESORT.mergesort(MERGESORT.java:47)
	at java_programs.MERGESORT.mergesort(MERGESORT.java:47)
	at java_programs.MERGESORT.mergesort(MERGESORT.java:47)
	at java_programs.MERGESORT.mergesort(MERGESORT.java:47)
	at java_programs.MERGESORT.mergesort(MERGESORT.java:47)
	at java_programs.MERGESORT.mergesort(MERGESORT.java:47)
	at java_programs.MERGESORT.mergesort(MERGESORT.java:47)
	at java_programs.MERGESORT.mergesort(MERGESORT.java:47)
	at java_programs.MERGESORT.mergesort(MERGESORT.java:47)
	at java_programs.MERGESORT.mergesort(MERGESORT.java:47)
	at java_programs.MERGESORT.mergesort(MERGESORT.java:47)
	at java_programs.MERGESORT.mergesort(MERGESORT.java:47)
	at java_programs.MERGESORT.mergesort(MERGESORT.java:47)
	at java_programs.MERGESORT.mergesort(MERGESORT.java:47)
	at java_programs.MERGESORT.mergesort(MERGESORT.java:47)
	at java_programs.MERGESORT.mergesort(MERGESORT.java:47)
	at java_programs.MERGESORT.mergesort(MERGESORT.java:47)
	at java_programs.MERGESORT.mergesort(MERGESORT.java:47)
	at java_programs.MERGESORT.mergesort(MERGESORT.java:47)
	at java_programs.MERGESORT.mergesort(MERGESORT.java:47)
	at java_programs.MERGESORT.mergesort(MERGESORT.java:47)
	at java_programs.MERGESORT.mergesort(MERGESORT.java:47)
	at java_programs.MERGESORT.mergesort(MERGESORT.java:47)
	at java_programs.MERGESORT.mergesort(MERGESORT.java:47)
	at java_programs.MERGESORT.mergesort(MERGESORT.java:47)
	at java_programs.MERGESORT.mergesort(MERGESORT.java:47)
	at java_programs.MERGESORT.mergesort(MERGESORT.java:47)
	at java_programs.MERGESORT.mergesort(MERGESORT.java:47)
	at java_programs.MERGESORT.mergesort(MERGESORT.java:47)
	at java_programs.MERGESORT.mergesort(MERGESORT.java:47)
	at java_programs.MERGESORT.mergesort(MERGESORT.java:47)
	at java_programs.MERGESORT.mergesort(MERGESORT.java:47)
	at java_programs.MERGESORT.mergesort(MERGESORT.java:47)
	at java_programs.MERGESORT.mergesort(MERGESORT.java:47)
	at java_programs.MERGESORT.mergesort(MERGESORT.java:47)
	at java_programs.MERGESORT.mergesort(MERGESORT.java:47)
	at java_programs.MERGESORT.mergesort(MERGESORT.java:47)
	at java_programs.MERGESORT.mergesort(MERGESORT.java:47)
	at java_programs.MERGESORT.mergesort(MERGESORT.java:47)
	at java_programs.MERGESORT.mergesort(MERGESORT.java:47)
	at java_programs.MERGESORT.mergesort(MERGESORT.java:47)
	at java_programs.MERGESORT.mergesort(MERGESORT.java:47)
	at java_programs.MERGESORT.mergesort(MERGESORT.java:47)
	at java_programs.MERGESORT.mergesort(MERGESORT.java:47)
	at java_programs.MERGESORT.mergesort(MERGESORT.java:47)
	at java_programs.MERGESORT.mergesort(MERGESORT.java:47)
	at java_programs.MERGESORT.mergesort(MERGESORT.java:47)
	at java_programs.MERGESORT.mergesort(MERGESORT.java:47)
	at java_programs.MERGESORT.mergesort(MERGESORT.java:47)
	at java_programs.MERGESORT.mergesort(MERGESORT.java:47)
	at java_programs.MERGESORT.mergesort(MERGESORT.java:47)
	at java_programs.MERGESORT.mergesort(MERGESORT.java:47)
	at java_programs.MERGESORT.mergesort(MERGESORT.java:47)
	at java_programs.MERGESORT.mergesort(MERGESORT.java:47)
	at java_programs.MERGESORT.mergesort(MERGESORT.java:47)
	at java_programs.MERGESORT.mergesort(MERGESORT.java:47)
	at java_programs.MERGESORT.mergesort(MERGESORT.java:47)
	at java_programs.MERGESORT.mergesort(MERGESORT.java:47)
	at java_programs.MERGESORT.mergesort(MERGESORT.java:47)
	at java_programs.MERGESORT.mergesort(MERGESORT.java:47)
	at java_programs.MERGESORT.mergesort(MERGESORT.java:47)
	at java_programs.MERGESORT.mergesort(MERGESORT.java:47)
	at java_programs.MERGESORT.mergesort(MERGESORT.java:47)
	at java_programs.MERGESORT.mergesort(MERGESORT.java:47)
	at java_programs.MERGESORT.mergesort(MERGESORT.java:47)
	at java_programs.MERGESORT.mergesort(MERGESORT.java:47)
	at java_programs.MERGESORT.mergesort(MERGESORT.java:47)
	at java_programs.MERGESORT.mergesort(MERGESORT.java:47)
	at java_programs.MERGESORT.mergesort(MERGESORT.java:47)
	at java_programs.MERGESORT.mergesort(MERGESORT.java:47)
	at java_programs.MERGESORT.mergesort(MERGESORT.java:47)
	at java_programs.MERGESORT.mergesort(MERGESORT.java:47)
	at java_programs.MERGESORT.mergesort(MERGESORT.java:47)
	at java_programs.MERGESORT.mergesort(MERGESORT.java:47)
	at java_programs.MERGESORT.mergesort(MERGESORT.java:47)
	at java_programs.MERGESORT.mergesort(MERGESORT.java:47)
	at java_programs.MERGESORT.mergesort(MERGESORT.java:47)
	at java_programs.MERGESORT.mergesort(MERGESORT.java:47)
	at java_programs.MERGESORT.mergesort(MERGESORT.java:47)
	at java_programs.MERGESORT.mergesort(MERGESORT.java:47)
	at java_programs.MERGESORT.mergesort(MERGESORT.java:47)
	at java_programs.MERGESORT.mergesort(MERGESORT.java:47)
	at java_programs.MERGESORT.mergesort(MERGESORT.java:47)
	at java_programs.MERGESORT.mergesort(MERGESORT.java:47)
	at java_programs.MERGESORT.mergesort(MERGESORT.java:47)
	at java_programs.MERGESORT.mergesort(MERGESORT.java:47)
	at java_programs.MERGESORT.mergesort(MERGESORT.java:47)
	at java_programs.MERGESORT.mergesort(MERGESORT.java:47)
	at java_programs.MERGESORT.mergesort(MERGESORT.java:47)
	at java_programs.MERGESORT.mergesort(MERGESORT.java:47)
	at java_programs.MERGESORT.mergesort(MERGESORT.java:47)
	at java_programs.MERGESORT.mergesort(MERGESORT.java:47)
	at java_programs.MERGESORT.mergesort(MERGESORT.java:47)
	at java_programs.MERGESORT.mergesort(MERGESORT.java:47)
	at java_programs.MERGESORT.mergesort(MERGESORT.java:47)
	at java_programs.MERGESORT.mergesort(MERGESORT.java:47)
	at java_programs.MERGESORT.mergesort(MERGESORT.java:47)
	at java_programs.MERGESORT.mergesort(MERGESORT.java:47)
	at java_programs.MERGESORT.mergesort(MERGESORT.java:47)
	at java_programs.MERGESORT.mergesort(MERGESORT.java:47)
	at java_programs.MERGESORT.mergesort(MERGESORT.java:47)
	at java_programs.MERGESORT.mergesort(MERGESORT.java:47)
	at java_programs.MERGESORT.mergesort(MERGESORT.java:47)
	at java_programs.MERGESORT.mergesort(MERGESORT.java:47)
	at java_programs.MERGESORT.mergesort(MERGESORT.java:47)
	at java_programs.MERGESORT.mergesort(MERGESORT.java:47)
	at java_programs.MERGESORT.mergesort(MERGESORT.java:47)
	at java_programs.MERGESORT.mergesort(MERGESORT.java:47)
	at java_programs.MERGESORT.mergesort(MERGESORT.java:47)
	at java_programs.MERGESORT.mergesort(MERGESORT.java:47)
	at java_programs.MERGESORT.mergesort(MERGESORT.java:47)
	at java_programs.MERGESORT.mergesort(MERGESORT.java:47)
	at java_programs.MERGESORT.mergesort(MERGESORT.java:47)
	at java_programs.MERGESORT.mergesort(MERGESORT.java:47)
	at java_programs.MERGESORT.mergesort(MERGESORT.java:47)
	at java_programs.MERGESORT.mergesort(MERGESORT.java:47)
	at java_programs.MERGESORT.mergesort(MERGESORT.java:47)
	at java_programs.MERGESORT.mergesort(MERGESORT.java:47)
	at java_programs.MERGESORT.mergesort(MERGESORT.java:47)
	at java_programs.MERGESORT.mergesort(MERGESORT.java:47)
	at java_programs.MERGESORT.mergesort(MERGESORT.java:47)
	at java_programs.MERGESORT.mergesort(MERGESORT.java:47)
	at java_programs.MERGESORT.mergesort(MERGESORT.java:47)
	at java_programs.MERGESORT.mergesort(MERGESORT.java:47)
	at java_programs.MERGESORT.mergesort(MERGESORT.java:47)
	at java_programs.MERGESORT.mergesort(MERGESORT.java:47)
	at java_programs.MERGESORT.mergesort(MERGESORT.java:47)
	at java_programs.MERGESORT.mergesort(MERGESORT.java:47)
	at java_programs.MERGESORT.mergesort(MERGESORT.java:47)
	at java_programs.MERGESORT.mergesort(MERGESORT.java:47)
	at java_programs.MERGESORT.mergesort(MERGESORT.java:47)
	at java_programs.MERGESORT.mergesort(MERGESORT.java:47)
	at java_programs.MERGESORT.mergesort(MERGESORT.java:47)
	at java_programs.MERGESORT.mergesort(MERGESORT.java:47)
	at java_programs.MERGESORT.mergesort(MERGESORT.java:47)
	at java_programs.MERGESORT.mergesort(MERGESORT.java:47)
	at java_programs.MERGESORT.mergesort(MERGESORT.java:47)
	at java_programs.MERGESORT.mergesort(MERGESORT.java:47)
	at java_programs.MERGESORT.mergesort(MERGESORT.java:47)
	at java_programs.MERGESORT.mergesort(MERGESORT.java:47)
	at java_programs.MERGESORT.mergesort(MERGESORT.java:47)
	at java_programs.MERGESORT.mergesort(MERGESORT.java:47)
	at java_programs.MERGESORT.mergesort(MERGESORT.java:47)
	at java_programs.MERGESORT.mergesort(MERGESORT.java:47)
	at java_programs.MERGESORT.mergesort(MERGESORT.java:47)
	at java_programs.MERGESORT.mergesort(MERGESORT.java:47)
	at java_programs.MERGESORT.mergesort(MERGESORT.java:47)
	at java_programs.MERGESORT.mergesort(MERGESORT.java:47)
	at java_programs.MERGESORT.mergesort(MERGESORT.java:47)
	at java_programs.MERGESORT.mergesort(MERGESORT.java:47)
	at java_programs.MERGESORT.mergesort(MERGESORT.java:47)
	at java_programs.MERGESORT.mergesort(MERGESORT.java:47)
	at java_programs.MERGESORT.mergesort(MERGESORT.java:47)
	at java_programs.MERGESORT.mergesort(MERGESORT.java:47)
	at java_programs.MERGESORT.mergesort(MERGESORT.java:47)
	at java_programs.MERGESORT.mergesort(MERGESORT.java:47)
	at java_programs.MERGESORT.mergesort(MERGESORT.java:47)
	at java_programs.MERGESORT.mergesort(MERGESORT.java:47)
	at java_programs.MERGESORT.mergesort(MERGESORT.java:47)
	at java_programs.MERGESORT.mergesort(MERGESORT.java:47)
	at java_programs.MERGESORT.mergesort(MERGESORT.java:47)
	at java_programs.MERGESORT.mergesort(MERGESORT.java:47)
	at java_programs.MERGESORT.mergesort(MERGESORT.java:47)
	at java_programs.MERGESORT.mergesort(MERGESORT.java:47)
	at java_programs.MERGESORT.mergesort(MERGESORT.java:47)
	at java_programs.MERGESORT.mergesort(MERGESORT.java:47)
	at java_programs.MERGESORT.mergesort(MERGESORT.java:47)
	at java_programs.MERGESORT.mergesort(MERGESORT.java:47)
	at java_programs.MERGESORT.mergesort(MERGESORT.java:47)
	at java_programs.MERGESORT.mergesort(MERGESORT.java:47)
	at java_programs.MERGESORT.mergesort(MERGESORT.java:47)
	at java_programs.MERGESORT.mergesort(MERGESORT.java:47)
	at java_programs.MERGESORT.mergesort(MERGESORT.java:47)
	at java_programs.MERGESORT.mergesort(MERGESORT.java:47)
	at java_programs.MERGESORT.mergesort(MERGESORT.java:47)
	at java_programs.MERGESORT.mergesort(MERGESORT.java:47)
	at java_programs.MERGESORT.mergesort(MERGESORT.java:47)
	at java_programs.MERGESORT.mergesort(MERGESORT.java:47)
	at java_programs.MERGESORT.mergesort(MERGESORT.java:47)
	at java_programs.MERGESORT.mergesort(MERGESORT.java:47)
	at java_programs.MERGESORT.mergesort(MERGESORT.java:47)
	at java_programs.MERGESORT.mergesort(MERGESORT.java:47)
	at java_programs.MERGESORT.mergesort(MERGESORT.java:47)
	at java_programs.MERGESORT.mergesort(MERGESORT.java:47)
	at java_programs.MERGESORT.mergesort(MERGESORT.java:47)
	at java_programs.MERGESORT.mergesort(MERGESORT.java:47)
	at java_programs.MERGESORT.mergesort(MERGESORT.java:47)
	at java_programs.MERGESORT.mergesort(MERGESORT.java:47)
	at java_programs.MERGESORT.mergesort(MERGESORT.java:47)
	at java_programs.MERGESORT.mergesort(MERGESORT.java:47)
	at java_programs.MERGESORT.mergesort(MERGESORT.java:47)
	at java_programs.MERGESORT.mergesort(MERGESORT.java:47)
	at java_programs.MERGESORT.mergesort(MERGESORT.java:47)
	at java_programs.MERGESORT.mergesort(MERGESORT.java:47)
	at java_programs.MERGESORT.mergesort(MERGESORT.java:47)
	at java_programs.MERGESORT.mergesort(MERGESORT.java:47)
	at java_programs.MERGESORT.mergesort(MERGESORT.java:47)
	at java_programs.MERGESORT.mergesort(MERGESORT.java:47)
	at java_programs.MERGESORT.mergesort(MERGESORT.java:47)
	at java_programs.MERGESORT.mergesort(MERGESORT.java:47)
	at java_programs.MERGESORT.mergesort(MERGESORT.java:47)
	at java_programs.MERGESORT.mergesort(MERGESORT.java:47)
	at java_programs.MERGESORT.mergesort(MERGESORT.java:47)
	at java_programs.MERGESORT.mergesort(MERGESORT.java:47)
	at java_programs.MERGESORT.mergesort(MERGESORT.java:47)
	at java_programs.MERGESORT.mergesort(MERGESORT.java:47)
	at java_programs.MERGESORT.mergesort(MERGESORT.java:47)
	at java_programs.MERGESORT.mergesort(MERGESORT.java:47)
	at java_programs.MERGESORT.mergesort(MERGESORT.java:47)
	at java_programs.MERGESORT.mergesort(MERGESORT.java:47)
	at java_programs.MERGESORT.mergesort(MERGESORT.java:47)
	at java_programs.MERGESORT.mergesort(MERGESORT.java:47)
	at java_programs.MERGESORT.mergesort(MERGESORT.java:47)
	at java_programs.MERGESORT.mergesort(MERGESORT.java:47)
	at java_programs.MERGESORT.mergesort(MERGESORT.java:47)
	at java_programs.MERGESORT.mergesort(MERGESORT.java:47)
	at java_programs.MERGESORT.mergesort(MERGESORT.java:47)
	at java_programs.MERGESORT.mergesort(MERGESORT.java:47)
	at java_programs.MERGESORT.mergesort(MERGESORT.java:47)
	at java_programs.MERGESORT.mergesort(MERGESORT.java:47)
	at java_programs.MERGESORT.mergesort(MERGESORT.java:47)
	at java_programs.MERGESORT.mergesort(MERGESORT.java:47)
	at java_programs.MERGESORT.mergesort(MERGESORT.java:47)
	at java_programs.MERGESORT.mergesort(MERGESORT.java:47)
	at java_programs.MERGESORT.mergesort(MERGESORT.java:47)
	at java_programs.MERGESORT.mergesort(MERGESORT.java:47)
	at java_programs.MERGESORT.mergesort(MERGESORT.java:47)
	at java_programs.MERGESORT.mergesort(MERGESORT.java:47)
	at java_programs.MERGESORT.mergesort(MERGESORT.java:47)
	at java_programs.MERGESORT.mergesort(MERGESORT.java:47)
	at java_programs.MERGESORT.mergesort(MERGESORT.java:47)
	at java_programs.MERGESORT.mergesort(MERGESORT.java:47)
	at java_programs.MERGESORT.mergesort(MERGESORT.java:47)
	at java_programs.MERGESORT.mergesort(MERGESORT.java:47)
	at java_programs.MERGESORT.mergesort(MERGESORT.java:47)
	at java_programs.MERGESORT.mergesort(MERGESORT.java:47)
	at java_programs.MERGESORT.mergesort(MERGESORT.java:47)
	at java_programs.MERGESORT.mergesort(MERGESORT.java:47)
	at java_programs.MERGESORT.mergesort(MERGESORT.java:47)
	at java_programs.MERGESORT.mergesort(MERGESORT.java:47)
	at java_programs.MERGESORT.mergesort(MERGESORT.java:47)
	at java_programs.MERGESORT.mergesort(MERGESORT.java:47)
	at java_programs.MERGESORT.mergesort(MERGESORT.java:47)
	at java_programs.MERGESORT.mergesort(MERGESORT.java:47)
	at java_programs.MERGESORT.mergesort(MERGESORT.java:47)
	at java_programs.MERGESORT.mergesort(MERGESORT.java:47)
	at java_programs.MERGESORT.mergesort(MERGESORT.java:47)
	at java_programs.MERGESORT.mergesort(MERGESORT.java:47)
	at java_programs.MERGESORT.mergesort(MERGESORT.java:47)
	at java_programs.MERGESORT.mergesort(MERGESORT.java:47)
	at java_programs.MERGESORT.mergesort(MERGESORT.java:47)
	at java_programs.MERGESORT.mergesort(MERGESORT.java:47)
	at java_programs.MERGESORT.mergesort(MERGESORT.java:47)
	at java_programs.MERGESORT.mergesort(MERGESORT.java:47)
	at java_programs.MERGESORT.mergesort(MERGESORT.java:47)
	at java_programs.MERGESORT.mergesort(MERGESORT.java:47)
	at java_programs.MERGESORT.mergesort(MERGESORT.java:47)
	at java_programs.MERGESORT.mergesort(MERGESORT.java:47)
	at java_programs.MERGESORT.mergesort(MERGESORT.java:47)
	at java_programs.MERGESORT.mergesort(MERGESORT.java:47)
	at java_programs.MERGESORT.mergesort(MERGESORT.java:47)
	at java_programs.MERGESORT.mergesort(MERGESORT.java:47)
	at java_programs.MERGESORT.mergesort(MERGESORT.java:47)
	at java_programs.MERGESORT.mergesort(MERGESORT.java:47)
	at java_programs.MERGESORT.mergesort(MERGESORT.java:47)
	at java_programs.MERGESORT.mergesort(MERGESORT.java:47)
	at java_programs.MERGESORT.mergesort(MERGESORT.java:47)
	at java_programs.MERGESORT.mergesort(MERGESORT.java:47)
	at java_programs.MERGESORT.mergesort(MERGESORT.java:47)
	at java_programs.MERGESORT.mergesort(MERGESORT.java:47)
	at java_programs.MERGESORT.mergesort(MERGESORT.java:47)
	at java_programs.MERGESORT.mergesort(MERGESORT.java:47)
	at java_programs.MERGESORT.mergesort(MERGESORT.java:47)
	at java_programs.MERGESORT.mergesort(MERGESORT.java:47)
	at java_programs.MERGESORT.mergesort(MERGESORT.java:47)
	at java_programs.MERGESORT.mergesort(MERGESORT.java:47)
	at java_programs.MERGESORT.mergesort(MERGESORT.java:47)
	at java_programs.MERGESORT.mergesort(MERGESORT.java:47)
	at java_programs.MERGESORT.mergesort(MERGESORT.java:47)
	at java_programs.MERGESORT.mergesort(MERGESORT.java:47)
	at java_programs.MERGESORT.mergesort(MERGESORT.java:47)
	at java_programs.MERGESORT.mergesort(MERGESORT.java:47)
	at java_programs.MERGESORT.mergesort(MERGESORT.java:47)
	at java_programs.MERGESORT.mergesort(MERGESORT.java:47)
	at java_programs.MERGESORT.mergesort(MERGESORT.java:47)
	at java_programs.MERGESORT.mergesort(MERGESORT.java:47)
	at java_programs.MERGESORT.mergesort(MERGESORT.java:47)
	at java_programs.MERGESORT.mergesort(MERGESORT.java:47)
	at java_programs.MERGESORT.mergesort(MERGESORT.java:47)
	at java_programs.MERGESORT.mergesort(MERGESORT.java:47)
	at java_programs.MERGESORT.mergesort(MERGESORT.java:47)
	at java_programs.MERGESORT.mergesort(MERGESORT.java:47)
	at java_programs.MERGESORT.mergesort(MERGESORT.java:47)
	at java_programs.MERGESORT.mergesort(MERGESORT.java:47)
	at java_programs.MERGESORT.mergesort(MERGESORT.java:47)
	at java_programs.MERGESORT.mergesort(MERGESORT.java:47)
	at java_programs.MERGESORT.mergesort(MERGESORT.java:47)
	at java_programs.MERGESORT.mergesort(MERGESORT.java:47)
	at java_programs.MERGESORT.mergesort(MERGESORT.java:47)
	at java_programs.MERGESORT.mergesort(MERGESORT.java:47)
	at java_programs.MERGESORT.mergesort(MERGESORT.java:47)
	at java_programs.MERGESORT.mergesort(MERGESORT.java:47)
	at java_programs.MERGESORT.mergesort(MERGESORT.java:47)
	at java_programs.MERGESORT.mergesort(MERGESORT.java:47)
	at java_programs.MERGESORT.mergesort(MERGESORT.java:47)
	at java_programs.MERGESORT.mergesort(MERGESORT.java:47)
	at java_programs.MERGESORT.mergesort(MERGESORT.java:47)
	at java_programs.MERGESORT.mergesort(MERGESORT.java:47)
	at java_programs.MERGESORT.mergesort(MERGESORT.java:47)
	at java_programs.MERGESORT.mergesort(MERGESORT.java:47)
	at java_programs.MERGESORT.mergesort(MERGESORT.java:47)
	at java_programs.MERGESORT.mergesort(MERGESORT.java:47)
	at java_programs.MERGESORT.mergesort(MERGESORT.java:47)
	at java_programs.MERGESORT.mergesort(MERGESORT.java:47)
	at java_programs.MERGESORT.mergesort(MERGESORT.java:47)
	at java_programs.MERGESORT.mergesort(MERGESORT.java:47)
	at java_programs.MERGESORT.mergesort(MERGESORT.java:47)
	at java_programs.MERGESORT.mergesort(MERGESORT.java:47)
	at java_programs.MERGESORT.mergesort(MERGESORT.java:47)
	at java_programs.MERGESORT.mergesort(MERGESORT.java:47)
	at java_programs.MERGESORT.mergesort(MERGESORT.java:47)
	at java_programs.MERGESORT.mergesort(MERGESORT.java:47)
	at java_programs.MERGESORT.mergesort(MERGESORT.java:47)
	at java_programs.MERGESORT.mergesort(MERGESORT.java:47)
	at java_programs.MERGESORT.mergesort(MERGESORT.java:47)
	at java_programs.MERGESORT.mergesort(MERGESORT.java:47)
	at java_programs.MERGESORT.mergesort(MERGESORT.java:47)
	at java_programs.MERGESORT.mergesort(MERGESORT.java:47)
	at java_programs.MERGESORT.mergesort(MERGESORT.java:47)
	at java_programs.MERGESORT.mergesort(MERGESORT.java:47)
	at java_programs.MERGESORT.mergesort(MERGESORT.java:47)
	at java_programs.MERGESORT.mergesort(MERGESORT.java:47)
	at java_programs.MERGESORT.mergesort(MERGESORT.java:47)
	at java_programs.MERGESORT.mergesort(MERGESORT.java:47)
	at java_programs.MERGESORT.mergesort(MERGESORT.java:47)
	at java_programs.MERGESORT.mergesort(MERGESORT.java:47)
	at java_programs.MERGESORT.mergesort(MERGESORT.java:47)
	at java_programs.MERGESORT.mergesort(MERGESORT.java:47)
	at java_programs.MERGESORT.mergesort(MERGESORT.java:47)
	at java_programs.MERGESORT.mergesort(MERGESORT.java:47)
	at java_programs.MERGESORT.mergesort(MERGESORT.java:47)
	at java_programs.MERGESORT.mergesort(MERGESORT.java:47)
	at java_programs.MERGESORT.mergesort(MERGESORT.java:47)
	at java_programs.MERGESORT.mergesort(MERGESORT.java:47)
	at java_programs.MERGESORT.mergesort(MERGESORT.java:47)
	at java_programs.MERGESORT.mergesort(MERGESORT.java:47)
	at java_programs.MERGESORT.mergesort(MERGESORT.java:47)
	at java_programs.MERGESORT.mergesort(MERGESORT.java:47)
	at java_programs.MERGESORT.mergesort(MERGESORT.java:47)
	at java_programs.MERGESORT.mergesort(MERGESORT.java:47)
	at java_programs.MERGESORT.mergesort(MERGESORT.java:47)
	at java_programs.MERGESORT.mergesort(MERGESORT.java:47)
	at java_programs.MERGESORT.mergesort(MERGESORT.java:47)
	at java_programs.MERGESORT.mergesort(MERGESORT.java:47)
	at java_programs.MERGESORT.mergesort(MERGESORT.java:47)
	at java_programs.MERGESORT.mergesort(MERGESORT.java:47)
	at java_programs.MERGESORT.mergesort(MERGESORT.java:47)
	at java_programs.MERGESORT.mergesort(MERGESORT.java:47)
	at java_programs.MERGESORT.mergesort(MERGESORT.java:47)
	at java_programs.MERGESORT.mergesort(MERGESORT.java:47)
	at java_programs.MERGESORT.mergesort(MERGESORT.java:47)
	at java_programs.MERGESORT.mergesort(MERGESORT.java:47)
	at java_programs.MERGESORT.mergesort(MERGESORT.java:47)
	at java_programs.MERGESORT.mergesort(MERGESORT.java:47)
	at java_programs.MERGESORT.mergesort(MERGESORT.java:47)
	at java_programs.MERGESORT.mergesort(MERGESORT.java:47)
	at java_programs.MERGESORT.mergesort(MERGESORT.java:47)
	at java_programs.MERGESORT.mergesort(MERGESORT.java:47)
	at java_programs.MERGESORT.mergesort(MERGESORT.java:47)
	at java_programs.MERGESORT.mergesort(MERGESORT.java:47)
	at java_programs.MERGESORT.mergesort(MERGESORT.java:47)
	at java_programs.MERGESORT.mergesort(MERGESORT.java:47)
	at java_programs.MERGESORT.mergesort(MERGESORT.java:47)
	at java_programs.MERGESORT.mergesort(MERGESORT.java:47)
	at java_programs.MERGESORT.mergesort(MERGESORT.java:47)
	at java_programs.MERGESORT.mergesort(MERGESORT.java:47)
	at java_programs.MERGESORT.mergesort(MERGESORT.java:47)
	at java_programs.MERGESORT.mergesort(MERGESORT.java:47)
	at java_programs.MERGESORT.mergesort(MERGESORT.java:47)
	at java_programs.MERGESORT.mergesort(MERGESORT.java:47)
	at java_programs.MERGESORT.mergesort(MERGESORT.java:47)
	at java_programs.MERGESORT.mergesort(MERGESORT.java:47)
	at java_programs.MERGESORT.mergesort(MERGESORT.java:47)
	at java_programs.MERGESORT.mergesort(MERGESORT.java:47)
	at java_programs.MERGESORT.mergesort(MERGESORT.java:47)
	at java_programs.MERGESORT.mergesort(MERGESORT.java:47)
	at java_programs.MERGESORT.mergesort(MERGESORT.java:47)
	at java_programs.MERGESORT.mergesort(MERGESORT.java:47)
	at java_programs.MERGESORT.mergesort(MERGESORT.java:47)
	at java_programs.MERGESORT.mergesort(MERGESORT.java:47)
	at java_programs.MERGESORT.mergesort(MERGESORT.java:47)
	at java_programs.MERGESORT.mergesort(MERGESORT.java:47)
	at java_programs.MERGESORT.mergesort(MERGESORT.java:47)
	at java_programs.MERGESORT.mergesort(MERGESORT.java:47)
	at java_programs.MERGESORT.mergesort(MERGESORT.java:47)
	at java_programs.MERGESORT.mergesort(MERGESORT.java:47)
	at java_programs.MERGESORT.mergesort(MERGESORT.java:47)
	at java_programs.MERGESORT.mergesort(MERGESORT.java:47)
	at java_programs.MERGESORT.mergesort(MERGESORT.java:47)
	at java_programs.MERGESORT.mergesort(MERGESORT.java:47)
	at java_programs.MERGESORT.mergesort(MERGESORT.java:47)
	at java_programs.MERGESORT.mergesort(MERGESORT.java:47)
	at java_programs.MERGESORT.mergesort(MERGESORT.java:47)
	at java_programs.MERGESORT.mergesort(MERGESORT.java:47)
	at java_programs.MERGESORT.mergesort(MERGESORT.java:47)
	at java_programs.MERGESORT.mergesort(MERGESORT.java:47)
	at java_programs.MERGESORT.mergesort(MERGESORT.java:47)
	at java_programs.MERGESORT.mergesort(MERGESORT.java:47)
	at java_programs.MERGESORT.mergesort(MERGESORT.java:47)
	at java_programs.MERGESORT.mergesort(MERGESORT.java:47)
	at java_programs.MERGESORT.mergesort(MERGESORT.java:47)
	at java_programs.MERGESORT.mergesort(MERGESORT.java:47)
	at java_programs.MERGESORT.mergesort(MERGESORT.java:47)
	at java_programs.MERGESORT.mergesort(MERGESORT.java:47)
	at java_programs.MERGESORT.mergesort(MERGESORT.java:47)
	at java_programs.MERGESORT.mergesort(MERGESORT.java:47)
	at java_programs.MERGESORT.mergesort(MERGESORT.java:47)
	at java_programs.MERGESORT.mergesort(MERGESORT.java:47)
	at java_programs.MERGESORT.mergesort(MERGESORT.java:47)
	at java_programs.MERGESORT.mergesort(MERGESORT.java:47)
	at java_programs.MERGESORT.mergesort(MERGESORT.java:47)
	at java_programs.MERGESORT.mergesort(MERGESORT.java:47)
	at java_programs.MERGESORT.mergesort(MERGESORT.java:47)
	at java_programs.MERGESORT.mergesort(MERGESORT.java:47)
	at java_programs.MERGESORT.mergesort(MERGESORT.java:47)
	at java_programs.MERGESORT.mergesort(MERGESORT.java:47)
	at java_programs.MERGESORT.mergesort(MERGESORT.java:47)
	at java_programs.MERGESORT.mergesort(MERGESORT.java:47)
	at java_programs.MERGESORT.mergesort(MERGESORT.java:47)
	at java_programs.MERGESORT.mergesort(MERGESORT.java:47)
	at java_programs.MERGESORT.mergesort(MERGESORT.java:47)
	at java_programs.MERGESORT.mergesort(MERGESORT.java:47)
	at java_programs.MERGESORT.mergesort(MERGESORT.java:47)
	at java_programs.MERGESORT.mergesort(MERGESORT.java:47)
	at java_programs.MERGESORT.mergesort(MERGESORT.java:47)
	at java_programs.MERGESORT.mergesort(MERGESORT.java:47)
	at java_programs.MERGESORT.mergesort(MERGESORT.java:47)
	at java_programs.MERGESORT.mergesort(MERGESORT.java:47)
	at java_programs.MERGESORT.mergesort(MERGESORT.java:47)
	at java_programs.MERGESORT.mergesort(MERGESORT.java:47)
	at java_programs.MERGESORT.mergesort(MERGESORT.java:47)
	at java_programs.MERGESORT.mergesort(MERGESORT.java:47)
	at java_programs.MERGESORT.mergesort(MERGESORT.java:47)
	at java_programs.MERGESORT.mergesort(MERGESORT.java:47)
	at java_programs.MERGESORT.mergesort(MERGESORT.java:47)
	at java_programs.MERGESORT.mergesort(MERGESORT.java:47)
	at java_programs.MERGESORT.mergesort(MERGESORT.java:47)
	at java_programs.MERGESORT.mergesort(MERGESORT.java:47)
	at java_programs.MERGESORT.mergesort(MERGESORT.java:47)
	at java_programs.MERGESORT.mergesort(MERGESORT.java:47)
	at java_programs.MERGESORT.mergesort(MERGESORT.java:47)
	at java_programs.MERGESORT.mergesort(MERGESORT.java:47)
	at java_programs.MERGESORT.mergesort(MERGESORT.java:47)
	at java_programs.MERGESORT.mergesort(MERGESORT.java:47)
	at java_programs.MERGESORT.mergesort(MERGESORT.java:47)
	at java_programs.MERGESORT.mergesort(MERGESORT.java:47)
	at java_programs.MERGESORT.mergesort(MERGESORT.java:47)
	at java_programs.MERGESORT.mergesort(MERGESORT.java:47)
	at java_programs.MERGESORT.mergesort(MERGESORT.java:47)
	at java_programs.MERGESORT.mergesort(MERGESORT.java:47)
	at java_programs.MERGESORT.mergesort(MERGESORT.java:47)
	at java_programs.MERGESORT.mergesort(MERGESORT.java:47)
	at java_programs.MERGESORT.mergesort(MERGESORT.java:47)
	at java_programs.MERGESORT.mergesort(MERGESORT.java:47)
	at java_programs.MERGESORT.mergesort(MERGESORT.java:47)
	at java_programs.MERGESORT.mergesort(MERGESORT.java:47)
	at java_programs.MERGESORT.mergesort(MERGESORT.java:47)
	at java_programs.MERGESORT.mergesort(MERGESORT.java:47)
	at java_programs.MERGESORT.mergesort(MERGESORT.java:47)
	at java_programs.MERGESORT.mergesort(MERGESORT.java:47)
	at java_programs.MERGESORT.mergesort(MERGESORT.java:47)
	at java_programs.MERGESORT.mergesort(MERGESORT.java:47)
	at java_programs.MERGESORT.mergesort(MERGESORT.java:47)
	at java_programs.MERGESORT.mergesort(MERGESORT.java:47)
	at java_programs.MERGESORT.mergesort(MERGESORT.java:47)
	at java_programs.MERGESORT.mergesort(MERGESORT.java:47)
	at java_programs.MERGESORT.mergesort(MERGESORT.java:47)
	at java_programs.MERGESORT.mergesort(MERGESORT.java:47)
	at java_programs.MERGESORT.mergesort(MERGESORT.java:47)
	at java_programs.MERGESORT.mergesort(MERGESORT.java:47)
	at java_programs.MERGESORT.mergesort(MERGESORT.java:47)
	at java_programs.MERGESORT.mergesort(MERGESORT.java:47)
	at java_programs.MERGESORT.mergesort(MERGESORT.java:47)
	at java_programs.MERGESORT.mergesort(MERGESORT.java:47)
	at java_programs.MERGESORT.mergesort(MERGESORT.java:47)
	at java_programs.MERGESORT.mergesort(MERGESORT.java:47)
	at java_programs.MERGESORT.mergesort(MERGESORT.java:47)
	at java_programs.MERGESORT.mergesort(MERGESORT.java:47)
	at java_programs.MERGESORT.mergesort(MERGESORT.java:47)
	at java_programs.MERGESORT.mergesort(MERGESORT.java:47)
	at java_programs.MERGESORT.mergesort(MERGESORT.java:47)
	at java_programs.MERGESORT.mergesort(MERGESORT.java:47)
	at java_programs.MERGESORT.mergesort(MERGESORT.java:47)
	at java_programs.MERGESORT.mergesort(MERGESORT.java:47)
	at java_programs.MERGESORT.mergesort(MERGESORT.java:47)
	at java_programs.MERGESORT.mergesort(MERGESORT.java:47)
	at java_programs.MERGESORT.mergesort(MERGESORT.java:47)
	at java_programs.MERGESORT.mergesort(MERGESORT.java:47)
	at java_programs.MERGESORT.mergesort(MERGESORT.java:47)
	at java_programs.MERGESORT.mergesort(MERGESORT.java:47)
	at java_programs.MERGESORT.mergesort(MERGESORT.java:47)
	at java_programs.MERGESORT.mergesort(MERGESORT.java:47)
	at java_programs.MERGESORT.mergesort(MERGESORT.java:47)
	at java_programs.MERGESORT.mergesort(MERGESORT.java:47)
	at java_programs.MERGESORT.mergesort(MERGESORT.java:47)
	at java_programs.MERGESORT.mergesort(MERGESORT.java:47)
	at java_programs.MERGESORT.mergesort(MERGESORT.java:47)
	at java_programs.MERGESORT.mergesort(MERGESORT.java:47)
	at java_programs.MERGESORT.mergesort(MERGESORT.java:47)
	at java_programs.MERGESORT.mergesort(MERGESORT.java:47)
	at java_programs.MERGESORT.mergesort(MERGESORT.java:47)
	at java_programs.MERGESORT.mergesort(MERGESORT.java:47)
	at java_programs.MERGESORT.mergesort(MERGESORT.java:47)
	at java_programs.MERGESORT.mergesort(MERGESORT.java:47)
	at java_programs.MERGESORT.mergesort(MERGESORT.java:47)
	at java_programs.MERGESORT.mergesort(MERGESORT.java:47)
	at java_programs.MERGESORT.mergesort(MERGESORT.java:47)
	at java_programs.MERGESORT.mergesort(MERGESORT.java:47)
	at java_programs.MERGESORT.mergesort(MERGESORT.java:47)
	at java_programs.MERGESORT.mergesort(MERGESORT.java:47)
	at java_programs.MERGESORT.mergesort(MERGESORT.java:47)
	at java_programs.MERGESORT.mergesort(MERGESORT.java:47)
	at java_programs.MERGESORT.mergesort(MERGESORT.java:47)
	at java_programs.MERGESORT.mergesort(MERGESORT.java:47)
	at java_programs.MERGESORT.mergesort(MERGESORT.java:47)
	at java_programs.MERGESORT.mergesort(MERGESORT.java:47)
	at java_programs.MERGESORT.mergesort(MERGESORT.java:47)
	at java_programs.MERGESORT.mergesort(MERGESORT.java:47)
	at java_programs.MERGESORT.mergesort(MERGESORT.java:47)
	at java_programs.MERGESORT.mergesort(MERGESORT.java:47)
</failure>
  </testcase>
  <testcase name="test_3" classname="java_testcases.junit.MERGESORT_TEST" time="0.017">
    <failure message="java.lang.StackOverflowError" type="java.lang.StackOverflowError">java.lang.StackOverflowError
	at java.util.ArrayList.subList(ArrayList.java:1006)
	at java_programs.MERGESORT.mergesort(MERGESORT.java:43)
	at java_programs.MERGESORT.mergesort(MERGESORT.java:47)
	at java_programs.MERGESORT.mergesort(MERGESORT.java:47)
	at java_programs.MERGESORT.mergesort(MERGESORT.java:47)
	at java_programs.MERGESORT.mergesort(MERGESORT.java:47)
	at java_programs.MERGESORT.mergesort(MERGESORT.java:47)
	at java_programs.MERGESORT.mergesort(MERGESORT.java:47)
	at java_programs.MERGESORT.mergesort(MERGESORT.java:47)
	at java_programs.MERGESORT.mergesort(MERGESORT.java:47)
	at java_programs.MERGESORT.mergesort(MERGESORT.java:47)
	at java_programs.MERGESORT.mergesort(MERGESORT.java:47)
	at java_programs.MERGESORT.mergesort(MERGESORT.java:47)
	at java_programs.MERGESORT.mergesort(MERGESORT.java:47)
	at java_programs.MERGESORT.mergesort(MERGESORT.java:47)
	at java_programs.MERGESORT.mergesort(MERGESORT.java:47)
	at java_programs.MERGESORT.mergesort(MERGESORT.java:47)
	at java_programs.MERGESORT.mergesort(MERGESORT.java:47)
	at java_programs.MERGESORT.mergesort(MERGESORT.java:47)
	at java_programs.MERGESORT.mergesort(MERGESORT.java:47)
	at java_programs.MERGESORT.mergesort(MERGESORT.java:47)
	at java_programs.MERGESORT.mergesort(MERGESORT.java:47)
	at java_programs.MERGESORT.mergesort(MERGESORT.java:47)
	at java_programs.MERGESORT.mergesort(MERGESORT.java:47)
	at java_programs.MERGESORT.mergesort(MERGESORT.java:47)
	at java_programs.MERGESORT.mergesort(MERGESORT.java:47)
	at java_programs.MERGESORT.mergesort(MERGESORT.java:47)
	at java_programs.MERGESORT.mergesort(MERGESORT.java:47)
	at java_programs.MERGESORT.mergesort(MERGESORT.java:47)
	at java_programs.MERGESORT.mergesort(MERGESORT.java:47)
	at java_programs.MERGESORT.mergesort(MERGESORT.java:47)
	at java_programs.MERGESORT.mergesort(MERGESORT.java:47)
	at java_programs.MERGESORT.mergesort(MERGESORT.java:47)
	at java_programs.MERGESORT.mergesort(MERGESORT.java:47)
	at java_programs.MERGESORT.mergesort(MERGESORT.java:47)
	at java_programs.MERGESORT.mergesort(MERGESORT.java:47)
	at java_programs.MERGESORT.mergesort(MERGESORT.java:47)
	at java_programs.MERGESORT.mergesort(MERGESORT.java:47)
	at java_programs.MERGESORT.mergesort(MERGESORT.java:47)
	at java_programs.MERGESORT.mergesort(MERGESORT.java:47)
	at java_programs.MERGESORT.mergesort(MERGESORT.java:47)
	at java_programs.MERGESORT.mergesort(MERGESORT.java:47)
	at java_programs.MERGESORT.mergesort(MERGESORT.java:47)
	at java_programs.MERGESORT.mergesort(MERGESORT.java:47)
	at java_programs.MERGESORT.mergesort(MERGESORT.java:47)
	at java_programs.MERGESORT.mergesort(MERGESORT.java:47)
	at java_programs.MERGESORT.mergesort(MERGESORT.java:47)
	at java_programs.MERGESORT.mergesort(MERGESORT.java:47)
	at java_programs.MERGESORT.mergesort(MERGESORT.java:47)
	at java_programs.MERGESORT.mergesort(MERGESORT.java:47)
	at java_programs.MERGESORT.mergesort(MERGESORT.java:47)
	at java_programs.MERGESORT.mergesort(MERGESORT.java:47)
	at java_programs.MERGESORT.mergesort(MERGESORT.java:47)
	at java_programs.MERGESORT.mergesort(MERGESORT.java:47)
	at java_programs.MERGESORT.mergesort(MERGESORT.java:47)
	at java_programs.MERGESORT.mergesort(MERGESORT.java:47)
	at java_programs.MERGESORT.mergesort(MERGESORT.java:47)
	at java_programs.MERGESORT.mergesort(MERGESORT.java:47)
	at java_programs.MERGESORT.mergesort(MERGESORT.java:47)
	at java_programs.MERGESORT.mergesort(MERGESORT.java:47)
	at java_programs.MERGESORT.mergesort(MERGESORT.java:47)
	at java_programs.MERGESORT.mergesort(MERGESORT.java:47)
	at java_programs.MERGESORT.mergesort(MERGESORT.java:47)
	at java_programs.MERGESORT.mergesort(MERGESORT.java:47)
	at java_programs.MERGESORT.mergesort(MERGESORT.java:47)
	at java_programs.MERGESORT.mergesort(MERGESORT.java:47)
	at java_programs.MERGESORT.mergesort(MERGESORT.java:47)
	at java_programs.MERGESORT.mergesort(MERGESORT.java:47)
	at java_programs.MERGESORT.mergesort(MERGESORT.java:47)
	at java_programs.MERGESORT.mergesort(MERGESORT.java:47)
	at java_programs.MERGESORT.mergesort(MERGESORT.java:47)
	at java_programs.MERGESORT.mergesort(MERGESORT.java:47)
	at java_programs.MERGESORT.mergesort(MERGESORT.java:47)
	at java_programs.MERGESORT.mergesort(MERGESORT.java:47)
	at java_programs.MERGESORT.mergesort(MERGESORT.java:47)
	at java_programs.MERGESORT.mergesort(MERGESORT.java:47)
	at java_programs.MERGESORT.mergesort(MERGESORT.java:47)
	at java_programs.MERGESORT.mergesort(MERGESORT.java:47)
	at java_programs.MERGESORT.mergesort(MERGESORT.java:47)
	at java_programs.MERGESORT.mergesort(MERGESORT.java:47)
	at java_programs.MERGESORT.mergesort(MERGESORT.java:47)
	at java_programs.MERGESORT.mergesort(MERGESORT.java:47)
	at java_programs.MERGESORT.mergesort(MERGESORT.java:47)
	at java_programs.MERGESORT.mergesort(MERGESORT.java:47)
	at java_programs.MERGESORT.mergesort(MERGESORT.java:47)
	at java_programs.MERGESORT.mergesort(MERGESORT.java:47)
	at java_programs.MERGESORT.mergesort(MERGESORT.java:47)
	at java_programs.MERGESORT.mergesort(MERGESORT.java:47)
	at java_programs.MERGESORT.mergesort(MERGESORT.java:47)
	at java_programs.MERGESORT.mergesort(MERGESORT.java:47)
	at java_programs.MERGESORT.mergesort(MERGESORT.java:47)
	at java_programs.MERGESORT.mergesort(MERGESORT.java:47)
	at java_programs.MERGESORT.mergesort(MERGESORT.java:47)
	at java_programs.MERGESORT.mergesort(MERGESORT.java:47)
	at java_programs.MERGESORT.mergesort(MERGESORT.java:47)
	at java_programs.MERGESORT.mergesort(MERGESORT.java:47)
	at java_programs.MERGESORT.mergesort(MERGESORT.java:47)
	at java_programs.MERGESORT.mergesort(MERGESORT.java:47)
	at java_programs.MERGESORT.mergesort(MERGESORT.java:47)
	at java_programs.MERGESORT.mergesort(MERGESORT.java:47)
	at java_programs.MERGESORT.mergesort(MERGESORT.java:47)
	at java_programs.MERGESORT.mergesort(MERGESORT.java:47)
	at java_programs.MERGESORT.mergesort(MERGESORT.java:47)
	at java_programs.MERGESORT.mergesort(MERGESORT.java:47)
	at java_programs.MERGESORT.mergesort(MERGESORT.java:47)
	at java_programs.MERGESORT.mergesort(MERGESORT.java:47)
	at java_programs.MERGESORT.mergesort(MERGESORT.java:47)
	at java_programs.MERGESORT.mergesort(MERGESORT.java:47)
	at java_programs.MERGESORT.mergesort(MERGESORT.java:47)
	at java_programs.MERGESORT.mergesort(MERGESORT.java:47)
	at java_programs.MERGESORT.mergesort(MERGESORT.java:47)
	at java_programs.MERGESORT.mergesort(MERGESORT.java:47)
	at java_programs.MERGESORT.mergesort(MERGESORT.java:47)
	at java_programs.MERGESORT.mergesort(MERGESORT.java:47)
	at java_programs.MERGESORT.mergesort(MERGESORT.java:47)
	at java_programs.MERGESORT.mergesort(MERGESORT.java:47)
	at java_programs.MERGESORT.mergesort(MERGESORT.java:47)
	at java_programs.MERGESORT.mergesort(MERGESORT.java:47)
	at java_programs.MERGESORT.mergesort(MERGESORT.java:47)
	at java_programs.MERGESORT.mergesort(MERGESORT.java:47)
	at java_programs.MERGESORT.mergesort(MERGESORT.java:47)
	at java_programs.MERGESORT.mergesort(MERGESORT.java:47)
	at java_programs.MERGESORT.mergesort(MERGESORT.java:47)
	at java_programs.MERGESORT.mergesort(MERGESORT.java:47)
	at java_programs.MERGESORT.mergesort(MERGESORT.java:47)
	at java_programs.MERGESORT.mergesort(MERGESORT.java:47)
	at java_programs.MERGESORT.mergesort(MERGESORT.java:47)
	at java_programs.MERGESORT.mergesort(MERGESORT.java:47)
	at java_programs.MERGESORT.mergesort(MERGESORT.java:47)
	at java_programs.MERGESORT.mergesort(MERGESORT.java:47)
	at java_programs.MERGESORT.mergesort(MERGESORT.java:47)
	at java_programs.MERGESORT.mergesort(MERGESORT.java:47)
	at java_programs.MERGESORT.mergesort(MERGESORT.java:47)
	at java_programs.MERGESORT.mergesort(MERGESORT.java:47)
	at java_programs.MERGESORT.mergesort(MERGESORT.java:47)
	at java_programs.MERGESORT.mergesort(MERGESORT.java:47)
	at java_programs.MERGESORT.mergesort(MERGESORT.java:47)
	at java_programs.MERGESORT.mergesort(MERGESORT.java:47)
	at java_programs.MERGESORT.mergesort(MERGESORT.java:47)
	at java_programs.MERGESORT.mergesort(MERGESORT.java:47)
	at java_programs.MERGESORT.mergesort(MERGESORT.java:47)
	at java_programs.MERGESORT.mergesort(MERGESORT.java:47)
	at java_programs.MERGESORT.mergesort(MERGESORT.java:47)
	at java_programs.MERGESORT.mergesort(MERGESORT.java:47)
	at java_programs.MERGESORT.mergesort(MERGESORT.java:47)
	at java_programs.MERGESORT.mergesort(MERGESORT.java:47)
	at java_programs.MERGESORT.mergesort(MERGESORT.java:47)
	at java_programs.MERGESORT.mergesort(MERGESORT.java:47)
	at java_programs.MERGESORT.mergesort(MERGESORT.java:47)
	at java_programs.MERGESORT.mergesort(MERGESORT.java:47)
	at java_programs.MERGESORT.mergesort(MERGESORT.java:47)
	at java_programs.MERGESORT.mergesort(MERGESORT.java:47)
	at java_programs.MERGESORT.mergesort(MERGESORT.java:47)
	at java_programs.MERGESORT.mergesort(MERGESORT.java:47)
	at java_programs.MERGESORT.mergesort(MERGESORT.java:47)
	at java_programs.MERGESORT.mergesort(MERGESORT.java:47)
	at java_programs.MERGESORT.mergesort(MERGESORT.java:47)
	at java_programs.MERGESORT.mergesort(MERGESORT.java:47)
	at java_programs.MERGESORT.mergesort(MERGESORT.java:47)
	at java_programs.MERGESORT.mergesort(MERGESORT.java:47)
	at java_programs.MERGESORT.mergesort(MERGESORT.java:47)
	at java_programs.MERGESORT.mergesort(MERGESORT.java:47)
	at java_programs.MERGESORT.mergesort(MERGESORT.java:47)
	at java_programs.MERGESORT.mergesort(MERGESORT.java:47)
	at java_programs.MERGESORT.mergesort(MERGESORT.java:47)
	at java_programs.MERGESORT.mergesort(MERGESORT.java:47)
	at java_programs.MERGESORT.mergesort(MERGESORT.java:47)
	at java_programs.MERGESORT.mergesort(MERGESORT.java:47)
	at java_programs.MERGESORT.mergesort(MERGESORT.java:47)
	at java_programs.MERGESORT.mergesort(MERGESORT.java:47)
	at java_programs.MERGESORT.mergesort(MERGESORT.java:47)
	at java_programs.MERGESORT.mergesort(MERGESORT.java:47)
	at java_programs.MERGESORT.mergesort(MERGESORT.java:47)
	at java_programs.MERGESORT.mergesort(MERGESORT.java:47)
	at java_programs.MERGESORT.mergesort(MERGESORT.java:47)
	at java_programs.MERGESORT.mergesort(MERGESORT.java:47)
	at java_programs.MERGESORT.mergesort(MERGESORT.java:47)
	at java_programs.MERGESORT.mergesort(MERGESORT.java:47)
	at java_programs.MERGESORT.mergesort(MERGESORT.java:47)
	at java_programs.MERGESORT.mergesort(MERGESORT.java:47)
	at java_programs.MERGESORT.mergesort(MERGESORT.java:47)
	at java_programs.MERGESORT.mergesort(MERGESORT.java:47)
	at java_programs.MERGESORT.mergesort(MERGESORT.java:47)
	at java_programs.MERGESORT.mergesort(MERGESORT.java:47)
	at java_programs.MERGESORT.mergesort(MERGESORT.java:47)
	at java_programs.MERGESORT.mergesort(MERGESORT.java:47)
	at java_programs.MERGESORT.mergesort(MERGESORT.java:47)
	at java_programs.MERGESORT.mergesort(MERGESORT.java:47)
	at java_programs.MERGESORT.mergesort(MERGESORT.java:47)
	at java_programs.MERGESORT.mergesort(MERGESORT.java:47)
	at java_programs.MERGESORT.mergesort(MERGESORT.java:47)
	at java_programs.MERGESORT.mergesort(MERGESORT.java:47)
	at java_programs.MERGESORT.mergesort(MERGESORT.java:47)
	at java_programs.MERGESORT.mergesort(MERGESORT.java:47)
	at java_programs.MERGESORT.mergesort(MERGESORT.java:47)
	at java_programs.MERGESORT.mergesort(MERGESORT.java:47)
	at java_programs.MERGESORT.mergesort(MERGESORT.java:47)
	at java_programs.MERGESORT.mergesort(MERGESORT.java:47)
	at java_programs.MERGESORT.mergesort(MERGESORT.java:47)
	at java_programs.MERGESORT.mergesort(MERGESORT.java:47)
	at java_programs.MERGESORT.mergesort(MERGESORT.java:47)
	at java_programs.MERGESORT.mergesort(MERGESORT.java:47)
	at java_programs.MERGESORT.mergesort(MERGESORT.java:47)
	at java_programs.MERGESORT.mergesort(MERGESORT.java:47)
	at java_programs.MERGESORT.mergesort(MERGESORT.java:47)
	at java_programs.MERGESORT.mergesort(MERGESORT.java:47)
	at java_programs.MERGESORT.mergesort(MERGESORT.java:47)
	at java_programs.MERGESORT.mergesort(MERGESORT.java:47)
	at java_programs.MERGESORT.mergesort(MERGESORT.java:47)
	at java_programs.MERGESORT.mergesort(MERGESORT.java:47)
	at java_programs.MERGESORT.mergesort(MERGESORT.java:47)
	at java_programs.MERGESORT.mergesort(MERGESORT.java:47)
	at java_programs.MERGESORT.mergesort(MERGESORT.java:47)
	at java_programs.MERGESORT.mergesort(MERGESORT.java:47)
	at java_programs.MERGESORT.mergesort(MERGESORT.java:47)
	at java_programs.MERGESORT.mergesort(MERGESORT.java:47)
	at java_programs.MERGESORT.mergesort(MERGESORT.java:47)
	at java_programs.MERGESORT.mergesort(MERGESORT.java:47)
	at java_programs.MERGESORT.mergesort(MERGESORT.java:47)
	at java_programs.MERGESORT.mergesort(MERGESORT.java:47)
	at java_programs.MERGESORT.mergesort(MERGESORT.java:47)
	at java_programs.MERGESORT.mergesort(MERGESORT.java:47)
	at java_programs.MERGESORT.mergesort(MERGESORT.java:47)
	at java_programs.MERGESORT.mergesort(MERGESORT.java:47)
	at java_programs.MERGESORT.mergesort(MERGESORT.java:47)
	at java_programs.MERGESORT.mergesort(MERGESORT.java:47)
	at java_programs.MERGESORT.mergesort(MERGESORT.java:47)
	at java_programs.MERGESORT.mergesort(MERGESORT.java:47)
	at java_programs.MERGESORT.mergesort(MERGESORT.java:47)
	at java_programs.MERGESORT.mergesort(MERGESORT.java:47)
	at java_programs.MERGESORT.mergesort(MERGESORT.java:47)
	at java_programs.MERGESORT.mergesort(MERGESORT.java:47)
	at java_programs.MERGESORT.mergesort(MERGESORT.java:47)
	at java_programs.MERGESORT.mergesort(MERGESORT.java:47)
	at java_programs.MERGESORT.mergesort(MERGESORT.java:47)
	at java_programs.MERGESORT.mergesort(MERGESORT.java:47)
	at java_programs.MERGESORT.mergesort(MERGESORT.java:47)
	at java_programs.MERGESORT.mergesort(MERGESORT.java:47)
	at java_programs.MERGESORT.mergesort(MERGESORT.java:47)
	at java_programs.MERGESORT.mergesort(MERGESORT.java:47)
	at java_programs.MERGESORT.mergesort(MERGESORT.java:47)
	at java_programs.MERGESORT.mergesort(MERGESORT.java:47)
	at java_programs.MERGESORT.mergesort(MERGESORT.java:47)
	at java_programs.MERGESORT.mergesort(MERGESORT.java:47)
	at java_programs.MERGESORT.mergesort(MERGESORT.java:47)
	at java_programs.MERGESORT.mergesort(MERGESORT.java:47)
	at java_programs.MERGESORT.mergesort(MERGESORT.java:47)
	at java_programs.MERGESORT.mergesort(MERGESORT.java:47)
	at java_programs.MERGESORT.mergesort(MERGESORT.java:47)
	at java_programs.MERGESORT.mergesort(MERGESORT.java:47)
	at java_programs.MERGESORT.mergesort(MERGESORT.java:47)
	at java_programs.MERGESORT.mergesort(MERGESORT.java:47)
	at java_programs.MERGESORT.mergesort(MERGESORT.java:47)
	at java_programs.MERGESORT.mergesort(MERGESORT.java:47)
	at java_programs.MERGESORT.mergesort(MERGESORT.java:47)
	at java_programs.MERGESORT.mergesort(MERGESORT.java:47)
	at java_programs.MERGESORT.mergesort(MERGESORT.java:47)
	at java_programs.MERGESORT.mergesort(MERGESORT.java:47)
	at java_programs.MERGESORT.mergesort(MERGESORT.java:47)
	at java_programs.MERGESORT.mergesort(MERGESORT.java:47)
	at java_programs.MERGESORT.mergesort(MERGESORT.java:47)
	at java_programs.MERGESORT.mergesort(MERGESORT.java:47)
	at java_programs.MERGESORT.mergesort(MERGESORT.java:47)
	at java_programs.MERGESORT.mergesort(MERGESORT.java:47)
	at java_programs.MERGESORT.mergesort(MERGESORT.java:47)
	at java_programs.MERGESORT.mergesort(MERGESORT.java:47)
	at java_programs.MERGESORT.mergesort(MERGESORT.java:47)
	at java_programs.MERGESORT.mergesort(MERGESORT.java:47)
	at java_programs.MERGESORT.mergesort(MERGESORT.java:47)
	at java_programs.MERGESORT.mergesort(MERGESORT.java:47)
	at java_programs.MERGESORT.mergesort(MERGESORT.java:47)
	at java_programs.MERGESORT.mergesort(MERGESORT.java:47)
	at java_programs.MERGESORT.mergesort(MERGESORT.java:47)
	at java_programs.MERGESORT.mergesort(MERGESORT.java:47)
	at java_programs.MERGESORT.mergesort(MERGESORT.java:47)
	at java_programs.MERGESORT.mergesort(MERGESORT.java:47)
	at java_programs.MERGESORT.mergesort(MERGESORT.java:47)
	at java_programs.MERGESORT.mergesort(MERGESORT.java:47)
	at java_programs.MERGESORT.mergesort(MERGESORT.java:47)
	at java_programs.MERGESORT.mergesort(MERGESORT.java:47)
	at java_programs.MERGESORT.mergesort(MERGESORT.java:47)
	at java_programs.MERGESORT.mergesort(MERGESORT.java:47)
	at java_programs.MERGESORT.mergesort(MERGESORT.java:47)
	at java_programs.MERGESORT.mergesort(MERGESORT.java:47)
	at java_programs.MERGESORT.mergesort(MERGESORT.java:47)
	at java_programs.MERGESORT.mergesort(MERGESORT.java:47)
	at java_programs.MERGESORT.mergesort(MERGESORT.java:47)
	at java_programs.MERGESORT.mergesort(MERGESORT.java:47)
	at java_programs.MERGESORT.mergesort(MERGESORT.java:47)
	at java_programs.MERGESORT.mergesort(MERGESORT.java:47)
	at java_programs.MERGESORT.mergesort(MERGESORT.java:47)
	at java_programs.MERGESORT.mergesort(MERGESORT.java:47)
	at java_programs.MERGESORT.mergesort(MERGESORT.java:47)
	at java_programs.MERGESORT.mergesort(MERGESORT.java:47)
	at java_programs.MERGESORT.mergesort(MERGESORT.java:47)
	at java_programs.MERGESORT.mergesort(MERGESORT.java:47)
	at java_programs.MERGESORT.mergesort(MERGESORT.java:47)
	at java_programs.MERGESORT.mergesort(MERGESORT.java:47)
	at java_programs.MERGESORT.mergesort(MERGESORT.java:47)
	at java_programs.MERGESORT.mergesort(MERGESORT.java:47)
	at java_programs.MERGESORT.mergesort(MERGESORT.java:47)
	at java_programs.MERGESORT.mergesort(MERGESORT.java:47)
	at java_programs.MERGESORT.mergesort(MERGESORT.java:47)
	at java_programs.MERGESORT.mergesort(MERGESORT.java:47)
	at java_programs.MERGESORT.mergesort(MERGESORT.java:47)
	at java_programs.MERGESORT.mergesort(MERGESORT.java:47)
	at java_programs.MERGESORT.mergesort(MERGESORT.java:47)
	at java_programs.MERGESORT.mergesort(MERGESORT.java:47)
	at java_programs.MERGESORT.mergesort(MERGESORT.java:47)
	at java_programs.MERGESORT.mergesort(MERGESORT.java:47)
	at java_programs.MERGESORT.mergesort(MERGESORT.java:47)
	at java_programs.MERGESORT.mergesort(MERGESORT.java:47)
	at java_programs.MERGESORT.mergesort(MERGESORT.java:47)
	at java_programs.MERGESORT.mergesort(MERGESORT.java:47)
	at java_programs.MERGESORT.mergesort(MERGESORT.java:47)
	at java_programs.MERGESORT.mergesort(MERGESORT.java:47)
	at java_programs.MERGESORT.mergesort(MERGESORT.java:47)
	at java_programs.MERGESORT.mergesort(MERGESORT.java:47)
	at java_programs.MERGESORT.mergesort(MERGESORT.java:47)
	at java_programs.MERGESORT.mergesort(MERGESORT.java:47)
	at java_programs.MERGESORT.mergesort(MERGESORT.java:47)
	at java_programs.MERGESORT.mergesort(MERGESORT.java:47)
	at java_programs.MERGESORT.mergesort(MERGESORT.java:47)
	at java_programs.MERGESORT.mergesort(MERGESORT.java:47)
	at java_programs.MERGESORT.mergesort(MERGESORT.java:47)
	at java_programs.MERGESORT.mergesort(MERGESORT.java:47)
	at java_programs.MERGESORT.mergesort(MERGESORT.java:47)
	at java_programs.MERGESORT.mergesort(MERGESORT.java:47)
	at java_programs.MERGESORT.mergesort(MERGESORT.java:47)
	at java_programs.MERGESORT.mergesort(MERGESORT.java:47)
	at java_programs.MERGESORT.mergesort(MERGESORT.java:47)
	at java_programs.MERGESORT.mergesort(MERGESORT.java:47)
	at java_programs.MERGESORT.mergesort(MERGESORT.java:47)
	at java_programs.MERGESORT.mergesort(MERGESORT.java:47)
	at java_programs.MERGESORT.mergesort(MERGESORT.java:47)
	at java_programs.MERGESORT.mergesort(MERGESORT.java:47)
	at java_programs.MERGESORT.mergesort(MERGESORT.java:47)
	at java_programs.MERGESORT.mergesort(MERGESORT.java:47)
	at java_programs.MERGESORT.mergesort(MERGESORT.java:47)
	at java_programs.MERGESORT.mergesort(MERGESORT.java:47)
	at java_programs.MERGESORT.mergesort(MERGESORT.java:47)
	at java_programs.MERGESORT.mergesort(MERGESORT.java:47)
	at java_programs.MERGESORT.mergesort(MERGESORT.java:47)
	at java_programs.MERGESORT.mergesort(MERGESORT.java:47)
	at java_programs.MERGESORT.mergesort(MERGESORT.java:47)
	at java_programs.MERGESORT.mergesort(MERGESORT.java:47)
	at java_programs.MERGESORT.mergesort(MERGESORT.java:47)
	at java_programs.MERGESORT.mergesort(MERGESORT.java:47)
	at java_programs.MERGESORT.mergesort(MERGESORT.java:47)
	at java_programs.MERGESORT.mergesort(MERGESORT.java:47)
	at java_programs.MERGESORT.mergesort(MERGESORT.java:47)
	at java_programs.MERGESORT.mergesort(MERGESORT.java:47)
	at java_programs.MERGESORT.mergesort(MERGESORT.java:47)
	at java_programs.MERGESORT.mergesort(MERGESORT.java:47)
	at java_programs.MERGESORT.mergesort(MERGESORT.java:47)
	at java_programs.MERGESORT.mergesort(MERGESORT.java:47)
	at java_programs.MERGESORT.mergesort(MERGESORT.java:47)
	at java_programs.MERGESORT.mergesort(MERGESORT.java:47)
	at java_programs.MERGESORT.mergesort(MERGESORT.java:47)
	at java_programs.MERGESORT.mergesort(MERGESORT.java:47)
	at java_programs.MERGESORT.mergesort(MERGESORT.java:47)
	at java_programs.MERGESORT.mergesort(MERGESORT.java:47)
	at java_programs.MERGESORT.mergesort(MERGESORT.java:47)
	at java_programs.MERGESORT.mergesort(MERGESORT.java:47)
	at java_programs.MERGESORT.mergesort(MERGESORT.java:47)
	at java_programs.MERGESORT.mergesort(MERGESORT.java:47)
	at java_programs.MERGESORT.mergesort(MERGESORT.java:47)
	at java_programs.MERGESORT.mergesort(MERGESORT.java:47)
	at java_programs.MERGESORT.mergesort(MERGESORT.java:47)
	at java_programs.MERGESORT.mergesort(MERGESORT.java:47)
	at java_programs.MERGESORT.mergesort(MERGESORT.java:47)
	at java_programs.MERGESORT.mergesort(MERGESORT.java:47)
	at java_programs.MERGESORT.mergesort(MERGESORT.java:47)
	at java_programs.MERGESORT.mergesort(MERGESORT.java:47)
	at java_programs.MERGESORT.mergesort(MERGESORT.java:47)
	at java_programs.MERGESORT.mergesort(MERGESORT.java:47)
	at java_programs.MERGESORT.mergesort(MERGESORT.java:47)
	at java_programs.MERGESORT.mergesort(MERGESORT.java:47)
	at java_programs.MERGESORT.mergesort(MERGESORT.java:47)
	at java_programs.MERGESORT.mergesort(MERGESORT.java:47)
	at java_programs.MERGESORT.mergesort(MERGESORT.java:47)
	at java_programs.MERGESORT.mergesort(MERGESORT.java:47)
	at java_programs.MERGESORT.mergesort(MERGESORT.java:47)
	at java_programs.MERGESORT.mergesort(MERGESORT.java:47)
	at java_programs.MERGESORT.mergesort(MERGESORT.java:47)
	at java_programs.MERGESORT.mergesort(MERGESORT.java:47)
	at java_programs.MERGESORT.mergesort(MERGESORT.java:47)
	at java_programs.MERGESORT.mergesort(MERGESORT.java:47)
	at java_programs.MERGESORT.mergesort(MERGESORT.java:47)
	at java_programs.MERGESORT.mergesort(MERGESORT.java:47)
	at java_programs.MERGESORT.mergesort(MERGESORT.java:47)
	at java_programs.MERGESORT.mergesort(MERGESORT.java:47)
	at java_programs.MERGESORT.mergesort(MERGESORT.java:47)
	at java_programs.MERGESORT.mergesort(MERGESORT.java:47)
	at java_programs.MERGESORT.mergesort(MERGESORT.java:47)
	at java_programs.MERGESORT.mergesort(MERGESORT.java:47)
	at java_programs.MERGESORT.mergesort(MERGESORT.java:47)
	at java_programs.MERGESORT.mergesort(MERGESORT.java:47)
	at java_programs.MERGESORT.mergesort(MERGESORT.java:47)
	at java_programs.MERGESORT.mergesort(MERGESORT.java:47)
	at java_programs.MERGESORT.mergesort(MERGESORT.java:47)
	at java_programs.MERGESORT.mergesort(MERGESORT.java:47)
	at java_programs.MERGESORT.mergesort(MERGESORT.java:47)
	at java_programs.MERGESORT.mergesort(MERGESORT.java:47)
	at java_programs.MERGESORT.mergesort(MERGESORT.java:47)
	at java_programs.MERGESORT.mergesort(MERGESORT.java:47)
	at java_programs.MERGESORT.mergesort(MERGESORT.java:47)
	at java_programs.MERGESORT.mergesort(MERGESORT.java:47)
	at java_programs.MERGESORT.mergesort(MERGESORT.java:47)
	at java_programs.MERGESORT.mergesort(MERGESORT.java:47)
	at java_programs.MERGESORT.mergesort(MERGESORT.java:47)
	at java_programs.MERGESORT.mergesort(MERGESORT.java:47)
	at java_programs.MERGESORT.mergesort(MERGESORT.java:47)
	at java_programs.MERGESORT.mergesort(MERGESORT.java:47)
	at java_programs.MERGESORT.mergesort(MERGESORT.java:47)
	at java_programs.MERGESORT.mergesort(MERGESORT.java:47)
	at java_programs.MERGESORT.mergesort(MERGESORT.java:47)
	at java_programs.MERGESORT.mergesort(MERGESORT.java:47)
	at java_programs.MERGESORT.mergesort(MERGESORT.java:47)
	at java_programs.MERGESORT.mergesort(MERGESORT.java:47)
	at java_programs.MERGESORT.mergesort(MERGESORT.java:47)
	at java_programs.MERGESORT.mergesort(MERGESORT.java:47)
	at java_programs.MERGESORT.mergesort(MERGESORT.java:47)
	at java_programs.MERGESORT.mergesort(MERGESORT.java:47)
	at java_programs.MERGESORT.mergesort(MERGESORT.java:47)
	at java_programs.MERGESORT.mergesort(MERGESORT.java:47)
	at java_programs.MERGESORT.mergesort(MERGESORT.java:47)
	at java_programs.MERGESORT.mergesort(MERGESORT.java:47)
	at java_programs.MERGESORT.mergesort(MERGESORT.java:47)
	at java_programs.MERGESORT.mergesort(MERGESORT.java:47)
	at java_programs.MERGESORT.mergesort(MERGESORT.java:47)
	at java_programs.MERGESORT.mergesort(MERGESORT.java:47)
	at java_programs.MERGESORT.mergesort(MERGESORT.java:47)
	at java_programs.MERGESORT.mergesort(MERGESORT.java:47)
	at java_programs.MERGESORT.mergesort(MERGESORT.java:47)
	at java_programs.MERGESORT.mergesort(MERGESORT.java:47)
	at java_programs.MERGESORT.mergesort(MERGESORT.java:47)
	at java_programs.MERGESORT.mergesort(MERGESORT.java:47)
	at java_programs.MERGESORT.mergesort(MERGESORT.java:47)
	at java_programs.MERGESORT.mergesort(MERGESORT.java:47)
	at java_programs.MERGESORT.mergesort(MERGESORT.java:47)
	at java_programs.MERGESORT.mergesort(MERGESORT.java:47)
	at java_programs.MERGESORT.mergesort(MERGESORT.java:47)
	at java_programs.MERGESORT.mergesort(MERGESORT.java:47)
	at java_programs.MERGESORT.mergesort(MERGESORT.java:47)
	at java_programs.MERGESORT.mergesort(MERGESORT.java:47)
	at java_programs.MERGESORT.mergesort(MERGESORT.java:47)
	at java_programs.MERGESORT.mergesort(MERGESORT.java:47)
	at java_programs.MERGESORT.mergesort(MERGESORT.java:47)
	at java_programs.MERGESORT.mergesort(MERGESORT.java:47)
	at java_programs.MERGESORT.mergesort(MERGESORT.java:47)
	at java_programs.MERGESORT.mergesort(MERGESORT.java:47)
	at java_programs.MERGESORT.mergesort(MERGESORT.java:47)
	at java_programs.MERGESORT.mergesort(MERGESORT.java:47)
	at java_programs.MERGESORT.mergesort(MERGESORT.java:47)
	at java_programs.MERGESORT.mergesort(MERGESORT.java:47)
	at java_programs.MERGESORT.mergesort(MERGESORT.java:47)
	at java_programs.MERGESORT.mergesort(MERGESORT.java:47)
	at java_programs.MERGESORT.mergesort(MERGESORT.java:47)
	at java_programs.MERGESORT.mergesort(MERGESORT.java:47)
	at java_programs.MERGESORT.mergesort(MERGESORT.java:47)
	at java_programs.MERGESORT.mergesort(MERGESORT.java:47)
	at java_programs.MERGESORT.mergesort(MERGESORT.java:47)
	at java_programs.MERGESORT.mergesort(MERGESORT.java:47)
	at java_programs.MERGESORT.mergesort(MERGESORT.java:47)
	at java_programs.MERGESORT.mergesort(MERGESORT.java:47)
	at java_programs.MERGESORT.mergesort(MERGESORT.java:47)
	at java_programs.MERGESORT.mergesort(MERGESORT.java:47)
	at java_programs.MERGESORT.mergesort(MERGESORT.java:47)
	at java_programs.MERGESORT.mergesort(MERGESORT.java:47)
	at java_programs.MERGESORT.mergesort(MERGESORT.java:47)
	at java_programs.MERGESORT.mergesort(MERGESORT.java:47)
	at java_programs.MERGESORT.mergesort(MERGESORT.java:47)
	at java_programs.MERGESORT.mergesort(MERGESORT.java:47)
	at java_programs.MERGESORT.mergesort(MERGESORT.java:47)
	at java_programs.MERGESORT.mergesort(MERGESORT.java:47)
	at java_programs.MERGESORT.mergesort(MERGESORT.java:47)
	at java_programs.MERGESORT.mergesort(MERGESORT.java:47)
	at java_programs.MERGESORT.mergesort(MERGESORT.java:47)
	at java_programs.MERGESORT.mergesort(MERGESORT.java:47)
	at java_programs.MERGESORT.mergesort(MERGESORT.java:47)
	at java_programs.MERGESORT.mergesort(MERGESORT.java:47)
	at java_programs.MERGESORT.mergesort(MERGESORT.java:47)
	at java_programs.MERGESORT.mergesort(MERGESORT.java:47)
	at java_programs.MERGESORT.mergesort(MERGESORT.java:47)
	at java_programs.MERGESORT.mergesort(MERGESORT.java:47)
	at java_programs.MERGESORT.mergesort(MERGESORT.java:47)
	at java_programs.MERGESORT.mergesort(MERGESORT.java:47)
	at java_programs.MERGESORT.mergesort(MERGESORT.java:47)
	at java_programs.MERGESORT.mergesort(MERGESORT.java:47)
	at java_programs.MERGESORT.mergesort(MERGESORT.java:47)
	at java_programs.MERGESORT.mergesort(MERGESORT.java:47)
	at java_programs.MERGESORT.mergesort(MERGESORT.java:47)
	at java_programs.MERGESORT.mergesort(MERGESORT.java:47)
	at java_programs.MERGESORT.mergesort(MERGESORT.java:47)
	at java_programs.MERGESORT.mergesort(MERGESORT.java:47)
	at java_programs.MERGESORT.mergesort(MERGESORT.java:47)
	at java_programs.MERGESORT.mergesort(MERGESORT.java:47)
	at java_programs.MERGESORT.mergesort(MERGESORT.java:47)
	at java_programs.MERGESORT.mergesort(MERGESORT.java:47)
	at java_programs.MERGESORT.mergesort(MERGESORT.java:47)
	at java_programs.MERGESORT.mergesort(MERGESORT.java:47)
	at java_programs.MERGESORT.mergesort(MERGESORT.java:47)
	at java_programs.MERGESORT.mergesort(MERGESORT.java:47)
	at java_programs.MERGESORT.mergesort(MERGESORT.java:47)
	at java_programs.MERGESORT.mergesort(MERGESORT.java:47)
	at java_programs.MERGESORT.mergesort(MERGESORT.java:47)
	at java_programs.MERGESORT.mergesort(MERGESORT.java:47)
	at java_programs.MERGESORT.mergesort(MERGESORT.java:47)
	at java_programs.MERGESORT.mergesort(MERGESORT.java:47)
	at java_programs.MERGESORT.mergesort(MERGESORT.java:47)
	at java_programs.MERGESORT.mergesort(MERGESORT.java:47)
	at java_programs.MERGESORT.mergesort(MERGESORT.java:47)
	at java_programs.MERGESORT.mergesort(MERGESORT.java:47)
	at java_programs.MERGESORT.mergesort(MERGESORT.java:47)
	at java_programs.MERGESORT.mergesort(MERGESORT.java:47)
	at java_programs.MERGESORT.mergesort(MERGESORT.java:47)
	at java_programs.MERGESORT.mergesort(MERGESORT.java:47)
	at java_programs.MERGESORT.mergesort(MERGESORT.java:47)
	at java_programs.MERGESORT.mergesort(MERGESORT.java:47)
	at java_programs.MERGESORT.mergesort(MERGESORT.java:47)
	at java_programs.MERGESORT.mergesort(MERGESORT.java:47)
	at java_programs.MERGESORT.mergesort(MERGESORT.java:47)
	at java_programs.MERGESORT.mergesort(MERGESORT.java:47)
	at java_programs.MERGESORT.mergesort(MERGESORT.java:47)
	at java_programs.MERGESORT.mergesort(MERGESORT.java:47)
	at java_programs.MERGESORT.mergesort(MERGESORT.java:47)
	at java_programs.MERGESORT.mergesort(MERGESORT.java:47)
	at java_programs.MERGESORT.mergesort(MERGESORT.java:47)
	at java_programs.MERGESORT.mergesort(MERGESORT.java:47)
	at java_programs.MERGESORT.mergesort(MERGESORT.java:47)
	at java_programs.MERGESORT.mergesort(MERGESORT.java:47)
	at java_programs.MERGESORT.mergesort(MERGESORT.java:47)
	at java_programs.MERGESORT.mergesort(MERGESORT.java:47)
	at java_programs.MERGESORT.mergesort(MERGESORT.java:47)
	at java_programs.MERGESORT.mergesort(MERGESORT.java:47)
	at java_programs.MERGESORT.mergesort(MERGESORT.java:47)
	at java_programs.MERGESORT.mergesort(MERGESORT.java:47)
	at java_programs.MERGESORT.mergesort(MERGESORT.java:47)
	at java_programs.MERGESORT.mergesort(MERGESORT.java:47)
	at java_programs.MERGESORT.mergesort(MERGESORT.java:47)
	at java_programs.MERGESORT.mergesort(MERGESORT.java:47)
	at java_programs.MERGESORT.mergesort(MERGESORT.java:47)
	at java_programs.MERGESORT.mergesort(MERGESORT.java:47)
	at java_programs.MERGESORT.mergesort(MERGESORT.java:47)
	at java_programs.MERGESORT.mergesort(MERGESORT.java:47)
	at java_programs.MERGESORT.mergesort(MERGESORT.java:47)
	at java_programs.MERGESORT.mergesort(MERGESORT.java:47)
	at java_programs.MERGESORT.mergesort(MERGESORT.java:47)
	at java_programs.MERGESORT.mergesort(MERGESORT.java:47)
	at java_programs.MERGESORT.mergesort(MERGESORT.java:47)
	at java_programs.MERGESORT.mergesort(MERGESORT.java:47)
	at java_programs.MERGESORT.mergesort(MERGESORT.java:47)
	at java_programs.MERGESORT.mergesort(MERGESORT.java:47)
	at java_programs.MERGESORT.mergesort(MERGESORT.java:47)
	at java_programs.MERGESORT.mergesort(MERGESORT.java:47)
	at java_programs.MERGESORT.mergesort(MERGESORT.java:47)
	at java_programs.MERGESORT.mergesort(MERGESORT.java:47)
	at java_programs.MERGESORT.mergesort(MERGESORT.java:47)
	at java_programs.MERGESORT.mergesort(MERGESORT.java:47)
	at java_programs.MERGESORT.mergesort(MERGESORT.java:47)
	at java_programs.MERGESORT.mergesort(MERGESORT.java:47)
	at java_programs.MERGESORT.mergesort(MERGESORT.java:47)
	at java_programs.MERGESORT.mergesort(MERGESORT.java:47)
	at java_programs.MERGESORT.mergesort(MERGESORT.java:47)
	at java_programs.MERGESORT.mergesort(MERGESORT.java:47)
	at java_programs.MERGESORT.mergesort(MERGESORT.java:47)
	at java_programs.MERGESORT.mergesort(MERGESORT.java:47)
	at java_programs.MERGESORT.mergesort(MERGESORT.java:47)
	at java_programs.MERGESORT.mergesort(MERGESORT.java:47)
	at java_programs.MERGESORT.mergesort(MERGESORT.java:47)
	at java_programs.MERGESORT.mergesort(MERGESORT.java:47)
	at java_programs.MERGESORT.mergesort(MERGESORT.java:47)
	at java_programs.MERGESORT.mergesort(MERGESORT.java:47)
	at java_programs.MERGESORT.mergesort(MERGESORT.java:47)
	at java_programs.MERGESORT.mergesort(MERGESORT.java:47)
	at java_programs.MERGESORT.mergesort(MERGESORT.java:47)
	at java_programs.MERGESORT.mergesort(MERGESORT.java:47)
	at java_programs.MERGESORT.mergesort(MERGESORT.java:47)
	at java_programs.MERGESORT.mergesort(MERGESORT.java:47)
	at java_programs.MERGESORT.mergesort(MERGESORT.java:47)
	at java_programs.MERGESORT.mergesort(MERGESORT.java:47)
	at java_programs.MERGESORT.mergesort(MERGESORT.java:47)
	at java_programs.MERGESORT.mergesort(MERGESORT.java:47)
	at java_programs.MERGESORT.mergesort(MERGESORT.java:47)
	at java_programs.MERGESORT.mergesort(MERGESORT.java:47)
	at java_programs.MERGESORT.mergesort(MERGESORT.java:47)
	at java_programs.MERGESORT.mergesort(MERGESORT.java:47)
	at java_programs.MERGESORT.mergesort(MERGESORT.java:47)
	at java_programs.MERGESORT.mergesort(MERGESORT.java:47)
	at java_programs.MERGESORT.mergesort(MERGESORT.java:47)
	at java_programs.MERGESORT.mergesort(MERGESORT.java:47)
	at java_programs.MERGESORT.mergesort(MERGESORT.java:47)
	at java_programs.MERGESORT.mergesort(MERGESORT.java:47)
	at java_programs.MERGESORT.mergesort(MERGESORT.java:47)
	at java_programs.MERGESORT.mergesort(MERGESORT.java:47)
	at java_programs.MERGESORT.mergesort(MERGESORT.java:47)
	at java_programs.MERGESORT.mergesort(MERGESORT.java:47)
	at java_programs.MERGESORT.mergesort(MERGESORT.java:47)
	at java_programs.MERGESORT.mergesort(MERGESORT.java:47)
	at java_programs.MERGESORT.mergesort(MERGESORT.java:47)
	at java_programs.MERGESORT.mergesort(MERGESORT.java:47)
	at java_programs.MERGESORT.mergesort(MERGESORT.java:47)
	at java_programs.MERGESORT.mergesort(MERGESORT.java:47)
	at java_programs.MERGESORT.mergesort(MERGESORT.java:47)
	at java_programs.MERGESORT.mergesort(MERGESORT.java:47)
	at java_programs.MERGESORT.mergesort(MERGESORT.java:47)
	at java_programs.MERGESORT.mergesort(MERGESORT.java:47)
	at java_programs.MERGESORT.mergesort(MERGESORT.java:47)
	at java_programs.MERGESORT.mergesort(MERGESORT.java:47)
	at java_programs.MERGESORT.mergesort(MERGESORT.java:47)
	at java_programs.MERGESORT.mergesort(MERGESORT.java:47)
	at java_programs.MERGESORT.mergesort(MERGESORT.java:47)
	at java_programs.MERGESORT.mergesort(MERGESORT.java:47)
	at java_programs.MERGESORT.mergesort(MERGESORT.java:47)
	at java_programs.MERGESORT.mergesort(MERGESORT.java:47)
	at java_programs.MERGESORT.mergesort(MERGESORT.java:47)
	at java_programs.MERGESORT.mergesort(MERGESORT.java:47)
	at java_programs.MERGESORT.mergesort(MERGESORT.java:47)
	at java_programs.MERGESORT.mergesort(MERGESORT.java:47)
	at java_programs.MERGESORT.mergesort(MERGESORT.java:47)
	at java_programs.MERGESORT.mergesort(MERGESORT.java:47)
	at java_programs.MERGESORT.mergesort(MERGESORT.java:47)
	at java_programs.MERGESORT.mergesort(MERGESORT.java:47)
	at java_programs.MERGESORT.mergesort(MERGESORT.java:47)
	at java_programs.MERGESORT.mergesort(MERGESORT.java:47)
	at java_programs.MERGESORT.mergesort(MERGESORT.java:47)
	at java_programs.MERGESORT.mergesort(MERGESORT.java:47)
	at java_programs.MERGESORT.mergesort(MERGESORT.java:47)
	at java_programs.MERGESORT.mergesort(MERGESORT.java:47)
	at java_programs.MERGESORT.mergesort(MERGESORT.java:47)
	at java_programs.MERGESORT.mergesort(MERGESORT.java:47)
	at java_programs.MERGESORT.mergesort(MERGESORT.java:47)
	at java_programs.MERGESORT.mergesort(MERGESORT.java:47)
	at java_programs.MERGESORT.mergesort(MERGESORT.java:47)
	at java_programs.MERGESORT.mergesort(MERGESORT.java:47)
	at java_programs.MERGESORT.mergesort(MERGESORT.java:47)
	at java_programs.MERGESORT.mergesort(MERGESORT.java:47)
	at java_programs.MERGESORT.mergesort(MERGESORT.java:47)
	at java_programs.MERGESORT.mergesort(MERGESORT.java:47)
	at java_programs.MERGESORT.mergesort(MERGESORT.java:47)
	at java_programs.MERGESORT.mergesort(MERGESORT.java:47)
	at java_programs.MERGESORT.mergesort(MERGESORT.java:47)
	at java_programs.MERGESORT.mergesort(MERGESORT.java:47)
	at java_programs.MERGESORT.mergesort(MERGESORT.java:47)
	at java_programs.MERGESORT.mergesort(MERGESORT.java:47)
	at java_programs.MERGESORT.mergesort(MERGESORT.java:47)
	at java_programs.MERGESORT.mergesort(MERGESORT.java:47)
	at java_programs.MERGESORT.mergesort(MERGESORT.java:47)
	at java_programs.MERGESORT.mergesort(MERGESORT.java:47)
	at java_programs.MERGESORT.mergesort(MERGESORT.java:47)
	at java_programs.MERGESORT.mergesort(MERGESORT.java:47)
	at java_programs.MERGESORT.mergesort(MERGESORT.java:47)
	at java_programs.MERGESORT.mergesort(MERGESORT.java:47)
	at java_programs.MERGESORT.mergesort(MERGESORT.java:47)
	at java_programs.MERGESORT.mergesort(MERGESORT.java:47)
	at java_programs.MERGESORT.mergesort(MERGESORT.java:47)
	at java_programs.MERGESORT.mergesort(MERGESORT.java:47)
	at java_programs.MERGESORT.mergesort(MERGESORT.java:47)
	at java_programs.MERGESORT.mergesort(MERGESORT.java:47)
	at java_programs.MERGESORT.mergesort(MERGESORT.java:47)
	at java_programs.MERGESORT.mergesort(MERGESORT.java:47)
	at java_programs.MERGESORT.mergesort(MERGESORT.java:47)
	at java_programs.MERGESORT.mergesort(MERGESORT.java:47)
	at java_programs.MERGESORT.mergesort(MERGESORT.java:47)
	at java_programs.MERGESORT.mergesort(MERGESORT.java:47)
	at java_programs.MERGESORT.mergesort(MERGESORT.java:47)
	at java_programs.MERGESORT.mergesort(MERGESORT.java:47)
	at java_programs.MERGESORT.mergesort(MERGESORT.java:47)
	at java_programs.MERGESORT.mergesort(MERGESORT.java:47)
	at java_programs.MERGESORT.mergesort(MERGESORT.java:47)
	at java_programs.MERGESORT.mergesort(MERGESORT.java:47)
	at java_programs.MERGESORT.mergesort(MERGESORT.java:47)
	at java_programs.MERGESORT.mergesort(MERGESORT.java:47)
	at java_programs.MERGESORT.mergesort(MERGESORT.java:47)
	at java_programs.MERGESORT.mergesort(MERGESORT.java:47)
	at java_programs.MERGESORT.mergesort(MERGESORT.java:47)
	at java_programs.MERGESORT.mergesort(MERGESORT.java:47)
	at java_programs.MERGESORT.mergesort(MERGESORT.java:47)
	at java_programs.MERGESORT.mergesort(MERGESORT.java:47)
	at java_programs.MERGESORT.mergesort(MERGESORT.java:47)
	at java_programs.MERGESORT.mergesort(MERGESORT.java:47)
	at java_programs.MERGESORT.mergesort(MERGESORT.java:47)
	at java_programs.MERGESORT.mergesort(MERGESORT.java:47)
	at java_programs.MERGESORT.mergesort(MERGESORT.java:47)
	at java_programs.MERGESORT.mergesort(MERGESORT.java:47)
	at java_programs.MERGESORT.mergesort(MERGESORT.java:47)
	at java_programs.MERGESORT.mergesort(MERGESORT.java:47)
	at java_programs.MERGESORT.mergesort(MERGESORT.java:47)
	at java_programs.MERGESORT.mergesort(MERGESORT.java:47)
	at java_programs.MERGESORT.mergesort(MERGESORT.java:47)
	at java_programs.MERGESORT.mergesort(MERGESORT.java:47)
	at java_programs.MERGESORT.mergesort(MERGESORT.java:47)
	at java_programs.MERGESORT.mergesort(MERGESORT.java:47)
	at java_programs.MERGESORT.mergesort(MERGESORT.java:47)
	at java_programs.MERGESORT.mergesort(MERGESORT.java:47)
	at java_programs.MERGESORT.mergesort(MERGESORT.java:47)
	at java_programs.MERGESORT.mergesort(MERGESORT.java:47)
	at java_programs.MERGESORT.mergesort(MERGESORT.java:47)
	at java_programs.MERGESORT.mergesort(MERGESORT.java:47)
	at java_programs.MERGESORT.mergesort(MERGESORT.java:47)
	at java_programs.MERGESORT.mergesort(MERGESORT.java:47)
	at java_programs.MERGESORT.mergesort(MERGESORT.java:47)
	at java_programs.MERGESORT.mergesort(MERGESORT.java:47)
	at java_programs.MERGESORT.mergesort(MERGESORT.java:47)
	at java_programs.MERGESORT.mergesort(MERGESORT.java:47)
	at java_programs.MERGESORT.mergesort(MERGESORT.java:47)
	at java_programs.MERGESORT.mergesort(MERGESORT.java:47)
	at java_programs.MERGESORT.mergesort(MERGESORT.java:47)
	at java_programs.MERGESORT.mergesort(MERGESORT.java:47)
	at java_programs.MERGESORT.mergesort(MERGESORT.java:47)
	at java_programs.MERGESORT.mergesort(MERGESORT.java:47)
	at java_programs.MERGESORT.mergesort(MERGESORT.java:47)
	at java_programs.MERGESORT.mergesort(MERGESORT.java:47)
	at java_programs.MERGESORT.mergesort(MERGESORT.java:47)
	at java_programs.MERGESORT.mergesort(MERGESORT.java:47)
	at java_programs.MERGESORT.mergesort(MERGESORT.java:47)
	at java_programs.MERGESORT.mergesort(MERGESORT.java:47)
	at java_programs.MERGESORT.mergesort(MERGESORT.java:47)
	at java_programs.MERGESORT.mergesort(MERGESORT.java:47)
	at java_programs.MERGESORT.mergesort(MERGESORT.java:47)
	at java_programs.MERGESORT.mergesort(MERGESORT.java:47)
	at java_programs.MERGESORT.mergesort(MERGESORT.java:47)
	at java_programs.MERGESORT.mergesort(MERGESORT.java:47)
	at java_programs.MERGESORT.mergesort(MERGESORT.java:47)
	at java_programs.MERGESORT.mergesort(MERGESORT.java:47)
	at java_programs.MERGESORT.mergesort(MERGESORT.java:47)
	at java_programs.MERGESORT.mergesort(MERGESORT.java:47)
	at java_programs.MERGESORT.mergesort(MERGESORT.java:47)
	at java_programs.MERGESORT.mergesort(MERGESORT.java:47)
	at java_programs.MERGESORT.mergesort(MERGESORT.java:47)
	at java_programs.MERGESORT.mergesort(MERGESORT.java:47)
	at java_programs.MERGESORT.mergesort(MERGESORT.java:47)
	at java_programs.MERGESORT.mergesort(MERGESORT.java:47)
	at java_programs.MERGESORT.mergesort(MERGESORT.java:47)
	at java_programs.MERGESORT.mergesort(MERGESORT.java:47)
	at java_programs.MERGESORT.mergesort(MERGESORT.java:47)
	at java_programs.MERGESORT.mergesort(MERGESORT.java:47)
	at java_programs.MERGESORT.mergesort(MERGESORT.java:47)
	at java_programs.MERGESORT.mergesort(MERGESORT.java:47)
	at java_programs.MERGESORT.mergesort(MERGESORT.java:47)
	at java_programs.MERGESORT.mergesort(MERGESORT.java:47)
	at java_programs.MERGESORT.mergesort(MERGESORT.java:47)
	at java_programs.MERGESORT.mergesort(MERGESORT.java:47)
	at java_programs.MERGESORT.mergesort(MERGESORT.java:47)
	at java_programs.MERGESORT.mergesort(MERGESORT.java:47)
	at java_programs.MERGESORT.mergesort(MERGESORT.java:47)
	at java_programs.MERGESORT.mergesort(MERGESORT.java:47)
	at java_programs.MERGESORT.mergesort(MERGESORT.java:47)
	at java_programs.MERGESORT.mergesort(MERGESORT.java:47)
	at java_programs.MERGESORT.mergesort(MERGESORT.java:47)
	at java_programs.MERGESORT.mergesort(MERGESORT.java:47)
	at java_programs.MERGESORT.mergesort(MERGESORT.java:47)
	at java_programs.MERGESORT.mergesort(MERGESORT.java:47)
	at java_programs.MERGESORT.mergesort(MERGESORT.java:47)
	at java_programs.MERGESORT.mergesort(MERGESORT.java:47)
	at java_programs.MERGESORT.mergesort(MERGESORT.java:47)
	at java_programs.MERGESORT.mergesort(MERGESORT.java:47)
	at java_programs.MERGESORT.mergesort(MERGESORT.java:47)
	at java_programs.MERGESORT.mergesort(MERGESORT.java:47)
	at java_programs.MERGESORT.mergesort(MERGESORT.java:47)
	at java_programs.MERGESORT.mergesort(MERGESORT.java:47)
	at java_programs.MERGESORT.mergesort(MERGESORT.java:47)
	at java_programs.MERGESORT.mergesort(MERGESORT.java:47)
	at java_programs.MERGESORT.mergesort(MERGESORT.java:47)
	at java_programs.MERGESORT.mergesort(MERGESORT.java:47)
	at java_programs.MERGESORT.mergesort(MERGESORT.java:47)
	at java_programs.MERGESORT.mergesort(MERGESORT.java:47)
	at java_programs.MERGESORT.mergesort(MERGESORT.java:47)
	at java_programs.MERGESORT.mergesort(MERGESORT.java:47)
	at java_programs.MERGESORT.mergesort(MERGESORT.java:47)
	at java_programs.MERGESORT.mergesort(MERGESORT.java:47)
	at java_programs.MERGESORT.mergesort(MERGESORT.java:47)
	at java_programs.MERGESORT.mergesort(MERGESORT.java:47)
	at java_programs.MERGESORT.mergesort(MERGESORT.java:47)
	at java_programs.MERGESORT.mergesort(MERGESORT.java:47)
	at java_programs.MERGESORT.mergesort(MERGESORT.java:47)
	at java_programs.MERGESORT.mergesort(MERGESORT.java:47)
	at java_programs.MERGESORT.mergesort(MERGESORT.java:47)
	at java_programs.MERGESORT.mergesort(MERGESORT.java:47)
	at java_programs.MERGESORT.mergesort(MERGESORT.java:47)
	at java_programs.MERGESORT.mergesort(MERGESORT.java:47)
	at java_programs.MERGESORT.mergesort(MERGESORT.java:47)
	at java_programs.MERGESORT.mergesort(MERGESORT.java:47)
	at java_programs.MERGESORT.mergesort(MERGESORT.java:47)
	at java_programs.MERGESORT.mergesort(MERGESORT.java:47)
	at java_programs.MERGESORT.mergesort(MERGESORT.java:47)
	at java_programs.MERGESORT.mergesort(MERGESORT.java:47)
	at java_programs.MERGESORT.mergesort(MERGESORT.java:47)
	at java_programs.MERGESORT.mergesort(MERGESORT.java:47)
	at java_programs.MERGESORT.mergesort(MERGESORT.java:47)
	at java_programs.MERGESORT.mergesort(MERGESORT.java:47)
	at java_programs.MERGESORT.mergesort(MERGESORT.java:47)
	at java_programs.MERGESORT.mergesort(MERGESORT.java:47)
	at java_programs.MERGESORT.mergesort(MERGESORT.java:47)
	at java_programs.MERGESORT.mergesort(MERGESORT.java:47)
	at java_programs.MERGESORT.mergesort(MERGESORT.java:47)
	at java_programs.MERGESORT.mergesort(MERGESORT.java:47)
	at java_programs.MERGESORT.mergesort(MERGESORT.java:47)
	at java_programs.MERGESORT.mergesort(MERGESORT.java:47)
	at java_programs.MERGESORT.mergesort(MERGESORT.java:47)
	at java_programs.MERGESORT.mergesort(MERGESORT.java:47)
	at java_programs.MERGESORT.mergesort(MERGESORT.java:47)
	at java_programs.MERGESORT.mergesort(MERGESORT.java:47)
	at java_programs.MERGESORT.mergesort(MERGESORT.java:47)
	at java_programs.MERGESORT.mergesort(MERGESORT.java:47)
	at java_programs.MERGESORT.mergesort(MERGESORT.java:47)
	at java_programs.MERGESORT.mergesort(MERGESORT.java:47)
	at java_programs.MERGESORT.mergesort(MERGESORT.java:47)
	at java_programs.MERGESORT.mergesort(MERGESORT.java:47)
	at java_programs.MERGESORT.mergesort(MERGESORT.java:47)
	at java_programs.MERGESORT.mergesort(MERGESORT.java:47)
	at java_programs.MERGESORT.mergesort(MERGESORT.java:47)
	at java_programs.MERGESORT.mergesort(MERGESORT.java:47)
	at java_programs.MERGESORT.mergesort(MERGESORT.java:47)
	at java_programs.MERGESORT.mergesort(MERGESORT.java:47)
	at java_programs.MERGESORT.mergesort(MERGESORT.java:47)
	at java_programs.MERGESORT.mergesort(MERGESORT.java:47)
	at java_programs.MERGESORT.mergesort(MERGESORT.java:47)
	at java_programs.MERGESORT.mergesort(MERGESORT.java:47)
	at java_programs.MERGESORT.mergesort(MERGESORT.java:47)
	at java_programs.MERGESORT.mergesort(MERGESORT.java:47)
	at java_programs.MERGESORT.mergesort(MERGESORT.java:47)
	at java_programs.MERGESORT.mergesort(MERGESORT.java:47)
	at java_programs.MERGESORT.mergesort(MERGESORT.java:47)
	at java_programs.MERGESORT.mergesort(MERGESORT.java:47)
	at java_programs.MERGESORT.mergesort(MERGESORT.java:47)
	at java_programs.MERGESORT.mergesort(MERGESORT.java:47)
	at java_programs.MERGESORT.mergesort(MERGESORT.java:47)
	at java_programs.MERGESORT.mergesort(MERGESORT.java:47)
	at java_programs.MERGESORT.mergesort(MERGESORT.java:47)
	at java_programs.MERGESORT.mergesort(MERGESORT.java:47)
	at java_programs.MERGESORT.mergesort(MERGESORT.java:47)
	at java_programs.MERGESORT.mergesort(MERGESORT.java:47)
	at java_programs.MERGESORT.mergesort(MERGESORT.java:47)
	at java_programs.MERGESORT.mergesort(MERGESORT.java:47)
	at java_programs.MERGESORT.mergesort(MERGESORT.java:47)
	at java_programs.MERGESORT.mergesort(MERGESORT.java:47)
	at java_programs.MERGESORT.mergesort(MERGESORT.java:47)
	at java_programs.MERGESORT.mergesort(MERGESORT.java:47)
	at java_programs.MERGESORT.mergesort(MERGESORT.java:47)
	at java_programs.MERGESORT.mergesort(MERGESORT.java:47)
	at java_programs.MERGESORT.mergesort(MERGESORT.java:47)
	at java_programs.MERGESORT.mergesort(MERGESORT.java:47)
	at java_programs.MERGESORT.mergesort(MERGESORT.java:47)
	at java_programs.MERGESORT.mergesort(MERGESORT.java:47)
	at java_programs.MERGESORT.mergesort(MERGESORT.java:47)
	at java_programs.MERGESORT.mergesort(MERGESORT.java:47)
	at java_programs.MERGESORT.mergesort(MERGESORT.java:47)
	at java_programs.MERGESORT.mergesort(MERGESORT.java:47)
	at java_programs.MERGESORT.mergesort(MERGESORT.java:47)
	at java_programs.MERGESORT.mergesort(MERGESORT.java:47)
	at java_programs.MERGESORT.mergesort(MERGESORT.java:47)
	at java_programs.MERGESORT.mergesort(MERGESORT.java:47)
	at java_programs.MERGESORT.mergesort(MERGESORT.java:47)
	at java_programs.MERGESORT.mergesort(MERGESORT.java:47)
	at java_programs.MERGESORT.mergesort(MERGESORT.java:47)
	at java_programs.MERGESORT.mergesort(MERGESORT.java:47)
	at java_programs.MERGESORT.mergesort(MERGESORT.java:47)
	at java_programs.MERGESORT.mergesort(MERGESORT.java:47)
	at java_programs.MERGESORT.mergesort(MERGESORT.java:47)
	at java_programs.MERGESORT.mergesort(MERGESORT.java:47)
	at java_programs.MERGESORT.mergesort(MERGESORT.java:47)
	at java_programs.MERGESORT.mergesort(MERGESORT.java:47)
	at java_programs.MERGESORT.mergesort(MERGESORT.java:47)
	at java_programs.MERGESORT.mergesort(MERGESORT.java:47)
	at java_programs.MERGESORT.mergesort(MERGESORT.java:47)
	at java_programs.MERGESORT.mergesort(MERGESORT.java:47)
	at java_programs.MERGESORT.mergesort(MERGESORT.java:47)
	at java_programs.MERGESORT.mergesort(MERGESORT.java:47)
	at java_programs.MERGESORT.mergesort(MERGESORT.java:47)
	at java_programs.MERGESORT.mergesort(MERGESORT.java:47)
	at java_programs.MERGESORT.mergesort(MERGESORT.java:47)
	at java_programs.MERGESORT.mergesort(MERGESORT.java:47)
	at java_programs.MERGESORT.mergesort(MERGESORT.java:47)
	at java_programs.MERGESORT.mergesort(MERGESORT.java:47)
	at java_programs.MERGESORT.mergesort(MERGESORT.java:47)
	at java_programs.MERGESORT.mergesort(MERGESORT.java:47)
	at java_programs.MERGESORT.mergesort(MERGESORT.java:47)
	at java_programs.MERGESORT.mergesort(MERGESORT.java:47)
	at java_programs.MERGESORT.mergesort(MERGESORT.java:47)
	at java_programs.MERGESORT.mergesort(MERGESORT.java:47)
	at java_programs.MERGESORT.mergesort(MERGESORT.java:47)
	at java_programs.MERGESORT.mergesort(MERGESORT.java:47)
	at java_programs.MERGESORT.mergesort(MERGESORT.java:47)
	at java_programs.MERGESORT.mergesort(MERGESORT.java:47)
	at java_programs.MERGESORT.mergesort(MERGESORT.java:47)
	at java_programs.MERGESORT.mergesort(MERGESORT.java:47)
	at java_programs.MERGESORT.mergesort(MERGESORT.java:47)
	at java_programs.MERGESORT.mergesort(MERGESORT.java:47)
	at java_programs.MERGESORT.mergesort(MERGESORT.java:47)
	at java_programs.MERGESORT.mergesort(MERGESORT.java:47)
	at java_programs.MERGESORT.mergesort(MERGESORT.java:47)
	at java_programs.MERGESORT.mergesort(MERGESORT.java:47)
	at java_programs.MERGESORT.mergesort(MERGESORT.java:47)
	at java_programs.MERGESORT.mergesort(MERGESORT.java:47)
	at java_programs.MERGESORT.mergesort(MERGESORT.java:47)
	at java_programs.MERGESORT.mergesort(MERGESORT.java:47)
	at java_programs.MERGESORT.mergesort(MERGESORT.java:47)
	at java_programs.MERGESORT.mergesort(MERGESORT.java:47)
	at java_programs.MERGESORT.mergesort(MERGESORT.java:47)
	at java_programs.MERGESORT.mergesort(MERGESORT.java:47)
	at java_programs.MERGESORT.mergesort(MERGESORT.java:47)
	at java_programs.MERGESORT.mergesort(MERGESORT.java:47)
	at java_programs.MERGESORT.mergesort(MERGESORT.java:47)
	at java_programs.MERGESORT.mergesort(MERGESORT.java:47)
	at java_programs.MERGESORT.mergesort(MERGESORT.java:47)
	at java_programs.MERGESORT.mergesort(MERGESORT.java:47)
	at java_programs.MERGESORT.mergesort(MERGESORT.java:47)
	at java_programs.MERGESORT.mergesort(MERGESORT.java:47)
	at java_programs.MERGESORT.mergesort(MERGESORT.java:47)
	at java_programs.MERGESORT.mergesort(MERGESORT.java:47)
	at java_programs.MERGESORT.mergesort(MERGESORT.java:47)
	at java_programs.MERGESORT.mergesort(MERGESORT.java:47)
	at java_programs.MERGESORT.mergesort(MERGESORT.java:47)
	at java_programs.MERGESORT.mergesort(MERGESORT.java:47)
	at java_programs.MERGESORT.mergesort(MERGESORT.java:47)
	at java_programs.MERGESORT.mergesort(MERGESORT.java:47)
	at java_programs.MERGESORT.mergesort(MERGESORT.java:47)
	at java_programs.MERGESORT.mergesort(MERGESORT.java:47)
	at java_programs.MERGESORT.mergesort(MERGESORT.java:47)
	at java_programs.MERGESORT.mergesort(MERGESORT.java:47)
	at java_programs.MERGESORT.mergesort(MERGESORT.java:47)
	at java_programs.MERGESORT.mergesort(MERGESORT.java:47)
	at java_programs.MERGESORT.mergesort(MERGESORT.java:47)
	at java_programs.MERGESORT.mergesort(MERGESORT.java:47)
	at java_programs.MERGESORT.mergesort(MERGESORT.java:47)
	at java_programs.MERGESORT.mergesort(MERGESORT.java:47)
	at java_programs.MERGESORT.mergesort(MERGESORT.java:47)
	at java_programs.MERGESORT.mergesort(MERGESORT.java:47)
	at java_programs.MERGESORT.mergesort(MERGESORT.java:47)
	at java_programs.MERGESORT.mergesort(MERGESORT.java:47)
	at java_programs.MERGESORT.mergesort(MERGESORT.java:47)
	at java_programs.MERGESORT.mergesort(MERGESORT.java:47)
	at java_programs.MERGESORT.mergesort(MERGESORT.java:47)
	at java_programs.MERGESORT.mergesort(MERGESORT.java:47)
	at java_programs.MERGESORT.mergesort(MERGESORT.java:47)
	at java_programs.MERGESORT.mergesort(MERGESORT.java:47)
	at java_programs.MERGESORT.mergesort(MERGESORT.java:47)
	at java_programs.MERGESORT.mergesort(MERGESORT.java:47)
	at java_programs.MERGESORT.mergesort(MERGESORT.java:47)
	at java_programs.MERGESORT.mergesort(MERGESORT.java:47)
	at java_programs.MERGESORT.mergesort(MERGESORT.java:47)
	at java_programs.MERGESORT.mergesort(MERGESORT.java:47)
	at java_programs.MERGESORT.mergesort(MERGESORT.java:47)
	at java_programs.MERGESORT.mergesort(MERGESORT.java:47)
	at java_programs.MERGESORT.mergesort(MERGESORT.java:47)
	at java_programs.MERGESORT.mergesort(MERGESORT.java:47)
	at java_programs.MERGESORT.mergesort(MERGESORT.java:47)
	at java_programs.MERGESORT.mergesort(MERGESORT.java:47)
	at java_programs.MERGESORT.mergesort(MERGESORT.java:47)
	at java_programs.MERGESORT.mergesort(MERGESORT.java:47)
	at java_programs.MERGESORT.mergesort(MERGESORT.java:47)
	at java_programs.MERGESORT.mergesort(MERGESORT.java:47)
	at java_programs.MERGESORT.mergesort(MERGESORT.java:47)
	at java_programs.MERGESORT.mergesort(MERGESORT.java:47)
	at java_programs.MERGESORT.mergesort(MERGESORT.java:47)
	at java_programs.MERGESORT.mergesort(MERGESORT.java:47)
	at java_programs.MERGESORT.mergesort(MERGESORT.java:47)
	at java_programs.MERGESORT.mergesort(MERGESORT.java:47)
	at java_programs.MERGESORT.mergesort(MERGESORT.java:47)
	at java_programs.MERGESORT.mergesort(MERGESORT.java:47)
	at java_programs.MERGESORT.mergesort(MERGESORT.java:47)
	at java_programs.MERGESORT.mergesort(MERGESORT.java:47)
	at java_programs.MERGESORT.mergesort(MERGESORT.java:47)
	at java_programs.MERGESORT.mergesort(MERGESORT.java:47)
	at java_programs.MERGESORT.mergesort(MERGESORT.java:47)
	at java_programs.MERGESORT.mergesort(MERGESORT.java:47)
	at java_programs.MERGESORT.mergesort(MERGESORT.java:47)
	at java_programs.MERGESORT.mergesort(MERGESORT.java:47)
	at java_programs.MERGESORT.mergesort(MERGESORT.java:47)
	at java_programs.MERGESORT.mergesort(MERGESORT.java:47)
	at java_programs.MERGESORT.mergesort(MERGESORT.java:47)
	at java_programs.MERGESORT.mergesort(MERGESORT.java:47)
	at java_programs.MERGESORT.mergesort(MERGESORT.java:47)
	at java_programs.MERGESORT.mergesort(MERGESORT.java:47)
	at java_programs.MERGESORT.mergesort(MERGESORT.java:47)
	at java_programs.MERGESORT.mergesort(MERGESORT.java:47)
	at java_programs.MERGESORT.mergesort(MERGESORT.java:47)
	at java_programs.MERGESORT.mergesort(MERGESORT.java:47)
	at java_programs.MERGESORT.mergesort(MERGESORT.java:47)
	at java_programs.MERGESORT.mergesort(MERGESORT.java:47)
	at java_programs.MERGESORT.mergesort(MERGESORT.java:47)
	at java_programs.MERGESORT.mergesort(MERGESORT.java:47)
	at java_programs.MERGESORT.mergesort(MERGESORT.java:47)
	at java_programs.MERGESORT.mergesort(MERGESORT.java:47)
	at java_programs.MERGESORT.mergesort(MERGESORT.java:47)
	at java_programs.MERGESORT.mergesort(MERGESORT.java:47)
	at java_programs.MERGESORT.mergesort(MERGESORT.java:47)
	at java_programs.MERGESORT.mergesort(MERGESORT.java:47)
	at java_programs.MERGESORT.mergesort(MERGESORT.java:47)
	at java_programs.MERGESORT.mergesort(MERGESORT.java:47)
	at java_programs.MERGESORT.mergesort(MERGESORT.java:47)
	at java_programs.MERGESORT.mergesort(MERGESORT.java:47)
	at java_programs.MERGESORT.mergesort(MERGESORT.java:47)
	at java_programs.MERGESORT.mergesort(MERGESORT.java:47)
	at java_programs.MERGESORT.mergesort(MERGESORT.java:47)
	at java_programs.MERGESORT.mergesort(MERGESORT.java:47)
	at java_programs.MERGESORT.mergesort(MERGESORT.java:47)
	at java_programs.MERGESORT.mergesort(MERGESORT.java:47)
	at java_programs.MERGESORT.mergesort(MERGESORT.java:47)
	at java_programs.MERGESORT.mergesort(MERGESORT.java:47)
	at java_programs.MERGESORT.mergesort(MERGESORT.java:47)
	at java_programs.MERGESORT.mergesort(MERGESORT.java:47)
	at java_programs.MERGESORT.mergesort(MERGESORT.java:47)
	at java_programs.MERGESORT.mergesort(MERGESORT.java:47)
	at java_programs.MERGESORT.mergesort(MERGESORT.java:47)
	at java_programs.MERGESORT.mergesort(MERGESORT.java:47)
	at java_programs.MERGESORT.mergesort(MERGESORT.java:47)
	at java_programs.MERGESORT.mergesort(MERGESORT.java:47)
	at java_programs.MERGESORT.mergesort(MERGESORT.java:47)
	at java_programs.MERGESORT.mergesort(MERGESORT.java:47)
	at java_programs.MERGESORT.mergesort(MERGESORT.java:47)
	at java_programs.MERGESORT.mergesort(MERGESORT.java:47)
	at java_programs.MERGESORT.mergesort(MERGESORT.java:47)
	at java_programs.MERGESORT.mergesort(MERGESORT.java:47)
	at java_programs.MERGESORT.mergesort(MERGESORT.java:47)
	at java_programs.MERGESORT.mergesort(MERGESORT.java:47)
	at java_programs.MERGESORT.mergesort(MERGESORT.java:47)
	at java_programs.MERGESORT.mergesort(MERGESORT.java:47)
	at java_programs.MERGESORT.mergesort(MERGESORT.java:47)
	at java_programs.MERGESORT.mergesort(MERGESORT.java:47)
	at java_programs.MERGESORT.mergesort(MERGESORT.java:47)
	at java_programs.MERGESORT.mergesort(MERGESORT.java:47)
</failure>
  </testcase>
  <testcase name="test_4" classname="java_testcases.junit.MERGESORT_TEST" time="0.009">
    <failure message="java.lang.StackOverflowError" type="java.lang.StackOverflowError">java.lang.StackOverflowError
	at java.util.ArrayList.subList(ArrayList.java:1006)
	at java_programs.MERGESORT.mergesort(MERGESORT.java:43)
	at java_programs.MERGESORT.mergesort(MERGESORT.java:47)
	at java_programs.MERGESORT.mergesort(MERGESORT.java:47)
	at java_programs.MERGESORT.mergesort(MERGESORT.java:47)
	at java_programs.MERGESORT.mergesort(MERGESORT.java:47)
	at java_programs.MERGESORT.mergesort(MERGESORT.java:47)
	at java_programs.MERGESORT.mergesort(MERGESORT.java:47)
	at java_programs.MERGESORT.mergesort(MERGESORT.java:47)
	at java_programs.MERGESORT.mergesort(MERGESORT.java:47)
	at java_programs.MERGESORT.mergesort(MERGESORT.java:47)
	at java_programs.MERGESORT.mergesort(MERGESORT.java:47)
	at java_programs.MERGESORT.mergesort(MERGESORT.java:47)
	at java_programs.MERGESORT.mergesort(MERGESORT.java:47)
	at java_programs.MERGESORT.mergesort(MERGESORT.java:47)
	at java_programs.MERGESORT.mergesort(MERGESORT.java:47)
	at java_programs.MERGESORT.mergesort(MERGESORT.java:47)
	at java_programs.MERGESORT.mergesort(MERGESORT.java:47)
	at java_programs.MERGESORT.mergesort(MERGESORT.java:47)
	at java_programs.MERGESORT.mergesort(MERGESORT.java:47)
	at java_programs.MERGESORT.mergesort(MERGESORT.java:47)
	at java_programs.MERGESORT.mergesort(MERGESORT.java:47)
	at java_programs.MERGESORT.mergesort(MERGESORT.java:47)
	at java_programs.MERGESORT.mergesort(MERGESORT.java:47)
	at java_programs.MERGESORT.mergesort(MERGESORT.java:47)
	at java_programs.MERGESORT.mergesort(MERGESORT.java:47)
	at java_programs.MERGESORT.mergesort(MERGESORT.java:47)
	at java_programs.MERGESORT.mergesort(MERGESORT.java:47)
	at java_programs.MERGESORT.mergesort(MERGESORT.java:47)
	at java_programs.MERGESORT.mergesort(MERGESORT.java:47)
	at java_programs.MERGESORT.mergesort(MERGESORT.java:47)
	at java_programs.MERGESORT.mergesort(MERGESORT.java:47)
	at java_programs.MERGESORT.mergesort(MERGESORT.java:47)
	at java_programs.MERGESORT.mergesort(MERGESORT.java:47)
	at java_programs.MERGESORT.mergesort(MERGESORT.java:47)
	at java_programs.MERGESORT.mergesort(MERGESORT.java:47)
	at java_programs.MERGESORT.mergesort(MERGESORT.java:47)
	at java_programs.MERGESORT.mergesort(MERGESORT.java:47)
	at java_programs.MERGESORT.mergesort(MERGESORT.java:47)
	at java_programs.MERGESORT.mergesort(MERGESORT.java:47)
	at java_programs.MERGESORT.mergesort(MERGESORT.java:47)
	at java_programs.MERGESORT.mergesort(MERGESORT.java:47)
	at java_programs.MERGESORT.mergesort(MERGESORT.java:47)
	at java_programs.MERGESORT.mergesort(MERGESORT.java:47)
	at java_programs.MERGESORT.mergesort(MERGESORT.java:47)
	at java_programs.MERGESORT.mergesort(MERGESORT.java:47)
	at java_programs.MERGESORT.mergesort(MERGESORT.java:47)
	at java_programs.MERGESORT.mergesort(MERGESORT.java:47)
	at java_programs.MERGESORT.mergesort(MERGESORT.java:47)
	at java_programs.MERGESORT.mergesort(MERGESORT.java:47)
	at java_programs.MERGESORT.mergesort(MERGESORT.java:47)
	at java_programs.MERGESORT.mergesort(MERGESORT.java:47)
	at java_programs.MERGESORT.mergesort(MERGESORT.java:47)
	at java_programs.MERGESORT.mergesort(MERGESORT.java:47)
	at java_programs.MERGESORT.mergesort(MERGESORT.java:47)
	at java_programs.MERGESORT.mergesort(MERGESORT.java:47)
	at java_programs.MERGESORT.mergesort(MERGESORT.java:47)
	at java_programs.MERGESORT.mergesort(MERGESORT.java:47)
	at java_programs.MERGESORT.mergesort(MERGESORT.java:47)
	at java_programs.MERGESORT.mergesort(MERGESORT.java:47)
	at java_programs.MERGESORT.mergesort(MERGESORT.java:47)
	at java_programs.MERGESORT.mergesort(MERGESORT.java:47)
	at java_programs.MERGESORT.mergesort(MERGESORT.java:47)
	at java_programs.MERGESORT.mergesort(MERGESORT.java:47)
	at java_programs.MERGESORT.mergesort(MERGESORT.java:47)
	at java_programs.MERGESORT.mergesort(MERGESORT.java:47)
	at java_programs.MERGESORT.mergesort(MERGESORT.java:47)
	at java_programs.MERGESORT.mergesort(MERGESORT.java:47)
	at java_programs.MERGESORT.mergesort(MERGESORT.java:47)
	at java_programs.MERGESORT.mergesort(MERGESORT.java:47)
	at java_programs.MERGESORT.mergesort(MERGESORT.java:47)
	at java_programs.MERGESORT.mergesort(MERGESORT.java:47)
	at java_programs.MERGESORT.mergesort(MERGESORT.java:47)
	at java_programs.MERGESORT.mergesort(MERGESORT.java:47)
	at java_programs.MERGESORT.mergesort(MERGESORT.java:47)
	at java_programs.MERGESORT.mergesort(MERGESORT.java:47)
	at java_programs.MERGESORT.mergesort(MERGESORT.java:47)
	at java_programs.MERGESORT.mergesort(MERGESORT.java:47)
	at java_programs.MERGESORT.mergesort(MERGESORT.java:47)
	at java_programs.MERGESORT.mergesort(MERGESORT.java:47)
	at java_programs.MERGESORT.mergesort(MERGESORT.java:47)
	at java_programs.MERGESORT.mergesort(MERGESORT.java:47)
	at java_programs.MERGESORT.mergesort(MERGESORT.java:47)
	at java_programs.MERGESORT.mergesort(MERGESORT.java:47)
	at java_programs.MERGESORT.mergesort(MERGESORT.java:47)
	at java_programs.MERGESORT.mergesort(MERGESORT.java:47)
	at java_programs.MERGESORT.mergesort(MERGESORT.java:47)
	at java_programs.MERGESORT.mergesort(MERGESORT.java:47)
	at java_programs.MERGESORT.mergesort(MERGESORT.java:47)
	at java_programs.MERGESORT.mergesort(MERGESORT.java:47)
	at java_programs.MERGESORT.mergesort(MERGESORT.java:47)
	at java_programs.MERGESORT.mergesort(MERGESORT.java:47)
	at java_programs.MERGESORT.mergesort(MERGESORT.java:47)
	at java_programs.MERGESORT.mergesort(MERGESORT.java:47)
	at java_programs.MERGESORT.mergesort(MERGESORT.java:47)
	at java_programs.MERGESORT.mergesort(MERGESORT.java:47)
	at java_programs.MERGESORT.mergesort(MERGESORT.java:47)
	at java_programs.MERGESORT.mergesort(MERGESORT.java:47)
	at java_programs.MERGESORT.mergesort(MERGESORT.java:47)
	at java_programs.MERGESORT.mergesort(MERGESORT.java:47)
	at java_programs.MERGESORT.mergesort(MERGESORT.java:47)
	at java_programs.MERGESORT.mergesort(MERGESORT.java:47)
	at java_programs.MERGESORT.mergesort(MERGESORT.java:47)
	at java_programs.MERGESORT.mergesort(MERGESORT.java:47)
	at java_programs.MERGESORT.mergesort(MERGESORT.java:47)
	at java_programs.MERGESORT.mergesort(MERGESORT.java:47)
	at java_programs.MERGESORT.mergesort(MERGESORT.java:47)
	at java_programs.MERGESORT.mergesort(MERGESORT.java:47)
	at java_programs.MERGESORT.mergesort(MERGESORT.java:47)
	at java_programs.MERGESORT.mergesort(MERGESORT.java:47)
	at java_programs.MERGESORT.mergesort(MERGESORT.java:47)
	at java_programs.MERGESORT.mergesort(MERGESORT.java:47)
	at java_programs.MERGESORT.mergesort(MERGESORT.java:47)
	at java_programs.MERGESORT.mergesort(MERGESORT.java:47)
	at java_programs.MERGESORT.mergesort(MERGESORT.java:47)
	at java_programs.MERGESORT.mergesort(MERGESORT.java:47)
	at java_programs.MERGESORT.mergesort(MERGESORT.java:47)
	at java_programs.MERGESORT.mergesort(MERGESORT.java:47)
	at java_programs.MERGESORT.mergesort(MERGESORT.java:47)
	at java_programs.MERGESORT.mergesort(MERGESORT.java:47)
	at java_programs.MERGESORT.mergesort(MERGESORT.java:47)
	at java_programs.MERGESORT.mergesort(MERGESORT.java:47)
	at java_programs.MERGESORT.mergesort(MERGESORT.java:47)
	at java_programs.MERGESORT.mergesort(MERGESORT.java:47)
	at java_programs.MERGESORT.mergesort(MERGESORT.java:47)
	at java_programs.MERGESORT.mergesort(MERGESORT.java:47)
	at java_programs.MERGESORT.mergesort(MERGESORT.java:47)
	at java_programs.MERGESORT.mergesort(MERGESORT.java:47)
	at java_programs.MERGESORT.mergesort(MERGESORT.java:47)
	at java_programs.MERGESORT.mergesort(MERGESORT.java:47)
	at java_programs.MERGESORT.mergesort(MERGESORT.java:47)
	at java_programs.MERGESORT.mergesort(MERGESORT.java:47)
	at java_programs.MERGESORT.mergesort(MERGESORT.java:47)
	at java_programs.MERGESORT.mergesort(MERGESORT.java:47)
	at java_programs.MERGESORT.mergesort(MERGESORT.java:47)
	at java_programs.MERGESORT.mergesort(MERGESORT.java:47)
	at java_programs.MERGESORT.mergesort(MERGESORT.java:47)
	at java_programs.MERGESORT.mergesort(MERGESORT.java:47)
	at java_programs.MERGESORT.mergesort(MERGESORT.java:47)
	at java_programs.MERGESORT.mergesort(MERGESORT.java:47)
	at java_programs.MERGESORT.mergesort(MERGESORT.java:47)
	at java_programs.MERGESORT.mergesort(MERGESORT.java:47)
	at java_programs.MERGESORT.mergesort(MERGESORT.java:47)
	at java_programs.MERGESORT.mergesort(MERGESORT.java:47)
	at java_programs.MERGESORT.mergesort(MERGESORT.java:47)
	at java_programs.MERGESORT.mergesort(MERGESORT.java:47)
	at java_programs.MERGESORT.mergesort(MERGESORT.java:47)
	at java_programs.MERGESORT.mergesort(MERGESORT.java:47)
	at java_programs.MERGESORT.mergesort(MERGESORT.java:47)
	at java_programs.MERGESORT.mergesort(MERGESORT.java:47)
	at java_programs.MERGESORT.mergesort(MERGESORT.java:47)
	at java_programs.MERGESORT.mergesort(MERGESORT.java:47)
	at java_programs.MERGESORT.mergesort(MERGESORT.java:47)
	at java_programs.MERGESORT.mergesort(MERGESORT.java:47)
	at java_programs.MERGESORT.mergesort(MERGESORT.java:47)
	at java_programs.MERGESORT.mergesort(MERGESORT.java:47)
	at java_programs.MERGESORT.mergesort(MERGESORT.java:47)
	at java_programs.MERGESORT.mergesort(MERGESORT.java:47)
	at java_programs.MERGESORT.mergesort(MERGESORT.java:47)
	at java_programs.MERGESORT.mergesort(MERGESORT.java:47)
	at java_programs.MERGESORT.mergesort(MERGESORT.java:47)
	at java_programs.MERGESORT.mergesort(MERGESORT.java:47)
	at java_programs.MERGESORT.mergesort(MERGESORT.java:47)
	at java_programs.MERGESORT.mergesort(MERGESORT.java:47)
	at java_programs.MERGESORT.mergesort(MERGESORT.java:47)
	at java_programs.MERGESORT.mergesort(MERGESORT.java:47)
	at java_programs.MERGESORT.mergesort(MERGESORT.java:47)
	at java_programs.MERGESORT.mergesort(MERGESORT.java:47)
	at java_programs.MERGESORT.mergesort(MERGESORT.java:47)
	at java_programs.MERGESORT.mergesort(MERGESORT.java:47)
	at java_programs.MERGESORT.mergesort(MERGESORT.java:47)
	at java_programs.MERGESORT.mergesort(MERGESORT.java:47)
	at java_programs.MERGESORT.mergesort(MERGESORT.java:47)
	at java_programs.MERGESORT.mergesort(MERGESORT.java:47)
	at java_programs.MERGESORT.mergesort(MERGESORT.java:47)
	at java_programs.MERGESORT.mergesort(MERGESORT.java:47)
	at java_programs.MERGESORT.mergesort(MERGESORT.java:47)
	at java_programs.MERGESORT.mergesort(MERGESORT.java:47)
	at java_programs.MERGESORT.mergesort(MERGESORT.java:47)
	at java_programs.MERGESORT.mergesort(MERGESORT.java:47)
	at java_programs.MERGESORT.mergesort(MERGESORT.java:47)
	at java_programs.MERGESORT.mergesort(MERGESORT.java:47)
	at java_programs.MERGESORT.mergesort(MERGESORT.java:47)
	at java_programs.MERGESORT.mergesort(MERGESORT.java:47)
	at java_programs.MERGESORT.mergesort(MERGESORT.java:47)
	at java_programs.MERGESORT.mergesort(MERGESORT.java:47)
	at java_programs.MERGESORT.mergesort(MERGESORT.java:47)
	at java_programs.MERGESORT.mergesort(MERGESORT.java:47)
	at java_programs.MERGESORT.mergesort(MERGESORT.java:47)
	at java_programs.MERGESORT.mergesort(MERGESORT.java:47)
	at java_programs.MERGESORT.mergesort(MERGESORT.java:47)
	at java_programs.MERGESORT.mergesort(MERGESORT.java:47)
	at java_programs.MERGESORT.mergesort(MERGESORT.java:47)
	at java_programs.MERGESORT.mergesort(MERGESORT.java:47)
	at java_programs.MERGESORT.mergesort(MERGESORT.java:47)
	at java_programs.MERGESORT.mergesort(MERGESORT.java:47)
	at java_programs.MERGESORT.mergesort(MERGESORT.java:47)
	at java_programs.MERGESORT.mergesort(MERGESORT.java:47)
	at java_programs.MERGESORT.mergesort(MERGESORT.java:47)
	at java_programs.MERGESORT.mergesort(MERGESORT.java:47)
	at java_programs.MERGESORT.mergesort(MERGESORT.java:47)
	at java_programs.MERGESORT.mergesort(MERGESORT.java:47)
	at java_programs.MERGESORT.mergesort(MERGESORT.java:47)
	at java_programs.MERGESORT.mergesort(MERGESORT.java:47)
	at java_programs.MERGESORT.mergesort(MERGESORT.java:47)
	at java_programs.MERGESORT.mergesort(MERGESORT.java:47)
	at java_programs.MERGESORT.mergesort(MERGESORT.java:47)
	at java_programs.MERGESORT.mergesort(MERGESORT.java:47)
	at java_programs.MERGESORT.mergesort(MERGESORT.java:47)
	at java_programs.MERGESORT.mergesort(MERGESORT.java:47)
	at java_programs.MERGESORT.mergesort(MERGESORT.java:47)
	at java_programs.MERGESORT.mergesort(MERGESORT.java:47)
	at java_programs.MERGESORT.mergesort(MERGESORT.java:47)
	at java_programs.MERGESORT.mergesort(MERGESORT.java:47)
	at java_programs.MERGESORT.mergesort(MERGESORT.java:47)
	at java_programs.MERGESORT.mergesort(MERGESORT.java:47)
	at java_programs.MERGESORT.mergesort(MERGESORT.java:47)
	at java_programs.MERGESORT.mergesort(MERGESORT.java:47)
	at java_programs.MERGESORT.mergesort(MERGESORT.java:47)
	at java_programs.MERGESORT.mergesort(MERGESORT.java:47)
	at java_programs.MERGESORT.mergesort(MERGESORT.java:47)
	at java_programs.MERGESORT.mergesort(MERGESORT.java:47)
	at java_programs.MERGESORT.mergesort(MERGESORT.java:47)
	at java_programs.MERGESORT.mergesort(MERGESORT.java:47)
	at java_programs.MERGESORT.mergesort(MERGESORT.java:47)
	at java_programs.MERGESORT.mergesort(MERGESORT.java:47)
	at java_programs.MERGESORT.mergesort(MERGESORT.java:47)
	at java_programs.MERGESORT.mergesort(MERGESORT.java:47)
	at java_programs.MERGESORT.mergesort(MERGESORT.java:47)
	at java_programs.MERGESORT.mergesort(MERGESORT.java:47)
	at java_programs.MERGESORT.mergesort(MERGESORT.java:47)
	at java_programs.MERGESORT.mergesort(MERGESORT.java:47)
	at java_programs.MERGESORT.mergesort(MERGESORT.java:47)
	at java_programs.MERGESORT.mergesort(MERGESORT.java:47)
	at java_programs.MERGESORT.mergesort(MERGESORT.java:47)
	at java_programs.MERGESORT.mergesort(MERGESORT.java:47)
	at java_programs.MERGESORT.mergesort(MERGESORT.java:47)
	at java_programs.MERGESORT.mergesort(MERGESORT.java:47)
	at java_programs.MERGESORT.mergesort(MERGESORT.java:47)
	at java_programs.MERGESORT.mergesort(MERGESORT.java:47)
	at java_programs.MERGESORT.mergesort(MERGESORT.java:47)
	at java_programs.MERGESORT.mergesort(MERGESORT.java:47)
	at java_programs.MERGESORT.mergesort(MERGESORT.java:47)
	at java_programs.MERGESORT.mergesort(MERGESORT.java:47)
	at java_programs.MERGESORT.mergesort(MERGESORT.java:47)
	at java_programs.MERGESORT.mergesort(MERGESORT.java:47)
	at java_programs.MERGESORT.mergesort(MERGESORT.java:47)
	at java_programs.MERGESORT.mergesort(MERGESORT.java:47)
	at java_programs.MERGESORT.mergesort(MERGESORT.java:47)
	at java_programs.MERGESORT.mergesort(MERGESORT.java:47)
	at java_programs.MERGESORT.mergesort(MERGESORT.java:47)
	at java_programs.MERGESORT.mergesort(MERGESORT.java:47)
	at java_programs.MERGESORT.mergesort(MERGESORT.java:47)
	at java_programs.MERGESORT.mergesort(MERGESORT.java:47)
	at java_programs.MERGESORT.mergesort(MERGESORT.java:47)
	at java_programs.MERGESORT.mergesort(MERGESORT.java:47)
	at java_programs.MERGESORT.mergesort(MERGESORT.java:47)
	at java_programs.MERGESORT.mergesort(MERGESORT.java:47)
	at java_programs.MERGESORT.mergesort(MERGESORT.java:47)
	at java_programs.MERGESORT.mergesort(MERGESORT.java:47)
	at java_programs.MERGESORT.mergesort(MERGESORT.java:47)
	at java_programs.MERGESORT.mergesort(MERGESORT.java:47)
	at java_programs.MERGESORT.mergesort(MERGESORT.java:47)
	at java_programs.MERGESORT.mergesort(MERGESORT.java:47)
	at java_programs.MERGESORT.mergesort(MERGESORT.java:47)
	at java_programs.MERGESORT.mergesort(MERGESORT.java:47)
	at java_programs.MERGESORT.mergesort(MERGESORT.java:47)
	at java_programs.MERGESORT.mergesort(MERGESORT.java:47)
	at java_programs.MERGESORT.mergesort(MERGESORT.java:47)
	at java_programs.MERGESORT.mergesort(MERGESORT.java:47)
	at java_programs.MERGESORT.mergesort(MERGESORT.java:47)
	at java_programs.MERGESORT.mergesort(MERGESORT.java:47)
	at java_programs.MERGESORT.mergesort(MERGESORT.java:47)
	at java_programs.MERGESORT.mergesort(MERGESORT.java:47)
	at java_programs.MERGESORT.mergesort(MERGESORT.java:47)
	at java_programs.MERGESORT.mergesort(MERGESORT.java:47)
	at java_programs.MERGESORT.mergesort(MERGESORT.java:47)
	at java_programs.MERGESORT.mergesort(MERGESORT.java:47)
	at java_programs.MERGESORT.mergesort(MERGESORT.java:47)
	at java_programs.MERGESORT.mergesort(MERGESORT.java:47)
	at java_programs.MERGESORT.mergesort(MERGESORT.java:47)
	at java_programs.MERGESORT.mergesort(MERGESORT.java:47)
	at java_programs.MERGESORT.mergesort(MERGESORT.java:47)
	at java_programs.MERGESORT.mergesort(MERGESORT.java:47)
	at java_programs.MERGESORT.mergesort(MERGESORT.java:47)
	at java_programs.MERGESORT.mergesort(MERGESORT.java:47)
	at java_programs.MERGESORT.mergesort(MERGESORT.java:47)
	at java_programs.MERGESORT.mergesort(MERGESORT.java:47)
	at java_programs.MERGESORT.mergesort(MERGESORT.java:47)
	at java_programs.MERGESORT.mergesort(MERGESORT.java:47)
	at java_programs.MERGESORT.mergesort(MERGESORT.java:47)
	at java_programs.MERGESORT.mergesort(MERGESORT.java:47)
	at java_programs.MERGESORT.mergesort(MERGESORT.java:47)
	at java_programs.MERGESORT.mergesort(MERGESORT.java:47)
	at java_programs.MERGESORT.mergesort(MERGESORT.java:47)
	at java_programs.MERGESORT.mergesort(MERGESORT.java:47)
	at java_programs.MERGESORT.mergesort(MERGESORT.java:47)
	at java_programs.MERGESORT.mergesort(MERGESORT.java:47)
	at java_programs.MERGESORT.mergesort(MERGESORT.java:47)
	at java_programs.MERGESORT.mergesort(MERGESORT.java:47)
	at java_programs.MERGESORT.mergesort(MERGESORT.java:47)
	at java_programs.MERGESORT.mergesort(MERGESORT.java:47)
	at java_programs.MERGESORT.mergesort(MERGESORT.java:47)
	at java_programs.MERGESORT.mergesort(MERGESORT.java:47)
	at java_programs.MERGESORT.mergesort(MERGESORT.java:47)
	at java_programs.MERGESORT.mergesort(MERGESORT.java:47)
	at java_programs.MERGESORT.mergesort(MERGESORT.java:47)
	at java_programs.MERGESORT.mergesort(MERGESORT.java:47)
	at java_programs.MERGESORT.mergesort(MERGESORT.java:47)
	at java_programs.MERGESORT.mergesort(MERGESORT.java:47)
	at java_programs.MERGESORT.mergesort(MERGESORT.java:47)
	at java_programs.MERGESORT.mergesort(MERGESORT.java:47)
	at java_programs.MERGESORT.mergesort(MERGESORT.java:47)
	at java_programs.MERGESORT.mergesort(MERGESORT.java:47)
	at java_programs.MERGESORT.mergesort(MERGESORT.java:47)
	at java_programs.MERGESORT.mergesort(MERGESORT.java:47)
	at java_programs.MERGESORT.mergesort(MERGESORT.java:47)
	at java_programs.MERGESORT.mergesort(MERGESORT.java:47)
	at java_programs.MERGESORT.mergesort(MERGESORT.java:47)
	at java_programs.MERGESORT.mergesort(MERGESORT.java:47)
	at java_programs.MERGESORT.mergesort(MERGESORT.java:47)
	at java_programs.MERGESORT.mergesort(MERGESORT.java:47)
	at java_programs.MERGESORT.mergesort(MERGESORT.java:47)
	at java_programs.MERGESORT.mergesort(MERGESORT.java:47)
	at java_programs.MERGESORT.mergesort(MERGESORT.java:47)
	at java_programs.MERGESORT.mergesort(MERGESORT.java:47)
	at java_programs.MERGESORT.mergesort(MERGESORT.java:47)
	at java_programs.MERGESORT.mergesort(MERGESORT.java:47)
	at java_programs.MERGESORT.mergesort(MERGESORT.java:47)
	at java_programs.MERGESORT.mergesort(MERGESORT.java:47)
	at java_programs.MERGESORT.mergesort(MERGESORT.java:47)
	at java_programs.MERGESORT.mergesort(MERGESORT.java:47)
	at java_programs.MERGESORT.mergesort(MERGESORT.java:47)
	at java_programs.MERGESORT.mergesort(MERGESORT.java:47)
	at java_programs.MERGESORT.mergesort(MERGESORT.java:47)
	at java_programs.MERGESORT.mergesort(MERGESORT.java:47)
	at java_programs.MERGESORT.mergesort(MERGESORT.java:47)
	at java_programs.MERGESORT.mergesort(MERGESORT.java:47)
	at java_programs.MERGESORT.mergesort(MERGESORT.java:47)
	at java_programs.MERGESORT.mergesort(MERGESORT.java:47)
	at java_programs.MERGESORT.mergesort(MERGESORT.java:47)
	at java_programs.MERGESORT.mergesort(MERGESORT.java:47)
	at java_programs.MERGESORT.mergesort(MERGESORT.java:47)
	at java_programs.MERGESORT.mergesort(MERGESORT.java:47)
	at java_programs.MERGESORT.mergesort(MERGESORT.java:47)
	at java_programs.MERGESORT.mergesort(MERGESORT.java:47)
	at java_programs.MERGESORT.mergesort(MERGESORT.java:47)
	at java_programs.MERGESORT.mergesort(MERGESORT.java:47)
	at java_programs.MERGESORT.mergesort(MERGESORT.java:47)
	at java_programs.MERGESORT.mergesort(MERGESORT.java:47)
	at java_programs.MERGESORT.mergesort(MERGESORT.java:47)
	at java_programs.MERGESORT.mergesort(MERGESORT.java:47)
	at java_programs.MERGESORT.mergesort(MERGESORT.java:47)
	at java_programs.MERGESORT.mergesort(MERGESORT.java:47)
	at java_programs.MERGESORT.mergesort(MERGESORT.java:47)
	at java_programs.MERGESORT.mergesort(MERGESORT.java:47)
	at java_programs.MERGESORT.mergesort(MERGESORT.java:47)
	at java_programs.MERGESORT.mergesort(MERGESORT.java:47)
	at java_programs.MERGESORT.mergesort(MERGESORT.java:47)
	at java_programs.MERGESORT.mergesort(MERGESORT.java:47)
	at java_programs.MERGESORT.mergesort(MERGESORT.java:47)
	at java_programs.MERGESORT.mergesort(MERGESORT.java:47)
	at java_programs.MERGESORT.mergesort(MERGESORT.java:47)
	at java_programs.MERGESORT.mergesort(MERGESORT.java:47)
	at java_programs.MERGESORT.mergesort(MERGESORT.java:47)
	at java_programs.MERGESORT.mergesort(MERGESORT.java:47)
	at java_programs.MERGESORT.mergesort(MERGESORT.java:47)
	at java_programs.MERGESORT.mergesort(MERGESORT.java:47)
	at java_programs.MERGESORT.mergesort(MERGESORT.java:47)
	at java_programs.MERGESORT.mergesort(MERGESORT.java:47)
	at java_programs.MERGESORT.mergesort(MERGESORT.java:47)
	at java_programs.MERGESORT.mergesort(MERGESORT.java:47)
	at java_programs.MERGESORT.mergesort(MERGESORT.java:47)
	at java_programs.MERGESORT.mergesort(MERGESORT.java:47)
	at java_programs.MERGESORT.mergesort(MERGESORT.java:47)
	at java_programs.MERGESORT.mergesort(MERGESORT.java:47)
	at java_programs.MERGESORT.mergesort(MERGESORT.java:47)
	at java_programs.MERGESORT.mergesort(MERGESORT.java:47)
	at java_programs.MERGESORT.mergesort(MERGESORT.java:47)
	at java_programs.MERGESORT.mergesort(MERGESORT.java:47)
	at java_programs.MERGESORT.mergesort(MERGESORT.java:47)
	at java_programs.MERGESORT.mergesort(MERGESORT.java:47)
	at java_programs.MERGESORT.mergesort(MERGESORT.java:47)
	at java_programs.MERGESORT.mergesort(MERGESORT.java:47)
	at java_programs.MERGESORT.mergesort(MERGESORT.java:47)
	at java_programs.MERGESORT.mergesort(MERGESORT.java:47)
	at java_programs.MERGESORT.mergesort(MERGESORT.java:47)
	at java_programs.MERGESORT.mergesort(MERGESORT.java:47)
	at java_programs.MERGESORT.mergesort(MERGESORT.java:47)
	at java_programs.MERGESORT.mergesort(MERGESORT.java:47)
	at java_programs.MERGESORT.mergesort(MERGESORT.java:47)
	at java_programs.MERGESORT.mergesort(MERGESORT.java:47)
	at java_programs.MERGESORT.mergesort(MERGESORT.java:47)
	at java_programs.MERGESORT.mergesort(MERGESORT.java:47)
	at java_programs.MERGESORT.mergesort(MERGESORT.java:47)
	at java_programs.MERGESORT.mergesort(MERGESORT.java:47)
	at java_programs.MERGESORT.mergesort(MERGESORT.java:47)
	at java_programs.MERGESORT.mergesort(MERGESORT.java:47)
	at java_programs.MERGESORT.mergesort(MERGESORT.java:47)
	at java_programs.MERGESORT.mergesort(MERGESORT.java:47)
	at java_programs.MERGESORT.mergesort(MERGESORT.java:47)
	at java_programs.MERGESORT.mergesort(MERGESORT.java:47)
	at java_programs.MERGESORT.mergesort(MERGESORT.java:47)
	at java_programs.MERGESORT.mergesort(MERGESORT.java:47)
	at java_programs.MERGESORT.mergesort(MERGESORT.java:47)
	at java_programs.MERGESORT.mergesort(MERGESORT.java:47)
	at java_programs.MERGESORT.mergesort(MERGESORT.java:47)
	at java_programs.MERGESORT.mergesort(MERGESORT.java:47)
	at java_programs.MERGESORT.mergesort(MERGESORT.java:47)
	at java_programs.MERGESORT.mergesort(MERGESORT.java:47)
	at java_programs.MERGESORT.mergesort(MERGESORT.java:47)
	at java_programs.MERGESORT.mergesort(MERGESORT.java:47)
	at java_programs.MERGESORT.mergesort(MERGESORT.java:47)
	at java_programs.MERGESORT.mergesort(MERGESORT.java:47)
	at java_programs.MERGESORT.mergesort(MERGESORT.java:47)
	at java_programs.MERGESORT.mergesort(MERGESORT.java:47)
	at java_programs.MERGESORT.mergesort(MERGESORT.java:47)
	at java_programs.MERGESORT.mergesort(MERGESORT.java:47)
	at java_programs.MERGESORT.mergesort(MERGESORT.java:47)
	at java_programs.MERGESORT.mergesort(MERGESORT.java:47)
	at java_programs.MERGESORT.mergesort(MERGESORT.java:47)
	at java_programs.MERGESORT.mergesort(MERGESORT.java:47)
	at java_programs.MERGESORT.mergesort(MERGESORT.java:47)
	at java_programs.MERGESORT.mergesort(MERGESORT.java:47)
	at java_programs.MERGESORT.mergesort(MERGESORT.java:47)
	at java_programs.MERGESORT.mergesort(MERGESORT.java:47)
	at java_programs.MERGESORT.mergesort(MERGESORT.java:47)
	at java_programs.MERGESORT.mergesort(MERGESORT.java:47)
	at java_programs.MERGESORT.mergesort(MERGESORT.java:47)
	at java_programs.MERGESORT.mergesort(MERGESORT.java:47)
	at java_programs.MERGESORT.mergesort(MERGESORT.java:47)
	at java_programs.MERGESORT.mergesort(MERGESORT.java:47)
	at java_programs.MERGESORT.mergesort(MERGESORT.java:47)
	at java_programs.MERGESORT.mergesort(MERGESORT.java:47)
	at java_programs.MERGESORT.mergesort(MERGESORT.java:47)
	at java_programs.MERGESORT.mergesort(MERGESORT.java:47)
	at java_programs.MERGESORT.mergesort(MERGESORT.java:47)
	at java_programs.MERGESORT.mergesort(MERGESORT.java:47)
	at java_programs.MERGESORT.mergesort(MERGESORT.java:47)
	at java_programs.MERGESORT.mergesort(MERGESORT.java:47)
	at java_programs.MERGESORT.mergesort(MERGESORT.java:47)
	at java_programs.MERGESORT.mergesort(MERGESORT.java:47)
	at java_programs.MERGESORT.mergesort(MERGESORT.java:47)
	at java_programs.MERGESORT.mergesort(MERGESORT.java:47)
	at java_programs.MERGESORT.mergesort(MERGESORT.java:47)
	at java_programs.MERGESORT.mergesort(MERGESORT.java:47)
	at java_programs.MERGESORT.mergesort(MERGESORT.java:47)
	at java_programs.MERGESORT.mergesort(MERGESORT.java:47)
	at java_programs.MERGESORT.mergesort(MERGESORT.java:47)
	at java_programs.MERGESORT.mergesort(MERGESORT.java:47)
	at java_programs.MERGESORT.mergesort(MERGESORT.java:47)
	at java_programs.MERGESORT.mergesort(MERGESORT.java:47)
	at java_programs.MERGESORT.mergesort(MERGESORT.java:47)
	at java_programs.MERGESORT.mergesort(MERGESORT.java:47)
	at java_programs.MERGESORT.mergesort(MERGESORT.java:47)
	at java_programs.MERGESORT.mergesort(MERGESORT.java:47)
	at java_programs.MERGESORT.mergesort(MERGESORT.java:47)
	at java_programs.MERGESORT.mergesort(MERGESORT.java:47)
	at java_programs.MERGESORT.mergesort(MERGESORT.java:47)
	at java_programs.MERGESORT.mergesort(MERGESORT.java:47)
	at java_programs.MERGESORT.mergesort(MERGESORT.java:47)
	at java_programs.MERGESORT.mergesort(MERGESORT.java:47)
	at java_programs.MERGESORT.mergesort(MERGESORT.java:47)
	at java_programs.MERGESORT.mergesort(MERGESORT.java:47)
	at java_programs.MERGESORT.mergesort(MERGESORT.java:47)
	at java_programs.MERGESORT.mergesort(MERGESORT.java:47)
	at java_programs.MERGESORT.mergesort(MERGESORT.java:47)
	at java_programs.MERGESORT.mergesort(MERGESORT.java:47)
	at java_programs.MERGESORT.mergesort(MERGESORT.java:47)
	at java_programs.MERGESORT.mergesort(MERGESORT.java:47)
	at java_programs.MERGESORT.mergesort(MERGESORT.java:47)
	at java_programs.MERGESORT.mergesort(MERGESORT.java:47)
	at java_programs.MERGESORT.mergesort(MERGESORT.java:47)
	at java_programs.MERGESORT.mergesort(MERGESORT.java:47)
	at java_programs.MERGESORT.mergesort(MERGESORT.java:47)
	at java_programs.MERGESORT.mergesort(MERGESORT.java:47)
	at java_programs.MERGESORT.mergesort(MERGESORT.java:47)
	at java_programs.MERGESORT.mergesort(MERGESORT.java:47)
	at java_programs.MERGESORT.mergesort(MERGESORT.java:47)
	at java_programs.MERGESORT.mergesort(MERGESORT.java:47)
	at java_programs.MERGESORT.mergesort(MERGESORT.java:47)
	at java_programs.MERGESORT.mergesort(MERGESORT.java:47)
	at java_programs.MERGESORT.mergesort(MERGESORT.java:47)
	at java_programs.MERGESORT.mergesort(MERGESORT.java:47)
	at java_programs.MERGESORT.mergesort(MERGESORT.java:47)
	at java_programs.MERGESORT.mergesort(MERGESORT.java:47)
	at java_programs.MERGESORT.mergesort(MERGESORT.java:47)
	at java_programs.MERGESORT.mergesort(MERGESORT.java:47)
	at java_programs.MERGESORT.mergesort(MERGESORT.java:47)
	at java_programs.MERGESORT.mergesort(MERGESORT.java:47)
	at java_programs.MERGESORT.mergesort(MERGESORT.java:47)
	at java_programs.MERGESORT.mergesort(MERGESORT.java:47)
	at java_programs.MERGESORT.mergesort(MERGESORT.java:47)
	at java_programs.MERGESORT.mergesort(MERGESORT.java:47)
	at java_programs.MERGESORT.mergesort(MERGESORT.java:47)
	at java_programs.MERGESORT.mergesort(MERGESORT.java:47)
	at java_programs.MERGESORT.mergesort(MERGESORT.java:47)
	at java_programs.MERGESORT.mergesort(MERGESORT.java:47)
	at java_programs.MERGESORT.mergesort(MERGESORT.java:47)
	at java_programs.MERGESORT.mergesort(MERGESORT.java:47)
	at java_programs.MERGESORT.mergesort(MERGESORT.java:47)
	at java_programs.MERGESORT.mergesort(MERGESORT.java:47)
	at java_programs.MERGESORT.mergesort(MERGESORT.java:47)
	at java_programs.MERGESORT.mergesort(MERGESORT.java:47)
	at java_programs.MERGESORT.mergesort(MERGESORT.java:47)
	at java_programs.MERGESORT.mergesort(MERGESORT.java:47)
	at java_programs.MERGESORT.mergesort(MERGESORT.java:47)
	at java_programs.MERGESORT.mergesort(MERGESORT.java:47)
	at java_programs.MERGESORT.mergesort(MERGESORT.java:47)
	at java_programs.MERGESORT.mergesort(MERGESORT.java:47)
	at java_programs.MERGESORT.mergesort(MERGESORT.java:47)
	at java_programs.MERGESORT.mergesort(MERGESORT.java:47)
	at java_programs.MERGESORT.mergesort(MERGESORT.java:47)
	at java_programs.MERGESORT.mergesort(MERGESORT.java:47)
	at java_programs.MERGESORT.mergesort(MERGESORT.java:47)
	at java_programs.MERGESORT.mergesort(MERGESORT.java:47)
	at java_programs.MERGESORT.mergesort(MERGESORT.java:47)
	at java_programs.MERGESORT.mergesort(MERGESORT.java:47)
	at java_programs.MERGESORT.mergesort(MERGESORT.java:47)
	at java_programs.MERGESORT.mergesort(MERGESORT.java:47)
	at java_programs.MERGESORT.mergesort(MERGESORT.java:47)
	at java_programs.MERGESORT.mergesort(MERGESORT.java:47)
	at java_programs.MERGESORT.mergesort(MERGESORT.java:47)
	at java_programs.MERGESORT.mergesort(MERGESORT.java:47)
	at java_programs.MERGESORT.mergesort(MERGESORT.java:47)
	at java_programs.MERGESORT.mergesort(MERGESORT.java:47)
	at java_programs.MERGESORT.mergesort(MERGESORT.java:47)
	at java_programs.MERGESORT.mergesort(MERGESORT.java:47)
	at java_programs.MERGESORT.mergesort(MERGESORT.java:47)
	at java_programs.MERGESORT.mergesort(MERGESORT.java:47)
	at java_programs.MERGESORT.mergesort(MERGESORT.java:47)
	at java_programs.MERGESORT.mergesort(MERGESORT.java:47)
	at java_programs.MERGESORT.mergesort(MERGESORT.java:47)
	at java_programs.MERGESORT.mergesort(MERGESORT.java:47)
	at java_programs.MERGESORT.mergesort(MERGESORT.java:47)
	at java_programs.MERGESORT.mergesort(MERGESORT.java:47)
	at java_programs.MERGESORT.mergesort(MERGESORT.java:47)
	at java_programs.MERGESORT.mergesort(MERGESORT.java:47)
	at java_programs.MERGESORT.mergesort(MERGESORT.java:47)
	at java_programs.MERGESORT.mergesort(MERGESORT.java:47)
	at java_programs.MERGESORT.mergesort(MERGESORT.java:47)
	at java_programs.MERGESORT.mergesort(MERGESORT.java:47)
	at java_programs.MERGESORT.mergesort(MERGESORT.java:47)
	at java_programs.MERGESORT.mergesort(MERGESORT.java:47)
	at java_programs.MERGESORT.mergesort(MERGESORT.java:47)
	at java_programs.MERGESORT.mergesort(MERGESORT.java:47)
	at java_programs.MERGESORT.mergesort(MERGESORT.java:47)
	at java_programs.MERGESORT.mergesort(MERGESORT.java:47)
	at java_programs.MERGESORT.mergesort(MERGESORT.java:47)
	at java_programs.MERGESORT.mergesort(MERGESORT.java:47)
	at java_programs.MERGESORT.mergesort(MERGESORT.java:47)
	at java_programs.MERGESORT.mergesort(MERGESORT.java:47)
	at java_programs.MERGESORT.mergesort(MERGESORT.java:47)
	at java_programs.MERGESORT.mergesort(MERGESORT.java:47)
	at java_programs.MERGESORT.mergesort(MERGESORT.java:47)
	at java_programs.MERGESORT.mergesort(MERGESORT.java:47)
	at java_programs.MERGESORT.mergesort(MERGESORT.java:47)
	at java_programs.MERGESORT.mergesort(MERGESORT.java:47)
	at java_programs.MERGESORT.mergesort(MERGESORT.java:47)
	at java_programs.MERGESORT.mergesort(MERGESORT.java:47)
	at java_programs.MERGESORT.mergesort(MERGESORT.java:47)
	at java_programs.MERGESORT.mergesort(MERGESORT.java:47)
	at java_programs.MERGESORT.mergesort(MERGESORT.java:47)
	at java_programs.MERGESORT.mergesort(MERGESORT.java:47)
	at java_programs.MERGESORT.mergesort(MERGESORT.java:47)
	at java_programs.MERGESORT.mergesort(MERGESORT.java:47)
	at java_programs.MERGESORT.mergesort(MERGESORT.java:47)
	at java_programs.MERGESORT.mergesort(MERGESORT.java:47)
	at java_programs.MERGESORT.mergesort(MERGESORT.java:47)
	at java_programs.MERGESORT.mergesort(MERGESORT.java:47)
	at java_programs.MERGESORT.mergesort(MERGESORT.java:47)
	at java_programs.MERGESORT.mergesort(MERGESORT.java:47)
	at java_programs.MERGESORT.mergesort(MERGESORT.java:47)
	at java_programs.MERGESORT.mergesort(MERGESORT.java:47)
	at java_programs.MERGESORT.mergesort(MERGESORT.java:47)
	at java_programs.MERGESORT.mergesort(MERGESORT.java:47)
	at java_programs.MERGESORT.mergesort(MERGESORT.java:47)
	at java_programs.MERGESORT.mergesort(MERGESORT.java:47)
	at java_programs.MERGESORT.mergesort(MERGESORT.java:47)
	at java_programs.MERGESORT.mergesort(MERGESORT.java:47)
	at java_programs.MERGESORT.mergesort(MERGESORT.java:47)
	at java_programs.MERGESORT.mergesort(MERGESORT.java:47)
	at java_programs.MERGESORT.mergesort(MERGESORT.java:47)
	at java_programs.MERGESORT.mergesort(MERGESORT.java:47)
	at java_programs.MERGESORT.mergesort(MERGESORT.java:47)
	at java_programs.MERGESORT.mergesort(MERGESORT.java:47)
	at java_programs.MERGESORT.mergesort(MERGESORT.java:47)
	at java_programs.MERGESORT.mergesort(MERGESORT.java:47)
	at java_programs.MERGESORT.mergesort(MERGESORT.java:47)
	at java_programs.MERGESORT.mergesort(MERGESORT.java:47)
	at java_programs.MERGESORT.mergesort(MERGESORT.java:47)
	at java_programs.MERGESORT.mergesort(MERGESORT.java:47)
	at java_programs.MERGESORT.mergesort(MERGESORT.java:47)
	at java_programs.MERGESORT.mergesort(MERGESORT.java:47)
	at java_programs.MERGESORT.mergesort(MERGESORT.java:47)
	at java_programs.MERGESORT.mergesort(MERGESORT.java:47)
	at java_programs.MERGESORT.mergesort(MERGESORT.java:47)
	at java_programs.MERGESORT.mergesort(MERGESORT.java:47)
	at java_programs.MERGESORT.mergesort(MERGESORT.java:47)
	at java_programs.MERGESORT.mergesort(MERGESORT.java:47)
	at java_programs.MERGESORT.mergesort(MERGESORT.java:47)
	at java_programs.MERGESORT.mergesort(MERGESORT.java:47)
	at java_programs.MERGESORT.mergesort(MERGESORT.java:47)
	at java_programs.MERGESORT.mergesort(MERGESORT.java:47)
	at java_programs.MERGESORT.mergesort(MERGESORT.java:47)
	at java_programs.MERGESORT.mergesort(MERGESORT.java:47)
	at java_programs.MERGESORT.mergesort(MERGESORT.java:47)
	at java_programs.MERGESORT.mergesort(MERGESORT.java:47)
	at java_programs.MERGESORT.mergesort(MERGESORT.java:47)
	at java_programs.MERGESORT.mergesort(MERGESORT.java:47)
	at java_programs.MERGESORT.mergesort(MERGESORT.java:47)
	at java_programs.MERGESORT.mergesort(MERGESORT.java:47)
	at java_programs.MERGESORT.mergesort(MERGESORT.java:47)
	at java_programs.MERGESORT.mergesort(MERGESORT.java:47)
	at java_programs.MERGESORT.mergesort(MERGESORT.java:47)
	at java_programs.MERGESORT.mergesort(MERGESORT.java:47)
	at java_programs.MERGESORT.mergesort(MERGESORT.java:47)
	at java_programs.MERGESORT.mergesort(MERGESORT.java:47)
	at java_programs.MERGESORT.mergesort(MERGESORT.java:47)
	at java_programs.MERGESORT.mergesort(MERGESORT.java:47)
	at java_programs.MERGESORT.mergesort(MERGESORT.java:47)
	at java_programs.MERGESORT.mergesort(MERGESORT.java:47)
	at java_programs.MERGESORT.mergesort(MERGESORT.java:47)
	at java_programs.MERGESORT.mergesort(MERGESORT.java:47)
	at java_programs.MERGESORT.mergesort(MERGESORT.java:47)
	at java_programs.MERGESORT.mergesort(MERGESORT.java:47)
	at java_programs.MERGESORT.mergesort(MERGESORT.java:47)
	at java_programs.MERGESORT.mergesort(MERGESORT.java:47)
	at java_programs.MERGESORT.mergesort(MERGESORT.java:47)
	at java_programs.MERGESORT.mergesort(MERGESORT.java:47)
	at java_programs.MERGESORT.mergesort(MERGESORT.java:47)
	at java_programs.MERGESORT.mergesort(MERGESORT.java:47)
	at java_programs.MERGESORT.mergesort(MERGESORT.java:47)
	at java_programs.MERGESORT.mergesort(MERGESORT.java:47)
	at java_programs.MERGESORT.mergesort(MERGESORT.java:47)
	at java_programs.MERGESORT.mergesort(MERGESORT.java:47)
	at java_programs.MERGESORT.mergesort(MERGESORT.java:47)
	at java_programs.MERGESORT.mergesort(MERGESORT.java:47)
	at java_programs.MERGESORT.mergesort(MERGESORT.java:47)
	at java_programs.MERGESORT.mergesort(MERGESORT.java:47)
	at java_programs.MERGESORT.mergesort(MERGESORT.java:47)
	at java_programs.MERGESORT.mergesort(MERGESORT.java:47)
	at java_programs.MERGESORT.mergesort(MERGESORT.java:47)
	at java_programs.MERGESORT.mergesort(MERGESORT.java:47)
	at java_programs.MERGESORT.mergesort(MERGESORT.java:47)
	at java_programs.MERGESORT.mergesort(MERGESORT.java:47)
	at java_programs.MERGESORT.mergesort(MERGESORT.java:47)
	at java_programs.MERGESORT.mergesort(MERGESORT.java:47)
	at java_programs.MERGESORT.mergesort(MERGESORT.java:47)
	at java_programs.MERGESORT.mergesort(MERGESORT.java:47)
	at java_programs.MERGESORT.mergesort(MERGESORT.java:47)
	at java_programs.MERGESORT.mergesort(MERGESORT.java:47)
	at java_programs.MERGESORT.mergesort(MERGESORT.java:47)
	at java_programs.MERGESORT.mergesort(MERGESORT.java:47)
	at java_programs.MERGESORT.mergesort(MERGESORT.java:47)
	at java_programs.MERGESORT.mergesort(MERGESORT.java:47)
	at java_programs.MERGESORT.mergesort(MERGESORT.java:47)
	at java_programs.MERGESORT.mergesort(MERGESORT.java:47)
	at java_programs.MERGESORT.mergesort(MERGESORT.java:47)
	at java_programs.MERGESORT.mergesort(MERGESORT.java:47)
	at java_programs.MERGESORT.mergesort(MERGESORT.java:47)
	at java_programs.MERGESORT.mergesort(MERGESORT.java:47)
	at java_programs.MERGESORT.mergesort(MERGESORT.java:47)
	at java_programs.MERGESORT.mergesort(MERGESORT.java:47)
	at java_programs.MERGESORT.mergesort(MERGESORT.java:47)
	at java_programs.MERGESORT.mergesort(MERGESORT.java:47)
	at java_programs.MERGESORT.mergesort(MERGESORT.java:47)
	at java_programs.MERGESORT.mergesort(MERGESORT.java:47)
	at java_programs.MERGESORT.mergesort(MERGESORT.java:47)
	at java_programs.MERGESORT.mergesort(MERGESORT.java:47)
	at java_programs.MERGESORT.mergesort(MERGESORT.java:47)
	at java_programs.MERGESORT.mergesort(MERGESORT.java:47)
	at java_programs.MERGESORT.mergesort(MERGESORT.java:47)
	at java_programs.MERGESORT.mergesort(MERGESORT.java:47)
	at java_programs.MERGESORT.mergesort(MERGESORT.java:47)
	at java_programs.MERGESORT.mergesort(MERGESORT.java:47)
	at java_programs.MERGESORT.mergesort(MERGESORT.java:47)
	at java_programs.MERGESORT.mergesort(MERGESORT.java:47)
	at java_programs.MERGESORT.mergesort(MERGESORT.java:47)
	at java_programs.MERGESORT.mergesort(MERGESORT.java:47)
	at java_programs.MERGESORT.mergesort(MERGESORT.java:47)
	at java_programs.MERGESORT.mergesort(MERGESORT.java:47)
	at java_programs.MERGESORT.mergesort(MERGESORT.java:47)
	at java_programs.MERGESORT.mergesort(MERGESORT.java:47)
	at java_programs.MERGESORT.mergesort(MERGESORT.java:47)
	at java_programs.MERGESORT.mergesort(MERGESORT.java:47)
	at java_programs.MERGESORT.mergesort(MERGESORT.java:47)
	at java_programs.MERGESORT.mergesort(MERGESORT.java:47)
	at java_programs.MERGESORT.mergesort(MERGESORT.java:47)
	at java_programs.MERGESORT.mergesort(MERGESORT.java:47)
	at java_programs.MERGESORT.mergesort(MERGESORT.java:47)
	at java_programs.MERGESORT.mergesort(MERGESORT.java:47)
	at java_programs.MERGESORT.mergesort(MERGESORT.java:47)
	at java_programs.MERGESORT.mergesort(MERGESORT.java:47)
	at java_programs.MERGESORT.mergesort(MERGESORT.java:47)
	at java_programs.MERGESORT.mergesort(MERGESORT.java:47)
	at java_programs.MERGESORT.mergesort(MERGESORT.java:47)
	at java_programs.MERGESORT.mergesort(MERGESORT.java:47)
	at java_programs.MERGESORT.mergesort(MERGESORT.java:47)
	at java_programs.MERGESORT.mergesort(MERGESORT.java:47)
	at java_programs.MERGESORT.mergesort(MERGESORT.java:47)
	at java_programs.MERGESORT.mergesort(MERGESORT.java:47)
	at java_programs.MERGESORT.mergesort(MERGESORT.java:47)
	at java_programs.MERGESORT.mergesort(MERGESORT.java:47)
	at java_programs.MERGESORT.mergesort(MERGESORT.java:47)
	at java_programs.MERGESORT.mergesort(MERGESORT.java:47)
	at java_programs.MERGESORT.mergesort(MERGESORT.java:47)
	at java_programs.MERGESORT.mergesort(MERGESORT.java:47)
	at java_programs.MERGESORT.mergesort(MERGESORT.java:47)
	at java_programs.MERGESORT.mergesort(MERGESORT.java:47)
	at java_programs.MERGESORT.mergesort(MERGESORT.java:47)
	at java_programs.MERGESORT.mergesort(MERGESORT.java:47)
	at java_programs.MERGESORT.mergesort(MERGESORT.java:47)
	at java_programs.MERGESORT.mergesort(MERGESORT.java:47)
	at java_programs.MERGESORT.mergesort(MERGESORT.java:47)
	at java_programs.MERGESORT.mergesort(MERGESORT.java:47)
	at java_programs.MERGESORT.mergesort(MERGESORT.java:47)
	at java_programs.MERGESORT.mergesort(MERGESORT.java:47)
	at java_programs.MERGESORT.mergesort(MERGESORT.java:47)
	at java_programs.MERGESORT.mergesort(MERGESORT.java:47)
	at java_programs.MERGESORT.mergesort(MERGESORT.java:47)
	at java_programs.MERGESORT.mergesort(MERGESORT.java:47)
	at java_programs.MERGESORT.mergesort(MERGESORT.java:47)
	at java_programs.MERGESORT.mergesort(MERGESORT.java:47)
	at java_programs.MERGESORT.mergesort(MERGESORT.java:47)
	at java_programs.MERGESORT.mergesort(MERGESORT.java:47)
	at java_programs.MERGESORT.mergesort(MERGESORT.java:47)
	at java_programs.MERGESORT.mergesort(MERGESORT.java:47)
	at java_programs.MERGESORT.mergesort(MERGESORT.java:47)
	at java_programs.MERGESORT.mergesort(MERGESORT.java:47)
	at java_programs.MERGESORT.mergesort(MERGESORT.java:47)
	at java_programs.MERGESORT.mergesort(MERGESORT.java:47)
	at java_programs.MERGESORT.mergesort(MERGESORT.java:47)
	at java_programs.MERGESORT.mergesort(MERGESORT.java:47)
	at java_programs.MERGESORT.mergesort(MERGESORT.java:47)
	at java_programs.MERGESORT.mergesort(MERGESORT.java:47)
	at java_programs.MERGESORT.mergesort(MERGESORT.java:47)
	at java_programs.MERGESORT.mergesort(MERGESORT.java:47)
	at java_programs.MERGESORT.mergesort(MERGESORT.java:47)
	at java_programs.MERGESORT.mergesort(MERGESORT.java:47)
	at java_programs.MERGESORT.mergesort(MERGESORT.java:47)
	at java_programs.MERGESORT.mergesort(MERGESORT.java:47)
	at java_programs.MERGESORT.mergesort(MERGESORT.java:47)
	at java_programs.MERGESORT.mergesort(MERGESORT.java:47)
	at java_programs.MERGESORT.mergesort(MERGESORT.java:47)
	at java_programs.MERGESORT.mergesort(MERGESORT.java:47)
	at java_programs.MERGESORT.mergesort(MERGESORT.java:47)
	at java_programs.MERGESORT.mergesort(MERGESORT.java:47)
	at java_programs.MERGESORT.mergesort(MERGESORT.java:47)
	at java_programs.MERGESORT.mergesort(MERGESORT.java:47)
	at java_programs.MERGESORT.mergesort(MERGESORT.java:47)
	at java_programs.MERGESORT.mergesort(MERGESORT.java:47)
	at java_programs.MERGESORT.mergesort(MERGESORT.java:47)
	at java_programs.MERGESORT.mergesort(MERGESORT.java:47)
	at java_programs.MERGESORT.mergesort(MERGESORT.java:47)
	at java_programs.MERGESORT.mergesort(MERGESORT.java:47)
	at java_programs.MERGESORT.mergesort(MERGESORT.java:47)
	at java_programs.MERGESORT.mergesort(MERGESORT.java:47)
	at java_programs.MERGESORT.mergesort(MERGESORT.java:47)
	at java_programs.MERGESORT.mergesort(MERGESORT.java:47)
	at java_programs.MERGESORT.mergesort(MERGESORT.java:47)
	at java_programs.MERGESORT.mergesort(MERGESORT.java:47)
	at java_programs.MERGESORT.mergesort(MERGESORT.java:47)
	at java_programs.MERGESORT.mergesort(MERGESORT.java:47)
	at java_programs.MERGESORT.mergesort(MERGESORT.java:47)
	at java_programs.MERGESORT.mergesort(MERGESORT.java:47)
	at java_programs.MERGESORT.mergesort(MERGESORT.java:47)
	at java_programs.MERGESORT.mergesort(MERGESORT.java:47)
	at java_programs.MERGESORT.mergesort(MERGESORT.java:47)
	at java_programs.MERGESORT.mergesort(MERGESORT.java:47)
	at java_programs.MERGESORT.mergesort(MERGESORT.java:47)
	at java_programs.MERGESORT.mergesort(MERGESORT.java:47)
	at java_programs.MERGESORT.mergesort(MERGESORT.java:47)
	at java_programs.MERGESORT.mergesort(MERGESORT.java:47)
	at java_programs.MERGESORT.mergesort(MERGESORT.java:47)
	at java_programs.MERGESORT.mergesort(MERGESORT.java:47)
	at java_programs.MERGESORT.mergesort(MERGESORT.java:47)
	at java_programs.MERGESORT.mergesort(MERGESORT.java:47)
	at java_programs.MERGESORT.mergesort(MERGESORT.java:47)
	at java_programs.MERGESORT.mergesort(MERGESORT.java:47)
	at java_programs.MERGESORT.mergesort(MERGESORT.java:47)
	at java_programs.MERGESORT.mergesort(MERGESORT.java:47)
	at java_programs.MERGESORT.mergesort(MERGESORT.java:47)
	at java_programs.MERGESORT.mergesort(MERGESORT.java:47)
	at java_programs.MERGESORT.mergesort(MERGESORT.java:47)
	at java_programs.MERGESORT.mergesort(MERGESORT.java:47)
	at java_programs.MERGESORT.mergesort(MERGESORT.java:47)
	at java_programs.MERGESORT.mergesort(MERGESORT.java:47)
	at java_programs.MERGESORT.mergesort(MERGESORT.java:47)
	at java_programs.MERGESORT.mergesort(MERGESORT.java:47)
	at java_programs.MERGESORT.mergesort(MERGESORT.java:47)
	at java_programs.MERGESORT.mergesort(MERGESORT.java:47)
	at java_programs.MERGESORT.mergesort(MERGESORT.java:47)
	at java_programs.MERGESORT.mergesort(MERGESORT.java:47)
	at java_programs.MERGESORT.mergesort(MERGESORT.java:47)
	at java_programs.MERGESORT.mergesort(MERGESORT.java:47)
	at java_programs.MERGESORT.mergesort(MERGESORT.java:47)
	at java_programs.MERGESORT.mergesort(MERGESORT.java:47)
	at java_programs.MERGESORT.mergesort(MERGESORT.java:47)
	at java_programs.MERGESORT.mergesort(MERGESORT.java:47)
	at java_programs.MERGESORT.mergesort(MERGESORT.java:47)
	at java_programs.MERGESORT.mergesort(MERGESORT.java:47)
	at java_programs.MERGESORT.mergesort(MERGESORT.java:47)
	at java_programs.MERGESORT.mergesort(MERGESORT.java:47)
	at java_programs.MERGESORT.mergesort(MERGESORT.java:47)
	at java_programs.MERGESORT.mergesort(MERGESORT.java:47)
	at java_programs.MERGESORT.mergesort(MERGESORT.java:47)
	at java_programs.MERGESORT.mergesort(MERGESORT.java:47)
	at java_programs.MERGESORT.mergesort(MERGESORT.java:47)
	at java_programs.MERGESORT.mergesort(MERGESORT.java:47)
	at java_programs.MERGESORT.mergesort(MERGESORT.java:47)
	at java_programs.MERGESORT.mergesort(MERGESORT.java:47)
	at java_programs.MERGESORT.mergesort(MERGESORT.java:47)
	at java_programs.MERGESORT.mergesort(MERGESORT.java:47)
	at java_programs.MERGESORT.mergesort(MERGESORT.java:47)
	at java_programs.MERGESORT.mergesort(MERGESORT.java:47)
	at java_programs.MERGESORT.mergesort(MERGESORT.java:47)
	at java_programs.MERGESORT.mergesort(MERGESORT.java:47)
	at java_programs.MERGESORT.mergesort(MERGESORT.java:47)
	at java_programs.MERGESORT.mergesort(MERGESORT.java:47)
	at java_programs.MERGESORT.mergesort(MERGESORT.java:47)
	at java_programs.MERGESORT.mergesort(MERGESORT.java:47)
	at java_programs.MERGESORT.mergesort(MERGESORT.java:47)
	at java_programs.MERGESORT.mergesort(MERGESORT.java:47)
	at java_programs.MERGESORT.mergesort(MERGESORT.java:47)
	at java_programs.MERGESORT.mergesort(MERGESORT.java:47)
	at java_programs.MERGESORT.mergesort(MERGESORT.java:47)
	at java_programs.MERGESORT.mergesort(MERGESORT.java:47)
	at java_programs.MERGESORT.mergesort(MERGESORT.java:47)
	at java_programs.MERGESORT.mergesort(MERGESORT.java:47)
	at java_programs.MERGESORT.mergesort(MERGESORT.java:47)
	at java_programs.MERGESORT.mergesort(MERGESORT.java:47)
	at java_programs.MERGESORT.mergesort(MERGESORT.java:47)
	at java_programs.MERGESORT.mergesort(MERGESORT.java:47)
	at java_programs.MERGESORT.mergesort(MERGESORT.java:47)
	at java_programs.MERGESORT.mergesort(MERGESORT.java:47)
	at java_programs.MERGESORT.mergesort(MERGESORT.java:47)
	at java_programs.MERGESORT.mergesort(MERGESORT.java:47)
	at java_programs.MERGESORT.mergesort(MERGESORT.java:47)
	at java_programs.MERGESORT.mergesort(MERGESORT.java:47)
	at java_programs.MERGESORT.mergesort(MERGESORT.java:47)
	at java_programs.MERGESORT.mergesort(MERGESORT.java:47)
	at java_programs.MERGESORT.mergesort(MERGESORT.java:47)
	at java_programs.MERGESORT.mergesort(MERGESORT.java:47)
	at java_programs.MERGESORT.mergesort(MERGESORT.java:47)
	at java_programs.MERGESORT.mergesort(MERGESORT.java:47)
	at java_programs.MERGESORT.mergesort(MERGESORT.java:47)
	at java_programs.MERGESORT.mergesort(MERGESORT.java:47)
	at java_programs.MERGESORT.mergesort(MERGESORT.java:47)
	at java_programs.MERGESORT.mergesort(MERGESORT.java:47)
	at java_programs.MERGESORT.mergesort(MERGESORT.java:47)
	at java_programs.MERGESORT.mergesort(MERGESORT.java:47)
	at java_programs.MERGESORT.mergesort(MERGESORT.java:47)
	at java_programs.MERGESORT.mergesort(MERGESORT.java:47)
	at java_programs.MERGESORT.mergesort(MERGESORT.java:47)
	at java_programs.MERGESORT.mergesort(MERGESORT.java:47)
	at java_programs.MERGESORT.mergesort(MERGESORT.java:47)
	at java_programs.MERGESORT.mergesort(MERGESORT.java:47)
	at java_programs.MERGESORT.mergesort(MERGESORT.java:47)
	at java_programs.MERGESORT.mergesort(MERGESORT.java:47)
	at java_programs.MERGESORT.mergesort(MERGESORT.java:47)
	at java_programs.MERGESORT.mergesort(MERGESORT.java:47)
	at java_programs.MERGESORT.mergesort(MERGESORT.java:47)
	at java_programs.MERGESORT.mergesort(MERGESORT.java:47)
	at java_programs.MERGESORT.mergesort(MERGESORT.java:47)
	at java_programs.MERGESORT.mergesort(MERGESORT.java:47)
	at java_programs.MERGESORT.mergesort(MERGESORT.java:47)
	at java_programs.MERGESORT.mergesort(MERGESORT.java:47)
	at java_programs.MERGESORT.mergesort(MERGESORT.java:47)
	at java_programs.MERGESORT.mergesort(MERGESORT.java:47)
	at java_programs.MERGESORT.mergesort(MERGESORT.java:47)
	at java_programs.MERGESORT.mergesort(MERGESORT.java:47)
	at java_programs.MERGESORT.mergesort(MERGESORT.java:47)
	at java_programs.MERGESORT.mergesort(MERGESORT.java:47)
	at java_programs.MERGESORT.mergesort(MERGESORT.java:47)
	at java_programs.MERGESORT.mergesort(MERGESORT.java:47)
	at java_programs.MERGESORT.mergesort(MERGESORT.java:47)
	at java_programs.MERGESORT.mergesort(MERGESORT.java:47)
	at java_programs.MERGESORT.mergesort(MERGESORT.java:47)
	at java_programs.MERGESORT.mergesort(MERGESORT.java:47)
	at java_programs.MERGESORT.mergesort(MERGESORT.java:47)
	at java_programs.MERGESORT.mergesort(MERGESORT.java:47)
	at java_programs.MERGESORT.mergesort(MERGESORT.java:47)
	at java_programs.MERGESORT.mergesort(MERGESORT.java:47)
	at java_programs.MERGESORT.mergesort(MERGESORT.java:47)
	at java_programs.MERGESORT.mergesort(MERGESORT.java:47)
	at java_programs.MERGESORT.mergesort(MERGESORT.java:47)
	at java_programs.MERGESORT.mergesort(MERGESORT.java:47)
	at java_programs.MERGESORT.mergesort(MERGESORT.java:47)
	at java_programs.MERGESORT.mergesort(MERGESORT.java:47)
	at java_programs.MERGESORT.mergesort(MERGESORT.java:47)
	at java_programs.MERGESORT.mergesort(MERGESORT.java:47)
	at java_programs.MERGESORT.mergesort(MERGESORT.java:47)
	at java_programs.MERGESORT.mergesort(MERGESORT.java:47)
	at java_programs.MERGESORT.mergesort(MERGESORT.java:47)
	at java_programs.MERGESORT.mergesort(MERGESORT.java:47)
	at java_programs.MERGESORT.mergesort(MERGESORT.java:47)
	at java_programs.MERGESORT.mergesort(MERGESORT.java:47)
	at java_programs.MERGESORT.mergesort(MERGESORT.java:47)
	at java_programs.MERGESORT.mergesort(MERGESORT.java:47)
	at java_programs.MERGESORT.mergesort(MERGESORT.java:47)
	at java_programs.MERGESORT.mergesort(MERGESORT.java:47)
	at java_programs.MERGESORT.mergesort(MERGESORT.java:47)
	at java_programs.MERGESORT.mergesort(MERGESORT.java:47)
	at java_programs.MERGESORT.mergesort(MERGESORT.java:47)
	at java_programs.MERGESORT.mergesort(MERGESORT.java:47)
	at java_programs.MERGESORT.mergesort(MERGESORT.java:47)
	at java_programs.MERGESORT.mergesort(MERGESORT.java:47)
	at java_programs.MERGESORT.mergesort(MERGESORT.java:47)
	at java_programs.MERGESORT.mergesort(MERGESORT.java:47)
	at java_programs.MERGESORT.mergesort(MERGESORT.java:47)
	at java_programs.MERGESORT.mergesort(MERGESORT.java:47)
	at java_programs.MERGESORT.mergesort(MERGESORT.java:47)
	at java_programs.MERGESORT.mergesort(MERGESORT.java:47)
	at java_programs.MERGESORT.mergesort(MERGESORT.java:47)
	at java_programs.MERGESORT.mergesort(MERGESORT.java:47)
	at java_programs.MERGESORT.mergesort(MERGESORT.java:47)
	at java_programs.MERGESORT.mergesort(MERGESORT.java:47)
	at java_programs.MERGESORT.mergesort(MERGESORT.java:47)
	at java_programs.MERGESORT.mergesort(MERGESORT.java:47)
	at java_programs.MERGESORT.mergesort(MERGESORT.java:47)
	at java_programs.MERGESORT.mergesort(MERGESORT.java:47)
	at java_programs.MERGESORT.mergesort(MERGESORT.java:47)
	at java_programs.MERGESORT.mergesort(MERGESORT.java:47)
	at java_programs.MERGESORT.mergesort(MERGESORT.java:47)
	at java_programs.MERGESORT.mergesort(MERGESORT.java:47)
	at java_programs.MERGESORT.mergesort(MERGESORT.java:47)
	at java_programs.MERGESORT.mergesort(MERGESORT.java:47)
	at java_programs.MERGESORT.mergesort(MERGESORT.java:47)
	at java_programs.MERGESORT.mergesort(MERGESORT.java:47)
	at java_programs.MERGESORT.mergesort(MERGESORT.java:47)
	at java_programs.MERGESORT.mergesort(MERGESORT.java:47)
	at java_programs.MERGESORT.mergesort(MERGESORT.java:47)
	at java_programs.MERGESORT.mergesort(MERGESORT.java:47)
	at java_programs.MERGESORT.mergesort(MERGESORT.java:47)
	at java_programs.MERGESORT.mergesort(MERGESORT.java:47)
	at java_programs.MERGESORT.mergesort(MERGESORT.java:47)
	at java_programs.MERGESORT.mergesort(MERGESORT.java:47)
	at java_programs.MERGESORT.mergesort(MERGESORT.java:47)
	at java_programs.MERGESORT.mergesort(MERGESORT.java:47)
	at java_programs.MERGESORT.mergesort(MERGESORT.java:47)
	at java_programs.MERGESORT.mergesort(MERGESORT.java:47)
	at java_programs.MERGESORT.mergesort(MERGESORT.java:47)
	at java_programs.MERGESORT.mergesort(MERGESORT.java:47)
	at java_programs.MERGESORT.mergesort(MERGESORT.java:47)
	at java_programs.MERGESORT.mergesort(MERGESORT.java:47)
	at java_programs.MERGESORT.mergesort(MERGESORT.java:47)
	at java_programs.MERGESORT.mergesort(MERGESORT.java:47)
	at java_programs.MERGESORT.mergesort(MERGESORT.java:47)
	at java_programs.MERGESORT.mergesort(MERGESORT.java:47)
	at java_programs.MERGESORT.mergesort(MERGESORT.java:47)
	at java_programs.MERGESORT.mergesort(MERGESORT.java:47)
	at java_programs.MERGESORT.mergesort(MERGESORT.java:47)
	at java_programs.MERGESORT.mergesort(MERGESORT.java:47)
	at java_programs.MERGESORT.mergesort(MERGESORT.java:47)
	at java_programs.MERGESORT.mergesort(MERGESORT.java:47)
	at java_programs.MERGESORT.mergesort(MERGESORT.java:47)
	at java_programs.MERGESORT.mergesort(MERGESORT.java:47)
	at java_programs.MERGESORT.mergesort(MERGESORT.java:47)
	at java_programs.MERGESORT.mergesort(MERGESORT.java:47)
	at java_programs.MERGESORT.mergesort(MERGESORT.java:47)
	at java_programs.MERGESORT.mergesort(MERGESORT.java:47)
	at java_programs.MERGESORT.mergesort(MERGESORT.java:47)
	at java_programs.MERGESORT.mergesort(MERGESORT.java:47)
	at java_programs.MERGESORT.mergesort(MERGESORT.java:47)
	at java_programs.MERGESORT.mergesort(MERGESORT.java:47)
	at java_programs.MERGESORT.mergesort(MERGESORT.java:47)
	at java_programs.MERGESORT.mergesort(MERGESORT.java:47)
	at java_programs.MERGESORT.mergesort(MERGESORT.java:47)
	at java_programs.MERGESORT.mergesort(MERGESORT.java:47)
	at java_programs.MERGESORT.mergesort(MERGESORT.java:47)
	at java_programs.MERGESORT.mergesort(MERGESORT.java:47)
	at java_programs.MERGESORT.mergesort(MERGESORT.java:47)
	at java_programs.MERGESORT.mergesort(MERGESORT.java:47)
	at java_programs.MERGESORT.mergesort(MERGESORT.java:47)
	at java_programs.MERGESORT.mergesort(MERGESORT.java:47)
	at java_programs.MERGESORT.mergesort(MERGESORT.java:47)
	at java_programs.MERGESORT.mergesort(MERGESORT.java:47)
	at java_programs.MERGESORT.mergesort(MERGESORT.java:47)
	at java_programs.MERGESORT.mergesort(MERGESORT.java:47)
	at java_programs.MERGESORT.mergesort(MERGESORT.java:47)
	at java_programs.MERGESORT.mergesort(MERGESORT.java:47)
	at java_programs.MERGESORT.mergesort(MERGESORT.java:47)
	at java_programs.MERGESORT.mergesort(MERGESORT.java:47)
	at java_programs.MERGESORT.mergesort(MERGESORT.java:47)
	at java_programs.MERGESORT.mergesort(MERGESORT.java:47)
	at java_programs.MERGESORT.mergesort(MERGESORT.java:47)
	at java_programs.MERGESORT.mergesort(MERGESORT.java:47)
	at java_programs.MERGESORT.mergesort(MERGESORT.java:47)
	at java_programs.MERGESORT.mergesort(MERGESORT.java:47)
	at java_programs.MERGESORT.mergesort(MERGESORT.java:47)
	at java_programs.MERGESORT.mergesort(MERGESORT.java:47)
	at java_programs.MERGESORT.mergesort(MERGESORT.java:47)
	at java_programs.MERGESORT.mergesort(MERGESORT.java:47)
	at java_programs.MERGESORT.mergesort(MERGESORT.java:47)
	at java_programs.MERGESORT.mergesort(MERGESORT.java:47)
	at java_programs.MERGESORT.mergesort(MERGESORT.java:47)
	at java_programs.MERGESORT.mergesort(MERGESORT.java:47)
	at java_programs.MERGESORT.mergesort(MERGESORT.java:47)
	at java_programs.MERGESORT.mergesort(MERGESORT.java:47)
	at java_programs.MERGESORT.mergesort(MERGESORT.java:47)
	at java_programs.MERGESORT.mergesort(MERGESORT.java:47)
	at java_programs.MERGESORT.mergesort(MERGESORT.java:47)
	at java_programs.MERGESORT.mergesort(MERGESORT.java:47)
	at java_programs.MERGESORT.mergesort(MERGESORT.java:47)
	at java_programs.MERGESORT.mergesort(MERGESORT.java:47)
	at java_programs.MERGESORT.mergesort(MERGESORT.java:47)
	at java_programs.MERGESORT.mergesort(MERGESORT.java:47)
	at java_programs.MERGESORT.mergesort(MERGESORT.java:47)
	at java_programs.MERGESORT.mergesort(MERGESORT.java:47)
	at java_programs.MERGESORT.mergesort(MERGESORT.java:47)
	at java_programs.MERGESORT.mergesort(MERGESORT.java:47)
	at java_programs.MERGESORT.mergesort(MERGESORT.java:47)
	at java_programs.MERGESORT.mergesort(MERGESORT.java:47)
	at java_programs.MERGESORT.mergesort(MERGESORT.java:47)
	at java_programs.MERGESORT.mergesort(MERGESORT.java:47)
	at java_programs.MERGESORT.mergesort(MERGESORT.java:47)
	at java_programs.MERGESORT.mergesort(MERGESORT.java:47)
	at java_programs.MERGESORT.mergesort(MERGESORT.java:47)
	at java_programs.MERGESORT.mergesort(MERGESORT.java:47)
	at java_programs.MERGESORT.mergesort(MERGESORT.java:47)
	at java_programs.MERGESORT.mergesort(MERGESORT.java:47)
	at java_programs.MERGESORT.mergesort(MERGESORT.java:47)
	at java_programs.MERGESORT.mergesort(MERGESORT.java:47)
</failure>
  </testcase>
  <testcase name="test_5" classname="java_testcases.junit.MERGESORT_TEST" time="0.012">
    <failure message="java.lang.StackOverflowError" type="java.lang.StackOverflowError">java.lang.StackOverflowError
	at java.util.ArrayList.subList(ArrayList.java:1006)
	at java_programs.MERGESORT.mergesort(MERGESORT.java:43)
	at java_programs.MERGESORT.mergesort(MERGESORT.java:47)
	at java_programs.MERGESORT.mergesort(MERGESORT.java:47)
	at java_programs.MERGESORT.mergesort(MERGESORT.java:47)
	at java_programs.MERGESORT.mergesort(MERGESORT.java:47)
	at java_programs.MERGESORT.mergesort(MERGESORT.java:47)
	at java_programs.MERGESORT.mergesort(MERGESORT.java:47)
	at java_programs.MERGESORT.mergesort(MERGESORT.java:47)
	at java_programs.MERGESORT.mergesort(MERGESORT.java:47)
	at java_programs.MERGESORT.mergesort(MERGESORT.java:47)
	at java_programs.MERGESORT.mergesort(MERGESORT.java:47)
	at java_programs.MERGESORT.mergesort(MERGESORT.java:47)
	at java_programs.MERGESORT.mergesort(MERGESORT.java:47)
	at java_programs.MERGESORT.mergesort(MERGESORT.java:47)
	at java_programs.MERGESORT.mergesort(MERGESORT.java:47)
	at java_programs.MERGESORT.mergesort(MERGESORT.java:47)
	at java_programs.MERGESORT.mergesort(MERGESORT.java:47)
	at java_programs.MERGESORT.mergesort(MERGESORT.java:47)
	at java_programs.MERGESORT.mergesort(MERGESORT.java:47)
	at java_programs.MERGESORT.mergesort(MERGESORT.java:47)
	at java_programs.MERGESORT.mergesort(MERGESORT.java:47)
	at java_programs.MERGESORT.mergesort(MERGESORT.java:47)
	at java_programs.MERGESORT.mergesort(MERGESORT.java:47)
	at java_programs.MERGESORT.mergesort(MERGESORT.java:47)
	at java_programs.MERGESORT.mergesort(MERGESORT.java:47)
	at java_programs.MERGESORT.mergesort(MERGESORT.java:47)
	at java_programs.MERGESORT.mergesort(MERGESORT.java:47)
	at java_programs.MERGESORT.mergesort(MERGESORT.java:47)
	at java_programs.MERGESORT.mergesort(MERGESORT.java:47)
	at java_programs.MERGESORT.mergesort(MERGESORT.java:47)
	at java_programs.MERGESORT.mergesort(MERGESORT.java:47)
	at java_programs.MERGESORT.mergesort(MERGESORT.java:47)
	at java_programs.MERGESORT.mergesort(MERGESORT.java:47)
	at java_programs.MERGESORT.mergesort(MERGESORT.java:47)
	at java_programs.MERGESORT.mergesort(MERGESORT.java:47)
	at java_programs.MERGESORT.mergesort(MERGESORT.java:47)
	at java_programs.MERGESORT.mergesort(MERGESORT.java:47)
	at java_programs.MERGESORT.mergesort(MERGESORT.java:47)
	at java_programs.MERGESORT.mergesort(MERGESORT.java:47)
	at java_programs.MERGESORT.mergesort(MERGESORT.java:47)
	at java_programs.MERGESORT.mergesort(MERGESORT.java:47)
	at java_programs.MERGESORT.mergesort(MERGESORT.java:47)
	at java_programs.MERGESORT.mergesort(MERGESORT.java:47)
	at java_programs.MERGESORT.mergesort(MERGESORT.java:47)
	at java_programs.MERGESORT.mergesort(MERGESORT.java:47)
	at java_programs.MERGESORT.mergesort(MERGESORT.java:47)
	at java_programs.MERGESORT.mergesort(MERGESORT.java:47)
	at java_programs.MERGESORT.mergesort(MERGESORT.java:47)
	at java_programs.MERGESORT.mergesort(MERGESORT.java:47)
	at java_programs.MERGESORT.mergesort(MERGESORT.java:47)
	at java_programs.MERGESORT.mergesort(MERGESORT.java:47)
	at java_programs.MERGESORT.mergesort(MERGESORT.java:47)
	at java_programs.MERGESORT.mergesort(MERGESORT.java:47)
	at java_programs.MERGESORT.mergesort(MERGESORT.java:47)
	at java_programs.MERGESORT.mergesort(MERGESORT.java:47)
	at java_programs.MERGESORT.mergesort(MERGESORT.java:47)
	at java_programs.MERGESORT.mergesort(MERGESORT.java:47)
	at java_programs.MERGESORT.mergesort(MERGESORT.java:47)
	at java_programs.MERGESORT.mergesort(MERGESORT.java:47)
	at java_programs.MERGESORT.mergesort(MERGESORT.java:47)
	at java_programs.MERGESORT.mergesort(MERGESORT.java:47)
	at java_programs.MERGESORT.mergesort(MERGESORT.java:47)
	at java_programs.MERGESORT.mergesort(MERGESORT.java:47)
	at java_programs.MERGESORT.mergesort(MERGESORT.java:47)
	at java_programs.MERGESORT.mergesort(MERGESORT.java:47)
	at java_programs.MERGESORT.mergesort(MERGESORT.java:47)
	at java_programs.MERGESORT.mergesort(MERGESORT.java:47)
	at java_programs.MERGESORT.mergesort(MERGESORT.java:47)
	at java_programs.MERGESORT.mergesort(MERGESORT.java:47)
	at java_programs.MERGESORT.mergesort(MERGESORT.java:47)
	at java_programs.MERGESORT.mergesort(MERGESORT.java:47)
	at java_programs.MERGESORT.mergesort(MERGESORT.java:47)
	at java_programs.MERGESORT.mergesort(MERGESORT.java:47)
	at java_programs.MERGESORT.mergesort(MERGESORT.java:47)
	at java_programs.MERGESORT.mergesort(MERGESORT.java:47)
	at java_programs.MERGESORT.mergesort(MERGESORT.java:47)
	at java_programs.MERGESORT.mergesort(MERGESORT.java:47)
	at java_programs.MERGESORT.mergesort(MERGESORT.java:47)
	at java_programs.MERGESORT.mergesort(MERGESORT.java:47)
	at java_programs.MERGESORT.mergesort(MERGESORT.java:47)
	at java_programs.MERGESORT.mergesort(MERGESORT.java:47)
	at java_programs.MERGESORT.mergesort(MERGESORT.java:47)
	at java_programs.MERGESORT.mergesort(MERGESORT.java:47)
	at java_programs.MERGESORT.mergesort(MERGESORT.java:47)
	at java_programs.MERGESORT.mergesort(MERGESORT.java:47)
	at java_programs.MERGESORT.mergesort(MERGESORT.java:47)
	at java_programs.MERGESORT.mergesort(MERGESORT.java:47)
	at java_programs.MERGESORT.mergesort(MERGESORT.java:47)
	at java_programs.MERGESORT.mergesort(MERGESORT.java:47)
	at java_programs.MERGESORT.mergesort(MERGESORT.java:47)
	at java_programs.MERGESORT.mergesort(MERGESORT.java:47)
	at java_programs.MERGESORT.mergesort(MERGESORT.java:47)
	at java_programs.MERGESORT.mergesort(MERGESORT.java:47)
	at java_programs.MERGESORT.mergesort(MERGESORT.java:47)
	at java_programs.MERGESORT.mergesort(MERGESORT.java:47)
	at java_programs.MERGESORT.mergesort(MERGESORT.java:47)
	at java_programs.MERGESORT.mergesort(MERGESORT.java:47)
	at java_programs.MERGESORT.mergesort(MERGESORT.java:47)
	at java_programs.MERGESORT.mergesort(MERGESORT.java:47)
	at java_programs.MERGESORT.mergesort(MERGESORT.java:47)
	at java_programs.MERGESORT.mergesort(MERGESORT.java:47)
	at java_programs.MERGESORT.mergesort(MERGESORT.java:47)
	at java_programs.MERGESORT.mergesort(MERGESORT.java:47)
	at java_programs.MERGESORT.mergesort(MERGESORT.java:47)
	at java_programs.MERGESORT.mergesort(MERGESORT.java:47)
	at java_programs.MERGESORT.mergesort(MERGESORT.java:47)
	at java_programs.MERGESORT.mergesort(MERGESORT.java:47)
	at java_programs.MERGESORT.mergesort(MERGESORT.java:47)
	at java_programs.MERGESORT.mergesort(MERGESORT.java:47)
	at java_programs.MERGESORT.mergesort(MERGESORT.java:47)
	at java_programs.MERGESORT.mergesort(MERGESORT.java:47)
	at java_programs.MERGESORT.mergesort(MERGESORT.java:47)
	at java_programs.MERGESORT.mergesort(MERGESORT.java:47)
	at java_programs.MERGESORT.mergesort(MERGESORT.java:47)
	at java_programs.MERGESORT.mergesort(MERGESORT.java:47)
	at java_programs.MERGESORT.mergesort(MERGESORT.java:47)
	at java_programs.MERGESORT.mergesort(MERGESORT.java:47)
	at java_programs.MERGESORT.mergesort(MERGESORT.java:47)
	at java_programs.MERGESORT.mergesort(MERGESORT.java:47)
	at java_programs.MERGESORT.mergesort(MERGESORT.java:47)
	at java_programs.MERGESORT.mergesort(MERGESORT.java:47)
	at java_programs.MERGESORT.mergesort(MERGESORT.java:47)
	at java_programs.MERGESORT.mergesort(MERGESORT.java:47)
	at java_programs.MERGESORT.mergesort(MERGESORT.java:47)
	at java_programs.MERGESORT.mergesort(MERGESORT.java:47)
	at java_programs.MERGESORT.mergesort(MERGESORT.java:47)
	at java_programs.MERGESORT.mergesort(MERGESORT.java:47)
	at java_programs.MERGESORT.mergesort(MERGESORT.java:47)
	at java_programs.MERGESORT.mergesort(MERGESORT.java:47)
	at java_programs.MERGESORT.mergesort(MERGESORT.java:47)
	at java_programs.MERGESORT.mergesort(MERGESORT.java:47)
	at java_programs.MERGESORT.mergesort(MERGESORT.java:47)
	at java_programs.MERGESORT.mergesort(MERGESORT.java:47)
	at java_programs.MERGESORT.mergesort(MERGESORT.java:47)
	at java_programs.MERGESORT.mergesort(MERGESORT.java:47)
	at java_programs.MERGESORT.mergesort(MERGESORT.java:47)
	at java_programs.MERGESORT.mergesort(MERGESORT.java:47)
	at java_programs.MERGESORT.mergesort(MERGESORT.java:47)
	at java_programs.MERGESORT.mergesort(MERGESORT.java:47)
	at java_programs.MERGESORT.mergesort(MERGESORT.java:47)
	at java_programs.MERGESORT.mergesort(MERGESORT.java:47)
	at java_programs.MERGESORT.mergesort(MERGESORT.java:47)
	at java_programs.MERGESORT.mergesort(MERGESORT.java:47)
	at java_programs.MERGESORT.mergesort(MERGESORT.java:47)
	at java_programs.MERGESORT.mergesort(MERGESORT.java:47)
	at java_programs.MERGESORT.mergesort(MERGESORT.java:47)
	at java_programs.MERGESORT.mergesort(MERGESORT.java:47)
	at java_programs.MERGESORT.mergesort(MERGESORT.java:47)
	at java_programs.MERGESORT.mergesort(MERGESORT.java:47)
	at java_programs.MERGESORT.mergesort(MERGESORT.java:47)
	at java_programs.MERGESORT.mergesort(MERGESORT.java:47)
	at java_programs.MERGESORT.mergesort(MERGESORT.java:47)
	at java_programs.MERGESORT.mergesort(MERGESORT.java:47)
	at java_programs.MERGESORT.mergesort(MERGESORT.java:47)
	at java_programs.MERGESORT.mergesort(MERGESORT.java:47)
	at java_programs.MERGESORT.mergesort(MERGESORT.java:47)
	at java_programs.MERGESORT.mergesort(MERGESORT.java:47)
	at java_programs.MERGESORT.mergesort(MERGESORT.java:47)
	at java_programs.MERGESORT.mergesort(MERGESORT.java:47)
	at java_programs.MERGESORT.mergesort(MERGESORT.java:47)
	at java_programs.MERGESORT.mergesort(MERGESORT.java:47)
	at java_programs.MERGESORT.mergesort(MERGESORT.java:47)
	at java_programs.MERGESORT.mergesort(MERGESORT.java:47)
	at java_programs.MERGESORT.mergesort(MERGESORT.java:47)
	at java_programs.MERGESORT.mergesort(MERGESORT.java:47)
	at java_programs.MERGESORT.mergesort(MERGESORT.java:47)
	at java_programs.MERGESORT.mergesort(MERGESORT.java:47)
	at java_programs.MERGESORT.mergesort(MERGESORT.java:47)
	at java_programs.MERGESORT.mergesort(MERGESORT.java:47)
	at java_programs.MERGESORT.mergesort(MERGESORT.java:47)
	at java_programs.MERGESORT.mergesort(MERGESORT.java:47)
	at java_programs.MERGESORT.mergesort(MERGESORT.java:47)
	at java_programs.MERGESORT.mergesort(MERGESORT.java:47)
	at java_programs.MERGESORT.mergesort(MERGESORT.java:47)
	at java_programs.MERGESORT.mergesort(MERGESORT.java:47)
	at java_programs.MERGESORT.mergesort(MERGESORT.java:47)
	at java_programs.MERGESORT.mergesort(MERGESORT.java:47)
	at java_programs.MERGESORT.mergesort(MERGESORT.java:47)
	at java_programs.MERGESORT.mergesort(MERGESORT.java:47)
	at java_programs.MERGESORT.mergesort(MERGESORT.java:47)
	at java_programs.MERGESORT.mergesort(MERGESORT.java:47)
	at java_programs.MERGESORT.mergesort(MERGESORT.java:47)
	at java_programs.MERGESORT.mergesort(MERGESORT.java:47)
	at java_programs.MERGESORT.mergesort(MERGESORT.java:47)
	at java_programs.MERGESORT.mergesort(MERGESORT.java:47)
	at java_programs.MERGESORT.mergesort(MERGESORT.java:47)
	at java_programs.MERGESORT.mergesort(MERGESORT.java:47)
	at java_programs.MERGESORT.mergesort(MERGESORT.java:47)
	at java_programs.MERGESORT.mergesort(MERGESORT.java:47)
	at java_programs.MERGESORT.mergesort(MERGESORT.java:47)
	at java_programs.MERGESORT.mergesort(MERGESORT.java:47)
	at java_programs.MERGESORT.mergesort(MERGESORT.java:47)
	at java_programs.MERGESORT.mergesort(MERGESORT.java:47)
	at java_programs.MERGESORT.mergesort(MERGESORT.java:47)
	at java_programs.MERGESORT.mergesort(MERGESORT.java:47)
	at java_programs.MERGESORT.mergesort(MERGESORT.java:47)
	at java_programs.MERGESORT.mergesort(MERGESORT.java:47)
	at java_programs.MERGESORT.mergesort(MERGESORT.java:47)
	at java_programs.MERGESORT.mergesort(MERGESORT.java:47)
	at java_programs.MERGESORT.mergesort(MERGESORT.java:47)
	at java_programs.MERGESORT.mergesort(MERGESORT.java:47)
	at java_programs.MERGESORT.mergesort(MERGESORT.java:47)
	at java_programs.MERGESORT.mergesort(MERGESORT.java:47)
	at java_programs.MERGESORT.mergesort(MERGESORT.java:47)
	at java_programs.MERGESORT.mergesort(MERGESORT.java:47)
	at java_programs.MERGESORT.mergesort(MERGESORT.java:47)
	at java_programs.MERGESORT.mergesort(MERGESORT.java:47)
	at java_programs.MERGESORT.mergesort(MERGESORT.java:47)
	at java_programs.MERGESORT.mergesort(MERGESORT.java:47)
	at java_programs.MERGESORT.mergesort(MERGESORT.java:47)
	at java_programs.MERGESORT.mergesort(MERGESORT.java:47)
	at java_programs.MERGESORT.mergesort(MERGESORT.java:47)
	at java_programs.MERGESORT.mergesort(MERGESORT.java:47)
	at java_programs.MERGESORT.mergesort(MERGESORT.java:47)
	at java_programs.MERGESORT.mergesort(MERGESORT.java:47)
	at java_programs.MERGESORT.mergesort(MERGESORT.java:47)
	at java_programs.MERGESORT.mergesort(MERGESORT.java:47)
	at java_programs.MERGESORT.mergesort(MERGESORT.java:47)
	at java_programs.MERGESORT.mergesort(MERGESORT.java:47)
	at java_programs.MERGESORT.mergesort(MERGESORT.java:47)
	at java_programs.MERGESORT.mergesort(MERGESORT.java:47)
	at java_programs.MERGESORT.mergesort(MERGESORT.java:47)
	at java_programs.MERGESORT.mergesort(MERGESORT.java:47)
	at java_programs.MERGESORT.mergesort(MERGESORT.java:47)
	at java_programs.MERGESORT.mergesort(MERGESORT.java:47)
	at java_programs.MERGESORT.mergesort(MERGESORT.java:47)
	at java_programs.MERGESORT.mergesort(MERGESORT.java:47)
	at java_programs.MERGESORT.mergesort(MERGESORT.java:47)
	at java_programs.MERGESORT.mergesort(MERGESORT.java:47)
	at java_programs.MERGESORT.mergesort(MERGESORT.java:47)
	at java_programs.MERGESORT.mergesort(MERGESORT.java:47)
	at java_programs.MERGESORT.mergesort(MERGESORT.java:47)
	at java_programs.MERGESORT.mergesort(MERGESORT.java:47)
	at java_programs.MERGESORT.mergesort(MERGESORT.java:47)
	at java_programs.MERGESORT.mergesort(MERGESORT.java:47)
	at java_programs.MERGESORT.mergesort(MERGESORT.java:47)
	at java_programs.MERGESORT.mergesort(MERGESORT.java:47)
	at java_programs.MERGESORT.mergesort(MERGESORT.java:47)
	at java_programs.MERGESORT.mergesort(MERGESORT.java:47)
	at java_programs.MERGESORT.mergesort(MERGESORT.java:47)
	at java_programs.MERGESORT.mergesort(MERGESORT.java:47)
	at java_programs.MERGESORT.mergesort(MERGESORT.java:47)
	at java_programs.MERGESORT.mergesort(MERGESORT.java:47)
	at java_programs.MERGESORT.mergesort(MERGESORT.java:47)
	at java_programs.MERGESORT.mergesort(MERGESORT.java:47)
	at java_programs.MERGESORT.mergesort(MERGESORT.java:47)
	at java_programs.MERGESORT.mergesort(MERGESORT.java:47)
	at java_programs.MERGESORT.mergesort(MERGESORT.java:47)
	at java_programs.MERGESORT.mergesort(MERGESORT.java:47)
	at java_programs.MERGESORT.mergesort(MERGESORT.java:47)
	at java_programs.MERGESORT.mergesort(MERGESORT.java:47)
	at java_programs.MERGESORT.mergesort(MERGESORT.java:47)
	at java_programs.MERGESORT.mergesort(MERGESORT.java:47)
	at java_programs.MERGESORT.mergesort(MERGESORT.java:47)
	at java_programs.MERGESORT.mergesort(MERGESORT.java:47)
	at java_programs.MERGESORT.mergesort(MERGESORT.java:47)
	at java_programs.MERGESORT.mergesort(MERGESORT.java:47)
	at java_programs.MERGESORT.mergesort(MERGESORT.java:47)
	at java_programs.MERGESORT.mergesort(MERGESORT.java:47)
	at java_programs.MERGESORT.mergesort(MERGESORT.java:47)
	at java_programs.MERGESORT.mergesort(MERGESORT.java:47)
	at java_programs.MERGESORT.mergesort(MERGESORT.java:47)
	at java_programs.MERGESORT.mergesort(MERGESORT.java:47)
	at java_programs.MERGESORT.mergesort(MERGESORT.java:47)
	at java_programs.MERGESORT.mergesort(MERGESORT.java:47)
	at java_programs.MERGESORT.mergesort(MERGESORT.java:47)
	at java_programs.MERGESORT.mergesort(MERGESORT.java:47)
	at java_programs.MERGESORT.mergesort(MERGESORT.java:47)
	at java_programs.MERGESORT.mergesort(MERGESORT.java:47)
	at java_programs.MERGESORT.mergesort(MERGESORT.java:47)
	at java_programs.MERGESORT.mergesort(MERGESORT.java:47)
	at java_programs.MERGESORT.mergesort(MERGESORT.java:47)
	at java_programs.MERGESORT.mergesort(MERGESORT.java:47)
	at java_programs.MERGESORT.mergesort(MERGESORT.java:47)
	at java_programs.MERGESORT.mergesort(MERGESORT.java:47)
	at java_programs.MERGESORT.mergesort(MERGESORT.java:47)
	at java_programs.MERGESORT.mergesort(MERGESORT.java:47)
	at java_programs.MERGESORT.mergesort(MERGESORT.java:47)
	at java_programs.MERGESORT.mergesort(MERGESORT.java:47)
	at java_programs.MERGESORT.mergesort(MERGESORT.java:47)
	at java_programs.MERGESORT.mergesort(MERGESORT.java:47)
	at java_programs.MERGESORT.mergesort(MERGESORT.java:47)
	at java_programs.MERGESORT.mergesort(MERGESORT.java:47)
	at java_programs.MERGESORT.mergesort(MERGESORT.java:47)
	at java_programs.MERGESORT.mergesort(MERGESORT.java:47)
	at java_programs.MERGESORT.mergesort(MERGESORT.java:47)
	at java_programs.MERGESORT.mergesort(MERGESORT.java:47)
	at java_programs.MERGESORT.mergesort(MERGESORT.java:47)
	at java_programs.MERGESORT.mergesort(MERGESORT.java:47)
	at java_programs.MERGESORT.mergesort(MERGESORT.java:47)
	at java_programs.MERGESORT.mergesort(MERGESORT.java:47)
	at java_programs.MERGESORT.mergesort(MERGESORT.java:47)
	at java_programs.MERGESORT.mergesort(MERGESORT.java:47)
	at java_programs.MERGESORT.mergesort(MERGESORT.java:47)
	at java_programs.MERGESORT.mergesort(MERGESORT.java:47)
	at java_programs.MERGESORT.mergesort(MERGESORT.java:47)
	at java_programs.MERGESORT.mergesort(MERGESORT.java:47)
	at java_programs.MERGESORT.mergesort(MERGESORT.java:47)
	at java_programs.MERGESORT.mergesort(MERGESORT.java:47)
	at java_programs.MERGESORT.mergesort(MERGESORT.java:47)
	at java_programs.MERGESORT.mergesort(MERGESORT.java:47)
	at java_programs.MERGESORT.mergesort(MERGESORT.java:47)
	at java_programs.MERGESORT.mergesort(MERGESORT.java:47)
	at java_programs.MERGESORT.mergesort(MERGESORT.java:47)
	at java_programs.MERGESORT.mergesort(MERGESORT.java:47)
	at java_programs.MERGESORT.mergesort(MERGESORT.java:47)
	at java_programs.MERGESORT.mergesort(MERGESORT.java:47)
	at java_programs.MERGESORT.mergesort(MERGESORT.java:47)
	at java_programs.MERGESORT.mergesort(MERGESORT.java:47)
	at java_programs.MERGESORT.mergesort(MERGESORT.java:47)
	at java_programs.MERGESORT.mergesort(MERGESORT.java:47)
	at java_programs.MERGESORT.mergesort(MERGESORT.java:47)
	at java_programs.MERGESORT.mergesort(MERGESORT.java:47)
	at java_programs.MERGESORT.mergesort(MERGESORT.java:47)
	at java_programs.MERGESORT.mergesort(MERGESORT.java:47)
	at java_programs.MERGESORT.mergesort(MERGESORT.java:47)
	at java_programs.MERGESORT.mergesort(MERGESORT.java:47)
	at java_programs.MERGESORT.mergesort(MERGESORT.java:47)
	at java_programs.MERGESORT.mergesort(MERGESORT.java:47)
	at java_programs.MERGESORT.mergesort(MERGESORT.java:47)
	at java_programs.MERGESORT.mergesort(MERGESORT.java:47)
	at java_programs.MERGESORT.mergesort(MERGESORT.java:47)
	at java_programs.MERGESORT.mergesort(MERGESORT.java:47)
	at java_programs.MERGESORT.mergesort(MERGESORT.java:47)
	at java_programs.MERGESORT.mergesort(MERGESORT.java:47)
	at java_programs.MERGESORT.mergesort(MERGESORT.java:47)
	at java_programs.MERGESORT.mergesort(MERGESORT.java:47)
	at java_programs.MERGESORT.mergesort(MERGESORT.java:47)
	at java_programs.MERGESORT.mergesort(MERGESORT.java:47)
	at java_programs.MERGESORT.mergesort(MERGESORT.java:47)
	at java_programs.MERGESORT.mergesort(MERGESORT.java:47)
	at java_programs.MERGESORT.mergesort(MERGESORT.java:47)
	at java_programs.MERGESORT.mergesort(MERGESORT.java:47)
	at java_programs.MERGESORT.mergesort(MERGESORT.java:47)
	at java_programs.MERGESORT.mergesort(MERGESORT.java:47)
	at java_programs.MERGESORT.mergesort(MERGESORT.java:47)
	at java_programs.MERGESORT.mergesort(MERGESORT.java:47)
	at java_programs.MERGESORT.mergesort(MERGESORT.java:47)
	at java_programs.MERGESORT.mergesort(MERGESORT.java:47)
	at java_programs.MERGESORT.mergesort(MERGESORT.java:47)
	at java_programs.MERGESORT.mergesort(MERGESORT.java:47)
	at java_programs.MERGESORT.mergesort(MERGESORT.java:47)
	at java_programs.MERGESORT.mergesort(MERGESORT.java:47)
	at java_programs.MERGESORT.mergesort(MERGESORT.java:47)
	at java_programs.MERGESORT.mergesort(MERGESORT.java:47)
	at java_programs.MERGESORT.mergesort(MERGESORT.java:47)
	at java_programs.MERGESORT.mergesort(MERGESORT.java:47)
	at java_programs.MERGESORT.mergesort(MERGESORT.java:47)
	at java_programs.MERGESORT.mergesort(MERGESORT.java:47)
	at java_programs.MERGESORT.mergesort(MERGESORT.java:47)
	at java_programs.MERGESORT.mergesort(MERGESORT.java:47)
	at java_programs.MERGESORT.mergesort(MERGESORT.java:47)
	at java_programs.MERGESORT.mergesort(MERGESORT.java:47)
	at java_programs.MERGESORT.mergesort(MERGESORT.java:47)
	at java_programs.MERGESORT.mergesort(MERGESORT.java:47)
	at java_programs.MERGESORT.mergesort(MERGESORT.java:47)
	at java_programs.MERGESORT.mergesort(MERGESORT.java:47)
	at java_programs.MERGESORT.mergesort(MERGESORT.java:47)
	at java_programs.MERGESORT.mergesort(MERGESORT.java:47)
	at java_programs.MERGESORT.mergesort(MERGESORT.java:47)
	at java_programs.MERGESORT.mergesort(MERGESORT.java:47)
	at java_programs.MERGESORT.mergesort(MERGESORT.java:47)
	at java_programs.MERGESORT.mergesort(MERGESORT.java:47)
	at java_programs.MERGESORT.mergesort(MERGESORT.java:47)
	at java_programs.MERGESORT.mergesort(MERGESORT.java:47)
	at java_programs.MERGESORT.mergesort(MERGESORT.java:47)
	at java_programs.MERGESORT.mergesort(MERGESORT.java:47)
	at java_programs.MERGESORT.mergesort(MERGESORT.java:47)
	at java_programs.MERGESORT.mergesort(MERGESORT.java:47)
	at java_programs.MERGESORT.mergesort(MERGESORT.java:47)
	at java_programs.MERGESORT.mergesort(MERGESORT.java:47)
	at java_programs.MERGESORT.mergesort(MERGESORT.java:47)
	at java_programs.MERGESORT.mergesort(MERGESORT.java:47)
	at java_programs.MERGESORT.mergesort(MERGESORT.java:47)
	at java_programs.MERGESORT.mergesort(MERGESORT.java:47)
	at java_programs.MERGESORT.mergesort(MERGESORT.java:47)
	at java_programs.MERGESORT.mergesort(MERGESORT.java:47)
	at java_programs.MERGESORT.mergesort(MERGESORT.java:47)
	at java_programs.MERGESORT.mergesort(MERGESORT.java:47)
	at java_programs.MERGESORT.mergesort(MERGESORT.java:47)
	at java_programs.MERGESORT.mergesort(MERGESORT.java:47)
	at java_programs.MERGESORT.mergesort(MERGESORT.java:47)
	at java_programs.MERGESORT.mergesort(MERGESORT.java:47)
	at java_programs.MERGESORT.mergesort(MERGESORT.java:47)
	at java_programs.MERGESORT.mergesort(MERGESORT.java:47)
	at java_programs.MERGESORT.mergesort(MERGESORT.java:47)
	at java_programs.MERGESORT.mergesort(MERGESORT.java:47)
	at java_programs.MERGESORT.mergesort(MERGESORT.java:47)
	at java_programs.MERGESORT.mergesort(MERGESORT.java:47)
	at java_programs.MERGESORT.mergesort(MERGESORT.java:47)
	at java_programs.MERGESORT.mergesort(MERGESORT.java:47)
	at java_programs.MERGESORT.mergesort(MERGESORT.java:47)
	at java_programs.MERGESORT.mergesort(MERGESORT.java:47)
	at java_programs.MERGESORT.mergesort(MERGESORT.java:47)
	at java_programs.MERGESORT.mergesort(MERGESORT.java:47)
	at java_programs.MERGESORT.mergesort(MERGESORT.java:47)
	at java_programs.MERGESORT.mergesort(MERGESORT.java:47)
	at java_programs.MERGESORT.mergesort(MERGESORT.java:47)
	at java_programs.MERGESORT.mergesort(MERGESORT.java:47)
	at java_programs.MERGESORT.mergesort(MERGESORT.java:47)
	at java_programs.MERGESORT.mergesort(MERGESORT.java:47)
	at java_programs.MERGESORT.mergesort(MERGESORT.java:47)
	at java_programs.MERGESORT.mergesort(MERGESORT.java:47)
	at java_programs.MERGESORT.mergesort(MERGESORT.java:47)
	at java_programs.MERGESORT.mergesort(MERGESORT.java:47)
	at java_programs.MERGESORT.mergesort(MERGESORT.java:47)
	at java_programs.MERGESORT.mergesort(MERGESORT.java:47)
	at java_programs.MERGESORT.mergesort(MERGESORT.java:47)
	at java_programs.MERGESORT.mergesort(MERGESORT.java:47)
	at java_programs.MERGESORT.mergesort(MERGESORT.java:47)
	at java_programs.MERGESORT.mergesort(MERGESORT.java:47)
	at java_programs.MERGESORT.mergesort(MERGESORT.java:47)
	at java_programs.MERGESORT.mergesort(MERGESORT.java:47)
	at java_programs.MERGESORT.mergesort(MERGESORT.java:47)
	at java_programs.MERGESORT.mergesort(MERGESORT.java:47)
	at java_programs.MERGESORT.mergesort(MERGESORT.java:47)
	at java_programs.MERGESORT.mergesort(MERGESORT.java:47)
	at java_programs.MERGESORT.mergesort(MERGESORT.java:47)
	at java_programs.MERGESORT.mergesort(MERGESORT.java:47)
	at java_programs.MERGESORT.mergesort(MERGESORT.java:47)
	at java_programs.MERGESORT.mergesort(MERGESORT.java:47)
	at java_programs.MERGESORT.mergesort(MERGESORT.java:47)
	at java_programs.MERGESORT.mergesort(MERGESORT.java:47)
	at java_programs.MERGESORT.mergesort(MERGESORT.java:47)
	at java_programs.MERGESORT.mergesort(MERGESORT.java:47)
	at java_programs.MERGESORT.mergesort(MERGESORT.java:47)
	at java_programs.MERGESORT.mergesort(MERGESORT.java:47)
	at java_programs.MERGESORT.mergesort(MERGESORT.java:47)
	at java_programs.MERGESORT.mergesort(MERGESORT.java:47)
	at java_programs.MERGESORT.mergesort(MERGESORT.java:47)
	at java_programs.MERGESORT.mergesort(MERGESORT.java:47)
	at java_programs.MERGESORT.mergesort(MERGESORT.java:47)
	at java_programs.MERGESORT.mergesort(MERGESORT.java:47)
	at java_programs.MERGESORT.mergesort(MERGESORT.java:47)
	at java_programs.MERGESORT.mergesort(MERGESORT.java:47)
	at java_programs.MERGESORT.mergesort(MERGESORT.java:47)
	at java_programs.MERGESORT.mergesort(MERGESORT.java:47)
	at java_programs.MERGESORT.mergesort(MERGESORT.java:47)
	at java_programs.MERGESORT.mergesort(MERGESORT.java:47)
	at java_programs.MERGESORT.mergesort(MERGESORT.java:47)
	at java_programs.MERGESORT.mergesort(MERGESORT.java:47)
	at java_programs.MERGESORT.mergesort(MERGESORT.java:47)
	at java_programs.MERGESORT.mergesort(MERGESORT.java:47)
	at java_programs.MERGESORT.mergesort(MERGESORT.java:47)
	at java_programs.MERGESORT.mergesort(MERGESORT.java:47)
	at java_programs.MERGESORT.mergesort(MERGESORT.java:47)
	at java_programs.MERGESORT.mergesort(MERGESORT.java:47)
	at java_programs.MERGESORT.mergesort(MERGESORT.java:47)
	at java_programs.MERGESORT.mergesort(MERGESORT.java:47)
	at java_programs.MERGESORT.mergesort(MERGESORT.java:47)
	at java_programs.MERGESORT.mergesort(MERGESORT.java:47)
	at java_programs.MERGESORT.mergesort(MERGESORT.java:47)
	at java_programs.MERGESORT.mergesort(MERGESORT.java:47)
	at java_programs.MERGESORT.mergesort(MERGESORT.java:47)
	at java_programs.MERGESORT.mergesort(MERGESORT.java:47)
	at java_programs.MERGESORT.mergesort(MERGESORT.java:47)
	at java_programs.MERGESORT.mergesort(MERGESORT.java:47)
	at java_programs.MERGESORT.mergesort(MERGESORT.java:47)
	at java_programs.MERGESORT.mergesort(MERGESORT.java:47)
	at java_programs.MERGESORT.mergesort(MERGESORT.java:47)
	at java_programs.MERGESORT.mergesort(MERGESORT.java:47)
	at java_programs.MERGESORT.mergesort(MERGESORT.java:47)
	at java_programs.MERGESORT.mergesort(MERGESORT.java:47)
	at java_programs.MERGESORT.mergesort(MERGESORT.java:47)
	at java_programs.MERGESORT.mergesort(MERGESORT.java:47)
	at java_programs.MERGESORT.mergesort(MERGESORT.java:47)
	at java_programs.MERGESORT.mergesort(MERGESORT.java:47)
	at java_programs.MERGESORT.mergesort(MERGESORT.java:47)
	at java_programs.MERGESORT.mergesort(MERGESORT.java:47)
	at java_programs.MERGESORT.mergesort(MERGESORT.java:47)
	at java_programs.MERGESORT.mergesort(MERGESORT.java:47)
	at java_programs.MERGESORT.mergesort(MERGESORT.java:47)
	at java_programs.MERGESORT.mergesort(MERGESORT.java:47)
	at java_programs.MERGESORT.mergesort(MERGESORT.java:47)
	at java_programs.MERGESORT.mergesort(MERGESORT.java:47)
	at java_programs.MERGESORT.mergesort(MERGESORT.java:47)
	at java_programs.MERGESORT.mergesort(MERGESORT.java:47)
	at java_programs.MERGESORT.mergesort(MERGESORT.java:47)
	at java_programs.MERGESORT.mergesort(MERGESORT.java:47)
	at java_programs.MERGESORT.mergesort(MERGESORT.java:47)
	at java_programs.MERGESORT.mergesort(MERGESORT.java:47)
	at java_programs.MERGESORT.mergesort(MERGESORT.java:47)
	at java_programs.MERGESORT.mergesort(MERGESORT.java:47)
	at java_programs.MERGESORT.mergesort(MERGESORT.java:47)
	at java_programs.MERGESORT.mergesort(MERGESORT.java:47)
	at java_programs.MERGESORT.mergesort(MERGESORT.java:47)
	at java_programs.MERGESORT.mergesort(MERGESORT.java:47)
	at java_programs.MERGESORT.mergesort(MERGESORT.java:47)
	at java_programs.MERGESORT.mergesort(MERGESORT.java:47)
	at java_programs.MERGESORT.mergesort(MERGESORT.java:47)
	at java_programs.MERGESORT.mergesort(MERGESORT.java:47)
	at java_programs.MERGESORT.mergesort(MERGESORT.java:47)
	at java_programs.MERGESORT.mergesort(MERGESORT.java:47)
	at java_programs.MERGESORT.mergesort(MERGESORT.java:47)
	at java_programs.MERGESORT.mergesort(MERGESORT.java:47)
	at java_programs.MERGESORT.mergesort(MERGESORT.java:47)
	at java_programs.MERGESORT.mergesort(MERGESORT.java:47)
	at java_programs.MERGESORT.mergesort(MERGESORT.java:47)
	at java_programs.MERGESORT.mergesort(MERGESORT.java:47)
	at java_programs.MERGESORT.mergesort(MERGESORT.java:47)
	at java_programs.MERGESORT.mergesort(MERGESORT.java:47)
	at java_programs.MERGESORT.mergesort(MERGESORT.java:47)
	at java_programs.MERGESORT.mergesort(MERGESORT.java:47)
	at java_programs.MERGESORT.mergesort(MERGESORT.java:47)
	at java_programs.MERGESORT.mergesort(MERGESORT.java:47)
	at java_programs.MERGESORT.mergesort(MERGESORT.java:47)
	at java_programs.MERGESORT.mergesort(MERGESORT.java:47)
	at java_programs.MERGESORT.mergesort(MERGESORT.java:47)
	at java_programs.MERGESORT.mergesort(MERGESORT.java:47)
	at java_programs.MERGESORT.mergesort(MERGESORT.java:47)
	at java_programs.MERGESORT.mergesort(MERGESORT.java:47)
	at java_programs.MERGESORT.mergesort(MERGESORT.java:47)
	at java_programs.MERGESORT.mergesort(MERGESORT.java:47)
	at java_programs.MERGESORT.mergesort(MERGESORT.java:47)
	at java_programs.MERGESORT.mergesort(MERGESORT.java:47)
	at java_programs.MERGESORT.mergesort(MERGESORT.java:47)
	at java_programs.MERGESORT.mergesort(MERGESORT.java:47)
	at java_programs.MERGESORT.mergesort(MERGESORT.java:47)
	at java_programs.MERGESORT.mergesort(MERGESORT.java:47)
	at java_programs.MERGESORT.mergesort(MERGESORT.java:47)
	at java_programs.MERGESORT.mergesort(MERGESORT.java:47)
	at java_programs.MERGESORT.mergesort(MERGESORT.java:47)
	at java_programs.MERGESORT.mergesort(MERGESORT.java:47)
	at java_programs.MERGESORT.mergesort(MERGESORT.java:47)
	at java_programs.MERGESORT.mergesort(MERGESORT.java:47)
	at java_programs.MERGESORT.mergesort(MERGESORT.java:47)
	at java_programs.MERGESORT.mergesort(MERGESORT.java:47)
	at java_programs.MERGESORT.mergesort(MERGESORT.java:47)
	at java_programs.MERGESORT.mergesort(MERGESORT.java:47)
	at java_programs.MERGESORT.mergesort(MERGESORT.java:47)
	at java_programs.MERGESORT.mergesort(MERGESORT.java:47)
	at java_programs.MERGESORT.mergesort(MERGESORT.java:47)
	at java_programs.MERGESORT.mergesort(MERGESORT.java:47)
	at java_programs.MERGESORT.mergesort(MERGESORT.java:47)
	at java_programs.MERGESORT.mergesort(MERGESORT.java:47)
	at java_programs.MERGESORT.mergesort(MERGESORT.java:47)
	at java_programs.MERGESORT.mergesort(MERGESORT.java:47)
	at java_programs.MERGESORT.mergesort(MERGESORT.java:47)
	at java_programs.MERGESORT.mergesort(MERGESORT.java:47)
	at java_programs.MERGESORT.mergesort(MERGESORT.java:47)
	at java_programs.MERGESORT.mergesort(MERGESORT.java:47)
	at java_programs.MERGESORT.mergesort(MERGESORT.java:47)
	at java_programs.MERGESORT.mergesort(MERGESORT.java:47)
	at java_programs.MERGESORT.mergesort(MERGESORT.java:47)
	at java_programs.MERGESORT.mergesort(MERGESORT.java:47)
	at java_programs.MERGESORT.mergesort(MERGESORT.java:47)
	at java_programs.MERGESORT.mergesort(MERGESORT.java:47)
	at java_programs.MERGESORT.mergesort(MERGESORT.java:47)
	at java_programs.MERGESORT.mergesort(MERGESORT.java:47)
	at java_programs.MERGESORT.mergesort(MERGESORT.java:47)
	at java_programs.MERGESORT.mergesort(MERGESORT.java:47)
	at java_programs.MERGESORT.mergesort(MERGESORT.java:47)
	at java_programs.MERGESORT.mergesort(MERGESORT.java:47)
	at java_programs.MERGESORT.mergesort(MERGESORT.java:47)
	at java_programs.MERGESORT.mergesort(MERGESORT.java:47)
	at java_programs.MERGESORT.mergesort(MERGESORT.java:47)
	at java_programs.MERGESORT.mergesort(MERGESORT.java:47)
	at java_programs.MERGESORT.mergesort(MERGESORT.java:47)
	at java_programs.MERGESORT.mergesort(MERGESORT.java:47)
	at java_programs.MERGESORT.mergesort(MERGESORT.java:47)
	at java_programs.MERGESORT.mergesort(MERGESORT.java:47)
	at java_programs.MERGESORT.mergesort(MERGESORT.java:47)
	at java_programs.MERGESORT.mergesort(MERGESORT.java:47)
	at java_programs.MERGESORT.mergesort(MERGESORT.java:47)
	at java_programs.MERGESORT.mergesort(MERGESORT.java:47)
	at java_programs.MERGESORT.mergesort(MERGESORT.java:47)
	at java_programs.MERGESORT.mergesort(MERGESORT.java:47)
	at java_programs.MERGESORT.mergesort(MERGESORT.java:47)
	at java_programs.MERGESORT.mergesort(MERGESORT.java:47)
	at java_programs.MERGESORT.mergesort(MERGESORT.java:47)
	at java_programs.MERGESORT.mergesort(MERGESORT.java:47)
	at java_programs.MERGESORT.mergesort(MERGESORT.java:47)
	at java_programs.MERGESORT.mergesort(MERGESORT.java:47)
	at java_programs.MERGESORT.mergesort(MERGESORT.java:47)
	at java_programs.MERGESORT.mergesort(MERGESORT.java:47)
	at java_programs.MERGESORT.mergesort(MERGESORT.java:47)
	at java_programs.MERGESORT.mergesort(MERGESORT.java:47)
	at java_programs.MERGESORT.mergesort(MERGESORT.java:47)
	at java_programs.MERGESORT.mergesort(MERGESORT.java:47)
	at java_programs.MERGESORT.mergesort(MERGESORT.java:47)
	at java_programs.MERGESORT.mergesort(MERGESORT.java:47)
	at java_programs.MERGESORT.mergesort(MERGESORT.java:47)
	at java_programs.MERGESORT.mergesort(MERGESORT.java:47)
	at java_programs.MERGESORT.mergesort(MERGESORT.java:47)
	at java_programs.MERGESORT.mergesort(MERGESORT.java:47)
	at java_programs.MERGESORT.mergesort(MERGESORT.java:47)
	at java_programs.MERGESORT.mergesort(MERGESORT.java:47)
	at java_programs.MERGESORT.mergesort(MERGESORT.java:47)
	at java_programs.MERGESORT.mergesort(MERGESORT.java:47)
	at java_programs.MERGESORT.mergesort(MERGESORT.java:47)
	at java_programs.MERGESORT.mergesort(MERGESORT.java:47)
	at java_programs.MERGESORT.mergesort(MERGESORT.java:47)
	at java_programs.MERGESORT.mergesort(MERGESORT.java:47)
	at java_programs.MERGESORT.mergesort(MERGESORT.java:47)
	at java_programs.MERGESORT.mergesort(MERGESORT.java:47)
	at java_programs.MERGESORT.mergesort(MERGESORT.java:47)
	at java_programs.MERGESORT.mergesort(MERGESORT.java:47)
	at java_programs.MERGESORT.mergesort(MERGESORT.java:47)
	at java_programs.MERGESORT.mergesort(MERGESORT.java:47)
	at java_programs.MERGESORT.mergesort(MERGESORT.java:47)
	at java_programs.MERGESORT.mergesort(MERGESORT.java:47)
	at java_programs.MERGESORT.mergesort(MERGESORT.java:47)
	at java_programs.MERGESORT.mergesort(MERGESORT.java:47)
	at java_programs.MERGESORT.mergesort(MERGESORT.java:47)
	at java_programs.MERGESORT.mergesort(MERGESORT.java:47)
	at java_programs.MERGESORT.mergesort(MERGESORT.java:47)
	at java_programs.MERGESORT.mergesort(MERGESORT.java:47)
	at java_programs.MERGESORT.mergesort(MERGESORT.java:47)
	at java_programs.MERGESORT.mergesort(MERGESORT.java:47)
	at java_programs.MERGESORT.mergesort(MERGESORT.java:47)
	at java_programs.MERGESORT.mergesort(MERGESORT.java:47)
	at java_programs.MERGESORT.mergesort(MERGESORT.java:47)
	at java_programs.MERGESORT.mergesort(MERGESORT.java:47)
	at java_programs.MERGESORT.mergesort(MERGESORT.java:47)
	at java_programs.MERGESORT.mergesort(MERGESORT.java:47)
	at java_programs.MERGESORT.mergesort(MERGESORT.java:47)
	at java_programs.MERGESORT.mergesort(MERGESORT.java:47)
	at java_programs.MERGESORT.mergesort(MERGESORT.java:47)
	at java_programs.MERGESORT.mergesort(MERGESORT.java:47)
	at java_programs.MERGESORT.mergesort(MERGESORT.java:47)
	at java_programs.MERGESORT.mergesort(MERGESORT.java:47)
	at java_programs.MERGESORT.mergesort(MERGESORT.java:47)
	at java_programs.MERGESORT.mergesort(MERGESORT.java:47)
	at java_programs.MERGESORT.mergesort(MERGESORT.java:47)
	at java_programs.MERGESORT.mergesort(MERGESORT.java:47)
	at java_programs.MERGESORT.mergesort(MERGESORT.java:47)
	at java_programs.MERGESORT.mergesort(MERGESORT.java:47)
	at java_programs.MERGESORT.mergesort(MERGESORT.java:47)
	at java_programs.MERGESORT.mergesort(MERGESORT.java:47)
	at java_programs.MERGESORT.mergesort(MERGESORT.java:47)
	at java_programs.MERGESORT.mergesort(MERGESORT.java:47)
	at java_programs.MERGESORT.mergesort(MERGESORT.java:47)
	at java_programs.MERGESORT.mergesort(MERGESORT.java:47)
	at java_programs.MERGESORT.mergesort(MERGESORT.java:47)
	at java_programs.MERGESORT.mergesort(MERGESORT.java:47)
	at java_programs.MERGESORT.mergesort(MERGESORT.java:47)
	at java_programs.MERGESORT.mergesort(MERGESORT.java:47)
	at java_programs.MERGESORT.mergesort(MERGESORT.java:47)
	at java_programs.MERGESORT.mergesort(MERGESORT.java:47)
	at java_programs.MERGESORT.mergesort(MERGESORT.java:47)
	at java_programs.MERGESORT.mergesort(MERGESORT.java:47)
	at java_programs.MERGESORT.mergesort(MERGESORT.java:47)
	at java_programs.MERGESORT.mergesort(MERGESORT.java:47)
	at java_programs.MERGESORT.mergesort(MERGESORT.java:47)
	at java_programs.MERGESORT.mergesort(MERGESORT.java:47)
	at java_programs.MERGESORT.mergesort(MERGESORT.java:47)
	at java_programs.MERGESORT.mergesort(MERGESORT.java:47)
	at java_programs.MERGESORT.mergesort(MERGESORT.java:47)
	at java_programs.MERGESORT.mergesort(MERGESORT.java:47)
	at java_programs.MERGESORT.mergesort(MERGESORT.java:47)
	at java_programs.MERGESORT.mergesort(MERGESORT.java:47)
	at java_programs.MERGESORT.mergesort(MERGESORT.java:47)
	at java_programs.MERGESORT.mergesort(MERGESORT.java:47)
	at java_programs.MERGESORT.mergesort(MERGESORT.java:47)
	at java_programs.MERGESORT.mergesort(MERGESORT.java:47)
	at java_programs.MERGESORT.mergesort(MERGESORT.java:47)
	at java_programs.MERGESORT.mergesort(MERGESORT.java:47)
	at java_programs.MERGESORT.mergesort(MERGESORT.java:47)
	at java_programs.MERGESORT.mergesort(MERGESORT.java:47)
	at java_programs.MERGESORT.mergesort(MERGESORT.java:47)
	at java_programs.MERGESORT.mergesort(MERGESORT.java:47)
	at java_programs.MERGESORT.mergesort(MERGESORT.java:47)
	at java_programs.MERGESORT.mergesort(MERGESORT.java:47)
	at java_programs.MERGESORT.mergesort(MERGESORT.java:47)
	at java_programs.MERGESORT.mergesort(MERGESORT.java:47)
	at java_programs.MERGESORT.mergesort(MERGESORT.java:47)
	at java_programs.MERGESORT.mergesort(MERGESORT.java:47)
	at java_programs.MERGESORT.mergesort(MERGESORT.java:47)
	at java_programs.MERGESORT.mergesort(MERGESORT.java:47)
	at java_programs.MERGESORT.mergesort(MERGESORT.java:47)
	at java_programs.MERGESORT.mergesort(MERGESORT.java:47)
	at java_programs.MERGESORT.mergesort(MERGESORT.java:47)
	at java_programs.MERGESORT.mergesort(MERGESORT.java:47)
	at java_programs.MERGESORT.mergesort(MERGESORT.java:47)
	at java_programs.MERGESORT.mergesort(MERGESORT.java:47)
	at java_programs.MERGESORT.mergesort(MERGESORT.java:47)
	at java_programs.MERGESORT.mergesort(MERGESORT.java:47)
	at java_programs.MERGESORT.mergesort(MERGESORT.java:47)
	at java_programs.MERGESORT.mergesort(MERGESORT.java:47)
	at java_programs.MERGESORT.mergesort(MERGESORT.java:47)
	at java_programs.MERGESORT.mergesort(MERGESORT.java:47)
	at java_programs.MERGESORT.mergesort(MERGESORT.java:47)
	at java_programs.MERGESORT.mergesort(MERGESORT.java:47)
	at java_programs.MERGESORT.mergesort(MERGESORT.java:47)
	at java_programs.MERGESORT.mergesort(MERGESORT.java:47)
	at java_programs.MERGESORT.mergesort(MERGESORT.java:47)
	at java_programs.MERGESORT.mergesort(MERGESORT.java:47)
	at java_programs.MERGESORT.mergesort(MERGESORT.java:47)
	at java_programs.MERGESORT.mergesort(MERGESORT.java:47)
	at java_programs.MERGESORT.mergesort(MERGESORT.java:47)
	at java_programs.MERGESORT.mergesort(MERGESORT.java:47)
	at java_programs.MERGESORT.mergesort(MERGESORT.java:47)
	at java_programs.MERGESORT.mergesort(MERGESORT.java:47)
	at java_programs.MERGESORT.mergesort(MERGESORT.java:47)
	at java_programs.MERGESORT.mergesort(MERGESORT.java:47)
	at java_programs.MERGESORT.mergesort(MERGESORT.java:47)
	at java_programs.MERGESORT.mergesort(MERGESORT.java:47)
	at java_programs.MERGESORT.mergesort(MERGESORT.java:47)
	at java_programs.MERGESORT.mergesort(MERGESORT.java:47)
	at java_programs.MERGESORT.mergesort(MERGESORT.java:47)
	at java_programs.MERGESORT.mergesort(MERGESORT.java:47)
	at java_programs.MERGESORT.mergesort(MERGESORT.java:47)
	at java_programs.MERGESORT.mergesort(MERGESORT.java:47)
	at java_programs.MERGESORT.mergesort(MERGESORT.java:47)
	at java_programs.MERGESORT.mergesort(MERGESORT.java:47)
	at java_programs.MERGESORT.mergesort(MERGESORT.java:47)
	at java_programs.MERGESORT.mergesort(MERGESORT.java:47)
	at java_programs.MERGESORT.mergesort(MERGESORT.java:47)
	at java_programs.MERGESORT.mergesort(MERGESORT.java:47)
	at java_programs.MERGESORT.mergesort(MERGESORT.java:47)
	at java_programs.MERGESORT.mergesort(MERGESORT.java:47)
	at java_programs.MERGESORT.mergesort(MERGESORT.java:47)
	at java_programs.MERGESORT.mergesort(MERGESORT.java:47)
	at java_programs.MERGESORT.mergesort(MERGESORT.java:47)
	at java_programs.MERGESORT.mergesort(MERGESORT.java:47)
	at java_programs.MERGESORT.mergesort(MERGESORT.java:47)
	at java_programs.MERGESORT.mergesort(MERGESORT.java:47)
	at java_programs.MERGESORT.mergesort(MERGESORT.java:47)
	at java_programs.MERGESORT.mergesort(MERGESORT.java:47)
	at java_programs.MERGESORT.mergesort(MERGESORT.java:47)
	at java_programs.MERGESORT.mergesort(MERGESORT.java:47)
	at java_programs.MERGESORT.mergesort(MERGESORT.java:47)
	at java_programs.MERGESORT.mergesort(MERGESORT.java:47)
	at java_programs.MERGESORT.mergesort(MERGESORT.java:47)
	at java_programs.MERGESORT.mergesort(MERGESORT.java:47)
	at java_programs.MERGESORT.mergesort(MERGESORT.java:47)
	at java_programs.MERGESORT.mergesort(MERGESORT.java:47)
	at java_programs.MERGESORT.mergesort(MERGESORT.java:47)
	at java_programs.MERGESORT.mergesort(MERGESORT.java:47)
	at java_programs.MERGESORT.mergesort(MERGESORT.java:47)
	at java_programs.MERGESORT.mergesort(MERGESORT.java:47)
	at java_programs.MERGESORT.mergesort(MERGESORT.java:47)
	at java_programs.MERGESORT.mergesort(MERGESORT.java:47)
	at java_programs.MERGESORT.mergesort(MERGESORT.java:47)
	at java_programs.MERGESORT.mergesort(MERGESORT.java:47)
	at java_programs.MERGESORT.mergesort(MERGESORT.java:47)
	at java_programs.MERGESORT.mergesort(MERGESORT.java:47)
	at java_programs.MERGESORT.mergesort(MERGESORT.java:47)
	at java_programs.MERGESORT.mergesort(MERGESORT.java:47)
	at java_programs.MERGESORT.mergesort(MERGESORT.java:47)
	at java_programs.MERGESORT.mergesort(MERGESORT.java:47)
	at java_programs.MERGESORT.mergesort(MERGESORT.java:47)
	at java_programs.MERGESORT.mergesort(MERGESORT.java:47)
	at java_programs.MERGESORT.mergesort(MERGESORT.java:47)
	at java_programs.MERGESORT.mergesort(MERGESORT.java:47)
	at java_programs.MERGESORT.mergesort(MERGESORT.java:47)
	at java_programs.MERGESORT.mergesort(MERGESORT.java:47)
	at java_programs.MERGESORT.mergesort(MERGESORT.java:47)
	at java_programs.MERGESORT.mergesort(MERGESORT.java:47)
	at java_programs.MERGESORT.mergesort(MERGESORT.java:47)
	at java_programs.MERGESORT.mergesort(MERGESORT.java:47)
	at java_programs.MERGESORT.mergesort(MERGESORT.java:47)
	at java_programs.MERGESORT.mergesort(MERGESORT.java:47)
	at java_programs.MERGESORT.mergesort(MERGESORT.java:47)
	at java_programs.MERGESORT.mergesort(MERGESORT.java:47)
	at java_programs.MERGESORT.mergesort(MERGESORT.java:47)
	at java_programs.MERGESORT.mergesort(MERGESORT.java:47)
	at java_programs.MERGESORT.mergesort(MERGESORT.java:47)
	at java_programs.MERGESORT.mergesort(MERGESORT.java:47)
	at java_programs.MERGESORT.mergesort(MERGESORT.java:47)
	at java_programs.MERGESORT.mergesort(MERGESORT.java:47)
	at java_programs.MERGESORT.mergesort(MERGESORT.java:47)
	at java_programs.MERGESORT.mergesort(MERGESORT.java:47)
	at java_programs.MERGESORT.mergesort(MERGESORT.java:47)
	at java_programs.MERGESORT.mergesort(MERGESORT.java:47)
	at java_programs.MERGESORT.mergesort(MERGESORT.java:47)
	at java_programs.MERGESORT.mergesort(MERGESORT.java:47)
	at java_programs.MERGESORT.mergesort(MERGESORT.java:47)
	at java_programs.MERGESORT.mergesort(MERGESORT.java:47)
	at java_programs.MERGESORT.mergesort(MERGESORT.java:47)
	at java_programs.MERGESORT.mergesort(MERGESORT.java:47)
	at java_programs.MERGESORT.mergesort(MERGESORT.java:47)
	at java_programs.MERGESORT.mergesort(MERGESORT.java:47)
	at java_programs.MERGESORT.mergesort(MERGESORT.java:47)
	at java_programs.MERGESORT.mergesort(MERGESORT.java:47)
	at java_programs.MERGESORT.mergesort(MERGESORT.java:47)
	at java_programs.MERGESORT.mergesort(MERGESORT.java:47)
	at java_programs.MERGESORT.mergesort(MERGESORT.java:47)
	at java_programs.MERGESORT.mergesort(MERGESORT.java:47)
	at java_programs.MERGESORT.mergesort(MERGESORT.java:47)
	at java_programs.MERGESORT.mergesort(MERGESORT.java:47)
	at java_programs.MERGESORT.mergesort(MERGESORT.java:47)
	at java_programs.MERGESORT.mergesort(MERGESORT.java:47)
	at java_programs.MERGESORT.mergesort(MERGESORT.java:47)
	at java_programs.MERGESORT.mergesort(MERGESORT.java:47)
	at java_programs.MERGESORT.mergesort(MERGESORT.java:47)
	at java_programs.MERGESORT.mergesort(MERGESORT.java:47)
	at java_programs.MERGESORT.mergesort(MERGESORT.java:47)
	at java_programs.MERGESORT.mergesort(MERGESORT.java:47)
	at java_programs.MERGESORT.mergesort(MERGESORT.java:47)
	at java_programs.MERGESORT.mergesort(MERGESORT.java:47)
	at java_programs.MERGESORT.mergesort(MERGESORT.java:47)
	at java_programs.MERGESORT.mergesort(MERGESORT.java:47)
	at java_programs.MERGESORT.mergesort(MERGESORT.java:47)
	at java_programs.MERGESORT.mergesort(MERGESORT.java:47)
	at java_programs.MERGESORT.mergesort(MERGESORT.java:47)
	at java_programs.MERGESORT.mergesort(MERGESORT.java:47)
	at java_programs.MERGESORT.mergesort(MERGESORT.java:47)
	at java_programs.MERGESORT.mergesort(MERGESORT.java:47)
	at java_programs.MERGESORT.mergesort(MERGESORT.java:47)
	at java_programs.MERGESORT.mergesort(MERGESORT.java:47)
	at java_programs.MERGESORT.mergesort(MERGESORT.java:47)
	at java_programs.MERGESORT.mergesort(MERGESORT.java:47)
	at java_programs.MERGESORT.mergesort(MERGESORT.java:47)
	at java_programs.MERGESORT.mergesort(MERGESORT.java:47)
	at java_programs.MERGESORT.mergesort(MERGESORT.java:47)
	at java_programs.MERGESORT.mergesort(MERGESORT.java:47)
	at java_programs.MERGESORT.mergesort(MERGESORT.java:47)
	at java_programs.MERGESORT.mergesort(MERGESORT.java:47)
	at java_programs.MERGESORT.mergesort(MERGESORT.java:47)
	at java_programs.MERGESORT.mergesort(MERGESORT.java:47)
	at java_programs.MERGESORT.mergesort(MERGESORT.java:47)
	at java_programs.MERGESORT.mergesort(MERGESORT.java:47)
	at java_programs.MERGESORT.mergesort(MERGESORT.java:47)
	at java_programs.MERGESORT.mergesort(MERGESORT.java:47)
	at java_programs.MERGESORT.mergesort(MERGESORT.java:47)
	at java_programs.MERGESORT.mergesort(MERGESORT.java:47)
	at java_programs.MERGESORT.mergesort(MERGESORT.java:47)
	at java_programs.MERGESORT.mergesort(MERGESORT.java:47)
	at java_programs.MERGESORT.mergesort(MERGESORT.java:47)
	at java_programs.MERGESORT.mergesort(MERGESORT.java:47)
	at java_programs.MERGESORT.mergesort(MERGESORT.java:47)
	at java_programs.MERGESORT.mergesort(MERGESORT.java:47)
	at java_programs.MERGESORT.mergesort(MERGESORT.java:47)
	at java_programs.MERGESORT.mergesort(MERGESORT.java:47)
	at java_programs.MERGESORT.mergesort(MERGESORT.java:47)
	at java_programs.MERGESORT.mergesort(MERGESORT.java:47)
	at java_programs.MERGESORT.mergesort(MERGESORT.java:47)
	at java_programs.MERGESORT.mergesort(MERGESORT.java:47)
	at java_programs.MERGESORT.mergesort(MERGESORT.java:47)
	at java_programs.MERGESORT.mergesort(MERGESORT.java:47)
	at java_programs.MERGESORT.mergesort(MERGESORT.java:47)
	at java_programs.MERGESORT.mergesort(MERGESORT.java:47)
	at java_programs.MERGESORT.mergesort(MERGESORT.java:47)
	at java_programs.MERGESORT.mergesort(MERGESORT.java:47)
	at java_programs.MERGESORT.mergesort(MERGESORT.java:47)
	at java_programs.MERGESORT.mergesort(MERGESORT.java:47)
	at java_programs.MERGESORT.mergesort(MERGESORT.java:47)
	at java_programs.MERGESORT.mergesort(MERGESORT.java:47)
	at java_programs.MERGESORT.mergesort(MERGESORT.java:47)
	at java_programs.MERGESORT.mergesort(MERGESORT.java:47)
	at java_programs.MERGESORT.mergesort(MERGESORT.java:47)
	at java_programs.MERGESORT.mergesort(MERGESORT.java:47)
	at java_programs.MERGESORT.mergesort(MERGESORT.java:47)
	at java_programs.MERGESORT.mergesort(MERGESORT.java:47)
	at java_programs.MERGESORT.mergesort(MERGESORT.java:47)
	at java_programs.MERGESORT.mergesort(MERGESORT.java:47)
	at java_programs.MERGESORT.mergesort(MERGESORT.java:47)
	at java_programs.MERGESORT.mergesort(MERGESORT.java:47)
	at java_programs.MERGESORT.mergesort(MERGESORT.java:47)
	at java_programs.MERGESORT.mergesort(MERGESORT.java:47)
	at java_programs.MERGESORT.mergesort(MERGESORT.java:47)
	at java_programs.MERGESORT.mergesort(MERGESORT.java:47)
	at java_programs.MERGESORT.mergesort(MERGESORT.java:47)
	at java_programs.MERGESORT.mergesort(MERGESORT.java:47)
	at java_programs.MERGESORT.mergesort(MERGESORT.java:47)
	at java_programs.MERGESORT.mergesort(MERGESORT.java:47)
	at java_programs.MERGESORT.mergesort(MERGESORT.java:47)
	at java_programs.MERGESORT.mergesort(MERGESORT.java:47)
	at java_programs.MERGESORT.mergesort(MERGESORT.java:47)
	at java_programs.MERGESORT.mergesort(MERGESORT.java:47)
	at java_programs.MERGESORT.mergesort(MERGESORT.java:47)
	at java_programs.MERGESORT.mergesort(MERGESORT.java:47)
	at java_programs.MERGESORT.mergesort(MERGESORT.java:47)
	at java_programs.MERGESORT.mergesort(MERGESORT.java:47)
	at java_programs.MERGESORT.mergesort(MERGESORT.java:47)
	at java_programs.MERGESORT.mergesort(MERGESORT.java:47)
	at java_programs.MERGESORT.mergesort(MERGESORT.java:47)
	at java_programs.MERGESORT.mergesort(MERGESORT.java:47)
	at java_programs.MERGESORT.mergesort(MERGESORT.java:47)
	at java_programs.MERGESORT.mergesort(MERGESORT.java:47)
	at java_programs.MERGESORT.mergesort(MERGESORT.java:47)
	at java_programs.MERGESORT.mergesort(MERGESORT.java:47)
	at java_programs.MERGESORT.mergesort(MERGESORT.java:47)
	at java_programs.MERGESORT.mergesort(MERGESORT.java:47)
	at java_programs.MERGESORT.mergesort(MERGESORT.java:47)
	at java_programs.MERGESORT.mergesort(MERGESORT.java:47)
	at java_programs.MERGESORT.mergesort(MERGESORT.java:47)
	at java_programs.MERGESORT.mergesort(MERGESORT.java:47)
	at java_programs.MERGESORT.mergesort(MERGESORT.java:47)
	at java_programs.MERGESORT.mergesort(MERGESORT.java:47)
	at java_programs.MERGESORT.mergesort(MERGESORT.java:47)
	at java_programs.MERGESORT.mergesort(MERGESORT.java:47)
	at java_programs.MERGESORT.mergesort(MERGESORT.java:47)
	at java_programs.MERGESORT.mergesort(MERGESORT.java:47)
	at java_programs.MERGESORT.mergesort(MERGESORT.java:47)
	at java_programs.MERGESORT.mergesort(MERGESORT.java:47)
	at java_programs.MERGESORT.mergesort(MERGESORT.java:47)
	at java_programs.MERGESORT.mergesort(MERGESORT.java:47)
	at java_programs.MERGESORT.mergesort(MERGESORT.java:47)
	at java_programs.MERGESORT.mergesort(MERGESORT.java:47)
	at java_programs.MERGESORT.mergesort(MERGESORT.java:47)
	at java_programs.MERGESORT.mergesort(MERGESORT.java:47)
	at java_programs.MERGESORT.mergesort(MERGESORT.java:47)
	at java_programs.MERGESORT.mergesort(MERGESORT.java:47)
	at java_programs.MERGESORT.mergesort(MERGESORT.java:47)
	at java_programs.MERGESORT.mergesort(MERGESORT.java:47)
	at java_programs.MERGESORT.mergesort(MERGESORT.java:47)
	at java_programs.MERGESORT.mergesort(MERGESORT.java:47)
	at java_programs.MERGESORT.mergesort(MERGESORT.java:47)
	at java_programs.MERGESORT.mergesort(MERGESORT.java:47)
	at java_programs.MERGESORT.mergesort(MERGESORT.java:47)
	at java_programs.MERGESORT.mergesort(MERGESORT.java:47)
	at java_programs.MERGESORT.mergesort(MERGESORT.java:47)
	at java_programs.MERGESORT.mergesort(MERGESORT.java:47)
	at java_programs.MERGESORT.mergesort(MERGESORT.java:47)
	at java_programs.MERGESORT.mergesort(MERGESORT.java:47)
	at java_programs.MERGESORT.mergesort(MERGESORT.java:47)
	at java_programs.MERGESORT.mergesort(MERGESORT.java:47)
	at java_programs.MERGESORT.mergesort(MERGESORT.java:47)
	at java_programs.MERGESORT.mergesort(MERGESORT.java:47)
	at java_programs.MERGESORT.mergesort(MERGESORT.java:47)
	at java_programs.MERGESORT.mergesort(MERGESORT.java:47)
	at java_programs.MERGESORT.mergesort(MERGESORT.java:47)
	at java_programs.MERGESORT.mergesort(MERGESORT.java:47)
	at java_programs.MERGESORT.mergesort(MERGESORT.java:47)
	at java_programs.MERGESORT.mergesort(MERGESORT.java:47)
	at java_programs.MERGESORT.mergesort(MERGESORT.java:47)
	at java_programs.MERGESORT.mergesort(MERGESORT.java:47)
	at java_programs.MERGESORT.mergesort(MERGESORT.java:47)
	at java_programs.MERGESORT.mergesort(MERGESORT.java:47)
	at java_programs.MERGESORT.mergesort(MERGESORT.java:47)
	at java_programs.MERGESORT.mergesort(MERGESORT.java:47)
	at java_programs.MERGESORT.mergesort(MERGESORT.java:47)
	at java_programs.MERGESORT.mergesort(MERGESORT.java:47)
	at java_programs.MERGESORT.mergesort(MERGESORT.java:47)
	at java_programs.MERGESORT.mergesort(MERGESORT.java:47)
	at java_programs.MERGESORT.mergesort(MERGESORT.java:47)
	at java_programs.MERGESORT.mergesort(MERGESORT.java:47)
	at java_programs.MERGESORT.mergesort(MERGESORT.java:47)
	at java_programs.MERGESORT.mergesort(MERGESORT.java:47)
	at java_programs.MERGESORT.mergesort(MERGESORT.java:47)
	at java_programs.MERGESORT.mergesort(MERGESORT.java:47)
	at java_programs.MERGESORT.mergesort(MERGESORT.java:47)
	at java_programs.MERGESORT.mergesort(MERGESORT.java:47)
	at java_programs.MERGESORT.mergesort(MERGESORT.java:47)
	at java_programs.MERGESORT.mergesort(MERGESORT.java:47)
	at java_programs.MERGESORT.mergesort(MERGESORT.java:47)
	at java_programs.MERGESORT.mergesort(MERGESORT.java:47)
	at java_programs.MERGESORT.mergesort(MERGESORT.java:47)
	at java_programs.MERGESORT.mergesort(MERGESORT.java:47)
	at java_programs.MERGESORT.mergesort(MERGESORT.java:47)
	at java_programs.MERGESORT.mergesort(MERGESORT.java:47)
	at java_programs.MERGESORT.mergesort(MERGESORT.java:47)
	at java_programs.MERGESORT.mergesort(MERGESORT.java:47)
	at java_programs.MERGESORT.mergesort(MERGESORT.java:47)
	at java_programs.MERGESORT.mergesort(MERGESORT.java:47)
	at java_programs.MERGESORT.mergesort(MERGESORT.java:47)
	at java_programs.MERGESORT.mergesort(MERGESORT.java:47)
	at java_programs.MERGESORT.mergesort(MERGESORT.java:47)
	at java_programs.MERGESORT.mergesort(MERGESORT.java:47)
	at java_programs.MERGESORT.mergesort(MERGESORT.java:47)
	at java_programs.MERGESORT.mergesort(MERGESORT.java:47)
	at java_programs.MERGESORT.mergesort(MERGESORT.java:47)
	at java_programs.MERGESORT.mergesort(MERGESORT.java:47)
	at java_programs.MERGESORT.mergesort(MERGESORT.java:47)
	at java_programs.MERGESORT.mergesort(MERGESORT.java:47)
	at java_programs.MERGESORT.mergesort(MERGESORT.java:47)
	at java_programs.MERGESORT.mergesort(MERGESORT.java:47)
	at java_programs.MERGESORT.mergesort(MERGESORT.java:47)
	at java_programs.MERGESORT.mergesort(MERGESORT.java:47)
	at java_programs.MERGESORT.mergesort(MERGESORT.java:47)
	at java_programs.MERGESORT.mergesort(MERGESORT.java:47)
	at java_programs.MERGESORT.mergesort(MERGESORT.java:47)
	at java_programs.MERGESORT.mergesort(MERGESORT.java:47)
	at java_programs.MERGESORT.mergesort(MERGESORT.java:47)
	at java_programs.MERGESORT.mergesort(MERGESORT.java:47)
	at java_programs.MERGESORT.mergesort(MERGESORT.java:47)
	at java_programs.MERGESORT.mergesort(MERGESORT.java:47)
	at java_programs.MERGESORT.mergesort(MERGESORT.java:47)
	at java_programs.MERGESORT.mergesort(MERGESORT.java:47)
	at java_programs.MERGESORT.mergesort(MERGESORT.java:47)
	at java_programs.MERGESORT.mergesort(MERGESORT.java:47)
	at java_programs.MERGESORT.mergesort(MERGESORT.java:47)
	at java_programs.MERGESORT.mergesort(MERGESORT.java:47)
	at java_programs.MERGESORT.mergesort(MERGESORT.java:47)
	at java_programs.MERGESORT.mergesort(MERGESORT.java:47)
	at java_programs.MERGESORT.mergesort(MERGESORT.java:47)
	at java_programs.MERGESORT.mergesort(MERGESORT.java:47)
	at java_programs.MERGESORT.mergesort(MERGESORT.java:47)
	at java_programs.MERGESORT.mergesort(MERGESORT.java:47)
	at java_programs.MERGESORT.mergesort(MERGESORT.java:47)
	at java_programs.MERGESORT.mergesort(MERGESORT.java:47)
	at java_programs.MERGESORT.mergesort(MERGESORT.java:47)
	at java_programs.MERGESORT.mergesort(MERGESORT.java:47)
	at java_programs.MERGESORT.mergesort(MERGESORT.java:47)
	at java_programs.MERGESORT.mergesort(MERGESORT.java:47)
	at java_programs.MERGESORT.mergesort(MERGESORT.java:47)
	at java_programs.MERGESORT.mergesort(MERGESORT.java:47)
	at java_programs.MERGESORT.mergesort(MERGESORT.java:47)
	at java_programs.MERGESORT.mergesort(MERGESORT.java:47)
	at java_programs.MERGESORT.mergesort(MERGESORT.java:47)
	at java_programs.MERGESORT.mergesort(MERGESORT.java:47)
	at java_programs.MERGESORT.mergesort(MERGESORT.java:47)
	at java_programs.MERGESORT.mergesort(MERGESORT.java:47)
	at java_programs.MERGESORT.mergesort(MERGESORT.java:47)
	at java_programs.MERGESORT.mergesort(MERGESORT.java:47)
	at java_programs.MERGESORT.mergesort(MERGESORT.java:47)
	at java_programs.MERGESORT.mergesort(MERGESORT.java:47)
	at java_programs.MERGESORT.mergesort(MERGESORT.java:47)
	at java_programs.MERGESORT.mergesort(MERGESORT.java:47)
	at java_programs.MERGESORT.mergesort(MERGESORT.java:47)
	at java_programs.MERGESORT.mergesort(MERGESORT.java:47)
	at java_programs.MERGESORT.mergesort(MERGESORT.java:47)
	at java_programs.MERGESORT.mergesort(MERGESORT.java:47)
	at java_programs.MERGESORT.mergesort(MERGESORT.java:47)
	at java_programs.MERGESORT.mergesort(MERGESORT.java:47)
	at java_programs.MERGESORT.mergesort(MERGESORT.java:47)
	at java_programs.MERGESORT.mergesort(MERGESORT.java:47)
	at java_programs.MERGESORT.mergesort(MERGESORT.java:47)
	at java_programs.MERGESORT.mergesort(MERGESORT.java:47)
	at java_programs.MERGESORT.mergesort(MERGESORT.java:47)
	at java_programs.MERGESORT.mergesort(MERGESORT.java:47)
	at java_programs.MERGESORT.mergesort(MERGESORT.java:47)
	at java_programs.MERGESORT.mergesort(MERGESORT.java:47)
	at java_programs.MERGESORT.mergesort(MERGESORT.java:47)
	at java_programs.MERGESORT.mergesort(MERGESORT.java:47)
	at java_programs.MERGESORT.mergesort(MERGESORT.java:47)
	at java_programs.MERGESORT.mergesort(MERGESORT.java:47)
	at java_programs.MERGESORT.mergesort(MERGESORT.java:47)
	at java_programs.MERGESORT.mergesort(MERGESORT.java:47)
	at java_programs.MERGESORT.mergesort(MERGESORT.java:47)
	at java_programs.MERGESORT.mergesort(MERGESORT.java:47)
</failure>
  </testcase>
  <testcase name="test_6" classname="java_testcases.junit.MERGESORT_TEST" time="0.008">
    <failure message="java.lang.StackOverflowError" type="java.lang.StackOverflowError">java.lang.StackOverflowError
	at java.util.ArrayList.subList(ArrayList.java:1006)
	at java_programs.MERGESORT.mergesort(MERGESORT.java:43)
	at java_programs.MERGESORT.mergesort(MERGESORT.java:47)
	at java_programs.MERGESORT.mergesort(MERGESORT.java:47)
	at java_programs.MERGESORT.mergesort(MERGESORT.java:47)
	at java_programs.MERGESORT.mergesort(MERGESORT.java:47)
	at java_programs.MERGESORT.mergesort(MERGESORT.java:47)
	at java_programs.MERGESORT.mergesort(MERGESORT.java:47)
	at java_programs.MERGESORT.mergesort(MERGESORT.java:47)
	at java_programs.MERGESORT.mergesort(MERGESORT.java:47)
	at java_programs.MERGESORT.mergesort(MERGESORT.java:47)
	at java_programs.MERGESORT.mergesort(MERGESORT.java:47)
	at java_programs.MERGESORT.mergesort(MERGESORT.java:47)
	at java_programs.MERGESORT.mergesort(MERGESORT.java:47)
	at java_programs.MERGESORT.mergesort(MERGESORT.java:47)
	at java_programs.MERGESORT.mergesort(MERGESORT.java:47)
	at java_programs.MERGESORT.mergesort(MERGESORT.java:47)
	at java_programs.MERGESORT.mergesort(MERGESORT.java:47)
	at java_programs.MERGESORT.mergesort(MERGESORT.java:47)
	at java_programs.MERGESORT.mergesort(MERGESORT.java:47)
	at java_programs.MERGESORT.mergesort(MERGESORT.java:47)
	at java_programs.MERGESORT.mergesort(MERGESORT.java:47)
	at java_programs.MERGESORT.mergesort(MERGESORT.java:47)
	at java_programs.MERGESORT.mergesort(MERGESORT.java:47)
	at java_programs.MERGESORT.mergesort(MERGESORT.java:47)
	at java_programs.MERGESORT.mergesort(MERGESORT.java:47)
	at java_programs.MERGESORT.mergesort(MERGESORT.java:47)
	at java_programs.MERGESORT.mergesort(MERGESORT.java:47)
	at java_programs.MERGESORT.mergesort(MERGESORT.java:47)
	at java_programs.MERGESORT.mergesort(MERGESORT.java:47)
	at java_programs.MERGESORT.mergesort(MERGESORT.java:47)
	at java_programs.MERGESORT.mergesort(MERGESORT.java:47)
	at java_programs.MERGESORT.mergesort(MERGESORT.java:47)
	at java_programs.MERGESORT.mergesort(MERGESORT.java:47)
	at java_programs.MERGESORT.mergesort(MERGESORT.java:47)
	at java_programs.MERGESORT.mergesort(MERGESORT.java:47)
	at java_programs.MERGESORT.mergesort(MERGESORT.java:47)
	at java_programs.MERGESORT.mergesort(MERGESORT.java:47)
	at java_programs.MERGESORT.mergesort(MERGESORT.java:47)
	at java_programs.MERGESORT.mergesort(MERGESORT.java:47)
	at java_programs.MERGESORT.mergesort(MERGESORT.java:47)
	at java_programs.MERGESORT.mergesort(MERGESORT.java:47)
	at java_programs.MERGESORT.mergesort(MERGESORT.java:47)
	at java_programs.MERGESORT.mergesort(MERGESORT.java:47)
	at java_programs.MERGESORT.mergesort(MERGESORT.java:47)
	at java_programs.MERGESORT.mergesort(MERGESORT.java:47)
	at java_programs.MERGESORT.mergesort(MERGESORT.java:47)
	at java_programs.MERGESORT.mergesort(MERGESORT.java:47)
	at java_programs.MERGESORT.mergesort(MERGESORT.java:47)
	at java_programs.MERGESORT.mergesort(MERGESORT.java:47)
	at java_programs.MERGESORT.mergesort(MERGESORT.java:47)
	at java_programs.MERGESORT.mergesort(MERGESORT.java:47)
	at java_programs.MERGESORT.mergesort(MERGESORT.java:47)
	at java_programs.MERGESORT.mergesort(MERGESORT.java:47)
	at java_programs.MERGESORT.mergesort(MERGESORT.java:47)
	at java_programs.MERGESORT.mergesort(MERGESORT.java:47)
	at java_programs.MERGESORT.mergesort(MERGESORT.java:47)
	at java_programs.MERGESORT.mergesort(MERGESORT.java:47)
	at java_programs.MERGESORT.mergesort(MERGESORT.java:47)
	at java_programs.MERGESORT.mergesort(MERGESORT.java:47)
	at java_programs.MERGESORT.mergesort(MERGESORT.java:47)
	at java_programs.MERGESORT.mergesort(MERGESORT.java:47)
	at java_programs.MERGESORT.mergesort(MERGESORT.java:47)
	at java_programs.MERGESORT.mergesort(MERGESORT.java:47)
	at java_programs.MERGESORT.mergesort(MERGESORT.java:47)
	at java_programs.MERGESORT.mergesort(MERGESORT.java:47)
	at java_programs.MERGESORT.mergesort(MERGESORT.java:47)
	at java_programs.MERGESORT.mergesort(MERGESORT.java:47)
	at java_programs.MERGESORT.mergesort(MERGESORT.java:47)
	at java_programs.MERGESORT.mergesort(MERGESORT.java:47)
	at java_programs.MERGESORT.mergesort(MERGESORT.java:47)
	at java_programs.MERGESORT.mergesort(MERGESORT.java:47)
	at java_programs.MERGESORT.mergesort(MERGESORT.java:47)
	at java_programs.MERGESORT.mergesort(MERGESORT.java:47)
	at java_programs.MERGESORT.mergesort(MERGESORT.java:47)
	at java_programs.MERGESORT.mergesort(MERGESORT.java:47)
	at java_programs.MERGESORT.mergesort(MERGESORT.java:47)
	at java_programs.MERGESORT.mergesort(MERGESORT.java:47)
	at java_programs.MERGESORT.mergesort(MERGESORT.java:47)
	at java_programs.MERGESORT.mergesort(MERGESORT.java:47)
	at java_programs.MERGESORT.mergesort(MERGESORT.java:47)
	at java_programs.MERGESORT.mergesort(MERGESORT.java:47)
	at java_programs.MERGESORT.mergesort(MERGESORT.java:47)
	at java_programs.MERGESORT.mergesort(MERGESORT.java:47)
	at java_programs.MERGESORT.mergesort(MERGESORT.java:47)
	at java_programs.MERGESORT.mergesort(MERGESORT.java:47)
	at java_programs.MERGESORT.mergesort(MERGESORT.java:47)
	at java_programs.MERGESORT.mergesort(MERGESORT.java:47)
	at java_programs.MERGESORT.mergesort(MERGESORT.java:47)
	at java_programs.MERGESORT.mergesort(MERGESORT.java:47)
	at java_programs.MERGESORT.mergesort(MERGESORT.java:47)
	at java_programs.MERGESORT.mergesort(MERGESORT.java:47)
	at java_programs.MERGESORT.mergesort(MERGESORT.java:47)
	at java_programs.MERGESORT.mergesort(MERGESORT.java:47)
	at java_programs.MERGESORT.mergesort(MERGESORT.java:47)
	at java_programs.MERGESORT.mergesort(MERGESORT.java:47)
	at java_programs.MERGESORT.mergesort(MERGESORT.java:47)
	at java_programs.MERGESORT.mergesort(MERGESORT.java:47)
	at java_programs.MERGESORT.mergesort(MERGESORT.java:47)
	at java_programs.MERGESORT.mergesort(MERGESORT.java:47)
	at java_programs.MERGESORT.mergesort(MERGESORT.java:47)
	at java_programs.MERGESORT.mergesort(MERGESORT.java:47)
	at java_programs.MERGESORT.mergesort(MERGESORT.java:47)
	at java_programs.MERGESORT.mergesort(MERGESORT.java:47)
	at java_programs.MERGESORT.mergesort(MERGESORT.java:47)
	at java_programs.MERGESORT.mergesort(MERGESORT.java:47)
	at java_programs.MERGESORT.mergesort(MERGESORT.java:47)
	at java_programs.MERGESORT.mergesort(MERGESORT.java:47)
	at java_programs.MERGESORT.mergesort(MERGESORT.java:47)
	at java_programs.MERGESORT.mergesort(MERGESORT.java:47)
	at java_programs.MERGESORT.mergesort(MERGESORT.java:47)
	at java_programs.MERGESORT.mergesort(MERGESORT.java:47)
	at java_programs.MERGESORT.mergesort(MERGESORT.java:47)
	at java_programs.MERGESORT.mergesort(MERGESORT.java:47)
	at java_programs.MERGESORT.mergesort(MERGESORT.java:47)
	at java_programs.MERGESORT.mergesort(MERGESORT.java:47)
	at java_programs.MERGESORT.mergesort(MERGESORT.java:47)
	at java_programs.MERGESORT.mergesort(MERGESORT.java:47)
	at java_programs.MERGESORT.mergesort(MERGESORT.java:47)
	at java_programs.MERGESORT.mergesort(MERGESORT.java:47)
	at java_programs.MERGESORT.mergesort(MERGESORT.java:47)
	at java_programs.MERGESORT.mergesort(MERGESORT.java:47)
	at java_programs.MERGESORT.mergesort(MERGESORT.java:47)
	at java_programs.MERGESORT.mergesort(MERGESORT.java:47)
	at java_programs.MERGESORT.mergesort(MERGESORT.java:47)
	at java_programs.MERGESORT.mergesort(MERGESORT.java:47)
	at java_programs.MERGESORT.mergesort(MERGESORT.java:47)
	at java_programs.MERGESORT.mergesort(MERGESORT.java:47)
	at java_programs.MERGESORT.mergesort(MERGESORT.java:47)
	at java_programs.MERGESORT.mergesort(MERGESORT.java:47)
	at java_programs.MERGESORT.mergesort(MERGESORT.java:47)
	at java_programs.MERGESORT.mergesort(MERGESORT.java:47)
	at java_programs.MERGESORT.mergesort(MERGESORT.java:47)
	at java_programs.MERGESORT.mergesort(MERGESORT.java:47)
	at java_programs.MERGESORT.mergesort(MERGESORT.java:47)
	at java_programs.MERGESORT.mergesort(MERGESORT.java:47)
	at java_programs.MERGESORT.mergesort(MERGESORT.java:47)
	at java_programs.MERGESORT.mergesort(MERGESORT.java:47)
	at java_programs.MERGESORT.mergesort(MERGESORT.java:47)
	at java_programs.MERGESORT.mergesort(MERGESORT.java:47)
	at java_programs.MERGESORT.mergesort(MERGESORT.java:47)
	at java_programs.MERGESORT.mergesort(MERGESORT.java:47)
	at java_programs.MERGESORT.mergesort(MERGESORT.java:47)
	at java_programs.MERGESORT.mergesort(MERGESORT.java:47)
	at java_programs.MERGESORT.mergesort(MERGESORT.java:47)
	at java_programs.MERGESORT.mergesort(MERGESORT.java:47)
	at java_programs.MERGESORT.mergesort(MERGESORT.java:47)
	at java_programs.MERGESORT.mergesort(MERGESORT.java:47)
	at java_programs.MERGESORT.mergesort(MERGESORT.java:47)
	at java_programs.MERGESORT.mergesort(MERGESORT.java:47)
	at java_programs.MERGESORT.mergesort(MERGESORT.java:47)
	at java_programs.MERGESORT.mergesort(MERGESORT.java:47)
	at java_programs.MERGESORT.mergesort(MERGESORT.java:47)
	at java_programs.MERGESORT.mergesort(MERGESORT.java:47)
	at java_programs.MERGESORT.mergesort(MERGESORT.java:47)
	at java_programs.MERGESORT.mergesort(MERGESORT.java:47)
	at java_programs.MERGESORT.mergesort(MERGESORT.java:47)
	at java_programs.MERGESORT.mergesort(MERGESORT.java:47)
	at java_programs.MERGESORT.mergesort(MERGESORT.java:47)
	at java_programs.MERGESORT.mergesort(MERGESORT.java:47)
	at java_programs.MERGESORT.mergesort(MERGESORT.java:47)
	at java_programs.MERGESORT.mergesort(MERGESORT.java:47)
	at java_programs.MERGESORT.mergesort(MERGESORT.java:47)
	at java_programs.MERGESORT.mergesort(MERGESORT.java:47)
	at java_programs.MERGESORT.mergesort(MERGESORT.java:47)
	at java_programs.MERGESORT.mergesort(MERGESORT.java:47)
	at java_programs.MERGESORT.mergesort(MERGESORT.java:47)
	at java_programs.MERGESORT.mergesort(MERGESORT.java:47)
	at java_programs.MERGESORT.mergesort(MERGESORT.java:47)
	at java_programs.MERGESORT.mergesort(MERGESORT.java:47)
	at java_programs.MERGESORT.mergesort(MERGESORT.java:47)
	at java_programs.MERGESORT.mergesort(MERGESORT.java:47)
	at java_programs.MERGESORT.mergesort(MERGESORT.java:47)
	at java_programs.MERGESORT.mergesort(MERGESORT.java:47)
	at java_programs.MERGESORT.mergesort(MERGESORT.java:47)
	at java_programs.MERGESORT.mergesort(MERGESORT.java:47)
	at java_programs.MERGESORT.mergesort(MERGESORT.java:47)
	at java_programs.MERGESORT.mergesort(MERGESORT.java:47)
	at java_programs.MERGESORT.mergesort(MERGESORT.java:47)
	at java_programs.MERGESORT.mergesort(MERGESORT.java:47)
	at java_programs.MERGESORT.mergesort(MERGESORT.java:47)
	at java_programs.MERGESORT.mergesort(MERGESORT.java:47)
	at java_programs.MERGESORT.mergesort(MERGESORT.java:47)
	at java_programs.MERGESORT.mergesort(MERGESORT.java:47)
	at java_programs.MERGESORT.mergesort(MERGESORT.java:47)
	at java_programs.MERGESORT.mergesort(MERGESORT.java:47)
	at java_programs.MERGESORT.mergesort(MERGESORT.java:47)
	at java_programs.MERGESORT.mergesort(MERGESORT.java:47)
	at java_programs.MERGESORT.mergesort(MERGESORT.java:47)
	at java_programs.MERGESORT.mergesort(MERGESORT.java:47)
	at java_programs.MERGESORT.mergesort(MERGESORT.java:47)
	at java_programs.MERGESORT.mergesort(MERGESORT.java:47)
	at java_programs.MERGESORT.mergesort(MERGESORT.java:47)
	at java_programs.MERGESORT.mergesort(MERGESORT.java:47)
	at java_programs.MERGESORT.mergesort(MERGESORT.java:47)
	at java_programs.MERGESORT.mergesort(MERGESORT.java:47)
	at java_programs.MERGESORT.mergesort(MERGESORT.java:47)
	at java_programs.MERGESORT.mergesort(MERGESORT.java:47)
	at java_programs.MERGESORT.mergesort(MERGESORT.java:47)
	at java_programs.MERGESORT.mergesort(MERGESORT.java:47)
	at java_programs.MERGESORT.mergesort(MERGESORT.java:47)
	at java_programs.MERGESORT.mergesort(MERGESORT.java:47)
	at java_programs.MERGESORT.mergesort(MERGESORT.java:47)
	at java_programs.MERGESORT.mergesort(MERGESORT.java:47)
	at java_programs.MERGESORT.mergesort(MERGESORT.java:47)
	at java_programs.MERGESORT.mergesort(MERGESORT.java:47)
	at java_programs.MERGESORT.mergesort(MERGESORT.java:47)
	at java_programs.MERGESORT.mergesort(MERGESORT.java:47)
	at java_programs.MERGESORT.mergesort(MERGESORT.java:47)
	at java_programs.MERGESORT.mergesort(MERGESORT.java:47)
	at java_programs.MERGESORT.mergesort(MERGESORT.java:47)
	at java_programs.MERGESORT.mergesort(MERGESORT.java:47)
	at java_programs.MERGESORT.mergesort(MERGESORT.java:47)
	at java_programs.MERGESORT.mergesort(MERGESORT.java:47)
	at java_programs.MERGESORT.mergesort(MERGESORT.java:47)
	at java_programs.MERGESORT.mergesort(MERGESORT.java:47)
	at java_programs.MERGESORT.mergesort(MERGESORT.java:47)
	at java_programs.MERGESORT.mergesort(MERGESORT.java:47)
	at java_programs.MERGESORT.mergesort(MERGESORT.java:47)
	at java_programs.MERGESORT.mergesort(MERGESORT.java:47)
	at java_programs.MERGESORT.mergesort(MERGESORT.java:47)
	at java_programs.MERGESORT.mergesort(MERGESORT.java:47)
	at java_programs.MERGESORT.mergesort(MERGESORT.java:47)
	at java_programs.MERGESORT.mergesort(MERGESORT.java:47)
	at java_programs.MERGESORT.mergesort(MERGESORT.java:47)
	at java_programs.MERGESORT.mergesort(MERGESORT.java:47)
	at java_programs.MERGESORT.mergesort(MERGESORT.java:47)
	at java_programs.MERGESORT.mergesort(MERGESORT.java:47)
	at java_programs.MERGESORT.mergesort(MERGESORT.java:47)
	at java_programs.MERGESORT.mergesort(MERGESORT.java:47)
	at java_programs.MERGESORT.mergesort(MERGESORT.java:47)
	at java_programs.MERGESORT.mergesort(MERGESORT.java:47)
	at java_programs.MERGESORT.mergesort(MERGESORT.java:47)
	at java_programs.MERGESORT.mergesort(MERGESORT.java:47)
	at java_programs.MERGESORT.mergesort(MERGESORT.java:47)
	at java_programs.MERGESORT.mergesort(MERGESORT.java:47)
	at java_programs.MERGESORT.mergesort(MERGESORT.java:47)
	at java_programs.MERGESORT.mergesort(MERGESORT.java:47)
	at java_programs.MERGESORT.mergesort(MERGESORT.java:47)
	at java_programs.MERGESORT.mergesort(MERGESORT.java:47)
	at java_programs.MERGESORT.mergesort(MERGESORT.java:47)
	at java_programs.MERGESORT.mergesort(MERGESORT.java:47)
	at java_programs.MERGESORT.mergesort(MERGESORT.java:47)
	at java_programs.MERGESORT.mergesort(MERGESORT.java:47)
	at java_programs.MERGESORT.mergesort(MERGESORT.java:47)
	at java_programs.MERGESORT.mergesort(MERGESORT.java:47)
	at java_programs.MERGESORT.mergesort(MERGESORT.java:47)
	at java_programs.MERGESORT.mergesort(MERGESORT.java:47)
	at java_programs.MERGESORT.mergesort(MERGESORT.java:47)
	at java_programs.MERGESORT.mergesort(MERGESORT.java:47)
	at java_programs.MERGESORT.mergesort(MERGESORT.java:47)
	at java_programs.MERGESORT.mergesort(MERGESORT.java:47)
	at java_programs.MERGESORT.mergesort(MERGESORT.java:47)
	at java_programs.MERGESORT.mergesort(MERGESORT.java:47)
	at java_programs.MERGESORT.mergesort(MERGESORT.java:47)
	at java_programs.MERGESORT.mergesort(MERGESORT.java:47)
	at java_programs.MERGESORT.mergesort(MERGESORT.java:47)
	at java_programs.MERGESORT.mergesort(MERGESORT.java:47)
	at java_programs.MERGESORT.mergesort(MERGESORT.java:47)
	at java_programs.MERGESORT.mergesort(MERGESORT.java:47)
	at java_programs.MERGESORT.mergesort(MERGESORT.java:47)
	at java_programs.MERGESORT.mergesort(MERGESORT.java:47)
	at java_programs.MERGESORT.mergesort(MERGESORT.java:47)
	at java_programs.MERGESORT.mergesort(MERGESORT.java:47)
	at java_programs.MERGESORT.mergesort(MERGESORT.java:47)
	at java_programs.MERGESORT.mergesort(MERGESORT.java:47)
	at java_programs.MERGESORT.mergesort(MERGESORT.java:47)
	at java_programs.MERGESORT.mergesort(MERGESORT.java:47)
	at java_programs.MERGESORT.mergesort(MERGESORT.java:47)
	at java_programs.MERGESORT.mergesort(MERGESORT.java:47)
	at java_programs.MERGESORT.mergesort(MERGESORT.java:47)
	at java_programs.MERGESORT.mergesort(MERGESORT.java:47)
	at java_programs.MERGESORT.mergesort(MERGESORT.java:47)
	at java_programs.MERGESORT.mergesort(MERGESORT.java:47)
	at java_programs.MERGESORT.mergesort(MERGESORT.java:47)
	at java_programs.MERGESORT.mergesort(MERGESORT.java:47)
	at java_programs.MERGESORT.mergesort(MERGESORT.java:47)
	at java_programs.MERGESORT.mergesort(MERGESORT.java:47)
	at java_programs.MERGESORT.mergesort(MERGESORT.java:47)
	at java_programs.MERGESORT.mergesort(MERGESORT.java:47)
	at java_programs.MERGESORT.mergesort(MERGESORT.java:47)
	at java_programs.MERGESORT.mergesort(MERGESORT.java:47)
	at java_programs.MERGESORT.mergesort(MERGESORT.java:47)
	at java_programs.MERGESORT.mergesort(MERGESORT.java:47)
	at java_programs.MERGESORT.mergesort(MERGESORT.java:47)
	at java_programs.MERGESORT.mergesort(MERGESORT.java:47)
	at java_programs.MERGESORT.mergesort(MERGESORT.java:47)
	at java_programs.MERGESORT.mergesort(MERGESORT.java:47)
	at java_programs.MERGESORT.mergesort(MERGESORT.java:47)
	at java_programs.MERGESORT.mergesort(MERGESORT.java:47)
	at java_programs.MERGESORT.mergesort(MERGESORT.java:47)
	at java_programs.MERGESORT.mergesort(MERGESORT.java:47)
	at java_programs.MERGESORT.mergesort(MERGESORT.java:47)
	at java_programs.MERGESORT.mergesort(MERGESORT.java:47)
	at java_programs.MERGESORT.mergesort(MERGESORT.java:47)
	at java_programs.MERGESORT.mergesort(MERGESORT.java:47)
	at java_programs.MERGESORT.mergesort(MERGESORT.java:47)
	at java_programs.MERGESORT.mergesort(MERGESORT.java:47)
	at java_programs.MERGESORT.mergesort(MERGESORT.java:47)
	at java_programs.MERGESORT.mergesort(MERGESORT.java:47)
	at java_programs.MERGESORT.mergesort(MERGESORT.java:47)
	at java_programs.MERGESORT.mergesort(MERGESORT.java:47)
	at java_programs.MERGESORT.mergesort(MERGESORT.java:47)
	at java_programs.MERGESORT.mergesort(MERGESORT.java:47)
	at java_programs.MERGESORT.mergesort(MERGESORT.java:47)
	at java_programs.MERGESORT.mergesort(MERGESORT.java:47)
	at java_programs.MERGESORT.mergesort(MERGESORT.java:47)
	at java_programs.MERGESORT.mergesort(MERGESORT.java:47)
	at java_programs.MERGESORT.mergesort(MERGESORT.java:47)
	at java_programs.MERGESORT.mergesort(MERGESORT.java:47)
	at java_programs.MERGESORT.mergesort(MERGESORT.java:47)
	at java_programs.MERGESORT.mergesort(MERGESORT.java:47)
	at java_programs.MERGESORT.mergesort(MERGESORT.java:47)
	at java_programs.MERGESORT.mergesort(MERGESORT.java:47)
	at java_programs.MERGESORT.mergesort(MERGESORT.java:47)
	at java_programs.MERGESORT.mergesort(MERGESORT.java:47)
	at java_programs.MERGESORT.mergesort(MERGESORT.java:47)
	at java_programs.MERGESORT.mergesort(MERGESORT.java:47)
	at java_programs.MERGESORT.mergesort(MERGESORT.java:47)
	at java_programs.MERGESORT.mergesort(MERGESORT.java:47)
	at java_programs.MERGESORT.mergesort(MERGESORT.java:47)
	at java_programs.MERGESORT.mergesort(MERGESORT.java:47)
	at java_programs.MERGESORT.mergesort(MERGESORT.java:47)
	at java_programs.MERGESORT.mergesort(MERGESORT.java:47)
	at java_programs.MERGESORT.mergesort(MERGESORT.java:47)
	at java_programs.MERGESORT.mergesort(MERGESORT.java:47)
	at java_programs.MERGESORT.mergesort(MERGESORT.java:47)
	at java_programs.MERGESORT.mergesort(MERGESORT.java:47)
	at java_programs.MERGESORT.mergesort(MERGESORT.java:47)
	at java_programs.MERGESORT.mergesort(MERGESORT.java:47)
	at java_programs.MERGESORT.mergesort(MERGESORT.java:47)
	at java_programs.MERGESORT.mergesort(MERGESORT.java:47)
	at java_programs.MERGESORT.mergesort(MERGESORT.java:47)
	at java_programs.MERGESORT.mergesort(MERGESORT.java:47)
	at java_programs.MERGESORT.mergesort(MERGESORT.java:47)
	at java_programs.MERGESORT.mergesort(MERGESORT.java:47)
	at java_programs.MERGESORT.mergesort(MERGESORT.java:47)
	at java_programs.MERGESORT.mergesort(MERGESORT.java:47)
	at java_programs.MERGESORT.mergesort(MERGESORT.java:47)
	at java_programs.MERGESORT.mergesort(MERGESORT.java:47)
	at java_programs.MERGESORT.mergesort(MERGESORT.java:47)
	at java_programs.MERGESORT.mergesort(MERGESORT.java:47)
	at java_programs.MERGESORT.mergesort(MERGESORT.java:47)
	at java_programs.MERGESORT.mergesort(MERGESORT.java:47)
	at java_programs.MERGESORT.mergesort(MERGESORT.java:47)
	at java_programs.MERGESORT.mergesort(MERGESORT.java:47)
	at java_programs.MERGESORT.mergesort(MERGESORT.java:47)
	at java_programs.MERGESORT.mergesort(MERGESORT.java:47)
	at java_programs.MERGESORT.mergesort(MERGESORT.java:47)
	at java_programs.MERGESORT.mergesort(MERGESORT.java:47)
	at java_programs.MERGESORT.mergesort(MERGESORT.java:47)
	at java_programs.MERGESORT.mergesort(MERGESORT.java:47)
	at java_programs.MERGESORT.mergesort(MERGESORT.java:47)
	at java_programs.MERGESORT.mergesort(MERGESORT.java:47)
	at java_programs.MERGESORT.mergesort(MERGESORT.java:47)
	at java_programs.MERGESORT.mergesort(MERGESORT.java:47)
	at java_programs.MERGESORT.mergesort(MERGESORT.java:47)
	at java_programs.MERGESORT.mergesort(MERGESORT.java:47)
	at java_programs.MERGESORT.mergesort(MERGESORT.java:47)
	at java_programs.MERGESORT.mergesort(MERGESORT.java:47)
	at java_programs.MERGESORT.mergesort(MERGESORT.java:47)
	at java_programs.MERGESORT.mergesort(MERGESORT.java:47)
	at java_programs.MERGESORT.mergesort(MERGESORT.java:47)
	at java_programs.MERGESORT.mergesort(MERGESORT.java:47)
	at java_programs.MERGESORT.mergesort(MERGESORT.java:47)
	at java_programs.MERGESORT.mergesort(MERGESORT.java:47)
	at java_programs.MERGESORT.mergesort(MERGESORT.java:47)
	at java_programs.MERGESORT.mergesort(MERGESORT.java:47)
	at java_programs.MERGESORT.mergesort(MERGESORT.java:47)
	at java_programs.MERGESORT.mergesort(MERGESORT.java:47)
	at java_programs.MERGESORT.mergesort(MERGESORT.java:47)
	at java_programs.MERGESORT.mergesort(MERGESORT.java:47)
	at java_programs.MERGESORT.mergesort(MERGESORT.java:47)
	at java_programs.MERGESORT.mergesort(MERGESORT.java:47)
	at java_programs.MERGESORT.mergesort(MERGESORT.java:47)
	at java_programs.MERGESORT.mergesort(MERGESORT.java:47)
	at java_programs.MERGESORT.mergesort(MERGESORT.java:47)
	at java_programs.MERGESORT.mergesort(MERGESORT.java:47)
	at java_programs.MERGESORT.mergesort(MERGESORT.java:47)
	at java_programs.MERGESORT.mergesort(MERGESORT.java:47)
	at java_programs.MERGESORT.mergesort(MERGESORT.java:47)
	at java_programs.MERGESORT.mergesort(MERGESORT.java:47)
	at java_programs.MERGESORT.mergesort(MERGESORT.java:47)
	at java_programs.MERGESORT.mergesort(MERGESORT.java:47)
	at java_programs.MERGESORT.mergesort(MERGESORT.java:47)
	at java_programs.MERGESORT.mergesort(MERGESORT.java:47)
	at java_programs.MERGESORT.mergesort(MERGESORT.java:47)
	at java_programs.MERGESORT.mergesort(MERGESORT.java:47)
	at java_programs.MERGESORT.mergesort(MERGESORT.java:47)
	at java_programs.MERGESORT.mergesort(MERGESORT.java:47)
	at java_programs.MERGESORT.mergesort(MERGESORT.java:47)
	at java_programs.MERGESORT.mergesort(MERGESORT.java:47)
	at java_programs.MERGESORT.mergesort(MERGESORT.java:47)
	at java_programs.MERGESORT.mergesort(MERGESORT.java:47)
	at java_programs.MERGESORT.mergesort(MERGESORT.java:47)
	at java_programs.MERGESORT.mergesort(MERGESORT.java:47)
	at java_programs.MERGESORT.mergesort(MERGESORT.java:47)
	at java_programs.MERGESORT.mergesort(MERGESORT.java:47)
	at java_programs.MERGESORT.mergesort(MERGESORT.java:47)
	at java_programs.MERGESORT.mergesort(MERGESORT.java:47)
	at java_programs.MERGESORT.mergesort(MERGESORT.java:47)
	at java_programs.MERGESORT.mergesort(MERGESORT.java:47)
	at java_programs.MERGESORT.mergesort(MERGESORT.java:47)
	at java_programs.MERGESORT.mergesort(MERGESORT.java:47)
	at java_programs.MERGESORT.mergesort(MERGESORT.java:47)
	at java_programs.MERGESORT.mergesort(MERGESORT.java:47)
	at java_programs.MERGESORT.mergesort(MERGESORT.java:47)
	at java_programs.MERGESORT.mergesort(MERGESORT.java:47)
	at java_programs.MERGESORT.mergesort(MERGESORT.java:47)
	at java_programs.MERGESORT.mergesort(MERGESORT.java:47)
	at java_programs.MERGESORT.mergesort(MERGESORT.java:47)
	at java_programs.MERGESORT.mergesort(MERGESORT.java:47)
	at java_programs.MERGESORT.mergesort(MERGESORT.java:47)
	at java_programs.MERGESORT.mergesort(MERGESORT.java:47)
	at java_programs.MERGESORT.mergesort(MERGESORT.java:47)
	at java_programs.MERGESORT.mergesort(MERGESORT.java:47)
	at java_programs.MERGESORT.mergesort(MERGESORT.java:47)
	at java_programs.MERGESORT.mergesort(MERGESORT.java:47)
	at java_programs.MERGESORT.mergesort(MERGESORT.java:47)
	at java_programs.MERGESORT.mergesort(MERGESORT.java:47)
	at java_programs.MERGESORT.mergesort(MERGESORT.java:47)
	at java_programs.MERGESORT.mergesort(MERGESORT.java:47)
	at java_programs.MERGESORT.mergesort(MERGESORT.java:47)
	at java_programs.MERGESORT.mergesort(MERGESORT.java:47)
	at java_programs.MERGESORT.mergesort(MERGESORT.java:47)
	at java_programs.MERGESORT.mergesort(MERGESORT.java:47)
	at java_programs.MERGESORT.mergesort(MERGESORT.java:47)
	at java_programs.MERGESORT.mergesort(MERGESORT.java:47)
	at java_programs.MERGESORT.mergesort(MERGESORT.java:47)
	at java_programs.MERGESORT.mergesort(MERGESORT.java:47)
	at java_programs.MERGESORT.mergesort(MERGESORT.java:47)
	at java_programs.MERGESORT.mergesort(MERGESORT.java:47)
	at java_programs.MERGESORT.mergesort(MERGESORT.java:47)
	at java_programs.MERGESORT.mergesort(MERGESORT.java:47)
	at java_programs.MERGESORT.mergesort(MERGESORT.java:47)
	at java_programs.MERGESORT.mergesort(MERGESORT.java:47)
	at java_programs.MERGESORT.mergesort(MERGESORT.java:47)
	at java_programs.MERGESORT.mergesort(MERGESORT.java:47)
	at java_programs.MERGESORT.mergesort(MERGESORT.java:47)
	at java_programs.MERGESORT.mergesort(MERGESORT.java:47)
	at java_programs.MERGESORT.mergesort(MERGESORT.java:47)
	at java_programs.MERGESORT.mergesort(MERGESORT.java:47)
	at java_programs.MERGESORT.mergesort(MERGESORT.java:47)
	at java_programs.MERGESORT.mergesort(MERGESORT.java:47)
	at java_programs.MERGESORT.mergesort(MERGESORT.java:47)
	at java_programs.MERGESORT.mergesort(MERGESORT.java:47)
	at java_programs.MERGESORT.mergesort(MERGESORT.java:47)
	at java_programs.MERGESORT.mergesort(MERGESORT.java:47)
	at java_programs.MERGESORT.mergesort(MERGESORT.java:47)
	at java_programs.MERGESORT.mergesort(MERGESORT.java:47)
	at java_programs.MERGESORT.mergesort(MERGESORT.java:47)
	at java_programs.MERGESORT.mergesort(MERGESORT.java:47)
	at java_programs.MERGESORT.mergesort(MERGESORT.java:47)
	at java_programs.MERGESORT.mergesort(MERGESORT.java:47)
	at java_programs.MERGESORT.mergesort(MERGESORT.java:47)
	at java_programs.MERGESORT.mergesort(MERGESORT.java:47)
	at java_programs.MERGESORT.mergesort(MERGESORT.java:47)
	at java_programs.MERGESORT.mergesort(MERGESORT.java:47)
	at java_programs.MERGESORT.mergesort(MERGESORT.java:47)
	at java_programs.MERGESORT.mergesort(MERGESORT.java:47)
	at java_programs.MERGESORT.mergesort(MERGESORT.java:47)
	at java_programs.MERGESORT.mergesort(MERGESORT.java:47)
	at java_programs.MERGESORT.mergesort(MERGESORT.java:47)
	at java_programs.MERGESORT.mergesort(MERGESORT.java:47)
	at java_programs.MERGESORT.mergesort(MERGESORT.java:47)
	at java_programs.MERGESORT.mergesort(MERGESORT.java:47)
	at java_programs.MERGESORT.mergesort(MERGESORT.java:47)
	at java_programs.MERGESORT.mergesort(MERGESORT.java:47)
	at java_programs.MERGESORT.mergesort(MERGESORT.java:47)
	at java_programs.MERGESORT.mergesort(MERGESORT.java:47)
	at java_programs.MERGESORT.mergesort(MERGESORT.java:47)
	at java_programs.MERGESORT.mergesort(MERGESORT.java:47)
	at java_programs.MERGESORT.mergesort(MERGESORT.java:47)
	at java_programs.MERGESORT.mergesort(MERGESORT.java:47)
	at java_programs.MERGESORT.mergesort(MERGESORT.java:47)
	at java_programs.MERGESORT.mergesort(MERGESORT.java:47)
	at java_programs.MERGESORT.mergesort(MERGESORT.java:47)
	at java_programs.MERGESORT.mergesort(MERGESORT.java:47)
	at java_programs.MERGESORT.mergesort(MERGESORT.java:47)
	at java_programs.MERGESORT.mergesort(MERGESORT.java:47)
	at java_programs.MERGESORT.mergesort(MERGESORT.java:47)
	at java_programs.MERGESORT.mergesort(MERGESORT.java:47)
	at java_programs.MERGESORT.mergesort(MERGESORT.java:47)
	at java_programs.MERGESORT.mergesort(MERGESORT.java:47)
	at java_programs.MERGESORT.mergesort(MERGESORT.java:47)
	at java_programs.MERGESORT.mergesort(MERGESORT.java:47)
	at java_programs.MERGESORT.mergesort(MERGESORT.java:47)
	at java_programs.MERGESORT.mergesort(MERGESORT.java:47)
	at java_programs.MERGESORT.mergesort(MERGESORT.java:47)
	at java_programs.MERGESORT.mergesort(MERGESORT.java:47)
	at java_programs.MERGESORT.mergesort(MERGESORT.java:47)
	at java_programs.MERGESORT.mergesort(MERGESORT.java:47)
	at java_programs.MERGESORT.mergesort(MERGESORT.java:47)
	at java_programs.MERGESORT.mergesort(MERGESORT.java:47)
	at java_programs.MERGESORT.mergesort(MERGESORT.java:47)
	at java_programs.MERGESORT.mergesort(MERGESORT.java:47)
	at java_programs.MERGESORT.mergesort(MERGESORT.java:47)
	at java_programs.MERGESORT.mergesort(MERGESORT.java:47)
	at java_programs.MERGESORT.mergesort(MERGESORT.java:47)
	at java_programs.MERGESORT.mergesort(MERGESORT.java:47)
	at java_programs.MERGESORT.mergesort(MERGESORT.java:47)
	at java_programs.MERGESORT.mergesort(MERGESORT.java:47)
	at java_programs.MERGESORT.mergesort(MERGESORT.java:47)
	at java_programs.MERGESORT.mergesort(MERGESORT.java:47)
	at java_programs.MERGESORT.mergesort(MERGESORT.java:47)
	at java_programs.MERGESORT.mergesort(MERGESORT.java:47)
	at java_programs.MERGESORT.mergesort(MERGESORT.java:47)
	at java_programs.MERGESORT.mergesort(MERGESORT.java:47)
	at java_programs.MERGESORT.mergesort(MERGESORT.java:47)
	at java_programs.MERGESORT.mergesort(MERGESORT.java:47)
	at java_programs.MERGESORT.mergesort(MERGESORT.java:47)
	at java_programs.MERGESORT.mergesort(MERGESORT.java:47)
	at java_programs.MERGESORT.mergesort(MERGESORT.java:47)
	at java_programs.MERGESORT.mergesort(MERGESORT.java:47)
	at java_programs.MERGESORT.mergesort(MERGESORT.java:47)
	at java_programs.MERGESORT.mergesort(MERGESORT.java:47)
	at java_programs.MERGESORT.mergesort(MERGESORT.java:47)
	at java_programs.MERGESORT.mergesort(MERGESORT.java:47)
	at java_programs.MERGESORT.mergesort(MERGESORT.java:47)
	at java_programs.MERGESORT.mergesort(MERGESORT.java:47)
	at java_programs.MERGESORT.mergesort(MERGESORT.java:47)
	at java_programs.MERGESORT.mergesort(MERGESORT.java:47)
	at java_programs.MERGESORT.mergesort(MERGESORT.java:47)
	at java_programs.MERGESORT.mergesort(MERGESORT.java:47)
	at java_programs.MERGESORT.mergesort(MERGESORT.java:47)
	at java_programs.MERGESORT.mergesort(MERGESORT.java:47)
	at java_programs.MERGESORT.mergesort(MERGESORT.java:47)
	at java_programs.MERGESORT.mergesort(MERGESORT.java:47)
	at java_programs.MERGESORT.mergesort(MERGESORT.java:47)
	at java_programs.MERGESORT.mergesort(MERGESORT.java:47)
	at java_programs.MERGESORT.mergesort(MERGESORT.java:47)
	at java_programs.MERGESORT.mergesort(MERGESORT.java:47)
	at java_programs.MERGESORT.mergesort(MERGESORT.java:47)
	at java_programs.MERGESORT.mergesort(MERGESORT.java:47)
	at java_programs.MERGESORT.mergesort(MERGESORT.java:47)
	at java_programs.MERGESORT.mergesort(MERGESORT.java:47)
	at java_programs.MERGESORT.mergesort(MERGESORT.java:47)
	at java_programs.MERGESORT.mergesort(MERGESORT.java:47)
	at java_programs.MERGESORT.mergesort(MERGESORT.java:47)
	at java_programs.MERGESORT.mergesort(MERGESORT.java:47)
	at java_programs.MERGESORT.mergesort(MERGESORT.java:47)
	at java_programs.MERGESORT.mergesort(MERGESORT.java:47)
	at java_programs.MERGESORT.mergesort(MERGESORT.java:47)
	at java_programs.MERGESORT.mergesort(MERGESORT.java:47)
	at java_programs.MERGESORT.mergesort(MERGESORT.java:47)
	at java_programs.MERGESORT.mergesort(MERGESORT.java:47)
	at java_programs.MERGESORT.mergesort(MERGESORT.java:47)
	at java_programs.MERGESORT.mergesort(MERGESORT.java:47)
	at java_programs.MERGESORT.mergesort(MERGESORT.java:47)
	at java_programs.MERGESORT.mergesort(MERGESORT.java:47)
	at java_programs.MERGESORT.mergesort(MERGESORT.java:47)
	at java_programs.MERGESORT.mergesort(MERGESORT.java:47)
	at java_programs.MERGESORT.mergesort(MERGESORT.java:47)
	at java_programs.MERGESORT.mergesort(MERGESORT.java:47)
	at java_programs.MERGESORT.mergesort(MERGESORT.java:47)
	at java_programs.MERGESORT.mergesort(MERGESORT.java:47)
	at java_programs.MERGESORT.mergesort(MERGESORT.java:47)
	at java_programs.MERGESORT.mergesort(MERGESORT.java:47)
	at java_programs.MERGESORT.mergesort(MERGESORT.java:47)
	at java_programs.MERGESORT.mergesort(MERGESORT.java:47)
	at java_programs.MERGESORT.mergesort(MERGESORT.java:47)
	at java_programs.MERGESORT.mergesort(MERGESORT.java:47)
	at java_programs.MERGESORT.mergesort(MERGESORT.java:47)
	at java_programs.MERGESORT.mergesort(MERGESORT.java:47)
	at java_programs.MERGESORT.mergesort(MERGESORT.java:47)
	at java_programs.MERGESORT.mergesort(MERGESORT.java:47)
	at java_programs.MERGESORT.mergesort(MERGESORT.java:47)
	at java_programs.MERGESORT.mergesort(MERGESORT.java:47)
	at java_programs.MERGESORT.mergesort(MERGESORT.java:47)
	at java_programs.MERGESORT.mergesort(MERGESORT.java:47)
	at java_programs.MERGESORT.mergesort(MERGESORT.java:47)
	at java_programs.MERGESORT.mergesort(MERGESORT.java:47)
	at java_programs.MERGESORT.mergesort(MERGESORT.java:47)
	at java_programs.MERGESORT.mergesort(MERGESORT.java:47)
	at java_programs.MERGESORT.mergesort(MERGESORT.java:47)
	at java_programs.MERGESORT.mergesort(MERGESORT.java:47)
	at java_programs.MERGESORT.mergesort(MERGESORT.java:47)
	at java_programs.MERGESORT.mergesort(MERGESORT.java:47)
	at java_programs.MERGESORT.mergesort(MERGESORT.java:47)
	at java_programs.MERGESORT.mergesort(MERGESORT.java:47)
	at java_programs.MERGESORT.mergesort(MERGESORT.java:47)
	at java_programs.MERGESORT.mergesort(MERGESORT.java:47)
	at java_programs.MERGESORT.mergesort(MERGESORT.java:47)
	at java_programs.MERGESORT.mergesort(MERGESORT.java:47)
	at java_programs.MERGESORT.mergesort(MERGESORT.java:47)
	at java_programs.MERGESORT.mergesort(MERGESORT.java:47)
	at java_programs.MERGESORT.mergesort(MERGESORT.java:47)
	at java_programs.MERGESORT.mergesort(MERGESORT.java:47)
	at java_programs.MERGESORT.mergesort(MERGESORT.java:47)
	at java_programs.MERGESORT.mergesort(MERGESORT.java:47)
	at java_programs.MERGESORT.mergesort(MERGESORT.java:47)
	at java_programs.MERGESORT.mergesort(MERGESORT.java:47)
	at java_programs.MERGESORT.mergesort(MERGESORT.java:47)
	at java_programs.MERGESORT.mergesort(MERGESORT.java:47)
	at java_programs.MERGESORT.mergesort(MERGESORT.java:47)
	at java_programs.MERGESORT.mergesort(MERGESORT.java:47)
	at java_programs.MERGESORT.mergesort(MERGESORT.java:47)
	at java_programs.MERGESORT.mergesort(MERGESORT.java:47)
	at java_programs.MERGESORT.mergesort(MERGESORT.java:47)
	at java_programs.MERGESORT.mergesort(MERGESORT.java:47)
	at java_programs.MERGESORT.mergesort(MERGESORT.java:47)
	at java_programs.MERGESORT.mergesort(MERGESORT.java:47)
	at java_programs.MERGESORT.mergesort(MERGESORT.java:47)
	at java_programs.MERGESORT.mergesort(MERGESORT.java:47)
	at java_programs.MERGESORT.mergesort(MERGESORT.java:47)
	at java_programs.MERGESORT.mergesort(MERGESORT.java:47)
	at java_programs.MERGESORT.mergesort(MERGESORT.java:47)
	at java_programs.MERGESORT.mergesort(MERGESORT.java:47)
	at java_programs.MERGESORT.mergesort(MERGESORT.java:47)
	at java_programs.MERGESORT.mergesort(MERGESORT.java:47)
	at java_programs.MERGESORT.mergesort(MERGESORT.java:47)
	at java_programs.MERGESORT.mergesort(MERGESORT.java:47)
	at java_programs.MERGESORT.mergesort(MERGESORT.java:47)
	at java_programs.MERGESORT.mergesort(MERGESORT.java:47)
	at java_programs.MERGESORT.mergesort(MERGESORT.java:47)
	at java_programs.MERGESORT.mergesort(MERGESORT.java:47)
	at java_programs.MERGESORT.mergesort(MERGESORT.java:47)
	at java_programs.MERGESORT.mergesort(MERGESORT.java:47)
	at java_programs.MERGESORT.mergesort(MERGESORT.java:47)
	at java_programs.MERGESORT.mergesort(MERGESORT.java:47)
	at java_programs.MERGESORT.mergesort(MERGESORT.java:47)
	at java_programs.MERGESORT.mergesort(MERGESORT.java:47)
	at java_programs.MERGESORT.mergesort(MERGESORT.java:47)
	at java_programs.MERGESORT.mergesort(MERGESORT.java:47)
	at java_programs.MERGESORT.mergesort(MERGESORT.java:47)
	at java_programs.MERGESORT.mergesort(MERGESORT.java:47)
	at java_programs.MERGESORT.mergesort(MERGESORT.java:47)
	at java_programs.MERGESORT.mergesort(MERGESORT.java:47)
	at java_programs.MERGESORT.mergesort(MERGESORT.java:47)
	at java_programs.MERGESORT.mergesort(MERGESORT.java:47)
	at java_programs.MERGESORT.mergesort(MERGESORT.java:47)
	at java_programs.MERGESORT.mergesort(MERGESORT.java:47)
	at java_programs.MERGESORT.mergesort(MERGESORT.java:47)
	at java_programs.MERGESORT.mergesort(MERGESORT.java:47)
	at java_programs.MERGESORT.mergesort(MERGESORT.java:47)
	at java_programs.MERGESORT.mergesort(MERGESORT.java:47)
	at java_programs.MERGESORT.mergesort(MERGESORT.java:47)
	at java_programs.MERGESORT.mergesort(MERGESORT.java:47)
	at java_programs.MERGESORT.mergesort(MERGESORT.java:47)
	at java_programs.MERGESORT.mergesort(MERGESORT.java:47)
	at java_programs.MERGESORT.mergesort(MERGESORT.java:47)
	at java_programs.MERGESORT.mergesort(MERGESORT.java:47)
	at java_programs.MERGESORT.mergesort(MERGESORT.java:47)
	at java_programs.MERGESORT.mergesort(MERGESORT.java:47)
	at java_programs.MERGESORT.mergesort(MERGESORT.java:47)
	at java_programs.MERGESORT.mergesort(MERGESORT.java:47)
	at java_programs.MERGESORT.mergesort(MERGESORT.java:47)
	at java_programs.MERGESORT.mergesort(MERGESORT.java:47)
	at java_programs.MERGESORT.mergesort(MERGESORT.java:47)
	at java_programs.MERGESORT.mergesort(MERGESORT.java:47)
	at java_programs.MERGESORT.mergesort(MERGESORT.java:47)
	at java_programs.MERGESORT.mergesort(MERGESORT.java:47)
	at java_programs.MERGESORT.mergesort(MERGESORT.java:47)
	at java_programs.MERGESORT.mergesort(MERGESORT.java:47)
	at java_programs.MERGESORT.mergesort(MERGESORT.java:47)
	at java_programs.MERGESORT.mergesort(MERGESORT.java:47)
	at java_programs.MERGESORT.mergesort(MERGESORT.java:47)
	at java_programs.MERGESORT.mergesort(MERGESORT.java:47)
	at java_programs.MERGESORT.mergesort(MERGESORT.java:47)
	at java_programs.MERGESORT.mergesort(MERGESORT.java:47)
	at java_programs.MERGESORT.mergesort(MERGESORT.java:47)
	at java_programs.MERGESORT.mergesort(MERGESORT.java:47)
	at java_programs.MERGESORT.mergesort(MERGESORT.java:47)
	at java_programs.MERGESORT.mergesort(MERGESORT.java:47)
	at java_programs.MERGESORT.mergesort(MERGESORT.java:47)
	at java_programs.MERGESORT.mergesort(MERGESORT.java:47)
	at java_programs.MERGESORT.mergesort(MERGESORT.java:47)
	at java_programs.MERGESORT.mergesort(MERGESORT.java:47)
	at java_programs.MERGESORT.mergesort(MERGESORT.java:47)
	at java_programs.MERGESORT.mergesort(MERGESORT.java:47)
	at java_programs.MERGESORT.mergesort(MERGESORT.java:47)
	at java_programs.MERGESORT.mergesort(MERGESORT.java:47)
	at java_programs.MERGESORT.mergesort(MERGESORT.java:47)
	at java_programs.MERGESORT.mergesort(MERGESORT.java:47)
	at java_programs.MERGESORT.mergesort(MERGESORT.java:47)
	at java_programs.MERGESORT.mergesort(MERGESORT.java:47)
	at java_programs.MERGESORT.mergesort(MERGESORT.java:47)
	at java_programs.MERGESORT.mergesort(MERGESORT.java:47)
	at java_programs.MERGESORT.mergesort(MERGESORT.java:47)
	at java_programs.MERGESORT.mergesort(MERGESORT.java:47)
	at java_programs.MERGESORT.mergesort(MERGESORT.java:47)
	at java_programs.MERGESORT.mergesort(MERGESORT.java:47)
	at java_programs.MERGESORT.mergesort(MERGESORT.java:47)
	at java_programs.MERGESORT.mergesort(MERGESORT.java:47)
	at java_programs.MERGESORT.mergesort(MERGESORT.java:47)
	at java_programs.MERGESORT.mergesort(MERGESORT.java:47)
	at java_programs.MERGESORT.mergesort(MERGESORT.java:47)
	at java_programs.MERGESORT.mergesort(MERGESORT.java:47)
	at java_programs.MERGESORT.mergesort(MERGESORT.java:47)
	at java_programs.MERGESORT.mergesort(MERGESORT.java:47)
	at java_programs.MERGESORT.mergesort(MERGESORT.java:47)
	at java_programs.MERGESORT.mergesort(MERGESORT.java:47)
	at java_programs.MERGESORT.mergesort(MERGESORT.java:47)
	at java_programs.MERGESORT.mergesort(MERGESORT.java:47)
	at java_programs.MERGESORT.mergesort(MERGESORT.java:47)
	at java_programs.MERGESORT.mergesort(MERGESORT.java:47)
	at java_programs.MERGESORT.mergesort(MERGESORT.java:47)
	at java_programs.MERGESORT.mergesort(MERGESORT.java:47)
	at java_programs.MERGESORT.mergesort(MERGESORT.java:47)
	at java_programs.MERGESORT.mergesort(MERGESORT.java:47)
	at java_programs.MERGESORT.mergesort(MERGESORT.java:47)
	at java_programs.MERGESORT.mergesort(MERGESORT.java:47)
	at java_programs.MERGESORT.mergesort(MERGESORT.java:47)
	at java_programs.MERGESORT.mergesort(MERGESORT.java:47)
	at java_programs.MERGESORT.mergesort(MERGESORT.java:47)
	at java_programs.MERGESORT.mergesort(MERGESORT.java:47)
	at java_programs.MERGESORT.mergesort(MERGESORT.java:47)
	at java_programs.MERGESORT.mergesort(MERGESORT.java:47)
	at java_programs.MERGESORT.mergesort(MERGESORT.java:47)
	at java_programs.MERGESORT.mergesort(MERGESORT.java:47)
	at java_programs.MERGESORT.mergesort(MERGESORT.java:47)
	at java_programs.MERGESORT.mergesort(MERGESORT.java:47)
	at java_programs.MERGESORT.mergesort(MERGESORT.java:47)
	at java_programs.MERGESORT.mergesort(MERGESORT.java:47)
	at java_programs.MERGESORT.mergesort(MERGESORT.java:47)
	at java_programs.MERGESORT.mergesort(MERGESORT.java:47)
	at java_programs.MERGESORT.mergesort(MERGESORT.java:47)
	at java_programs.MERGESORT.mergesort(MERGESORT.java:47)
	at java_programs.MERGESORT.mergesort(MERGESORT.java:47)
	at java_programs.MERGESORT.mergesort(MERGESORT.java:47)
	at java_programs.MERGESORT.mergesort(MERGESORT.java:47)
	at java_programs.MERGESORT.mergesort(MERGESORT.java:47)
	at java_programs.MERGESORT.mergesort(MERGESORT.java:47)
	at java_programs.MERGESORT.mergesort(MERGESORT.java:47)
	at java_programs.MERGESORT.mergesort(MERGESORT.java:47)
	at java_programs.MERGESORT.mergesort(MERGESORT.java:47)
	at java_programs.MERGESORT.mergesort(MERGESORT.java:47)
	at java_programs.MERGESORT.mergesort(MERGESORT.java:47)
	at java_programs.MERGESORT.mergesort(MERGESORT.java:47)
	at java_programs.MERGESORT.mergesort(MERGESORT.java:47)
	at java_programs.MERGESORT.mergesort(MERGESORT.java:47)
	at java_programs.MERGESORT.mergesort(MERGESORT.java:47)
	at java_programs.MERGESORT.mergesort(MERGESORT.java:47)
	at java_programs.MERGESORT.mergesort(MERGESORT.java:47)
	at java_programs.MERGESORT.mergesort(MERGESORT.java:47)
	at java_programs.MERGESORT.mergesort(MERGESORT.java:47)
	at java_programs.MERGESORT.mergesort(MERGESORT.java:47)
	at java_programs.MERGESORT.mergesort(MERGESORT.java:47)
	at java_programs.MERGESORT.mergesort(MERGESORT.java:47)
	at java_programs.MERGESORT.mergesort(MERGESORT.java:47)
	at java_programs.MERGESORT.mergesort(MERGESORT.java:47)
	at java_programs.MERGESORT.mergesort(MERGESORT.java:47)
	at java_programs.MERGESORT.mergesort(MERGESORT.java:47)
	at java_programs.MERGESORT.mergesort(MERGESORT.java:47)
	at java_programs.MERGESORT.mergesort(MERGESORT.java:47)
	at java_programs.MERGESORT.mergesort(MERGESORT.java:47)
	at java_programs.MERGESORT.mergesort(MERGESORT.java:47)
	at java_programs.MERGESORT.mergesort(MERGESORT.java:47)
	at java_programs.MERGESORT.mergesort(MERGESORT.java:47)
	at java_programs.MERGESORT.mergesort(MERGESORT.java:47)
	at java_programs.MERGESORT.mergesort(MERGESORT.java:47)
	at java_programs.MERGESORT.mergesort(MERGESORT.java:47)
	at java_programs.MERGESORT.mergesort(MERGESORT.java:47)
	at java_programs.MERGESORT.mergesort(MERGESORT.java:47)
	at java_programs.MERGESORT.mergesort(MERGESORT.java:47)
	at java_programs.MERGESORT.mergesort(MERGESORT.java:47)
	at java_programs.MERGESORT.mergesort(MERGESORT.java:47)
	at java_programs.MERGESORT.mergesort(MERGESORT.java:47)
	at java_programs.MERGESORT.mergesort(MERGESORT.java:47)
	at java_programs.MERGESORT.mergesort(MERGESORT.java:47)
	at java_programs.MERGESORT.mergesort(MERGESORT.java:47)
	at java_programs.MERGESORT.mergesort(MERGESORT.java:47)
	at java_programs.MERGESORT.mergesort(MERGESORT.java:47)
	at java_programs.MERGESORT.mergesort(MERGESORT.java:47)
	at java_programs.MERGESORT.mergesort(MERGESORT.java:47)
	at java_programs.MERGESORT.mergesort(MERGESORT.java:47)
	at java_programs.MERGESORT.mergesort(MERGESORT.java:47)
	at java_programs.MERGESORT.mergesort(MERGESORT.java:47)
	at java_programs.MERGESORT.mergesort(MERGESORT.java:47)
	at java_programs.MERGESORT.mergesort(MERGESORT.java:47)
	at java_programs.MERGESORT.mergesort(MERGESORT.java:47)
	at java_programs.MERGESORT.mergesort(MERGESORT.java:47)
	at java_programs.MERGESORT.mergesort(MERGESORT.java:47)
	at java_programs.MERGESORT.mergesort(MERGESORT.java:47)
	at java_programs.MERGESORT.mergesort(MERGESORT.java:47)
	at java_programs.MERGESORT.mergesort(MERGESORT.java:47)
	at java_programs.MERGESORT.mergesort(MERGESORT.java:47)
	at java_programs.MERGESORT.mergesort(MERGESORT.java:47)
	at java_programs.MERGESORT.mergesort(MERGESORT.java:47)
	at java_programs.MERGESORT.mergesort(MERGESORT.java:47)
	at java_programs.MERGESORT.mergesort(MERGESORT.java:47)
	at java_programs.MERGESORT.mergesort(MERGESORT.java:47)
	at java_programs.MERGESORT.mergesort(MERGESORT.java:47)
	at java_programs.MERGESORT.mergesort(MERGESORT.java:47)
	at java_programs.MERGESORT.mergesort(MERGESORT.java:47)
	at java_programs.MERGESORT.mergesort(MERGESORT.java:47)
	at java_programs.MERGESORT.mergesort(MERGESORT.java:47)
	at java_programs.MERGESORT.mergesort(MERGESORT.java:47)
	at java_programs.MERGESORT.mergesort(MERGESORT.java:47)
	at java_programs.MERGESORT.mergesort(MERGESORT.java:47)
	at java_programs.MERGESORT.mergesort(MERGESORT.java:47)
	at java_programs.MERGESORT.mergesort(MERGESORT.java:47)
	at java_programs.MERGESORT.mergesort(MERGESORT.java:47)
	at java_programs.MERGESORT.mergesort(MERGESORT.java:47)
	at java_programs.MERGESORT.mergesort(MERGESORT.java:47)
	at java_programs.MERGESORT.mergesort(MERGESORT.java:47)
	at java_programs.MERGESORT.mergesort(MERGESORT.java:47)
	at java_programs.MERGESORT.mergesort(MERGESORT.java:47)
	at java_programs.MERGESORT.mergesort(MERGESORT.java:47)
	at java_programs.MERGESORT.mergesort(MERGESORT.java:47)
	at java_programs.MERGESORT.mergesort(MERGESORT.java:47)
	at java_programs.MERGESORT.mergesort(MERGESORT.java:47)
	at java_programs.MERGESORT.mergesort(MERGESORT.java:47)
	at java_programs.MERGESORT.mergesort(MERGESORT.java:47)
	at java_programs.MERGESORT.mergesort(MERGESORT.java:47)
	at java_programs.MERGESORT.mergesort(MERGESORT.java:47)
	at java_programs.MERGESORT.mergesort(MERGESORT.java:47)
	at java_programs.MERGESORT.mergesort(MERGESORT.java:47)
	at java_programs.MERGESORT.mergesort(MERGESORT.java:47)
	at java_programs.MERGESORT.mergesort(MERGESORT.java:47)
	at java_programs.MERGESORT.mergesort(MERGESORT.java:47)
	at java_programs.MERGESORT.mergesort(MERGESORT.java:47)
	at java_programs.MERGESORT.mergesort(MERGESORT.java:47)
	at java_programs.MERGESORT.mergesort(MERGESORT.java:47)
	at java_programs.MERGESORT.mergesort(MERGESORT.java:47)
	at java_programs.MERGESORT.mergesort(MERGESORT.java:47)
	at java_programs.MERGESORT.mergesort(MERGESORT.java:47)
	at java_programs.MERGESORT.mergesort(MERGESORT.java:47)
	at java_programs.MERGESORT.mergesort(MERGESORT.java:47)
	at java_programs.MERGESORT.mergesort(MERGESORT.java:47)
	at java_programs.MERGESORT.mergesort(MERGESORT.java:47)
	at java_programs.MERGESORT.mergesort(MERGESORT.java:47)
	at java_programs.MERGESORT.mergesort(MERGESORT.java:47)
	at java_programs.MERGESORT.mergesort(MERGESORT.java:47)
	at java_programs.MERGESORT.mergesort(MERGESORT.java:47)
	at java_programs.MERGESORT.mergesort(MERGESORT.java:47)
	at java_programs.MERGESORT.mergesort(MERGESORT.java:47)
	at java_programs.MERGESORT.mergesort(MERGESORT.java:47)
	at java_programs.MERGESORT.mergesort(MERGESORT.java:47)
	at java_programs.MERGESORT.mergesort(MERGESORT.java:47)
	at java_programs.MERGESORT.mergesort(MERGESORT.java:47)
	at java_programs.MERGESORT.mergesort(MERGESORT.java:47)
	at java_programs.MERGESORT.mergesort(MERGESORT.java:47)
	at java_programs.MERGESORT.mergesort(MERGESORT.java:47)
	at java_programs.MERGESORT.mergesort(MERGESORT.java:47)
	at java_programs.MERGESORT.mergesort(MERGESORT.java:47)
	at java_programs.MERGESORT.mergesort(MERGESORT.java:47)
	at java_programs.MERGESORT.mergesort(MERGESORT.java:47)
	at java_programs.MERGESORT.mergesort(MERGESORT.java:47)
	at java_programs.MERGESORT.mergesort(MERGESORT.java:47)
	at java_programs.MERGESORT.mergesort(MERGESORT.java:47)
	at java_programs.MERGESORT.mergesort(MERGESORT.java:47)
	at java_programs.MERGESORT.mergesort(MERGESORT.java:47)
	at java_programs.MERGESORT.mergesort(MERGESORT.java:47)
	at java_programs.MERGESORT.mergesort(MERGESORT.java:47)
	at java_programs.MERGESORT.mergesort(MERGESORT.java:47)
	at java_programs.MERGESORT.mergesort(MERGESORT.java:47)
	at java_programs.MERGESORT.mergesort(MERGESORT.java:47)
	at java_programs.MERGESORT.mergesort(MERGESORT.java:47)
	at java_programs.MERGESORT.mergesort(MERGESORT.java:47)
	at java_programs.MERGESORT.mergesort(MERGESORT.java:47)
	at java_programs.MERGESORT.mergesort(MERGESORT.java:47)
	at java_programs.MERGESORT.mergesort(MERGESORT.java:47)
	at java_programs.MERGESORT.mergesort(MERGESORT.java:47)
	at java_programs.MERGESORT.mergesort(MERGESORT.java:47)
	at java_programs.MERGESORT.mergesort(MERGESORT.java:47)
	at java_programs.MERGESORT.mergesort(MERGESORT.java:47)
	at java_programs.MERGESORT.mergesort(MERGESORT.java:47)
	at java_programs.MERGESORT.mergesort(MERGESORT.java:47)
	at java_programs.MERGESORT.mergesort(MERGESORT.java:47)
	at java_programs.MERGESORT.mergesort(MERGESORT.java:47)
	at java_programs.MERGESORT.mergesort(MERGESORT.java:47)
	at java_programs.MERGESORT.mergesort(MERGESORT.java:47)
	at java_programs.MERGESORT.mergesort(MERGESORT.java:47)
	at java_programs.MERGESORT.mergesort(MERGESORT.java:47)
	at java_programs.MERGESORT.mergesort(MERGESORT.java:47)
	at java_programs.MERGESORT.mergesort(MERGESORT.java:47)
	at java_programs.MERGESORT.mergesort(MERGESORT.java:47)
	at java_programs.MERGESORT.mergesort(MERGESORT.java:47)
	at java_programs.MERGESORT.mergesort(MERGESORT.java:47)
	at java_programs.MERGESORT.mergesort(MERGESORT.java:47)
	at java_programs.MERGESORT.mergesort(MERGESORT.java:47)
	at java_programs.MERGESORT.mergesort(MERGESORT.java:47)
	at java_programs.MERGESORT.mergesort(MERGESORT.java:47)
	at java_programs.MERGESORT.mergesort(MERGESORT.java:47)
	at java_programs.MERGESORT.mergesort(MERGESORT.java:47)
	at java_programs.MERGESORT.mergesort(MERGESORT.java:47)
	at java_programs.MERGESORT.mergesort(MERGESORT.java:47)
	at java_programs.MERGESORT.mergesort(MERGESORT.java:47)
	at java_programs.MERGESORT.mergesort(MERGESORT.java:47)
	at java_programs.MERGESORT.mergesort(MERGESORT.java:47)
	at java_programs.MERGESORT.mergesort(MERGESORT.java:47)
	at java_programs.MERGESORT.mergesort(MERGESORT.java:47)
	at java_programs.MERGESORT.mergesort(MERGESORT.java:47)
	at java_programs.MERGESORT.mergesort(MERGESORT.java:47)
	at java_programs.MERGESORT.mergesort(MERGESORT.java:47)
	at java_programs.MERGESORT.mergesort(MERGESORT.java:47)
	at java_programs.MERGESORT.mergesort(MERGESORT.java:47)
	at java_programs.MERGESORT.mergesort(MERGESORT.java:47)
	at java_programs.MERGESORT.mergesort(MERGESORT.java:47)
	at java_programs.MERGESORT.mergesort(MERGESORT.java:47)
	at java_programs.MERGESORT.mergesort(MERGESORT.java:47)
	at java_programs.MERGESORT.mergesort(MERGESORT.java:47)
	at java_programs.MERGESORT.mergesort(MERGESORT.java:47)
	at java_programs.MERGESORT.mergesort(MERGESORT.java:47)
	at java_programs.MERGESORT.mergesort(MERGESORT.java:47)
	at java_programs.MERGESORT.mergesort(MERGESORT.java:47)
	at java_programs.MERGESORT.mergesort(MERGESORT.java:47)
	at java_programs.MERGESORT.mergesort(MERGESORT.java:47)
	at java_programs.MERGESORT.mergesort(MERGESORT.java:47)
	at java_programs.MERGESORT.mergesort(MERGESORT.java:47)
	at java_programs.MERGESORT.mergesort(MERGESORT.java:47)
	at java_programs.MERGESORT.mergesort(MERGESORT.java:47)
	at java_programs.MERGESORT.mergesort(MERGESORT.java:47)
	at java_programs.MERGESORT.mergesort(MERGESORT.java:47)
	at java_programs.MERGESORT.mergesort(MERGESORT.java:47)
	at java_programs.MERGESORT.mergesort(MERGESORT.java:47)
	at java_programs.MERGESORT.mergesort(MERGESORT.java:47)
	at java_programs.MERGESORT.mergesort(MERGESORT.java:47)
	at java_programs.MERGESORT.mergesort(MERGESORT.java:47)
	at java_programs.MERGESORT.mergesort(MERGESORT.java:47)
	at java_programs.MERGESORT.mergesort(MERGESORT.java:47)
	at java_programs.MERGESORT.mergesort(MERGESORT.java:47)
	at java_programs.MERGESORT.mergesort(MERGESORT.java:47)
	at java_programs.MERGESORT.mergesort(MERGESORT.java:47)
	at java_programs.MERGESORT.mergesort(MERGESORT.java:47)
	at java_programs.MERGESORT.mergesort(MERGESORT.java:47)
	at java_programs.MERGESORT.mergesort(MERGESORT.java:47)
	at java_programs.MERGESORT.mergesort(MERGESORT.java:47)
	at java_programs.MERGESORT.mergesort(MERGESORT.java:47)
	at java_programs.MERGESORT.mergesort(MERGESORT.java:47)
	at java_programs.MERGESORT.mergesort(MERGESORT.java:47)
	at java_programs.MERGESORT.mergesort(MERGESORT.java:47)
	at java_programs.MERGESORT.mergesort(MERGESORT.java:47)
	at java_programs.MERGESORT.mergesort(MERGESORT.java:47)
	at java_programs.MERGESORT.mergesort(MERGESORT.java:47)
	at java_programs.MERGESORT.mergesort(MERGESORT.java:47)
	at java_programs.MERGESORT.mergesort(MERGESORT.java:47)
	at java_programs.MERGESORT.mergesort(MERGESORT.java:47)
	at java_programs.MERGESORT.mergesort(MERGESORT.java:47)
	at java_programs.MERGESORT.mergesort(MERGESORT.java:47)
	at java_programs.MERGESORT.mergesort(MERGESORT.java:47)
	at java_programs.MERGESORT.mergesort(MERGESORT.java:47)
	at java_programs.MERGESORT.mergesort(MERGESORT.java:47)
	at java_programs.MERGESORT.mergesort(MERGESORT.java:47)
	at java_programs.MERGESORT.mergesort(MERGESORT.java:47)
	at java_programs.MERGESORT.mergesort(MERGESORT.java:47)
	at java_programs.MERGESORT.mergesort(MERGESORT.java:47)
	at java_programs.MERGESORT.mergesort(MERGESORT.java:47)
	at java_programs.MERGESORT.mergesort(MERGESORT.java:47)
	at java_programs.MERGESORT.mergesort(MERGESORT.java:47)
	at java_programs.MERGESORT.mergesort(MERGESORT.java:47)
	at java_programs.MERGESORT.mergesort(MERGESORT.java:47)
	at java_programs.MERGESORT.mergesort(MERGESORT.java:47)
	at java_programs.MERGESORT.mergesort(MERGESORT.java:47)
	at java_programs.MERGESORT.mergesort(MERGESORT.java:47)
	at java_programs.MERGESORT.mergesort(MERGESORT.java:47)
	at java_programs.MERGESORT.mergesort(MERGESORT.java:47)
	at java_programs.MERGESORT.mergesort(MERGESORT.java:47)
	at java_programs.MERGESORT.mergesort(MERGESORT.java:47)
	at java_programs.MERGESORT.mergesort(MERGESORT.java:47)
	at java_programs.MERGESORT.mergesort(MERGESORT.java:47)
	at java_programs.MERGESORT.mergesort(MERGESORT.java:47)
	at java_programs.MERGESORT.mergesort(MERGESORT.java:47)
	at java_programs.MERGESORT.mergesort(MERGESORT.java:47)
	at java_programs.MERGESORT.mergesort(MERGESORT.java:47)
	at java_programs.MERGESORT.mergesort(MERGESORT.java:47)
	at java_programs.MERGESORT.mergesort(MERGESORT.java:47)
	at java_programs.MERGESORT.mergesort(MERGESORT.java:47)
	at java_programs.MERGESORT.mergesort(MERGESORT.java:47)
	at java_programs.MERGESORT.mergesort(MERGESORT.java:47)
	at java_programs.MERGESORT.mergesort(MERGESORT.java:47)
	at java_programs.MERGESORT.mergesort(MERGESORT.java:47)
	at java_programs.MERGESORT.mergesort(MERGESORT.java:47)
	at java_programs.MERGESORT.mergesort(MERGESORT.java:47)
	at java_programs.MERGESORT.mergesort(MERGESORT.java:47)
	at java_programs.MERGESORT.mergesort(MERGESORT.java:47)
	at java_programs.MERGESORT.mergesort(MERGESORT.java:47)
	at java_programs.MERGESORT.mergesort(MERGESORT.java:47)
	at java_programs.MERGESORT.mergesort(MERGESORT.java:47)
	at java_programs.MERGESORT.mergesort(MERGESORT.java:47)
	at java_programs.MERGESORT.mergesort(MERGESORT.java:47)
	at java_programs.MERGESORT.mergesort(MERGESORT.java:47)
	at java_programs.MERGESORT.mergesort(MERGESORT.java:47)
	at java_programs.MERGESORT.mergesort(MERGESORT.java:47)
	at java_programs.MERGESORT.mergesort(MERGESORT.java:47)
	at java_programs.MERGESORT.mergesort(MERGESORT.java:47)
	at java_programs.MERGESORT.mergesort(MERGESORT.java:47)
	at java_programs.MERGESORT.mergesort(MERGESORT.java:47)
	at java_programs.MERGESORT.mergesort(MERGESORT.java:47)
	at java_programs.MERGESORT.mergesort(MERGESORT.java:47)
	at java_programs.MERGESORT.mergesort(MERGESORT.java:47)
	at java_programs.MERGESORT.mergesort(MERGESORT.java:47)
	at java_programs.MERGESORT.mergesort(MERGESORT.java:47)
	at java_programs.MERGESORT.mergesort(MERGESORT.java:47)
	at java_programs.MERGESORT.mergesort(MERGESORT.java:47)
	at java_programs.MERGESORT.mergesort(MERGESORT.java:47)
	at java_programs.MERGESORT.mergesort(MERGESORT.java:47)
	at java_programs.MERGESORT.mergesort(MERGESORT.java:47)
	at java_programs.MERGESORT.mergesort(MERGESORT.java:47)
	at java_programs.MERGESORT.mergesort(MERGESORT.java:47)
	at java_programs.MERGESORT.mergesort(MERGESORT.java:47)
	at java_programs.MERGESORT.mergesort(MERGESORT.java:47)
	at java_programs.MERGESORT.mergesort(MERGESORT.java:47)
	at java_programs.MERGESORT.mergesort(MERGESORT.java:47)
	at java_programs.MERGESORT.mergesort(MERGESORT.java:47)
	at java_programs.MERGESORT.mergesort(MERGESORT.java:47)
	at java_programs.MERGESORT.mergesort(MERGESORT.java:47)
	at java_programs.MERGESORT.mergesort(MERGESORT.java:47)
	at java_programs.MERGESORT.mergesort(MERGESORT.java:47)
	at java_programs.MERGESORT.mergesort(MERGESORT.java:47)
	at java_programs.MERGESORT.mergesort(MERGESORT.java:47)
	at java_programs.MERGESORT.mergesort(MERGESORT.java:47)
	at java_programs.MERGESORT.mergesort(MERGESORT.java:47)
	at java_programs.MERGESORT.mergesort(MERGESORT.java:47)
	at java_programs.MERGESORT.mergesort(MERGESORT.java:47)
	at java_programs.MERGESORT.mergesort(MERGESORT.java:47)
	at java_programs.MERGESORT.mergesort(MERGESORT.java:47)
	at java_programs.MERGESORT.mergesort(MERGESORT.java:47)
	at java_programs.MERGESORT.mergesort(MERGESORT.java:47)
	at java_programs.MERGESORT.mergesort(MERGESORT.java:47)
	at java_programs.MERGESORT.mergesort(MERGESORT.java:47)
	at java_programs.MERGESORT.mergesort(MERGESORT.java:47)
	at java_programs.MERGESORT.mergesort(MERGESORT.java:47)
	at java_programs.MERGESORT.mergesort(MERGESORT.java:47)
	at java_programs.MERGESORT.mergesort(MERGESORT.java:47)
	at java_programs.MERGESORT.mergesort(MERGESORT.java:47)
	at java_programs.MERGESORT.mergesort(MERGESORT.java:47)
	at java_programs.MERGESORT.mergesort(MERGESORT.java:47)
	at java_programs.MERGESORT.mergesort(MERGESORT.java:47)
	at java_programs.MERGESORT.mergesort(MERGESORT.java:47)
	at java_programs.MERGESORT.mergesort(MERGESORT.java:47)
	at java_programs.MERGESORT.mergesort(MERGESORT.java:47)
	at java_programs.MERGESORT.mergesort(MERGESORT.java:47)
</failure>
  </testcase>
  <testcase name="test_7" classname="java_testcases.junit.MERGESORT_TEST" time="0.009">
    <failure message="java.lang.StackOverflowError" type="java.lang.StackOverflowError">java.lang.StackOverflowError
	at java.util.ArrayList.subList(ArrayList.java:1006)
	at java_programs.MERGESORT.mergesort(MERGESORT.java:43)
	at java_programs.MERGESORT.mergesort(MERGESORT.java:47)
	at java_programs.MERGESORT.mergesort(MERGESORT.java:47)
	at java_programs.MERGESORT.mergesort(MERGESORT.java:47)
	at java_programs.MERGESORT.mergesort(MERGESORT.java:47)
	at java_programs.MERGESORT.mergesort(MERGESORT.java:47)
	at java_programs.MERGESORT.mergesort(MERGESORT.java:47)
	at java_programs.MERGESORT.mergesort(MERGESORT.java:47)
	at java_programs.MERGESORT.mergesort(MERGESORT.java:47)
	at java_programs.MERGESORT.mergesort(MERGESORT.java:47)
	at java_programs.MERGESORT.mergesort(MERGESORT.java:47)
	at java_programs.MERGESORT.mergesort(MERGESORT.java:47)
	at java_programs.MERGESORT.mergesort(MERGESORT.java:47)
	at java_programs.MERGESORT.mergesort(MERGESORT.java:47)
	at java_programs.MERGESORT.mergesort(MERGESORT.java:47)
	at java_programs.MERGESORT.mergesort(MERGESORT.java:47)
	at java_programs.MERGESORT.mergesort(MERGESORT.java:47)
	at java_programs.MERGESORT.mergesort(MERGESORT.java:47)
	at java_programs.MERGESORT.mergesort(MERGESORT.java:47)
	at java_programs.MERGESORT.mergesort(MERGESORT.java:47)
	at java_programs.MERGESORT.mergesort(MERGESORT.java:47)
	at java_programs.MERGESORT.mergesort(MERGESORT.java:47)
	at java_programs.MERGESORT.mergesort(MERGESORT.java:47)
	at java_programs.MERGESORT.mergesort(MERGESORT.java:47)
	at java_programs.MERGESORT.mergesort(MERGESORT.java:47)
	at java_programs.MERGESORT.mergesort(MERGESORT.java:47)
	at java_programs.MERGESORT.mergesort(MERGESORT.java:47)
	at java_programs.MERGESORT.mergesort(MERGESORT.java:47)
	at java_programs.MERGESORT.mergesort(MERGESORT.java:47)
	at java_programs.MERGESORT.mergesort(MERGESORT.java:47)
	at java_programs.MERGESORT.mergesort(MERGESORT.java:47)
	at java_programs.MERGESORT.mergesort(MERGESORT.java:47)
	at java_programs.MERGESORT.mergesort(MERGESORT.java:47)
	at java_programs.MERGESORT.mergesort(MERGESORT.java:47)
	at java_programs.MERGESORT.mergesort(MERGESORT.java:47)
	at java_programs.MERGESORT.mergesort(MERGESORT.java:47)
	at java_programs.MERGESORT.mergesort(MERGESORT.java:47)
	at java_programs.MERGESORT.mergesort(MERGESORT.java:47)
	at java_programs.MERGESORT.mergesort(MERGESORT.java:47)
	at java_programs.MERGESORT.mergesort(MERGESORT.java:47)
	at java_programs.MERGESORT.mergesort(MERGESORT.java:47)
	at java_programs.MERGESORT.mergesort(MERGESORT.java:47)
	at java_programs.MERGESORT.mergesort(MERGESORT.java:47)
	at java_programs.MERGESORT.mergesort(MERGESORT.java:47)
	at java_programs.MERGESORT.mergesort(MERGESORT.java:47)
	at java_programs.MERGESORT.mergesort(MERGESORT.java:47)
	at java_programs.MERGESORT.mergesort(MERGESORT.java:47)
	at java_programs.MERGESORT.mergesort(MERGESORT.java:47)
	at java_programs.MERGESORT.mergesort(MERGESORT.java:47)
	at java_programs.MERGESORT.mergesort(MERGESORT.java:47)
	at java_programs.MERGESORT.mergesort(MERGESORT.java:47)
	at java_programs.MERGESORT.mergesort(MERGESORT.java:47)
	at java_programs.MERGESORT.mergesort(MERGESORT.java:47)
	at java_programs.MERGESORT.mergesort(MERGESORT.java:47)
	at java_programs.MERGESORT.mergesort(MERGESORT.java:47)
	at java_programs.MERGESORT.mergesort(MERGESORT.java:47)
	at java_programs.MERGESORT.mergesort(MERGESORT.java:47)
	at java_programs.MERGESORT.mergesort(MERGESORT.java:47)
	at java_programs.MERGESORT.mergesort(MERGESORT.java:47)
	at java_programs.MERGESORT.mergesort(MERGESORT.java:47)
	at java_programs.MERGESORT.mergesort(MERGESORT.java:47)
	at java_programs.MERGESORT.mergesort(MERGESORT.java:47)
	at java_programs.MERGESORT.mergesort(MERGESORT.java:47)
	at java_programs.MERGESORT.mergesort(MERGESORT.java:47)
	at java_programs.MERGESORT.mergesort(MERGESORT.java:47)
	at java_programs.MERGESORT.mergesort(MERGESORT.java:47)
	at java_programs.MERGESORT.mergesort(MERGESORT.java:47)
	at java_programs.MERGESORT.mergesort(MERGESORT.java:47)
	at java_programs.MERGESORT.mergesort(MERGESORT.java:47)
	at java_programs.MERGESORT.mergesort(MERGESORT.java:47)
	at java_programs.MERGESORT.mergesort(MERGESORT.java:47)
	at java_programs.MERGESORT.mergesort(MERGESORT.java:47)
	at java_programs.MERGESORT.mergesort(MERGESORT.java:47)
	at java_programs.MERGESORT.mergesort(MERGESORT.java:47)
	at java_programs.MERGESORT.mergesort(MERGESORT.java:47)
	at java_programs.MERGESORT.mergesort(MERGESORT.java:47)
	at java_programs.MERGESORT.mergesort(MERGESORT.java:47)
	at java_programs.MERGESORT.mergesort(MERGESORT.java:47)
	at java_programs.MERGESORT.mergesort(MERGESORT.java:47)
	at java_programs.MERGESORT.mergesort(MERGESORT.java:47)
	at java_programs.MERGESORT.mergesort(MERGESORT.java:47)
	at java_programs.MERGESORT.mergesort(MERGESORT.java:47)
	at java_programs.MERGESORT.mergesort(MERGESORT.java:47)
	at java_programs.MERGESORT.mergesort(MERGESORT.java:47)
	at java_programs.MERGESORT.mergesort(MERGESORT.java:47)
	at java_programs.MERGESORT.mergesort(MERGESORT.java:47)
	at java_programs.MERGESORT.mergesort(MERGESORT.java:47)
	at java_programs.MERGESORT.mergesort(MERGESORT.java:47)
	at java_programs.MERGESORT.mergesort(MERGESORT.java:47)
	at java_programs.MERGESORT.mergesort(MERGESORT.java:47)
	at java_programs.MERGESORT.mergesort(MERGESORT.java:47)
	at java_programs.MERGESORT.mergesort(MERGESORT.java:47)
	at java_programs.MERGESORT.mergesort(MERGESORT.java:47)
	at java_programs.MERGESORT.mergesort(MERGESORT.java:47)
	at java_programs.MERGESORT.mergesort(MERGESORT.java:47)
	at java_programs.MERGESORT.mergesort(MERGESORT.java:47)
	at java_programs.MERGESORT.mergesort(MERGESORT.java:47)
	at java_programs.MERGESORT.mergesort(MERGESORT.java:47)
	at java_programs.MERGESORT.mergesort(MERGESORT.java:47)
	at java_programs.MERGESORT.mergesort(MERGESORT.java:47)
	at java_programs.MERGESORT.mergesort(MERGESORT.java:47)
	at java_programs.MERGESORT.mergesort(MERGESORT.java:47)
	at java_programs.MERGESORT.mergesort(MERGESORT.java:47)
	at java_programs.MERGESORT.mergesort(MERGESORT.java:47)
	at java_programs.MERGESORT.mergesort(MERGESORT.java:47)
	at java_programs.MERGESORT.mergesort(MERGESORT.java:47)
	at java_programs.MERGESORT.mergesort(MERGESORT.java:47)
	at java_programs.MERGESORT.mergesort(MERGESORT.java:47)
	at java_programs.MERGESORT.mergesort(MERGESORT.java:47)
	at java_programs.MERGESORT.mergesort(MERGESORT.java:47)
	at java_programs.MERGESORT.mergesort(MERGESORT.java:47)
	at java_programs.MERGESORT.mergesort(MERGESORT.java:47)
	at java_programs.MERGESORT.mergesort(MERGESORT.java:47)
	at java_programs.MERGESORT.mergesort(MERGESORT.java:47)
	at java_programs.MERGESORT.mergesort(MERGESORT.java:47)
	at java_programs.MERGESORT.mergesort(MERGESORT.java:47)
	at java_programs.MERGESORT.mergesort(MERGESORT.java:47)
	at java_programs.MERGESORT.mergesort(MERGESORT.java:47)
	at java_programs.MERGESORT.mergesort(MERGESORT.java:47)
	at java_programs.MERGESORT.mergesort(MERGESORT.java:47)
	at java_programs.MERGESORT.mergesort(MERGESORT.java:47)
	at java_programs.MERGESORT.mergesort(MERGESORT.java:47)
	at java_programs.MERGESORT.mergesort(MERGESORT.java:47)
	at java_programs.MERGESORT.mergesort(MERGESORT.java:47)
	at java_programs.MERGESORT.mergesort(MERGESORT.java:47)
	at java_programs.MERGESORT.mergesort(MERGESORT.java:47)
	at java_programs.MERGESORT.mergesort(MERGESORT.java:47)
	at java_programs.MERGESORT.mergesort(MERGESORT.java:47)
	at java_programs.MERGESORT.mergesort(MERGESORT.java:47)
	at java_programs.MERGESORT.mergesort(MERGESORT.java:47)
	at java_programs.MERGESORT.mergesort(MERGESORT.java:47)
	at java_programs.MERGESORT.mergesort(MERGESORT.java:47)
	at java_programs.MERGESORT.mergesort(MERGESORT.java:47)
	at java_programs.MERGESORT.mergesort(MERGESORT.java:47)
	at java_programs.MERGESORT.mergesort(MERGESORT.java:47)
	at java_programs.MERGESORT.mergesort(MERGESORT.java:47)
	at java_programs.MERGESORT.mergesort(MERGESORT.java:47)
	at java_programs.MERGESORT.mergesort(MERGESORT.java:47)
	at java_programs.MERGESORT.mergesort(MERGESORT.java:47)
	at java_programs.MERGESORT.mergesort(MERGESORT.java:47)
	at java_programs.MERGESORT.mergesort(MERGESORT.java:47)
	at java_programs.MERGESORT.mergesort(MERGESORT.java:47)
	at java_programs.MERGESORT.mergesort(MERGESORT.java:47)
	at java_programs.MERGESORT.mergesort(MERGESORT.java:47)
	at java_programs.MERGESORT.mergesort(MERGESORT.java:47)
	at java_programs.MERGESORT.mergesort(MERGESORT.java:47)
	at java_programs.MERGESORT.mergesort(MERGESORT.java:47)
	at java_programs.MERGESORT.mergesort(MERGESORT.java:47)
	at java_programs.MERGESORT.mergesort(MERGESORT.java:47)
	at java_programs.MERGESORT.mergesort(MERGESORT.java:47)
	at java_programs.MERGESORT.mergesort(MERGESORT.java:47)
	at java_programs.MERGESORT.mergesort(MERGESORT.java:47)
	at java_programs.MERGESORT.mergesort(MERGESORT.java:47)
	at java_programs.MERGESORT.mergesort(MERGESORT.java:47)
	at java_programs.MERGESORT.mergesort(MERGESORT.java:47)
	at java_programs.MERGESORT.mergesort(MERGESORT.java:47)
	at java_programs.MERGESORT.mergesort(MERGESORT.java:47)
	at java_programs.MERGESORT.mergesort(MERGESORT.java:47)
	at java_programs.MERGESORT.mergesort(MERGESORT.java:47)
	at java_programs.MERGESORT.mergesort(MERGESORT.java:47)
	at java_programs.MERGESORT.mergesort(MERGESORT.java:47)
	at java_programs.MERGESORT.mergesort(MERGESORT.java:47)
	at java_programs.MERGESORT.mergesort(MERGESORT.java:47)
	at java_programs.MERGESORT.mergesort(MERGESORT.java:47)
	at java_programs.MERGESORT.mergesort(MERGESORT.java:47)
	at java_programs.MERGESORT.mergesort(MERGESORT.java:47)
	at java_programs.MERGESORT.mergesort(MERGESORT.java:47)
	at java_programs.MERGESORT.mergesort(MERGESORT.java:47)
	at java_programs.MERGESORT.mergesort(MERGESORT.java:47)
	at java_programs.MERGESORT.mergesort(MERGESORT.java:47)
	at java_programs.MERGESORT.mergesort(MERGESORT.java:47)
	at java_programs.MERGESORT.mergesort(MERGESORT.java:47)
	at java_programs.MERGESORT.mergesort(MERGESORT.java:47)
	at java_programs.MERGESORT.mergesort(MERGESORT.java:47)
	at java_programs.MERGESORT.mergesort(MERGESORT.java:47)
	at java_programs.MERGESORT.mergesort(MERGESORT.java:47)
	at java_programs.MERGESORT.mergesort(MERGESORT.java:47)
	at java_programs.MERGESORT.mergesort(MERGESORT.java:47)
	at java_programs.MERGESORT.mergesort(MERGESORT.java:47)
	at java_programs.MERGESORT.mergesort(MERGESORT.java:47)
	at java_programs.MERGESORT.mergesort(MERGESORT.java:47)
	at java_programs.MERGESORT.mergesort(MERGESORT.java:47)
	at java_programs.MERGESORT.mergesort(MERGESORT.java:47)
	at java_programs.MERGESORT.mergesort(MERGESORT.java:47)
	at java_programs.MERGESORT.mergesort(MERGESORT.java:47)
	at java_programs.MERGESORT.mergesort(MERGESORT.java:47)
	at java_programs.MERGESORT.mergesort(MERGESORT.java:47)
	at java_programs.MERGESORT.mergesort(MERGESORT.java:47)
	at java_programs.MERGESORT.mergesort(MERGESORT.java:47)
	at java_programs.MERGESORT.mergesort(MERGESORT.java:47)
	at java_programs.MERGESORT.mergesort(MERGESORT.java:47)
	at java_programs.MERGESORT.mergesort(MERGESORT.java:47)
	at java_programs.MERGESORT.mergesort(MERGESORT.java:47)
	at java_programs.MERGESORT.mergesort(MERGESORT.java:47)
	at java_programs.MERGESORT.mergesort(MERGESORT.java:47)
	at java_programs.MERGESORT.mergesort(MERGESORT.java:47)
	at java_programs.MERGESORT.mergesort(MERGESORT.java:47)
	at java_programs.MERGESORT.mergesort(MERGESORT.java:47)
	at java_programs.MERGESORT.mergesort(MERGESORT.java:47)
	at java_programs.MERGESORT.mergesort(MERGESORT.java:47)
	at java_programs.MERGESORT.mergesort(MERGESORT.java:47)
	at java_programs.MERGESORT.mergesort(MERGESORT.java:47)
	at java_programs.MERGESORT.mergesort(MERGESORT.java:47)
	at java_programs.MERGESORT.mergesort(MERGESORT.java:47)
	at java_programs.MERGESORT.mergesort(MERGESORT.java:47)
	at java_programs.MERGESORT.mergesort(MERGESORT.java:47)
	at java_programs.MERGESORT.mergesort(MERGESORT.java:47)
	at java_programs.MERGESORT.mergesort(MERGESORT.java:47)
	at java_programs.MERGESORT.mergesort(MERGESORT.java:47)
	at java_programs.MERGESORT.mergesort(MERGESORT.java:47)
	at java_programs.MERGESORT.mergesort(MERGESORT.java:47)
	at java_programs.MERGESORT.mergesort(MERGESORT.java:47)
	at java_programs.MERGESORT.mergesort(MERGESORT.java:47)
	at java_programs.MERGESORT.mergesort(MERGESORT.java:47)
	at java_programs.MERGESORT.mergesort(MERGESORT.java:47)
	at java_programs.MERGESORT.mergesort(MERGESORT.java:47)
	at java_programs.MERGESORT.mergesort(MERGESORT.java:47)
	at java_programs.MERGESORT.mergesort(MERGESORT.java:47)
	at java_programs.MERGESORT.mergesort(MERGESORT.java:47)
	at java_programs.MERGESORT.mergesort(MERGESORT.java:47)
	at java_programs.MERGESORT.mergesort(MERGESORT.java:47)
	at java_programs.MERGESORT.mergesort(MERGESORT.java:47)
	at java_programs.MERGESORT.mergesort(MERGESORT.java:47)
	at java_programs.MERGESORT.mergesort(MERGESORT.java:47)
	at java_programs.MERGESORT.mergesort(MERGESORT.java:47)
	at java_programs.MERGESORT.mergesort(MERGESORT.java:47)
	at java_programs.MERGESORT.mergesort(MERGESORT.java:47)
	at java_programs.MERGESORT.mergesort(MERGESORT.java:47)
	at java_programs.MERGESORT.mergesort(MERGESORT.java:47)
	at java_programs.MERGESORT.mergesort(MERGESORT.java:47)
	at java_programs.MERGESORT.mergesort(MERGESORT.java:47)
	at java_programs.MERGESORT.mergesort(MERGESORT.java:47)
	at java_programs.MERGESORT.mergesort(MERGESORT.java:47)
	at java_programs.MERGESORT.mergesort(MERGESORT.java:47)
	at java_programs.MERGESORT.mergesort(MERGESORT.java:47)
	at java_programs.MERGESORT.mergesort(MERGESORT.java:47)
	at java_programs.MERGESORT.mergesort(MERGESORT.java:47)
	at java_programs.MERGESORT.mergesort(MERGESORT.java:47)
	at java_programs.MERGESORT.mergesort(MERGESORT.java:47)
	at java_programs.MERGESORT.mergesort(MERGESORT.java:47)
	at java_programs.MERGESORT.mergesort(MERGESORT.java:47)
	at java_programs.MERGESORT.mergesort(MERGESORT.java:47)
	at java_programs.MERGESORT.mergesort(MERGESORT.java:47)
	at java_programs.MERGESORT.mergesort(MERGESORT.java:47)
	at java_programs.MERGESORT.mergesort(MERGESORT.java:47)
	at java_programs.MERGESORT.mergesort(MERGESORT.java:47)
	at java_programs.MERGESORT.mergesort(MERGESORT.java:47)
	at java_programs.MERGESORT.mergesort(MERGESORT.java:47)
	at java_programs.MERGESORT.mergesort(MERGESORT.java:47)
	at java_programs.MERGESORT.mergesort(MERGESORT.java:47)
	at java_programs.MERGESORT.mergesort(MERGESORT.java:47)
	at java_programs.MERGESORT.mergesort(MERGESORT.java:47)
	at java_programs.MERGESORT.mergesort(MERGESORT.java:47)
	at java_programs.MERGESORT.mergesort(MERGESORT.java:47)
	at java_programs.MERGESORT.mergesort(MERGESORT.java:47)
	at java_programs.MERGESORT.mergesort(MERGESORT.java:47)
	at java_programs.MERGESORT.mergesort(MERGESORT.java:47)
	at java_programs.MERGESORT.mergesort(MERGESORT.java:47)
	at java_programs.MERGESORT.mergesort(MERGESORT.java:47)
	at java_programs.MERGESORT.mergesort(MERGESORT.java:47)
	at java_programs.MERGESORT.mergesort(MERGESORT.java:47)
	at java_programs.MERGESORT.mergesort(MERGESORT.java:47)
	at java_programs.MERGESORT.mergesort(MERGESORT.java:47)
	at java_programs.MERGESORT.mergesort(MERGESORT.java:47)
	at java_programs.MERGESORT.mergesort(MERGESORT.java:47)
	at java_programs.MERGESORT.mergesort(MERGESORT.java:47)
	at java_programs.MERGESORT.mergesort(MERGESORT.java:47)
	at java_programs.MERGESORT.mergesort(MERGESORT.java:47)
	at java_programs.MERGESORT.mergesort(MERGESORT.java:47)
	at java_programs.MERGESORT.mergesort(MERGESORT.java:47)
	at java_programs.MERGESORT.mergesort(MERGESORT.java:47)
	at java_programs.MERGESORT.mergesort(MERGESORT.java:47)
	at java_programs.MERGESORT.mergesort(MERGESORT.java:47)
	at java_programs.MERGESORT.mergesort(MERGESORT.java:47)
	at java_programs.MERGESORT.mergesort(MERGESORT.java:47)
	at java_programs.MERGESORT.mergesort(MERGESORT.java:47)
	at java_programs.MERGESORT.mergesort(MERGESORT.java:47)
	at java_programs.MERGESORT.mergesort(MERGESORT.java:47)
	at java_programs.MERGESORT.mergesort(MERGESORT.java:47)
	at java_programs.MERGESORT.mergesort(MERGESORT.java:47)
	at java_programs.MERGESORT.mergesort(MERGESORT.java:47)
	at java_programs.MERGESORT.mergesort(MERGESORT.java:47)
	at java_programs.MERGESORT.mergesort(MERGESORT.java:47)
	at java_programs.MERGESORT.mergesort(MERGESORT.java:47)
	at java_programs.MERGESORT.mergesort(MERGESORT.java:47)
	at java_programs.MERGESORT.mergesort(MERGESORT.java:47)
	at java_programs.MERGESORT.mergesort(MERGESORT.java:47)
	at java_programs.MERGESORT.mergesort(MERGESORT.java:47)
	at java_programs.MERGESORT.mergesort(MERGESORT.java:47)
	at java_programs.MERGESORT.mergesort(MERGESORT.java:47)
	at java_programs.MERGESORT.mergesort(MERGESORT.java:47)
	at java_programs.MERGESORT.mergesort(MERGESORT.java:47)
	at java_programs.MERGESORT.mergesort(MERGESORT.java:47)
	at java_programs.MERGESORT.mergesort(MERGESORT.java:47)
	at java_programs.MERGESORT.mergesort(MERGESORT.java:47)
	at java_programs.MERGESORT.mergesort(MERGESORT.java:47)
	at java_programs.MERGESORT.mergesort(MERGESORT.java:47)
	at java_programs.MERGESORT.mergesort(MERGESORT.java:47)
	at java_programs.MERGESORT.mergesort(MERGESORT.java:47)
	at java_programs.MERGESORT.mergesort(MERGESORT.java:47)
	at java_programs.MERGESORT.mergesort(MERGESORT.java:47)
	at java_programs.MERGESORT.mergesort(MERGESORT.java:47)
	at java_programs.MERGESORT.mergesort(MERGESORT.java:47)
	at java_programs.MERGESORT.mergesort(MERGESORT.java:47)
	at java_programs.MERGESORT.mergesort(MERGESORT.java:47)
	at java_programs.MERGESORT.mergesort(MERGESORT.java:47)
	at java_programs.MERGESORT.mergesort(MERGESORT.java:47)
	at java_programs.MERGESORT.mergesort(MERGESORT.java:47)
	at java_programs.MERGESORT.mergesort(MERGESORT.java:47)
	at java_programs.MERGESORT.mergesort(MERGESORT.java:47)
	at java_programs.MERGESORT.mergesort(MERGESORT.java:47)
	at java_programs.MERGESORT.mergesort(MERGESORT.java:47)
	at java_programs.MERGESORT.mergesort(MERGESORT.java:47)
	at java_programs.MERGESORT.mergesort(MERGESORT.java:47)
	at java_programs.MERGESORT.mergesort(MERGESORT.java:47)
	at java_programs.MERGESORT.mergesort(MERGESORT.java:47)
	at java_programs.MERGESORT.mergesort(MERGESORT.java:47)
	at java_programs.MERGESORT.mergesort(MERGESORT.java:47)
	at java_programs.MERGESORT.mergesort(MERGESORT.java:47)
	at java_programs.MERGESORT.mergesort(MERGESORT.java:47)
	at java_programs.MERGESORT.mergesort(MERGESORT.java:47)
	at java_programs.MERGESORT.mergesort(MERGESORT.java:47)
	at java_programs.MERGESORT.mergesort(MERGESORT.java:47)
	at java_programs.MERGESORT.mergesort(MERGESORT.java:47)
	at java_programs.MERGESORT.mergesort(MERGESORT.java:47)
	at java_programs.MERGESORT.mergesort(MERGESORT.java:47)
	at java_programs.MERGESORT.mergesort(MERGESORT.java:47)
	at java_programs.MERGESORT.mergesort(MERGESORT.java:47)
	at java_programs.MERGESORT.mergesort(MERGESORT.java:47)
	at java_programs.MERGESORT.mergesort(MERGESORT.java:47)
	at java_programs.MERGESORT.mergesort(MERGESORT.java:47)
	at java_programs.MERGESORT.mergesort(MERGESORT.java:47)
	at java_programs.MERGESORT.mergesort(MERGESORT.java:47)
	at java_programs.MERGESORT.mergesort(MERGESORT.java:47)
	at java_programs.MERGESORT.mergesort(MERGESORT.java:47)
	at java_programs.MERGESORT.mergesort(MERGESORT.java:47)
	at java_programs.MERGESORT.mergesort(MERGESORT.java:47)
	at java_programs.MERGESORT.mergesort(MERGESORT.java:47)
	at java_programs.MERGESORT.mergesort(MERGESORT.java:47)
	at java_programs.MERGESORT.mergesort(MERGESORT.java:47)
	at java_programs.MERGESORT.mergesort(MERGESORT.java:47)
	at java_programs.MERGESORT.mergesort(MERGESORT.java:47)
	at java_programs.MERGESORT.mergesort(MERGESORT.java:47)
	at java_programs.MERGESORT.mergesort(MERGESORT.java:47)
	at java_programs.MERGESORT.mergesort(MERGESORT.java:47)
	at java_programs.MERGESORT.mergesort(MERGESORT.java:47)
	at java_programs.MERGESORT.mergesort(MERGESORT.java:47)
	at java_programs.MERGESORT.mergesort(MERGESORT.java:47)
	at java_programs.MERGESORT.mergesort(MERGESORT.java:47)
	at java_programs.MERGESORT.mergesort(MERGESORT.java:47)
	at java_programs.MERGESORT.mergesort(MERGESORT.java:47)
	at java_programs.MERGESORT.mergesort(MERGESORT.java:47)
	at java_programs.MERGESORT.mergesort(MERGESORT.java:47)
	at java_programs.MERGESORT.mergesort(MERGESORT.java:47)
	at java_programs.MERGESORT.mergesort(MERGESORT.java:47)
	at java_programs.MERGESORT.mergesort(MERGESORT.java:47)
	at java_programs.MERGESORT.mergesort(MERGESORT.java:47)
	at java_programs.MERGESORT.mergesort(MERGESORT.java:47)
	at java_programs.MERGESORT.mergesort(MERGESORT.java:47)
	at java_programs.MERGESORT.mergesort(MERGESORT.java:47)
	at java_programs.MERGESORT.mergesort(MERGESORT.java:47)
	at java_programs.MERGESORT.mergesort(MERGESORT.java:47)
	at java_programs.MERGESORT.mergesort(MERGESORT.java:47)
	at java_programs.MERGESORT.mergesort(MERGESORT.java:47)
	at java_programs.MERGESORT.mergesort(MERGESORT.java:47)
	at java_programs.MERGESORT.mergesort(MERGESORT.java:47)
	at java_programs.MERGESORT.mergesort(MERGESORT.java:47)
	at java_programs.MERGESORT.mergesort(MERGESORT.java:47)
	at java_programs.MERGESORT.mergesort(MERGESORT.java:47)
	at java_programs.MERGESORT.mergesort(MERGESORT.java:47)
	at java_programs.MERGESORT.mergesort(MERGESORT.java:47)
	at java_programs.MERGESORT.mergesort(MERGESORT.java:47)
	at java_programs.MERGESORT.mergesort(MERGESORT.java:47)
	at java_programs.MERGESORT.mergesort(MERGESORT.java:47)
	at java_programs.MERGESORT.mergesort(MERGESORT.java:47)
	at java_programs.MERGESORT.mergesort(MERGESORT.java:47)
	at java_programs.MERGESORT.mergesort(MERGESORT.java:47)
	at java_programs.MERGESORT.mergesort(MERGESORT.java:47)
	at java_programs.MERGESORT.mergesort(MERGESORT.java:47)
	at java_programs.MERGESORT.mergesort(MERGESORT.java:47)
	at java_programs.MERGESORT.mergesort(MERGESORT.java:47)
	at java_programs.MERGESORT.mergesort(MERGESORT.java:47)
	at java_programs.MERGESORT.mergesort(MERGESORT.java:47)
	at java_programs.MERGESORT.mergesort(MERGESORT.java:47)
	at java_programs.MERGESORT.mergesort(MERGESORT.java:47)
	at java_programs.MERGESORT.mergesort(MERGESORT.java:47)
	at java_programs.MERGESORT.mergesort(MERGESORT.java:47)
	at java_programs.MERGESORT.mergesort(MERGESORT.java:47)
	at java_programs.MERGESORT.mergesort(MERGESORT.java:47)
	at java_programs.MERGESORT.mergesort(MERGESORT.java:47)
	at java_programs.MERGESORT.mergesort(MERGESORT.java:47)
	at java_programs.MERGESORT.mergesort(MERGESORT.java:47)
	at java_programs.MERGESORT.mergesort(MERGESORT.java:47)
	at java_programs.MERGESORT.mergesort(MERGESORT.java:47)
	at java_programs.MERGESORT.mergesort(MERGESORT.java:47)
	at java_programs.MERGESORT.mergesort(MERGESORT.java:47)
	at java_programs.MERGESORT.mergesort(MERGESORT.java:47)
	at java_programs.MERGESORT.mergesort(MERGESORT.java:47)
	at java_programs.MERGESORT.mergesort(MERGESORT.java:47)
	at java_programs.MERGESORT.mergesort(MERGESORT.java:47)
	at java_programs.MERGESORT.mergesort(MERGESORT.java:47)
	at java_programs.MERGESORT.mergesort(MERGESORT.java:47)
	at java_programs.MERGESORT.mergesort(MERGESORT.java:47)
	at java_programs.MERGESORT.mergesort(MERGESORT.java:47)
	at java_programs.MERGESORT.mergesort(MERGESORT.java:47)
	at java_programs.MERGESORT.mergesort(MERGESORT.java:47)
	at java_programs.MERGESORT.mergesort(MERGESORT.java:47)
	at java_programs.MERGESORT.mergesort(MERGESORT.java:47)
	at java_programs.MERGESORT.mergesort(MERGESORT.java:47)
	at java_programs.MERGESORT.mergesort(MERGESORT.java:47)
	at java_programs.MERGESORT.mergesort(MERGESORT.java:47)
	at java_programs.MERGESORT.mergesort(MERGESORT.java:47)
	at java_programs.MERGESORT.mergesort(MERGESORT.java:47)
	at java_programs.MERGESORT.mergesort(MERGESORT.java:47)
	at java_programs.MERGESORT.mergesort(MERGESORT.java:47)
	at java_programs.MERGESORT.mergesort(MERGESORT.java:47)
	at java_programs.MERGESORT.mergesort(MERGESORT.java:47)
	at java_programs.MERGESORT.mergesort(MERGESORT.java:47)
	at java_programs.MERGESORT.mergesort(MERGESORT.java:47)
	at java_programs.MERGESORT.mergesort(MERGESORT.java:47)
	at java_programs.MERGESORT.mergesort(MERGESORT.java:47)
	at java_programs.MERGESORT.mergesort(MERGESORT.java:47)
	at java_programs.MERGESORT.mergesort(MERGESORT.java:47)
	at java_programs.MERGESORT.mergesort(MERGESORT.java:47)
	at java_programs.MERGESORT.mergesort(MERGESORT.java:47)
	at java_programs.MERGESORT.mergesort(MERGESORT.java:47)
	at java_programs.MERGESORT.mergesort(MERGESORT.java:47)
	at java_programs.MERGESORT.mergesort(MERGESORT.java:47)
	at java_programs.MERGESORT.mergesort(MERGESORT.java:47)
	at java_programs.MERGESORT.mergesort(MERGESORT.java:47)
	at java_programs.MERGESORT.mergesort(MERGESORT.java:47)
	at java_programs.MERGESORT.mergesort(MERGESORT.java:47)
	at java_programs.MERGESORT.mergesort(MERGESORT.java:47)
	at java_programs.MERGESORT.mergesort(MERGESORT.java:47)
	at java_programs.MERGESORT.mergesort(MERGESORT.java:47)
	at java_programs.MERGESORT.mergesort(MERGESORT.java:47)
	at java_programs.MERGESORT.mergesort(MERGESORT.java:47)
	at java_programs.MERGESORT.mergesort(MERGESORT.java:47)
	at java_programs.MERGESORT.mergesort(MERGESORT.java:47)
	at java_programs.MERGESORT.mergesort(MERGESORT.java:47)
	at java_programs.MERGESORT.mergesort(MERGESORT.java:47)
	at java_programs.MERGESORT.mergesort(MERGESORT.java:47)
	at java_programs.MERGESORT.mergesort(MERGESORT.java:47)
	at java_programs.MERGESORT.mergesort(MERGESORT.java:47)
	at java_programs.MERGESORT.mergesort(MERGESORT.java:47)
	at java_programs.MERGESORT.mergesort(MERGESORT.java:47)
	at java_programs.MERGESORT.mergesort(MERGESORT.java:47)
	at java_programs.MERGESORT.mergesort(MERGESORT.java:47)
	at java_programs.MERGESORT.mergesort(MERGESORT.java:47)
	at java_programs.MERGESORT.mergesort(MERGESORT.java:47)
	at java_programs.MERGESORT.mergesort(MERGESORT.java:47)
	at java_programs.MERGESORT.mergesort(MERGESORT.java:47)
	at java_programs.MERGESORT.mergesort(MERGESORT.java:47)
	at java_programs.MERGESORT.mergesort(MERGESORT.java:47)
	at java_programs.MERGESORT.mergesort(MERGESORT.java:47)
	at java_programs.MERGESORT.mergesort(MERGESORT.java:47)
	at java_programs.MERGESORT.mergesort(MERGESORT.java:47)
	at java_programs.MERGESORT.mergesort(MERGESORT.java:47)
	at java_programs.MERGESORT.mergesort(MERGESORT.java:47)
	at java_programs.MERGESORT.mergesort(MERGESORT.java:47)
	at java_programs.MERGESORT.mergesort(MERGESORT.java:47)
	at java_programs.MERGESORT.mergesort(MERGESORT.java:47)
	at java_programs.MERGESORT.mergesort(MERGESORT.java:47)
	at java_programs.MERGESORT.mergesort(MERGESORT.java:47)
	at java_programs.MERGESORT.mergesort(MERGESORT.java:47)
	at java_programs.MERGESORT.mergesort(MERGESORT.java:47)
	at java_programs.MERGESORT.mergesort(MERGESORT.java:47)
	at java_programs.MERGESORT.mergesort(MERGESORT.java:47)
	at java_programs.MERGESORT.mergesort(MERGESORT.java:47)
	at java_programs.MERGESORT.mergesort(MERGESORT.java:47)
	at java_programs.MERGESORT.mergesort(MERGESORT.java:47)
	at java_programs.MERGESORT.mergesort(MERGESORT.java:47)
	at java_programs.MERGESORT.mergesort(MERGESORT.java:47)
	at java_programs.MERGESORT.mergesort(MERGESORT.java:47)
	at java_programs.MERGESORT.mergesort(MERGESORT.java:47)
	at java_programs.MERGESORT.mergesort(MERGESORT.java:47)
	at java_programs.MERGESORT.mergesort(MERGESORT.java:47)
	at java_programs.MERGESORT.mergesort(MERGESORT.java:47)
	at java_programs.MERGESORT.mergesort(MERGESORT.java:47)
	at java_programs.MERGESORT.mergesort(MERGESORT.java:47)
	at java_programs.MERGESORT.mergesort(MERGESORT.java:47)
	at java_programs.MERGESORT.mergesort(MERGESORT.java:47)
	at java_programs.MERGESORT.mergesort(MERGESORT.java:47)
	at java_programs.MERGESORT.mergesort(MERGESORT.java:47)
	at java_programs.MERGESORT.mergesort(MERGESORT.java:47)
	at java_programs.MERGESORT.mergesort(MERGESORT.java:47)
	at java_programs.MERGESORT.mergesort(MERGESORT.java:47)
	at java_programs.MERGESORT.mergesort(MERGESORT.java:47)
	at java_programs.MERGESORT.mergesort(MERGESORT.java:47)
	at java_programs.MERGESORT.mergesort(MERGESORT.java:47)
	at java_programs.MERGESORT.mergesort(MERGESORT.java:47)
	at java_programs.MERGESORT.mergesort(MERGESORT.java:47)
	at java_programs.MERGESORT.mergesort(MERGESORT.java:47)
	at java_programs.MERGESORT.mergesort(MERGESORT.java:47)
	at java_programs.MERGESORT.mergesort(MERGESORT.java:47)
	at java_programs.MERGESORT.mergesort(MERGESORT.java:47)
	at java_programs.MERGESORT.mergesort(MERGESORT.java:47)
	at java_programs.MERGESORT.mergesort(MERGESORT.java:47)
	at java_programs.MERGESORT.mergesort(MERGESORT.java:47)
	at java_programs.MERGESORT.mergesort(MERGESORT.java:47)
	at java_programs.MERGESORT.mergesort(MERGESORT.java:47)
	at java_programs.MERGESORT.mergesort(MERGESORT.java:47)
	at java_programs.MERGESORT.mergesort(MERGESORT.java:47)
	at java_programs.MERGESORT.mergesort(MERGESORT.java:47)
	at java_programs.MERGESORT.mergesort(MERGESORT.java:47)
	at java_programs.MERGESORT.mergesort(MERGESORT.java:47)
	at java_programs.MERGESORT.mergesort(MERGESORT.java:47)
	at java_programs.MERGESORT.mergesort(MERGESORT.java:47)
	at java_programs.MERGESORT.mergesort(MERGESORT.java:47)
	at java_programs.MERGESORT.mergesort(MERGESORT.java:47)
	at java_programs.MERGESORT.mergesort(MERGESORT.java:47)
	at java_programs.MERGESORT.mergesort(MERGESORT.java:47)
	at java_programs.MERGESORT.mergesort(MERGESORT.java:47)
	at java_programs.MERGESORT.mergesort(MERGESORT.java:47)
	at java_programs.MERGESORT.mergesort(MERGESORT.java:47)
	at java_programs.MERGESORT.mergesort(MERGESORT.java:47)
	at java_programs.MERGESORT.mergesort(MERGESORT.java:47)
	at java_programs.MERGESORT.mergesort(MERGESORT.java:47)
	at java_programs.MERGESORT.mergesort(MERGESORT.java:47)
	at java_programs.MERGESORT.mergesort(MERGESORT.java:47)
	at java_programs.MERGESORT.mergesort(MERGESORT.java:47)
	at java_programs.MERGESORT.mergesort(MERGESORT.java:47)
	at java_programs.MERGESORT.mergesort(MERGESORT.java:47)
	at java_programs.MERGESORT.mergesort(MERGESORT.java:47)
	at java_programs.MERGESORT.mergesort(MERGESORT.java:47)
	at java_programs.MERGESORT.mergesort(MERGESORT.java:47)
	at java_programs.MERGESORT.mergesort(MERGESORT.java:47)
	at java_programs.MERGESORT.mergesort(MERGESORT.java:47)
	at java_programs.MERGESORT.mergesort(MERGESORT.java:47)
	at java_programs.MERGESORT.mergesort(MERGESORT.java:47)
	at java_programs.MERGESORT.mergesort(MERGESORT.java:47)
	at java_programs.MERGESORT.mergesort(MERGESORT.java:47)
	at java_programs.MERGESORT.mergesort(MERGESORT.java:47)
	at java_programs.MERGESORT.mergesort(MERGESORT.java:47)
	at java_programs.MERGESORT.mergesort(MERGESORT.java:47)
	at java_programs.MERGESORT.mergesort(MERGESORT.java:47)
	at java_programs.MERGESORT.mergesort(MERGESORT.java:47)
	at java_programs.MERGESORT.mergesort(MERGESORT.java:47)
	at java_programs.MERGESORT.mergesort(MERGESORT.java:47)
	at java_programs.MERGESORT.mergesort(MERGESORT.java:47)
	at java_programs.MERGESORT.mergesort(MERGESORT.java:47)
	at java_programs.MERGESORT.mergesort(MERGESORT.java:47)
	at java_programs.MERGESORT.mergesort(MERGESORT.java:47)
	at java_programs.MERGESORT.mergesort(MERGESORT.java:47)
	at java_programs.MERGESORT.mergesort(MERGESORT.java:47)
	at java_programs.MERGESORT.mergesort(MERGESORT.java:47)
	at java_programs.MERGESORT.mergesort(MERGESORT.java:47)
	at java_programs.MERGESORT.mergesort(MERGESORT.java:47)
	at java_programs.MERGESORT.mergesort(MERGESORT.java:47)
	at java_programs.MERGESORT.mergesort(MERGESORT.java:47)
	at java_programs.MERGESORT.mergesort(MERGESORT.java:47)
	at java_programs.MERGESORT.mergesort(MERGESORT.java:47)
	at java_programs.MERGESORT.mergesort(MERGESORT.java:47)
	at java_programs.MERGESORT.mergesort(MERGESORT.java:47)
	at java_programs.MERGESORT.mergesort(MERGESORT.java:47)
	at java_programs.MERGESORT.mergesort(MERGESORT.java:47)
	at java_programs.MERGESORT.mergesort(MERGESORT.java:47)
	at java_programs.MERGESORT.mergesort(MERGESORT.java:47)
	at java_programs.MERGESORT.mergesort(MERGESORT.java:47)
	at java_programs.MERGESORT.mergesort(MERGESORT.java:47)
	at java_programs.MERGESORT.mergesort(MERGESORT.java:47)
	at java_programs.MERGESORT.mergesort(MERGESORT.java:47)
	at java_programs.MERGESORT.mergesort(MERGESORT.java:47)
	at java_programs.MERGESORT.mergesort(MERGESORT.java:47)
	at java_programs.MERGESORT.mergesort(MERGESORT.java:47)
	at java_programs.MERGESORT.mergesort(MERGESORT.java:47)
	at java_programs.MERGESORT.mergesort(MERGESORT.java:47)
	at java_programs.MERGESORT.mergesort(MERGESORT.java:47)
	at java_programs.MERGESORT.mergesort(MERGESORT.java:47)
	at java_programs.MERGESORT.mergesort(MERGESORT.java:47)
	at java_programs.MERGESORT.mergesort(MERGESORT.java:47)
	at java_programs.MERGESORT.mergesort(MERGESORT.java:47)
	at java_programs.MERGESORT.mergesort(MERGESORT.java:47)
	at java_programs.MERGESORT.mergesort(MERGESORT.java:47)
	at java_programs.MERGESORT.mergesort(MERGESORT.java:47)
	at java_programs.MERGESORT.mergesort(MERGESORT.java:47)
	at java_programs.MERGESORT.mergesort(MERGESORT.java:47)
	at java_programs.MERGESORT.mergesort(MERGESORT.java:47)
	at java_programs.MERGESORT.mergesort(MERGESORT.java:47)
	at java_programs.MERGESORT.mergesort(MERGESORT.java:47)
	at java_programs.MERGESORT.mergesort(MERGESORT.java:47)
	at java_programs.MERGESORT.mergesort(MERGESORT.java:47)
	at java_programs.MERGESORT.mergesort(MERGESORT.java:47)
	at java_programs.MERGESORT.mergesort(MERGESORT.java:47)
	at java_programs.MERGESORT.mergesort(MERGESORT.java:47)
	at java_programs.MERGESORT.mergesort(MERGESORT.java:47)
	at java_programs.MERGESORT.mergesort(MERGESORT.java:47)
	at java_programs.MERGESORT.mergesort(MERGESORT.java:47)
	at java_programs.MERGESORT.mergesort(MERGESORT.java:47)
	at java_programs.MERGESORT.mergesort(MERGESORT.java:47)
	at java_programs.MERGESORT.mergesort(MERGESORT.java:47)
	at java_programs.MERGESORT.mergesort(MERGESORT.java:47)
	at java_programs.MERGESORT.mergesort(MERGESORT.java:47)
	at java_programs.MERGESORT.mergesort(MERGESORT.java:47)
	at java_programs.MERGESORT.mergesort(MERGESORT.java:47)
	at java_programs.MERGESORT.mergesort(MERGESORT.java:47)
	at java_programs.MERGESORT.mergesort(MERGESORT.java:47)
	at java_programs.MERGESORT.mergesort(MERGESORT.java:47)
	at java_programs.MERGESORT.mergesort(MERGESORT.java:47)
	at java_programs.MERGESORT.mergesort(MERGESORT.java:47)
	at java_programs.MERGESORT.mergesort(MERGESORT.java:47)
	at java_programs.MERGESORT.mergesort(MERGESORT.java:47)
	at java_programs.MERGESORT.mergesort(MERGESORT.java:47)
	at java_programs.MERGESORT.mergesort(MERGESORT.java:47)
	at java_programs.MERGESORT.mergesort(MERGESORT.java:47)
	at java_programs.MERGESORT.mergesort(MERGESORT.java:47)
	at java_programs.MERGESORT.mergesort(MERGESORT.java:47)
	at java_programs.MERGESORT.mergesort(MERGESORT.java:47)
	at java_programs.MERGESORT.mergesort(MERGESORT.java:47)
	at java_programs.MERGESORT.mergesort(MERGESORT.java:47)
	at java_programs.MERGESORT.mergesort(MERGESORT.java:47)
	at java_programs.MERGESORT.mergesort(MERGESORT.java:47)
	at java_programs.MERGESORT.mergesort(MERGESORT.java:47)
	at java_programs.MERGESORT.mergesort(MERGESORT.java:47)
	at java_programs.MERGESORT.mergesort(MERGESORT.java:47)
	at java_programs.MERGESORT.mergesort(MERGESORT.java:47)
	at java_programs.MERGESORT.mergesort(MERGESORT.java:47)
	at java_programs.MERGESORT.mergesort(MERGESORT.java:47)
	at java_programs.MERGESORT.mergesort(MERGESORT.java:47)
	at java_programs.MERGESORT.mergesort(MERGESORT.java:47)
	at java_programs.MERGESORT.mergesort(MERGESORT.java:47)
	at java_programs.MERGESORT.mergesort(MERGESORT.java:47)
	at java_programs.MERGESORT.mergesort(MERGESORT.java:47)
	at java_programs.MERGESORT.mergesort(MERGESORT.java:47)
	at java_programs.MERGESORT.mergesort(MERGESORT.java:47)
	at java_programs.MERGESORT.mergesort(MERGESORT.java:47)
	at java_programs.MERGESORT.mergesort(MERGESORT.java:47)
	at java_programs.MERGESORT.mergesort(MERGESORT.java:47)
	at java_programs.MERGESORT.mergesort(MERGESORT.java:47)
	at java_programs.MERGESORT.mergesort(MERGESORT.java:47)
	at java_programs.MERGESORT.mergesort(MERGESORT.java:47)
	at java_programs.MERGESORT.mergesort(MERGESORT.java:47)
	at java_programs.MERGESORT.mergesort(MERGESORT.java:47)
	at java_programs.MERGESORT.mergesort(MERGESORT.java:47)
	at java_programs.MERGESORT.mergesort(MERGESORT.java:47)
	at java_programs.MERGESORT.mergesort(MERGESORT.java:47)
	at java_programs.MERGESORT.mergesort(MERGESORT.java:47)
	at java_programs.MERGESORT.mergesort(MERGESORT.java:47)
	at java_programs.MERGESORT.mergesort(MERGESORT.java:47)
	at java_programs.MERGESORT.mergesort(MERGESORT.java:47)
	at java_programs.MERGESORT.mergesort(MERGESORT.java:47)
	at java_programs.MERGESORT.mergesort(MERGESORT.java:47)
	at java_programs.MERGESORT.mergesort(MERGESORT.java:47)
	at java_programs.MERGESORT.mergesort(MERGESORT.java:47)
	at java_programs.MERGESORT.mergesort(MERGESORT.java:47)
	at java_programs.MERGESORT.mergesort(MERGESORT.java:47)
	at java_programs.MERGESORT.mergesort(MERGESORT.java:47)
	at java_programs.MERGESORT.mergesort(MERGESORT.java:47)
	at java_programs.MERGESORT.mergesort(MERGESORT.java:47)
	at java_programs.MERGESORT.mergesort(MERGESORT.java:47)
	at java_programs.MERGESORT.mergesort(MERGESORT.java:47)
	at java_programs.MERGESORT.mergesort(MERGESORT.java:47)
	at java_programs.MERGESORT.mergesort(MERGESORT.java:47)
	at java_programs.MERGESORT.mergesort(MERGESORT.java:47)
	at java_programs.MERGESORT.mergesort(MERGESORT.java:47)
	at java_programs.MERGESORT.mergesort(MERGESORT.java:47)
	at java_programs.MERGESORT.mergesort(MERGESORT.java:47)
	at java_programs.MERGESORT.mergesort(MERGESORT.java:47)
	at java_programs.MERGESORT.mergesort(MERGESORT.java:47)
	at java_programs.MERGESORT.mergesort(MERGESORT.java:47)
	at java_programs.MERGESORT.mergesort(MERGESORT.java:47)
	at java_programs.MERGESORT.mergesort(MERGESORT.java:47)
	at java_programs.MERGESORT.mergesort(MERGESORT.java:47)
	at java_programs.MERGESORT.mergesort(MERGESORT.java:47)
	at java_programs.MERGESORT.mergesort(MERGESORT.java:47)
	at java_programs.MERGESORT.mergesort(MERGESORT.java:47)
	at java_programs.MERGESORT.mergesort(MERGESORT.java:47)
	at java_programs.MERGESORT.mergesort(MERGESORT.java:47)
	at java_programs.MERGESORT.mergesort(MERGESORT.java:47)
	at java_programs.MERGESORT.mergesort(MERGESORT.java:47)
	at java_programs.MERGESORT.mergesort(MERGESORT.java:47)
	at java_programs.MERGESORT.mergesort(MERGESORT.java:47)
	at java_programs.MERGESORT.mergesort(MERGESORT.java:47)
	at java_programs.MERGESORT.mergesort(MERGESORT.java:47)
	at java_programs.MERGESORT.mergesort(MERGESORT.java:47)
	at java_programs.MERGESORT.mergesort(MERGESORT.java:47)
	at java_programs.MERGESORT.mergesort(MERGESORT.java:47)
	at java_programs.MERGESORT.mergesort(MERGESORT.java:47)
	at java_programs.MERGESORT.mergesort(MERGESORT.java:47)
	at java_programs.MERGESORT.mergesort(MERGESORT.java:47)
	at java_programs.MERGESORT.mergesort(MERGESORT.java:47)
	at java_programs.MERGESORT.mergesort(MERGESORT.java:47)
	at java_programs.MERGESORT.mergesort(MERGESORT.java:47)
	at java_programs.MERGESORT.mergesort(MERGESORT.java:47)
	at java_programs.MERGESORT.mergesort(MERGESORT.java:47)
	at java_programs.MERGESORT.mergesort(MERGESORT.java:47)
	at java_programs.MERGESORT.mergesort(MERGESORT.java:47)
	at java_programs.MERGESORT.mergesort(MERGESORT.java:47)
	at java_programs.MERGESORT.mergesort(MERGESORT.java:47)
	at java_programs.MERGESORT.mergesort(MERGESORT.java:47)
	at java_programs.MERGESORT.mergesort(MERGESORT.java:47)
	at java_programs.MERGESORT.mergesort(MERGESORT.java:47)
	at java_programs.MERGESORT.mergesort(MERGESORT.java:47)
	at java_programs.MERGESORT.mergesort(MERGESORT.java:47)
	at java_programs.MERGESORT.mergesort(MERGESORT.java:47)
	at java_programs.MERGESORT.mergesort(MERGESORT.java:47)
	at java_programs.MERGESORT.mergesort(MERGESORT.java:47)
	at java_programs.MERGESORT.mergesort(MERGESORT.java:47)
	at java_programs.MERGESORT.mergesort(MERGESORT.java:47)
	at java_programs.MERGESORT.mergesort(MERGESORT.java:47)
	at java_programs.MERGESORT.mergesort(MERGESORT.java:47)
	at java_programs.MERGESORT.mergesort(MERGESORT.java:47)
	at java_programs.MERGESORT.mergesort(MERGESORT.java:47)
	at java_programs.MERGESORT.mergesort(MERGESORT.java:47)
	at java_programs.MERGESORT.mergesort(MERGESORT.java:47)
	at java_programs.MERGESORT.mergesort(MERGESORT.java:47)
	at java_programs.MERGESORT.mergesort(MERGESORT.java:47)
	at java_programs.MERGESORT.mergesort(MERGESORT.java:47)
	at java_programs.MERGESORT.mergesort(MERGESORT.java:47)
	at java_programs.MERGESORT.mergesort(MERGESORT.java:47)
	at java_programs.MERGESORT.mergesort(MERGESORT.java:47)
	at java_programs.MERGESORT.mergesort(MERGESORT.java:47)
	at java_programs.MERGESORT.mergesort(MERGESORT.java:47)
	at java_programs.MERGESORT.mergesort(MERGESORT.java:47)
	at java_programs.MERGESORT.mergesort(MERGESORT.java:47)
	at java_programs.MERGESORT.mergesort(MERGESORT.java:47)
	at java_programs.MERGESORT.mergesort(MERGESORT.java:47)
	at java_programs.MERGESORT.mergesort(MERGESORT.java:47)
	at java_programs.MERGESORT.mergesort(MERGESORT.java:47)
	at java_programs.MERGESORT.mergesort(MERGESORT.java:47)
	at java_programs.MERGESORT.mergesort(MERGESORT.java:47)
	at java_programs.MERGESORT.mergesort(MERGESORT.java:47)
	at java_programs.MERGESORT.mergesort(MERGESORT.java:47)
	at java_programs.MERGESORT.mergesort(MERGESORT.java:47)
	at java_programs.MERGESORT.mergesort(MERGESORT.java:47)
	at java_programs.MERGESORT.mergesort(MERGESORT.java:47)
	at java_programs.MERGESORT.mergesort(MERGESORT.java:47)
	at java_programs.MERGESORT.mergesort(MERGESORT.java:47)
	at java_programs.MERGESORT.mergesort(MERGESORT.java:47)
	at java_programs.MERGESORT.mergesort(MERGESORT.java:47)
	at java_programs.MERGESORT.mergesort(MERGESORT.java:47)
	at java_programs.MERGESORT.mergesort(MERGESORT.java:47)
	at java_programs.MERGESORT.mergesort(MERGESORT.java:47)
	at java_programs.MERGESORT.mergesort(MERGESORT.java:47)
	at java_programs.MERGESORT.mergesort(MERGESORT.java:47)
	at java_programs.MERGESORT.mergesort(MERGESORT.java:47)
	at java_programs.MERGESORT.mergesort(MERGESORT.java:47)
	at java_programs.MERGESORT.mergesort(MERGESORT.java:47)
	at java_programs.MERGESORT.mergesort(MERGESORT.java:47)
	at java_programs.MERGESORT.mergesort(MERGESORT.java:47)
	at java_programs.MERGESORT.mergesort(MERGESORT.java:47)
	at java_programs.MERGESORT.mergesort(MERGESORT.java:47)
	at java_programs.MERGESORT.mergesort(MERGESORT.java:47)
	at java_programs.MERGESORT.mergesort(MERGESORT.java:47)
	at java_programs.MERGESORT.mergesort(MERGESORT.java:47)
	at java_programs.MERGESORT.mergesort(MERGESORT.java:47)
	at java_programs.MERGESORT.mergesort(MERGESORT.java:47)
	at java_programs.MERGESORT.mergesort(MERGESORT.java:47)
	at java_programs.MERGESORT.mergesort(MERGESORT.java:47)
	at java_programs.MERGESORT.mergesort(MERGESORT.java:47)
	at java_programs.MERGESORT.mergesort(MERGESORT.java:47)
	at java_programs.MERGESORT.mergesort(MERGESORT.java:47)
	at java_programs.MERGESORT.mergesort(MERGESORT.java:47)
	at java_programs.MERGESORT.mergesort(MERGESORT.java:47)
	at java_programs.MERGESORT.mergesort(MERGESORT.java:47)
	at java_programs.MERGESORT.mergesort(MERGESORT.java:47)
	at java_programs.MERGESORT.mergesort(MERGESORT.java:47)
	at java_programs.MERGESORT.mergesort(MERGESORT.java:47)
	at java_programs.MERGESORT.mergesort(MERGESORT.java:47)
	at java_programs.MERGESORT.mergesort(MERGESORT.java:47)
	at java_programs.MERGESORT.mergesort(MERGESORT.java:47)
	at java_programs.MERGESORT.mergesort(MERGESORT.java:47)
	at java_programs.MERGESORT.mergesort(MERGESORT.java:47)
	at java_programs.MERGESORT.mergesort(MERGESORT.java:47)
	at java_programs.MERGESORT.mergesort(MERGESORT.java:47)
	at java_programs.MERGESORT.mergesort(MERGESORT.java:47)
	at java_programs.MERGESORT.mergesort(MERGESORT.java:47)
	at java_programs.MERGESORT.mergesort(MERGESORT.java:47)
	at java_programs.MERGESORT.mergesort(MERGESORT.java:47)
	at java_programs.MERGESORT.mergesort(MERGESORT.java:47)
	at java_programs.MERGESORT.mergesort(MERGESORT.java:47)
	at java_programs.MERGESORT.mergesort(MERGESORT.java:47)
	at java_programs.MERGESORT.mergesort(MERGESORT.java:47)
	at java_programs.MERGESORT.mergesort(MERGESORT.java:47)
	at java_programs.MERGESORT.mergesort(MERGESORT.java:47)
	at java_programs.MERGESORT.mergesort(MERGESORT.java:47)
	at java_programs.MERGESORT.mergesort(MERGESORT.java:47)
	at java_programs.MERGESORT.mergesort(MERGESORT.java:47)
	at java_programs.MERGESORT.mergesort(MERGESORT.java:47)
	at java_programs.MERGESORT.mergesort(MERGESORT.java:47)
	at java_programs.MERGESORT.mergesort(MERGESORT.java:47)
	at java_programs.MERGESORT.mergesort(MERGESORT.java:47)
	at java_programs.MERGESORT.mergesort(MERGESORT.java:47)
	at java_programs.MERGESORT.mergesort(MERGESORT.java:47)
	at java_programs.MERGESORT.mergesort(MERGESORT.java:47)
	at java_programs.MERGESORT.mergesort(MERGESORT.java:47)
	at java_programs.MERGESORT.mergesort(MERGESORT.java:47)
	at java_programs.MERGESORT.mergesort(MERGESORT.java:47)
	at java_programs.MERGESORT.mergesort(MERGESORT.java:47)
	at java_programs.MERGESORT.mergesort(MERGESORT.java:47)
	at java_programs.MERGESORT.mergesort(MERGESORT.java:47)
	at java_programs.MERGESORT.mergesort(MERGESORT.java:47)
	at java_programs.MERGESORT.mergesort(MERGESORT.java:47)
	at java_programs.MERGESORT.mergesort(MERGESORT.java:47)
	at java_programs.MERGESORT.mergesort(MERGESORT.java:47)
	at java_programs.MERGESORT.mergesort(MERGESORT.java:47)
	at java_programs.MERGESORT.mergesort(MERGESORT.java:47)
	at java_programs.MERGESORT.mergesort(MERGESORT.java:47)
	at java_programs.MERGESORT.mergesort(MERGESORT.java:47)
	at java_programs.MERGESORT.mergesort(MERGESORT.java:47)
	at java_programs.MERGESORT.mergesort(MERGESORT.java:47)
	at java_programs.MERGESORT.mergesort(MERGESORT.java:47)
	at java_programs.MERGESORT.mergesort(MERGESORT.java:47)
	at java_programs.MERGESORT.mergesort(MERGESORT.java:47)
	at java_programs.MERGESORT.mergesort(MERGESORT.java:47)
	at java_programs.MERGESORT.mergesort(MERGESORT.java:47)
	at java_programs.MERGESORT.mergesort(MERGESORT.java:47)
	at java_programs.MERGESORT.mergesort(MERGESORT.java:47)
	at java_programs.MERGESORT.mergesort(MERGESORT.java:47)
	at java_programs.MERGESORT.mergesort(MERGESORT.java:47)
	at java_programs.MERGESORT.mergesort(MERGESORT.java:47)
	at java_programs.MERGESORT.mergesort(MERGESORT.java:47)
	at java_programs.MERGESORT.mergesort(MERGESORT.java:47)
	at java_programs.MERGESORT.mergesort(MERGESORT.java:47)
	at java_programs.MERGESORT.mergesort(MERGESORT.java:47)
	at java_programs.MERGESORT.mergesort(MERGESORT.java:47)
	at java_programs.MERGESORT.mergesort(MERGESORT.java:47)
	at java_programs.MERGESORT.mergesort(MERGESORT.java:47)
	at java_programs.MERGESORT.mergesort(MERGESORT.java:47)
	at java_programs.MERGESORT.mergesort(MERGESORT.java:47)
	at java_programs.MERGESORT.mergesort(MERGESORT.java:47)
	at java_programs.MERGESORT.mergesort(MERGESORT.java:47)
	at java_programs.MERGESORT.mergesort(MERGESORT.java:47)
	at java_programs.MERGESORT.mergesort(MERGESORT.java:47)
	at java_programs.MERGESORT.mergesort(MERGESORT.java:47)
	at java_programs.MERGESORT.mergesort(MERGESORT.java:47)
	at java_programs.MERGESORT.mergesort(MERGESORT.java:47)
	at java_programs.MERGESORT.mergesort(MERGESORT.java:47)
	at java_programs.MERGESORT.mergesort(MERGESORT.java:47)
	at java_programs.MERGESORT.mergesort(MERGESORT.java:47)
	at java_programs.MERGESORT.mergesort(MERGESORT.java:47)
	at java_programs.MERGESORT.mergesort(MERGESORT.java:47)
	at java_programs.MERGESORT.mergesort(MERGESORT.java:47)
	at java_programs.MERGESORT.mergesort(MERGESORT.java:47)
	at java_programs.MERGESORT.mergesort(MERGESORT.java:47)
	at java_programs.MERGESORT.mergesort(MERGESORT.java:47)
	at java_programs.MERGESORT.mergesort(MERGESORT.java:47)
	at java_programs.MERGESORT.mergesort(MERGESORT.java:47)
	at java_programs.MERGESORT.mergesort(MERGESORT.java:47)
	at java_programs.MERGESORT.mergesort(MERGESORT.java:47)
	at java_programs.MERGESORT.mergesort(MERGESORT.java:47)
	at java_programs.MERGESORT.mergesort(MERGESORT.java:47)
	at java_programs.MERGESORT.mergesort(MERGESORT.java:47)
	at java_programs.MERGESORT.mergesort(MERGESORT.java:47)
	at java_programs.MERGESORT.mergesort(MERGESORT.java:47)
	at java_programs.MERGESORT.mergesort(MERGESORT.java:47)
	at java_programs.MERGESORT.mergesort(MERGESORT.java:47)
	at java_programs.MERGESORT.mergesort(MERGESORT.java:47)
	at java_programs.MERGESORT.mergesort(MERGESORT.java:47)
	at java_programs.MERGESORT.mergesort(MERGESORT.java:47)
	at java_programs.MERGESORT.mergesort(MERGESORT.java:47)
	at java_programs.MERGESORT.mergesort(MERGESORT.java:47)
	at java_programs.MERGESORT.mergesort(MERGESORT.java:47)
	at java_programs.MERGESORT.mergesort(MERGESORT.java:47)
	at java_programs.MERGESORT.mergesort(MERGESORT.java:47)
	at java_programs.MERGESORT.mergesort(MERGESORT.java:47)
	at java_programs.MERGESORT.mergesort(MERGESORT.java:47)
	at java_programs.MERGESORT.mergesort(MERGESORT.java:47)
	at java_programs.MERGESORT.mergesort(MERGESORT.java:47)
	at java_programs.MERGESORT.mergesort(MERGESORT.java:47)
	at java_programs.MERGESORT.mergesort(MERGESORT.java:47)
	at java_programs.MERGESORT.mergesort(MERGESORT.java:47)
	at java_programs.MERGESORT.mergesort(MERGESORT.java:47)
	at java_programs.MERGESORT.mergesort(MERGESORT.java:47)
	at java_programs.MERGESORT.mergesort(MERGESORT.java:47)
	at java_programs.MERGESORT.mergesort(MERGESORT.java:47)
	at java_programs.MERGESORT.mergesort(MERGESORT.java:47)
	at java_programs.MERGESORT.mergesort(MERGESORT.java:47)
	at java_programs.MERGESORT.mergesort(MERGESORT.java:47)
	at java_programs.MERGESORT.mergesort(MERGESORT.java:47)
	at java_programs.MERGESORT.mergesort(MERGESORT.java:47)
	at java_programs.MERGESORT.mergesort(MERGESORT.java:47)
	at java_programs.MERGESORT.mergesort(MERGESORT.java:47)
	at java_programs.MERGESORT.mergesort(MERGESORT.java:47)
	at java_programs.MERGESORT.mergesort(MERGESORT.java:47)
	at java_programs.MERGESORT.mergesort(MERGESORT.java:47)
	at java_programs.MERGESORT.mergesort(MERGESORT.java:47)
	at java_programs.MERGESORT.mergesort(MERGESORT.java:47)
	at java_programs.MERGESORT.mergesort(MERGESORT.java:47)
	at java_programs.MERGESORT.mergesort(MERGESORT.java:47)
	at java_programs.MERGESORT.mergesort(MERGESORT.java:47)
	at java_programs.MERGESORT.mergesort(MERGESORT.java:47)
	at java_programs.MERGESORT.mergesort(MERGESORT.java:47)
	at java_programs.MERGESORT.mergesort(MERGESORT.java:47)
	at java_programs.MERGESORT.mergesort(MERGESORT.java:47)
	at java_programs.MERGESORT.mergesort(MERGESORT.java:47)
	at java_programs.MERGESORT.mergesort(MERGESORT.java:47)
	at java_programs.MERGESORT.mergesort(MERGESORT.java:47)
	at java_programs.MERGESORT.mergesort(MERGESORT.java:47)
	at java_programs.MERGESORT.mergesort(MERGESORT.java:47)
	at java_programs.MERGESORT.mergesort(MERGESORT.java:47)
	at java_programs.MERGESORT.mergesort(MERGESORT.java:47)
	at java_programs.MERGESORT.mergesort(MERGESORT.java:47)
	at java_programs.MERGESORT.mergesort(MERGESORT.java:47)
	at java_programs.MERGESORT.mergesort(MERGESORT.java:47)
	at java_programs.MERGESORT.mergesort(MERGESORT.java:47)
	at java_programs.MERGESORT.mergesort(MERGESORT.java:47)
	at java_programs.MERGESORT.mergesort(MERGESORT.java:47)
	at java_programs.MERGESORT.mergesort(MERGESORT.java:47)
	at java_programs.MERGESORT.mergesort(MERGESORT.java:47)
	at java_programs.MERGESORT.mergesort(MERGESORT.java:47)
	at java_programs.MERGESORT.mergesort(MERGESORT.java:47)
	at java_programs.MERGESORT.mergesort(MERGESORT.java:47)
	at java_programs.MERGESORT.mergesort(MERGESORT.java:47)
	at java_programs.MERGESORT.mergesort(MERGESORT.java:47)
	at java_programs.MERGESORT.mergesort(MERGESORT.java:47)
	at java_programs.MERGESORT.mergesort(MERGESORT.java:47)
	at java_programs.MERGESORT.mergesort(MERGESORT.java:47)
	at java_programs.MERGESORT.mergesort(MERGESORT.java:47)
	at java_programs.MERGESORT.mergesort(MERGESORT.java:47)
	at java_programs.MERGESORT.mergesort(MERGESORT.java:47)
	at java_programs.MERGESORT.mergesort(MERGESORT.java:47)
	at java_programs.MERGESORT.mergesort(MERGESORT.java:47)
	at java_programs.MERGESORT.mergesort(MERGESORT.java:47)
	at java_programs.MERGESORT.mergesort(MERGESORT.java:47)
	at java_programs.MERGESORT.mergesort(MERGESORT.java:47)
	at java_programs.MERGESORT.mergesort(MERGESORT.java:47)
	at java_programs.MERGESORT.mergesort(MERGESORT.java:47)
	at java_programs.MERGESORT.mergesort(MERGESORT.java:47)
	at java_programs.MERGESORT.mergesort(MERGESORT.java:47)
	at java_programs.MERGESORT.mergesort(MERGESORT.java:47)
	at java_programs.MERGESORT.mergesort(MERGESORT.java:47)
	at java_programs.MERGESORT.mergesort(MERGESORT.java:47)
	at java_programs.MERGESORT.mergesort(MERGESORT.java:47)
	at java_programs.MERGESORT.mergesort(MERGESORT.java:47)
	at java_programs.MERGESORT.mergesort(MERGESORT.java:47)
	at java_programs.MERGESORT.mergesort(MERGESORT.java:47)
	at java_programs.MERGESORT.mergesort(MERGESORT.java:47)
	at java_programs.MERGESORT.mergesort(MERGESORT.java:47)
	at java_programs.MERGESORT.mergesort(MERGESORT.java:47)
	at java_programs.MERGESORT.mergesort(MERGESORT.java:47)
	at java_programs.MERGESORT.mergesort(MERGESORT.java:47)
	at java_programs.MERGESORT.mergesort(MERGESORT.java:47)
	at java_programs.MERGESORT.mergesort(MERGESORT.java:47)
	at java_programs.MERGESORT.mergesort(MERGESORT.java:47)
	at java_programs.MERGESORT.mergesort(MERGESORT.java:47)
	at java_programs.MERGESORT.mergesort(MERGESORT.java:47)
	at java_programs.MERGESORT.mergesort(MERGESORT.java:47)
	at java_programs.MERGESORT.mergesort(MERGESORT.java:47)
	at java_programs.MERGESORT.mergesort(MERGESORT.java:47)
	at java_programs.MERGESORT.mergesort(MERGESORT.java:47)
	at java_programs.MERGESORT.mergesort(MERGESORT.java:47)
	at java_programs.MERGESORT.mergesort(MERGESORT.java:47)
	at java_programs.MERGESORT.mergesort(MERGESORT.java:47)
	at java_programs.MERGESORT.mergesort(MERGESORT.java:47)
	at java_programs.MERGESORT.mergesort(MERGESORT.java:47)
	at java_programs.MERGESORT.mergesort(MERGESORT.java:47)
	at java_programs.MERGESORT.mergesort(MERGESORT.java:47)
	at java_programs.MERGESORT.mergesort(MERGESORT.java:47)
	at java_programs.MERGESORT.mergesort(MERGESORT.java:47)
	at java_programs.MERGESORT.mergesort(MERGESORT.java:47)
	at java_programs.MERGESORT.mergesort(MERGESORT.java:47)
	at java_programs.MERGESORT.mergesort(MERGESORT.java:47)
	at java_programs.MERGESORT.mergesort(MERGESORT.java:47)
	at java_programs.MERGESORT.mergesort(MERGESORT.java:47)
	at java_programs.MERGESORT.mergesort(MERGESORT.java:47)
	at java_programs.MERGESORT.mergesort(MERGESORT.java:47)
	at java_programs.MERGESORT.mergesort(MERGESORT.java:47)
	at java_programs.MERGESORT.mergesort(MERGESORT.java:47)
	at java_programs.MERGESORT.mergesort(MERGESORT.java:47)
	at java_programs.MERGESORT.mergesort(MERGESORT.java:47)
	at java_programs.MERGESORT.mergesort(MERGESORT.java:47)
	at java_programs.MERGESORT.mergesort(MERGESORT.java:47)
	at java_programs.MERGESORT.mergesort(MERGESORT.java:47)
	at java_programs.MERGESORT.mergesort(MERGESORT.java:47)
	at java_programs.MERGESORT.mergesort(MERGESORT.java:47)
	at java_programs.MERGESORT.mergesort(MERGESORT.java:47)
	at java_programs.MERGESORT.mergesort(MERGESORT.java:47)
	at java_programs.MERGESORT.mergesort(MERGESORT.java:47)
	at java_programs.MERGESORT.mergesort(MERGESORT.java:47)
	at java_programs.MERGESORT.mergesort(MERGESORT.java:47)
	at java_programs.MERGESORT.mergesort(MERGESORT.java:47)
	at java_programs.MERGESORT.mergesort(MERGESORT.java:47)
	at java_programs.MERGESORT.mergesort(MERGESORT.java:47)
	at java_programs.MERGESORT.mergesort(MERGESORT.java:47)
	at java_programs.MERGESORT.mergesort(MERGESORT.java:47)
	at java_programs.MERGESORT.mergesort(MERGESORT.java:47)
	at java_programs.MERGESORT.mergesort(MERGESORT.java:47)
	at java_programs.MERGESORT.mergesort(MERGESORT.java:47)
	at java_programs.MERGESORT.mergesort(MERGESORT.java:47)
	at java_programs.MERGESORT.mergesort(MERGESORT.java:47)
	at java_programs.MERGESORT.mergesort(MERGESORT.java:47)
	at java_programs.MERGESORT.mergesort(MERGESORT.java:47)
	at java_programs.MERGESORT.mergesort(MERGESORT.java:47)
	at java_programs.MERGESORT.mergesort(MERGESORT.java:47)
	at java_programs.MERGESORT.mergesort(MERGESORT.java:47)
	at java_programs.MERGESORT.mergesort(MERGESORT.java:47)
	at java_programs.MERGESORT.mergesort(MERGESORT.java:47)
	at java_programs.MERGESORT.mergesort(MERGESORT.java:47)
	at java_programs.MERGESORT.mergesort(MERGESORT.java:47)
	at java_programs.MERGESORT.mergesort(MERGESORT.java:47)
	at java_programs.MERGESORT.mergesort(MERGESORT.java:47)
	at java_programs.MERGESORT.mergesort(MERGESORT.java:47)
	at java_programs.MERGESORT.mergesort(MERGESORT.java:47)
	at java_programs.MERGESORT.mergesort(MERGESORT.java:47)
	at java_programs.MERGESORT.mergesort(MERGESORT.java:47)
	at java_programs.MERGESORT.mergesort(MERGESORT.java:47)
	at java_programs.MERGESORT.mergesort(MERGESORT.java:47)
	at java_programs.MERGESORT.mergesort(MERGESORT.java:47)
	at java_programs.MERGESORT.mergesort(MERGESORT.java:47)
	at java_programs.MERGESORT.mergesort(MERGESORT.java:47)
	at java_programs.MERGESORT.mergesort(MERGESORT.java:47)
	at java_programs.MERGESORT.mergesort(MERGESORT.java:47)
	at java_programs.MERGESORT.mergesort(MERGESORT.java:47)
	at java_programs.MERGESORT.mergesort(MERGESORT.java:47)
	at java_programs.MERGESORT.mergesort(MERGESORT.java:47)
	at java_programs.MERGESORT.mergesort(MERGESORT.java:47)
	at java_programs.MERGESORT.mergesort(MERGESORT.java:47)
	at java_programs.MERGESORT.mergesort(MERGESORT.java:47)
	at java_programs.MERGESORT.mergesort(MERGESORT.java:47)
	at java_programs.MERGESORT.mergesort(MERGESORT.java:47)
	at java_programs.MERGESORT.mergesort(MERGESORT.java:47)
	at java_programs.MERGESORT.mergesort(MERGESORT.java:47)
	at java_programs.MERGESORT.mergesort(MERGESORT.java:47)
	at java_programs.MERGESORT.mergesort(MERGESORT.java:47)
	at java_programs.MERGESORT.mergesort(MERGESORT.java:47)
	at java_programs.MERGESORT.mergesort(MERGESORT.java:47)
	at java_programs.MERGESORT.mergesort(MERGESORT.java:47)
	at java_programs.MERGESORT.mergesort(MERGESORT.java:47)
	at java_programs.MERGESORT.mergesort(MERGESORT.java:47)
	at java_programs.MERGESORT.mergesort(MERGESORT.java:47)
	at java_programs.MERGESORT.mergesort(MERGESORT.java:47)
	at java_programs.MERGESORT.mergesort(MERGESORT.java:47)
</failure>
  </testcase>
  <testcase name="test_8" classname="java_testcases.junit.MERGESORT_TEST" time="0.011">
    <failure message="java.lang.StackOverflowError" type="java.lang.StackOverflowError">java.lang.StackOverflowError
	at java.util.ArrayList.subList(ArrayList.java:1006)
	at java_programs.MERGESORT.mergesort(MERGESORT.java:43)
	at java_programs.MERGESORT.mergesort(MERGESORT.java:47)
	at java_programs.MERGESORT.mergesort(MERGESORT.java:47)
	at java_programs.MERGESORT.mergesort(MERGESORT.java:47)
	at java_programs.MERGESORT.mergesort(MERGESORT.java:47)
	at java_programs.MERGESORT.mergesort(MERGESORT.java:47)
	at java_programs.MERGESORT.mergesort(MERGESORT.java:47)
	at java_programs.MERGESORT.mergesort(MERGESORT.java:47)
	at java_programs.MERGESORT.mergesort(MERGESORT.java:47)
	at java_programs.MERGESORT.mergesort(MERGESORT.java:47)
	at java_programs.MERGESORT.mergesort(MERGESORT.java:47)
	at java_programs.MERGESORT.mergesort(MERGESORT.java:47)
	at java_programs.MERGESORT.mergesort(MERGESORT.java:47)
	at java_programs.MERGESORT.mergesort(MERGESORT.java:47)
	at java_programs.MERGESORT.mergesort(MERGESORT.java:47)
	at java_programs.MERGESORT.mergesort(MERGESORT.java:47)
	at java_programs.MERGESORT.mergesort(MERGESORT.java:47)
	at java_programs.MERGESORT.mergesort(MERGESORT.java:47)
	at java_programs.MERGESORT.mergesort(MERGESORT.java:47)
	at java_programs.MERGESORT.mergesort(MERGESORT.java:47)
	at java_programs.MERGESORT.mergesort(MERGESORT.java:47)
	at java_programs.MERGESORT.mergesort(MERGESORT.java:47)
	at java_programs.MERGESORT.mergesort(MERGESORT.java:47)
	at java_programs.MERGESORT.mergesort(MERGESORT.java:47)
	at java_programs.MERGESORT.mergesort(MERGESORT.java:47)
	at java_programs.MERGESORT.mergesort(MERGESORT.java:47)
	at java_programs.MERGESORT.mergesort(MERGESORT.java:47)
	at java_programs.MERGESORT.mergesort(MERGESORT.java:47)
	at java_programs.MERGESORT.mergesort(MERGESORT.java:47)
	at java_programs.MERGESORT.mergesort(MERGESORT.java:47)
	at java_programs.MERGESORT.mergesort(MERGESORT.java:47)
	at java_programs.MERGESORT.mergesort(MERGESORT.java:47)
	at java_programs.MERGESORT.mergesort(MERGESORT.java:47)
	at java_programs.MERGESORT.mergesort(MERGESORT.java:47)
	at java_programs.MERGESORT.mergesort(MERGESORT.java:47)
	at java_programs.MERGESORT.mergesort(MERGESORT.java:47)
	at java_programs.MERGESORT.mergesort(MERGESORT.java:47)
	at java_programs.MERGESORT.mergesort(MERGESORT.java:47)
	at java_programs.MERGESORT.mergesort(MERGESORT.java:47)
	at java_programs.MERGESORT.mergesort(MERGESORT.java:47)
	at java_programs.MERGESORT.mergesort(MERGESORT.java:47)
	at java_programs.MERGESORT.mergesort(MERGESORT.java:47)
	at java_programs.MERGESORT.mergesort(MERGESORT.java:47)
	at java_programs.MERGESORT.mergesort(MERGESORT.java:47)
	at java_programs.MERGESORT.mergesort(MERGESORT.java:47)
	at java_programs.MERGESORT.mergesort(MERGESORT.java:47)
	at java_programs.MERGESORT.mergesort(MERGESORT.java:47)
	at java_programs.MERGESORT.mergesort(MERGESORT.java:47)
	at java_programs.MERGESORT.mergesort(MERGESORT.java:47)
	at java_programs.MERGESORT.mergesort(MERGESORT.java:47)
	at java_programs.MERGESORT.mergesort(MERGESORT.java:47)
	at java_programs.MERGESORT.mergesort(MERGESORT.java:47)
	at java_programs.MERGESORT.mergesort(MERGESORT.java:47)
	at java_programs.MERGESORT.mergesort(MERGESORT.java:47)
	at java_programs.MERGESORT.mergesort(MERGESORT.java:47)
	at java_programs.MERGESORT.mergesort(MERGESORT.java:47)
	at java_programs.MERGESORT.mergesort(MERGESORT.java:47)
	at java_programs.MERGESORT.mergesort(MERGESORT.java:47)
	at java_programs.MERGESORT.mergesort(MERGESORT.java:47)
	at java_programs.MERGESORT.mergesort(MERGESORT.java:47)
	at java_programs.MERGESORT.mergesort(MERGESORT.java:47)
	at java_programs.MERGESORT.mergesort(MERGESORT.java:47)
	at java_programs.MERGESORT.mergesort(MERGESORT.java:47)
	at java_programs.MERGESORT.mergesort(MERGESORT.java:47)
	at java_programs.MERGESORT.mergesort(MERGESORT.java:47)
	at java_programs.MERGESORT.mergesort(MERGESORT.java:47)
	at java_programs.MERGESORT.mergesort(MERGESORT.java:47)
	at java_programs.MERGESORT.mergesort(MERGESORT.java:47)
	at java_programs.MERGESORT.mergesort(MERGESORT.java:47)
	at java_programs.MERGESORT.mergesort(MERGESORT.java:47)
	at java_programs.MERGESORT.mergesort(MERGESORT.java:47)
	at java_programs.MERGESORT.mergesort(MERGESORT.java:47)
	at java_programs.MERGESORT.mergesort(MERGESORT.java:47)
	at java_programs.MERGESORT.mergesort(MERGESORT.java:47)
	at java_programs.MERGESORT.mergesort(MERGESORT.java:47)
	at java_programs.MERGESORT.mergesort(MERGESORT.java:47)
	at java_programs.MERGESORT.mergesort(MERGESORT.java:47)
	at java_programs.MERGESORT.mergesort(MERGESORT.java:47)
	at java_programs.MERGESORT.mergesort(MERGESORT.java:47)
	at java_programs.MERGESORT.mergesort(MERGESORT.java:47)
	at java_programs.MERGESORT.mergesort(MERGESORT.java:47)
	at java_programs.MERGESORT.mergesort(MERGESORT.java:47)
	at java_programs.MERGESORT.mergesort(MERGESORT.java:47)
	at java_programs.MERGESORT.mergesort(MERGESORT.java:47)
	at java_programs.MERGESORT.mergesort(MERGESORT.java:47)
	at java_programs.MERGESORT.mergesort(MERGESORT.java:47)
	at java_programs.MERGESORT.mergesort(MERGESORT.java:47)
	at java_programs.MERGESORT.mergesort(MERGESORT.java:47)
	at java_programs.MERGESORT.mergesort(MERGESORT.java:47)
	at java_programs.MERGESORT.mergesort(MERGESORT.java:47)
	at java_programs.MERGESORT.mergesort(MERGESORT.java:47)
	at java_programs.MERGESORT.mergesort(MERGESORT.java:47)
	at java_programs.MERGESORT.mergesort(MERGESORT.java:47)
	at java_programs.MERGESORT.mergesort(MERGESORT.java:47)
	at java_programs.MERGESORT.mergesort(MERGESORT.java:47)
	at java_programs.MERGESORT.mergesort(MERGESORT.java:47)
	at java_programs.MERGESORT.mergesort(MERGESORT.java:47)
	at java_programs.MERGESORT.mergesort(MERGESORT.java:47)
	at java_programs.MERGESORT.mergesort(MERGESORT.java:47)
	at java_programs.MERGESORT.mergesort(MERGESORT.java:47)
	at java_programs.MERGESORT.mergesort(MERGESORT.java:47)
	at java_programs.MERGESORT.mergesort(MERGESORT.java:47)
	at java_programs.MERGESORT.mergesort(MERGESORT.java:47)
	at java_programs.MERGESORT.mergesort(MERGESORT.java:47)
	at java_programs.MERGESORT.mergesort(MERGESORT.java:47)
	at java_programs.MERGESORT.mergesort(MERGESORT.java:47)
	at java_programs.MERGESORT.mergesort(MERGESORT.java:47)
	at java_programs.MERGESORT.mergesort(MERGESORT.java:47)
	at java_programs.MERGESORT.mergesort(MERGESORT.java:47)
	at java_programs.MERGESORT.mergesort(MERGESORT.java:47)
	at java_programs.MERGESORT.mergesort(MERGESORT.java:47)
	at java_programs.MERGESORT.mergesort(MERGESORT.java:47)
	at java_programs.MERGESORT.mergesort(MERGESORT.java:47)
	at java_programs.MERGESORT.mergesort(MERGESORT.java:47)
	at java_programs.MERGESORT.mergesort(MERGESORT.java:47)
	at java_programs.MERGESORT.mergesort(MERGESORT.java:47)
	at java_programs.MERGESORT.mergesort(MERGESORT.java:47)
	at java_programs.MERGESORT.mergesort(MERGESORT.java:47)
	at java_programs.MERGESORT.mergesort(MERGESORT.java:47)
	at java_programs.MERGESORT.mergesort(MERGESORT.java:47)
	at java_programs.MERGESORT.mergesort(MERGESORT.java:47)
	at java_programs.MERGESORT.mergesort(MERGESORT.java:47)
	at java_programs.MERGESORT.mergesort(MERGESORT.java:47)
	at java_programs.MERGESORT.mergesort(MERGESORT.java:47)
	at java_programs.MERGESORT.mergesort(MERGESORT.java:47)
	at java_programs.MERGESORT.mergesort(MERGESORT.java:47)
	at java_programs.MERGESORT.mergesort(MERGESORT.java:47)
	at java_programs.MERGESORT.mergesort(MERGESORT.java:47)
	at java_programs.MERGESORT.mergesort(MERGESORT.java:47)
	at java_programs.MERGESORT.mergesort(MERGESORT.java:47)
	at java_programs.MERGESORT.mergesort(MERGESORT.java:47)
	at java_programs.MERGESORT.mergesort(MERGESORT.java:47)
	at java_programs.MERGESORT.mergesort(MERGESORT.java:47)
	at java_programs.MERGESORT.mergesort(MERGESORT.java:47)
	at java_programs.MERGESORT.mergesort(MERGESORT.java:47)
	at java_programs.MERGESORT.mergesort(MERGESORT.java:47)
	at java_programs.MERGESORT.mergesort(MERGESORT.java:47)
	at java_programs.MERGESORT.mergesort(MERGESORT.java:47)
	at java_programs.MERGESORT.mergesort(MERGESORT.java:47)
	at java_programs.MERGESORT.mergesort(MERGESORT.java:47)
	at java_programs.MERGESORT.mergesort(MERGESORT.java:47)
	at java_programs.MERGESORT.mergesort(MERGESORT.java:47)
	at java_programs.MERGESORT.mergesort(MERGESORT.java:47)
	at java_programs.MERGESORT.mergesort(MERGESORT.java:47)
	at java_programs.MERGESORT.mergesort(MERGESORT.java:47)
	at java_programs.MERGESORT.mergesort(MERGESORT.java:47)
	at java_programs.MERGESORT.mergesort(MERGESORT.java:47)
	at java_programs.MERGESORT.mergesort(MERGESORT.java:47)
	at java_programs.MERGESORT.mergesort(MERGESORT.java:47)
	at java_programs.MERGESORT.mergesort(MERGESORT.java:47)
	at java_programs.MERGESORT.mergesort(MERGESORT.java:47)
	at java_programs.MERGESORT.mergesort(MERGESORT.java:47)
	at java_programs.MERGESORT.mergesort(MERGESORT.java:47)
	at java_programs.MERGESORT.mergesort(MERGESORT.java:47)
	at java_programs.MERGESORT.mergesort(MERGESORT.java:47)
	at java_programs.MERGESORT.mergesort(MERGESORT.java:47)
	at java_programs.MERGESORT.mergesort(MERGESORT.java:47)
	at java_programs.MERGESORT.mergesort(MERGESORT.java:47)
	at java_programs.MERGESORT.mergesort(MERGESORT.java:47)
	at java_programs.MERGESORT.mergesort(MERGESORT.java:47)
	at java_programs.MERGESORT.mergesort(MERGESORT.java:47)
	at java_programs.MERGESORT.mergesort(MERGESORT.java:47)
	at java_programs.MERGESORT.mergesort(MERGESORT.java:47)
	at java_programs.MERGESORT.mergesort(MERGESORT.java:47)
	at java_programs.MERGESORT.mergesort(MERGESORT.java:47)
	at java_programs.MERGESORT.mergesort(MERGESORT.java:47)
	at java_programs.MERGESORT.mergesort(MERGESORT.java:47)
	at java_programs.MERGESORT.mergesort(MERGESORT.java:47)
	at java_programs.MERGESORT.mergesort(MERGESORT.java:47)
	at java_programs.MERGESORT.mergesort(MERGESORT.java:47)
	at java_programs.MERGESORT.mergesort(MERGESORT.java:47)
	at java_programs.MERGESORT.mergesort(MERGESORT.java:47)
	at java_programs.MERGESORT.mergesort(MERGESORT.java:47)
	at java_programs.MERGESORT.mergesort(MERGESORT.java:47)
	at java_programs.MERGESORT.mergesort(MERGESORT.java:47)
	at java_programs.MERGESORT.mergesort(MERGESORT.java:47)
	at java_programs.MERGESORT.mergesort(MERGESORT.java:47)
	at java_programs.MERGESORT.mergesort(MERGESORT.java:47)
	at java_programs.MERGESORT.mergesort(MERGESORT.java:47)
	at java_programs.MERGESORT.mergesort(MERGESORT.java:47)
	at java_programs.MERGESORT.mergesort(MERGESORT.java:47)
	at java_programs.MERGESORT.mergesort(MERGESORT.java:47)
	at java_programs.MERGESORT.mergesort(MERGESORT.java:47)
	at java_programs.MERGESORT.mergesort(MERGESORT.java:47)
	at java_programs.MERGESORT.mergesort(MERGESORT.java:47)
	at java_programs.MERGESORT.mergesort(MERGESORT.java:47)
	at java_programs.MERGESORT.mergesort(MERGESORT.java:47)
	at java_programs.MERGESORT.mergesort(MERGESORT.java:47)
	at java_programs.MERGESORT.mergesort(MERGESORT.java:47)
	at java_programs.MERGESORT.mergesort(MERGESORT.java:47)
	at java_programs.MERGESORT.mergesort(MERGESORT.java:47)
	at java_programs.MERGESORT.mergesort(MERGESORT.java:47)
	at java_programs.MERGESORT.mergesort(MERGESORT.java:47)
	at java_programs.MERGESORT.mergesort(MERGESORT.java:47)
	at java_programs.MERGESORT.mergesort(MERGESORT.java:47)
	at java_programs.MERGESORT.mergesort(MERGESORT.java:47)
	at java_programs.MERGESORT.mergesort(MERGESORT.java:47)
	at java_programs.MERGESORT.mergesort(MERGESORT.java:47)
	at java_programs.MERGESORT.mergesort(MERGESORT.java:47)
	at java_programs.MERGESORT.mergesort(MERGESORT.java:47)
	at java_programs.MERGESORT.mergesort(MERGESORT.java:47)
	at java_programs.MERGESORT.mergesort(MERGESORT.java:47)
	at java_programs.MERGESORT.mergesort(MERGESORT.java:47)
	at java_programs.MERGESORT.mergesort(MERGESORT.java:47)
	at java_programs.MERGESORT.mergesort(MERGESORT.java:47)
	at java_programs.MERGESORT.mergesort(MERGESORT.java:47)
	at java_programs.MERGESORT.mergesort(MERGESORT.java:47)
	at java_programs.MERGESORT.mergesort(MERGESORT.java:47)
	at java_programs.MERGESORT.mergesort(MERGESORT.java:47)
	at java_programs.MERGESORT.mergesort(MERGESORT.java:47)
	at java_programs.MERGESORT.mergesort(MERGESORT.java:47)
	at java_programs.MERGESORT.mergesort(MERGESORT.java:47)
	at java_programs.MERGESORT.mergesort(MERGESORT.java:47)
	at java_programs.MERGESORT.mergesort(MERGESORT.java:47)
	at java_programs.MERGESORT.mergesort(MERGESORT.java:47)
	at java_programs.MERGESORT.mergesort(MERGESORT.java:47)
	at java_programs.MERGESORT.mergesort(MERGESORT.java:47)
	at java_programs.MERGESORT.mergesort(MERGESORT.java:47)
	at java_programs.MERGESORT.mergesort(MERGESORT.java:47)
	at java_programs.MERGESORT.mergesort(MERGESORT.java:47)
	at java_programs.MERGESORT.mergesort(MERGESORT.java:47)
	at java_programs.MERGESORT.mergesort(MERGESORT.java:47)
	at java_programs.MERGESORT.mergesort(MERGESORT.java:47)
	at java_programs.MERGESORT.mergesort(MERGESORT.java:47)
	at java_programs.MERGESORT.mergesort(MERGESORT.java:47)
	at java_programs.MERGESORT.mergesort(MERGESORT.java:47)
	at java_programs.MERGESORT.mergesort(MERGESORT.java:47)
	at java_programs.MERGESORT.mergesort(MERGESORT.java:47)
	at java_programs.MERGESORT.mergesort(MERGESORT.java:47)
	at java_programs.MERGESORT.mergesort(MERGESORT.java:47)
	at java_programs.MERGESORT.mergesort(MERGESORT.java:47)
	at java_programs.MERGESORT.mergesort(MERGESORT.java:47)
	at java_programs.MERGESORT.mergesort(MERGESORT.java:47)
	at java_programs.MERGESORT.mergesort(MERGESORT.java:47)
	at java_programs.MERGESORT.mergesort(MERGESORT.java:47)
	at java_programs.MERGESORT.mergesort(MERGESORT.java:47)
	at java_programs.MERGESORT.mergesort(MERGESORT.java:47)
	at java_programs.MERGESORT.mergesort(MERGESORT.java:47)
	at java_programs.MERGESORT.mergesort(MERGESORT.java:47)
	at java_programs.MERGESORT.mergesort(MERGESORT.java:47)
	at java_programs.MERGESORT.mergesort(MERGESORT.java:47)
	at java_programs.MERGESORT.mergesort(MERGESORT.java:47)
	at java_programs.MERGESORT.mergesort(MERGESORT.java:47)
	at java_programs.MERGESORT.mergesort(MERGESORT.java:47)
	at java_programs.MERGESORT.mergesort(MERGESORT.java:47)
	at java_programs.MERGESORT.mergesort(MERGESORT.java:47)
	at java_programs.MERGESORT.mergesort(MERGESORT.java:47)
	at java_programs.MERGESORT.mergesort(MERGESORT.java:47)
	at java_programs.MERGESORT.mergesort(MERGESORT.java:47)
	at java_programs.MERGESORT.mergesort(MERGESORT.java:47)
	at java_programs.MERGESORT.mergesort(MERGESORT.java:47)
	at java_programs.MERGESORT.mergesort(MERGESORT.java:47)
	at java_programs.MERGESORT.mergesort(MERGESORT.java:47)
	at java_programs.MERGESORT.mergesort(MERGESORT.java:47)
	at java_programs.MERGESORT.mergesort(MERGESORT.java:47)
	at java_programs.MERGESORT.mergesort(MERGESORT.java:47)
	at java_programs.MERGESORT.mergesort(MERGESORT.java:47)
	at java_programs.MERGESORT.mergesort(MERGESORT.java:47)
	at java_programs.MERGESORT.mergesort(MERGESORT.java:47)
	at java_programs.MERGESORT.mergesort(MERGESORT.java:47)
	at java_programs.MERGESORT.mergesort(MERGESORT.java:47)
	at java_programs.MERGESORT.mergesort(MERGESORT.java:47)
	at java_programs.MERGESORT.mergesort(MERGESORT.java:47)
	at java_programs.MERGESORT.mergesort(MERGESORT.java:47)
	at java_programs.MERGESORT.mergesort(MERGESORT.java:47)
	at java_programs.MERGESORT.mergesort(MERGESORT.java:47)
	at java_programs.MERGESORT.mergesort(MERGESORT.java:47)
	at java_programs.MERGESORT.mergesort(MERGESORT.java:47)
	at java_programs.MERGESORT.mergesort(MERGESORT.java:47)
	at java_programs.MERGESORT.mergesort(MERGESORT.java:47)
	at java_programs.MERGESORT.mergesort(MERGESORT.java:47)
	at java_programs.MERGESORT.mergesort(MERGESORT.java:47)
	at java_programs.MERGESORT.mergesort(MERGESORT.java:47)
	at java_programs.MERGESORT.mergesort(MERGESORT.java:47)
	at java_programs.MERGESORT.mergesort(MERGESORT.java:47)
	at java_programs.MERGESORT.mergesort(MERGESORT.java:47)
	at java_programs.MERGESORT.mergesort(MERGESORT.java:47)
	at java_programs.MERGESORT.mergesort(MERGESORT.java:47)
	at java_programs.MERGESORT.mergesort(MERGESORT.java:47)
	at java_programs.MERGESORT.mergesort(MERGESORT.java:47)
	at java_programs.MERGESORT.mergesort(MERGESORT.java:47)
	at java_programs.MERGESORT.mergesort(MERGESORT.java:47)
	at java_programs.MERGESORT.mergesort(MERGESORT.java:47)
	at java_programs.MERGESORT.mergesort(MERGESORT.java:47)
	at java_programs.MERGESORT.mergesort(MERGESORT.java:47)
	at java_programs.MERGESORT.mergesort(MERGESORT.java:47)
	at java_programs.MERGESORT.mergesort(MERGESORT.java:47)
	at java_programs.MERGESORT.mergesort(MERGESORT.java:47)
	at java_programs.MERGESORT.mergesort(MERGESORT.java:47)
	at java_programs.MERGESORT.mergesort(MERGESORT.java:47)
	at java_programs.MERGESORT.mergesort(MERGESORT.java:47)
	at java_programs.MERGESORT.mergesort(MERGESORT.java:47)
	at java_programs.MERGESORT.mergesort(MERGESORT.java:47)
	at java_programs.MERGESORT.mergesort(MERGESORT.java:47)
	at java_programs.MERGESORT.mergesort(MERGESORT.java:47)
	at java_programs.MERGESORT.mergesort(MERGESORT.java:47)
	at java_programs.MERGESORT.mergesort(MERGESORT.java:47)
	at java_programs.MERGESORT.mergesort(MERGESORT.java:47)
	at java_programs.MERGESORT.mergesort(MERGESORT.java:47)
	at java_programs.MERGESORT.mergesort(MERGESORT.java:47)
	at java_programs.MERGESORT.mergesort(MERGESORT.java:47)
	at java_programs.MERGESORT.mergesort(MERGESORT.java:47)
	at java_programs.MERGESORT.mergesort(MERGESORT.java:47)
	at java_programs.MERGESORT.mergesort(MERGESORT.java:47)
	at java_programs.MERGESORT.mergesort(MERGESORT.java:47)
	at java_programs.MERGESORT.mergesort(MERGESORT.java:47)
	at java_programs.MERGESORT.mergesort(MERGESORT.java:47)
	at java_programs.MERGESORT.mergesort(MERGESORT.java:47)
	at java_programs.MERGESORT.mergesort(MERGESORT.java:47)
	at java_programs.MERGESORT.mergesort(MERGESORT.java:47)
	at java_programs.MERGESORT.mergesort(MERGESORT.java:47)
	at java_programs.MERGESORT.mergesort(MERGESORT.java:47)
	at java_programs.MERGESORT.mergesort(MERGESORT.java:47)
	at java_programs.MERGESORT.mergesort(MERGESORT.java:47)
	at java_programs.MERGESORT.mergesort(MERGESORT.java:47)
	at java_programs.MERGESORT.mergesort(MERGESORT.java:47)
	at java_programs.MERGESORT.mergesort(MERGESORT.java:47)
	at java_programs.MERGESORT.mergesort(MERGESORT.java:47)
	at java_programs.MERGESORT.mergesort(MERGESORT.java:47)
	at java_programs.MERGESORT.mergesort(MERGESORT.java:47)
	at java_programs.MERGESORT.mergesort(MERGESORT.java:47)
	at java_programs.MERGESORT.mergesort(MERGESORT.java:47)
	at java_programs.MERGESORT.mergesort(MERGESORT.java:47)
	at java_programs.MERGESORT.mergesort(MERGESORT.java:47)
	at java_programs.MERGESORT.mergesort(MERGESORT.java:47)
	at java_programs.MERGESORT.mergesort(MERGESORT.java:47)
	at java_programs.MERGESORT.mergesort(MERGESORT.java:47)
	at java_programs.MERGESORT.mergesort(MERGESORT.java:47)
	at java_programs.MERGESORT.mergesort(MERGESORT.java:47)
	at java_programs.MERGESORT.mergesort(MERGESORT.java:47)
	at java_programs.MERGESORT.mergesort(MERGESORT.java:47)
	at java_programs.MERGESORT.mergesort(MERGESORT.java:47)
	at java_programs.MERGESORT.mergesort(MERGESORT.java:47)
	at java_programs.MERGESORT.mergesort(MERGESORT.java:47)
	at java_programs.MERGESORT.mergesort(MERGESORT.java:47)
	at java_programs.MERGESORT.mergesort(MERGESORT.java:47)
	at java_programs.MERGESORT.mergesort(MERGESORT.java:47)
	at java_programs.MERGESORT.mergesort(MERGESORT.java:47)
	at java_programs.MERGESORT.mergesort(MERGESORT.java:47)
	at java_programs.MERGESORT.mergesort(MERGESORT.java:47)
	at java_programs.MERGESORT.mergesort(MERGESORT.java:47)
	at java_programs.MERGESORT.mergesort(MERGESORT.java:47)
	at java_programs.MERGESORT.mergesort(MERGESORT.java:47)
	at java_programs.MERGESORT.mergesort(MERGESORT.java:47)
	at java_programs.MERGESORT.mergesort(MERGESORT.java:47)
	at java_programs.MERGESORT.mergesort(MERGESORT.java:47)
	at java_programs.MERGESORT.mergesort(MERGESORT.java:47)
	at java_programs.MERGESORT.mergesort(MERGESORT.java:47)
	at java_programs.MERGESORT.mergesort(MERGESORT.java:47)
	at java_programs.MERGESORT.mergesort(MERGESORT.java:47)
	at java_programs.MERGESORT.mergesort(MERGESORT.java:47)
	at java_programs.MERGESORT.mergesort(MERGESORT.java:47)
	at java_programs.MERGESORT.mergesort(MERGESORT.java:47)
	at java_programs.MERGESORT.mergesort(MERGESORT.java:47)
	at java_programs.MERGESORT.mergesort(MERGESORT.java:47)
	at java_programs.MERGESORT.mergesort(MERGESORT.java:47)
	at java_programs.MERGESORT.mergesort(MERGESORT.java:47)
	at java_programs.MERGESORT.mergesort(MERGESORT.java:47)
	at java_programs.MERGESORT.mergesort(MERGESORT.java:47)
	at java_programs.MERGESORT.mergesort(MERGESORT.java:47)
	at java_programs.MERGESORT.mergesort(MERGESORT.java:47)
	at java_programs.MERGESORT.mergesort(MERGESORT.java:47)
	at java_programs.MERGESORT.mergesort(MERGESORT.java:47)
	at java_programs.MERGESORT.mergesort(MERGESORT.java:47)
	at java_programs.MERGESORT.mergesort(MERGESORT.java:47)
	at java_programs.MERGESORT.mergesort(MERGESORT.java:47)
	at java_programs.MERGESORT.mergesort(MERGESORT.java:47)
	at java_programs.MERGESORT.mergesort(MERGESORT.java:47)
	at java_programs.MERGESORT.mergesort(MERGESORT.java:47)
	at java_programs.MERGESORT.mergesort(MERGESORT.java:47)
	at java_programs.MERGESORT.mergesort(MERGESORT.java:47)
	at java_programs.MERGESORT.mergesort(MERGESORT.java:47)
	at java_programs.MERGESORT.mergesort(MERGESORT.java:47)
	at java_programs.MERGESORT.mergesort(MERGESORT.java:47)
	at java_programs.MERGESORT.mergesort(MERGESORT.java:47)
	at java_programs.MERGESORT.mergesort(MERGESORT.java:47)
	at java_programs.MERGESORT.mergesort(MERGESORT.java:47)
	at java_programs.MERGESORT.mergesort(MERGESORT.java:47)
	at java_programs.MERGESORT.mergesort(MERGESORT.java:47)
	at java_programs.MERGESORT.mergesort(MERGESORT.java:47)
	at java_programs.MERGESORT.mergesort(MERGESORT.java:47)
	at java_programs.MERGESORT.mergesort(MERGESORT.java:47)
	at java_programs.MERGESORT.mergesort(MERGESORT.java:47)
	at java_programs.MERGESORT.mergesort(MERGESORT.java:47)
	at java_programs.MERGESORT.mergesort(MERGESORT.java:47)
	at java_programs.MERGESORT.mergesort(MERGESORT.java:47)
	at java_programs.MERGESORT.mergesort(MERGESORT.java:47)
	at java_programs.MERGESORT.mergesort(MERGESORT.java:47)
	at java_programs.MERGESORT.mergesort(MERGESORT.java:47)
	at java_programs.MERGESORT.mergesort(MERGESORT.java:47)
	at java_programs.MERGESORT.mergesort(MERGESORT.java:47)
	at java_programs.MERGESORT.mergesort(MERGESORT.java:47)
	at java_programs.MERGESORT.mergesort(MERGESORT.java:47)
	at java_programs.MERGESORT.mergesort(MERGESORT.java:47)
	at java_programs.MERGESORT.mergesort(MERGESORT.java:47)
	at java_programs.MERGESORT.mergesort(MERGESORT.java:47)
	at java_programs.MERGESORT.mergesort(MERGESORT.java:47)
	at java_programs.MERGESORT.mergesort(MERGESORT.java:47)
	at java_programs.MERGESORT.mergesort(MERGESORT.java:47)
	at java_programs.MERGESORT.mergesort(MERGESORT.java:47)
	at java_programs.MERGESORT.mergesort(MERGESORT.java:47)
	at java_programs.MERGESORT.mergesort(MERGESORT.java:47)
	at java_programs.MERGESORT.mergesort(MERGESORT.java:47)
	at java_programs.MERGESORT.mergesort(MERGESORT.java:47)
	at java_programs.MERGESORT.mergesort(MERGESORT.java:47)
	at java_programs.MERGESORT.mergesort(MERGESORT.java:47)
	at java_programs.MERGESORT.mergesort(MERGESORT.java:47)
	at java_programs.MERGESORT.mergesort(MERGESORT.java:47)
	at java_programs.MERGESORT.mergesort(MERGESORT.java:47)
	at java_programs.MERGESORT.mergesort(MERGESORT.java:47)
	at java_programs.MERGESORT.mergesort(MERGESORT.java:47)
	at java_programs.MERGESORT.mergesort(MERGESORT.java:47)
	at java_programs.MERGESORT.mergesort(MERGESORT.java:47)
	at java_programs.MERGESORT.mergesort(MERGESORT.java:47)
	at java_programs.MERGESORT.mergesort(MERGESORT.java:47)
	at java_programs.MERGESORT.mergesort(MERGESORT.java:47)
	at java_programs.MERGESORT.mergesort(MERGESORT.java:47)
	at java_programs.MERGESORT.mergesort(MERGESORT.java:47)
	at java_programs.MERGESORT.mergesort(MERGESORT.java:47)
	at java_programs.MERGESORT.mergesort(MERGESORT.java:47)
	at java_programs.MERGESORT.mergesort(MERGESORT.java:47)
	at java_programs.MERGESORT.mergesort(MERGESORT.java:47)
	at java_programs.MERGESORT.mergesort(MERGESORT.java:47)
	at java_programs.MERGESORT.mergesort(MERGESORT.java:47)
	at java_programs.MERGESORT.mergesort(MERGESORT.java:47)
	at java_programs.MERGESORT.mergesort(MERGESORT.java:47)
	at java_programs.MERGESORT.mergesort(MERGESORT.java:47)
	at java_programs.MERGESORT.mergesort(MERGESORT.java:47)
	at java_programs.MERGESORT.mergesort(MERGESORT.java:47)
	at java_programs.MERGESORT.mergesort(MERGESORT.java:47)
	at java_programs.MERGESORT.mergesort(MERGESORT.java:47)
	at java_programs.MERGESORT.mergesort(MERGESORT.java:47)
	at java_programs.MERGESORT.mergesort(MERGESORT.java:47)
	at java_programs.MERGESORT.mergesort(MERGESORT.java:47)
	at java_programs.MERGESORT.mergesort(MERGESORT.java:47)
	at java_programs.MERGESORT.mergesort(MERGESORT.java:47)
	at java_programs.MERGESORT.mergesort(MERGESORT.java:47)
	at java_programs.MERGESORT.mergesort(MERGESORT.java:47)
	at java_programs.MERGESORT.mergesort(MERGESORT.java:47)
	at java_programs.MERGESORT.mergesort(MERGESORT.java:47)
	at java_programs.MERGESORT.mergesort(MERGESORT.java:47)
	at java_programs.MERGESORT.mergesort(MERGESORT.java:47)
	at java_programs.MERGESORT.mergesort(MERGESORT.java:47)
	at java_programs.MERGESORT.mergesort(MERGESORT.java:47)
	at java_programs.MERGESORT.mergesort(MERGESORT.java:47)
	at java_programs.MERGESORT.mergesort(MERGESORT.java:47)
	at java_programs.MERGESORT.mergesort(MERGESORT.java:47)
	at java_programs.MERGESORT.mergesort(MERGESORT.java:47)
	at java_programs.MERGESORT.mergesort(MERGESORT.java:47)
	at java_programs.MERGESORT.mergesort(MERGESORT.java:47)
	at java_programs.MERGESORT.mergesort(MERGESORT.java:47)
	at java_programs.MERGESORT.mergesort(MERGESORT.java:47)
	at java_programs.MERGESORT.mergesort(MERGESORT.java:47)
	at java_programs.MERGESORT.mergesort(MERGESORT.java:47)
	at java_programs.MERGESORT.mergesort(MERGESORT.java:47)
	at java_programs.MERGESORT.mergesort(MERGESORT.java:47)
	at java_programs.MERGESORT.mergesort(MERGESORT.java:47)
	at java_programs.MERGESORT.mergesort(MERGESORT.java:47)
	at java_programs.MERGESORT.mergesort(MERGESORT.java:47)
	at java_programs.MERGESORT.mergesort(MERGESORT.java:47)
	at java_programs.MERGESORT.mergesort(MERGESORT.java:47)
	at java_programs.MERGESORT.mergesort(MERGESORT.java:47)
	at java_programs.MERGESORT.mergesort(MERGESORT.java:47)
	at java_programs.MERGESORT.mergesort(MERGESORT.java:47)
	at java_programs.MERGESORT.mergesort(MERGESORT.java:47)
	at java_programs.MERGESORT.mergesort(MERGESORT.java:47)
	at java_programs.MERGESORT.mergesort(MERGESORT.java:47)
	at java_programs.MERGESORT.mergesort(MERGESORT.java:47)
	at java_programs.MERGESORT.mergesort(MERGESORT.java:47)
	at java_programs.MERGESORT.mergesort(MERGESORT.java:47)
	at java_programs.MERGESORT.mergesort(MERGESORT.java:47)
	at java_programs.MERGESORT.mergesort(MERGESORT.java:47)
	at java_programs.MERGESORT.mergesort(MERGESORT.java:47)
	at java_programs.MERGESORT.mergesort(MERGESORT.java:47)
	at java_programs.MERGESORT.mergesort(MERGESORT.java:47)
	at java_programs.MERGESORT.mergesort(MERGESORT.java:47)
	at java_programs.MERGESORT.mergesort(MERGESORT.java:47)
	at java_programs.MERGESORT.mergesort(MERGESORT.java:47)
	at java_programs.MERGESORT.mergesort(MERGESORT.java:47)
	at java_programs.MERGESORT.mergesort(MERGESORT.java:47)
	at java_programs.MERGESORT.mergesort(MERGESORT.java:47)
	at java_programs.MERGESORT.mergesort(MERGESORT.java:47)
	at java_programs.MERGESORT.mergesort(MERGESORT.java:47)
	at java_programs.MERGESORT.mergesort(MERGESORT.java:47)
	at java_programs.MERGESORT.mergesort(MERGESORT.java:47)
	at java_programs.MERGESORT.mergesort(MERGESORT.java:47)
	at java_programs.MERGESORT.mergesort(MERGESORT.java:47)
	at java_programs.MERGESORT.mergesort(MERGESORT.java:47)
	at java_programs.MERGESORT.mergesort(MERGESORT.java:47)
	at java_programs.MERGESORT.mergesort(MERGESORT.java:47)
	at java_programs.MERGESORT.mergesort(MERGESORT.java:47)
	at java_programs.MERGESORT.mergesort(MERGESORT.java:47)
	at java_programs.MERGESORT.mergesort(MERGESORT.java:47)
	at java_programs.MERGESORT.mergesort(MERGESORT.java:47)
	at java_programs.MERGESORT.mergesort(MERGESORT.java:47)
	at java_programs.MERGESORT.mergesort(MERGESORT.java:47)
	at java_programs.MERGESORT.mergesort(MERGESORT.java:47)
	at java_programs.MERGESORT.mergesort(MERGESORT.java:47)
	at java_programs.MERGESORT.mergesort(MERGESORT.java:47)
	at java_programs.MERGESORT.mergesort(MERGESORT.java:47)
	at java_programs.MERGESORT.mergesort(MERGESORT.java:47)
	at java_programs.MERGESORT.mergesort(MERGESORT.java:47)
	at java_programs.MERGESORT.mergesort(MERGESORT.java:47)
	at java_programs.MERGESORT.mergesort(MERGESORT.java:47)
	at java_programs.MERGESORT.mergesort(MERGESORT.java:47)
	at java_programs.MERGESORT.mergesort(MERGESORT.java:47)
	at java_programs.MERGESORT.mergesort(MERGESORT.java:47)
	at java_programs.MERGESORT.mergesort(MERGESORT.java:47)
	at java_programs.MERGESORT.mergesort(MERGESORT.java:47)
	at java_programs.MERGESORT.mergesort(MERGESORT.java:47)
	at java_programs.MERGESORT.mergesort(MERGESORT.java:47)
	at java_programs.MERGESORT.mergesort(MERGESORT.java:47)
	at java_programs.MERGESORT.mergesort(MERGESORT.java:47)
	at java_programs.MERGESORT.mergesort(MERGESORT.java:47)
	at java_programs.MERGESORT.mergesort(MERGESORT.java:47)
	at java_programs.MERGESORT.mergesort(MERGESORT.java:47)
	at java_programs.MERGESORT.mergesort(MERGESORT.java:47)
	at java_programs.MERGESORT.mergesort(MERGESORT.java:47)
	at java_programs.MERGESORT.mergesort(MERGESORT.java:47)
	at java_programs.MERGESORT.mergesort(MERGESORT.java:47)
	at java_programs.MERGESORT.mergesort(MERGESORT.java:47)
	at java_programs.MERGESORT.mergesort(MERGESORT.java:47)
	at java_programs.MERGESORT.mergesort(MERGESORT.java:47)
	at java_programs.MERGESORT.mergesort(MERGESORT.java:47)
	at java_programs.MERGESORT.mergesort(MERGESORT.java:47)
	at java_programs.MERGESORT.mergesort(MERGESORT.java:47)
	at java_programs.MERGESORT.mergesort(MERGESORT.java:47)
	at java_programs.MERGESORT.mergesort(MERGESORT.java:47)
	at java_programs.MERGESORT.mergesort(MERGESORT.java:47)
	at java_programs.MERGESORT.mergesort(MERGESORT.java:47)
	at java_programs.MERGESORT.mergesort(MERGESORT.java:47)
	at java_programs.MERGESORT.mergesort(MERGESORT.java:47)
	at java_programs.MERGESORT.mergesort(MERGESORT.java:47)
	at java_programs.MERGESORT.mergesort(MERGESORT.java:47)
	at java_programs.MERGESORT.mergesort(MERGESORT.java:47)
	at java_programs.MERGESORT.mergesort(MERGESORT.java:47)
	at java_programs.MERGESORT.mergesort(MERGESORT.java:47)
	at java_programs.MERGESORT.mergesort(MERGESORT.java:47)
	at java_programs.MERGESORT.mergesort(MERGESORT.java:47)
	at java_programs.MERGESORT.mergesort(MERGESORT.java:47)
	at java_programs.MERGESORT.mergesort(MERGESORT.java:47)
	at java_programs.MERGESORT.mergesort(MERGESORT.java:47)
	at java_programs.MERGESORT.mergesort(MERGESORT.java:47)
	at java_programs.MERGESORT.mergesort(MERGESORT.java:47)
	at java_programs.MERGESORT.mergesort(MERGESORT.java:47)
	at java_programs.MERGESORT.mergesort(MERGESORT.java:47)
	at java_programs.MERGESORT.mergesort(MERGESORT.java:47)
	at java_programs.MERGESORT.mergesort(MERGESORT.java:47)
	at java_programs.MERGESORT.mergesort(MERGESORT.java:47)
	at java_programs.MERGESORT.mergesort(MERGESORT.java:47)
	at java_programs.MERGESORT.mergesort(MERGESORT.java:47)
	at java_programs.MERGESORT.mergesort(MERGESORT.java:47)
	at java_programs.MERGESORT.mergesort(MERGESORT.java:47)
	at java_programs.MERGESORT.mergesort(MERGESORT.java:47)
	at java_programs.MERGESORT.mergesort(MERGESORT.java:47)
	at java_programs.MERGESORT.mergesort(MERGESORT.java:47)
	at java_programs.MERGESORT.mergesort(MERGESORT.java:47)
	at java_programs.MERGESORT.mergesort(MERGESORT.java:47)
	at java_programs.MERGESORT.mergesort(MERGESORT.java:47)
	at java_programs.MERGESORT.mergesort(MERGESORT.java:47)
	at java_programs.MERGESORT.mergesort(MERGESORT.java:47)
	at java_programs.MERGESORT.mergesort(MERGESORT.java:47)
	at java_programs.MERGESORT.mergesort(MERGESORT.java:47)
	at java_programs.MERGESORT.mergesort(MERGESORT.java:47)
	at java_programs.MERGESORT.mergesort(MERGESORT.java:47)
	at java_programs.MERGESORT.mergesort(MERGESORT.java:47)
	at java_programs.MERGESORT.mergesort(MERGESORT.java:47)
	at java_programs.MERGESORT.mergesort(MERGESORT.java:47)
	at java_programs.MERGESORT.mergesort(MERGESORT.java:47)
	at java_programs.MERGESORT.mergesort(MERGESORT.java:47)
	at java_programs.MERGESORT.mergesort(MERGESORT.java:47)
	at java_programs.MERGESORT.mergesort(MERGESORT.java:47)
	at java_programs.MERGESORT.mergesort(MERGESORT.java:47)
	at java_programs.MERGESORT.mergesort(MERGESORT.java:47)
	at java_programs.MERGESORT.mergesort(MERGESORT.java:47)
	at java_programs.MERGESORT.mergesort(MERGESORT.java:47)
	at java_programs.MERGESORT.mergesort(MERGESORT.java:47)
	at java_programs.MERGESORT.mergesort(MERGESORT.java:47)
	at java_programs.MERGESORT.mergesort(MERGESORT.java:47)
	at java_programs.MERGESORT.mergesort(MERGESORT.java:47)
	at java_programs.MERGESORT.mergesort(MERGESORT.java:47)
	at java_programs.MERGESORT.mergesort(MERGESORT.java:47)
	at java_programs.MERGESORT.mergesort(MERGESORT.java:47)
	at java_programs.MERGESORT.mergesort(MERGESORT.java:47)
	at java_programs.MERGESORT.mergesort(MERGESORT.java:47)
	at java_programs.MERGESORT.mergesort(MERGESORT.java:47)
	at java_programs.MERGESORT.mergesort(MERGESORT.java:47)
	at java_programs.MERGESORT.mergesort(MERGESORT.java:47)
	at java_programs.MERGESORT.mergesort(MERGESORT.java:47)
	at java_programs.MERGESORT.mergesort(MERGESORT.java:47)
	at java_programs.MERGESORT.mergesort(MERGESORT.java:47)
	at java_programs.MERGESORT.mergesort(MERGESORT.java:47)
	at java_programs.MERGESORT.mergesort(MERGESORT.java:47)
	at java_programs.MERGESORT.mergesort(MERGESORT.java:47)
	at java_programs.MERGESORT.mergesort(MERGESORT.java:47)
	at java_programs.MERGESORT.mergesort(MERGESORT.java:47)
	at java_programs.MERGESORT.mergesort(MERGESORT.java:47)
	at java_programs.MERGESORT.mergesort(MERGESORT.java:47)
	at java_programs.MERGESORT.mergesort(MERGESORT.java:47)
	at java_programs.MERGESORT.mergesort(MERGESORT.java:47)
	at java_programs.MERGESORT.mergesort(MERGESORT.java:47)
	at java_programs.MERGESORT.mergesort(MERGESORT.java:47)
	at java_programs.MERGESORT.mergesort(MERGESORT.java:47)
	at java_programs.MERGESORT.mergesort(MERGESORT.java:47)
	at java_programs.MERGESORT.mergesort(MERGESORT.java:47)
	at java_programs.MERGESORT.mergesort(MERGESORT.java:47)
	at java_programs.MERGESORT.mergesort(MERGESORT.java:47)
	at java_programs.MERGESORT.mergesort(MERGESORT.java:47)
	at java_programs.MERGESORT.mergesort(MERGESORT.java:47)
	at java_programs.MERGESORT.mergesort(MERGESORT.java:47)
	at java_programs.MERGESORT.mergesort(MERGESORT.java:47)
	at java_programs.MERGESORT.mergesort(MERGESORT.java:47)
	at java_programs.MERGESORT.mergesort(MERGESORT.java:47)
	at java_programs.MERGESORT.mergesort(MERGESORT.java:47)
	at java_programs.MERGESORT.mergesort(MERGESORT.java:47)
	at java_programs.MERGESORT.mergesort(MERGESORT.java:47)
	at java_programs.MERGESORT.mergesort(MERGESORT.java:47)
	at java_programs.MERGESORT.mergesort(MERGESORT.java:47)
	at java_programs.MERGESORT.mergesort(MERGESORT.java:47)
	at java_programs.MERGESORT.mergesort(MERGESORT.java:47)
	at java_programs.MERGESORT.mergesort(MERGESORT.java:47)
	at java_programs.MERGESORT.mergesort(MERGESORT.java:47)
	at java_programs.MERGESORT.mergesort(MERGESORT.java:47)
	at java_programs.MERGESORT.mergesort(MERGESORT.java:47)
	at java_programs.MERGESORT.mergesort(MERGESORT.java:47)
	at java_programs.MERGESORT.mergesort(MERGESORT.java:47)
	at java_programs.MERGESORT.mergesort(MERGESORT.java:47)
	at java_programs.MERGESORT.mergesort(MERGESORT.java:47)
	at java_programs.MERGESORT.mergesort(MERGESORT.java:47)
	at java_programs.MERGESORT.mergesort(MERGESORT.java:47)
	at java_programs.MERGESORT.mergesort(MERGESORT.java:47)
	at java_programs.MERGESORT.mergesort(MERGESORT.java:47)
	at java_programs.MERGESORT.mergesort(MERGESORT.java:47)
	at java_programs.MERGESORT.mergesort(MERGESORT.java:47)
	at java_programs.MERGESORT.mergesort(MERGESORT.java:47)
	at java_programs.MERGESORT.mergesort(MERGESORT.java:47)
	at java_programs.MERGESORT.mergesort(MERGESORT.java:47)
	at java_programs.MERGESORT.mergesort(MERGESORT.java:47)
	at java_programs.MERGESORT.mergesort(MERGESORT.java:47)
	at java_programs.MERGESORT.mergesort(MERGESORT.java:47)
	at java_programs.MERGESORT.mergesort(MERGESORT.java:47)
	at java_programs.MERGESORT.mergesort(MERGESORT.java:47)
	at java_programs.MERGESORT.mergesort(MERGESORT.java:47)
	at java_programs.MERGESORT.mergesort(MERGESORT.java:47)
	at java_programs.MERGESORT.mergesort(MERGESORT.java:47)
	at java_programs.MERGESORT.mergesort(MERGESORT.java:47)
	at java_programs.MERGESORT.mergesort(MERGESORT.java:47)
	at java_programs.MERGESORT.mergesort(MERGESORT.java:47)
	at java_programs.MERGESORT.mergesort(MERGESORT.java:47)
	at java_programs.MERGESORT.mergesort(MERGESORT.java:47)
	at java_programs.MERGESORT.mergesort(MERGESORT.java:47)
	at java_programs.MERGESORT.mergesort(MERGESORT.java:47)
	at java_programs.MERGESORT.mergesort(MERGESORT.java:47)
	at java_programs.MERGESORT.mergesort(MERGESORT.java:47)
	at java_programs.MERGESORT.mergesort(MERGESORT.java:47)
	at java_programs.MERGESORT.mergesort(MERGESORT.java:47)
	at java_programs.MERGESORT.mergesort(MERGESORT.java:47)
	at java_programs.MERGESORT.mergesort(MERGESORT.java:47)
	at java_programs.MERGESORT.mergesort(MERGESORT.java:47)
	at java_programs.MERGESORT.mergesort(MERGESORT.java:47)
	at java_programs.MERGESORT.mergesort(MERGESORT.java:47)
	at java_programs.MERGESORT.mergesort(MERGESORT.java:47)
	at java_programs.MERGESORT.mergesort(MERGESORT.java:47)
	at java_programs.MERGESORT.mergesort(MERGESORT.java:47)
	at java_programs.MERGESORT.mergesort(MERGESORT.java:47)
	at java_programs.MERGESORT.mergesort(MERGESORT.java:47)
	at java_programs.MERGESORT.mergesort(MERGESORT.java:47)
	at java_programs.MERGESORT.mergesort(MERGESORT.java:47)
	at java_programs.MERGESORT.mergesort(MERGESORT.java:47)
	at java_programs.MERGESORT.mergesort(MERGESORT.java:47)
	at java_programs.MERGESORT.mergesort(MERGESORT.java:47)
	at java_programs.MERGESORT.mergesort(MERGESORT.java:47)
	at java_programs.MERGESORT.mergesort(MERGESORT.java:47)
	at java_programs.MERGESORT.mergesort(MERGESORT.java:47)
	at java_programs.MERGESORT.mergesort(MERGESORT.java:47)
	at java_programs.MERGESORT.mergesort(MERGESORT.java:47)
	at java_programs.MERGESORT.mergesort(MERGESORT.java:47)
	at java_programs.MERGESORT.mergesort(MERGESORT.java:47)
	at java_programs.MERGESORT.mergesort(MERGESORT.java:47)
	at java_programs.MERGESORT.mergesort(MERGESORT.java:47)
	at java_programs.MERGESORT.mergesort(MERGESORT.java:47)
	at java_programs.MERGESORT.mergesort(MERGESORT.java:47)
	at java_programs.MERGESORT.mergesort(MERGESORT.java:47)
	at java_programs.MERGESORT.mergesort(MERGESORT.java:47)
	at java_programs.MERGESORT.mergesort(MERGESORT.java:47)
	at java_programs.MERGESORT.mergesort(MERGESORT.java:47)
	at java_programs.MERGESORT.mergesort(MERGESORT.java:47)
	at java_programs.MERGESORT.mergesort(MERGESORT.java:47)
	at java_programs.MERGESORT.mergesort(MERGESORT.java:47)
	at java_programs.MERGESORT.mergesort(MERGESORT.java:47)
	at java_programs.MERGESORT.mergesort(MERGESORT.java:47)
	at java_programs.MERGESORT.mergesort(MERGESORT.java:47)
	at java_programs.MERGESORT.mergesort(MERGESORT.java:47)
	at java_programs.MERGESORT.mergesort(MERGESORT.java:47)
	at java_programs.MERGESORT.mergesort(MERGESORT.java:47)
	at java_programs.MERGESORT.mergesort(MERGESORT.java:47)
	at java_programs.MERGESORT.mergesort(MERGESORT.java:47)
	at java_programs.MERGESORT.mergesort(MERGESORT.java:47)
	at java_programs.MERGESORT.mergesort(MERGESORT.java:47)
	at java_programs.MERGESORT.mergesort(MERGESORT.java:47)
	at java_programs.MERGESORT.mergesort(MERGESORT.java:47)
	at java_programs.MERGESORT.mergesort(MERGESORT.java:47)
	at java_programs.MERGESORT.mergesort(MERGESORT.java:47)
	at java_programs.MERGESORT.mergesort(MERGESORT.java:47)
	at java_programs.MERGESORT.mergesort(MERGESORT.java:47)
	at java_programs.MERGESORT.mergesort(MERGESORT.java:47)
	at java_programs.MERGESORT.mergesort(MERGESORT.java:47)
	at java_programs.MERGESORT.mergesort(MERGESORT.java:47)
	at java_programs.MERGESORT.mergesort(MERGESORT.java:47)
	at java_programs.MERGESORT.mergesort(MERGESORT.java:47)
	at java_programs.MERGESORT.mergesort(MERGESORT.java:47)
	at java_programs.MERGESORT.mergesort(MERGESORT.java:47)
	at java_programs.MERGESORT.mergesort(MERGESORT.java:47)
	at java_programs.MERGESORT.mergesort(MERGESORT.java:47)
	at java_programs.MERGESORT.mergesort(MERGESORT.java:47)
	at java_programs.MERGESORT.mergesort(MERGESORT.java:47)
	at java_programs.MERGESORT.mergesort(MERGESORT.java:47)
	at java_programs.MERGESORT.mergesort(MERGESORT.java:47)
	at java_programs.MERGESORT.mergesort(MERGESORT.java:47)
	at java_programs.MERGESORT.mergesort(MERGESORT.java:47)
	at java_programs.MERGESORT.mergesort(MERGESORT.java:47)
	at java_programs.MERGESORT.mergesort(MERGESORT.java:47)
	at java_programs.MERGESORT.mergesort(MERGESORT.java:47)
	at java_programs.MERGESORT.mergesort(MERGESORT.java:47)
	at java_programs.MERGESORT.mergesort(MERGESORT.java:47)
	at java_programs.MERGESORT.mergesort(MERGESORT.java:47)
	at java_programs.MERGESORT.mergesort(MERGESORT.java:47)
	at java_programs.MERGESORT.mergesort(MERGESORT.java:47)
	at java_programs.MERGESORT.mergesort(MERGESORT.java:47)
	at java_programs.MERGESORT.mergesort(MERGESORT.java:47)
	at java_programs.MERGESORT.mergesort(MERGESORT.java:47)
	at java_programs.MERGESORT.mergesort(MERGESORT.java:47)
	at java_programs.MERGESORT.mergesort(MERGESORT.java:47)
	at java_programs.MERGESORT.mergesort(MERGESORT.java:47)
	at java_programs.MERGESORT.mergesort(MERGESORT.java:47)
	at java_programs.MERGESORT.mergesort(MERGESORT.java:47)
	at java_programs.MERGESORT.mergesort(MERGESORT.java:47)
	at java_programs.MERGESORT.mergesort(MERGESORT.java:47)
	at java_programs.MERGESORT.mergesort(MERGESORT.java:47)
	at java_programs.MERGESORT.mergesort(MERGESORT.java:47)
	at java_programs.MERGESORT.mergesort(MERGESORT.java:47)
	at java_programs.MERGESORT.mergesort(MERGESORT.java:47)
	at java_programs.MERGESORT.mergesort(MERGESORT.java:47)
	at java_programs.MERGESORT.mergesort(MERGESORT.java:47)
	at java_programs.MERGESORT.mergesort(MERGESORT.java:47)
	at java_programs.MERGESORT.mergesort(MERGESORT.java:47)
	at java_programs.MERGESORT.mergesort(MERGESORT.java:47)
	at java_programs.MERGESORT.mergesort(MERGESORT.java:47)
	at java_programs.MERGESORT.mergesort(MERGESORT.java:47)
	at java_programs.MERGESORT.mergesort(MERGESORT.java:47)
	at java_programs.MERGESORT.mergesort(MERGESORT.java:47)
	at java_programs.MERGESORT.mergesort(MERGESORT.java:47)
	at java_programs.MERGESORT.mergesort(MERGESORT.java:47)
	at java_programs.MERGESORT.mergesort(MERGESORT.java:47)
	at java_programs.MERGESORT.mergesort(MERGESORT.java:47)
	at java_programs.MERGESORT.mergesort(MERGESORT.java:47)
	at java_programs.MERGESORT.mergesort(MERGESORT.java:47)
	at java_programs.MERGESORT.mergesort(MERGESORT.java:47)
	at java_programs.MERGESORT.mergesort(MERGESORT.java:47)
	at java_programs.MERGESORT.mergesort(MERGESORT.java:47)
	at java_programs.MERGESORT.mergesort(MERGESORT.java:47)
	at java_programs.MERGESORT.mergesort(MERGESORT.java:47)
	at java_programs.MERGESORT.mergesort(MERGESORT.java:47)
	at java_programs.MERGESORT.mergesort(MERGESORT.java:47)
	at java_programs.MERGESORT.mergesort(MERGESORT.java:47)
	at java_programs.MERGESORT.mergesort(MERGESORT.java:47)
	at java_programs.MERGESORT.mergesort(MERGESORT.java:47)
	at java_programs.MERGESORT.mergesort(MERGESORT.java:47)
	at java_programs.MERGESORT.mergesort(MERGESORT.java:47)
	at java_programs.MERGESORT.mergesort(MERGESORT.java:47)
	at java_programs.MERGESORT.mergesort(MERGESORT.java:47)
	at java_programs.MERGESORT.mergesort(MERGESORT.java:47)
	at java_programs.MERGESORT.mergesort(MERGESORT.java:47)
	at java_programs.MERGESORT.mergesort(MERGESORT.java:47)
	at java_programs.MERGESORT.mergesort(MERGESORT.java:47)
	at java_programs.MERGESORT.mergesort(MERGESORT.java:47)
	at java_programs.MERGESORT.mergesort(MERGESORT.java:47)
	at java_programs.MERGESORT.mergesort(MERGESORT.java:47)
	at java_programs.MERGESORT.mergesort(MERGESORT.java:47)
	at java_programs.MERGESORT.mergesort(MERGESORT.java:47)
	at java_programs.MERGESORT.mergesort(MERGESORT.java:47)
	at java_programs.MERGESORT.mergesort(MERGESORT.java:47)
	at java_programs.MERGESORT.mergesort(MERGESORT.java:47)
	at java_programs.MERGESORT.mergesort(MERGESORT.java:47)
	at java_programs.MERGESORT.mergesort(MERGESORT.java:47)
	at java_programs.MERGESORT.mergesort(MERGESORT.java:47)
	at java_programs.MERGESORT.mergesort(MERGESORT.java:47)
	at java_programs.MERGESORT.mergesort(MERGESORT.java:47)
	at java_programs.MERGESORT.mergesort(MERGESORT.java:47)
	at java_programs.MERGESORT.mergesort(MERGESORT.java:47)
	at java_programs.MERGESORT.mergesort(MERGESORT.java:47)
	at java_programs.MERGESORT.mergesort(MERGESORT.java:47)
	at java_programs.MERGESORT.mergesort(MERGESORT.java:47)
	at java_programs.MERGESORT.mergesort(MERGESORT.java:47)
	at java_programs.MERGESORT.mergesort(MERGESORT.java:47)
	at java_programs.MERGESORT.mergesort(MERGESORT.java:47)
	at java_programs.MERGESORT.mergesort(MERGESORT.java:47)
	at java_programs.MERGESORT.mergesort(MERGESORT.java:47)
	at java_programs.MERGESORT.mergesort(MERGESORT.java:47)
	at java_programs.MERGESORT.mergesort(MERGESORT.java:47)
	at java_programs.MERGESORT.mergesort(MERGESORT.java:47)
	at java_programs.MERGESORT.mergesort(MERGESORT.java:47)
	at java_programs.MERGESORT.mergesort(MERGESORT.java:47)
	at java_programs.MERGESORT.mergesort(MERGESORT.java:47)
	at java_programs.MERGESORT.mergesort(MERGESORT.java:47)
	at java_programs.MERGESORT.mergesort(MERGESORT.java:47)
	at java_programs.MERGESORT.mergesort(MERGESORT.java:47)
	at java_programs.MERGESORT.mergesort(MERGESORT.java:47)
	at java_programs.MERGESORT.mergesort(MERGESORT.java:47)
	at java_programs.MERGESORT.mergesort(MERGESORT.java:47)
	at java_programs.MERGESORT.mergesort(MERGESORT.java:47)
	at java_programs.MERGESORT.mergesort(MERGESORT.java:47)
	at java_programs.MERGESORT.mergesort(MERGESORT.java:47)
	at java_programs.MERGESORT.mergesort(MERGESORT.java:47)
	at java_programs.MERGESORT.mergesort(MERGESORT.java:47)
	at java_programs.MERGESORT.mergesort(MERGESORT.java:47)
	at java_programs.MERGESORT.mergesort(MERGESORT.java:47)
	at java_programs.MERGESORT.mergesort(MERGESORT.java:47)
	at java_programs.MERGESORT.mergesort(MERGESORT.java:47)
	at java_programs.MERGESORT.mergesort(MERGESORT.java:47)
	at java_programs.MERGESORT.mergesort(MERGESORT.java:47)
	at java_programs.MERGESORT.mergesort(MERGESORT.java:47)
	at java_programs.MERGESORT.mergesort(MERGESORT.java:47)
	at java_programs.MERGESORT.mergesort(MERGESORT.java:47)
	at java_programs.MERGESORT.mergesort(MERGESORT.java:47)
	at java_programs.MERGESORT.mergesort(MERGESORT.java:47)
	at java_programs.MERGESORT.mergesort(MERGESORT.java:47)
	at java_programs.MERGESORT.mergesort(MERGESORT.java:47)
	at java_programs.MERGESORT.mergesort(MERGESORT.java:47)
	at java_programs.MERGESORT.mergesort(MERGESORT.java:47)
	at java_programs.MERGESORT.mergesort(MERGESORT.java:47)
	at java_programs.MERGESORT.mergesort(MERGESORT.java:47)
	at java_programs.MERGESORT.mergesort(MERGESORT.java:47)
	at java_programs.MERGESORT.mergesort(MERGESORT.java:47)
	at java_programs.MERGESORT.mergesort(MERGESORT.java:47)
	at java_programs.MERGESORT.mergesort(MERGESORT.java:47)
	at java_programs.MERGESORT.mergesort(MERGESORT.java:47)
	at java_programs.MERGESORT.mergesort(MERGESORT.java:47)
	at java_programs.MERGESORT.mergesort(MERGESORT.java:47)
	at java_programs.MERGESORT.mergesort(MERGESORT.java:47)
	at java_programs.MERGESORT.mergesort(MERGESORT.java:47)
	at java_programs.MERGESORT.mergesort(MERGESORT.java:47)
	at java_programs.MERGESORT.mergesort(MERGESORT.java:47)
	at java_programs.MERGESORT.mergesort(MERGESORT.java:47)
	at java_programs.MERGESORT.mergesort(MERGESORT.java:47)
	at java_programs.MERGESORT.mergesort(MERGESORT.java:47)
	at java_programs.MERGESORT.mergesort(MERGESORT.java:47)
	at java_programs.MERGESORT.mergesort(MERGESORT.java:47)
	at java_programs.MERGESORT.mergesort(MERGESORT.java:47)
	at java_programs.MERGESORT.mergesort(MERGESORT.java:47)
	at java_programs.MERGESORT.mergesort(MERGESORT.java:47)
	at java_programs.MERGESORT.mergesort(MERGESORT.java:47)
	at java_programs.MERGESORT.mergesort(MERGESORT.java:47)
	at java_programs.MERGESORT.mergesort(MERGESORT.java:47)
	at java_programs.MERGESORT.mergesort(MERGESORT.java:47)
	at java_programs.MERGESORT.mergesort(MERGESORT.java:47)
	at java_programs.MERGESORT.mergesort(MERGESORT.java:47)
	at java_programs.MERGESORT.mergesort(MERGESORT.java:47)
	at java_programs.MERGESORT.mergesort(MERGESORT.java:47)
	at java_programs.MERGESORT.mergesort(MERGESORT.java:47)
	at java_programs.MERGESORT.mergesort(MERGESORT.java:47)
	at java_programs.MERGESORT.mergesort(MERGESORT.java:47)
	at java_programs.MERGESORT.mergesort(MERGESORT.java:47)
	at java_programs.MERGESORT.mergesort(MERGESORT.java:47)
	at java_programs.MERGESORT.mergesort(MERGESORT.java:47)
	at java_programs.MERGESORT.mergesort(MERGESORT.java:47)
	at java_programs.MERGESORT.mergesort(MERGESORT.java:47)
	at java_programs.MERGESORT.mergesort(MERGESORT.java:47)
	at java_programs.MERGESORT.mergesort(MERGESORT.java:47)
	at java_programs.MERGESORT.mergesort(MERGESORT.java:47)
	at java_programs.MERGESORT.mergesort(MERGESORT.java:47)
	at java_programs.MERGESORT.mergesort(MERGESORT.java:47)
	at java_programs.MERGESORT.mergesort(MERGESORT.java:47)
	at java_programs.MERGESORT.mergesort(MERGESORT.java:47)
	at java_programs.MERGESORT.mergesort(MERGESORT.java:47)
	at java_programs.MERGESORT.mergesort(MERGESORT.java:47)
	at java_programs.MERGESORT.mergesort(MERGESORT.java:47)
	at java_programs.MERGESORT.mergesort(MERGESORT.java:47)
	at java_programs.MERGESORT.mergesort(MERGESORT.java:47)
	at java_programs.MERGESORT.mergesort(MERGESORT.java:47)
	at java_programs.MERGESORT.mergesort(MERGESORT.java:47)
	at java_programs.MERGESORT.mergesort(MERGESORT.java:47)
	at java_programs.MERGESORT.mergesort(MERGESORT.java:47)
	at java_programs.MERGESORT.mergesort(MERGESORT.java:47)
	at java_programs.MERGESORT.mergesort(MERGESORT.java:47)
	at java_programs.MERGESORT.mergesort(MERGESORT.java:47)
	at java_programs.MERGESORT.mergesort(MERGESORT.java:47)
	at java_programs.MERGESORT.mergesort(MERGESORT.java:47)
	at java_programs.MERGESORT.mergesort(MERGESORT.java:47)
	at java_programs.MERGESORT.mergesort(MERGESORT.java:47)
	at java_programs.MERGESORT.mergesort(MERGESORT.java:47)
	at java_programs.MERGESORT.mergesort(MERGESORT.java:47)
	at java_programs.MERGESORT.mergesort(MERGESORT.java:47)
	at java_programs.MERGESORT.mergesort(MERGESORT.java:47)
	at java_programs.MERGESORT.mergesort(MERGESORT.java:47)
	at java_programs.MERGESORT.mergesort(MERGESORT.java:47)
	at java_programs.MERGESORT.mergesort(MERGESORT.java:47)
	at java_programs.MERGESORT.mergesort(MERGESORT.java:47)
	at java_programs.MERGESORT.mergesort(MERGESORT.java:47)
	at java_programs.MERGESORT.mergesort(MERGESORT.java:47)
	at java_programs.MERGESORT.mergesort(MERGESORT.java:47)
	at java_programs.MERGESORT.mergesort(MERGESORT.java:47)
	at java_programs.MERGESORT.mergesort(MERGESORT.java:47)
	at java_programs.MERGESORT.mergesort(MERGESORT.java:47)
	at java_programs.MERGESORT.mergesort(MERGESORT.java:47)
	at java_programs.MERGESORT.mergesort(MERGESORT.java:47)
	at java_programs.MERGESORT.mergesort(MERGESORT.java:47)
	at java_programs.MERGESORT.mergesort(MERGESORT.java:47)
	at java_programs.MERGESORT.mergesort(MERGESORT.java:47)
	at java_programs.MERGESORT.mergesort(MERGESORT.java:47)
	at java_programs.MERGESORT.mergesort(MERGESORT.java:47)
	at java_programs.MERGESORT.mergesort(MERGESORT.java:47)
	at java_programs.MERGESORT.mergesort(MERGESORT.java:47)
	at java_programs.MERGESORT.mergesort(MERGESORT.java:47)
	at java_programs.MERGESORT.mergesort(MERGESORT.java:47)
	at java_programs.MERGESORT.mergesort(MERGESORT.java:47)
	at java_programs.MERGESORT.mergesort(MERGESORT.java:47)
	at java_programs.MERGESORT.mergesort(MERGESORT.java:47)
	at java_programs.MERGESORT.mergesort(MERGESORT.java:47)
	at java_programs.MERGESORT.mergesort(MERGESORT.java:47)
	at java_programs.MERGESORT.mergesort(MERGESORT.java:47)
	at java_programs.MERGESORT.mergesort(MERGESORT.java:47)
	at java_programs.MERGESORT.mergesort(MERGESORT.java:47)
	at java_programs.MERGESORT.mergesort(MERGESORT.java:47)
	at java_programs.MERGESORT.mergesort(MERGESORT.java:47)
	at java_programs.MERGESORT.mergesort(MERGESORT.java:47)
	at java_programs.MERGESORT.mergesort(MERGESORT.java:47)
	at java_programs.MERGESORT.mergesort(MERGESORT.java:47)
	at java_programs.MERGESORT.mergesort(MERGESORT.java:47)
	at java_programs.MERGESORT.mergesort(MERGESORT.java:47)
	at java_programs.MERGESORT.mergesort(MERGESORT.java:47)
	at java_programs.MERGESORT.mergesort(MERGESORT.java:47)
	at java_programs.MERGESORT.mergesort(MERGESORT.java:47)
	at java_programs.MERGESORT.mergesort(MERGESORT.java:47)
	at java_programs.MERGESORT.mergesort(MERGESORT.java:47)
	at java_programs.MERGESORT.mergesort(MERGESORT.java:47)
	at java_programs.MERGESORT.mergesort(MERGESORT.java:47)
	at java_programs.MERGESORT.mergesort(MERGESORT.java:47)
	at java_programs.MERGESORT.mergesort(MERGESORT.java:47)
	at java_programs.MERGESORT.mergesort(MERGESORT.java:47)
	at java_programs.MERGESORT.mergesort(MERGESORT.java:47)
	at java_programs.MERGESORT.mergesort(MERGESORT.java:47)
	at java_programs.MERGESORT.mergesort(MERGESORT.java:47)
	at java_programs.MERGESORT.mergesort(MERGESORT.java:47)
	at java_programs.MERGESORT.mergesort(MERGESORT.java:47)
	at java_programs.MERGESORT.mergesort(MERGESORT.java:47)
	at java_programs.MERGESORT.mergesort(MERGESORT.java:47)
	at java_programs.MERGESORT.mergesort(MERGESORT.java:47)
	at java_programs.MERGESORT.mergesort(MERGESORT.java:47)
	at java_programs.MERGESORT.mergesort(MERGESORT.java:47)
	at java_programs.MERGESORT.mergesort(MERGESORT.java:47)
	at java_programs.MERGESORT.mergesort(MERGESORT.java:47)
	at java_programs.MERGESORT.mergesort(MERGESORT.java:47)
	at java_programs.MERGESORT.mergesort(MERGESORT.java:47)
	at java_programs.MERGESORT.mergesort(MERGESORT.java:47)
	at java_programs.MERGESORT.mergesort(MERGESORT.java:47)
	at java_programs.MERGESORT.mergesort(MERGESORT.java:47)
	at java_programs.MERGESORT.mergesort(MERGESORT.java:47)
	at java_programs.MERGESORT.mergesort(MERGESORT.java:47)
	at java_programs.MERGESORT.mergesort(MERGESORT.java:47)
	at java_programs.MERGESORT.mergesort(MERGESORT.java:47)
	at java_programs.MERGESORT.mergesort(MERGESORT.java:47)
	at java_programs.MERGESORT.mergesort(MERGESORT.java:47)
	at java_programs.MERGESORT.mergesort(MERGESORT.java:47)
	at java_programs.MERGESORT.mergesort(MERGESORT.java:47)
	at java_programs.MERGESORT.mergesort(MERGESORT.java:47)
	at java_programs.MERGESORT.mergesort(MERGESORT.java:47)
	at java_programs.MERGESORT.mergesort(MERGESORT.java:47)
	at java_programs.MERGESORT.mergesort(MERGESORT.java:47)
	at java_programs.MERGESORT.mergesort(MERGESORT.java:47)
	at java_programs.MERGESORT.mergesort(MERGESORT.java:47)
	at java_programs.MERGESORT.mergesort(MERGESORT.java:47)
	at java_programs.MERGESORT.mergesort(MERGESORT.java:47)
	at java_programs.MERGESORT.mergesort(MERGESORT.java:47)
	at java_programs.MERGESORT.mergesort(MERGESORT.java:47)
	at java_programs.MERGESORT.mergesort(MERGESORT.java:47)
	at java_programs.MERGESORT.mergesort(MERGESORT.java:47)
	at java_programs.MERGESORT.mergesort(MERGESORT.java:47)
	at java_programs.MERGESORT.mergesort(MERGESORT.java:47)
	at java_programs.MERGESORT.mergesort(MERGESORT.java:47)
	at java_programs.MERGESORT.mergesort(MERGESORT.java:47)
	at java_programs.MERGESORT.mergesort(MERGESORT.java:47)
	at java_programs.MERGESORT.mergesort(MERGESORT.java:47)
	at java_programs.MERGESORT.mergesort(MERGESORT.java:47)
	at java_programs.MERGESORT.mergesort(MERGESORT.java:47)
	at java_programs.MERGESORT.mergesort(MERGESORT.java:47)
	at java_programs.MERGESORT.mergesort(MERGESORT.java:47)
	at java_programs.MERGESORT.mergesort(MERGESORT.java:47)
	at java_programs.MERGESORT.mergesort(MERGESORT.java:47)
	at java_programs.MERGESORT.mergesort(MERGESORT.java:47)
	at java_programs.MERGESORT.mergesort(MERGESORT.java:47)
	at java_programs.MERGESORT.mergesort(MERGESORT.java:47)
	at java_programs.MERGESORT.mergesort(MERGESORT.java:47)
	at java_programs.MERGESORT.mergesort(MERGESORT.java:47)
	at java_programs.MERGESORT.mergesort(MERGESORT.java:47)
	at java_programs.MERGESORT.mergesort(MERGESORT.java:47)
	at java_programs.MERGESORT.mergesort(MERGESORT.java:47)
	at java_programs.MERGESORT.mergesort(MERGESORT.java:47)
	at java_programs.MERGESORT.mergesort(MERGESORT.java:47)
	at java_programs.MERGESORT.mergesort(MERGESORT.java:47)
	at java_programs.MERGESORT.mergesort(MERGESORT.java:47)
	at java_programs.MERGESORT.mergesort(MERGESORT.java:47)
	at java_programs.MERGESORT.mergesort(MERGESORT.java:47)
	at java_programs.MERGESORT.mergesort(MERGESORT.java:47)
	at java_programs.MERGESORT.mergesort(MERGESORT.java:47)
	at java_programs.MERGESORT.mergesort(MERGESORT.java:47)
	at java_programs.MERGESORT.mergesort(MERGESORT.java:47)
	at java_programs.MERGESORT.mergesort(MERGESORT.java:47)
	at java_programs.MERGESORT.mergesort(MERGESORT.java:47)
	at java_programs.MERGESORT.mergesort(MERGESORT.java:47)
	at java_programs.MERGESORT.mergesort(MERGESORT.java:47)
	at java_programs.MERGESORT.mergesort(MERGESORT.java:47)
	at java_programs.MERGESORT.mergesort(MERGESORT.java:47)
	at java_programs.MERGESORT.mergesort(MERGESORT.java:47)
	at java_programs.MERGESORT.mergesort(MERGESORT.java:47)
	at java_programs.MERGESORT.mergesort(MERGESORT.java:47)
	at java_programs.MERGESORT.mergesort(MERGESORT.java:47)
	at java_programs.MERGESORT.mergesort(MERGESORT.java:47)
	at java_programs.MERGESORT.mergesort(MERGESORT.java:47)
	at java_programs.MERGESORT.mergesort(MERGESORT.java:47)
	at java_programs.MERGESORT.mergesort(MERGESORT.java:47)
	at java_programs.MERGESORT.mergesort(MERGESORT.java:47)
	at java_programs.MERGESORT.mergesort(MERGESORT.java:47)
</failure>
  </testcase>
  <testcase name="test_9" classname="java_testcases.junit.MERGESORT_TEST" time="0.026">
    <failure message="java.lang.StackOverflowError" type="java.lang.StackOverflowError">java.lang.StackOverflowError
	at java.util.ArrayList.subList(ArrayList.java:1006)
	at java_programs.MERGESORT.mergesort(MERGESORT.java:43)
	at java_programs.MERGESORT.mergesort(MERGESORT.java:47)
	at java_programs.MERGESORT.mergesort(MERGESORT.java:47)
	at java_programs.MERGESORT.mergesort(MERGESORT.java:47)
	at java_programs.MERGESORT.mergesort(MERGESORT.java:47)
	at java_programs.MERGESORT.mergesort(MERGESORT.java:47)
	at java_programs.MERGESORT.mergesort(MERGESORT.java:47)
	at java_programs.MERGESORT.mergesort(MERGESORT.java:47)
	at java_programs.MERGESORT.mergesort(MERGESORT.java:47)
	at java_programs.MERGESORT.mergesort(MERGESORT.java:47)
	at java_programs.MERGESORT.mergesort(MERGESORT.java:47)
	at java_programs.MERGESORT.mergesort(MERGESORT.java:47)
	at java_programs.MERGESORT.mergesort(MERGESORT.java:47)
	at java_programs.MERGESORT.mergesort(MERGESORT.java:47)
	at java_programs.MERGESORT.mergesort(MERGESORT.java:47)
	at java_programs.MERGESORT.mergesort(MERGESORT.java:47)
	at java_programs.MERGESORT.mergesort(MERGESORT.java:47)
	at java_programs.MERGESORT.mergesort(MERGESORT.java:47)
	at java_programs.MERGESORT.mergesort(MERGESORT.java:47)
	at java_programs.MERGESORT.mergesort(MERGESORT.java:47)
	at java_programs.MERGESORT.mergesort(MERGESORT.java:47)
	at java_programs.MERGESORT.mergesort(MERGESORT.java:47)
	at java_programs.MERGESORT.mergesort(MERGESORT.java:47)
	at java_programs.MERGESORT.mergesort(MERGESORT.java:47)
	at java_programs.MERGESORT.mergesort(MERGESORT.java:47)
	at java_programs.MERGESORT.mergesort(MERGESORT.java:47)
	at java_programs.MERGESORT.mergesort(MERGESORT.java:47)
	at java_programs.MERGESORT.mergesort(MERGESORT.java:47)
	at java_programs.MERGESORT.mergesort(MERGESORT.java:47)
	at java_programs.MERGESORT.mergesort(MERGESORT.java:47)
	at java_programs.MERGESORT.mergesort(MERGESORT.java:47)
	at java_programs.MERGESORT.mergesort(MERGESORT.java:47)
	at java_programs.MERGESORT.mergesort(MERGESORT.java:47)
	at java_programs.MERGESORT.mergesort(MERGESORT.java:47)
	at java_programs.MERGESORT.mergesort(MERGESORT.java:47)
	at java_programs.MERGESORT.mergesort(MERGESORT.java:47)
	at java_programs.MERGESORT.mergesort(MERGESORT.java:47)
	at java_programs.MERGESORT.mergesort(MERGESORT.java:47)
	at java_programs.MERGESORT.mergesort(MERGESORT.java:47)
	at java_programs.MERGESORT.mergesort(MERGESORT.java:47)
	at java_programs.MERGESORT.mergesort(MERGESORT.java:47)
	at java_programs.MERGESORT.mergesort(MERGESORT.java:47)
	at java_programs.MERGESORT.mergesort(MERGESORT.java:47)
	at java_programs.MERGESORT.mergesort(MERGESORT.java:47)
	at java_programs.MERGESORT.mergesort(MERGESORT.java:47)
	at java_programs.MERGESORT.mergesort(MERGESORT.java:47)
	at java_programs.MERGESORT.mergesort(MERGESORT.java:47)
	at java_programs.MERGESORT.mergesort(MERGESORT.java:47)
	at java_programs.MERGESORT.mergesort(MERGESORT.java:47)
	at java_programs.MERGESORT.mergesort(MERGESORT.java:47)
	at java_programs.MERGESORT.mergesort(MERGESORT.java:47)
	at java_programs.MERGESORT.mergesort(MERGESORT.java:47)
	at java_programs.MERGESORT.mergesort(MERGESORT.java:47)
	at java_programs.MERGESORT.mergesort(MERGESORT.java:47)
	at java_programs.MERGESORT.mergesort(MERGESORT.java:47)
	at java_programs.MERGESORT.mergesort(MERGESORT.java:47)
	at java_programs.MERGESORT.mergesort(MERGESORT.java:47)
	at java_programs.MERGESORT.mergesort(MERGESORT.java:47)
	at java_programs.MERGESORT.mergesort(MERGESORT.java:47)
	at java_programs.MERGESORT.mergesort(MERGESORT.java:47)
	at java_programs.MERGESORT.mergesort(MERGESORT.java:47)
	at java_programs.MERGESORT.mergesort(MERGESORT.java:47)
	at java_programs.MERGESORT.mergesort(MERGESORT.java:47)
	at java_programs.MERGESORT.mergesort(MERGESORT.java:47)
	at java_programs.MERGESORT.mergesort(MERGESORT.java:47)
	at java_programs.MERGESORT.mergesort(MERGESORT.java:47)
	at java_programs.MERGESORT.mergesort(MERGESORT.java:47)
	at java_programs.MERGESORT.mergesort(MERGESORT.java:47)
	at java_programs.MERGESORT.mergesort(MERGESORT.java:47)
	at java_programs.MERGESORT.mergesort(MERGESORT.java:47)
	at java_programs.MERGESORT.mergesort(MERGESORT.java:47)
	at java_programs.MERGESORT.mergesort(MERGESORT.java:47)
	at java_programs.MERGESORT.mergesort(MERGESORT.java:47)
	at java_programs.MERGESORT.mergesort(MERGESORT.java:47)
	at java_programs.MERGESORT.mergesort(MERGESORT.java:47)
	at java_programs.MERGESORT.mergesort(MERGESORT.java:47)
	at java_programs.MERGESORT.mergesort(MERGESORT.java:47)
	at java_programs.MERGESORT.mergesort(MERGESORT.java:47)
	at java_programs.MERGESORT.mergesort(MERGESORT.java:47)
	at java_programs.MERGESORT.mergesort(MERGESORT.java:47)
	at java_programs.MERGESORT.mergesort(MERGESORT.java:47)
	at java_programs.MERGESORT.mergesort(MERGESORT.java:47)
	at java_programs.MERGESORT.mergesort(MERGESORT.java:47)
	at java_programs.MERGESORT.mergesort(MERGESORT.java:47)
	at java_programs.MERGESORT.mergesort(MERGESORT.java:47)
	at java_programs.MERGESORT.mergesort(MERGESORT.java:47)
	at java_programs.MERGESORT.mergesort(MERGESORT.java:47)
	at java_programs.MERGESORT.mergesort(MERGESORT.java:47)
	at java_programs.MERGESORT.mergesort(MERGESORT.java:47)
	at java_programs.MERGESORT.mergesort(MERGESORT.java:47)
	at java_programs.MERGESORT.mergesort(MERGESORT.java:47)
	at java_programs.MERGESORT.mergesort(MERGESORT.java:47)
	at java_programs.MERGESORT.mergesort(MERGESORT.java:47)
	at java_programs.MERGESORT.mergesort(MERGESORT.java:47)
	at java_programs.MERGESORT.mergesort(MERGESORT.java:47)
	at java_programs.MERGESORT.mergesort(MERGESORT.java:47)
	at java_programs.MERGESORT.mergesort(MERGESORT.java:47)
	at java_programs.MERGESORT.mergesort(MERGESORT.java:47)
	at java_programs.MERGESORT.mergesort(MERGESORT.java:47)
	at java_programs.MERGESORT.mergesort(MERGESORT.java:47)
	at java_programs.MERGESORT.mergesort(MERGESORT.java:47)
	at java_programs.MERGESORT.mergesort(MERGESORT.java:47)
	at java_programs.MERGESORT.mergesort(MERGESORT.java:47)
	at java_programs.MERGESORT.mergesort(MERGESORT.java:47)
	at java_programs.MERGESORT.mergesort(MERGESORT.java:47)
	at java_programs.MERGESORT.mergesort(MERGESORT.java:47)
	at java_programs.MERGESORT.mergesort(MERGESORT.java:47)
	at java_programs.MERGESORT.mergesort(MERGESORT.java:47)
	at java_programs.MERGESORT.mergesort(MERGESORT.java:47)
	at java_programs.MERGESORT.mergesort(MERGESORT.java:47)
	at java_programs.MERGESORT.mergesort(MERGESORT.java:47)
	at java_programs.MERGESORT.mergesort(MERGESORT.java:47)
	at java_programs.MERGESORT.mergesort(MERGESORT.java:47)
	at java_programs.MERGESORT.mergesort(MERGESORT.java:47)
	at java_programs.MERGESORT.mergesort(MERGESORT.java:47)
	at java_programs.MERGESORT.mergesort(MERGESORT.java:47)
	at java_programs.MERGESORT.mergesort(MERGESORT.java:47)
	at java_programs.MERGESORT.mergesort(MERGESORT.java:47)
	at java_programs.MERGESORT.mergesort(MERGESORT.java:47)
	at java_programs.MERGESORT.mergesort(MERGESORT.java:47)
	at java_programs.MERGESORT.mergesort(MERGESORT.java:47)
	at java_programs.MERGESORT.mergesort(MERGESORT.java:47)
	at java_programs.MERGESORT.mergesort(MERGESORT.java:47)
	at java_programs.MERGESORT.mergesort(MERGESORT.java:47)
	at java_programs.MERGESORT.mergesort(MERGESORT.java:47)
	at java_programs.MERGESORT.mergesort(MERGESORT.java:47)
	at java_programs.MERGESORT.mergesort(MERGESORT.java:47)
	at java_programs.MERGESORT.mergesort(MERGESORT.java:47)
	at java_programs.MERGESORT.mergesort(MERGESORT.java:47)
	at java_programs.MERGESORT.mergesort(MERGESORT.java:47)
	at java_programs.MERGESORT.mergesort(MERGESORT.java:47)
	at java_programs.MERGESORT.mergesort(MERGESORT.java:47)
	at java_programs.MERGESORT.mergesort(MERGESORT.java:47)
	at java_programs.MERGESORT.mergesort(MERGESORT.java:47)
	at java_programs.MERGESORT.mergesort(MERGESORT.java:47)
	at java_programs.MERGESORT.mergesort(MERGESORT.java:47)
	at java_programs.MERGESORT.mergesort(MERGESORT.java:47)
	at java_programs.MERGESORT.mergesort(MERGESORT.java:47)
	at java_programs.MERGESORT.mergesort(MERGESORT.java:47)
	at java_programs.MERGESORT.mergesort(MERGESORT.java:47)
	at java_programs.MERGESORT.mergesort(MERGESORT.java:47)
	at java_programs.MERGESORT.mergesort(MERGESORT.java:47)
	at java_programs.MERGESORT.mergesort(MERGESORT.java:47)
	at java_programs.MERGESORT.mergesort(MERGESORT.java:47)
	at java_programs.MERGESORT.mergesort(MERGESORT.java:47)
	at java_programs.MERGESORT.mergesort(MERGESORT.java:47)
	at java_programs.MERGESORT.mergesort(MERGESORT.java:47)
	at java_programs.MERGESORT.mergesort(MERGESORT.java:47)
	at java_programs.MERGESORT.mergesort(MERGESORT.java:47)
	at java_programs.MERGESORT.mergesort(MERGESORT.java:47)
	at java_programs.MERGESORT.mergesort(MERGESORT.java:47)
	at java_programs.MERGESORT.mergesort(MERGESORT.java:47)
	at java_programs.MERGESORT.mergesort(MERGESORT.java:47)
	at java_programs.MERGESORT.mergesort(MERGESORT.java:47)
	at java_programs.MERGESORT.mergesort(MERGESORT.java:47)
	at java_programs.MERGESORT.mergesort(MERGESORT.java:47)
	at java_programs.MERGESORT.mergesort(MERGESORT.java:47)
	at java_programs.MERGESORT.mergesort(MERGESORT.java:47)
	at java_programs.MERGESORT.mergesort(MERGESORT.java:47)
	at java_programs.MERGESORT.mergesort(MERGESORT.java:47)
	at java_programs.MERGESORT.mergesort(MERGESORT.java:47)
	at java_programs.MERGESORT.mergesort(MERGESORT.java:47)
	at java_programs.MERGESORT.mergesort(MERGESORT.java:47)
	at java_programs.MERGESORT.mergesort(MERGESORT.java:47)
	at java_programs.MERGESORT.mergesort(MERGESORT.java:47)
	at java_programs.MERGESORT.mergesort(MERGESORT.java:47)
	at java_programs.MERGESORT.mergesort(MERGESORT.java:47)
	at java_programs.MERGESORT.mergesort(MERGESORT.java:47)
	at java_programs.MERGESORT.mergesort(MERGESORT.java:47)
	at java_programs.MERGESORT.mergesort(MERGESORT.java:47)
	at java_programs.MERGESORT.mergesort(MERGESORT.java:47)
	at java_programs.MERGESORT.mergesort(MERGESORT.java:47)
	at java_programs.MERGESORT.mergesort(MERGESORT.java:47)
	at java_programs.MERGESORT.mergesort(MERGESORT.java:47)
	at java_programs.MERGESORT.mergesort(MERGESORT.java:47)
	at java_programs.MERGESORT.mergesort(MERGESORT.java:47)
	at java_programs.MERGESORT.mergesort(MERGESORT.java:47)
	at java_programs.MERGESORT.mergesort(MERGESORT.java:47)
	at java_programs.MERGESORT.mergesort(MERGESORT.java:47)
	at java_programs.MERGESORT.mergesort(MERGESORT.java:47)
	at java_programs.MERGESORT.mergesort(MERGESORT.java:47)
	at java_programs.MERGESORT.mergesort(MERGESORT.java:47)
	at java_programs.MERGESORT.mergesort(MERGESORT.java:47)
	at java_programs.MERGESORT.mergesort(MERGESORT.java:47)
	at java_programs.MERGESORT.mergesort(MERGESORT.java:47)
	at java_programs.MERGESORT.mergesort(MERGESORT.java:47)
	at java_programs.MERGESORT.mergesort(MERGESORT.java:47)
	at java_programs.MERGESORT.mergesort(MERGESORT.java:47)
	at java_programs.MERGESORT.mergesort(MERGESORT.java:47)
	at java_programs.MERGESORT.mergesort(MERGESORT.java:47)
	at java_programs.MERGESORT.mergesort(MERGESORT.java:47)
	at java_programs.MERGESORT.mergesort(MERGESORT.java:47)
	at java_programs.MERGESORT.mergesort(MERGESORT.java:47)
	at java_programs.MERGESORT.mergesort(MERGESORT.java:47)
	at java_programs.MERGESORT.mergesort(MERGESORT.java:47)
	at java_programs.MERGESORT.mergesort(MERGESORT.java:47)
	at java_programs.MERGESORT.mergesort(MERGESORT.java:47)
	at java_programs.MERGESORT.mergesort(MERGESORT.java:47)
	at java_programs.MERGESORT.mergesort(MERGESORT.java:47)
	at java_programs.MERGESORT.mergesort(MERGESORT.java:47)
	at java_programs.MERGESORT.mergesort(MERGESORT.java:47)
	at java_programs.MERGESORT.mergesort(MERGESORT.java:47)
	at java_programs.MERGESORT.mergesort(MERGESORT.java:47)
	at java_programs.MERGESORT.mergesort(MERGESORT.java:47)
	at java_programs.MERGESORT.mergesort(MERGESORT.java:47)
	at java_programs.MERGESORT.mergesort(MERGESORT.java:47)
	at java_programs.MERGESORT.mergesort(MERGESORT.java:47)
	at java_programs.MERGESORT.mergesort(MERGESORT.java:47)
	at java_programs.MERGESORT.mergesort(MERGESORT.java:47)
	at java_programs.MERGESORT.mergesort(MERGESORT.java:47)
	at java_programs.MERGESORT.mergesort(MERGESORT.java:47)
	at java_programs.MERGESORT.mergesort(MERGESORT.java:47)
	at java_programs.MERGESORT.mergesort(MERGESORT.java:47)
	at java_programs.MERGESORT.mergesort(MERGESORT.java:47)
	at java_programs.MERGESORT.mergesort(MERGESORT.java:47)
	at java_programs.MERGESORT.mergesort(MERGESORT.java:47)
	at java_programs.MERGESORT.mergesort(MERGESORT.java:47)
	at java_programs.MERGESORT.mergesort(MERGESORT.java:47)
	at java_programs.MERGESORT.mergesort(MERGESORT.java:47)
	at java_programs.MERGESORT.mergesort(MERGESORT.java:47)
	at java_programs.MERGESORT.mergesort(MERGESORT.java:47)
	at java_programs.MERGESORT.mergesort(MERGESORT.java:47)
	at java_programs.MERGESORT.mergesort(MERGESORT.java:47)
	at java_programs.MERGESORT.mergesort(MERGESORT.java:47)
	at java_programs.MERGESORT.mergesort(MERGESORT.java:47)
	at java_programs.MERGESORT.mergesort(MERGESORT.java:47)
	at java_programs.MERGESORT.mergesort(MERGESORT.java:47)
	at java_programs.MERGESORT.mergesort(MERGESORT.java:47)
	at java_programs.MERGESORT.mergesort(MERGESORT.java:47)
	at java_programs.MERGESORT.mergesort(MERGESORT.java:47)
	at java_programs.MERGESORT.mergesort(MERGESORT.java:47)
	at java_programs.MERGESORT.mergesort(MERGESORT.java:47)
	at java_programs.MERGESORT.mergesort(MERGESORT.java:47)
	at java_programs.MERGESORT.mergesort(MERGESORT.java:47)
	at java_programs.MERGESORT.mergesort(MERGESORT.java:47)
	at java_programs.MERGESORT.mergesort(MERGESORT.java:47)
	at java_programs.MERGESORT.mergesort(MERGESORT.java:47)
	at java_programs.MERGESORT.mergesort(MERGESORT.java:47)
	at java_programs.MERGESORT.mergesort(MERGESORT.java:47)
	at java_programs.MERGESORT.mergesort(MERGESORT.java:47)
	at java_programs.MERGESORT.mergesort(MERGESORT.java:47)
	at java_programs.MERGESORT.mergesort(MERGESORT.java:47)
	at java_programs.MERGESORT.mergesort(MERGESORT.java:47)
	at java_programs.MERGESORT.mergesort(MERGESORT.java:47)
	at java_programs.MERGESORT.mergesort(MERGESORT.java:47)
	at java_programs.MERGESORT.mergesort(MERGESORT.java:47)
	at java_programs.MERGESORT.mergesort(MERGESORT.java:47)
	at java_programs.MERGESORT.mergesort(MERGESORT.java:47)
	at java_programs.MERGESORT.mergesort(MERGESORT.java:47)
	at java_programs.MERGESORT.mergesort(MERGESORT.java:47)
	at java_programs.MERGESORT.mergesort(MERGESORT.java:47)
	at java_programs.MERGESORT.mergesort(MERGESORT.java:47)
	at java_programs.MERGESORT.mergesort(MERGESORT.java:47)
	at java_programs.MERGESORT.mergesort(MERGESORT.java:47)
	at java_programs.MERGESORT.mergesort(MERGESORT.java:47)
	at java_programs.MERGESORT.mergesort(MERGESORT.java:47)
	at java_programs.MERGESORT.mergesort(MERGESORT.java:47)
	at java_programs.MERGESORT.mergesort(MERGESORT.java:47)
	at java_programs.MERGESORT.mergesort(MERGESORT.java:47)
	at java_programs.MERGESORT.mergesort(MERGESORT.java:47)
	at java_programs.MERGESORT.mergesort(MERGESORT.java:47)
	at java_programs.MERGESORT.mergesort(MERGESORT.java:47)
	at java_programs.MERGESORT.mergesort(MERGESORT.java:47)
	at java_programs.MERGESORT.mergesort(MERGESORT.java:47)
	at java_programs.MERGESORT.mergesort(MERGESORT.java:47)
	at java_programs.MERGESORT.mergesort(MERGESORT.java:47)
	at java_programs.MERGESORT.mergesort(MERGESORT.java:47)
	at java_programs.MERGESORT.mergesort(MERGESORT.java:47)
	at java_programs.MERGESORT.mergesort(MERGESORT.java:47)
	at java_programs.MERGESORT.mergesort(MERGESORT.java:47)
	at java_programs.MERGESORT.mergesort(MERGESORT.java:47)
	at java_programs.MERGESORT.mergesort(MERGESORT.java:47)
	at java_programs.MERGESORT.mergesort(MERGESORT.java:47)
	at java_programs.MERGESORT.mergesort(MERGESORT.java:47)
	at java_programs.MERGESORT.mergesort(MERGESORT.java:47)
	at java_programs.MERGESORT.mergesort(MERGESORT.java:47)
	at java_programs.MERGESORT.mergesort(MERGESORT.java:47)
	at java_programs.MERGESORT.mergesort(MERGESORT.java:47)
	at java_programs.MERGESORT.mergesort(MERGESORT.java:47)
	at java_programs.MERGESORT.mergesort(MERGESORT.java:47)
	at java_programs.MERGESORT.mergesort(MERGESORT.java:47)
	at java_programs.MERGESORT.mergesort(MERGESORT.java:47)
	at java_programs.MERGESORT.mergesort(MERGESORT.java:47)
	at java_programs.MERGESORT.mergesort(MERGESORT.java:47)
	at java_programs.MERGESORT.mergesort(MERGESORT.java:47)
	at java_programs.MERGESORT.mergesort(MERGESORT.java:47)
	at java_programs.MERGESORT.mergesort(MERGESORT.java:47)
	at java_programs.MERGESORT.mergesort(MERGESORT.java:47)
	at java_programs.MERGESORT.mergesort(MERGESORT.java:47)
	at java_programs.MERGESORT.mergesort(MERGESORT.java:47)
	at java_programs.MERGESORT.mergesort(MERGESORT.java:47)
	at java_programs.MERGESORT.mergesort(MERGESORT.java:47)
	at java_programs.MERGESORT.mergesort(MERGESORT.java:47)
	at java_programs.MERGESORT.mergesort(MERGESORT.java:47)
	at java_programs.MERGESORT.mergesort(MERGESORT.java:47)
	at java_programs.MERGESORT.mergesort(MERGESORT.java:47)
	at java_programs.MERGESORT.mergesort(MERGESORT.java:47)
	at java_programs.MERGESORT.mergesort(MERGESORT.java:47)
	at java_programs.MERGESORT.mergesort(MERGESORT.java:47)
	at java_programs.MERGESORT.mergesort(MERGESORT.java:47)
	at java_programs.MERGESORT.mergesort(MERGESORT.java:47)
	at java_programs.MERGESORT.mergesort(MERGESORT.java:47)
	at java_programs.MERGESORT.mergesort(MERGESORT.java:47)
	at java_programs.MERGESORT.mergesort(MERGESORT.java:47)
	at java_programs.MERGESORT.mergesort(MERGESORT.java:47)
	at java_programs.MERGESORT.mergesort(MERGESORT.java:47)
	at java_programs.MERGESORT.mergesort(MERGESORT.java:47)
	at java_programs.MERGESORT.mergesort(MERGESORT.java:47)
	at java_programs.MERGESORT.mergesort(MERGESORT.java:47)
	at java_programs.MERGESORT.mergesort(MERGESORT.java:47)
	at java_programs.MERGESORT.mergesort(MERGESORT.java:47)
	at java_programs.MERGESORT.mergesort(MERGESORT.java:47)
	at java_programs.MERGESORT.mergesort(MERGESORT.java:47)
	at java_programs.MERGESORT.mergesort(MERGESORT.java:47)
	at java_programs.MERGESORT.mergesort(MERGESORT.java:47)
	at java_programs.MERGESORT.mergesort(MERGESORT.java:47)
	at java_programs.MERGESORT.mergesort(MERGESORT.java:47)
	at java_programs.MERGESORT.mergesort(MERGESORT.java:47)
	at java_programs.MERGESORT.mergesort(MERGESORT.java:47)
	at java_programs.MERGESORT.mergesort(MERGESORT.java:47)
	at java_programs.MERGESORT.mergesort(MERGESORT.java:47)
	at java_programs.MERGESORT.mergesort(MERGESORT.java:47)
	at java_programs.MERGESORT.mergesort(MERGESORT.java:47)
	at java_programs.MERGESORT.mergesort(MERGESORT.java:47)
	at java_programs.MERGESORT.mergesort(MERGESORT.java:47)
	at java_programs.MERGESORT.mergesort(MERGESORT.java:47)
	at java_programs.MERGESORT.mergesort(MERGESORT.java:47)
	at java_programs.MERGESORT.mergesort(MERGESORT.java:47)
	at java_programs.MERGESORT.mergesort(MERGESORT.java:47)
	at java_programs.MERGESORT.mergesort(MERGESORT.java:47)
	at java_programs.MERGESORT.mergesort(MERGESORT.java:47)
	at java_programs.MERGESORT.mergesort(MERGESORT.java:47)
	at java_programs.MERGESORT.mergesort(MERGESORT.java:47)
	at java_programs.MERGESORT.mergesort(MERGESORT.java:47)
	at java_programs.MERGESORT.mergesort(MERGESORT.java:47)
	at java_programs.MERGESORT.mergesort(MERGESORT.java:47)
	at java_programs.MERGESORT.mergesort(MERGESORT.java:47)
	at java_programs.MERGESORT.mergesort(MERGESORT.java:47)
	at java_programs.MERGESORT.mergesort(MERGESORT.java:47)
	at java_programs.MERGESORT.mergesort(MERGESORT.java:47)
	at java_programs.MERGESORT.mergesort(MERGESORT.java:47)
	at java_programs.MERGESORT.mergesort(MERGESORT.java:47)
	at java_programs.MERGESORT.mergesort(MERGESORT.java:47)
	at java_programs.MERGESORT.mergesort(MERGESORT.java:47)
	at java_programs.MERGESORT.mergesort(MERGESORT.java:47)
	at java_programs.MERGESORT.mergesort(MERGESORT.java:47)
	at java_programs.MERGESORT.mergesort(MERGESORT.java:47)
	at java_programs.MERGESORT.mergesort(MERGESORT.java:47)
	at java_programs.MERGESORT.mergesort(MERGESORT.java:47)
	at java_programs.MERGESORT.mergesort(MERGESORT.java:47)
	at java_programs.MERGESORT.mergesort(MERGESORT.java:47)
	at java_programs.MERGESORT.mergesort(MERGESORT.java:47)
	at java_programs.MERGESORT.mergesort(MERGESORT.java:47)
	at java_programs.MERGESORT.mergesort(MERGESORT.java:47)
	at java_programs.MERGESORT.mergesort(MERGESORT.java:47)
	at java_programs.MERGESORT.mergesort(MERGESORT.java:47)
	at java_programs.MERGESORT.mergesort(MERGESORT.java:47)
	at java_programs.MERGESORT.mergesort(MERGESORT.java:47)
	at java_programs.MERGESORT.mergesort(MERGESORT.java:47)
	at java_programs.MERGESORT.mergesort(MERGESORT.java:47)
	at java_programs.MERGESORT.mergesort(MERGESORT.java:47)
	at java_programs.MERGESORT.mergesort(MERGESORT.java:47)
	at java_programs.MERGESORT.mergesort(MERGESORT.java:47)
	at java_programs.MERGESORT.mergesort(MERGESORT.java:47)
	at java_programs.MERGESORT.mergesort(MERGESORT.java:47)
	at java_programs.MERGESORT.mergesort(MERGESORT.java:47)
	at java_programs.MERGESORT.mergesort(MERGESORT.java:47)
	at java_programs.MERGESORT.mergesort(MERGESORT.java:47)
	at java_programs.MERGESORT.mergesort(MERGESORT.java:47)
	at java_programs.MERGESORT.mergesort(MERGESORT.java:47)
	at java_programs.MERGESORT.mergesort(MERGESORT.java:47)
	at java_programs.MERGESORT.mergesort(MERGESORT.java:47)
	at java_programs.MERGESORT.mergesort(MERGESORT.java:47)
	at java_programs.MERGESORT.mergesort(MERGESORT.java:47)
	at java_programs.MERGESORT.mergesort(MERGESORT.java:47)
	at java_programs.MERGESORT.mergesort(MERGESORT.java:47)
	at java_programs.MERGESORT.mergesort(MERGESORT.java:47)
	at java_programs.MERGESORT.mergesort(MERGESORT.java:47)
	at java_programs.MERGESORT.mergesort(MERGESORT.java:47)
	at java_programs.MERGESORT.mergesort(MERGESORT.java:47)
	at java_programs.MERGESORT.mergesort(MERGESORT.java:47)
	at java_programs.MERGESORT.mergesort(MERGESORT.java:47)
	at java_programs.MERGESORT.mergesort(MERGESORT.java:47)
	at java_programs.MERGESORT.mergesort(MERGESORT.java:47)
	at java_programs.MERGESORT.mergesort(MERGESORT.java:47)
	at java_programs.MERGESORT.mergesort(MERGESORT.java:47)
	at java_programs.MERGESORT.mergesort(MERGESORT.java:47)
	at java_programs.MERGESORT.mergesort(MERGESORT.java:47)
	at java_programs.MERGESORT.mergesort(MERGESORT.java:47)
	at java_programs.MERGESORT.mergesort(MERGESORT.java:47)
	at java_programs.MERGESORT.mergesort(MERGESORT.java:47)
	at java_programs.MERGESORT.mergesort(MERGESORT.java:47)
	at java_programs.MERGESORT.mergesort(MERGESORT.java:47)
	at java_programs.MERGESORT.mergesort(MERGESORT.java:47)
	at java_programs.MERGESORT.mergesort(MERGESORT.java:47)
	at java_programs.MERGESORT.mergesort(MERGESORT.java:47)
	at java_programs.MERGESORT.mergesort(MERGESORT.java:47)
	at java_programs.MERGESORT.mergesort(MERGESORT.java:47)
	at java_programs.MERGESORT.mergesort(MERGESORT.java:47)
	at java_programs.MERGESORT.mergesort(MERGESORT.java:47)
	at java_programs.MERGESORT.mergesort(MERGESORT.java:47)
	at java_programs.MERGESORT.mergesort(MERGESORT.java:47)
	at java_programs.MERGESORT.mergesort(MERGESORT.java:47)
	at java_programs.MERGESORT.mergesort(MERGESORT.java:47)
	at java_programs.MERGESORT.mergesort(MERGESORT.java:47)
	at java_programs.MERGESORT.mergesort(MERGESORT.java:47)
	at java_programs.MERGESORT.mergesort(MERGESORT.java:47)
	at java_programs.MERGESORT.mergesort(MERGESORT.java:47)
	at java_programs.MERGESORT.mergesort(MERGESORT.java:47)
	at java_programs.MERGESORT.mergesort(MERGESORT.java:47)
	at java_programs.MERGESORT.mergesort(MERGESORT.java:47)
	at java_programs.MERGESORT.mergesort(MERGESORT.java:47)
	at java_programs.MERGESORT.mergesort(MERGESORT.java:47)
	at java_programs.MERGESORT.mergesort(MERGESORT.java:47)
	at java_programs.MERGESORT.mergesort(MERGESORT.java:47)
	at java_programs.MERGESORT.mergesort(MERGESORT.java:47)
	at java_programs.MERGESORT.mergesort(MERGESORT.java:47)
	at java_programs.MERGESORT.mergesort(MERGESORT.java:47)
	at java_programs.MERGESORT.mergesort(MERGESORT.java:47)
	at java_programs.MERGESORT.mergesort(MERGESORT.java:47)
	at java_programs.MERGESORT.mergesort(MERGESORT.java:47)
	at java_programs.MERGESORT.mergesort(MERGESORT.java:47)
	at java_programs.MERGESORT.mergesort(MERGESORT.java:47)
	at java_programs.MERGESORT.mergesort(MERGESORT.java:47)
	at java_programs.MERGESORT.mergesort(MERGESORT.java:47)
	at java_programs.MERGESORT.mergesort(MERGESORT.java:47)
	at java_programs.MERGESORT.mergesort(MERGESORT.java:47)
	at java_programs.MERGESORT.mergesort(MERGESORT.java:47)
	at java_programs.MERGESORT.mergesort(MERGESORT.java:47)
	at java_programs.MERGESORT.mergesort(MERGESORT.java:47)
	at java_programs.MERGESORT.mergesort(MERGESORT.java:47)
	at java_programs.MERGESORT.mergesort(MERGESORT.java:47)
	at java_programs.MERGESORT.mergesort(MERGESORT.java:47)
	at java_programs.MERGESORT.mergesort(MERGESORT.java:47)
	at java_programs.MERGESORT.mergesort(MERGESORT.java:47)
	at java_programs.MERGESORT.mergesort(MERGESORT.java:47)
	at java_programs.MERGESORT.mergesort(MERGESORT.java:47)
	at java_programs.MERGESORT.mergesort(MERGESORT.java:47)
	at java_programs.MERGESORT.mergesort(MERGESORT.java:47)
	at java_programs.MERGESORT.mergesort(MERGESORT.java:47)
	at java_programs.MERGESORT.mergesort(MERGESORT.java:47)
	at java_programs.MERGESORT.mergesort(MERGESORT.java:47)
	at java_programs.MERGESORT.mergesort(MERGESORT.java:47)
	at java_programs.MERGESORT.mergesort(MERGESORT.java:47)
	at java_programs.MERGESORT.mergesort(MERGESORT.java:47)
	at java_programs.MERGESORT.mergesort(MERGESORT.java:47)
	at java_programs.MERGESORT.mergesort(MERGESORT.java:47)
	at java_programs.MERGESORT.mergesort(MERGESORT.java:47)
	at java_programs.MERGESORT.mergesort(MERGESORT.java:47)
	at java_programs.MERGESORT.mergesort(MERGESORT.java:47)
	at java_programs.MERGESORT.mergesort(MERGESORT.java:47)
	at java_programs.MERGESORT.mergesort(MERGESORT.java:47)
	at java_programs.MERGESORT.mergesort(MERGESORT.java:47)
	at java_programs.MERGESORT.mergesort(MERGESORT.java:47)
	at java_programs.MERGESORT.mergesort(MERGESORT.java:47)
	at java_programs.MERGESORT.mergesort(MERGESORT.java:47)
	at java_programs.MERGESORT.mergesort(MERGESORT.java:47)
	at java_programs.MERGESORT.mergesort(MERGESORT.java:47)
	at java_programs.MERGESORT.mergesort(MERGESORT.java:47)
	at java_programs.MERGESORT.mergesort(MERGESORT.java:47)
	at java_programs.MERGESORT.mergesort(MERGESORT.java:47)
	at java_programs.MERGESORT.mergesort(MERGESORT.java:47)
	at java_programs.MERGESORT.mergesort(MERGESORT.java:47)
	at java_programs.MERGESORT.mergesort(MERGESORT.java:47)
	at java_programs.MERGESORT.mergesort(MERGESORT.java:47)
	at java_programs.MERGESORT.mergesort(MERGESORT.java:47)
	at java_programs.MERGESORT.mergesort(MERGESORT.java:47)
	at java_programs.MERGESORT.mergesort(MERGESORT.java:47)
	at java_programs.MERGESORT.mergesort(MERGESORT.java:47)
	at java_programs.MERGESORT.mergesort(MERGESORT.java:47)
	at java_programs.MERGESORT.mergesort(MERGESORT.java:47)
	at java_programs.MERGESORT.mergesort(MERGESORT.java:47)
	at java_programs.MERGESORT.mergesort(MERGESORT.java:47)
	at java_programs.MERGESORT.mergesort(MERGESORT.java:47)
	at java_programs.MERGESORT.mergesort(MERGESORT.java:47)
	at java_programs.MERGESORT.mergesort(MERGESORT.java:47)
	at java_programs.MERGESORT.mergesort(MERGESORT.java:47)
	at java_programs.MERGESORT.mergesort(MERGESORT.java:47)
	at java_programs.MERGESORT.mergesort(MERGESORT.java:47)
	at java_programs.MERGESORT.mergesort(MERGESORT.java:47)
	at java_programs.MERGESORT.mergesort(MERGESORT.java:47)
	at java_programs.MERGESORT.mergesort(MERGESORT.java:47)
	at java_programs.MERGESORT.mergesort(MERGESORT.java:47)
	at java_programs.MERGESORT.mergesort(MERGESORT.java:47)
	at java_programs.MERGESORT.mergesort(MERGESORT.java:47)
	at java_programs.MERGESORT.mergesort(MERGESORT.java:47)
	at java_programs.MERGESORT.mergesort(MERGESORT.java:47)
	at java_programs.MERGESORT.mergesort(MERGESORT.java:47)
	at java_programs.MERGESORT.mergesort(MERGESORT.java:47)
	at java_programs.MERGESORT.mergesort(MERGESORT.java:47)
	at java_programs.MERGESORT.mergesort(MERGESORT.java:47)
	at java_programs.MERGESORT.mergesort(MERGESORT.java:47)
	at java_programs.MERGESORT.mergesort(MERGESORT.java:47)
	at java_programs.MERGESORT.mergesort(MERGESORT.java:47)
	at java_programs.MERGESORT.mergesort(MERGESORT.java:47)
	at java_programs.MERGESORT.mergesort(MERGESORT.java:47)
	at java_programs.MERGESORT.mergesort(MERGESORT.java:47)
	at java_programs.MERGESORT.mergesort(MERGESORT.java:47)
	at java_programs.MERGESORT.mergesort(MERGESORT.java:47)
	at java_programs.MERGESORT.mergesort(MERGESORT.java:47)
	at java_programs.MERGESORT.mergesort(MERGESORT.java:47)
	at java_programs.MERGESORT.mergesort(MERGESORT.java:47)
	at java_programs.MERGESORT.mergesort(MERGESORT.java:47)
	at java_programs.MERGESORT.mergesort(MERGESORT.java:47)
	at java_programs.MERGESORT.mergesort(MERGESORT.java:47)
	at java_programs.MERGESORT.mergesort(MERGESORT.java:47)
	at java_programs.MERGESORT.mergesort(MERGESORT.java:47)
	at java_programs.MERGESORT.mergesort(MERGESORT.java:47)
	at java_programs.MERGESORT.mergesort(MERGESORT.java:47)
	at java_programs.MERGESORT.mergesort(MERGESORT.java:47)
	at java_programs.MERGESORT.mergesort(MERGESORT.java:47)
	at java_programs.MERGESORT.mergesort(MERGESORT.java:47)
	at java_programs.MERGESORT.mergesort(MERGESORT.java:47)
	at java_programs.MERGESORT.mergesort(MERGESORT.java:47)
	at java_programs.MERGESORT.mergesort(MERGESORT.java:47)
	at java_programs.MERGESORT.mergesort(MERGESORT.java:47)
	at java_programs.MERGESORT.mergesort(MERGESORT.java:47)
	at java_programs.MERGESORT.mergesort(MERGESORT.java:47)
	at java_programs.MERGESORT.mergesort(MERGESORT.java:47)
	at java_programs.MERGESORT.mergesort(MERGESORT.java:47)
	at java_programs.MERGESORT.mergesort(MERGESORT.java:47)
	at java_programs.MERGESORT.mergesort(MERGESORT.java:47)
	at java_programs.MERGESORT.mergesort(MERGESORT.java:47)
	at java_programs.MERGESORT.mergesort(MERGESORT.java:47)
	at java_programs.MERGESORT.mergesort(MERGESORT.java:47)
	at java_programs.MERGESORT.mergesort(MERGESORT.java:47)
	at java_programs.MERGESORT.mergesort(MERGESORT.java:47)
	at java_programs.MERGESORT.mergesort(MERGESORT.java:47)
	at java_programs.MERGESORT.mergesort(MERGESORT.java:47)
	at java_programs.MERGESORT.mergesort(MERGESORT.java:47)
	at java_programs.MERGESORT.mergesort(MERGESORT.java:47)
	at java_programs.MERGESORT.mergesort(MERGESORT.java:47)
	at java_programs.MERGESORT.mergesort(MERGESORT.java:47)
	at java_programs.MERGESORT.mergesort(MERGESORT.java:47)
	at java_programs.MERGESORT.mergesort(MERGESORT.java:47)
	at java_programs.MERGESORT.mergesort(MERGESORT.java:47)
	at java_programs.MERGESORT.mergesort(MERGESORT.java:47)
	at java_programs.MERGESORT.mergesort(MERGESORT.java:47)
	at java_programs.MERGESORT.mergesort(MERGESORT.java:47)
	at java_programs.MERGESORT.mergesort(MERGESORT.java:47)
	at java_programs.MERGESORT.mergesort(MERGESORT.java:47)
	at java_programs.MERGESORT.mergesort(MERGESORT.java:47)
	at java_programs.MERGESORT.mergesort(MERGESORT.java:47)
	at java_programs.MERGESORT.mergesort(MERGESORT.java:47)
	at java_programs.MERGESORT.mergesort(MERGESORT.java:47)
	at java_programs.MERGESORT.mergesort(MERGESORT.java:47)
	at java_programs.MERGESORT.mergesort(MERGESORT.java:47)
	at java_programs.MERGESORT.mergesort(MERGESORT.java:47)
	at java_programs.MERGESORT.mergesort(MERGESORT.java:47)
	at java_programs.MERGESORT.mergesort(MERGESORT.java:47)
	at java_programs.MERGESORT.mergesort(MERGESORT.java:47)
	at java_programs.MERGESORT.mergesort(MERGESORT.java:47)
	at java_programs.MERGESORT.mergesort(MERGESORT.java:47)
	at java_programs.MERGESORT.mergesort(MERGESORT.java:47)
	at java_programs.MERGESORT.mergesort(MERGESORT.java:47)
	at java_programs.MERGESORT.mergesort(MERGESORT.java:47)
	at java_programs.MERGESORT.mergesort(MERGESORT.java:47)
	at java_programs.MERGESORT.mergesort(MERGESORT.java:47)
	at java_programs.MERGESORT.mergesort(MERGESORT.java:47)
	at java_programs.MERGESORT.mergesort(MERGESORT.java:47)
	at java_programs.MERGESORT.mergesort(MERGESORT.java:47)
	at java_programs.MERGESORT.mergesort(MERGESORT.java:47)
	at java_programs.MERGESORT.mergesort(MERGESORT.java:47)
	at java_programs.MERGESORT.mergesort(MERGESORT.java:47)
	at java_programs.MERGESORT.mergesort(MERGESORT.java:47)
	at java_programs.MERGESORT.mergesort(MERGESORT.java:47)
	at java_programs.MERGESORT.mergesort(MERGESORT.java:47)
	at java_programs.MERGESORT.mergesort(MERGESORT.java:47)
	at java_programs.MERGESORT.mergesort(MERGESORT.java:47)
	at java_programs.MERGESORT.mergesort(MERGESORT.java:47)
	at java_programs.MERGESORT.mergesort(MERGESORT.java:47)
	at java_programs.MERGESORT.mergesort(MERGESORT.java:47)
	at java_programs.MERGESORT.mergesort(MERGESORT.java:47)
	at java_programs.MERGESORT.mergesort(MERGESORT.java:47)
	at java_programs.MERGESORT.mergesort(MERGESORT.java:47)
	at java_programs.MERGESORT.mergesort(MERGESORT.java:47)
	at java_programs.MERGESORT.mergesort(MERGESORT.java:47)
	at java_programs.MERGESORT.mergesort(MERGESORT.java:47)
	at java_programs.MERGESORT.mergesort(MERGESORT.java:47)
	at java_programs.MERGESORT.mergesort(MERGESORT.java:47)
	at java_programs.MERGESORT.mergesort(MERGESORT.java:47)
	at java_programs.MERGESORT.mergesort(MERGESORT.java:47)
	at java_programs.MERGESORT.mergesort(MERGESORT.java:47)
	at java_programs.MERGESORT.mergesort(MERGESORT.java:47)
	at java_programs.MERGESORT.mergesort(MERGESORT.java:47)
	at java_programs.MERGESORT.mergesort(MERGESORT.java:47)
	at java_programs.MERGESORT.mergesort(MERGESORT.java:47)
	at java_programs.MERGESORT.mergesort(MERGESORT.java:47)
	at java_programs.MERGESORT.mergesort(MERGESORT.java:47)
	at java_programs.MERGESORT.mergesort(MERGESORT.java:47)
	at java_programs.MERGESORT.mergesort(MERGESORT.java:47)
	at java_programs.MERGESORT.mergesort(MERGESORT.java:47)
	at java_programs.MERGESORT.mergesort(MERGESORT.java:47)
	at java_programs.MERGESORT.mergesort(MERGESORT.java:47)
	at java_programs.MERGESORT.mergesort(MERGESORT.java:47)
	at java_programs.MERGESORT.mergesort(MERGESORT.java:47)
	at java_programs.MERGESORT.mergesort(MERGESORT.java:47)
	at java_programs.MERGESORT.mergesort(MERGESORT.java:47)
	at java_programs.MERGESORT.mergesort(MERGESORT.java:47)
	at java_programs.MERGESORT.mergesort(MERGESORT.java:47)
	at java_programs.MERGESORT.mergesort(MERGESORT.java:47)
	at java_programs.MERGESORT.mergesort(MERGESORT.java:47)
	at java_programs.MERGESORT.mergesort(MERGESORT.java:47)
	at java_programs.MERGESORT.mergesort(MERGESORT.java:47)
	at java_programs.MERGESORT.mergesort(MERGESORT.java:47)
	at java_programs.MERGESORT.mergesort(MERGESORT.java:47)
	at java_programs.MERGESORT.mergesort(MERGESORT.java:47)
	at java_programs.MERGESORT.mergesort(MERGESORT.java:47)
	at java_programs.MERGESORT.mergesort(MERGESORT.java:47)
	at java_programs.MERGESORT.mergesort(MERGESORT.java:47)
	at java_programs.MERGESORT.mergesort(MERGESORT.java:47)
	at java_programs.MERGESORT.mergesort(MERGESORT.java:47)
	at java_programs.MERGESORT.mergesort(MERGESORT.java:47)
	at java_programs.MERGESORT.mergesort(MERGESORT.java:47)
	at java_programs.MERGESORT.mergesort(MERGESORT.java:47)
	at java_programs.MERGESORT.mergesort(MERGESORT.java:47)
	at java_programs.MERGESORT.mergesort(MERGESORT.java:47)
	at java_programs.MERGESORT.mergesort(MERGESORT.java:47)
	at java_programs.MERGESORT.mergesort(MERGESORT.java:47)
	at java_programs.MERGESORT.mergesort(MERGESORT.java:47)
	at java_programs.MERGESORT.mergesort(MERGESORT.java:47)
	at java_programs.MERGESORT.mergesort(MERGESORT.java:47)
	at java_programs.MERGESORT.mergesort(MERGESORT.java:47)
	at java_programs.MERGESORT.mergesort(MERGESORT.java:47)
	at java_programs.MERGESORT.mergesort(MERGESORT.java:47)
	at java_programs.MERGESORT.mergesort(MERGESORT.java:47)
	at java_programs.MERGESORT.mergesort(MERGESORT.java:47)
	at java_programs.MERGESORT.mergesort(MERGESORT.java:47)
	at java_programs.MERGESORT.mergesort(MERGESORT.java:47)
	at java_programs.MERGESORT.mergesort(MERGESORT.java:47)
	at java_programs.MERGESORT.mergesort(MERGESORT.java:47)
	at java_programs.MERGESORT.mergesort(MERGESORT.java:47)
	at java_programs.MERGESORT.mergesort(MERGESORT.java:47)
	at java_programs.MERGESORT.mergesort(MERGESORT.java:47)
	at java_programs.MERGESORT.mergesort(MERGESORT.java:47)
	at java_programs.MERGESORT.mergesort(MERGESORT.java:47)
	at java_programs.MERGESORT.mergesort(MERGESORT.java:47)
	at java_programs.MERGESORT.mergesort(MERGESORT.java:47)
	at java_programs.MERGESORT.mergesort(MERGESORT.java:47)
	at java_programs.MERGESORT.mergesort(MERGESORT.java:47)
	at java_programs.MERGESORT.mergesort(MERGESORT.java:47)
	at java_programs.MERGESORT.mergesort(MERGESORT.java:47)
	at java_programs.MERGESORT.mergesort(MERGESORT.java:47)
	at java_programs.MERGESORT.mergesort(MERGESORT.java:47)
	at java_programs.MERGESORT.mergesort(MERGESORT.java:47)
	at java_programs.MERGESORT.mergesort(MERGESORT.java:47)
	at java_programs.MERGESORT.mergesort(MERGESORT.java:47)
	at java_programs.MERGESORT.mergesort(MERGESORT.java:47)
	at java_programs.MERGESORT.mergesort(MERGESORT.java:47)
	at java_programs.MERGESORT.mergesort(MERGESORT.java:47)
	at java_programs.MERGESORT.mergesort(MERGESORT.java:47)
	at java_programs.MERGESORT.mergesort(MERGESORT.java:47)
	at java_programs.MERGESORT.mergesort(MERGESORT.java:47)
	at java_programs.MERGESORT.mergesort(MERGESORT.java:47)
	at java_programs.MERGESORT.mergesort(MERGESORT.java:47)
	at java_programs.MERGESORT.mergesort(MERGESORT.java:47)
	at java_programs.MERGESORT.mergesort(MERGESORT.java:47)
	at java_programs.MERGESORT.mergesort(MERGESORT.java:47)
	at java_programs.MERGESORT.mergesort(MERGESORT.java:47)
	at java_programs.MERGESORT.mergesort(MERGESORT.java:47)
	at java_programs.MERGESORT.mergesort(MERGESORT.java:47)
	at java_programs.MERGESORT.mergesort(MERGESORT.java:47)
	at java_programs.MERGESORT.mergesort(MERGESORT.java:47)
	at java_programs.MERGESORT.mergesort(MERGESORT.java:47)
	at java_programs.MERGESORT.mergesort(MERGESORT.java:47)
	at java_programs.MERGESORT.mergesort(MERGESORT.java:47)
	at java_programs.MERGESORT.mergesort(MERGESORT.java:47)
	at java_programs.MERGESORT.mergesort(MERGESORT.java:47)
	at java_programs.MERGESORT.mergesort(MERGESORT.java:47)
	at java_programs.MERGESORT.mergesort(MERGESORT.java:47)
	at java_programs.MERGESORT.mergesort(MERGESORT.java:47)
	at java_programs.MERGESORT.mergesort(MERGESORT.java:47)
	at java_programs.MERGESORT.mergesort(MERGESORT.java:47)
	at java_programs.MERGESORT.mergesort(MERGESORT.java:47)
	at java_programs.MERGESORT.mergesort(MERGESORT.java:47)
	at java_programs.MERGESORT.mergesort(MERGESORT.java:47)
	at java_programs.MERGESORT.mergesort(MERGESORT.java:47)
	at java_programs.MERGESORT.mergesort(MERGESORT.java:47)
	at java_programs.MERGESORT.mergesort(MERGESORT.java:47)
	at java_programs.MERGESORT.mergesort(MERGESORT.java:47)
	at java_programs.MERGESORT.mergesort(MERGESORT.java:47)
	at java_programs.MERGESORT.mergesort(MERGESORT.java:47)
	at java_programs.MERGESORT.mergesort(MERGESORT.java:47)
	at java_programs.MERGESORT.mergesort(MERGESORT.java:47)
	at java_programs.MERGESORT.mergesort(MERGESORT.java:47)
	at java_programs.MERGESORT.mergesort(MERGESORT.java:47)
	at java_programs.MERGESORT.mergesort(MERGESORT.java:47)
	at java_programs.MERGESORT.mergesort(MERGESORT.java:47)
	at java_programs.MERGESORT.mergesort(MERGESORT.java:47)
	at java_programs.MERGESORT.mergesort(MERGESORT.java:47)
	at java_programs.MERGESORT.mergesort(MERGESORT.java:47)
	at java_programs.MERGESORT.mergesort(MERGESORT.java:47)
	at java_programs.MERGESORT.mergesort(MERGESORT.java:47)
	at java_programs.MERGESORT.mergesort(MERGESORT.java:47)
	at java_programs.MERGESORT.mergesort(MERGESORT.java:47)
	at java_programs.MERGESORT.mergesort(MERGESORT.java:47)
	at java_programs.MERGESORT.mergesort(MERGESORT.java:47)
	at java_programs.MERGESORT.mergesort(MERGESORT.java:47)
	at java_programs.MERGESORT.mergesort(MERGESORT.java:47)
	at java_programs.MERGESORT.mergesort(MERGESORT.java:47)
	at java_programs.MERGESORT.mergesort(MERGESORT.java:47)
	at java_programs.MERGESORT.mergesort(MERGESORT.java:47)
	at java_programs.MERGESORT.mergesort(MERGESORT.java:47)
	at java_programs.MERGESORT.mergesort(MERGESORT.java:47)
	at java_programs.MERGESORT.mergesort(MERGESORT.java:47)
	at java_programs.MERGESORT.mergesort(MERGESORT.java:47)
	at java_programs.MERGESORT.mergesort(MERGESORT.java:47)
	at java_programs.MERGESORT.mergesort(MERGESORT.java:47)
	at java_programs.MERGESORT.mergesort(MERGESORT.java:47)
	at java_programs.MERGESORT.mergesort(MERGESORT.java:47)
	at java_programs.MERGESORT.mergesort(MERGESORT.java:47)
	at java_programs.MERGESORT.mergesort(MERGESORT.java:47)
	at java_programs.MERGESORT.mergesort(MERGESORT.java:47)
	at java_programs.MERGESORT.mergesort(MERGESORT.java:47)
	at java_programs.MERGESORT.mergesort(MERGESORT.java:47)
	at java_programs.MERGESORT.mergesort(MERGESORT.java:47)
	at java_programs.MERGESORT.mergesort(MERGESORT.java:47)
	at java_programs.MERGESORT.mergesort(MERGESORT.java:47)
	at java_programs.MERGESORT.mergesort(MERGESORT.java:47)
	at java_programs.MERGESORT.mergesort(MERGESORT.java:47)
	at java_programs.MERGESORT.mergesort(MERGESORT.java:47)
	at java_programs.MERGESORT.mergesort(MERGESORT.java:47)
	at java_programs.MERGESORT.mergesort(MERGESORT.java:47)
	at java_programs.MERGESORT.mergesort(MERGESORT.java:47)
	at java_programs.MERGESORT.mergesort(MERGESORT.java:47)
	at java_programs.MERGESORT.mergesort(MERGESORT.java:47)
	at java_programs.MERGESORT.mergesort(MERGESORT.java:47)
	at java_programs.MERGESORT.mergesort(MERGESORT.java:47)
	at java_programs.MERGESORT.mergesort(MERGESORT.java:47)
	at java_programs.MERGESORT.mergesort(MERGESORT.java:47)
	at java_programs.MERGESORT.mergesort(MERGESORT.java:47)
	at java_programs.MERGESORT.mergesort(MERGESORT.java:47)
	at java_programs.MERGESORT.mergesort(MERGESORT.java:47)
	at java_programs.MERGESORT.mergesort(MERGESORT.java:47)
	at java_programs.MERGESORT.mergesort(MERGESORT.java:47)
	at java_programs.MERGESORT.mergesort(MERGESORT.java:47)
	at java_programs.MERGESORT.mergesort(MERGESORT.java:47)
	at java_programs.MERGESORT.mergesort(MERGESORT.java:47)
	at java_programs.MERGESORT.mergesort(MERGESORT.java:47)
	at java_programs.MERGESORT.mergesort(MERGESORT.java:47)
	at java_programs.MERGESORT.mergesort(MERGESORT.java:47)
	at java_programs.MERGESORT.mergesort(MERGESORT.java:47)
	at java_programs.MERGESORT.mergesort(MERGESORT.java:47)
	at java_programs.MERGESORT.mergesort(MERGESORT.java:47)
	at java_programs.MERGESORT.mergesort(MERGESORT.java:47)
	at java_programs.MERGESORT.mergesort(MERGESORT.java:47)
	at java_programs.MERGESORT.mergesort(MERGESORT.java:47)
	at java_programs.MERGESORT.mergesort(MERGESORT.java:47)
	at java_programs.MERGESORT.mergesort(MERGESORT.java:47)
	at java_programs.MERGESORT.mergesort(MERGESORT.java:47)
	at java_programs.MERGESORT.mergesort(MERGESORT.java:47)
	at java_programs.MERGESORT.mergesort(MERGESORT.java:47)
	at java_programs.MERGESORT.mergesort(MERGESORT.java:47)
	at java_programs.MERGESORT.mergesort(MERGESORT.java:47)
	at java_programs.MERGESORT.mergesort(MERGESORT.java:47)
	at java_programs.MERGESORT.mergesort(MERGESORT.java:47)
	at java_programs.MERGESORT.mergesort(MERGESORT.java:47)
	at java_programs.MERGESORT.mergesort(MERGESORT.java:47)
	at java_programs.MERGESORT.mergesort(MERGESORT.java:47)
	at java_programs.MERGESORT.mergesort(MERGESORT.java:47)
	at java_programs.MERGESORT.mergesort(MERGESORT.java:47)
	at java_programs.MERGESORT.mergesort(MERGESORT.java:47)
	at java_programs.MERGESORT.mergesort(MERGESORT.java:47)
	at java_programs.MERGESORT.mergesort(MERGESORT.java:47)
	at java_programs.MERGESORT.mergesort(MERGESORT.java:47)
	at java_programs.MERGESORT.mergesort(MERGESORT.java:47)
	at java_programs.MERGESORT.mergesort(MERGESORT.java:47)
	at java_programs.MERGESORT.mergesort(MERGESORT.java:47)
	at java_programs.MERGESORT.mergesort(MERGESORT.java:47)
	at java_programs.MERGESORT.mergesort(MERGESORT.java:47)
	at java_programs.MERGESORT.mergesort(MERGESORT.java:47)
	at java_programs.MERGESORT.mergesort(MERGESORT.java:47)
	at java_programs.MERGESORT.mergesort(MERGESORT.java:47)
	at java_programs.MERGESORT.mergesort(MERGESORT.java:47)
	at java_programs.MERGESORT.mergesort(MERGESORT.java:47)
	at java_programs.MERGESORT.mergesort(MERGESORT.java:47)
	at java_programs.MERGESORT.mergesort(MERGESORT.java:47)
	at java_programs.MERGESORT.mergesort(MERGESORT.java:47)
	at java_programs.MERGESORT.mergesort(MERGESORT.java:47)
	at java_programs.MERGESORT.mergesort(MERGESORT.java:47)
	at java_programs.MERGESORT.mergesort(MERGESORT.java:47)
	at java_programs.MERGESORT.mergesort(MERGESORT.java:47)
	at java_programs.MERGESORT.mergesort(MERGESORT.java:47)
	at java_programs.MERGESORT.mergesort(MERGESORT.java:47)
	at java_programs.MERGESORT.mergesort(MERGESORT.java:47)
	at java_programs.MERGESORT.mergesort(MERGESORT.java:47)
	at java_programs.MERGESORT.mergesort(MERGESORT.java:47)
	at java_programs.MERGESORT.mergesort(MERGESORT.java:47)
	at java_programs.MERGESORT.mergesort(MERGESORT.java:47)
	at java_programs.MERGESORT.mergesort(MERGESORT.java:47)
	at java_programs.MERGESORT.mergesort(MERGESORT.java:47)
	at java_programs.MERGESORT.mergesort(MERGESORT.java:47)
	at java_programs.MERGESORT.mergesort(MERGESORT.java:47)
	at java_programs.MERGESORT.mergesort(MERGESORT.java:47)
	at java_programs.MERGESORT.mergesort(MERGESORT.java:47)
	at java_programs.MERGESORT.mergesort(MERGESORT.java:47)
	at java_programs.MERGESORT.mergesort(MERGESORT.java:47)
	at java_programs.MERGESORT.mergesort(MERGESORT.java:47)
	at java_programs.MERGESORT.mergesort(MERGESORT.java:47)
	at java_programs.MERGESORT.mergesort(MERGESORT.java:47)
	at java_programs.MERGESORT.mergesort(MERGESORT.java:47)
	at java_programs.MERGESORT.mergesort(MERGESORT.java:47)
	at java_programs.MERGESORT.mergesort(MERGESORT.java:47)
	at java_programs.MERGESORT.mergesort(MERGESORT.java:47)
	at java_programs.MERGESORT.mergesort(MERGESORT.java:47)
	at java_programs.MERGESORT.mergesort(MERGESORT.java:47)
	at java_programs.MERGESORT.mergesort(MERGESORT.java:47)
	at java_programs.MERGESORT.mergesort(MERGESORT.java:47)
	at java_programs.MERGESORT.mergesort(MERGESORT.java:47)
	at java_programs.MERGESORT.mergesort(MERGESORT.java:47)
	at java_programs.MERGESORT.mergesort(MERGESORT.java:47)
	at java_programs.MERGESORT.mergesort(MERGESORT.java:47)
	at java_programs.MERGESORT.mergesort(MERGESORT.java:47)
	at java_programs.MERGESORT.mergesort(MERGESORT.java:47)
	at java_programs.MERGESORT.mergesort(MERGESORT.java:47)
	at java_programs.MERGESORT.mergesort(MERGESORT.java:47)
	at java_programs.MERGESORT.mergesort(MERGESORT.java:47)
	at java_programs.MERGESORT.mergesort(MERGESORT.java:47)
	at java_programs.MERGESORT.mergesort(MERGESORT.java:47)
	at java_programs.MERGESORT.mergesort(MERGESORT.java:47)
	at java_programs.MERGESORT.mergesort(MERGESORT.java:47)
	at java_programs.MERGESORT.mergesort(MERGESORT.java:47)
	at java_programs.MERGESORT.mergesort(MERGESORT.java:47)
	at java_programs.MERGESORT.mergesort(MERGESORT.java:47)
	at java_programs.MERGESORT.mergesort(MERGESORT.java:47)
	at java_programs.MERGESORT.mergesort(MERGESORT.java:47)
	at java_programs.MERGESORT.mergesort(MERGESORT.java:47)
	at java_programs.MERGESORT.mergesort(MERGESORT.java:47)
	at java_programs.MERGESORT.mergesort(MERGESORT.java:47)
	at java_programs.MERGESORT.mergesort(MERGESORT.java:47)
	at java_programs.MERGESORT.mergesort(MERGESORT.java:47)
	at java_programs.MERGESORT.mergesort(MERGESORT.java:47)
	at java_programs.MERGESORT.mergesort(MERGESORT.java:47)
	at java_programs.MERGESORT.mergesort(MERGESORT.java:47)
	at java_programs.MERGESORT.mergesort(MERGESORT.java:47)
	at java_programs.MERGESORT.mergesort(MERGESORT.java:47)
	at java_programs.MERGESORT.mergesort(MERGESORT.java:47)
	at java_programs.MERGESORT.mergesort(MERGESORT.java:47)
	at java_programs.MERGESORT.mergesort(MERGESORT.java:47)
	at java_programs.MERGESORT.mergesort(MERGESORT.java:47)
	at java_programs.MERGESORT.mergesort(MERGESORT.java:47)
	at java_programs.MERGESORT.mergesort(MERGESORT.java:47)
	at java_programs.MERGESORT.mergesort(MERGESORT.java:47)
	at java_programs.MERGESORT.mergesort(MERGESORT.java:47)
	at java_programs.MERGESORT.mergesort(MERGESORT.java:47)
	at java_programs.MERGESORT.mergesort(MERGESORT.java:47)
	at java_programs.MERGESORT.mergesort(MERGESORT.java:47)
	at java_programs.MERGESORT.mergesort(MERGESORT.java:47)
	at java_programs.MERGESORT.mergesort(MERGESORT.java:47)
	at java_programs.MERGESORT.mergesort(MERGESORT.java:47)
	at java_programs.MERGESORT.mergesort(MERGESORT.java:47)
	at java_programs.MERGESORT.mergesort(MERGESORT.java:47)
	at java_programs.MERGESORT.mergesort(MERGESORT.java:47)
	at java_programs.MERGESORT.mergesort(MERGESORT.java:47)
	at java_programs.MERGESORT.mergesort(MERGESORT.java:47)
	at java_programs.MERGESORT.mergesort(MERGESORT.java:47)
	at java_programs.MERGESORT.mergesort(MERGESORT.java:47)
	at java_programs.MERGESORT.mergesort(MERGESORT.java:47)
	at java_programs.MERGESORT.mergesort(MERGESORT.java:47)
	at java_programs.MERGESORT.mergesort(MERGESORT.java:47)
	at java_programs.MERGESORT.mergesort(MERGESORT.java:47)
	at java_programs.MERGESORT.mergesort(MERGESORT.java:47)
	at java_programs.MERGESORT.mergesort(MERGESORT.java:47)
	at java_programs.MERGESORT.mergesort(MERGESORT.java:47)
	at java_programs.MERGESORT.mergesort(MERGESORT.java:47)
	at java_programs.MERGESORT.mergesort(MERGESORT.java:47)
	at java_programs.MERGESORT.mergesort(MERGESORT.java:47)
	at java_programs.MERGESORT.mergesort(MERGESORT.java:47)
	at java_programs.MERGESORT.mergesort(MERGESORT.java:47)
	at java_programs.MERGESORT.mergesort(MERGESORT.java:47)
	at java_programs.MERGESORT.mergesort(MERGESORT.java:47)
	at java_programs.MERGESORT.mergesort(MERGESORT.java:47)
	at java_programs.MERGESORT.mergesort(MERGESORT.java:47)
	at java_programs.MERGESORT.mergesort(MERGESORT.java:47)
	at java_programs.MERGESORT.mergesort(MERGESORT.java:47)
	at java_programs.MERGESORT.mergesort(MERGESORT.java:47)
	at java_programs.MERGESORT.mergesort(MERGESORT.java:47)
	at java_programs.MERGESORT.mergesort(MERGESORT.java:47)
	at java_programs.MERGESORT.mergesort(MERGESORT.java:47)
	at java_programs.MERGESORT.mergesort(MERGESORT.java:47)
	at java_programs.MERGESORT.mergesort(MERGESORT.java:47)
	at java_programs.MERGESORT.mergesort(MERGESORT.java:47)
	at java_programs.MERGESORT.mergesort(MERGESORT.java:47)
	at java_programs.MERGESORT.mergesort(MERGESORT.java:47)
	at java_programs.MERGESORT.mergesort(MERGESORT.java:47)
	at java_programs.MERGESORT.mergesort(MERGESORT.java:47)
	at java_programs.MERGESORT.mergesort(MERGESORT.java:47)
	at java_programs.MERGESORT.mergesort(MERGESORT.java:47)
	at java_programs.MERGESORT.mergesort(MERGESORT.java:47)
	at java_programs.MERGESORT.mergesort(MERGESORT.java:47)
	at java_programs.MERGESORT.mergesort(MERGESORT.java:47)
	at java_programs.MERGESORT.mergesort(MERGESORT.java:47)
	at java_programs.MERGESORT.mergesort(MERGESORT.java:47)
	at java_programs.MERGESORT.mergesort(MERGESORT.java:47)
	at java_programs.MERGESORT.mergesort(MERGESORT.java:47)
	at java_programs.MERGESORT.mergesort(MERGESORT.java:47)
	at java_programs.MERGESORT.mergesort(MERGESORT.java:47)
	at java_programs.MERGESORT.mergesort(MERGESORT.java:47)
	at java_programs.MERGESORT.mergesort(MERGESORT.java:47)
	at java_programs.MERGESORT.mergesort(MERGESORT.java:47)
	at java_programs.MERGESORT.mergesort(MERGESORT.java:47)
	at java_programs.MERGESORT.mergesort(MERGESORT.java:47)
	at java_programs.MERGESORT.mergesort(MERGESORT.java:47)
	at java_programs.MERGESORT.mergesort(MERGESORT.java:47)
	at java_programs.MERGESORT.mergesort(MERGESORT.java:47)
	at java_programs.MERGESORT.mergesort(MERGESORT.java:47)
	at java_programs.MERGESORT.mergesort(MERGESORT.java:47)
	at java_programs.MERGESORT.mergesort(MERGESORT.java:47)
	at java_programs.MERGESORT.mergesort(MERGESORT.java:47)
	at java_programs.MERGESORT.mergesort(MERGESORT.java:47)
	at java_programs.MERGESORT.mergesort(MERGESORT.java:47)
	at java_programs.MERGESORT.mergesort(MERGESORT.java:47)
	at java_programs.MERGESORT.mergesort(MERGESORT.java:47)
	at java_programs.MERGESORT.mergesort(MERGESORT.java:47)
	at java_programs.MERGESORT.mergesort(MERGESORT.java:47)
	at java_programs.MERGESORT.mergesort(MERGESORT.java:47)
	at java_programs.MERGESORT.mergesort(MERGESORT.java:47)
	at java_programs.MERGESORT.mergesort(MERGESORT.java:47)
	at java_programs.MERGESORT.mergesort(MERGESORT.java:47)
	at java_programs.MERGESORT.mergesort(MERGESORT.java:47)
	at java_programs.MERGESORT.mergesort(MERGESORT.java:47)
	at java_programs.MERGESORT.mergesort(MERGESORT.java:47)
	at java_programs.MERGESORT.mergesort(MERGESORT.java:47)
	at java_programs.MERGESORT.mergesort(MERGESORT.java:47)
	at java_programs.MERGESORT.mergesort(MERGESORT.java:47)
	at java_programs.MERGESORT.mergesort(MERGESORT.java:47)
	at java_programs.MERGESORT.mergesort(MERGESORT.java:47)
	at java_programs.MERGESORT.mergesort(MERGESORT.java:47)
	at java_programs.MERGESORT.mergesort(MERGESORT.java:47)
	at java_programs.MERGESORT.mergesort(MERGESORT.java:47)
	at java_programs.MERGESORT.mergesort(MERGESORT.java:47)
	at java_programs.MERGESORT.mergesort(MERGESORT.java:47)
	at java_programs.MERGESORT.mergesort(MERGESORT.java:47)
	at java_programs.MERGESORT.mergesort(MERGESORT.java:47)
	at java_programs.MERGESORT.mergesort(MERGESORT.java:47)
	at java_programs.MERGESORT.mergesort(MERGESORT.java:47)
	at java_programs.MERGESORT.mergesort(MERGESORT.java:47)
	at java_programs.MERGESORT.mergesort(MERGESORT.java:47)
	at java_programs.MERGESORT.mergesort(MERGESORT.java:47)
	at java_programs.MERGESORT.mergesort(MERGESORT.java:47)
	at java_programs.MERGESORT.mergesort(MERGESORT.java:47)
	at java_programs.MERGESORT.mergesort(MERGESORT.java:47)
	at java_programs.MERGESORT.mergesort(MERGESORT.java:47)
	at java_programs.MERGESORT.mergesort(MERGESORT.java:47)
	at java_programs.MERGESORT.mergesort(MERGESORT.java:47)
	at java_programs.MERGESORT.mergesort(MERGESORT.java:47)
	at java_programs.MERGESORT.mergesort(MERGESORT.java:47)
	at java_programs.MERGESORT.mergesort(MERGESORT.java:47)
	at java_programs.MERGESORT.mergesort(MERGESORT.java:47)
	at java_programs.MERGESORT.mergesort(MERGESORT.java:47)
	at java_programs.MERGESORT.mergesort(MERGESORT.java:47)
	at java_programs.MERGESORT.mergesort(MERGESORT.java:47)
	at java_programs.MERGESORT.mergesort(MERGESORT.java:47)
	at java_programs.MERGESORT.mergesort(MERGESORT.java:47)
	at java_programs.MERGESORT.mergesort(MERGESORT.java:47)
	at java_programs.MERGESORT.mergesort(MERGESORT.java:47)
	at java_programs.MERGESORT.mergesort(MERGESORT.java:47)
	at java_programs.MERGESORT.mergesort(MERGESORT.java:47)
	at java_programs.MERGESORT.mergesort(MERGESORT.java:47)
	at java_programs.MERGESORT.mergesort(MERGESORT.java:47)
	at java_programs.MERGESORT.mergesort(MERGESORT.java:47)
	at java_programs.MERGESORT.mergesort(MERGESORT.java:47)
	at java_programs.MERGESORT.mergesort(MERGESORT.java:47)
	at java_programs.MERGESORT.mergesort(MERGESORT.java:47)
	at java_programs.MERGESORT.mergesort(MERGESORT.java:47)
	at java_programs.MERGESORT.mergesort(MERGESORT.java:47)
	at java_programs.MERGESORT.mergesort(MERGESORT.java:47)
	at java_programs.MERGESORT.mergesort(MERGESORT.java:47)
	at java_programs.MERGESORT.mergesort(MERGESORT.java:47)
	at java_programs.MERGESORT.mergesort(MERGESORT.java:47)
	at java_programs.MERGESORT.mergesort(MERGESORT.java:47)
	at java_programs.MERGESORT.mergesort(MERGESORT.java:47)
	at java_programs.MERGESORT.mergesort(MERGESORT.java:47)
	at java_programs.MERGESORT.mergesort(MERGESORT.java:47)
	at java_programs.MERGESORT.mergesort(MERGESORT.java:47)
	at java_programs.MERGESORT.mergesort(MERGESORT.java:47)
	at java_programs.MERGESORT.mergesort(MERGESORT.java:47)
	at java_programs.MERGESORT.mergesort(MERGESORT.java:47)
	at java_programs.MERGESORT.mergesort(MERGESORT.java:47)
	at java_programs.MERGESORT.mergesort(MERGESORT.java:47)
	at java_programs.MERGESORT.mergesort(MERGESORT.java:47)
	at java_programs.MERGESORT.mergesort(MERGESORT.java:47)
	at java_programs.MERGESORT.mergesort(MERGESORT.java:47)
	at java_programs.MERGESORT.mergesort(MERGESORT.java:47)
	at java_programs.MERGESORT.mergesort(MERGESORT.java:47)
	at java_programs.MERGESORT.mergesort(MERGESORT.java:47)
	at java_programs.MERGESORT.mergesort(MERGESORT.java:47)
	at java_programs.MERGESORT.mergesort(MERGESORT.java:47)
	at java_programs.MERGESORT.mergesort(MERGESORT.java:47)
	at java_programs.MERGESORT.mergesort(MERGESORT.java:47)
	at java_programs.MERGESORT.mergesort(MERGESORT.java:47)
	at java_programs.MERGESORT.mergesort(MERGESORT.java:47)
	at java_programs.MERGESORT.mergesort(MERGESORT.java:47)
	at java_programs.MERGESORT.mergesort(MERGESORT.java:47)
	at java_programs.MERGESORT.mergesort(MERGESORT.java:47)
	at java_programs.MERGESORT.mergesort(MERGESORT.java:47)
	at java_programs.MERGESORT.mergesort(MERGESORT.java:47)
	at java_programs.MERGESORT.mergesort(MERGESORT.java:47)
	at java_programs.MERGESORT.mergesort(MERGESORT.java:47)
	at java_programs.MERGESORT.mergesort(MERGESORT.java:47)
	at java_programs.MERGESORT.mergesort(MERGESORT.java:47)
	at java_programs.MERGESORT.mergesort(MERGESORT.java:47)
	at java_programs.MERGESORT.mergesort(MERGESORT.java:47)
	at java_programs.MERGESORT.mergesort(MERGESORT.java:47)
	at java_programs.MERGESORT.mergesort(MERGESORT.java:47)
	at java_programs.MERGESORT.mergesort(MERGESORT.java:47)
	at java_programs.MERGESORT.mergesort(MERGESORT.java:47)
	at java_programs.MERGESORT.mergesort(MERGESORT.java:47)
	at java_programs.MERGESORT.mergesort(MERGESORT.java:47)
	at java_programs.MERGESORT.mergesort(MERGESORT.java:47)
	at java_programs.MERGESORT.mergesort(MERGESORT.java:47)
	at java_programs.MERGESORT.mergesort(MERGESORT.java:47)
	at java_programs.MERGESORT.mergesort(MERGESORT.java:47)
	at java_programs.MERGESORT.mergesort(MERGESORT.java:47)
	at java_programs.MERGESORT.mergesort(MERGESORT.java:47)
	at java_programs.MERGESORT.mergesort(MERGESORT.java:47)
	at java_programs.MERGESORT.mergesort(MERGESORT.java:47)
	at java_programs.MERGESORT.mergesort(MERGESORT.java:47)
	at java_programs.MERGESORT.mergesort(MERGESORT.java:47)
	at java_programs.MERGESORT.mergesort(MERGESORT.java:47)
	at java_programs.MERGESORT.mergesort(MERGESORT.java:47)
	at java_programs.MERGESORT.mergesort(MERGESORT.java:47)
	at java_programs.MERGESORT.mergesort(MERGESORT.java:47)
</failure>
  </testcase>
  <system-out><![CDATA[]]></system-out>
  <system-err><![CDATA[]]></system-err>
</testsuite>
