<?xml version="1.0" encoding="UTF-8"?>
<testsuite name="java_programs.EvosuiteFIND_IN_SORTED_ESTest" tests="9" skipped="0" failures="0" errors="0" timestamp="2024-04-25T05:46:18" hostname="Sejals-MacBook-Air.local" time="0.011">
  <properties/>
  <testcase name="test1" classname="java_programs.EvosuiteFIND_IN_SORTED_ESTest" time="0.005"/>
  <testcase name="test0" classname="java_programs.EvosuiteFIND_IN_SORTED_ESTest" time="0.001"/>
  <testcase name="test3" classname="java_programs.EvosuiteFIND_IN_SORTED_ESTest" time="0.002"/>
  <testcase name="test2" classname="java_programs.EvosuiteFIND_IN_SORTED_ESTest" time="0.0"/>
  <testcase name="test5" classname="java_programs.EvosuiteFIND_IN_SORTED_ESTest" time="0.001"/>
  <testcase name="test4" classname="java_programs.EvosuiteFIND_IN_SORTED_ESTest" time="0.0"/>
  <testcase name="test7" classname="java_programs.EvosuiteFIND_IN_SORTED_ESTest" time="0.0"/>
  <testcase name="test6" classname="java_programs.EvosuiteFIND_IN_SORTED_ESTest" time="0.001"/>
  <testcase name="test8" classname="java_programs.EvosuiteFIND_IN_SORTED_ESTest" time="0.0"/>
  <system-out><![CDATA[]]></system-out>
  <system-err><![CDATA[]]></system-err>
</testsuite>
