<?xml version="1.0" encoding="UTF-8"?>
<testsuite name="java_testcases.junit.FIND_IN_SORTED_TEST" tests="7" skipped="0" failures="2" errors="0" timestamp="2024-04-25T05:46:18" hostname="Sejals-MacBook-Air.local" time="0.022">
  <properties/>
  <testcase name="test_0" classname="java_testcases.junit.FIND_IN_SORTED_TEST" time="0.0"/>
  <testcase name="test_1" classname="java_testcases.junit.FIND_IN_SORTED_TEST" time="0.008">
    <failure message="java.lang.StackOverflowError" type="java.lang.StackOverflowError">java.lang.StackOverflowError
	at java_programs.FIND_IN_SORTED.binsearch(FIND_IN_SORTED.java:20)
	at java_programs.FIND_IN_SORTED.binsearch(FIND_IN_SORTED.java:20)
	at java_programs.FIND_IN_SORTED.binsearch(FIND_IN_SORTED.java:20)
	at java_programs.FIND_IN_SORTED.binsearch(FIND_IN_SORTED.java:20)
	at java_programs.FIND_IN_SORTED.binsearch(FIND_IN_SORTED.java:20)
	at java_programs.FIND_IN_SORTED.binsearch(FIND_IN_SORTED.java:20)
	at java_programs.FIND_IN_SORTED.binsearch(FIND_IN_SORTED.java:20)
	at java_programs.FIND_IN_SORTED.binsearch(FIND_IN_SORTED.java:20)
	at java_programs.FIND_IN_SORTED.binsearch(FIND_IN_SORTED.java:20)
	at java_programs.FIND_IN_SORTED.binsearch(FIND_IN_SORTED.java:20)
	at java_programs.FIND_IN_SORTED.binsearch(FIND_IN_SORTED.java:20)
	at java_programs.FIND_IN_SORTED.binsearch(FIND_IN_SORTED.java:20)
	at java_programs.FIND_IN_SORTED.binsearch(FIND_IN_SORTED.java:20)
	at java_programs.FIND_IN_SORTED.binsearch(FIND_IN_SORTED.java:20)
	at java_programs.FIND_IN_SORTED.binsearch(FIND_IN_SORTED.java:20)
	at java_programs.FIND_IN_SORTED.binsearch(FIND_IN_SORTED.java:20)
	at java_programs.FIND_IN_SORTED.binsearch(FIND_IN_SORTED.java:20)
	at java_programs.FIND_IN_SORTED.binsearch(FIND_IN_SORTED.java:20)
	at java_programs.FIND_IN_SORTED.binsearch(FIND_IN_SORTED.java:20)
	at java_programs.FIND_IN_SORTED.binsearch(FIND_IN_SORTED.java:20)
	at java_programs.FIND_IN_SORTED.binsearch(FIND_IN_SORTED.java:20)
	at java_programs.FIND_IN_SORTED.binsearch(FIND_IN_SORTED.java:20)
	at java_programs.FIND_IN_SORTED.binsearch(FIND_IN_SORTED.java:20)
	at java_programs.FIND_IN_SORTED.binsearch(FIND_IN_SORTED.java:20)
	at java_programs.FIND_IN_SORTED.binsearch(FIND_IN_SORTED.java:20)
	at java_programs.FIND_IN_SORTED.binsearch(FIND_IN_SORTED.java:20)
	at java_programs.FIND_IN_SORTED.binsearch(FIND_IN_SORTED.java:20)
	at java_programs.FIND_IN_SORTED.binsearch(FIND_IN_SORTED.java:20)
	at java_programs.FIND_IN_SORTED.binsearch(FIND_IN_SORTED.java:20)
	at java_programs.FIND_IN_SORTED.binsearch(FIND_IN_SORTED.java:20)
	at java_programs.FIND_IN_SORTED.binsearch(FIND_IN_SORTED.java:20)
	at java_programs.FIND_IN_SORTED.binsearch(FIND_IN_SORTED.java:20)
	at java_programs.FIND_IN_SORTED.binsearch(FIND_IN_SORTED.java:20)
	at java_programs.FIND_IN_SORTED.binsearch(FIND_IN_SORTED.java:20)
	at java_programs.FIND_IN_SORTED.binsearch(FIND_IN_SORTED.java:20)
	at java_programs.FIND_IN_SORTED.binsearch(FIND_IN_SORTED.java:20)
	at java_programs.FIND_IN_SORTED.binsearch(FIND_IN_SORTED.java:20)
	at java_programs.FIND_IN_SORTED.binsearch(FIND_IN_SORTED.java:20)
	at java_programs.FIND_IN_SORTED.binsearch(FIND_IN_SORTED.java:20)
	at java_programs.FIND_IN_SORTED.binsearch(FIND_IN_SORTED.java:20)
	at java_programs.FIND_IN_SORTED.binsearch(FIND_IN_SORTED.java:20)
	at java_programs.FIND_IN_SORTED.binsearch(FIND_IN_SORTED.java:20)
	at java_programs.FIND_IN_SORTED.binsearch(FIND_IN_SORTED.java:20)
	at java_programs.FIND_IN_SORTED.binsearch(FIND_IN_SORTED.java:20)
	at java_programs.FIND_IN_SORTED.binsearch(FIND_IN_SORTED.java:20)
	at java_programs.FIND_IN_SORTED.binsearch(FIND_IN_SORTED.java:20)
	at java_programs.FIND_IN_SORTED.binsearch(FIND_IN_SORTED.java:20)
	at java_programs.FIND_IN_SORTED.binsearch(FIND_IN_SORTED.java:20)
	at java_programs.FIND_IN_SORTED.binsearch(FIND_IN_SORTED.java:20)
	at java_programs.FIND_IN_SORTED.binsearch(FIND_IN_SORTED.java:20)
	at java_programs.FIND_IN_SORTED.binsearch(FIND_IN_SORTED.java:20)
	at java_programs.FIND_IN_SORTED.binsearch(FIND_IN_SORTED.java:20)
	at java_programs.FIND_IN_SORTED.binsearch(FIND_IN_SORTED.java:20)
	at java_programs.FIND_IN_SORTED.binsearch(FIND_IN_SORTED.java:20)
	at java_programs.FIND_IN_SORTED.binsearch(FIND_IN_SORTED.java:20)
	at java_programs.FIND_IN_SORTED.binsearch(FIND_IN_SORTED.java:20)
	at java_programs.FIND_IN_SORTED.binsearch(FIND_IN_SORTED.java:20)
	at java_programs.FIND_IN_SORTED.binsearch(FIND_IN_SORTED.java:20)
	at java_programs.FIND_IN_SORTED.binsearch(FIND_IN_SORTED.java:20)
	at java_programs.FIND_IN_SORTED.binsearch(FIND_IN_SORTED.java:20)
	at java_programs.FIND_IN_SORTED.binsearch(FIND_IN_SORTED.java:20)
	at java_programs.FIND_IN_SORTED.binsearch(FIND_IN_SORTED.java:20)
	at java_programs.FIND_IN_SORTED.binsearch(FIND_IN_SORTED.java:20)
	at java_programs.FIND_IN_SORTED.binsearch(FIND_IN_SORTED.java:20)
	at java_programs.FIND_IN_SORTED.binsearch(FIND_IN_SORTED.java:20)
	at java_programs.FIND_IN_SORTED.binsearch(FIND_IN_SORTED.java:20)
	at java_programs.FIND_IN_SORTED.binsearch(FIND_IN_SORTED.java:20)
	at java_programs.FIND_IN_SORTED.binsearch(FIND_IN_SORTED.java:20)
	at java_programs.FIND_IN_SORTED.binsearch(FIND_IN_SORTED.java:20)
	at java_programs.FIND_IN_SORTED.binsearch(FIND_IN_SORTED.java:20)
	at java_programs.FIND_IN_SORTED.binsearch(FIND_IN_SORTED.java:20)
	at java_programs.FIND_IN_SORTED.binsearch(FIND_IN_SORTED.java:20)
	at java_programs.FIND_IN_SORTED.binsearch(FIND_IN_SORTED.java:20)
	at java_programs.FIND_IN_SORTED.binsearch(FIND_IN_SORTED.java:20)
	at java_programs.FIND_IN_SORTED.binsearch(FIND_IN_SORTED.java:20)
	at java_programs.FIND_IN_SORTED.binsearch(FIND_IN_SORTED.java:20)
	at java_programs.FIND_IN_SORTED.binsearch(FIND_IN_SORTED.java:20)
	at java_programs.FIND_IN_SORTED.binsearch(FIND_IN_SORTED.java:20)
	at java_programs.FIND_IN_SORTED.binsearch(FIND_IN_SORTED.java:20)
	at java_programs.FIND_IN_SORTED.binsearch(FIND_IN_SORTED.java:20)
	at java_programs.FIND_IN_SORTED.binsearch(FIND_IN_SORTED.java:20)
	at java_programs.FIND_IN_SORTED.binsearch(FIND_IN_SORTED.java:20)
	at java_programs.FIND_IN_SORTED.binsearch(FIND_IN_SORTED.java:20)
	at java_programs.FIND_IN_SORTED.binsearch(FIND_IN_SORTED.java:20)
	at java_programs.FIND_IN_SORTED.binsearch(FIND_IN_SORTED.java:20)
	at java_programs.FIND_IN_SORTED.binsearch(FIND_IN_SORTED.java:20)
	at java_programs.FIND_IN_SORTED.binsearch(FIND_IN_SORTED.java:20)
	at java_programs.FIND_IN_SORTED.binsearch(FIND_IN_SORTED.java:20)
	at java_programs.FIND_IN_SORTED.binsearch(FIND_IN_SORTED.java:20)
	at java_programs.FIND_IN_SORTED.binsearch(FIND_IN_SORTED.java:20)
	at java_programs.FIND_IN_SORTED.binsearch(FIND_IN_SORTED.java:20)
	at java_programs.FIND_IN_SORTED.binsearch(FIND_IN_SORTED.java:20)
	at java_programs.FIND_IN_SORTED.binsearch(FIND_IN_SORTED.java:20)
	at java_programs.FIND_IN_SORTED.binsearch(FIND_IN_SORTED.java:20)
	at java_programs.FIND_IN_SORTED.binsearch(FIND_IN_SORTED.java:20)
	at java_programs.FIND_IN_SORTED.binsearch(FIND_IN_SORTED.java:20)
	at java_programs.FIND_IN_SORTED.binsearch(FIND_IN_SORTED.java:20)
	at java_programs.FIND_IN_SORTED.binsearch(FIND_IN_SORTED.java:20)
	at java_programs.FIND_IN_SORTED.binsearch(FIND_IN_SORTED.java:20)
	at java_programs.FIND_IN_SORTED.binsearch(FIND_IN_SORTED.java:20)
	at java_programs.FIND_IN_SORTED.binsearch(FIND_IN_SORTED.java:20)
	at java_programs.FIND_IN_SORTED.binsearch(FIND_IN_SORTED.java:20)
	at java_programs.FIND_IN_SORTED.binsearch(FIND_IN_SORTED.java:20)
	at java_programs.FIND_IN_SORTED.binsearch(FIND_IN_SORTED.java:20)
	at java_programs.FIND_IN_SORTED.binsearch(FIND_IN_SORTED.java:20)
	at java_programs.FIND_IN_SORTED.binsearch(FIND_IN_SORTED.java:20)
	at java_programs.FIND_IN_SORTED.binsearch(FIND_IN_SORTED.java:20)
	at java_programs.FIND_IN_SORTED.binsearch(FIND_IN_SORTED.java:20)
	at java_programs.FIND_IN_SORTED.binsearch(FIND_IN_SORTED.java:20)
	at java_programs.FIND_IN_SORTED.binsearch(FIND_IN_SORTED.java:20)
	at java_programs.FIND_IN_SORTED.binsearch(FIND_IN_SORTED.java:20)
	at java_programs.FIND_IN_SORTED.binsearch(FIND_IN_SORTED.java:20)
	at java_programs.FIND_IN_SORTED.binsearch(FIND_IN_SORTED.java:20)
	at java_programs.FIND_IN_SORTED.binsearch(FIND_IN_SORTED.java:20)
	at java_programs.FIND_IN_SORTED.binsearch(FIND_IN_SORTED.java:20)
	at java_programs.FIND_IN_SORTED.binsearch(FIND_IN_SORTED.java:20)
	at java_programs.FIND_IN_SORTED.binsearch(FIND_IN_SORTED.java:20)
	at java_programs.FIND_IN_SORTED.binsearch(FIND_IN_SORTED.java:20)
	at java_programs.FIND_IN_SORTED.binsearch(FIND_IN_SORTED.java:20)
	at java_programs.FIND_IN_SORTED.binsearch(FIND_IN_SORTED.java:20)
	at java_programs.FIND_IN_SORTED.binsearch(FIND_IN_SORTED.java:20)
	at java_programs.FIND_IN_SORTED.binsearch(FIND_IN_SORTED.java:20)
	at java_programs.FIND_IN_SORTED.binsearch(FIND_IN_SORTED.java:20)
	at java_programs.FIND_IN_SORTED.binsearch(FIND_IN_SORTED.java:20)
	at java_programs.FIND_IN_SORTED.binsearch(FIND_IN_SORTED.java:20)
	at java_programs.FIND_IN_SORTED.binsearch(FIND_IN_SORTED.java:20)
	at java_programs.FIND_IN_SORTED.binsearch(FIND_IN_SORTED.java:20)
	at java_programs.FIND_IN_SORTED.binsearch(FIND_IN_SORTED.java:20)
	at java_programs.FIND_IN_SORTED.binsearch(FIND_IN_SORTED.java:20)
	at java_programs.FIND_IN_SORTED.binsearch(FIND_IN_SORTED.java:20)
	at java_programs.FIND_IN_SORTED.binsearch(FIND_IN_SORTED.java:20)
	at java_programs.FIND_IN_SORTED.binsearch(FIND_IN_SORTED.java:20)
	at java_programs.FIND_IN_SORTED.binsearch(FIND_IN_SORTED.java:20)
	at java_programs.FIND_IN_SORTED.binsearch(FIND_IN_SORTED.java:20)
	at java_programs.FIND_IN_SORTED.binsearch(FIND_IN_SORTED.java:20)
	at java_programs.FIND_IN_SORTED.binsearch(FIND_IN_SORTED.java:20)
	at java_programs.FIND_IN_SORTED.binsearch(FIND_IN_SORTED.java:20)
	at java_programs.FIND_IN_SORTED.binsearch(FIND_IN_SORTED.java:20)
	at java_programs.FIND_IN_SORTED.binsearch(FIND_IN_SORTED.java:20)
	at java_programs.FIND_IN_SORTED.binsearch(FIND_IN_SORTED.java:20)
	at java_programs.FIND_IN_SORTED.binsearch(FIND_IN_SORTED.java:20)
	at java_programs.FIND_IN_SORTED.binsearch(FIND_IN_SORTED.java:20)
	at java_programs.FIND_IN_SORTED.binsearch(FIND_IN_SORTED.java:20)
	at java_programs.FIND_IN_SORTED.binsearch(FIND_IN_SORTED.java:20)
	at java_programs.FIND_IN_SORTED.binsearch(FIND_IN_SORTED.java:20)
	at java_programs.FIND_IN_SORTED.binsearch(FIND_IN_SORTED.java:20)
	at java_programs.FIND_IN_SORTED.binsearch(FIND_IN_SORTED.java:20)
	at java_programs.FIND_IN_SORTED.binsearch(FIND_IN_SORTED.java:20)
	at java_programs.FIND_IN_SORTED.binsearch(FIND_IN_SORTED.java:20)
	at java_programs.FIND_IN_SORTED.binsearch(FIND_IN_SORTED.java:20)
	at java_programs.FIND_IN_SORTED.binsearch(FIND_IN_SORTED.java:20)
	at java_programs.FIND_IN_SORTED.binsearch(FIND_IN_SORTED.java:20)
	at java_programs.FIND_IN_SORTED.binsearch(FIND_IN_SORTED.java:20)
	at java_programs.FIND_IN_SORTED.binsearch(FIND_IN_SORTED.java:20)
	at java_programs.FIND_IN_SORTED.binsearch(FIND_IN_SORTED.java:20)
	at java_programs.FIND_IN_SORTED.binsearch(FIND_IN_SORTED.java:20)
	at java_programs.FIND_IN_SORTED.binsearch(FIND_IN_SORTED.java:20)
	at java_programs.FIND_IN_SORTED.binsearch(FIND_IN_SORTED.java:20)
	at java_programs.FIND_IN_SORTED.binsearch(FIND_IN_SORTED.java:20)
	at java_programs.FIND_IN_SORTED.binsearch(FIND_IN_SORTED.java:20)
	at java_programs.FIND_IN_SORTED.binsearch(FIND_IN_SORTED.java:20)
	at java_programs.FIND_IN_SORTED.binsearch(FIND_IN_SORTED.java:20)
	at java_programs.FIND_IN_SORTED.binsearch(FIND_IN_SORTED.java:20)
	at java_programs.FIND_IN_SORTED.binsearch(FIND_IN_SORTED.java:20)
	at java_programs.FIND_IN_SORTED.binsearch(FIND_IN_SORTED.java:20)
	at java_programs.FIND_IN_SORTED.binsearch(FIND_IN_SORTED.java:20)
	at java_programs.FIND_IN_SORTED.binsearch(FIND_IN_SORTED.java:20)
	at java_programs.FIND_IN_SORTED.binsearch(FIND_IN_SORTED.java:20)
	at java_programs.FIND_IN_SORTED.binsearch(FIND_IN_SORTED.java:20)
	at java_programs.FIND_IN_SORTED.binsearch(FIND_IN_SORTED.java:20)
	at java_programs.FIND_IN_SORTED.binsearch(FIND_IN_SORTED.java:20)
	at java_programs.FIND_IN_SORTED.binsearch(FIND_IN_SORTED.java:20)
	at java_programs.FIND_IN_SORTED.binsearch(FIND_IN_SORTED.java:20)
	at java_programs.FIND_IN_SORTED.binsearch(FIND_IN_SORTED.java:20)
	at java_programs.FIND_IN_SORTED.binsearch(FIND_IN_SORTED.java:20)
	at java_programs.FIND_IN_SORTED.binsearch(FIND_IN_SORTED.java:20)
	at java_programs.FIND_IN_SORTED.binsearch(FIND_IN_SORTED.java:20)
	at java_programs.FIND_IN_SORTED.binsearch(FIND_IN_SORTED.java:20)
	at java_programs.FIND_IN_SORTED.binsearch(FIND_IN_SORTED.java:20)
	at java_programs.FIND_IN_SORTED.binsearch(FIND_IN_SORTED.java:20)
	at java_programs.FIND_IN_SORTED.binsearch(FIND_IN_SORTED.java:20)
	at java_programs.FIND_IN_SORTED.binsearch(FIND_IN_SORTED.java:20)
	at java_programs.FIND_IN_SORTED.binsearch(FIND_IN_SORTED.java:20)
	at java_programs.FIND_IN_SORTED.binsearch(FIND_IN_SORTED.java:20)
	at java_programs.FIND_IN_SORTED.binsearch(FIND_IN_SORTED.java:20)
	at java_programs.FIND_IN_SORTED.binsearch(FIND_IN_SORTED.java:20)
	at java_programs.FIND_IN_SORTED.binsearch(FIND_IN_SORTED.java:20)
	at java_programs.FIND_IN_SORTED.binsearch(FIND_IN_SORTED.java:20)
	at java_programs.FIND_IN_SORTED.binsearch(FIND_IN_SORTED.java:20)
	at java_programs.FIND_IN_SORTED.binsearch(FIND_IN_SORTED.java:20)
	at java_programs.FIND_IN_SORTED.binsearch(FIND_IN_SORTED.java:20)
	at java_programs.FIND_IN_SORTED.binsearch(FIND_IN_SORTED.java:20)
	at java_programs.FIND_IN_SORTED.binsearch(FIND_IN_SORTED.java:20)
	at java_programs.FIND_IN_SORTED.binsearch(FIND_IN_SORTED.java:20)
	at java_programs.FIND_IN_SORTED.binsearch(FIND_IN_SORTED.java:20)
	at java_programs.FIND_IN_SORTED.binsearch(FIND_IN_SORTED.java:20)
	at java_programs.FIND_IN_SORTED.binsearch(FIND_IN_SORTED.java:20)
	at java_programs.FIND_IN_SORTED.binsearch(FIND_IN_SORTED.java:20)
	at java_programs.FIND_IN_SORTED.binsearch(FIND_IN_SORTED.java:20)
	at java_programs.FIND_IN_SORTED.binsearch(FIND_IN_SORTED.java:20)
	at java_programs.FIND_IN_SORTED.binsearch(FIND_IN_SORTED.java:20)
	at java_programs.FIND_IN_SORTED.binsearch(FIND_IN_SORTED.java:20)
	at java_programs.FIND_IN_SORTED.binsearch(FIND_IN_SORTED.java:20)
	at java_programs.FIND_IN_SORTED.binsearch(FIND_IN_SORTED.java:20)
	at java_programs.FIND_IN_SORTED.binsearch(FIND_IN_SORTED.java:20)
	at java_programs.FIND_IN_SORTED.binsearch(FIND_IN_SORTED.java:20)
	at java_programs.FIND_IN_SORTED.binsearch(FIND_IN_SORTED.java:20)
	at java_programs.FIND_IN_SORTED.binsearch(FIND_IN_SORTED.java:20)
	at java_programs.FIND_IN_SORTED.binsearch(FIND_IN_SORTED.java:20)
	at java_programs.FIND_IN_SORTED.binsearch(FIND_IN_SORTED.java:20)
	at java_programs.FIND_IN_SORTED.binsearch(FIND_IN_SORTED.java:20)
	at java_programs.FIND_IN_SORTED.binsearch(FIND_IN_SORTED.java:20)
	at java_programs.FIND_IN_SORTED.binsearch(FIND_IN_SORTED.java:20)
	at java_programs.FIND_IN_SORTED.binsearch(FIND_IN_SORTED.java:20)
	at java_programs.FIND_IN_SORTED.binsearch(FIND_IN_SORTED.java:20)
	at java_programs.FIND_IN_SORTED.binsearch(FIND_IN_SORTED.java:20)
	at java_programs.FIND_IN_SORTED.binsearch(FIND_IN_SORTED.java:20)
	at java_programs.FIND_IN_SORTED.binsearch(FIND_IN_SORTED.java:20)
	at java_programs.FIND_IN_SORTED.binsearch(FIND_IN_SORTED.java:20)
	at java_programs.FIND_IN_SORTED.binsearch(FIND_IN_SORTED.java:20)
	at java_programs.FIND_IN_SORTED.binsearch(FIND_IN_SORTED.java:20)
	at java_programs.FIND_IN_SORTED.binsearch(FIND_IN_SORTED.java:20)
	at java_programs.FIND_IN_SORTED.binsearch(FIND_IN_SORTED.java:20)
	at java_programs.FIND_IN_SORTED.binsearch(FIND_IN_SORTED.java:20)
	at java_programs.FIND_IN_SORTED.binsearch(FIND_IN_SORTED.java:20)
	at java_programs.FIND_IN_SORTED.binsearch(FIND_IN_SORTED.java:20)
	at java_programs.FIND_IN_SORTED.binsearch(FIND_IN_SORTED.java:20)
	at java_programs.FIND_IN_SORTED.binsearch(FIND_IN_SORTED.java:20)
	at java_programs.FIND_IN_SORTED.binsearch(FIND_IN_SORTED.java:20)
	at java_programs.FIND_IN_SORTED.binsearch(FIND_IN_SORTED.java:20)
	at java_programs.FIND_IN_SORTED.binsearch(FIND_IN_SORTED.java:20)
	at java_programs.FIND_IN_SORTED.binsearch(FIND_IN_SORTED.java:20)
	at java_programs.FIND_IN_SORTED.binsearch(FIND_IN_SORTED.java:20)
	at java_programs.FIND_IN_SORTED.binsearch(FIND_IN_SORTED.java:20)
	at java_programs.FIND_IN_SORTED.binsearch(FIND_IN_SORTED.java:20)
	at java_programs.FIND_IN_SORTED.binsearch(FIND_IN_SORTED.java:20)
	at java_programs.FIND_IN_SORTED.binsearch(FIND_IN_SORTED.java:20)
	at java_programs.FIND_IN_SORTED.binsearch(FIND_IN_SORTED.java:20)
	at java_programs.FIND_IN_SORTED.binsearch(FIND_IN_SORTED.java:20)
	at java_programs.FIND_IN_SORTED.binsearch(FIND_IN_SORTED.java:20)
	at java_programs.FIND_IN_SORTED.binsearch(FIND_IN_SORTED.java:20)
	at java_programs.FIND_IN_SORTED.binsearch(FIND_IN_SORTED.java:20)
	at java_programs.FIND_IN_SORTED.binsearch(FIND_IN_SORTED.java:20)
	at java_programs.FIND_IN_SORTED.binsearch(FIND_IN_SORTED.java:20)
	at java_programs.FIND_IN_SORTED.binsearch(FIND_IN_SORTED.java:20)
	at java_programs.FIND_IN_SORTED.binsearch(FIND_IN_SORTED.java:20)
	at java_programs.FIND_IN_SORTED.binsearch(FIND_IN_SORTED.java:20)
	at java_programs.FIND_IN_SORTED.binsearch(FIND_IN_SORTED.java:20)
	at java_programs.FIND_IN_SORTED.binsearch(FIND_IN_SORTED.java:20)
	at java_programs.FIND_IN_SORTED.binsearch(FIND_IN_SORTED.java:20)
	at java_programs.FIND_IN_SORTED.binsearch(FIND_IN_SORTED.java:20)
	at java_programs.FIND_IN_SORTED.binsearch(FIND_IN_SORTED.java:20)
	at java_programs.FIND_IN_SORTED.binsearch(FIND_IN_SORTED.java:20)
	at java_programs.FIND_IN_SORTED.binsearch(FIND_IN_SORTED.java:20)
	at java_programs.FIND_IN_SORTED.binsearch(FIND_IN_SORTED.java:20)
	at java_programs.FIND_IN_SORTED.binsearch(FIND_IN_SORTED.java:20)
	at java_programs.FIND_IN_SORTED.binsearch(FIND_IN_SORTED.java:20)
	at java_programs.FIND_IN_SORTED.binsearch(FIND_IN_SORTED.java:20)
	at java_programs.FIND_IN_SORTED.binsearch(FIND_IN_SORTED.java:20)
	at java_programs.FIND_IN_SORTED.binsearch(FIND_IN_SORTED.java:20)
	at java_programs.FIND_IN_SORTED.binsearch(FIND_IN_SORTED.java:20)
	at java_programs.FIND_IN_SORTED.binsearch(FIND_IN_SORTED.java:20)
	at java_programs.FIND_IN_SORTED.binsearch(FIND_IN_SORTED.java:20)
	at java_programs.FIND_IN_SORTED.binsearch(FIND_IN_SORTED.java:20)
	at java_programs.FIND_IN_SORTED.binsearch(FIND_IN_SORTED.java:20)
	at java_programs.FIND_IN_SORTED.binsearch(FIND_IN_SORTED.java:20)
	at java_programs.FIND_IN_SORTED.binsearch(FIND_IN_SORTED.java:20)
	at java_programs.FIND_IN_SORTED.binsearch(FIND_IN_SORTED.java:20)
	at java_programs.FIND_IN_SORTED.binsearch(FIND_IN_SORTED.java:20)
	at java_programs.FIND_IN_SORTED.binsearch(FIND_IN_SORTED.java:20)
	at java_programs.FIND_IN_SORTED.binsearch(FIND_IN_SORTED.java:20)
	at java_programs.FIND_IN_SORTED.binsearch(FIND_IN_SORTED.java:20)
	at java_programs.FIND_IN_SORTED.binsearch(FIND_IN_SORTED.java:20)
	at java_programs.FIND_IN_SORTED.binsearch(FIND_IN_SORTED.java:20)
	at java_programs.FIND_IN_SORTED.binsearch(FIND_IN_SORTED.java:20)
	at java_programs.FIND_IN_SORTED.binsearch(FIND_IN_SORTED.java:20)
	at java_programs.FIND_IN_SORTED.binsearch(FIND_IN_SORTED.java:20)
	at java_programs.FIND_IN_SORTED.binsearch(FIND_IN_SORTED.java:20)
	at java_programs.FIND_IN_SORTED.binsearch(FIND_IN_SORTED.java:20)
	at java_programs.FIND_IN_SORTED.binsearch(FIND_IN_SORTED.java:20)
	at java_programs.FIND_IN_SORTED.binsearch(FIND_IN_SORTED.java:20)
	at java_programs.FIND_IN_SORTED.binsearch(FIND_IN_SORTED.java:20)
	at java_programs.FIND_IN_SORTED.binsearch(FIND_IN_SORTED.java:20)
	at java_programs.FIND_IN_SORTED.binsearch(FIND_IN_SORTED.java:20)
	at java_programs.FIND_IN_SORTED.binsearch(FIND_IN_SORTED.java:20)
	at java_programs.FIND_IN_SORTED.binsearch(FIND_IN_SORTED.java:20)
	at java_programs.FIND_IN_SORTED.binsearch(FIND_IN_SORTED.java:20)
	at java_programs.FIND_IN_SORTED.binsearch(FIND_IN_SORTED.java:20)
	at java_programs.FIND_IN_SORTED.binsearch(FIND_IN_SORTED.java:20)
	at java_programs.FIND_IN_SORTED.binsearch(FIND_IN_SORTED.java:20)
	at java_programs.FIND_IN_SORTED.binsearch(FIND_IN_SORTED.java:20)
	at java_programs.FIND_IN_SORTED.binsearch(FIND_IN_SORTED.java:20)
	at java_programs.FIND_IN_SORTED.binsearch(FIND_IN_SORTED.java:20)
	at java_programs.FIND_IN_SORTED.binsearch(FIND_IN_SORTED.java:20)
	at java_programs.FIND_IN_SORTED.binsearch(FIND_IN_SORTED.java:20)
	at java_programs.FIND_IN_SORTED.binsearch(FIND_IN_SORTED.java:20)
	at java_programs.FIND_IN_SORTED.binsearch(FIND_IN_SORTED.java:20)
	at java_programs.FIND_IN_SORTED.binsearch(FIND_IN_SORTED.java:20)
	at java_programs.FIND_IN_SORTED.binsearch(FIND_IN_SORTED.java:20)
	at java_programs.FIND_IN_SORTED.binsearch(FIND_IN_SORTED.java:20)
	at java_programs.FIND_IN_SORTED.binsearch(FIND_IN_SORTED.java:20)
	at java_programs.FIND_IN_SORTED.binsearch(FIND_IN_SORTED.java:20)
	at java_programs.FIND_IN_SORTED.binsearch(FIND_IN_SORTED.java:20)
	at java_programs.FIND_IN_SORTED.binsearch(FIND_IN_SORTED.java:20)
	at java_programs.FIND_IN_SORTED.binsearch(FIND_IN_SORTED.java:20)
	at java_programs.FIND_IN_SORTED.binsearch(FIND_IN_SORTED.java:20)
	at java_programs.FIND_IN_SORTED.binsearch(FIND_IN_SORTED.java:20)
	at java_programs.FIND_IN_SORTED.binsearch(FIND_IN_SORTED.java:20)
	at java_programs.FIND_IN_SORTED.binsearch(FIND_IN_SORTED.java:20)
	at java_programs.FIND_IN_SORTED.binsearch(FIND_IN_SORTED.java:20)
	at java_programs.FIND_IN_SORTED.binsearch(FIND_IN_SORTED.java:20)
	at java_programs.FIND_IN_SORTED.binsearch(FIND_IN_SORTED.java:20)
	at java_programs.FIND_IN_SORTED.binsearch(FIND_IN_SORTED.java:20)
	at java_programs.FIND_IN_SORTED.binsearch(FIND_IN_SORTED.java:20)
	at java_programs.FIND_IN_SORTED.binsearch(FIND_IN_SORTED.java:20)
	at java_programs.FIND_IN_SORTED.binsearch(FIND_IN_SORTED.java:20)
	at java_programs.FIND_IN_SORTED.binsearch(FIND_IN_SORTED.java:20)
	at java_programs.FIND_IN_SORTED.binsearch(FIND_IN_SORTED.java:20)
	at java_programs.FIND_IN_SORTED.binsearch(FIND_IN_SORTED.java:20)
	at java_programs.FIND_IN_SORTED.binsearch(FIND_IN_SORTED.java:20)
	at java_programs.FIND_IN_SORTED.binsearch(FIND_IN_SORTED.java:20)
	at java_programs.FIND_IN_SORTED.binsearch(FIND_IN_SORTED.java:20)
	at java_programs.FIND_IN_SORTED.binsearch(FIND_IN_SORTED.java:20)
	at java_programs.FIND_IN_SORTED.binsearch(FIND_IN_SORTED.java:20)
	at java_programs.FIND_IN_SORTED.binsearch(FIND_IN_SORTED.java:20)
	at java_programs.FIND_IN_SORTED.binsearch(FIND_IN_SORTED.java:20)
	at java_programs.FIND_IN_SORTED.binsearch(FIND_IN_SORTED.java:20)
	at java_programs.FIND_IN_SORTED.binsearch(FIND_IN_SORTED.java:20)
	at java_programs.FIND_IN_SORTED.binsearch(FIND_IN_SORTED.java:20)
	at java_programs.FIND_IN_SORTED.binsearch(FIND_IN_SORTED.java:20)
	at java_programs.FIND_IN_SORTED.binsearch(FIND_IN_SORTED.java:20)
	at java_programs.FIND_IN_SORTED.binsearch(FIND_IN_SORTED.java:20)
	at java_programs.FIND_IN_SORTED.binsearch(FIND_IN_SORTED.java:20)
	at java_programs.FIND_IN_SORTED.binsearch(FIND_IN_SORTED.java:20)
	at java_programs.FIND_IN_SORTED.binsearch(FIND_IN_SORTED.java:20)
	at java_programs.FIND_IN_SORTED.binsearch(FIND_IN_SORTED.java:20)
	at java_programs.FIND_IN_SORTED.binsearch(FIND_IN_SORTED.java:20)
	at java_programs.FIND_IN_SORTED.binsearch(FIND_IN_SORTED.java:20)
	at java_programs.FIND_IN_SORTED.binsearch(FIND_IN_SORTED.java:20)
	at java_programs.FIND_IN_SORTED.binsearch(FIND_IN_SORTED.java:20)
	at java_programs.FIND_IN_SORTED.binsearch(FIND_IN_SORTED.java:20)
	at java_programs.FIND_IN_SORTED.binsearch(FIND_IN_SORTED.java:20)
	at java_programs.FIND_IN_SORTED.binsearch(FIND_IN_SORTED.java:20)
	at java_programs.FIND_IN_SORTED.binsearch(FIND_IN_SORTED.java:20)
	at java_programs.FIND_IN_SORTED.binsearch(FIND_IN_SORTED.java:20)
	at java_programs.FIND_IN_SORTED.binsearch(FIND_IN_SORTED.java:20)
	at java_programs.FIND_IN_SORTED.binsearch(FIND_IN_SORTED.java:20)
	at java_programs.FIND_IN_SORTED.binsearch(FIND_IN_SORTED.java:20)
	at java_programs.FIND_IN_SORTED.binsearch(FIND_IN_SORTED.java:20)
	at java_programs.FIND_IN_SORTED.binsearch(FIND_IN_SORTED.java:20)
	at java_programs.FIND_IN_SORTED.binsearch(FIND_IN_SORTED.java:20)
	at java_programs.FIND_IN_SORTED.binsearch(FIND_IN_SORTED.java:20)
	at java_programs.FIND_IN_SORTED.binsearch(FIND_IN_SORTED.java:20)
	at java_programs.FIND_IN_SORTED.binsearch(FIND_IN_SORTED.java:20)
	at java_programs.FIND_IN_SORTED.binsearch(FIND_IN_SORTED.java:20)
	at java_programs.FIND_IN_SORTED.binsearch(FIND_IN_SORTED.java:20)
	at java_programs.FIND_IN_SORTED.binsearch(FIND_IN_SORTED.java:20)
	at java_programs.FIND_IN_SORTED.binsearch(FIND_IN_SORTED.java:20)
	at java_programs.FIND_IN_SORTED.binsearch(FIND_IN_SORTED.java:20)
	at java_programs.FIND_IN_SORTED.binsearch(FIND_IN_SORTED.java:20)
	at java_programs.FIND_IN_SORTED.binsearch(FIND_IN_SORTED.java:20)
	at java_programs.FIND_IN_SORTED.binsearch(FIND_IN_SORTED.java:20)
	at java_programs.FIND_IN_SORTED.binsearch(FIND_IN_SORTED.java:20)
	at java_programs.FIND_IN_SORTED.binsearch(FIND_IN_SORTED.java:20)
	at java_programs.FIND_IN_SORTED.binsearch(FIND_IN_SORTED.java:20)
	at java_programs.FIND_IN_SORTED.binsearch(FIND_IN_SORTED.java:20)
	at java_programs.FIND_IN_SORTED.binsearch(FIND_IN_SORTED.java:20)
	at java_programs.FIND_IN_SORTED.binsearch(FIND_IN_SORTED.java:20)
	at java_programs.FIND_IN_SORTED.binsearch(FIND_IN_SORTED.java:20)
	at java_programs.FIND_IN_SORTED.binsearch(FIND_IN_SORTED.java:20)
	at java_programs.FIND_IN_SORTED.binsearch(FIND_IN_SORTED.java:20)
	at java_programs.FIND_IN_SORTED.binsearch(FIND_IN_SORTED.java:20)
	at java_programs.FIND_IN_SORTED.binsearch(FIND_IN_SORTED.java:20)
	at java_programs.FIND_IN_SORTED.binsearch(FIND_IN_SORTED.java:20)
	at java_programs.FIND_IN_SORTED.binsearch(FIND_IN_SORTED.java:20)
	at java_programs.FIND_IN_SORTED.binsearch(FIND_IN_SORTED.java:20)
	at java_programs.FIND_IN_SORTED.binsearch(FIND_IN_SORTED.java:20)
	at java_programs.FIND_IN_SORTED.binsearch(FIND_IN_SORTED.java:20)
	at java_programs.FIND_IN_SORTED.binsearch(FIND_IN_SORTED.java:20)
	at java_programs.FIND_IN_SORTED.binsearch(FIND_IN_SORTED.java:20)
	at java_programs.FIND_IN_SORTED.binsearch(FIND_IN_SORTED.java:20)
	at java_programs.FIND_IN_SORTED.binsearch(FIND_IN_SORTED.java:20)
	at java_programs.FIND_IN_SORTED.binsearch(FIND_IN_SORTED.java:20)
	at java_programs.FIND_IN_SORTED.binsearch(FIND_IN_SORTED.java:20)
	at java_programs.FIND_IN_SORTED.binsearch(FIND_IN_SORTED.java:20)
	at java_programs.FIND_IN_SORTED.binsearch(FIND_IN_SORTED.java:20)
	at java_programs.FIND_IN_SORTED.binsearch(FIND_IN_SORTED.java:20)
	at java_programs.FIND_IN_SORTED.binsearch(FIND_IN_SORTED.java:20)
	at java_programs.FIND_IN_SORTED.binsearch(FIND_IN_SORTED.java:20)
	at java_programs.FIND_IN_SORTED.binsearch(FIND_IN_SORTED.java:20)
	at java_programs.FIND_IN_SORTED.binsearch(FIND_IN_SORTED.java:20)
	at java_programs.FIND_IN_SORTED.binsearch(FIND_IN_SORTED.java:20)
	at java_programs.FIND_IN_SORTED.binsearch(FIND_IN_SORTED.java:20)
	at java_programs.FIND_IN_SORTED.binsearch(FIND_IN_SORTED.java:20)
	at java_programs.FIND_IN_SORTED.binsearch(FIND_IN_SORTED.java:20)
	at java_programs.FIND_IN_SORTED.binsearch(FIND_IN_SORTED.java:20)
	at java_programs.FIND_IN_SORTED.binsearch(FIND_IN_SORTED.java:20)
	at java_programs.FIND_IN_SORTED.binsearch(FIND_IN_SORTED.java:20)
	at java_programs.FIND_IN_SORTED.binsearch(FIND_IN_SORTED.java:20)
	at java_programs.FIND_IN_SORTED.binsearch(FIND_IN_SORTED.java:20)
	at java_programs.FIND_IN_SORTED.binsearch(FIND_IN_SORTED.java:20)
	at java_programs.FIND_IN_SORTED.binsearch(FIND_IN_SORTED.java:20)
	at java_programs.FIND_IN_SORTED.binsearch(FIND_IN_SORTED.java:20)
	at java_programs.FIND_IN_SORTED.binsearch(FIND_IN_SORTED.java:20)
	at java_programs.FIND_IN_SORTED.binsearch(FIND_IN_SORTED.java:20)
	at java_programs.FIND_IN_SORTED.binsearch(FIND_IN_SORTED.java:20)
	at java_programs.FIND_IN_SORTED.binsearch(FIND_IN_SORTED.java:20)
	at java_programs.FIND_IN_SORTED.binsearch(FIND_IN_SORTED.java:20)
	at java_programs.FIND_IN_SORTED.binsearch(FIND_IN_SORTED.java:20)
	at java_programs.FIND_IN_SORTED.binsearch(FIND_IN_SORTED.java:20)
	at java_programs.FIND_IN_SORTED.binsearch(FIND_IN_SORTED.java:20)
	at java_programs.FIND_IN_SORTED.binsearch(FIND_IN_SORTED.java:20)
	at java_programs.FIND_IN_SORTED.binsearch(FIND_IN_SORTED.java:20)
	at java_programs.FIND_IN_SORTED.binsearch(FIND_IN_SORTED.java:20)
	at java_programs.FIND_IN_SORTED.binsearch(FIND_IN_SORTED.java:20)
	at java_programs.FIND_IN_SORTED.binsearch(FIND_IN_SORTED.java:20)
	at java_programs.FIND_IN_SORTED.binsearch(FIND_IN_SORTED.java:20)
	at java_programs.FIND_IN_SORTED.binsearch(FIND_IN_SORTED.java:20)
	at java_programs.FIND_IN_SORTED.binsearch(FIND_IN_SORTED.java:20)
	at java_programs.FIND_IN_SORTED.binsearch(FIND_IN_SORTED.java:20)
	at java_programs.FIND_IN_SORTED.binsearch(FIND_IN_SORTED.java:20)
	at java_programs.FIND_IN_SORTED.binsearch(FIND_IN_SORTED.java:20)
	at java_programs.FIND_IN_SORTED.binsearch(FIND_IN_SORTED.java:20)
	at java_programs.FIND_IN_SORTED.binsearch(FIND_IN_SORTED.java:20)
	at java_programs.FIND_IN_SORTED.binsearch(FIND_IN_SORTED.java:20)
	at java_programs.FIND_IN_SORTED.binsearch(FIND_IN_SORTED.java:20)
	at java_programs.FIND_IN_SORTED.binsearch(FIND_IN_SORTED.java:20)
	at java_programs.FIND_IN_SORTED.binsearch(FIND_IN_SORTED.java:20)
	at java_programs.FIND_IN_SORTED.binsearch(FIND_IN_SORTED.java:20)
	at java_programs.FIND_IN_SORTED.binsearch(FIND_IN_SORTED.java:20)
	at java_programs.FIND_IN_SORTED.binsearch(FIND_IN_SORTED.java:20)
	at java_programs.FIND_IN_SORTED.binsearch(FIND_IN_SORTED.java:20)
	at java_programs.FIND_IN_SORTED.binsearch(FIND_IN_SORTED.java:20)
	at java_programs.FIND_IN_SORTED.binsearch(FIND_IN_SORTED.java:20)
	at java_programs.FIND_IN_SORTED.binsearch(FIND_IN_SORTED.java:20)
	at java_programs.FIND_IN_SORTED.binsearch(FIND_IN_SORTED.java:20)
	at java_programs.FIND_IN_SORTED.binsearch(FIND_IN_SORTED.java:20)
	at java_programs.FIND_IN_SORTED.binsearch(FIND_IN_SORTED.java:20)
	at java_programs.FIND_IN_SORTED.binsearch(FIND_IN_SORTED.java:20)
	at java_programs.FIND_IN_SORTED.binsearch(FIND_IN_SORTED.java:20)
	at java_programs.FIND_IN_SORTED.binsearch(FIND_IN_SORTED.java:20)
	at java_programs.FIND_IN_SORTED.binsearch(FIND_IN_SORTED.java:20)
	at java_programs.FIND_IN_SORTED.binsearch(FIND_IN_SORTED.java:20)
	at java_programs.FIND_IN_SORTED.binsearch(FIND_IN_SORTED.java:20)
	at java_programs.FIND_IN_SORTED.binsearch(FIND_IN_SORTED.java:20)
	at java_programs.FIND_IN_SORTED.binsearch(FIND_IN_SORTED.java:20)
	at java_programs.FIND_IN_SORTED.binsearch(FIND_IN_SORTED.java:20)
	at java_programs.FIND_IN_SORTED.binsearch(FIND_IN_SORTED.java:20)
	at java_programs.FIND_IN_SORTED.binsearch(FIND_IN_SORTED.java:20)
	at java_programs.FIND_IN_SORTED.binsearch(FIND_IN_SORTED.java:20)
	at java_programs.FIND_IN_SORTED.binsearch(FIND_IN_SORTED.java:20)
	at java_programs.FIND_IN_SORTED.binsearch(FIND_IN_SORTED.java:20)
	at java_programs.FIND_IN_SORTED.binsearch(FIND_IN_SORTED.java:20)
	at java_programs.FIND_IN_SORTED.binsearch(FIND_IN_SORTED.java:20)
	at java_programs.FIND_IN_SORTED.binsearch(FIND_IN_SORTED.java:20)
	at java_programs.FIND_IN_SORTED.binsearch(FIND_IN_SORTED.java:20)
	at java_programs.FIND_IN_SORTED.binsearch(FIND_IN_SORTED.java:20)
	at java_programs.FIND_IN_SORTED.binsearch(FIND_IN_SORTED.java:20)
	at java_programs.FIND_IN_SORTED.binsearch(FIND_IN_SORTED.java:20)
	at java_programs.FIND_IN_SORTED.binsearch(FIND_IN_SORTED.java:20)
	at java_programs.FIND_IN_SORTED.binsearch(FIND_IN_SORTED.java:20)
	at java_programs.FIND_IN_SORTED.binsearch(FIND_IN_SORTED.java:20)
	at java_programs.FIND_IN_SORTED.binsearch(FIND_IN_SORTED.java:20)
	at java_programs.FIND_IN_SORTED.binsearch(FIND_IN_SORTED.java:20)
	at java_programs.FIND_IN_SORTED.binsearch(FIND_IN_SORTED.java:20)
	at java_programs.FIND_IN_SORTED.binsearch(FIND_IN_SORTED.java:20)
	at java_programs.FIND_IN_SORTED.binsearch(FIND_IN_SORTED.java:20)
	at java_programs.FIND_IN_SORTED.binsearch(FIND_IN_SORTED.java:20)
	at java_programs.FIND_IN_SORTED.binsearch(FIND_IN_SORTED.java:20)
	at java_programs.FIND_IN_SORTED.binsearch(FIND_IN_SORTED.java:20)
	at java_programs.FIND_IN_SORTED.binsearch(FIND_IN_SORTED.java:20)
	at java_programs.FIND_IN_SORTED.binsearch(FIND_IN_SORTED.java:20)
	at java_programs.FIND_IN_SORTED.binsearch(FIND_IN_SORTED.java:20)
	at java_programs.FIND_IN_SORTED.binsearch(FIND_IN_SORTED.java:20)
	at java_programs.FIND_IN_SORTED.binsearch(FIND_IN_SORTED.java:20)
	at java_programs.FIND_IN_SORTED.binsearch(FIND_IN_SORTED.java:20)
	at java_programs.FIND_IN_SORTED.binsearch(FIND_IN_SORTED.java:20)
	at java_programs.FIND_IN_SORTED.binsearch(FIND_IN_SORTED.java:20)
	at java_programs.FIND_IN_SORTED.binsearch(FIND_IN_SORTED.java:20)
	at java_programs.FIND_IN_SORTED.binsearch(FIND_IN_SORTED.java:20)
	at java_programs.FIND_IN_SORTED.binsearch(FIND_IN_SORTED.java:20)
	at java_programs.FIND_IN_SORTED.binsearch(FIND_IN_SORTED.java:20)
	at java_programs.FIND_IN_SORTED.binsearch(FIND_IN_SORTED.java:20)
	at java_programs.FIND_IN_SORTED.binsearch(FIND_IN_SORTED.java:20)
	at java_programs.FIND_IN_SORTED.binsearch(FIND_IN_SORTED.java:20)
	at java_programs.FIND_IN_SORTED.binsearch(FIND_IN_SORTED.java:20)
	at java_programs.FIND_IN_SORTED.binsearch(FIND_IN_SORTED.java:20)
	at java_programs.FIND_IN_SORTED.binsearch(FIND_IN_SORTED.java:20)
	at java_programs.FIND_IN_SORTED.binsearch(FIND_IN_SORTED.java:20)
	at java_programs.FIND_IN_SORTED.binsearch(FIND_IN_SORTED.java:20)
	at java_programs.FIND_IN_SORTED.binsearch(FIND_IN_SORTED.java:20)
	at java_programs.FIND_IN_SORTED.binsearch(FIND_IN_SORTED.java:20)
	at java_programs.FIND_IN_SORTED.binsearch(FIND_IN_SORTED.java:20)
	at java_programs.FIND_IN_SORTED.binsearch(FIND_IN_SORTED.java:20)
	at java_programs.FIND_IN_SORTED.binsearch(FIND_IN_SORTED.java:20)
	at java_programs.FIND_IN_SORTED.binsearch(FIND_IN_SORTED.java:20)
	at java_programs.FIND_IN_SORTED.binsearch(FIND_IN_SORTED.java:20)
	at java_programs.FIND_IN_SORTED.binsearch(FIND_IN_SORTED.java:20)
	at java_programs.FIND_IN_SORTED.binsearch(FIND_IN_SORTED.java:20)
	at java_programs.FIND_IN_SORTED.binsearch(FIND_IN_SORTED.java:20)
	at java_programs.FIND_IN_SORTED.binsearch(FIND_IN_SORTED.java:20)
	at java_programs.FIND_IN_SORTED.binsearch(FIND_IN_SORTED.java:20)
	at java_programs.FIND_IN_SORTED.binsearch(FIND_IN_SORTED.java:20)
	at java_programs.FIND_IN_SORTED.binsearch(FIND_IN_SORTED.java:20)
	at java_programs.FIND_IN_SORTED.binsearch(FIND_IN_SORTED.java:20)
	at java_programs.FIND_IN_SORTED.binsearch(FIND_IN_SORTED.java:20)
	at java_programs.FIND_IN_SORTED.binsearch(FIND_IN_SORTED.java:20)
	at java_programs.FIND_IN_SORTED.binsearch(FIND_IN_SORTED.java:20)
	at java_programs.FIND_IN_SORTED.binsearch(FIND_IN_SORTED.java:20)
	at java_programs.FIND_IN_SORTED.binsearch(FIND_IN_SORTED.java:20)
	at java_programs.FIND_IN_SORTED.binsearch(FIND_IN_SORTED.java:20)
	at java_programs.FIND_IN_SORTED.binsearch(FIND_IN_SORTED.java:20)
	at java_programs.FIND_IN_SORTED.binsearch(FIND_IN_SORTED.java:20)
	at java_programs.FIND_IN_SORTED.binsearch(FIND_IN_SORTED.java:20)
	at java_programs.FIND_IN_SORTED.binsearch(FIND_IN_SORTED.java:20)
	at java_programs.FIND_IN_SORTED.binsearch(FIND_IN_SORTED.java:20)
	at java_programs.FIND_IN_SORTED.binsearch(FIND_IN_SORTED.java:20)
	at java_programs.FIND_IN_SORTED.binsearch(FIND_IN_SORTED.java:20)
	at java_programs.FIND_IN_SORTED.binsearch(FIND_IN_SORTED.java:20)
	at java_programs.FIND_IN_SORTED.binsearch(FIND_IN_SORTED.java:20)
	at java_programs.FIND_IN_SORTED.binsearch(FIND_IN_SORTED.java:20)
	at java_programs.FIND_IN_SORTED.binsearch(FIND_IN_SORTED.java:20)
	at java_programs.FIND_IN_SORTED.binsearch(FIND_IN_SORTED.java:20)
	at java_programs.FIND_IN_SORTED.binsearch(FIND_IN_SORTED.java:20)
	at java_programs.FIND_IN_SORTED.binsearch(FIND_IN_SORTED.java:20)
	at java_programs.FIND_IN_SORTED.binsearch(FIND_IN_SORTED.java:20)
	at java_programs.FIND_IN_SORTED.binsearch(FIND_IN_SORTED.java:20)
	at java_programs.FIND_IN_SORTED.binsearch(FIND_IN_SORTED.java:20)
	at java_programs.FIND_IN_SORTED.binsearch(FIND_IN_SORTED.java:20)
	at java_programs.FIND_IN_SORTED.binsearch(FIND_IN_SORTED.java:20)
	at java_programs.FIND_IN_SORTED.binsearch(FIND_IN_SORTED.java:20)
	at java_programs.FIND_IN_SORTED.binsearch(FIND_IN_SORTED.java:20)
	at java_programs.FIND_IN_SORTED.binsearch(FIND_IN_SORTED.java:20)
	at java_programs.FIND_IN_SORTED.binsearch(FIND_IN_SORTED.java:20)
	at java_programs.FIND_IN_SORTED.binsearch(FIND_IN_SORTED.java:20)
	at java_programs.FIND_IN_SORTED.binsearch(FIND_IN_SORTED.java:20)
	at java_programs.FIND_IN_SORTED.binsearch(FIND_IN_SORTED.java:20)
	at java_programs.FIND_IN_SORTED.binsearch(FIND_IN_SORTED.java:20)
	at java_programs.FIND_IN_SORTED.binsearch(FIND_IN_SORTED.java:20)
	at java_programs.FIND_IN_SORTED.binsearch(FIND_IN_SORTED.java:20)
	at java_programs.FIND_IN_SORTED.binsearch(FIND_IN_SORTED.java:20)
	at java_programs.FIND_IN_SORTED.binsearch(FIND_IN_SORTED.java:20)
	at java_programs.FIND_IN_SORTED.binsearch(FIND_IN_SORTED.java:20)
	at java_programs.FIND_IN_SORTED.binsearch(FIND_IN_SORTED.java:20)
	at java_programs.FIND_IN_SORTED.binsearch(FIND_IN_SORTED.java:20)
	at java_programs.FIND_IN_SORTED.binsearch(FIND_IN_SORTED.java:20)
	at java_programs.FIND_IN_SORTED.binsearch(FIND_IN_SORTED.java:20)
	at java_programs.FIND_IN_SORTED.binsearch(FIND_IN_SORTED.java:20)
	at java_programs.FIND_IN_SORTED.binsearch(FIND_IN_SORTED.java:20)
	at java_programs.FIND_IN_SORTED.binsearch(FIND_IN_SORTED.java:20)
	at java_programs.FIND_IN_SORTED.binsearch(FIND_IN_SORTED.java:20)
	at java_programs.FIND_IN_SORTED.binsearch(FIND_IN_SORTED.java:20)
	at java_programs.FIND_IN_SORTED.binsearch(FIND_IN_SORTED.java:20)
	at java_programs.FIND_IN_SORTED.binsearch(FIND_IN_SORTED.java:20)
	at java_programs.FIND_IN_SORTED.binsearch(FIND_IN_SORTED.java:20)
	at java_programs.FIND_IN_SORTED.binsearch(FIND_IN_SORTED.java:20)
	at java_programs.FIND_IN_SORTED.binsearch(FIND_IN_SORTED.java:20)
	at java_programs.FIND_IN_SORTED.binsearch(FIND_IN_SORTED.java:20)
	at java_programs.FIND_IN_SORTED.binsearch(FIND_IN_SORTED.java:20)
	at java_programs.FIND_IN_SORTED.binsearch(FIND_IN_SORTED.java:20)
	at java_programs.FIND_IN_SORTED.binsearch(FIND_IN_SORTED.java:20)
	at java_programs.FIND_IN_SORTED.binsearch(FIND_IN_SORTED.java:20)
	at java_programs.FIND_IN_SORTED.binsearch(FIND_IN_SORTED.java:20)
	at java_programs.FIND_IN_SORTED.binsearch(FIND_IN_SORTED.java:20)
	at java_programs.FIND_IN_SORTED.binsearch(FIND_IN_SORTED.java:20)
	at java_programs.FIND_IN_SORTED.binsearch(FIND_IN_SORTED.java:20)
	at java_programs.FIND_IN_SORTED.binsearch(FIND_IN_SORTED.java:20)
	at java_programs.FIND_IN_SORTED.binsearch(FIND_IN_SORTED.java:20)
	at java_programs.FIND_IN_SORTED.binsearch(FIND_IN_SORTED.java:20)
	at java_programs.FIND_IN_SORTED.binsearch(FIND_IN_SORTED.java:20)
	at java_programs.FIND_IN_SORTED.binsearch(FIND_IN_SORTED.java:20)
	at java_programs.FIND_IN_SORTED.binsearch(FIND_IN_SORTED.java:20)
	at java_programs.FIND_IN_SORTED.binsearch(FIND_IN_SORTED.java:20)
	at java_programs.FIND_IN_SORTED.binsearch(FIND_IN_SORTED.java:20)
	at java_programs.FIND_IN_SORTED.binsearch(FIND_IN_SORTED.java:20)
	at java_programs.FIND_IN_SORTED.binsearch(FIND_IN_SORTED.java:20)
	at java_programs.FIND_IN_SORTED.binsearch(FIND_IN_SORTED.java:20)
	at java_programs.FIND_IN_SORTED.binsearch(FIND_IN_SORTED.java:20)
	at java_programs.FIND_IN_SORTED.binsearch(FIND_IN_SORTED.java:20)
	at java_programs.FIND_IN_SORTED.binsearch(FIND_IN_SORTED.java:20)
	at java_programs.FIND_IN_SORTED.binsearch(FIND_IN_SORTED.java:20)
	at java_programs.FIND_IN_SORTED.binsearch(FIND_IN_SORTED.java:20)
	at java_programs.FIND_IN_SORTED.binsearch(FIND_IN_SORTED.java:20)
	at java_programs.FIND_IN_SORTED.binsearch(FIND_IN_SORTED.java:20)
	at java_programs.FIND_IN_SORTED.binsearch(FIND_IN_SORTED.java:20)
	at java_programs.FIND_IN_SORTED.binsearch(FIND_IN_SORTED.java:20)
	at java_programs.FIND_IN_SORTED.binsearch(FIND_IN_SORTED.java:20)
	at java_programs.FIND_IN_SORTED.binsearch(FIND_IN_SORTED.java:20)
	at java_programs.FIND_IN_SORTED.binsearch(FIND_IN_SORTED.java:20)
	at java_programs.FIND_IN_SORTED.binsearch(FIND_IN_SORTED.java:20)
	at java_programs.FIND_IN_SORTED.binsearch(FIND_IN_SORTED.java:20)
	at java_programs.FIND_IN_SORTED.binsearch(FIND_IN_SORTED.java:20)
	at java_programs.FIND_IN_SORTED.binsearch(FIND_IN_SORTED.java:20)
	at java_programs.FIND_IN_SORTED.binsearch(FIND_IN_SORTED.java:20)
	at java_programs.FIND_IN_SORTED.binsearch(FIND_IN_SORTED.java:20)
	at java_programs.FIND_IN_SORTED.binsearch(FIND_IN_SORTED.java:20)
	at java_programs.FIND_IN_SORTED.binsearch(FIND_IN_SORTED.java:20)
	at java_programs.FIND_IN_SORTED.binsearch(FIND_IN_SORTED.java:20)
	at java_programs.FIND_IN_SORTED.binsearch(FIND_IN_SORTED.java:20)
	at java_programs.FIND_IN_SORTED.binsearch(FIND_IN_SORTED.java:20)
	at java_programs.FIND_IN_SORTED.binsearch(FIND_IN_SORTED.java:20)
	at java_programs.FIND_IN_SORTED.binsearch(FIND_IN_SORTED.java:20)
	at java_programs.FIND_IN_SORTED.binsearch(FIND_IN_SORTED.java:20)
	at java_programs.FIND_IN_SORTED.binsearch(FIND_IN_SORTED.java:20)
	at java_programs.FIND_IN_SORTED.binsearch(FIND_IN_SORTED.java:20)
	at java_programs.FIND_IN_SORTED.binsearch(FIND_IN_SORTED.java:20)
	at java_programs.FIND_IN_SORTED.binsearch(FIND_IN_SORTED.java:20)
	at java_programs.FIND_IN_SORTED.binsearch(FIND_IN_SORTED.java:20)
	at java_programs.FIND_IN_SORTED.binsearch(FIND_IN_SORTED.java:20)
	at java_programs.FIND_IN_SORTED.binsearch(FIND_IN_SORTED.java:20)
	at java_programs.FIND_IN_SORTED.binsearch(FIND_IN_SORTED.java:20)
	at java_programs.FIND_IN_SORTED.binsearch(FIND_IN_SORTED.java:20)
	at java_programs.FIND_IN_SORTED.binsearch(FIND_IN_SORTED.java:20)
	at java_programs.FIND_IN_SORTED.binsearch(FIND_IN_SORTED.java:20)
	at java_programs.FIND_IN_SORTED.binsearch(FIND_IN_SORTED.java:20)
	at java_programs.FIND_IN_SORTED.binsearch(FIND_IN_SORTED.java:20)
	at java_programs.FIND_IN_SORTED.binsearch(FIND_IN_SORTED.java:20)
	at java_programs.FIND_IN_SORTED.binsearch(FIND_IN_SORTED.java:20)
	at java_programs.FIND_IN_SORTED.binsearch(FIND_IN_SORTED.java:20)
	at java_programs.FIND_IN_SORTED.binsearch(FIND_IN_SORTED.java:20)
	at java_programs.FIND_IN_SORTED.binsearch(FIND_IN_SORTED.java:20)
	at java_programs.FIND_IN_SORTED.binsearch(FIND_IN_SORTED.java:20)
	at java_programs.FIND_IN_SORTED.binsearch(FIND_IN_SORTED.java:20)
	at java_programs.FIND_IN_SORTED.binsearch(FIND_IN_SORTED.java:20)
	at java_programs.FIND_IN_SORTED.binsearch(FIND_IN_SORTED.java:20)
	at java_programs.FIND_IN_SORTED.binsearch(FIND_IN_SORTED.java:20)
	at java_programs.FIND_IN_SORTED.binsearch(FIND_IN_SORTED.java:20)
	at java_programs.FIND_IN_SORTED.binsearch(FIND_IN_SORTED.java:20)
	at java_programs.FIND_IN_SORTED.binsearch(FIND_IN_SORTED.java:20)
	at java_programs.FIND_IN_SORTED.binsearch(FIND_IN_SORTED.java:20)
	at java_programs.FIND_IN_SORTED.binsearch(FIND_IN_SORTED.java:20)
	at java_programs.FIND_IN_SORTED.binsearch(FIND_IN_SORTED.java:20)
	at java_programs.FIND_IN_SORTED.binsearch(FIND_IN_SORTED.java:20)
	at java_programs.FIND_IN_SORTED.binsearch(FIND_IN_SORTED.java:20)
	at java_programs.FIND_IN_SORTED.binsearch(FIND_IN_SORTED.java:20)
	at java_programs.FIND_IN_SORTED.binsearch(FIND_IN_SORTED.java:20)
	at java_programs.FIND_IN_SORTED.binsearch(FIND_IN_SORTED.java:20)
	at java_programs.FIND_IN_SORTED.binsearch(FIND_IN_SORTED.java:20)
	at java_programs.FIND_IN_SORTED.binsearch(FIND_IN_SORTED.java:20)
	at java_programs.FIND_IN_SORTED.binsearch(FIND_IN_SORTED.java:20)
	at java_programs.FIND_IN_SORTED.binsearch(FIND_IN_SORTED.java:20)
	at java_programs.FIND_IN_SORTED.binsearch(FIND_IN_SORTED.java:20)
	at java_programs.FIND_IN_SORTED.binsearch(FIND_IN_SORTED.java:20)
	at java_programs.FIND_IN_SORTED.binsearch(FIND_IN_SORTED.java:20)
	at java_programs.FIND_IN_SORTED.binsearch(FIND_IN_SORTED.java:20)
	at java_programs.FIND_IN_SORTED.binsearch(FIND_IN_SORTED.java:20)
	at java_programs.FIND_IN_SORTED.binsearch(FIND_IN_SORTED.java:20)
	at java_programs.FIND_IN_SORTED.binsearch(FIND_IN_SORTED.java:20)
	at java_programs.FIND_IN_SORTED.binsearch(FIND_IN_SORTED.java:20)
	at java_programs.FIND_IN_SORTED.binsearch(FIND_IN_SORTED.java:20)
	at java_programs.FIND_IN_SORTED.binsearch(FIND_IN_SORTED.java:20)
	at java_programs.FIND_IN_SORTED.binsearch(FIND_IN_SORTED.java:20)
	at java_programs.FIND_IN_SORTED.binsearch(FIND_IN_SORTED.java:20)
	at java_programs.FIND_IN_SORTED.binsearch(FIND_IN_SORTED.java:20)
	at java_programs.FIND_IN_SORTED.binsearch(FIND_IN_SORTED.java:20)
	at java_programs.FIND_IN_SORTED.binsearch(FIND_IN_SORTED.java:20)
	at java_programs.FIND_IN_SORTED.binsearch(FIND_IN_SORTED.java:20)
	at java_programs.FIND_IN_SORTED.binsearch(FIND_IN_SORTED.java:20)
	at java_programs.FIND_IN_SORTED.binsearch(FIND_IN_SORTED.java:20)
	at java_programs.FIND_IN_SORTED.binsearch(FIND_IN_SORTED.java:20)
	at java_programs.FIND_IN_SORTED.binsearch(FIND_IN_SORTED.java:20)
	at java_programs.FIND_IN_SORTED.binsearch(FIND_IN_SORTED.java:20)
	at java_programs.FIND_IN_SORTED.binsearch(FIND_IN_SORTED.java:20)
	at java_programs.FIND_IN_SORTED.binsearch(FIND_IN_SORTED.java:20)
	at java_programs.FIND_IN_SORTED.binsearch(FIND_IN_SORTED.java:20)
	at java_programs.FIND_IN_SORTED.binsearch(FIND_IN_SORTED.java:20)
	at java_programs.FIND_IN_SORTED.binsearch(FIND_IN_SORTED.java:20)
	at java_programs.FIND_IN_SORTED.binsearch(FIND_IN_SORTED.java:20)
	at java_programs.FIND_IN_SORTED.binsearch(FIND_IN_SORTED.java:20)
	at java_programs.FIND_IN_SORTED.binsearch(FIND_IN_SORTED.java:20)
	at java_programs.FIND_IN_SORTED.binsearch(FIND_IN_SORTED.java:20)
	at java_programs.FIND_IN_SORTED.binsearch(FIND_IN_SORTED.java:20)
	at java_programs.FIND_IN_SORTED.binsearch(FIND_IN_SORTED.java:20)
	at java_programs.FIND_IN_SORTED.binsearch(FIND_IN_SORTED.java:20)
	at java_programs.FIND_IN_SORTED.binsearch(FIND_IN_SORTED.java:20)
	at java_programs.FIND_IN_SORTED.binsearch(FIND_IN_SORTED.java:20)
	at java_programs.FIND_IN_SORTED.binsearch(FIND_IN_SORTED.java:20)
	at java_programs.FIND_IN_SORTED.binsearch(FIND_IN_SORTED.java:20)
	at java_programs.FIND_IN_SORTED.binsearch(FIND_IN_SORTED.java:20)
	at java_programs.FIND_IN_SORTED.binsearch(FIND_IN_SORTED.java:20)
	at java_programs.FIND_IN_SORTED.binsearch(FIND_IN_SORTED.java:20)
	at java_programs.FIND_IN_SORTED.binsearch(FIND_IN_SORTED.java:20)
	at java_programs.FIND_IN_SORTED.binsearch(FIND_IN_SORTED.java:20)
	at java_programs.FIND_IN_SORTED.binsearch(FIND_IN_SORTED.java:20)
	at java_programs.FIND_IN_SORTED.binsearch(FIND_IN_SORTED.java:20)
	at java_programs.FIND_IN_SORTED.binsearch(FIND_IN_SORTED.java:20)
	at java_programs.FIND_IN_SORTED.binsearch(FIND_IN_SORTED.java:20)
	at java_programs.FIND_IN_SORTED.binsearch(FIND_IN_SORTED.java:20)
	at java_programs.FIND_IN_SORTED.binsearch(FIND_IN_SORTED.java:20)
	at java_programs.FIND_IN_SORTED.binsearch(FIND_IN_SORTED.java:20)
	at java_programs.FIND_IN_SORTED.binsearch(FIND_IN_SORTED.java:20)
	at java_programs.FIND_IN_SORTED.binsearch(FIND_IN_SORTED.java:20)
	at java_programs.FIND_IN_SORTED.binsearch(FIND_IN_SORTED.java:20)
	at java_programs.FIND_IN_SORTED.binsearch(FIND_IN_SORTED.java:20)
	at java_programs.FIND_IN_SORTED.binsearch(FIND_IN_SORTED.java:20)
	at java_programs.FIND_IN_SORTED.binsearch(FIND_IN_SORTED.java:20)
	at java_programs.FIND_IN_SORTED.binsearch(FIND_IN_SORTED.java:20)
	at java_programs.FIND_IN_SORTED.binsearch(FIND_IN_SORTED.java:20)
	at java_programs.FIND_IN_SORTED.binsearch(FIND_IN_SORTED.java:20)
	at java_programs.FIND_IN_SORTED.binsearch(FIND_IN_SORTED.java:20)
	at java_programs.FIND_IN_SORTED.binsearch(FIND_IN_SORTED.java:20)
	at java_programs.FIND_IN_SORTED.binsearch(FIND_IN_SORTED.java:20)
	at java_programs.FIND_IN_SORTED.binsearch(FIND_IN_SORTED.java:20)
	at java_programs.FIND_IN_SORTED.binsearch(FIND_IN_SORTED.java:20)
	at java_programs.FIND_IN_SORTED.binsearch(FIND_IN_SORTED.java:20)
	at java_programs.FIND_IN_SORTED.binsearch(FIND_IN_SORTED.java:20)
	at java_programs.FIND_IN_SORTED.binsearch(FIND_IN_SORTED.java:20)
	at java_programs.FIND_IN_SORTED.binsearch(FIND_IN_SORTED.java:20)
	at java_programs.FIND_IN_SORTED.binsearch(FIND_IN_SORTED.java:20)
	at java_programs.FIND_IN_SORTED.binsearch(FIND_IN_SORTED.java:20)
	at java_programs.FIND_IN_SORTED.binsearch(FIND_IN_SORTED.java:20)
	at java_programs.FIND_IN_SORTED.binsearch(FIND_IN_SORTED.java:20)
	at java_programs.FIND_IN_SORTED.binsearch(FIND_IN_SORTED.java:20)
	at java_programs.FIND_IN_SORTED.binsearch(FIND_IN_SORTED.java:20)
	at java_programs.FIND_IN_SORTED.binsearch(FIND_IN_SORTED.java:20)
	at java_programs.FIND_IN_SORTED.binsearch(FIND_IN_SORTED.java:20)
	at java_programs.FIND_IN_SORTED.binsearch(FIND_IN_SORTED.java:20)
	at java_programs.FIND_IN_SORTED.binsearch(FIND_IN_SORTED.java:20)
	at java_programs.FIND_IN_SORTED.binsearch(FIND_IN_SORTED.java:20)
	at java_programs.FIND_IN_SORTED.binsearch(FIND_IN_SORTED.java:20)
	at java_programs.FIND_IN_SORTED.binsearch(FIND_IN_SORTED.java:20)
	at java_programs.FIND_IN_SORTED.binsearch(FIND_IN_SORTED.java:20)
	at java_programs.FIND_IN_SORTED.binsearch(FIND_IN_SORTED.java:20)
	at java_programs.FIND_IN_SORTED.binsearch(FIND_IN_SORTED.java:20)
	at java_programs.FIND_IN_SORTED.binsearch(FIND_IN_SORTED.java:20)
	at java_programs.FIND_IN_SORTED.binsearch(FIND_IN_SORTED.java:20)
	at java_programs.FIND_IN_SORTED.binsearch(FIND_IN_SORTED.java:20)
	at java_programs.FIND_IN_SORTED.binsearch(FIND_IN_SORTED.java:20)
	at java_programs.FIND_IN_SORTED.binsearch(FIND_IN_SORTED.java:20)
	at java_programs.FIND_IN_SORTED.binsearch(FIND_IN_SORTED.java:20)
	at java_programs.FIND_IN_SORTED.binsearch(FIND_IN_SORTED.java:20)
	at java_programs.FIND_IN_SORTED.binsearch(FIND_IN_SORTED.java:20)
	at java_programs.FIND_IN_SORTED.binsearch(FIND_IN_SORTED.java:20)
	at java_programs.FIND_IN_SORTED.binsearch(FIND_IN_SORTED.java:20)
	at java_programs.FIND_IN_SORTED.binsearch(FIND_IN_SORTED.java:20)
	at java_programs.FIND_IN_SORTED.binsearch(FIND_IN_SORTED.java:20)
	at java_programs.FIND_IN_SORTED.binsearch(FIND_IN_SORTED.java:20)
	at java_programs.FIND_IN_SORTED.binsearch(FIND_IN_SORTED.java:20)
	at java_programs.FIND_IN_SORTED.binsearch(FIND_IN_SORTED.java:20)
	at java_programs.FIND_IN_SORTED.binsearch(FIND_IN_SORTED.java:20)
	at java_programs.FIND_IN_SORTED.binsearch(FIND_IN_SORTED.java:20)
	at java_programs.FIND_IN_SORTED.binsearch(FIND_IN_SORTED.java:20)
	at java_programs.FIND_IN_SORTED.binsearch(FIND_IN_SORTED.java:20)
	at java_programs.FIND_IN_SORTED.binsearch(FIND_IN_SORTED.java:20)
	at java_programs.FIND_IN_SORTED.binsearch(FIND_IN_SORTED.java:20)
	at java_programs.FIND_IN_SORTED.binsearch(FIND_IN_SORTED.java:20)
	at java_programs.FIND_IN_SORTED.binsearch(FIND_IN_SORTED.java:20)
	at java_programs.FIND_IN_SORTED.binsearch(FIND_IN_SORTED.java:20)
	at java_programs.FIND_IN_SORTED.binsearch(FIND_IN_SORTED.java:20)
	at java_programs.FIND_IN_SORTED.binsearch(FIND_IN_SORTED.java:20)
	at java_programs.FIND_IN_SORTED.binsearch(FIND_IN_SORTED.java:20)
	at java_programs.FIND_IN_SORTED.binsearch(FIND_IN_SORTED.java:20)
	at java_programs.FIND_IN_SORTED.binsearch(FIND_IN_SORTED.java:20)
	at java_programs.FIND_IN_SORTED.binsearch(FIND_IN_SORTED.java:20)
	at java_programs.FIND_IN_SORTED.binsearch(FIND_IN_SORTED.java:20)
	at java_programs.FIND_IN_SORTED.binsearch(FIND_IN_SORTED.java:20)
	at java_programs.FIND_IN_SORTED.binsearch(FIND_IN_SORTED.java:20)
	at java_programs.FIND_IN_SORTED.binsearch(FIND_IN_SORTED.java:20)
	at java_programs.FIND_IN_SORTED.binsearch(FIND_IN_SORTED.java:20)
	at java_programs.FIND_IN_SORTED.binsearch(FIND_IN_SORTED.java:20)
	at java_programs.FIND_IN_SORTED.binsearch(FIND_IN_SORTED.java:20)
	at java_programs.FIND_IN_SORTED.binsearch(FIND_IN_SORTED.java:20)
	at java_programs.FIND_IN_SORTED.binsearch(FIND_IN_SORTED.java:20)
	at java_programs.FIND_IN_SORTED.binsearch(FIND_IN_SORTED.java:20)
	at java_programs.FIND_IN_SORTED.binsearch(FIND_IN_SORTED.java:20)
	at java_programs.FIND_IN_SORTED.binsearch(FIND_IN_SORTED.java:20)
	at java_programs.FIND_IN_SORTED.binsearch(FIND_IN_SORTED.java:20)
	at java_programs.FIND_IN_SORTED.binsearch(FIND_IN_SORTED.java:20)
	at java_programs.FIND_IN_SORTED.binsearch(FIND_IN_SORTED.java:20)
	at java_programs.FIND_IN_SORTED.binsearch(FIND_IN_SORTED.java:20)
	at java_programs.FIND_IN_SORTED.binsearch(FIND_IN_SORTED.java:20)
	at java_programs.FIND_IN_SORTED.binsearch(FIND_IN_SORTED.java:20)
	at java_programs.FIND_IN_SORTED.binsearch(FIND_IN_SORTED.java:20)
	at java_programs.FIND_IN_SORTED.binsearch(FIND_IN_SORTED.java:20)
	at java_programs.FIND_IN_SORTED.binsearch(FIND_IN_SORTED.java:20)
	at java_programs.FIND_IN_SORTED.binsearch(FIND_IN_SORTED.java:20)
	at java_programs.FIND_IN_SORTED.binsearch(FIND_IN_SORTED.java:20)
	at java_programs.FIND_IN_SORTED.binsearch(FIND_IN_SORTED.java:20)
	at java_programs.FIND_IN_SORTED.binsearch(FIND_IN_SORTED.java:20)
	at java_programs.FIND_IN_SORTED.binsearch(FIND_IN_SORTED.java:20)
	at java_programs.FIND_IN_SORTED.binsearch(FIND_IN_SORTED.java:20)
	at java_programs.FIND_IN_SORTED.binsearch(FIND_IN_SORTED.java:20)
	at java_programs.FIND_IN_SORTED.binsearch(FIND_IN_SORTED.java:20)
	at java_programs.FIND_IN_SORTED.binsearch(FIND_IN_SORTED.java:20)
	at java_programs.FIND_IN_SORTED.binsearch(FIND_IN_SORTED.java:20)
	at java_programs.FIND_IN_SORTED.binsearch(FIND_IN_SORTED.java:20)
	at java_programs.FIND_IN_SORTED.binsearch(FIND_IN_SORTED.java:20)
	at java_programs.FIND_IN_SORTED.binsearch(FIND_IN_SORTED.java:20)
	at java_programs.FIND_IN_SORTED.binsearch(FIND_IN_SORTED.java:20)
	at java_programs.FIND_IN_SORTED.binsearch(FIND_IN_SORTED.java:20)
	at java_programs.FIND_IN_SORTED.binsearch(FIND_IN_SORTED.java:20)
	at java_programs.FIND_IN_SORTED.binsearch(FIND_IN_SORTED.java:20)
	at java_programs.FIND_IN_SORTED.binsearch(FIND_IN_SORTED.java:20)
	at java_programs.FIND_IN_SORTED.binsearch(FIND_IN_SORTED.java:20)
	at java_programs.FIND_IN_SORTED.binsearch(FIND_IN_SORTED.java:20)
	at java_programs.FIND_IN_SORTED.binsearch(FIND_IN_SORTED.java:20)
	at java_programs.FIND_IN_SORTED.binsearch(FIND_IN_SORTED.java:20)
	at java_programs.FIND_IN_SORTED.binsearch(FIND_IN_SORTED.java:20)
	at java_programs.FIND_IN_SORTED.binsearch(FIND_IN_SORTED.java:20)
	at java_programs.FIND_IN_SORTED.binsearch(FIND_IN_SORTED.java:20)
	at java_programs.FIND_IN_SORTED.binsearch(FIND_IN_SORTED.java:20)
	at java_programs.FIND_IN_SORTED.binsearch(FIND_IN_SORTED.java:20)
	at java_programs.FIND_IN_SORTED.binsearch(FIND_IN_SORTED.java:20)
	at java_programs.FIND_IN_SORTED.binsearch(FIND_IN_SORTED.java:20)
	at java_programs.FIND_IN_SORTED.binsearch(FIND_IN_SORTED.java:20)
	at java_programs.FIND_IN_SORTED.binsearch(FIND_IN_SORTED.java:20)
	at java_programs.FIND_IN_SORTED.binsearch(FIND_IN_SORTED.java:20)
	at java_programs.FIND_IN_SORTED.binsearch(FIND_IN_SORTED.java:20)
	at java_programs.FIND_IN_SORTED.binsearch(FIND_IN_SORTED.java:20)
	at java_programs.FIND_IN_SORTED.binsearch(FIND_IN_SORTED.java:20)
	at java_programs.FIND_IN_SORTED.binsearch(FIND_IN_SORTED.java:20)
	at java_programs.FIND_IN_SORTED.binsearch(FIND_IN_SORTED.java:20)
	at java_programs.FIND_IN_SORTED.binsearch(FIND_IN_SORTED.java:20)
	at java_programs.FIND_IN_SORTED.binsearch(FIND_IN_SORTED.java:20)
	at java_programs.FIND_IN_SORTED.binsearch(FIND_IN_SORTED.java:20)
	at java_programs.FIND_IN_SORTED.binsearch(FIND_IN_SORTED.java:20)
	at java_programs.FIND_IN_SORTED.binsearch(FIND_IN_SORTED.java:20)
	at java_programs.FIND_IN_SORTED.binsearch(FIND_IN_SORTED.java:20)
	at java_programs.FIND_IN_SORTED.binsearch(FIND_IN_SORTED.java:20)
	at java_programs.FIND_IN_SORTED.binsearch(FIND_IN_SORTED.java:20)
	at java_programs.FIND_IN_SORTED.binsearch(FIND_IN_SORTED.java:20)
	at java_programs.FIND_IN_SORTED.binsearch(FIND_IN_SORTED.java:20)
	at java_programs.FIND_IN_SORTED.binsearch(FIND_IN_SORTED.java:20)
	at java_programs.FIND_IN_SORTED.binsearch(FIND_IN_SORTED.java:20)
	at java_programs.FIND_IN_SORTED.binsearch(FIND_IN_SORTED.java:20)
	at java_programs.FIND_IN_SORTED.binsearch(FIND_IN_SORTED.java:20)
	at java_programs.FIND_IN_SORTED.binsearch(FIND_IN_SORTED.java:20)
	at java_programs.FIND_IN_SORTED.binsearch(FIND_IN_SORTED.java:20)
	at java_programs.FIND_IN_SORTED.binsearch(FIND_IN_SORTED.java:20)
	at java_programs.FIND_IN_SORTED.binsearch(FIND_IN_SORTED.java:20)
	at java_programs.FIND_IN_SORTED.binsearch(FIND_IN_SORTED.java:20)
	at java_programs.FIND_IN_SORTED.binsearch(FIND_IN_SORTED.java:20)
	at java_programs.FIND_IN_SORTED.binsearch(FIND_IN_SORTED.java:20)
	at java_programs.FIND_IN_SORTED.binsearch(FIND_IN_SORTED.java:20)
	at java_programs.FIND_IN_SORTED.binsearch(FIND_IN_SORTED.java:20)
	at java_programs.FIND_IN_SORTED.binsearch(FIND_IN_SORTED.java:20)
	at java_programs.FIND_IN_SORTED.binsearch(FIND_IN_SORTED.java:20)
	at java_programs.FIND_IN_SORTED.binsearch(FIND_IN_SORTED.java:20)
	at java_programs.FIND_IN_SORTED.binsearch(FIND_IN_SORTED.java:20)
	at java_programs.FIND_IN_SORTED.binsearch(FIND_IN_SORTED.java:20)
	at java_programs.FIND_IN_SORTED.binsearch(FIND_IN_SORTED.java:20)
	at java_programs.FIND_IN_SORTED.binsearch(FIND_IN_SORTED.java:20)
	at java_programs.FIND_IN_SORTED.binsearch(FIND_IN_SORTED.java:20)
	at java_programs.FIND_IN_SORTED.binsearch(FIND_IN_SORTED.java:20)
	at java_programs.FIND_IN_SORTED.binsearch(FIND_IN_SORTED.java:20)
	at java_programs.FIND_IN_SORTED.binsearch(FIND_IN_SORTED.java:20)
	at java_programs.FIND_IN_SORTED.binsearch(FIND_IN_SORTED.java:20)
	at java_programs.FIND_IN_SORTED.binsearch(FIND_IN_SORTED.java:20)
	at java_programs.FIND_IN_SORTED.binsearch(FIND_IN_SORTED.java:20)
	at java_programs.FIND_IN_SORTED.binsearch(FIND_IN_SORTED.java:20)
	at java_programs.FIND_IN_SORTED.binsearch(FIND_IN_SORTED.java:20)
	at java_programs.FIND_IN_SORTED.binsearch(FIND_IN_SORTED.java:20)
	at java_programs.FIND_IN_SORTED.binsearch(FIND_IN_SORTED.java:20)
	at java_programs.FIND_IN_SORTED.binsearch(FIND_IN_SORTED.java:20)
	at java_programs.FIND_IN_SORTED.binsearch(FIND_IN_SORTED.java:20)
	at java_programs.FIND_IN_SORTED.binsearch(FIND_IN_SORTED.java:20)
	at java_programs.FIND_IN_SORTED.binsearch(FIND_IN_SORTED.java:20)
	at java_programs.FIND_IN_SORTED.binsearch(FIND_IN_SORTED.java:20)
	at java_programs.FIND_IN_SORTED.binsearch(FIND_IN_SORTED.java:20)
	at java_programs.FIND_IN_SORTED.binsearch(FIND_IN_SORTED.java:20)
	at java_programs.FIND_IN_SORTED.binsearch(FIND_IN_SORTED.java:20)
	at java_programs.FIND_IN_SORTED.binsearch(FIND_IN_SORTED.java:20)
	at java_programs.FIND_IN_SORTED.binsearch(FIND_IN_SORTED.java:20)
	at java_programs.FIND_IN_SORTED.binsearch(FIND_IN_SORTED.java:20)
	at java_programs.FIND_IN_SORTED.binsearch(FIND_IN_SORTED.java:20)
	at java_programs.FIND_IN_SORTED.binsearch(FIND_IN_SORTED.java:20)
	at java_programs.FIND_IN_SORTED.binsearch(FIND_IN_SORTED.java:20)
	at java_programs.FIND_IN_SORTED.binsearch(FIND_IN_SORTED.java:20)
	at java_programs.FIND_IN_SORTED.binsearch(FIND_IN_SORTED.java:20)
	at java_programs.FIND_IN_SORTED.binsearch(FIND_IN_SORTED.java:20)
	at java_programs.FIND_IN_SORTED.binsearch(FIND_IN_SORTED.java:20)
	at java_programs.FIND_IN_SORTED.binsearch(FIND_IN_SORTED.java:20)
	at java_programs.FIND_IN_SORTED.binsearch(FIND_IN_SORTED.java:20)
	at java_programs.FIND_IN_SORTED.binsearch(FIND_IN_SORTED.java:20)
	at java_programs.FIND_IN_SORTED.binsearch(FIND_IN_SORTED.java:20)
	at java_programs.FIND_IN_SORTED.binsearch(FIND_IN_SORTED.java:20)
	at java_programs.FIND_IN_SORTED.binsearch(FIND_IN_SORTED.java:20)
	at java_programs.FIND_IN_SORTED.binsearch(FIND_IN_SORTED.java:20)
	at java_programs.FIND_IN_SORTED.binsearch(FIND_IN_SORTED.java:20)
	at java_programs.FIND_IN_SORTED.binsearch(FIND_IN_SORTED.java:20)
	at java_programs.FIND_IN_SORTED.binsearch(FIND_IN_SORTED.java:20)
	at java_programs.FIND_IN_SORTED.binsearch(FIND_IN_SORTED.java:20)
	at java_programs.FIND_IN_SORTED.binsearch(FIND_IN_SORTED.java:20)
	at java_programs.FIND_IN_SORTED.binsearch(FIND_IN_SORTED.java:20)
	at java_programs.FIND_IN_SORTED.binsearch(FIND_IN_SORTED.java:20)
	at java_programs.FIND_IN_SORTED.binsearch(FIND_IN_SORTED.java:20)
	at java_programs.FIND_IN_SORTED.binsearch(FIND_IN_SORTED.java:20)
	at java_programs.FIND_IN_SORTED.binsearch(FIND_IN_SORTED.java:20)
	at java_programs.FIND_IN_SORTED.binsearch(FIND_IN_SORTED.java:20)
	at java_programs.FIND_IN_SORTED.binsearch(FIND_IN_SORTED.java:20)
	at java_programs.FIND_IN_SORTED.binsearch(FIND_IN_SORTED.java:20)
	at java_programs.FIND_IN_SORTED.binsearch(FIND_IN_SORTED.java:20)
	at java_programs.FIND_IN_SORTED.binsearch(FIND_IN_SORTED.java:20)
	at java_programs.FIND_IN_SORTED.binsearch(FIND_IN_SORTED.java:20)
	at java_programs.FIND_IN_SORTED.binsearch(FIND_IN_SORTED.java:20)
	at java_programs.FIND_IN_SORTED.binsearch(FIND_IN_SORTED.java:20)
	at java_programs.FIND_IN_SORTED.binsearch(FIND_IN_SORTED.java:20)
	at java_programs.FIND_IN_SORTED.binsearch(FIND_IN_SORTED.java:20)
	at java_programs.FIND_IN_SORTED.binsearch(FIND_IN_SORTED.java:20)
	at java_programs.FIND_IN_SORTED.binsearch(FIND_IN_SORTED.java:20)
	at java_programs.FIND_IN_SORTED.binsearch(FIND_IN_SORTED.java:20)
	at java_programs.FIND_IN_SORTED.binsearch(FIND_IN_SORTED.java:20)
	at java_programs.FIND_IN_SORTED.binsearch(FIND_IN_SORTED.java:20)
	at java_programs.FIND_IN_SORTED.binsearch(FIND_IN_SORTED.java:20)
	at java_programs.FIND_IN_SORTED.binsearch(FIND_IN_SORTED.java:20)
	at java_programs.FIND_IN_SORTED.binsearch(FIND_IN_SORTED.java:20)
	at java_programs.FIND_IN_SORTED.binsearch(FIND_IN_SORTED.java:20)
	at java_programs.FIND_IN_SORTED.binsearch(FIND_IN_SORTED.java:20)
	at java_programs.FIND_IN_SORTED.binsearch(FIND_IN_SORTED.java:20)
	at java_programs.FIND_IN_SORTED.binsearch(FIND_IN_SORTED.java:20)
	at java_programs.FIND_IN_SORTED.binsearch(FIND_IN_SORTED.java:20)
	at java_programs.FIND_IN_SORTED.binsearch(FIND_IN_SORTED.java:20)
	at java_programs.FIND_IN_SORTED.binsearch(FIND_IN_SORTED.java:20)
	at java_programs.FIND_IN_SORTED.binsearch(FIND_IN_SORTED.java:20)
	at java_programs.FIND_IN_SORTED.binsearch(FIND_IN_SORTED.java:20)
	at java_programs.FIND_IN_SORTED.binsearch(FIND_IN_SORTED.java:20)
	at java_programs.FIND_IN_SORTED.binsearch(FIND_IN_SORTED.java:20)
	at java_programs.FIND_IN_SORTED.binsearch(FIND_IN_SORTED.java:20)
	at java_programs.FIND_IN_SORTED.binsearch(FIND_IN_SORTED.java:20)
	at java_programs.FIND_IN_SORTED.binsearch(FIND_IN_SORTED.java:20)
	at java_programs.FIND_IN_SORTED.binsearch(FIND_IN_SORTED.java:20)
	at java_programs.FIND_IN_SORTED.binsearch(FIND_IN_SORTED.java:20)
	at java_programs.FIND_IN_SORTED.binsearch(FIND_IN_SORTED.java:20)
	at java_programs.FIND_IN_SORTED.binsearch(FIND_IN_SORTED.java:20)
	at java_programs.FIND_IN_SORTED.binsearch(FIND_IN_SORTED.java:20)
	at java_programs.FIND_IN_SORTED.binsearch(FIND_IN_SORTED.java:20)
	at java_programs.FIND_IN_SORTED.binsearch(FIND_IN_SORTED.java:20)
	at java_programs.FIND_IN_SORTED.binsearch(FIND_IN_SORTED.java:20)
	at java_programs.FIND_IN_SORTED.binsearch(FIND_IN_SORTED.java:20)
	at java_programs.FIND_IN_SORTED.binsearch(FIND_IN_SORTED.java:20)
	at java_programs.FIND_IN_SORTED.binsearch(FIND_IN_SORTED.java:20)
	at java_programs.FIND_IN_SORTED.binsearch(FIND_IN_SORTED.java:20)
	at java_programs.FIND_IN_SORTED.binsearch(FIND_IN_SORTED.java:20)
	at java_programs.FIND_IN_SORTED.binsearch(FIND_IN_SORTED.java:20)
	at java_programs.FIND_IN_SORTED.binsearch(FIND_IN_SORTED.java:20)
	at java_programs.FIND_IN_SORTED.binsearch(FIND_IN_SORTED.java:20)
	at java_programs.FIND_IN_SORTED.binsearch(FIND_IN_SORTED.java:20)
	at java_programs.FIND_IN_SORTED.binsearch(FIND_IN_SORTED.java:20)
	at java_programs.FIND_IN_SORTED.binsearch(FIND_IN_SORTED.java:20)
	at java_programs.FIND_IN_SORTED.binsearch(FIND_IN_SORTED.java:20)
	at java_programs.FIND_IN_SORTED.binsearch(FIND_IN_SORTED.java:20)
	at java_programs.FIND_IN_SORTED.binsearch(FIND_IN_SORTED.java:20)
	at java_programs.FIND_IN_SORTED.binsearch(FIND_IN_SORTED.java:20)
	at java_programs.FIND_IN_SORTED.binsearch(FIND_IN_SORTED.java:20)
	at java_programs.FIND_IN_SORTED.binsearch(FIND_IN_SORTED.java:20)
	at java_programs.FIND_IN_SORTED.binsearch(FIND_IN_SORTED.java:20)
	at java_programs.FIND_IN_SORTED.binsearch(FIND_IN_SORTED.java:20)
	at java_programs.FIND_IN_SORTED.binsearch(FIND_IN_SORTED.java:20)
	at java_programs.FIND_IN_SORTED.binsearch(FIND_IN_SORTED.java:20)
	at java_programs.FIND_IN_SORTED.binsearch(FIND_IN_SORTED.java:20)
	at java_programs.FIND_IN_SORTED.binsearch(FIND_IN_SORTED.java:20)
	at java_programs.FIND_IN_SORTED.binsearch(FIND_IN_SORTED.java:20)
	at java_programs.FIND_IN_SORTED.binsearch(FIND_IN_SORTED.java:20)
	at java_programs.FIND_IN_SORTED.binsearch(FIND_IN_SORTED.java:20)
	at java_programs.FIND_IN_SORTED.binsearch(FIND_IN_SORTED.java:20)
	at java_programs.FIND_IN_SORTED.binsearch(FIND_IN_SORTED.java:20)
	at java_programs.FIND_IN_SORTED.binsearch(FIND_IN_SORTED.java:20)
	at java_programs.FIND_IN_SORTED.binsearch(FIND_IN_SORTED.java:20)
	at java_programs.FIND_IN_SORTED.binsearch(FIND_IN_SORTED.java:20)
	at java_programs.FIND_IN_SORTED.binsearch(FIND_IN_SORTED.java:20)
	at java_programs.FIND_IN_SORTED.binsearch(FIND_IN_SORTED.java:20)
	at java_programs.FIND_IN_SORTED.binsearch(FIND_IN_SORTED.java:20)
	at java_programs.FIND_IN_SORTED.binsearch(FIND_IN_SORTED.java:20)
	at java_programs.FIND_IN_SORTED.binsearch(FIND_IN_SORTED.java:20)
	at java_programs.FIND_IN_SORTED.binsearch(FIND_IN_SORTED.java:20)
	at java_programs.FIND_IN_SORTED.binsearch(FIND_IN_SORTED.java:20)
	at java_programs.FIND_IN_SORTED.binsearch(FIND_IN_SORTED.java:20)
	at java_programs.FIND_IN_SORTED.binsearch(FIND_IN_SORTED.java:20)
	at java_programs.FIND_IN_SORTED.binsearch(FIND_IN_SORTED.java:20)
	at java_programs.FIND_IN_SORTED.binsearch(FIND_IN_SORTED.java:20)
	at java_programs.FIND_IN_SORTED.binsearch(FIND_IN_SORTED.java:20)
	at java_programs.FIND_IN_SORTED.binsearch(FIND_IN_SORTED.java:20)
	at java_programs.FIND_IN_SORTED.binsearch(FIND_IN_SORTED.java:20)
	at java_programs.FIND_IN_SORTED.binsearch(FIND_IN_SORTED.java:20)
	at java_programs.FIND_IN_SORTED.binsearch(FIND_IN_SORTED.java:20)
	at java_programs.FIND_IN_SORTED.binsearch(FIND_IN_SORTED.java:20)
	at java_programs.FIND_IN_SORTED.binsearch(FIND_IN_SORTED.java:20)
	at java_programs.FIND_IN_SORTED.binsearch(FIND_IN_SORTED.java:20)
	at java_programs.FIND_IN_SORTED.binsearch(FIND_IN_SORTED.java:20)
	at java_programs.FIND_IN_SORTED.binsearch(FIND_IN_SORTED.java:20)
	at java_programs.FIND_IN_SORTED.binsearch(FIND_IN_SORTED.java:20)
	at java_programs.FIND_IN_SORTED.binsearch(FIND_IN_SORTED.java:20)
	at java_programs.FIND_IN_SORTED.binsearch(FIND_IN_SORTED.java:20)
	at java_programs.FIND_IN_SORTED.binsearch(FIND_IN_SORTED.java:20)
	at java_programs.FIND_IN_SORTED.binsearch(FIND_IN_SORTED.java:20)
	at java_programs.FIND_IN_SORTED.binsearch(FIND_IN_SORTED.java:20)
	at java_programs.FIND_IN_SORTED.binsearch(FIND_IN_SORTED.java:20)
	at java_programs.FIND_IN_SORTED.binsearch(FIND_IN_SORTED.java:20)
	at java_programs.FIND_IN_SORTED.binsearch(FIND_IN_SORTED.java:20)
	at java_programs.FIND_IN_SORTED.binsearch(FIND_IN_SORTED.java:20)
	at java_programs.FIND_IN_SORTED.binsearch(FIND_IN_SORTED.java:20)
	at java_programs.FIND_IN_SORTED.binsearch(FIND_IN_SORTED.java:20)
	at java_programs.FIND_IN_SORTED.binsearch(FIND_IN_SORTED.java:20)
	at java_programs.FIND_IN_SORTED.binsearch(FIND_IN_SORTED.java:20)
	at java_programs.FIND_IN_SORTED.binsearch(FIND_IN_SORTED.java:20)
	at java_programs.FIND_IN_SORTED.binsearch(FIND_IN_SORTED.java:20)
	at java_programs.FIND_IN_SORTED.binsearch(FIND_IN_SORTED.java:20)
	at java_programs.FIND_IN_SORTED.binsearch(FIND_IN_SORTED.java:20)
	at java_programs.FIND_IN_SORTED.binsearch(FIND_IN_SORTED.java:20)
	at java_programs.FIND_IN_SORTED.binsearch(FIND_IN_SORTED.java:20)
	at java_programs.FIND_IN_SORTED.binsearch(FIND_IN_SORTED.java:20)
	at java_programs.FIND_IN_SORTED.binsearch(FIND_IN_SORTED.java:20)
	at java_programs.FIND_IN_SORTED.binsearch(FIND_IN_SORTED.java:20)
	at java_programs.FIND_IN_SORTED.binsearch(FIND_IN_SORTED.java:20)
	at java_programs.FIND_IN_SORTED.binsearch(FIND_IN_SORTED.java:20)
	at java_programs.FIND_IN_SORTED.binsearch(FIND_IN_SORTED.java:20)
	at java_programs.FIND_IN_SORTED.binsearch(FIND_IN_SORTED.java:20)
	at java_programs.FIND_IN_SORTED.binsearch(FIND_IN_SORTED.java:20)
	at java_programs.FIND_IN_SORTED.binsearch(FIND_IN_SORTED.java:20)
	at java_programs.FIND_IN_SORTED.binsearch(FIND_IN_SORTED.java:20)
	at java_programs.FIND_IN_SORTED.binsearch(FIND_IN_SORTED.java:20)
	at java_programs.FIND_IN_SORTED.binsearch(FIND_IN_SORTED.java:20)
	at java_programs.FIND_IN_SORTED.binsearch(FIND_IN_SORTED.java:20)
	at java_programs.FIND_IN_SORTED.binsearch(FIND_IN_SORTED.java:20)
	at java_programs.FIND_IN_SORTED.binsearch(FIND_IN_SORTED.java:20)
	at java_programs.FIND_IN_SORTED.binsearch(FIND_IN_SORTED.java:20)
	at java_programs.FIND_IN_SORTED.binsearch(FIND_IN_SORTED.java:20)
	at java_programs.FIND_IN_SORTED.binsearch(FIND_IN_SORTED.java:20)
	at java_programs.FIND_IN_SORTED.binsearch(FIND_IN_SORTED.java:20)
	at java_programs.FIND_IN_SORTED.binsearch(FIND_IN_SORTED.java:20)
	at java_programs.FIND_IN_SORTED.binsearch(FIND_IN_SORTED.java:20)
	at java_programs.FIND_IN_SORTED.binsearch(FIND_IN_SORTED.java:20)
	at java_programs.FIND_IN_SORTED.binsearch(FIND_IN_SORTED.java:20)
	at java_programs.FIND_IN_SORTED.binsearch(FIND_IN_SORTED.java:20)
</failure>
  </testcase>
  <testcase name="test_2" classname="java_testcases.junit.FIND_IN_SORTED_TEST" time="0.0"/>
  <testcase name="test_3" classname="java_testcases.junit.FIND_IN_SORTED_TEST" time="0.0"/>
  <testcase name="test_4" classname="java_testcases.junit.FIND_IN_SORTED_TEST" time="0.0"/>
  <testcase name="test_5" classname="java_testcases.junit.FIND_IN_SORTED_TEST" time="0.001"/>
  <testcase name="test_6" classname="java_testcases.junit.FIND_IN_SORTED_TEST" time="0.013">
    <failure message="java.lang.StackOverflowError" type="java.lang.StackOverflowError">java.lang.StackOverflowError
	at java_programs.FIND_IN_SORTED.binsearch(FIND_IN_SORTED.java:20)
	at java_programs.FIND_IN_SORTED.binsearch(FIND_IN_SORTED.java:20)
	at java_programs.FIND_IN_SORTED.binsearch(FIND_IN_SORTED.java:20)
	at java_programs.FIND_IN_SORTED.binsearch(FIND_IN_SORTED.java:20)
	at java_programs.FIND_IN_SORTED.binsearch(FIND_IN_SORTED.java:20)
	at java_programs.FIND_IN_SORTED.binsearch(FIND_IN_SORTED.java:20)
	at java_programs.FIND_IN_SORTED.binsearch(FIND_IN_SORTED.java:20)
	at java_programs.FIND_IN_SORTED.binsearch(FIND_IN_SORTED.java:20)
	at java_programs.FIND_IN_SORTED.binsearch(FIND_IN_SORTED.java:20)
	at java_programs.FIND_IN_SORTED.binsearch(FIND_IN_SORTED.java:20)
	at java_programs.FIND_IN_SORTED.binsearch(FIND_IN_SORTED.java:20)
	at java_programs.FIND_IN_SORTED.binsearch(FIND_IN_SORTED.java:20)
	at java_programs.FIND_IN_SORTED.binsearch(FIND_IN_SORTED.java:20)
	at java_programs.FIND_IN_SORTED.binsearch(FIND_IN_SORTED.java:20)
	at java_programs.FIND_IN_SORTED.binsearch(FIND_IN_SORTED.java:20)
	at java_programs.FIND_IN_SORTED.binsearch(FIND_IN_SORTED.java:20)
	at java_programs.FIND_IN_SORTED.binsearch(FIND_IN_SORTED.java:20)
	at java_programs.FIND_IN_SORTED.binsearch(FIND_IN_SORTED.java:20)
	at java_programs.FIND_IN_SORTED.binsearch(FIND_IN_SORTED.java:20)
	at java_programs.FIND_IN_SORTED.binsearch(FIND_IN_SORTED.java:20)
	at java_programs.FIND_IN_SORTED.binsearch(FIND_IN_SORTED.java:20)
	at java_programs.FIND_IN_SORTED.binsearch(FIND_IN_SORTED.java:20)
	at java_programs.FIND_IN_SORTED.binsearch(FIND_IN_SORTED.java:20)
	at java_programs.FIND_IN_SORTED.binsearch(FIND_IN_SORTED.java:20)
	at java_programs.FIND_IN_SORTED.binsearch(FIND_IN_SORTED.java:20)
	at java_programs.FIND_IN_SORTED.binsearch(FIND_IN_SORTED.java:20)
	at java_programs.FIND_IN_SORTED.binsearch(FIND_IN_SORTED.java:20)
	at java_programs.FIND_IN_SORTED.binsearch(FIND_IN_SORTED.java:20)
	at java_programs.FIND_IN_SORTED.binsearch(FIND_IN_SORTED.java:20)
	at java_programs.FIND_IN_SORTED.binsearch(FIND_IN_SORTED.java:20)
	at java_programs.FIND_IN_SORTED.binsearch(FIND_IN_SORTED.java:20)
	at java_programs.FIND_IN_SORTED.binsearch(FIND_IN_SORTED.java:20)
	at java_programs.FIND_IN_SORTED.binsearch(FIND_IN_SORTED.java:20)
	at java_programs.FIND_IN_SORTED.binsearch(FIND_IN_SORTED.java:20)
	at java_programs.FIND_IN_SORTED.binsearch(FIND_IN_SORTED.java:20)
	at java_programs.FIND_IN_SORTED.binsearch(FIND_IN_SORTED.java:20)
	at java_programs.FIND_IN_SORTED.binsearch(FIND_IN_SORTED.java:20)
	at java_programs.FIND_IN_SORTED.binsearch(FIND_IN_SORTED.java:20)
	at java_programs.FIND_IN_SORTED.binsearch(FIND_IN_SORTED.java:20)
	at java_programs.FIND_IN_SORTED.binsearch(FIND_IN_SORTED.java:20)
	at java_programs.FIND_IN_SORTED.binsearch(FIND_IN_SORTED.java:20)
	at java_programs.FIND_IN_SORTED.binsearch(FIND_IN_SORTED.java:20)
	at java_programs.FIND_IN_SORTED.binsearch(FIND_IN_SORTED.java:20)
	at java_programs.FIND_IN_SORTED.binsearch(FIND_IN_SORTED.java:20)
	at java_programs.FIND_IN_SORTED.binsearch(FIND_IN_SORTED.java:20)
	at java_programs.FIND_IN_SORTED.binsearch(FIND_IN_SORTED.java:20)
	at java_programs.FIND_IN_SORTED.binsearch(FIND_IN_SORTED.java:20)
	at java_programs.FIND_IN_SORTED.binsearch(FIND_IN_SORTED.java:20)
	at java_programs.FIND_IN_SORTED.binsearch(FIND_IN_SORTED.java:20)
	at java_programs.FIND_IN_SORTED.binsearch(FIND_IN_SORTED.java:20)
	at java_programs.FIND_IN_SORTED.binsearch(FIND_IN_SORTED.java:20)
	at java_programs.FIND_IN_SORTED.binsearch(FIND_IN_SORTED.java:20)
	at java_programs.FIND_IN_SORTED.binsearch(FIND_IN_SORTED.java:20)
	at java_programs.FIND_IN_SORTED.binsearch(FIND_IN_SORTED.java:20)
	at java_programs.FIND_IN_SORTED.binsearch(FIND_IN_SORTED.java:20)
	at java_programs.FIND_IN_SORTED.binsearch(FIND_IN_SORTED.java:20)
	at java_programs.FIND_IN_SORTED.binsearch(FIND_IN_SORTED.java:20)
	at java_programs.FIND_IN_SORTED.binsearch(FIND_IN_SORTED.java:20)
	at java_programs.FIND_IN_SORTED.binsearch(FIND_IN_SORTED.java:20)
	at java_programs.FIND_IN_SORTED.binsearch(FIND_IN_SORTED.java:20)
	at java_programs.FIND_IN_SORTED.binsearch(FIND_IN_SORTED.java:20)
	at java_programs.FIND_IN_SORTED.binsearch(FIND_IN_SORTED.java:20)
	at java_programs.FIND_IN_SORTED.binsearch(FIND_IN_SORTED.java:20)
	at java_programs.FIND_IN_SORTED.binsearch(FIND_IN_SORTED.java:20)
	at java_programs.FIND_IN_SORTED.binsearch(FIND_IN_SORTED.java:20)
	at java_programs.FIND_IN_SORTED.binsearch(FIND_IN_SORTED.java:20)
	at java_programs.FIND_IN_SORTED.binsearch(FIND_IN_SORTED.java:20)
	at java_programs.FIND_IN_SORTED.binsearch(FIND_IN_SORTED.java:20)
	at java_programs.FIND_IN_SORTED.binsearch(FIND_IN_SORTED.java:20)
	at java_programs.FIND_IN_SORTED.binsearch(FIND_IN_SORTED.java:20)
	at java_programs.FIND_IN_SORTED.binsearch(FIND_IN_SORTED.java:20)
	at java_programs.FIND_IN_SORTED.binsearch(FIND_IN_SORTED.java:20)
	at java_programs.FIND_IN_SORTED.binsearch(FIND_IN_SORTED.java:20)
	at java_programs.FIND_IN_SORTED.binsearch(FIND_IN_SORTED.java:20)
	at java_programs.FIND_IN_SORTED.binsearch(FIND_IN_SORTED.java:20)
	at java_programs.FIND_IN_SORTED.binsearch(FIND_IN_SORTED.java:20)
	at java_programs.FIND_IN_SORTED.binsearch(FIND_IN_SORTED.java:20)
	at java_programs.FIND_IN_SORTED.binsearch(FIND_IN_SORTED.java:20)
	at java_programs.FIND_IN_SORTED.binsearch(FIND_IN_SORTED.java:20)
	at java_programs.FIND_IN_SORTED.binsearch(FIND_IN_SORTED.java:20)
	at java_programs.FIND_IN_SORTED.binsearch(FIND_IN_SORTED.java:20)
	at java_programs.FIND_IN_SORTED.binsearch(FIND_IN_SORTED.java:20)
	at java_programs.FIND_IN_SORTED.binsearch(FIND_IN_SORTED.java:20)
	at java_programs.FIND_IN_SORTED.binsearch(FIND_IN_SORTED.java:20)
	at java_programs.FIND_IN_SORTED.binsearch(FIND_IN_SORTED.java:20)
	at java_programs.FIND_IN_SORTED.binsearch(FIND_IN_SORTED.java:20)
	at java_programs.FIND_IN_SORTED.binsearch(FIND_IN_SORTED.java:20)
	at java_programs.FIND_IN_SORTED.binsearch(FIND_IN_SORTED.java:20)
	at java_programs.FIND_IN_SORTED.binsearch(FIND_IN_SORTED.java:20)
	at java_programs.FIND_IN_SORTED.binsearch(FIND_IN_SORTED.java:20)
	at java_programs.FIND_IN_SORTED.binsearch(FIND_IN_SORTED.java:20)
	at java_programs.FIND_IN_SORTED.binsearch(FIND_IN_SORTED.java:20)
	at java_programs.FIND_IN_SORTED.binsearch(FIND_IN_SORTED.java:20)
	at java_programs.FIND_IN_SORTED.binsearch(FIND_IN_SORTED.java:20)
	at java_programs.FIND_IN_SORTED.binsearch(FIND_IN_SORTED.java:20)
	at java_programs.FIND_IN_SORTED.binsearch(FIND_IN_SORTED.java:20)
	at java_programs.FIND_IN_SORTED.binsearch(FIND_IN_SORTED.java:20)
	at java_programs.FIND_IN_SORTED.binsearch(FIND_IN_SORTED.java:20)
	at java_programs.FIND_IN_SORTED.binsearch(FIND_IN_SORTED.java:20)
	at java_programs.FIND_IN_SORTED.binsearch(FIND_IN_SORTED.java:20)
	at java_programs.FIND_IN_SORTED.binsearch(FIND_IN_SORTED.java:20)
	at java_programs.FIND_IN_SORTED.binsearch(FIND_IN_SORTED.java:20)
	at java_programs.FIND_IN_SORTED.binsearch(FIND_IN_SORTED.java:20)
	at java_programs.FIND_IN_SORTED.binsearch(FIND_IN_SORTED.java:20)
	at java_programs.FIND_IN_SORTED.binsearch(FIND_IN_SORTED.java:20)
	at java_programs.FIND_IN_SORTED.binsearch(FIND_IN_SORTED.java:20)
	at java_programs.FIND_IN_SORTED.binsearch(FIND_IN_SORTED.java:20)
	at java_programs.FIND_IN_SORTED.binsearch(FIND_IN_SORTED.java:20)
	at java_programs.FIND_IN_SORTED.binsearch(FIND_IN_SORTED.java:20)
	at java_programs.FIND_IN_SORTED.binsearch(FIND_IN_SORTED.java:20)
	at java_programs.FIND_IN_SORTED.binsearch(FIND_IN_SORTED.java:20)
	at java_programs.FIND_IN_SORTED.binsearch(FIND_IN_SORTED.java:20)
	at java_programs.FIND_IN_SORTED.binsearch(FIND_IN_SORTED.java:20)
	at java_programs.FIND_IN_SORTED.binsearch(FIND_IN_SORTED.java:20)
	at java_programs.FIND_IN_SORTED.binsearch(FIND_IN_SORTED.java:20)
	at java_programs.FIND_IN_SORTED.binsearch(FIND_IN_SORTED.java:20)
	at java_programs.FIND_IN_SORTED.binsearch(FIND_IN_SORTED.java:20)
	at java_programs.FIND_IN_SORTED.binsearch(FIND_IN_SORTED.java:20)
	at java_programs.FIND_IN_SORTED.binsearch(FIND_IN_SORTED.java:20)
	at java_programs.FIND_IN_SORTED.binsearch(FIND_IN_SORTED.java:20)
	at java_programs.FIND_IN_SORTED.binsearch(FIND_IN_SORTED.java:20)
	at java_programs.FIND_IN_SORTED.binsearch(FIND_IN_SORTED.java:20)
	at java_programs.FIND_IN_SORTED.binsearch(FIND_IN_SORTED.java:20)
	at java_programs.FIND_IN_SORTED.binsearch(FIND_IN_SORTED.java:20)
	at java_programs.FIND_IN_SORTED.binsearch(FIND_IN_SORTED.java:20)
	at java_programs.FIND_IN_SORTED.binsearch(FIND_IN_SORTED.java:20)
	at java_programs.FIND_IN_SORTED.binsearch(FIND_IN_SORTED.java:20)
	at java_programs.FIND_IN_SORTED.binsearch(FIND_IN_SORTED.java:20)
	at java_programs.FIND_IN_SORTED.binsearch(FIND_IN_SORTED.java:20)
	at java_programs.FIND_IN_SORTED.binsearch(FIND_IN_SORTED.java:20)
	at java_programs.FIND_IN_SORTED.binsearch(FIND_IN_SORTED.java:20)
	at java_programs.FIND_IN_SORTED.binsearch(FIND_IN_SORTED.java:20)
	at java_programs.FIND_IN_SORTED.binsearch(FIND_IN_SORTED.java:20)
	at java_programs.FIND_IN_SORTED.binsearch(FIND_IN_SORTED.java:20)
	at java_programs.FIND_IN_SORTED.binsearch(FIND_IN_SORTED.java:20)
	at java_programs.FIND_IN_SORTED.binsearch(FIND_IN_SORTED.java:20)
	at java_programs.FIND_IN_SORTED.binsearch(FIND_IN_SORTED.java:20)
	at java_programs.FIND_IN_SORTED.binsearch(FIND_IN_SORTED.java:20)
	at java_programs.FIND_IN_SORTED.binsearch(FIND_IN_SORTED.java:20)
	at java_programs.FIND_IN_SORTED.binsearch(FIND_IN_SORTED.java:20)
	at java_programs.FIND_IN_SORTED.binsearch(FIND_IN_SORTED.java:20)
	at java_programs.FIND_IN_SORTED.binsearch(FIND_IN_SORTED.java:20)
	at java_programs.FIND_IN_SORTED.binsearch(FIND_IN_SORTED.java:20)
	at java_programs.FIND_IN_SORTED.binsearch(FIND_IN_SORTED.java:20)
	at java_programs.FIND_IN_SORTED.binsearch(FIND_IN_SORTED.java:20)
	at java_programs.FIND_IN_SORTED.binsearch(FIND_IN_SORTED.java:20)
	at java_programs.FIND_IN_SORTED.binsearch(FIND_IN_SORTED.java:20)
	at java_programs.FIND_IN_SORTED.binsearch(FIND_IN_SORTED.java:20)
	at java_programs.FIND_IN_SORTED.binsearch(FIND_IN_SORTED.java:20)
	at java_programs.FIND_IN_SORTED.binsearch(FIND_IN_SORTED.java:20)
	at java_programs.FIND_IN_SORTED.binsearch(FIND_IN_SORTED.java:20)
	at java_programs.FIND_IN_SORTED.binsearch(FIND_IN_SORTED.java:20)
	at java_programs.FIND_IN_SORTED.binsearch(FIND_IN_SORTED.java:20)
	at java_programs.FIND_IN_SORTED.binsearch(FIND_IN_SORTED.java:20)
	at java_programs.FIND_IN_SORTED.binsearch(FIND_IN_SORTED.java:20)
	at java_programs.FIND_IN_SORTED.binsearch(FIND_IN_SORTED.java:20)
	at java_programs.FIND_IN_SORTED.binsearch(FIND_IN_SORTED.java:20)
	at java_programs.FIND_IN_SORTED.binsearch(FIND_IN_SORTED.java:20)
	at java_programs.FIND_IN_SORTED.binsearch(FIND_IN_SORTED.java:20)
	at java_programs.FIND_IN_SORTED.binsearch(FIND_IN_SORTED.java:20)
	at java_programs.FIND_IN_SORTED.binsearch(FIND_IN_SORTED.java:20)
	at java_programs.FIND_IN_SORTED.binsearch(FIND_IN_SORTED.java:20)
	at java_programs.FIND_IN_SORTED.binsearch(FIND_IN_SORTED.java:20)
	at java_programs.FIND_IN_SORTED.binsearch(FIND_IN_SORTED.java:20)
	at java_programs.FIND_IN_SORTED.binsearch(FIND_IN_SORTED.java:20)
	at java_programs.FIND_IN_SORTED.binsearch(FIND_IN_SORTED.java:20)
	at java_programs.FIND_IN_SORTED.binsearch(FIND_IN_SORTED.java:20)
	at java_programs.FIND_IN_SORTED.binsearch(FIND_IN_SORTED.java:20)
	at java_programs.FIND_IN_SORTED.binsearch(FIND_IN_SORTED.java:20)
	at java_programs.FIND_IN_SORTED.binsearch(FIND_IN_SORTED.java:20)
	at java_programs.FIND_IN_SORTED.binsearch(FIND_IN_SORTED.java:20)
	at java_programs.FIND_IN_SORTED.binsearch(FIND_IN_SORTED.java:20)
	at java_programs.FIND_IN_SORTED.binsearch(FIND_IN_SORTED.java:20)
	at java_programs.FIND_IN_SORTED.binsearch(FIND_IN_SORTED.java:20)
	at java_programs.FIND_IN_SORTED.binsearch(FIND_IN_SORTED.java:20)
	at java_programs.FIND_IN_SORTED.binsearch(FIND_IN_SORTED.java:20)
	at java_programs.FIND_IN_SORTED.binsearch(FIND_IN_SORTED.java:20)
	at java_programs.FIND_IN_SORTED.binsearch(FIND_IN_SORTED.java:20)
	at java_programs.FIND_IN_SORTED.binsearch(FIND_IN_SORTED.java:20)
	at java_programs.FIND_IN_SORTED.binsearch(FIND_IN_SORTED.java:20)
	at java_programs.FIND_IN_SORTED.binsearch(FIND_IN_SORTED.java:20)
	at java_programs.FIND_IN_SORTED.binsearch(FIND_IN_SORTED.java:20)
	at java_programs.FIND_IN_SORTED.binsearch(FIND_IN_SORTED.java:20)
	at java_programs.FIND_IN_SORTED.binsearch(FIND_IN_SORTED.java:20)
	at java_programs.FIND_IN_SORTED.binsearch(FIND_IN_SORTED.java:20)
	at java_programs.FIND_IN_SORTED.binsearch(FIND_IN_SORTED.java:20)
	at java_programs.FIND_IN_SORTED.binsearch(FIND_IN_SORTED.java:20)
	at java_programs.FIND_IN_SORTED.binsearch(FIND_IN_SORTED.java:20)
	at java_programs.FIND_IN_SORTED.binsearch(FIND_IN_SORTED.java:20)
	at java_programs.FIND_IN_SORTED.binsearch(FIND_IN_SORTED.java:20)
	at java_programs.FIND_IN_SORTED.binsearch(FIND_IN_SORTED.java:20)
	at java_programs.FIND_IN_SORTED.binsearch(FIND_IN_SORTED.java:20)
	at java_programs.FIND_IN_SORTED.binsearch(FIND_IN_SORTED.java:20)
	at java_programs.FIND_IN_SORTED.binsearch(FIND_IN_SORTED.java:20)
	at java_programs.FIND_IN_SORTED.binsearch(FIND_IN_SORTED.java:20)
	at java_programs.FIND_IN_SORTED.binsearch(FIND_IN_SORTED.java:20)
	at java_programs.FIND_IN_SORTED.binsearch(FIND_IN_SORTED.java:20)
	at java_programs.FIND_IN_SORTED.binsearch(FIND_IN_SORTED.java:20)
	at java_programs.FIND_IN_SORTED.binsearch(FIND_IN_SORTED.java:20)
	at java_programs.FIND_IN_SORTED.binsearch(FIND_IN_SORTED.java:20)
	at java_programs.FIND_IN_SORTED.binsearch(FIND_IN_SORTED.java:20)
	at java_programs.FIND_IN_SORTED.binsearch(FIND_IN_SORTED.java:20)
	at java_programs.FIND_IN_SORTED.binsearch(FIND_IN_SORTED.java:20)
	at java_programs.FIND_IN_SORTED.binsearch(FIND_IN_SORTED.java:20)
	at java_programs.FIND_IN_SORTED.binsearch(FIND_IN_SORTED.java:20)
	at java_programs.FIND_IN_SORTED.binsearch(FIND_IN_SORTED.java:20)
	at java_programs.FIND_IN_SORTED.binsearch(FIND_IN_SORTED.java:20)
	at java_programs.FIND_IN_SORTED.binsearch(FIND_IN_SORTED.java:20)
	at java_programs.FIND_IN_SORTED.binsearch(FIND_IN_SORTED.java:20)
	at java_programs.FIND_IN_SORTED.binsearch(FIND_IN_SORTED.java:20)
	at java_programs.FIND_IN_SORTED.binsearch(FIND_IN_SORTED.java:20)
	at java_programs.FIND_IN_SORTED.binsearch(FIND_IN_SORTED.java:20)
	at java_programs.FIND_IN_SORTED.binsearch(FIND_IN_SORTED.java:20)
	at java_programs.FIND_IN_SORTED.binsearch(FIND_IN_SORTED.java:20)
	at java_programs.FIND_IN_SORTED.binsearch(FIND_IN_SORTED.java:20)
	at java_programs.FIND_IN_SORTED.binsearch(FIND_IN_SORTED.java:20)
	at java_programs.FIND_IN_SORTED.binsearch(FIND_IN_SORTED.java:20)
	at java_programs.FIND_IN_SORTED.binsearch(FIND_IN_SORTED.java:20)
	at java_programs.FIND_IN_SORTED.binsearch(FIND_IN_SORTED.java:20)
	at java_programs.FIND_IN_SORTED.binsearch(FIND_IN_SORTED.java:20)
	at java_programs.FIND_IN_SORTED.binsearch(FIND_IN_SORTED.java:20)
	at java_programs.FIND_IN_SORTED.binsearch(FIND_IN_SORTED.java:20)
	at java_programs.FIND_IN_SORTED.binsearch(FIND_IN_SORTED.java:20)
	at java_programs.FIND_IN_SORTED.binsearch(FIND_IN_SORTED.java:20)
	at java_programs.FIND_IN_SORTED.binsearch(FIND_IN_SORTED.java:20)
	at java_programs.FIND_IN_SORTED.binsearch(FIND_IN_SORTED.java:20)
	at java_programs.FIND_IN_SORTED.binsearch(FIND_IN_SORTED.java:20)
	at java_programs.FIND_IN_SORTED.binsearch(FIND_IN_SORTED.java:20)
	at java_programs.FIND_IN_SORTED.binsearch(FIND_IN_SORTED.java:20)
	at java_programs.FIND_IN_SORTED.binsearch(FIND_IN_SORTED.java:20)
	at java_programs.FIND_IN_SORTED.binsearch(FIND_IN_SORTED.java:20)
	at java_programs.FIND_IN_SORTED.binsearch(FIND_IN_SORTED.java:20)
	at java_programs.FIND_IN_SORTED.binsearch(FIND_IN_SORTED.java:20)
	at java_programs.FIND_IN_SORTED.binsearch(FIND_IN_SORTED.java:20)
	at java_programs.FIND_IN_SORTED.binsearch(FIND_IN_SORTED.java:20)
	at java_programs.FIND_IN_SORTED.binsearch(FIND_IN_SORTED.java:20)
	at java_programs.FIND_IN_SORTED.binsearch(FIND_IN_SORTED.java:20)
	at java_programs.FIND_IN_SORTED.binsearch(FIND_IN_SORTED.java:20)
	at java_programs.FIND_IN_SORTED.binsearch(FIND_IN_SORTED.java:20)
	at java_programs.FIND_IN_SORTED.binsearch(FIND_IN_SORTED.java:20)
	at java_programs.FIND_IN_SORTED.binsearch(FIND_IN_SORTED.java:20)
	at java_programs.FIND_IN_SORTED.binsearch(FIND_IN_SORTED.java:20)
	at java_programs.FIND_IN_SORTED.binsearch(FIND_IN_SORTED.java:20)
	at java_programs.FIND_IN_SORTED.binsearch(FIND_IN_SORTED.java:20)
	at java_programs.FIND_IN_SORTED.binsearch(FIND_IN_SORTED.java:20)
	at java_programs.FIND_IN_SORTED.binsearch(FIND_IN_SORTED.java:20)
	at java_programs.FIND_IN_SORTED.binsearch(FIND_IN_SORTED.java:20)
	at java_programs.FIND_IN_SORTED.binsearch(FIND_IN_SORTED.java:20)
	at java_programs.FIND_IN_SORTED.binsearch(FIND_IN_SORTED.java:20)
	at java_programs.FIND_IN_SORTED.binsearch(FIND_IN_SORTED.java:20)
	at java_programs.FIND_IN_SORTED.binsearch(FIND_IN_SORTED.java:20)
	at java_programs.FIND_IN_SORTED.binsearch(FIND_IN_SORTED.java:20)
	at java_programs.FIND_IN_SORTED.binsearch(FIND_IN_SORTED.java:20)
	at java_programs.FIND_IN_SORTED.binsearch(FIND_IN_SORTED.java:20)
	at java_programs.FIND_IN_SORTED.binsearch(FIND_IN_SORTED.java:20)
	at java_programs.FIND_IN_SORTED.binsearch(FIND_IN_SORTED.java:20)
	at java_programs.FIND_IN_SORTED.binsearch(FIND_IN_SORTED.java:20)
	at java_programs.FIND_IN_SORTED.binsearch(FIND_IN_SORTED.java:20)
	at java_programs.FIND_IN_SORTED.binsearch(FIND_IN_SORTED.java:20)
	at java_programs.FIND_IN_SORTED.binsearch(FIND_IN_SORTED.java:20)
	at java_programs.FIND_IN_SORTED.binsearch(FIND_IN_SORTED.java:20)
	at java_programs.FIND_IN_SORTED.binsearch(FIND_IN_SORTED.java:20)
	at java_programs.FIND_IN_SORTED.binsearch(FIND_IN_SORTED.java:20)
	at java_programs.FIND_IN_SORTED.binsearch(FIND_IN_SORTED.java:20)
	at java_programs.FIND_IN_SORTED.binsearch(FIND_IN_SORTED.java:20)
	at java_programs.FIND_IN_SORTED.binsearch(FIND_IN_SORTED.java:20)
	at java_programs.FIND_IN_SORTED.binsearch(FIND_IN_SORTED.java:20)
	at java_programs.FIND_IN_SORTED.binsearch(FIND_IN_SORTED.java:20)
	at java_programs.FIND_IN_SORTED.binsearch(FIND_IN_SORTED.java:20)
	at java_programs.FIND_IN_SORTED.binsearch(FIND_IN_SORTED.java:20)
	at java_programs.FIND_IN_SORTED.binsearch(FIND_IN_SORTED.java:20)
	at java_programs.FIND_IN_SORTED.binsearch(FIND_IN_SORTED.java:20)
	at java_programs.FIND_IN_SORTED.binsearch(FIND_IN_SORTED.java:20)
	at java_programs.FIND_IN_SORTED.binsearch(FIND_IN_SORTED.java:20)
	at java_programs.FIND_IN_SORTED.binsearch(FIND_IN_SORTED.java:20)
	at java_programs.FIND_IN_SORTED.binsearch(FIND_IN_SORTED.java:20)
	at java_programs.FIND_IN_SORTED.binsearch(FIND_IN_SORTED.java:20)
	at java_programs.FIND_IN_SORTED.binsearch(FIND_IN_SORTED.java:20)
	at java_programs.FIND_IN_SORTED.binsearch(FIND_IN_SORTED.java:20)
	at java_programs.FIND_IN_SORTED.binsearch(FIND_IN_SORTED.java:20)
	at java_programs.FIND_IN_SORTED.binsearch(FIND_IN_SORTED.java:20)
	at java_programs.FIND_IN_SORTED.binsearch(FIND_IN_SORTED.java:20)
	at java_programs.FIND_IN_SORTED.binsearch(FIND_IN_SORTED.java:20)
	at java_programs.FIND_IN_SORTED.binsearch(FIND_IN_SORTED.java:20)
	at java_programs.FIND_IN_SORTED.binsearch(FIND_IN_SORTED.java:20)
	at java_programs.FIND_IN_SORTED.binsearch(FIND_IN_SORTED.java:20)
	at java_programs.FIND_IN_SORTED.binsearch(FIND_IN_SORTED.java:20)
	at java_programs.FIND_IN_SORTED.binsearch(FIND_IN_SORTED.java:20)
	at java_programs.FIND_IN_SORTED.binsearch(FIND_IN_SORTED.java:20)
	at java_programs.FIND_IN_SORTED.binsearch(FIND_IN_SORTED.java:20)
	at java_programs.FIND_IN_SORTED.binsearch(FIND_IN_SORTED.java:20)
	at java_programs.FIND_IN_SORTED.binsearch(FIND_IN_SORTED.java:20)
	at java_programs.FIND_IN_SORTED.binsearch(FIND_IN_SORTED.java:20)
	at java_programs.FIND_IN_SORTED.binsearch(FIND_IN_SORTED.java:20)
	at java_programs.FIND_IN_SORTED.binsearch(FIND_IN_SORTED.java:20)
	at java_programs.FIND_IN_SORTED.binsearch(FIND_IN_SORTED.java:20)
	at java_programs.FIND_IN_SORTED.binsearch(FIND_IN_SORTED.java:20)
	at java_programs.FIND_IN_SORTED.binsearch(FIND_IN_SORTED.java:20)
	at java_programs.FIND_IN_SORTED.binsearch(FIND_IN_SORTED.java:20)
	at java_programs.FIND_IN_SORTED.binsearch(FIND_IN_SORTED.java:20)
	at java_programs.FIND_IN_SORTED.binsearch(FIND_IN_SORTED.java:20)
	at java_programs.FIND_IN_SORTED.binsearch(FIND_IN_SORTED.java:20)
	at java_programs.FIND_IN_SORTED.binsearch(FIND_IN_SORTED.java:20)
	at java_programs.FIND_IN_SORTED.binsearch(FIND_IN_SORTED.java:20)
	at java_programs.FIND_IN_SORTED.binsearch(FIND_IN_SORTED.java:20)
	at java_programs.FIND_IN_SORTED.binsearch(FIND_IN_SORTED.java:20)
	at java_programs.FIND_IN_SORTED.binsearch(FIND_IN_SORTED.java:20)
	at java_programs.FIND_IN_SORTED.binsearch(FIND_IN_SORTED.java:20)
	at java_programs.FIND_IN_SORTED.binsearch(FIND_IN_SORTED.java:20)
	at java_programs.FIND_IN_SORTED.binsearch(FIND_IN_SORTED.java:20)
	at java_programs.FIND_IN_SORTED.binsearch(FIND_IN_SORTED.java:20)
	at java_programs.FIND_IN_SORTED.binsearch(FIND_IN_SORTED.java:20)
	at java_programs.FIND_IN_SORTED.binsearch(FIND_IN_SORTED.java:20)
	at java_programs.FIND_IN_SORTED.binsearch(FIND_IN_SORTED.java:20)
	at java_programs.FIND_IN_SORTED.binsearch(FIND_IN_SORTED.java:20)
	at java_programs.FIND_IN_SORTED.binsearch(FIND_IN_SORTED.java:20)
	at java_programs.FIND_IN_SORTED.binsearch(FIND_IN_SORTED.java:20)
	at java_programs.FIND_IN_SORTED.binsearch(FIND_IN_SORTED.java:20)
	at java_programs.FIND_IN_SORTED.binsearch(FIND_IN_SORTED.java:20)
	at java_programs.FIND_IN_SORTED.binsearch(FIND_IN_SORTED.java:20)
	at java_programs.FIND_IN_SORTED.binsearch(FIND_IN_SORTED.java:20)
	at java_programs.FIND_IN_SORTED.binsearch(FIND_IN_SORTED.java:20)
	at java_programs.FIND_IN_SORTED.binsearch(FIND_IN_SORTED.java:20)
	at java_programs.FIND_IN_SORTED.binsearch(FIND_IN_SORTED.java:20)
	at java_programs.FIND_IN_SORTED.binsearch(FIND_IN_SORTED.java:20)
	at java_programs.FIND_IN_SORTED.binsearch(FIND_IN_SORTED.java:20)
	at java_programs.FIND_IN_SORTED.binsearch(FIND_IN_SORTED.java:20)
	at java_programs.FIND_IN_SORTED.binsearch(FIND_IN_SORTED.java:20)
	at java_programs.FIND_IN_SORTED.binsearch(FIND_IN_SORTED.java:20)
	at java_programs.FIND_IN_SORTED.binsearch(FIND_IN_SORTED.java:20)
	at java_programs.FIND_IN_SORTED.binsearch(FIND_IN_SORTED.java:20)
	at java_programs.FIND_IN_SORTED.binsearch(FIND_IN_SORTED.java:20)
	at java_programs.FIND_IN_SORTED.binsearch(FIND_IN_SORTED.java:20)
	at java_programs.FIND_IN_SORTED.binsearch(FIND_IN_SORTED.java:20)
	at java_programs.FIND_IN_SORTED.binsearch(FIND_IN_SORTED.java:20)
	at java_programs.FIND_IN_SORTED.binsearch(FIND_IN_SORTED.java:20)
	at java_programs.FIND_IN_SORTED.binsearch(FIND_IN_SORTED.java:20)
	at java_programs.FIND_IN_SORTED.binsearch(FIND_IN_SORTED.java:20)
	at java_programs.FIND_IN_SORTED.binsearch(FIND_IN_SORTED.java:20)
	at java_programs.FIND_IN_SORTED.binsearch(FIND_IN_SORTED.java:20)
	at java_programs.FIND_IN_SORTED.binsearch(FIND_IN_SORTED.java:20)
	at java_programs.FIND_IN_SORTED.binsearch(FIND_IN_SORTED.java:20)
	at java_programs.FIND_IN_SORTED.binsearch(FIND_IN_SORTED.java:20)
	at java_programs.FIND_IN_SORTED.binsearch(FIND_IN_SORTED.java:20)
	at java_programs.FIND_IN_SORTED.binsearch(FIND_IN_SORTED.java:20)
	at java_programs.FIND_IN_SORTED.binsearch(FIND_IN_SORTED.java:20)
	at java_programs.FIND_IN_SORTED.binsearch(FIND_IN_SORTED.java:20)
	at java_programs.FIND_IN_SORTED.binsearch(FIND_IN_SORTED.java:20)
	at java_programs.FIND_IN_SORTED.binsearch(FIND_IN_SORTED.java:20)
	at java_programs.FIND_IN_SORTED.binsearch(FIND_IN_SORTED.java:20)
	at java_programs.FIND_IN_SORTED.binsearch(FIND_IN_SORTED.java:20)
	at java_programs.FIND_IN_SORTED.binsearch(FIND_IN_SORTED.java:20)
	at java_programs.FIND_IN_SORTED.binsearch(FIND_IN_SORTED.java:20)
	at java_programs.FIND_IN_SORTED.binsearch(FIND_IN_SORTED.java:20)
	at java_programs.FIND_IN_SORTED.binsearch(FIND_IN_SORTED.java:20)
	at java_programs.FIND_IN_SORTED.binsearch(FIND_IN_SORTED.java:20)
	at java_programs.FIND_IN_SORTED.binsearch(FIND_IN_SORTED.java:20)
	at java_programs.FIND_IN_SORTED.binsearch(FIND_IN_SORTED.java:20)
	at java_programs.FIND_IN_SORTED.binsearch(FIND_IN_SORTED.java:20)
	at java_programs.FIND_IN_SORTED.binsearch(FIND_IN_SORTED.java:20)
	at java_programs.FIND_IN_SORTED.binsearch(FIND_IN_SORTED.java:20)
	at java_programs.FIND_IN_SORTED.binsearch(FIND_IN_SORTED.java:20)
	at java_programs.FIND_IN_SORTED.binsearch(FIND_IN_SORTED.java:20)
	at java_programs.FIND_IN_SORTED.binsearch(FIND_IN_SORTED.java:20)
	at java_programs.FIND_IN_SORTED.binsearch(FIND_IN_SORTED.java:20)
	at java_programs.FIND_IN_SORTED.binsearch(FIND_IN_SORTED.java:20)
	at java_programs.FIND_IN_SORTED.binsearch(FIND_IN_SORTED.java:20)
	at java_programs.FIND_IN_SORTED.binsearch(FIND_IN_SORTED.java:20)
	at java_programs.FIND_IN_SORTED.binsearch(FIND_IN_SORTED.java:20)
	at java_programs.FIND_IN_SORTED.binsearch(FIND_IN_SORTED.java:20)
	at java_programs.FIND_IN_SORTED.binsearch(FIND_IN_SORTED.java:20)
	at java_programs.FIND_IN_SORTED.binsearch(FIND_IN_SORTED.java:20)
	at java_programs.FIND_IN_SORTED.binsearch(FIND_IN_SORTED.java:20)
	at java_programs.FIND_IN_SORTED.binsearch(FIND_IN_SORTED.java:20)
	at java_programs.FIND_IN_SORTED.binsearch(FIND_IN_SORTED.java:20)
	at java_programs.FIND_IN_SORTED.binsearch(FIND_IN_SORTED.java:20)
	at java_programs.FIND_IN_SORTED.binsearch(FIND_IN_SORTED.java:20)
	at java_programs.FIND_IN_SORTED.binsearch(FIND_IN_SORTED.java:20)
	at java_programs.FIND_IN_SORTED.binsearch(FIND_IN_SORTED.java:20)
	at java_programs.FIND_IN_SORTED.binsearch(FIND_IN_SORTED.java:20)
	at java_programs.FIND_IN_SORTED.binsearch(FIND_IN_SORTED.java:20)
	at java_programs.FIND_IN_SORTED.binsearch(FIND_IN_SORTED.java:20)
	at java_programs.FIND_IN_SORTED.binsearch(FIND_IN_SORTED.java:20)
	at java_programs.FIND_IN_SORTED.binsearch(FIND_IN_SORTED.java:20)
	at java_programs.FIND_IN_SORTED.binsearch(FIND_IN_SORTED.java:20)
	at java_programs.FIND_IN_SORTED.binsearch(FIND_IN_SORTED.java:20)
	at java_programs.FIND_IN_SORTED.binsearch(FIND_IN_SORTED.java:20)
	at java_programs.FIND_IN_SORTED.binsearch(FIND_IN_SORTED.java:20)
	at java_programs.FIND_IN_SORTED.binsearch(FIND_IN_SORTED.java:20)
	at java_programs.FIND_IN_SORTED.binsearch(FIND_IN_SORTED.java:20)
	at java_programs.FIND_IN_SORTED.binsearch(FIND_IN_SORTED.java:20)
	at java_programs.FIND_IN_SORTED.binsearch(FIND_IN_SORTED.java:20)
	at java_programs.FIND_IN_SORTED.binsearch(FIND_IN_SORTED.java:20)
	at java_programs.FIND_IN_SORTED.binsearch(FIND_IN_SORTED.java:20)
	at java_programs.FIND_IN_SORTED.binsearch(FIND_IN_SORTED.java:20)
	at java_programs.FIND_IN_SORTED.binsearch(FIND_IN_SORTED.java:20)
	at java_programs.FIND_IN_SORTED.binsearch(FIND_IN_SORTED.java:20)
	at java_programs.FIND_IN_SORTED.binsearch(FIND_IN_SORTED.java:20)
	at java_programs.FIND_IN_SORTED.binsearch(FIND_IN_SORTED.java:20)
	at java_programs.FIND_IN_SORTED.binsearch(FIND_IN_SORTED.java:20)
	at java_programs.FIND_IN_SORTED.binsearch(FIND_IN_SORTED.java:20)
	at java_programs.FIND_IN_SORTED.binsearch(FIND_IN_SORTED.java:20)
	at java_programs.FIND_IN_SORTED.binsearch(FIND_IN_SORTED.java:20)
	at java_programs.FIND_IN_SORTED.binsearch(FIND_IN_SORTED.java:20)
	at java_programs.FIND_IN_SORTED.binsearch(FIND_IN_SORTED.java:20)
	at java_programs.FIND_IN_SORTED.binsearch(FIND_IN_SORTED.java:20)
	at java_programs.FIND_IN_SORTED.binsearch(FIND_IN_SORTED.java:20)
	at java_programs.FIND_IN_SORTED.binsearch(FIND_IN_SORTED.java:20)
	at java_programs.FIND_IN_SORTED.binsearch(FIND_IN_SORTED.java:20)
	at java_programs.FIND_IN_SORTED.binsearch(FIND_IN_SORTED.java:20)
	at java_programs.FIND_IN_SORTED.binsearch(FIND_IN_SORTED.java:20)
	at java_programs.FIND_IN_SORTED.binsearch(FIND_IN_SORTED.java:20)
	at java_programs.FIND_IN_SORTED.binsearch(FIND_IN_SORTED.java:20)
	at java_programs.FIND_IN_SORTED.binsearch(FIND_IN_SORTED.java:20)
	at java_programs.FIND_IN_SORTED.binsearch(FIND_IN_SORTED.java:20)
	at java_programs.FIND_IN_SORTED.binsearch(FIND_IN_SORTED.java:20)
	at java_programs.FIND_IN_SORTED.binsearch(FIND_IN_SORTED.java:20)
	at java_programs.FIND_IN_SORTED.binsearch(FIND_IN_SORTED.java:20)
	at java_programs.FIND_IN_SORTED.binsearch(FIND_IN_SORTED.java:20)
	at java_programs.FIND_IN_SORTED.binsearch(FIND_IN_SORTED.java:20)
	at java_programs.FIND_IN_SORTED.binsearch(FIND_IN_SORTED.java:20)
	at java_programs.FIND_IN_SORTED.binsearch(FIND_IN_SORTED.java:20)
	at java_programs.FIND_IN_SORTED.binsearch(FIND_IN_SORTED.java:20)
	at java_programs.FIND_IN_SORTED.binsearch(FIND_IN_SORTED.java:20)
	at java_programs.FIND_IN_SORTED.binsearch(FIND_IN_SORTED.java:20)
	at java_programs.FIND_IN_SORTED.binsearch(FIND_IN_SORTED.java:20)
	at java_programs.FIND_IN_SORTED.binsearch(FIND_IN_SORTED.java:20)
	at java_programs.FIND_IN_SORTED.binsearch(FIND_IN_SORTED.java:20)
	at java_programs.FIND_IN_SORTED.binsearch(FIND_IN_SORTED.java:20)
	at java_programs.FIND_IN_SORTED.binsearch(FIND_IN_SORTED.java:20)
	at java_programs.FIND_IN_SORTED.binsearch(FIND_IN_SORTED.java:20)
	at java_programs.FIND_IN_SORTED.binsearch(FIND_IN_SORTED.java:20)
	at java_programs.FIND_IN_SORTED.binsearch(FIND_IN_SORTED.java:20)
	at java_programs.FIND_IN_SORTED.binsearch(FIND_IN_SORTED.java:20)
	at java_programs.FIND_IN_SORTED.binsearch(FIND_IN_SORTED.java:20)
	at java_programs.FIND_IN_SORTED.binsearch(FIND_IN_SORTED.java:20)
	at java_programs.FIND_IN_SORTED.binsearch(FIND_IN_SORTED.java:20)
	at java_programs.FIND_IN_SORTED.binsearch(FIND_IN_SORTED.java:20)
	at java_programs.FIND_IN_SORTED.binsearch(FIND_IN_SORTED.java:20)
	at java_programs.FIND_IN_SORTED.binsearch(FIND_IN_SORTED.java:20)
	at java_programs.FIND_IN_SORTED.binsearch(FIND_IN_SORTED.java:20)
	at java_programs.FIND_IN_SORTED.binsearch(FIND_IN_SORTED.java:20)
	at java_programs.FIND_IN_SORTED.binsearch(FIND_IN_SORTED.java:20)
	at java_programs.FIND_IN_SORTED.binsearch(FIND_IN_SORTED.java:20)
	at java_programs.FIND_IN_SORTED.binsearch(FIND_IN_SORTED.java:20)
	at java_programs.FIND_IN_SORTED.binsearch(FIND_IN_SORTED.java:20)
	at java_programs.FIND_IN_SORTED.binsearch(FIND_IN_SORTED.java:20)
	at java_programs.FIND_IN_SORTED.binsearch(FIND_IN_SORTED.java:20)
	at java_programs.FIND_IN_SORTED.binsearch(FIND_IN_SORTED.java:20)
	at java_programs.FIND_IN_SORTED.binsearch(FIND_IN_SORTED.java:20)
	at java_programs.FIND_IN_SORTED.binsearch(FIND_IN_SORTED.java:20)
	at java_programs.FIND_IN_SORTED.binsearch(FIND_IN_SORTED.java:20)
	at java_programs.FIND_IN_SORTED.binsearch(FIND_IN_SORTED.java:20)
	at java_programs.FIND_IN_SORTED.binsearch(FIND_IN_SORTED.java:20)
	at java_programs.FIND_IN_SORTED.binsearch(FIND_IN_SORTED.java:20)
	at java_programs.FIND_IN_SORTED.binsearch(FIND_IN_SORTED.java:20)
	at java_programs.FIND_IN_SORTED.binsearch(FIND_IN_SORTED.java:20)
	at java_programs.FIND_IN_SORTED.binsearch(FIND_IN_SORTED.java:20)
	at java_programs.FIND_IN_SORTED.binsearch(FIND_IN_SORTED.java:20)
	at java_programs.FIND_IN_SORTED.binsearch(FIND_IN_SORTED.java:20)
	at java_programs.FIND_IN_SORTED.binsearch(FIND_IN_SORTED.java:20)
	at java_programs.FIND_IN_SORTED.binsearch(FIND_IN_SORTED.java:20)
	at java_programs.FIND_IN_SORTED.binsearch(FIND_IN_SORTED.java:20)
	at java_programs.FIND_IN_SORTED.binsearch(FIND_IN_SORTED.java:20)
	at java_programs.FIND_IN_SORTED.binsearch(FIND_IN_SORTED.java:20)
	at java_programs.FIND_IN_SORTED.binsearch(FIND_IN_SORTED.java:20)
	at java_programs.FIND_IN_SORTED.binsearch(FIND_IN_SORTED.java:20)
	at java_programs.FIND_IN_SORTED.binsearch(FIND_IN_SORTED.java:20)
	at java_programs.FIND_IN_SORTED.binsearch(FIND_IN_SORTED.java:20)
	at java_programs.FIND_IN_SORTED.binsearch(FIND_IN_SORTED.java:20)
	at java_programs.FIND_IN_SORTED.binsearch(FIND_IN_SORTED.java:20)
	at java_programs.FIND_IN_SORTED.binsearch(FIND_IN_SORTED.java:20)
	at java_programs.FIND_IN_SORTED.binsearch(FIND_IN_SORTED.java:20)
	at java_programs.FIND_IN_SORTED.binsearch(FIND_IN_SORTED.java:20)
	at java_programs.FIND_IN_SORTED.binsearch(FIND_IN_SORTED.java:20)
	at java_programs.FIND_IN_SORTED.binsearch(FIND_IN_SORTED.java:20)
	at java_programs.FIND_IN_SORTED.binsearch(FIND_IN_SORTED.java:20)
	at java_programs.FIND_IN_SORTED.binsearch(FIND_IN_SORTED.java:20)
	at java_programs.FIND_IN_SORTED.binsearch(FIND_IN_SORTED.java:20)
	at java_programs.FIND_IN_SORTED.binsearch(FIND_IN_SORTED.java:20)
	at java_programs.FIND_IN_SORTED.binsearch(FIND_IN_SORTED.java:20)
	at java_programs.FIND_IN_SORTED.binsearch(FIND_IN_SORTED.java:20)
	at java_programs.FIND_IN_SORTED.binsearch(FIND_IN_SORTED.java:20)
	at java_programs.FIND_IN_SORTED.binsearch(FIND_IN_SORTED.java:20)
	at java_programs.FIND_IN_SORTED.binsearch(FIND_IN_SORTED.java:20)
	at java_programs.FIND_IN_SORTED.binsearch(FIND_IN_SORTED.java:20)
	at java_programs.FIND_IN_SORTED.binsearch(FIND_IN_SORTED.java:20)
	at java_programs.FIND_IN_SORTED.binsearch(FIND_IN_SORTED.java:20)
	at java_programs.FIND_IN_SORTED.binsearch(FIND_IN_SORTED.java:20)
	at java_programs.FIND_IN_SORTED.binsearch(FIND_IN_SORTED.java:20)
	at java_programs.FIND_IN_SORTED.binsearch(FIND_IN_SORTED.java:20)
	at java_programs.FIND_IN_SORTED.binsearch(FIND_IN_SORTED.java:20)
	at java_programs.FIND_IN_SORTED.binsearch(FIND_IN_SORTED.java:20)
	at java_programs.FIND_IN_SORTED.binsearch(FIND_IN_SORTED.java:20)
	at java_programs.FIND_IN_SORTED.binsearch(FIND_IN_SORTED.java:20)
	at java_programs.FIND_IN_SORTED.binsearch(FIND_IN_SORTED.java:20)
	at java_programs.FIND_IN_SORTED.binsearch(FIND_IN_SORTED.java:20)
	at java_programs.FIND_IN_SORTED.binsearch(FIND_IN_SORTED.java:20)
	at java_programs.FIND_IN_SORTED.binsearch(FIND_IN_SORTED.java:20)
	at java_programs.FIND_IN_SORTED.binsearch(FIND_IN_SORTED.java:20)
	at java_programs.FIND_IN_SORTED.binsearch(FIND_IN_SORTED.java:20)
	at java_programs.FIND_IN_SORTED.binsearch(FIND_IN_SORTED.java:20)
	at java_programs.FIND_IN_SORTED.binsearch(FIND_IN_SORTED.java:20)
	at java_programs.FIND_IN_SORTED.binsearch(FIND_IN_SORTED.java:20)
	at java_programs.FIND_IN_SORTED.binsearch(FIND_IN_SORTED.java:20)
	at java_programs.FIND_IN_SORTED.binsearch(FIND_IN_SORTED.java:20)
	at java_programs.FIND_IN_SORTED.binsearch(FIND_IN_SORTED.java:20)
	at java_programs.FIND_IN_SORTED.binsearch(FIND_IN_SORTED.java:20)
	at java_programs.FIND_IN_SORTED.binsearch(FIND_IN_SORTED.java:20)
	at java_programs.FIND_IN_SORTED.binsearch(FIND_IN_SORTED.java:20)
	at java_programs.FIND_IN_SORTED.binsearch(FIND_IN_SORTED.java:20)
	at java_programs.FIND_IN_SORTED.binsearch(FIND_IN_SORTED.java:20)
	at java_programs.FIND_IN_SORTED.binsearch(FIND_IN_SORTED.java:20)
	at java_programs.FIND_IN_SORTED.binsearch(FIND_IN_SORTED.java:20)
	at java_programs.FIND_IN_SORTED.binsearch(FIND_IN_SORTED.java:20)
	at java_programs.FIND_IN_SORTED.binsearch(FIND_IN_SORTED.java:20)
	at java_programs.FIND_IN_SORTED.binsearch(FIND_IN_SORTED.java:20)
	at java_programs.FIND_IN_SORTED.binsearch(FIND_IN_SORTED.java:20)
	at java_programs.FIND_IN_SORTED.binsearch(FIND_IN_SORTED.java:20)
	at java_programs.FIND_IN_SORTED.binsearch(FIND_IN_SORTED.java:20)
	at java_programs.FIND_IN_SORTED.binsearch(FIND_IN_SORTED.java:20)
	at java_programs.FIND_IN_SORTED.binsearch(FIND_IN_SORTED.java:20)
	at java_programs.FIND_IN_SORTED.binsearch(FIND_IN_SORTED.java:20)
	at java_programs.FIND_IN_SORTED.binsearch(FIND_IN_SORTED.java:20)
	at java_programs.FIND_IN_SORTED.binsearch(FIND_IN_SORTED.java:20)
	at java_programs.FIND_IN_SORTED.binsearch(FIND_IN_SORTED.java:20)
	at java_programs.FIND_IN_SORTED.binsearch(FIND_IN_SORTED.java:20)
	at java_programs.FIND_IN_SORTED.binsearch(FIND_IN_SORTED.java:20)
	at java_programs.FIND_IN_SORTED.binsearch(FIND_IN_SORTED.java:20)
	at java_programs.FIND_IN_SORTED.binsearch(FIND_IN_SORTED.java:20)
	at java_programs.FIND_IN_SORTED.binsearch(FIND_IN_SORTED.java:20)
	at java_programs.FIND_IN_SORTED.binsearch(FIND_IN_SORTED.java:20)
	at java_programs.FIND_IN_SORTED.binsearch(FIND_IN_SORTED.java:20)
	at java_programs.FIND_IN_SORTED.binsearch(FIND_IN_SORTED.java:20)
	at java_programs.FIND_IN_SORTED.binsearch(FIND_IN_SORTED.java:20)
	at java_programs.FIND_IN_SORTED.binsearch(FIND_IN_SORTED.java:20)
	at java_programs.FIND_IN_SORTED.binsearch(FIND_IN_SORTED.java:20)
	at java_programs.FIND_IN_SORTED.binsearch(FIND_IN_SORTED.java:20)
	at java_programs.FIND_IN_SORTED.binsearch(FIND_IN_SORTED.java:20)
	at java_programs.FIND_IN_SORTED.binsearch(FIND_IN_SORTED.java:20)
	at java_programs.FIND_IN_SORTED.binsearch(FIND_IN_SORTED.java:20)
	at java_programs.FIND_IN_SORTED.binsearch(FIND_IN_SORTED.java:20)
	at java_programs.FIND_IN_SORTED.binsearch(FIND_IN_SORTED.java:20)
	at java_programs.FIND_IN_SORTED.binsearch(FIND_IN_SORTED.java:20)
	at java_programs.FIND_IN_SORTED.binsearch(FIND_IN_SORTED.java:20)
	at java_programs.FIND_IN_SORTED.binsearch(FIND_IN_SORTED.java:20)
	at java_programs.FIND_IN_SORTED.binsearch(FIND_IN_SORTED.java:20)
	at java_programs.FIND_IN_SORTED.binsearch(FIND_IN_SORTED.java:20)
	at java_programs.FIND_IN_SORTED.binsearch(FIND_IN_SORTED.java:20)
	at java_programs.FIND_IN_SORTED.binsearch(FIND_IN_SORTED.java:20)
	at java_programs.FIND_IN_SORTED.binsearch(FIND_IN_SORTED.java:20)
	at java_programs.FIND_IN_SORTED.binsearch(FIND_IN_SORTED.java:20)
	at java_programs.FIND_IN_SORTED.binsearch(FIND_IN_SORTED.java:20)
	at java_programs.FIND_IN_SORTED.binsearch(FIND_IN_SORTED.java:20)
	at java_programs.FIND_IN_SORTED.binsearch(FIND_IN_SORTED.java:20)
	at java_programs.FIND_IN_SORTED.binsearch(FIND_IN_SORTED.java:20)
	at java_programs.FIND_IN_SORTED.binsearch(FIND_IN_SORTED.java:20)
	at java_programs.FIND_IN_SORTED.binsearch(FIND_IN_SORTED.java:20)
	at java_programs.FIND_IN_SORTED.binsearch(FIND_IN_SORTED.java:20)
	at java_programs.FIND_IN_SORTED.binsearch(FIND_IN_SORTED.java:20)
	at java_programs.FIND_IN_SORTED.binsearch(FIND_IN_SORTED.java:20)
	at java_programs.FIND_IN_SORTED.binsearch(FIND_IN_SORTED.java:20)
	at java_programs.FIND_IN_SORTED.binsearch(FIND_IN_SORTED.java:20)
	at java_programs.FIND_IN_SORTED.binsearch(FIND_IN_SORTED.java:20)
	at java_programs.FIND_IN_SORTED.binsearch(FIND_IN_SORTED.java:20)
	at java_programs.FIND_IN_SORTED.binsearch(FIND_IN_SORTED.java:20)
	at java_programs.FIND_IN_SORTED.binsearch(FIND_IN_SORTED.java:20)
	at java_programs.FIND_IN_SORTED.binsearch(FIND_IN_SORTED.java:20)
	at java_programs.FIND_IN_SORTED.binsearch(FIND_IN_SORTED.java:20)
	at java_programs.FIND_IN_SORTED.binsearch(FIND_IN_SORTED.java:20)
	at java_programs.FIND_IN_SORTED.binsearch(FIND_IN_SORTED.java:20)
	at java_programs.FIND_IN_SORTED.binsearch(FIND_IN_SORTED.java:20)
	at java_programs.FIND_IN_SORTED.binsearch(FIND_IN_SORTED.java:20)
	at java_programs.FIND_IN_SORTED.binsearch(FIND_IN_SORTED.java:20)
	at java_programs.FIND_IN_SORTED.binsearch(FIND_IN_SORTED.java:20)
	at java_programs.FIND_IN_SORTED.binsearch(FIND_IN_SORTED.java:20)
	at java_programs.FIND_IN_SORTED.binsearch(FIND_IN_SORTED.java:20)
	at java_programs.FIND_IN_SORTED.binsearch(FIND_IN_SORTED.java:20)
	at java_programs.FIND_IN_SORTED.binsearch(FIND_IN_SORTED.java:20)
	at java_programs.FIND_IN_SORTED.binsearch(FIND_IN_SORTED.java:20)
	at java_programs.FIND_IN_SORTED.binsearch(FIND_IN_SORTED.java:20)
	at java_programs.FIND_IN_SORTED.binsearch(FIND_IN_SORTED.java:20)
	at java_programs.FIND_IN_SORTED.binsearch(FIND_IN_SORTED.java:20)
	at java_programs.FIND_IN_SORTED.binsearch(FIND_IN_SORTED.java:20)
	at java_programs.FIND_IN_SORTED.binsearch(FIND_IN_SORTED.java:20)
	at java_programs.FIND_IN_SORTED.binsearch(FIND_IN_SORTED.java:20)
	at java_programs.FIND_IN_SORTED.binsearch(FIND_IN_SORTED.java:20)
	at java_programs.FIND_IN_SORTED.binsearch(FIND_IN_SORTED.java:20)
	at java_programs.FIND_IN_SORTED.binsearch(FIND_IN_SORTED.java:20)
	at java_programs.FIND_IN_SORTED.binsearch(FIND_IN_SORTED.java:20)
	at java_programs.FIND_IN_SORTED.binsearch(FIND_IN_SORTED.java:20)
	at java_programs.FIND_IN_SORTED.binsearch(FIND_IN_SORTED.java:20)
	at java_programs.FIND_IN_SORTED.binsearch(FIND_IN_SORTED.java:20)
	at java_programs.FIND_IN_SORTED.binsearch(FIND_IN_SORTED.java:20)
	at java_programs.FIND_IN_SORTED.binsearch(FIND_IN_SORTED.java:20)
	at java_programs.FIND_IN_SORTED.binsearch(FIND_IN_SORTED.java:20)
	at java_programs.FIND_IN_SORTED.binsearch(FIND_IN_SORTED.java:20)
	at java_programs.FIND_IN_SORTED.binsearch(FIND_IN_SORTED.java:20)
	at java_programs.FIND_IN_SORTED.binsearch(FIND_IN_SORTED.java:20)
	at java_programs.FIND_IN_SORTED.binsearch(FIND_IN_SORTED.java:20)
	at java_programs.FIND_IN_SORTED.binsearch(FIND_IN_SORTED.java:20)
	at java_programs.FIND_IN_SORTED.binsearch(FIND_IN_SORTED.java:20)
	at java_programs.FIND_IN_SORTED.binsearch(FIND_IN_SORTED.java:20)
	at java_programs.FIND_IN_SORTED.binsearch(FIND_IN_SORTED.java:20)
	at java_programs.FIND_IN_SORTED.binsearch(FIND_IN_SORTED.java:20)
	at java_programs.FIND_IN_SORTED.binsearch(FIND_IN_SORTED.java:20)
	at java_programs.FIND_IN_SORTED.binsearch(FIND_IN_SORTED.java:20)
	at java_programs.FIND_IN_SORTED.binsearch(FIND_IN_SORTED.java:20)
	at java_programs.FIND_IN_SORTED.binsearch(FIND_IN_SORTED.java:20)
	at java_programs.FIND_IN_SORTED.binsearch(FIND_IN_SORTED.java:20)
	at java_programs.FIND_IN_SORTED.binsearch(FIND_IN_SORTED.java:20)
	at java_programs.FIND_IN_SORTED.binsearch(FIND_IN_SORTED.java:20)
	at java_programs.FIND_IN_SORTED.binsearch(FIND_IN_SORTED.java:20)
	at java_programs.FIND_IN_SORTED.binsearch(FIND_IN_SORTED.java:20)
	at java_programs.FIND_IN_SORTED.binsearch(FIND_IN_SORTED.java:20)
	at java_programs.FIND_IN_SORTED.binsearch(FIND_IN_SORTED.java:20)
	at java_programs.FIND_IN_SORTED.binsearch(FIND_IN_SORTED.java:20)
	at java_programs.FIND_IN_SORTED.binsearch(FIND_IN_SORTED.java:20)
	at java_programs.FIND_IN_SORTED.binsearch(FIND_IN_SORTED.java:20)
	at java_programs.FIND_IN_SORTED.binsearch(FIND_IN_SORTED.java:20)
	at java_programs.FIND_IN_SORTED.binsearch(FIND_IN_SORTED.java:20)
	at java_programs.FIND_IN_SORTED.binsearch(FIND_IN_SORTED.java:20)
	at java_programs.FIND_IN_SORTED.binsearch(FIND_IN_SORTED.java:20)
	at java_programs.FIND_IN_SORTED.binsearch(FIND_IN_SORTED.java:20)
	at java_programs.FIND_IN_SORTED.binsearch(FIND_IN_SORTED.java:20)
	at java_programs.FIND_IN_SORTED.binsearch(FIND_IN_SORTED.java:20)
	at java_programs.FIND_IN_SORTED.binsearch(FIND_IN_SORTED.java:20)
	at java_programs.FIND_IN_SORTED.binsearch(FIND_IN_SORTED.java:20)
	at java_programs.FIND_IN_SORTED.binsearch(FIND_IN_SORTED.java:20)
	at java_programs.FIND_IN_SORTED.binsearch(FIND_IN_SORTED.java:20)
	at java_programs.FIND_IN_SORTED.binsearch(FIND_IN_SORTED.java:20)
	at java_programs.FIND_IN_SORTED.binsearch(FIND_IN_SORTED.java:20)
	at java_programs.FIND_IN_SORTED.binsearch(FIND_IN_SORTED.java:20)
	at java_programs.FIND_IN_SORTED.binsearch(FIND_IN_SORTED.java:20)
	at java_programs.FIND_IN_SORTED.binsearch(FIND_IN_SORTED.java:20)
	at java_programs.FIND_IN_SORTED.binsearch(FIND_IN_SORTED.java:20)
	at java_programs.FIND_IN_SORTED.binsearch(FIND_IN_SORTED.java:20)
	at java_programs.FIND_IN_SORTED.binsearch(FIND_IN_SORTED.java:20)
	at java_programs.FIND_IN_SORTED.binsearch(FIND_IN_SORTED.java:20)
	at java_programs.FIND_IN_SORTED.binsearch(FIND_IN_SORTED.java:20)
	at java_programs.FIND_IN_SORTED.binsearch(FIND_IN_SORTED.java:20)
	at java_programs.FIND_IN_SORTED.binsearch(FIND_IN_SORTED.java:20)
	at java_programs.FIND_IN_SORTED.binsearch(FIND_IN_SORTED.java:20)
	at java_programs.FIND_IN_SORTED.binsearch(FIND_IN_SORTED.java:20)
	at java_programs.FIND_IN_SORTED.binsearch(FIND_IN_SORTED.java:20)
	at java_programs.FIND_IN_SORTED.binsearch(FIND_IN_SORTED.java:20)
	at java_programs.FIND_IN_SORTED.binsearch(FIND_IN_SORTED.java:20)
	at java_programs.FIND_IN_SORTED.binsearch(FIND_IN_SORTED.java:20)
	at java_programs.FIND_IN_SORTED.binsearch(FIND_IN_SORTED.java:20)
	at java_programs.FIND_IN_SORTED.binsearch(FIND_IN_SORTED.java:20)
	at java_programs.FIND_IN_SORTED.binsearch(FIND_IN_SORTED.java:20)
	at java_programs.FIND_IN_SORTED.binsearch(FIND_IN_SORTED.java:20)
	at java_programs.FIND_IN_SORTED.binsearch(FIND_IN_SORTED.java:20)
	at java_programs.FIND_IN_SORTED.binsearch(FIND_IN_SORTED.java:20)
	at java_programs.FIND_IN_SORTED.binsearch(FIND_IN_SORTED.java:20)
	at java_programs.FIND_IN_SORTED.binsearch(FIND_IN_SORTED.java:20)
	at java_programs.FIND_IN_SORTED.binsearch(FIND_IN_SORTED.java:20)
	at java_programs.FIND_IN_SORTED.binsearch(FIND_IN_SORTED.java:20)
	at java_programs.FIND_IN_SORTED.binsearch(FIND_IN_SORTED.java:20)
	at java_programs.FIND_IN_SORTED.binsearch(FIND_IN_SORTED.java:20)
	at java_programs.FIND_IN_SORTED.binsearch(FIND_IN_SORTED.java:20)
	at java_programs.FIND_IN_SORTED.binsearch(FIND_IN_SORTED.java:20)
	at java_programs.FIND_IN_SORTED.binsearch(FIND_IN_SORTED.java:20)
	at java_programs.FIND_IN_SORTED.binsearch(FIND_IN_SORTED.java:20)
	at java_programs.FIND_IN_SORTED.binsearch(FIND_IN_SORTED.java:20)
	at java_programs.FIND_IN_SORTED.binsearch(FIND_IN_SORTED.java:20)
	at java_programs.FIND_IN_SORTED.binsearch(FIND_IN_SORTED.java:20)
	at java_programs.FIND_IN_SORTED.binsearch(FIND_IN_SORTED.java:20)
	at java_programs.FIND_IN_SORTED.binsearch(FIND_IN_SORTED.java:20)
	at java_programs.FIND_IN_SORTED.binsearch(FIND_IN_SORTED.java:20)
	at java_programs.FIND_IN_SORTED.binsearch(FIND_IN_SORTED.java:20)
	at java_programs.FIND_IN_SORTED.binsearch(FIND_IN_SORTED.java:20)
	at java_programs.FIND_IN_SORTED.binsearch(FIND_IN_SORTED.java:20)
	at java_programs.FIND_IN_SORTED.binsearch(FIND_IN_SORTED.java:20)
	at java_programs.FIND_IN_SORTED.binsearch(FIND_IN_SORTED.java:20)
	at java_programs.FIND_IN_SORTED.binsearch(FIND_IN_SORTED.java:20)
	at java_programs.FIND_IN_SORTED.binsearch(FIND_IN_SORTED.java:20)
	at java_programs.FIND_IN_SORTED.binsearch(FIND_IN_SORTED.java:20)
	at java_programs.FIND_IN_SORTED.binsearch(FIND_IN_SORTED.java:20)
	at java_programs.FIND_IN_SORTED.binsearch(FIND_IN_SORTED.java:20)
	at java_programs.FIND_IN_SORTED.binsearch(FIND_IN_SORTED.java:20)
	at java_programs.FIND_IN_SORTED.binsearch(FIND_IN_SORTED.java:20)
	at java_programs.FIND_IN_SORTED.binsearch(FIND_IN_SORTED.java:20)
	at java_programs.FIND_IN_SORTED.binsearch(FIND_IN_SORTED.java:20)
	at java_programs.FIND_IN_SORTED.binsearch(FIND_IN_SORTED.java:20)
	at java_programs.FIND_IN_SORTED.binsearch(FIND_IN_SORTED.java:20)
	at java_programs.FIND_IN_SORTED.binsearch(FIND_IN_SORTED.java:20)
	at java_programs.FIND_IN_SORTED.binsearch(FIND_IN_SORTED.java:20)
	at java_programs.FIND_IN_SORTED.binsearch(FIND_IN_SORTED.java:20)
	at java_programs.FIND_IN_SORTED.binsearch(FIND_IN_SORTED.java:20)
	at java_programs.FIND_IN_SORTED.binsearch(FIND_IN_SORTED.java:20)
	at java_programs.FIND_IN_SORTED.binsearch(FIND_IN_SORTED.java:20)
	at java_programs.FIND_IN_SORTED.binsearch(FIND_IN_SORTED.java:20)
	at java_programs.FIND_IN_SORTED.binsearch(FIND_IN_SORTED.java:20)
	at java_programs.FIND_IN_SORTED.binsearch(FIND_IN_SORTED.java:20)
	at java_programs.FIND_IN_SORTED.binsearch(FIND_IN_SORTED.java:20)
	at java_programs.FIND_IN_SORTED.binsearch(FIND_IN_SORTED.java:20)
	at java_programs.FIND_IN_SORTED.binsearch(FIND_IN_SORTED.java:20)
	at java_programs.FIND_IN_SORTED.binsearch(FIND_IN_SORTED.java:20)
	at java_programs.FIND_IN_SORTED.binsearch(FIND_IN_SORTED.java:20)
	at java_programs.FIND_IN_SORTED.binsearch(FIND_IN_SORTED.java:20)
	at java_programs.FIND_IN_SORTED.binsearch(FIND_IN_SORTED.java:20)
	at java_programs.FIND_IN_SORTED.binsearch(FIND_IN_SORTED.java:20)
	at java_programs.FIND_IN_SORTED.binsearch(FIND_IN_SORTED.java:20)
	at java_programs.FIND_IN_SORTED.binsearch(FIND_IN_SORTED.java:20)
	at java_programs.FIND_IN_SORTED.binsearch(FIND_IN_SORTED.java:20)
	at java_programs.FIND_IN_SORTED.binsearch(FIND_IN_SORTED.java:20)
	at java_programs.FIND_IN_SORTED.binsearch(FIND_IN_SORTED.java:20)
	at java_programs.FIND_IN_SORTED.binsearch(FIND_IN_SORTED.java:20)
	at java_programs.FIND_IN_SORTED.binsearch(FIND_IN_SORTED.java:20)
	at java_programs.FIND_IN_SORTED.binsearch(FIND_IN_SORTED.java:20)
	at java_programs.FIND_IN_SORTED.binsearch(FIND_IN_SORTED.java:20)
	at java_programs.FIND_IN_SORTED.binsearch(FIND_IN_SORTED.java:20)
	at java_programs.FIND_IN_SORTED.binsearch(FIND_IN_SORTED.java:20)
	at java_programs.FIND_IN_SORTED.binsearch(FIND_IN_SORTED.java:20)
	at java_programs.FIND_IN_SORTED.binsearch(FIND_IN_SORTED.java:20)
	at java_programs.FIND_IN_SORTED.binsearch(FIND_IN_SORTED.java:20)
	at java_programs.FIND_IN_SORTED.binsearch(FIND_IN_SORTED.java:20)
	at java_programs.FIND_IN_SORTED.binsearch(FIND_IN_SORTED.java:20)
	at java_programs.FIND_IN_SORTED.binsearch(FIND_IN_SORTED.java:20)
	at java_programs.FIND_IN_SORTED.binsearch(FIND_IN_SORTED.java:20)
	at java_programs.FIND_IN_SORTED.binsearch(FIND_IN_SORTED.java:20)
	at java_programs.FIND_IN_SORTED.binsearch(FIND_IN_SORTED.java:20)
	at java_programs.FIND_IN_SORTED.binsearch(FIND_IN_SORTED.java:20)
	at java_programs.FIND_IN_SORTED.binsearch(FIND_IN_SORTED.java:20)
	at java_programs.FIND_IN_SORTED.binsearch(FIND_IN_SORTED.java:20)
	at java_programs.FIND_IN_SORTED.binsearch(FIND_IN_SORTED.java:20)
	at java_programs.FIND_IN_SORTED.binsearch(FIND_IN_SORTED.java:20)
	at java_programs.FIND_IN_SORTED.binsearch(FIND_IN_SORTED.java:20)
	at java_programs.FIND_IN_SORTED.binsearch(FIND_IN_SORTED.java:20)
	at java_programs.FIND_IN_SORTED.binsearch(FIND_IN_SORTED.java:20)
	at java_programs.FIND_IN_SORTED.binsearch(FIND_IN_SORTED.java:20)
	at java_programs.FIND_IN_SORTED.binsearch(FIND_IN_SORTED.java:20)
	at java_programs.FIND_IN_SORTED.binsearch(FIND_IN_SORTED.java:20)
	at java_programs.FIND_IN_SORTED.binsearch(FIND_IN_SORTED.java:20)
	at java_programs.FIND_IN_SORTED.binsearch(FIND_IN_SORTED.java:20)
	at java_programs.FIND_IN_SORTED.binsearch(FIND_IN_SORTED.java:20)
	at java_programs.FIND_IN_SORTED.binsearch(FIND_IN_SORTED.java:20)
	at java_programs.FIND_IN_SORTED.binsearch(FIND_IN_SORTED.java:20)
	at java_programs.FIND_IN_SORTED.binsearch(FIND_IN_SORTED.java:20)
	at java_programs.FIND_IN_SORTED.binsearch(FIND_IN_SORTED.java:20)
	at java_programs.FIND_IN_SORTED.binsearch(FIND_IN_SORTED.java:20)
	at java_programs.FIND_IN_SORTED.binsearch(FIND_IN_SORTED.java:20)
	at java_programs.FIND_IN_SORTED.binsearch(FIND_IN_SORTED.java:20)
	at java_programs.FIND_IN_SORTED.binsearch(FIND_IN_SORTED.java:20)
	at java_programs.FIND_IN_SORTED.binsearch(FIND_IN_SORTED.java:20)
	at java_programs.FIND_IN_SORTED.binsearch(FIND_IN_SORTED.java:20)
	at java_programs.FIND_IN_SORTED.binsearch(FIND_IN_SORTED.java:20)
	at java_programs.FIND_IN_SORTED.binsearch(FIND_IN_SORTED.java:20)
	at java_programs.FIND_IN_SORTED.binsearch(FIND_IN_SORTED.java:20)
	at java_programs.FIND_IN_SORTED.binsearch(FIND_IN_SORTED.java:20)
	at java_programs.FIND_IN_SORTED.binsearch(FIND_IN_SORTED.java:20)
	at java_programs.FIND_IN_SORTED.binsearch(FIND_IN_SORTED.java:20)
	at java_programs.FIND_IN_SORTED.binsearch(FIND_IN_SORTED.java:20)
	at java_programs.FIND_IN_SORTED.binsearch(FIND_IN_SORTED.java:20)
	at java_programs.FIND_IN_SORTED.binsearch(FIND_IN_SORTED.java:20)
	at java_programs.FIND_IN_SORTED.binsearch(FIND_IN_SORTED.java:20)
	at java_programs.FIND_IN_SORTED.binsearch(FIND_IN_SORTED.java:20)
	at java_programs.FIND_IN_SORTED.binsearch(FIND_IN_SORTED.java:20)
	at java_programs.FIND_IN_SORTED.binsearch(FIND_IN_SORTED.java:20)
	at java_programs.FIND_IN_SORTED.binsearch(FIND_IN_SORTED.java:20)
	at java_programs.FIND_IN_SORTED.binsearch(FIND_IN_SORTED.java:20)
	at java_programs.FIND_IN_SORTED.binsearch(FIND_IN_SORTED.java:20)
	at java_programs.FIND_IN_SORTED.binsearch(FIND_IN_SORTED.java:20)
	at java_programs.FIND_IN_SORTED.binsearch(FIND_IN_SORTED.java:20)
	at java_programs.FIND_IN_SORTED.binsearch(FIND_IN_SORTED.java:20)
	at java_programs.FIND_IN_SORTED.binsearch(FIND_IN_SORTED.java:20)
	at java_programs.FIND_IN_SORTED.binsearch(FIND_IN_SORTED.java:20)
	at java_programs.FIND_IN_SORTED.binsearch(FIND_IN_SORTED.java:20)
	at java_programs.FIND_IN_SORTED.binsearch(FIND_IN_SORTED.java:20)
	at java_programs.FIND_IN_SORTED.binsearch(FIND_IN_SORTED.java:20)
	at java_programs.FIND_IN_SORTED.binsearch(FIND_IN_SORTED.java:20)
	at java_programs.FIND_IN_SORTED.binsearch(FIND_IN_SORTED.java:20)
	at java_programs.FIND_IN_SORTED.binsearch(FIND_IN_SORTED.java:20)
	at java_programs.FIND_IN_SORTED.binsearch(FIND_IN_SORTED.java:20)
	at java_programs.FIND_IN_SORTED.binsearch(FIND_IN_SORTED.java:20)
	at java_programs.FIND_IN_SORTED.binsearch(FIND_IN_SORTED.java:20)
	at java_programs.FIND_IN_SORTED.binsearch(FIND_IN_SORTED.java:20)
	at java_programs.FIND_IN_SORTED.binsearch(FIND_IN_SORTED.java:20)
	at java_programs.FIND_IN_SORTED.binsearch(FIND_IN_SORTED.java:20)
	at java_programs.FIND_IN_SORTED.binsearch(FIND_IN_SORTED.java:20)
	at java_programs.FIND_IN_SORTED.binsearch(FIND_IN_SORTED.java:20)
	at java_programs.FIND_IN_SORTED.binsearch(FIND_IN_SORTED.java:20)
	at java_programs.FIND_IN_SORTED.binsearch(FIND_IN_SORTED.java:20)
	at java_programs.FIND_IN_SORTED.binsearch(FIND_IN_SORTED.java:20)
	at java_programs.FIND_IN_SORTED.binsearch(FIND_IN_SORTED.java:20)
	at java_programs.FIND_IN_SORTED.binsearch(FIND_IN_SORTED.java:20)
	at java_programs.FIND_IN_SORTED.binsearch(FIND_IN_SORTED.java:20)
	at java_programs.FIND_IN_SORTED.binsearch(FIND_IN_SORTED.java:20)
	at java_programs.FIND_IN_SORTED.binsearch(FIND_IN_SORTED.java:20)
	at java_programs.FIND_IN_SORTED.binsearch(FIND_IN_SORTED.java:20)
	at java_programs.FIND_IN_SORTED.binsearch(FIND_IN_SORTED.java:20)
	at java_programs.FIND_IN_SORTED.binsearch(FIND_IN_SORTED.java:20)
	at java_programs.FIND_IN_SORTED.binsearch(FIND_IN_SORTED.java:20)
	at java_programs.FIND_IN_SORTED.binsearch(FIND_IN_SORTED.java:20)
	at java_programs.FIND_IN_SORTED.binsearch(FIND_IN_SORTED.java:20)
	at java_programs.FIND_IN_SORTED.binsearch(FIND_IN_SORTED.java:20)
	at java_programs.FIND_IN_SORTED.binsearch(FIND_IN_SORTED.java:20)
	at java_programs.FIND_IN_SORTED.binsearch(FIND_IN_SORTED.java:20)
	at java_programs.FIND_IN_SORTED.binsearch(FIND_IN_SORTED.java:20)
	at java_programs.FIND_IN_SORTED.binsearch(FIND_IN_SORTED.java:20)
	at java_programs.FIND_IN_SORTED.binsearch(FIND_IN_SORTED.java:20)
	at java_programs.FIND_IN_SORTED.binsearch(FIND_IN_SORTED.java:20)
	at java_programs.FIND_IN_SORTED.binsearch(FIND_IN_SORTED.java:20)
	at java_programs.FIND_IN_SORTED.binsearch(FIND_IN_SORTED.java:20)
	at java_programs.FIND_IN_SORTED.binsearch(FIND_IN_SORTED.java:20)
	at java_programs.FIND_IN_SORTED.binsearch(FIND_IN_SORTED.java:20)
	at java_programs.FIND_IN_SORTED.binsearch(FIND_IN_SORTED.java:20)
	at java_programs.FIND_IN_SORTED.binsearch(FIND_IN_SORTED.java:20)
	at java_programs.FIND_IN_SORTED.binsearch(FIND_IN_SORTED.java:20)
	at java_programs.FIND_IN_SORTED.binsearch(FIND_IN_SORTED.java:20)
	at java_programs.FIND_IN_SORTED.binsearch(FIND_IN_SORTED.java:20)
	at java_programs.FIND_IN_SORTED.binsearch(FIND_IN_SORTED.java:20)
	at java_programs.FIND_IN_SORTED.binsearch(FIND_IN_SORTED.java:20)
	at java_programs.FIND_IN_SORTED.binsearch(FIND_IN_SORTED.java:20)
	at java_programs.FIND_IN_SORTED.binsearch(FIND_IN_SORTED.java:20)
	at java_programs.FIND_IN_SORTED.binsearch(FIND_IN_SORTED.java:20)
	at java_programs.FIND_IN_SORTED.binsearch(FIND_IN_SORTED.java:20)
	at java_programs.FIND_IN_SORTED.binsearch(FIND_IN_SORTED.java:20)
	at java_programs.FIND_IN_SORTED.binsearch(FIND_IN_SORTED.java:20)
	at java_programs.FIND_IN_SORTED.binsearch(FIND_IN_SORTED.java:20)
	at java_programs.FIND_IN_SORTED.binsearch(FIND_IN_SORTED.java:20)
	at java_programs.FIND_IN_SORTED.binsearch(FIND_IN_SORTED.java:20)
	at java_programs.FIND_IN_SORTED.binsearch(FIND_IN_SORTED.java:20)
	at java_programs.FIND_IN_SORTED.binsearch(FIND_IN_SORTED.java:20)
	at java_programs.FIND_IN_SORTED.binsearch(FIND_IN_SORTED.java:20)
	at java_programs.FIND_IN_SORTED.binsearch(FIND_IN_SORTED.java:20)
	at java_programs.FIND_IN_SORTED.binsearch(FIND_IN_SORTED.java:20)
	at java_programs.FIND_IN_SORTED.binsearch(FIND_IN_SORTED.java:20)
	at java_programs.FIND_IN_SORTED.binsearch(FIND_IN_SORTED.java:20)
	at java_programs.FIND_IN_SORTED.binsearch(FIND_IN_SORTED.java:20)
	at java_programs.FIND_IN_SORTED.binsearch(FIND_IN_SORTED.java:20)
	at java_programs.FIND_IN_SORTED.binsearch(FIND_IN_SORTED.java:20)
	at java_programs.FIND_IN_SORTED.binsearch(FIND_IN_SORTED.java:20)
	at java_programs.FIND_IN_SORTED.binsearch(FIND_IN_SORTED.java:20)
	at java_programs.FIND_IN_SORTED.binsearch(FIND_IN_SORTED.java:20)
	at java_programs.FIND_IN_SORTED.binsearch(FIND_IN_SORTED.java:20)
	at java_programs.FIND_IN_SORTED.binsearch(FIND_IN_SORTED.java:20)
	at java_programs.FIND_IN_SORTED.binsearch(FIND_IN_SORTED.java:20)
	at java_programs.FIND_IN_SORTED.binsearch(FIND_IN_SORTED.java:20)
	at java_programs.FIND_IN_SORTED.binsearch(FIND_IN_SORTED.java:20)
	at java_programs.FIND_IN_SORTED.binsearch(FIND_IN_SORTED.java:20)
	at java_programs.FIND_IN_SORTED.binsearch(FIND_IN_SORTED.java:20)
	at java_programs.FIND_IN_SORTED.binsearch(FIND_IN_SORTED.java:20)
	at java_programs.FIND_IN_SORTED.binsearch(FIND_IN_SORTED.java:20)
	at java_programs.FIND_IN_SORTED.binsearch(FIND_IN_SORTED.java:20)
	at java_programs.FIND_IN_SORTED.binsearch(FIND_IN_SORTED.java:20)
	at java_programs.FIND_IN_SORTED.binsearch(FIND_IN_SORTED.java:20)
	at java_programs.FIND_IN_SORTED.binsearch(FIND_IN_SORTED.java:20)
	at java_programs.FIND_IN_SORTED.binsearch(FIND_IN_SORTED.java:20)
	at java_programs.FIND_IN_SORTED.binsearch(FIND_IN_SORTED.java:20)
	at java_programs.FIND_IN_SORTED.binsearch(FIND_IN_SORTED.java:20)
	at java_programs.FIND_IN_SORTED.binsearch(FIND_IN_SORTED.java:20)
	at java_programs.FIND_IN_SORTED.binsearch(FIND_IN_SORTED.java:20)
	at java_programs.FIND_IN_SORTED.binsearch(FIND_IN_SORTED.java:20)
	at java_programs.FIND_IN_SORTED.binsearch(FIND_IN_SORTED.java:20)
	at java_programs.FIND_IN_SORTED.binsearch(FIND_IN_SORTED.java:20)
	at java_programs.FIND_IN_SORTED.binsearch(FIND_IN_SORTED.java:20)
	at java_programs.FIND_IN_SORTED.binsearch(FIND_IN_SORTED.java:20)
	at java_programs.FIND_IN_SORTED.binsearch(FIND_IN_SORTED.java:20)
	at java_programs.FIND_IN_SORTED.binsearch(FIND_IN_SORTED.java:20)
	at java_programs.FIND_IN_SORTED.binsearch(FIND_IN_SORTED.java:20)
	at java_programs.FIND_IN_SORTED.binsearch(FIND_IN_SORTED.java:20)
	at java_programs.FIND_IN_SORTED.binsearch(FIND_IN_SORTED.java:20)
	at java_programs.FIND_IN_SORTED.binsearch(FIND_IN_SORTED.java:20)
	at java_programs.FIND_IN_SORTED.binsearch(FIND_IN_SORTED.java:20)
	at java_programs.FIND_IN_SORTED.binsearch(FIND_IN_SORTED.java:20)
	at java_programs.FIND_IN_SORTED.binsearch(FIND_IN_SORTED.java:20)
	at java_programs.FIND_IN_SORTED.binsearch(FIND_IN_SORTED.java:20)
	at java_programs.FIND_IN_SORTED.binsearch(FIND_IN_SORTED.java:20)
	at java_programs.FIND_IN_SORTED.binsearch(FIND_IN_SORTED.java:20)
	at java_programs.FIND_IN_SORTED.binsearch(FIND_IN_SORTED.java:20)
	at java_programs.FIND_IN_SORTED.binsearch(FIND_IN_SORTED.java:20)
	at java_programs.FIND_IN_SORTED.binsearch(FIND_IN_SORTED.java:20)
	at java_programs.FIND_IN_SORTED.binsearch(FIND_IN_SORTED.java:20)
	at java_programs.FIND_IN_SORTED.binsearch(FIND_IN_SORTED.java:20)
	at java_programs.FIND_IN_SORTED.binsearch(FIND_IN_SORTED.java:20)
	at java_programs.FIND_IN_SORTED.binsearch(FIND_IN_SORTED.java:20)
	at java_programs.FIND_IN_SORTED.binsearch(FIND_IN_SORTED.java:20)
	at java_programs.FIND_IN_SORTED.binsearch(FIND_IN_SORTED.java:20)
	at java_programs.FIND_IN_SORTED.binsearch(FIND_IN_SORTED.java:20)
	at java_programs.FIND_IN_SORTED.binsearch(FIND_IN_SORTED.java:20)
	at java_programs.FIND_IN_SORTED.binsearch(FIND_IN_SORTED.java:20)
	at java_programs.FIND_IN_SORTED.binsearch(FIND_IN_SORTED.java:20)
	at java_programs.FIND_IN_SORTED.binsearch(FIND_IN_SORTED.java:20)
	at java_programs.FIND_IN_SORTED.binsearch(FIND_IN_SORTED.java:20)
	at java_programs.FIND_IN_SORTED.binsearch(FIND_IN_SORTED.java:20)
	at java_programs.FIND_IN_SORTED.binsearch(FIND_IN_SORTED.java:20)
	at java_programs.FIND_IN_SORTED.binsearch(FIND_IN_SORTED.java:20)
	at java_programs.FIND_IN_SORTED.binsearch(FIND_IN_SORTED.java:20)
	at java_programs.FIND_IN_SORTED.binsearch(FIND_IN_SORTED.java:20)
	at java_programs.FIND_IN_SORTED.binsearch(FIND_IN_SORTED.java:20)
	at java_programs.FIND_IN_SORTED.binsearch(FIND_IN_SORTED.java:20)
	at java_programs.FIND_IN_SORTED.binsearch(FIND_IN_SORTED.java:20)
	at java_programs.FIND_IN_SORTED.binsearch(FIND_IN_SORTED.java:20)
	at java_programs.FIND_IN_SORTED.binsearch(FIND_IN_SORTED.java:20)
	at java_programs.FIND_IN_SORTED.binsearch(FIND_IN_SORTED.java:20)
	at java_programs.FIND_IN_SORTED.binsearch(FIND_IN_SORTED.java:20)
	at java_programs.FIND_IN_SORTED.binsearch(FIND_IN_SORTED.java:20)
	at java_programs.FIND_IN_SORTED.binsearch(FIND_IN_SORTED.java:20)
	at java_programs.FIND_IN_SORTED.binsearch(FIND_IN_SORTED.java:20)
	at java_programs.FIND_IN_SORTED.binsearch(FIND_IN_SORTED.java:20)
	at java_programs.FIND_IN_SORTED.binsearch(FIND_IN_SORTED.java:20)
	at java_programs.FIND_IN_SORTED.binsearch(FIND_IN_SORTED.java:20)
	at java_programs.FIND_IN_SORTED.binsearch(FIND_IN_SORTED.java:20)
	at java_programs.FIND_IN_SORTED.binsearch(FIND_IN_SORTED.java:20)
	at java_programs.FIND_IN_SORTED.binsearch(FIND_IN_SORTED.java:20)
	at java_programs.FIND_IN_SORTED.binsearch(FIND_IN_SORTED.java:20)
	at java_programs.FIND_IN_SORTED.binsearch(FIND_IN_SORTED.java:20)
	at java_programs.FIND_IN_SORTED.binsearch(FIND_IN_SORTED.java:20)
	at java_programs.FIND_IN_SORTED.binsearch(FIND_IN_SORTED.java:20)
	at java_programs.FIND_IN_SORTED.binsearch(FIND_IN_SORTED.java:20)
	at java_programs.FIND_IN_SORTED.binsearch(FIND_IN_SORTED.java:20)
	at java_programs.FIND_IN_SORTED.binsearch(FIND_IN_SORTED.java:20)
	at java_programs.FIND_IN_SORTED.binsearch(FIND_IN_SORTED.java:20)
	at java_programs.FIND_IN_SORTED.binsearch(FIND_IN_SORTED.java:20)
	at java_programs.FIND_IN_SORTED.binsearch(FIND_IN_SORTED.java:20)
	at java_programs.FIND_IN_SORTED.binsearch(FIND_IN_SORTED.java:20)
	at java_programs.FIND_IN_SORTED.binsearch(FIND_IN_SORTED.java:20)
	at java_programs.FIND_IN_SORTED.binsearch(FIND_IN_SORTED.java:20)
	at java_programs.FIND_IN_SORTED.binsearch(FIND_IN_SORTED.java:20)
	at java_programs.FIND_IN_SORTED.binsearch(FIND_IN_SORTED.java:20)
	at java_programs.FIND_IN_SORTED.binsearch(FIND_IN_SORTED.java:20)
	at java_programs.FIND_IN_SORTED.binsearch(FIND_IN_SORTED.java:20)
	at java_programs.FIND_IN_SORTED.binsearch(FIND_IN_SORTED.java:20)
	at java_programs.FIND_IN_SORTED.binsearch(FIND_IN_SORTED.java:20)
	at java_programs.FIND_IN_SORTED.binsearch(FIND_IN_SORTED.java:20)
	at java_programs.FIND_IN_SORTED.binsearch(FIND_IN_SORTED.java:20)
	at java_programs.FIND_IN_SORTED.binsearch(FIND_IN_SORTED.java:20)
	at java_programs.FIND_IN_SORTED.binsearch(FIND_IN_SORTED.java:20)
	at java_programs.FIND_IN_SORTED.binsearch(FIND_IN_SORTED.java:20)
	at java_programs.FIND_IN_SORTED.binsearch(FIND_IN_SORTED.java:20)
	at java_programs.FIND_IN_SORTED.binsearch(FIND_IN_SORTED.java:20)
	at java_programs.FIND_IN_SORTED.binsearch(FIND_IN_SORTED.java:20)
	at java_programs.FIND_IN_SORTED.binsearch(FIND_IN_SORTED.java:20)
	at java_programs.FIND_IN_SORTED.binsearch(FIND_IN_SORTED.java:20)
	at java_programs.FIND_IN_SORTED.binsearch(FIND_IN_SORTED.java:20)
	at java_programs.FIND_IN_SORTED.binsearch(FIND_IN_SORTED.java:20)
	at java_programs.FIND_IN_SORTED.binsearch(FIND_IN_SORTED.java:20)
	at java_programs.FIND_IN_SORTED.binsearch(FIND_IN_SORTED.java:20)
	at java_programs.FIND_IN_SORTED.binsearch(FIND_IN_SORTED.java:20)
	at java_programs.FIND_IN_SORTED.binsearch(FIND_IN_SORTED.java:20)
	at java_programs.FIND_IN_SORTED.binsearch(FIND_IN_SORTED.java:20)
	at java_programs.FIND_IN_SORTED.binsearch(FIND_IN_SORTED.java:20)
	at java_programs.FIND_IN_SORTED.binsearch(FIND_IN_SORTED.java:20)
	at java_programs.FIND_IN_SORTED.binsearch(FIND_IN_SORTED.java:20)
	at java_programs.FIND_IN_SORTED.binsearch(FIND_IN_SORTED.java:20)
	at java_programs.FIND_IN_SORTED.binsearch(FIND_IN_SORTED.java:20)
	at java_programs.FIND_IN_SORTED.binsearch(FIND_IN_SORTED.java:20)
	at java_programs.FIND_IN_SORTED.binsearch(FIND_IN_SORTED.java:20)
	at java_programs.FIND_IN_SORTED.binsearch(FIND_IN_SORTED.java:20)
	at java_programs.FIND_IN_SORTED.binsearch(FIND_IN_SORTED.java:20)
	at java_programs.FIND_IN_SORTED.binsearch(FIND_IN_SORTED.java:20)
	at java_programs.FIND_IN_SORTED.binsearch(FIND_IN_SORTED.java:20)
	at java_programs.FIND_IN_SORTED.binsearch(FIND_IN_SORTED.java:20)
	at java_programs.FIND_IN_SORTED.binsearch(FIND_IN_SORTED.java:20)
	at java_programs.FIND_IN_SORTED.binsearch(FIND_IN_SORTED.java:20)
	at java_programs.FIND_IN_SORTED.binsearch(FIND_IN_SORTED.java:20)
	at java_programs.FIND_IN_SORTED.binsearch(FIND_IN_SORTED.java:20)
	at java_programs.FIND_IN_SORTED.binsearch(FIND_IN_SORTED.java:20)
	at java_programs.FIND_IN_SORTED.binsearch(FIND_IN_SORTED.java:20)
	at java_programs.FIND_IN_SORTED.binsearch(FIND_IN_SORTED.java:20)
	at java_programs.FIND_IN_SORTED.binsearch(FIND_IN_SORTED.java:20)
	at java_programs.FIND_IN_SORTED.binsearch(FIND_IN_SORTED.java:20)
	at java_programs.FIND_IN_SORTED.binsearch(FIND_IN_SORTED.java:20)
	at java_programs.FIND_IN_SORTED.binsearch(FIND_IN_SORTED.java:20)
	at java_programs.FIND_IN_SORTED.binsearch(FIND_IN_SORTED.java:20)
	at java_programs.FIND_IN_SORTED.binsearch(FIND_IN_SORTED.java:20)
	at java_programs.FIND_IN_SORTED.binsearch(FIND_IN_SORTED.java:20)
	at java_programs.FIND_IN_SORTED.binsearch(FIND_IN_SORTED.java:20)
	at java_programs.FIND_IN_SORTED.binsearch(FIND_IN_SORTED.java:20)
	at java_programs.FIND_IN_SORTED.binsearch(FIND_IN_SORTED.java:20)
	at java_programs.FIND_IN_SORTED.binsearch(FIND_IN_SORTED.java:20)
	at java_programs.FIND_IN_SORTED.binsearch(FIND_IN_SORTED.java:20)
	at java_programs.FIND_IN_SORTED.binsearch(FIND_IN_SORTED.java:20)
	at java_programs.FIND_IN_SORTED.binsearch(FIND_IN_SORTED.java:20)
	at java_programs.FIND_IN_SORTED.binsearch(FIND_IN_SORTED.java:20)
	at java_programs.FIND_IN_SORTED.binsearch(FIND_IN_SORTED.java:20)
	at java_programs.FIND_IN_SORTED.binsearch(FIND_IN_SORTED.java:20)
	at java_programs.FIND_IN_SORTED.binsearch(FIND_IN_SORTED.java:20)
	at java_programs.FIND_IN_SORTED.binsearch(FIND_IN_SORTED.java:20)
	at java_programs.FIND_IN_SORTED.binsearch(FIND_IN_SORTED.java:20)
	at java_programs.FIND_IN_SORTED.binsearch(FIND_IN_SORTED.java:20)
	at java_programs.FIND_IN_SORTED.binsearch(FIND_IN_SORTED.java:20)
	at java_programs.FIND_IN_SORTED.binsearch(FIND_IN_SORTED.java:20)
	at java_programs.FIND_IN_SORTED.binsearch(FIND_IN_SORTED.java:20)
	at java_programs.FIND_IN_SORTED.binsearch(FIND_IN_SORTED.java:20)
	at java_programs.FIND_IN_SORTED.binsearch(FIND_IN_SORTED.java:20)
	at java_programs.FIND_IN_SORTED.binsearch(FIND_IN_SORTED.java:20)
	at java_programs.FIND_IN_SORTED.binsearch(FIND_IN_SORTED.java:20)
	at java_programs.FIND_IN_SORTED.binsearch(FIND_IN_SORTED.java:20)
	at java_programs.FIND_IN_SORTED.binsearch(FIND_IN_SORTED.java:20)
	at java_programs.FIND_IN_SORTED.binsearch(FIND_IN_SORTED.java:20)
	at java_programs.FIND_IN_SORTED.binsearch(FIND_IN_SORTED.java:20)
	at java_programs.FIND_IN_SORTED.binsearch(FIND_IN_SORTED.java:20)
	at java_programs.FIND_IN_SORTED.binsearch(FIND_IN_SORTED.java:20)
	at java_programs.FIND_IN_SORTED.binsearch(FIND_IN_SORTED.java:20)
	at java_programs.FIND_IN_SORTED.binsearch(FIND_IN_SORTED.java:20)
	at java_programs.FIND_IN_SORTED.binsearch(FIND_IN_SORTED.java:20)
	at java_programs.FIND_IN_SORTED.binsearch(FIND_IN_SORTED.java:20)
	at java_programs.FIND_IN_SORTED.binsearch(FIND_IN_SORTED.java:20)
	at java_programs.FIND_IN_SORTED.binsearch(FIND_IN_SORTED.java:20)
	at java_programs.FIND_IN_SORTED.binsearch(FIND_IN_SORTED.java:20)
	at java_programs.FIND_IN_SORTED.binsearch(FIND_IN_SORTED.java:20)
	at java_programs.FIND_IN_SORTED.binsearch(FIND_IN_SORTED.java:20)
	at java_programs.FIND_IN_SORTED.binsearch(FIND_IN_SORTED.java:20)
	at java_programs.FIND_IN_SORTED.binsearch(FIND_IN_SORTED.java:20)
	at java_programs.FIND_IN_SORTED.binsearch(FIND_IN_SORTED.java:20)
	at java_programs.FIND_IN_SORTED.binsearch(FIND_IN_SORTED.java:20)
	at java_programs.FIND_IN_SORTED.binsearch(FIND_IN_SORTED.java:20)
	at java_programs.FIND_IN_SORTED.binsearch(FIND_IN_SORTED.java:20)
	at java_programs.FIND_IN_SORTED.binsearch(FIND_IN_SORTED.java:20)
	at java_programs.FIND_IN_SORTED.binsearch(FIND_IN_SORTED.java:20)
	at java_programs.FIND_IN_SORTED.binsearch(FIND_IN_SORTED.java:20)
	at java_programs.FIND_IN_SORTED.binsearch(FIND_IN_SORTED.java:20)
	at java_programs.FIND_IN_SORTED.binsearch(FIND_IN_SORTED.java:20)
	at java_programs.FIND_IN_SORTED.binsearch(FIND_IN_SORTED.java:20)
	at java_programs.FIND_IN_SORTED.binsearch(FIND_IN_SORTED.java:20)
	at java_programs.FIND_IN_SORTED.binsearch(FIND_IN_SORTED.java:20)
	at java_programs.FIND_IN_SORTED.binsearch(FIND_IN_SORTED.java:20)
	at java_programs.FIND_IN_SORTED.binsearch(FIND_IN_SORTED.java:20)
	at java_programs.FIND_IN_SORTED.binsearch(FIND_IN_SORTED.java:20)
	at java_programs.FIND_IN_SORTED.binsearch(FIND_IN_SORTED.java:20)
	at java_programs.FIND_IN_SORTED.binsearch(FIND_IN_SORTED.java:20)
</failure>
  </testcase>
  <system-out><![CDATA[]]></system-out>
  <system-err><![CDATA[]]></system-err>
</testsuite>
