<?xml version="1.0" encoding="UTF-8"?>
<testsuite xmlns:xsi="http://www.w3.org/2001/XMLSchema-instance" xsi:schemaLocation="https://maven.apache.org/surefire/maven-surefire-plugin/xsd/surefire-test-report.xsd" name="org.apache.commons.lang3.StringUtilsTest" time="0.276" tests="142" errors="0" skipped="0" failures="0">
  <properties>
    <property name="java.runtime.name" value="OpenJDK Runtime Environment"/>
    <property name="sun.boot.library.path" value="/Library/Java/JavaVirtualMachines/temurin-8.jdk/Contents/Home/jre/lib"/>
    <property name="java.vm.version" value="25.402-b06"/>
    <property name="gopherProxySet" value="false"/>
    <property name="java.vm.vendor" value="Temurin"/>
    <property name="maven.multiModuleProjectDirectory" value="/Users/shreyachaudhary/Desktop/extra/CS527-Project/Bugs/BugSwarm/commons-lang-224267191/Buggy-version"/>
    <property name="java.vendor.url" value="https://adoptium.net/"/>
    <property name="path.separator" value=":"/>
    <property name="guice.disable.misplaced.annotation.check" value="true"/>
    <property name="java.vm.name" value="OpenJDK 64-Bit Server VM"/>
    <property name="file.encoding.pkg" value="sun.io"/>
    <property name="user.country" value="US"/>
    <property name="sun.java.launcher" value="SUN_STANDARD"/>
    <property name="sun.os.patch.level" value="unknown"/>
    <property name="java.vm.specification.name" value="Java Virtual Machine Specification"/>
    <property name="user.dir" value="/Users/shreyachaudhary/Desktop/extra/CS527-Project/Bugs/BugSwarm/commons-lang-224267191/Buggy-version"/>
    <property name="java.runtime.version" value="1.8.0_402-b06"/>
    <property name="java.awt.graphicsenv" value="sun.awt.CGraphicsEnvironment"/>
    <property name="java.endorsed.dirs" value="/Library/Java/JavaVirtualMachines/temurin-8.jdk/Contents/Home/jre/lib/endorsed"/>
    <property name="os.arch" value="x86_64"/>
    <property name="java.io.tmpdir" value="/var/folders/70/9z8mmtr153x2znr25_zb57mr0000gn/T/"/>
    <property name="line.separator" value="&#10;"/>
    <property name="java.vm.specification.vendor" value="Oracle Corporation"/>
    <property name="os.name" value="Mac OS X"/>
    <property name="classworlds.conf" value="/opt/homebrew/Cellar/maven/3.9.6/libexec/bin/m2.conf"/>
    <property name="sun.jnu.encoding" value="UTF-8"/>
    <property name="java.library.path" value="/Users/shreyachaudhary/Library/Java/Extensions:/Library/Java/Extensions:/Network/Library/Java/Extensions:/System/Library/Java/Extensions:/usr/lib/java:."/>
    <property name="maven.conf" value="/opt/homebrew/Cellar/maven/3.9.6/libexec/conf"/>
    <property name="java.specification.name" value="Java Platform API Specification"/>
    <property name="java.class.version" value="52.0"/>
    <property name="sun.management.compiler" value="HotSpot 64-Bit Tiered Compilers"/>
    <property name="maven.test.failure.ignore" value="true"/>
    <property name="os.version" value="14.4.1"/>
    <property name="library.jansi.path" value="/opt/homebrew/Cellar/maven/3.9.6/libexec/lib/jansi-native"/>
    <property name="http.nonProxyHosts" value="local|*.local|169.254/16|*.169.254/16"/>
    <property name="user.home" value="/Users/shreyachaudhary"/>
    <property name="user.timezone" value="America/Chicago"/>
    <property name="java.awt.printerjob" value="sun.lwawt.macosx.CPrinterJob"/>
    <property name="java.specification.version" value="1.8"/>
    <property name="file.encoding" value="UTF-8"/>
    <property name="user.name" value="shreyachaudhary"/>
    <property name="java.class.path" value="/opt/homebrew/Cellar/maven/3.9.6/libexec/boot/plexus-classworlds-2.7.0.jar"/>
    <property name="java.vm.specification.version" value="1.8"/>
    <property name="sun.arch.data.model" value="64"/>
    <property name="java.home" value="/Library/Java/JavaVirtualMachines/temurin-8.jdk/Contents/Home/jre"/>
    <property name="sun.java.command" value="org.codehaus.plexus.classworlds.launcher.Launcher clean clover:setup test -Dmaven.test.failure.ignore=true clover:aggregate clover:clover"/>
    <property name="java.specification.vendor" value="Oracle Corporation"/>
    <property name="user.language" value="en"/>
    <property name="awt.toolkit" value="sun.lwawt.macosx.LWCToolkit"/>
    <property name="java.vm.info" value="mixed mode"/>
    <property name="java.version" value="1.8.0_402"/>
    <property name="java.ext.dirs" value="/Users/shreyachaudhary/Library/Java/Extensions:/Library/Java/JavaVirtualMachines/temurin-8.jdk/Contents/Home/jre/lib/ext:/Library/Java/Extensions:/Network/Library/Java/Extensions:/System/Library/Java/Extensions:/usr/lib/java"/>
    <property name="sun.boot.class.path" value="/Library/Java/JavaVirtualMachines/temurin-8.jdk/Contents/Home/jre/lib/resources.jar:/Library/Java/JavaVirtualMachines/temurin-8.jdk/Contents/Home/jre/lib/rt.jar:/Library/Java/JavaVirtualMachines/temurin-8.jdk/Contents/Home/jre/lib/sunrsasign.jar:/Library/Java/JavaVirtualMachines/temurin-8.jdk/Contents/Home/jre/lib/jsse.jar:/Library/Java/JavaVirtualMachines/temurin-8.jdk/Contents/Home/jre/lib/jce.jar:/Library/Java/JavaVirtualMachines/temurin-8.jdk/Contents/Home/jre/lib/charsets.jar:/Library/Java/JavaVirtualMachines/temurin-8.jdk/Contents/Home/jre/lib/jfr.jar:/Library/Java/JavaVirtualMachines/temurin-8.jdk/Contents/Home/jre/classes"/>
    <property name="java.vendor" value="Temurin"/>
    <property name="java.specification.maintenance.version" value="5"/>
    <property name="maven.home" value="/opt/homebrew/Cellar/maven/3.9.6/libexec"/>
    <property name="file.separator" value="/"/>
    <property name="java.vendor.url.bug" value="https://github.com/adoptium/adoptium-support/issues"/>
    <property name="sun.cpu.endian" value="little"/>
    <property name="sun.io.unicode.encoding" value="UnicodeBig"/>
    <property name="socksNonProxyHosts" value="local|*.local|169.254/16|*.169.254/16"/>
    <property name="ftp.nonProxyHosts" value="local|*.local|169.254/16|*.169.254/16"/>
    <property name="sun.cpu.isalist" value=""/>
  </properties>
  <testcase name="testJoin_IterableChar" classname="org.apache.commons.lang3.StringUtilsTest" time="0.001"/>
  <testcase name="testRightPad_StringInt" classname="org.apache.commons.lang3.StringUtilsTest" time="0"/>
  <testcase name="testToCodePoints" classname="org.apache.commons.lang3.StringUtilsTest" time="0.001"/>
  <testcase name="testRemovePattern" classname="org.apache.commons.lang3.StringUtilsTest" time="0.004"/>
  <testcase name="testDeleteWhitespace_String" classname="org.apache.commons.lang3.StringUtilsTest" time="0"/>
  <testcase name="testRemove_String" classname="org.apache.commons.lang3.StringUtilsTest" time="0.001"/>
  <testcase name="testReplaceAll" classname="org.apache.commons.lang3.StringUtilsTest" time="0.001"/>
  <testcase name="testJoin_ArrayOfShorts" classname="org.apache.commons.lang3.StringUtilsTest" time="0.001"/>
  <testcase name="testGetFuzzyDistance" classname="org.apache.commons.lang3.StringUtilsTest" time="0.002"/>
  <testcase name="testGetFuzzyDistance_NullStringLocale" classname="org.apache.commons.lang3.StringUtilsTest" time="0.001"/>
  <testcase name="testDifferenceAt_StringString" classname="org.apache.commons.lang3.StringUtilsTest" time="0"/>
  <testcase name="testSplitByCharacterType" classname="org.apache.commons.lang3.StringUtilsTest" time="0.001"/>
  <testcase name="testReplaceIgnoreCase_StringStringStringInt" classname="org.apache.commons.lang3.StringUtilsTest" time="0.002"/>
  <testcase name="testAbbreviate_StringStringIntInt" classname="org.apache.commons.lang3.StringUtilsTest" time="0.001"/>
  <testcase name="testLengthStringBuffer" classname="org.apache.commons.lang3.StringUtilsTest" time="0.001"/>
  <testcase name="testNormalizeSpace" classname="org.apache.commons.lang3.StringUtilsTest" time="0.001"/>
  <testcase name="testJoin_ArrayOfInts" classname="org.apache.commons.lang3.StringUtilsTest" time="0.001"/>
  <testcase name="testDifferenceAt_StringArray" classname="org.apache.commons.lang3.StringUtilsTest" time="0"/>
  <testcase name="testRepeat_StringStringInt" classname="org.apache.commons.lang3.StringUtilsTest" time="0.002"/>
  <testcase name="testGetLevenshteinDistance_NullStringInt" classname="org.apache.commons.lang3.StringUtilsTest" time="0.001"/>
  <testcase name="testGetJaroWinklerDistance_NullNull" classname="org.apache.commons.lang3.StringUtilsTest" time="0.001"/>
  <testcase name="testOverlay_StringStringIntInt" classname="org.apache.commons.lang3.StringUtilsTest" time="0"/>
  <testcase name="testDefaultIfBlank_StringString" classname="org.apache.commons.lang3.StringUtilsTest" time="0.001"/>
  <testcase name="testJoin_ArrayString" classname="org.apache.commons.lang3.StringUtilsTest" time="0.001"/>
  <testcase name="testReplacePattern" classname="org.apache.commons.lang3.StringUtilsTest" time="0"/>
  <testcase name="testPrependIfMissing" classname="org.apache.commons.lang3.StringUtilsTest" time="0.001"/>
  <testcase name="testIsAllLowerCase" classname="org.apache.commons.lang3.StringUtilsTest" time="0.001"/>
  <testcase name="testLANG666" classname="org.apache.commons.lang3.StringUtilsTest" time="0"/>
  <testcase name="testReverseDelimited_StringChar" classname="org.apache.commons.lang3.StringUtilsTest" time="0"/>
  <testcase name="testUnwrap_StringChar" classname="org.apache.commons.lang3.StringUtilsTest" time="0.001"/>
  <testcase name="testEscapeSurrogatePairs" classname="org.apache.commons.lang3.StringUtilsTest" time="0.013"/>
  <testcase name="testWrapIfMissing_StringString" classname="org.apache.commons.lang3.StringUtilsTest" time="0.001"/>
  <testcase name="testChomp" classname="org.apache.commons.lang3.StringUtilsTest" time="0"/>
  <testcase name="testEMPTY" classname="org.apache.commons.lang3.StringUtilsTest" time="0"/>
  <testcase name="testChop" classname="org.apache.commons.lang3.StringUtilsTest" time="0"/>
  <testcase name="testToString" classname="org.apache.commons.lang3.StringUtilsTest" time="0.006"/>
  <testcase name="testGetJaroWinklerDistance_StringString" classname="org.apache.commons.lang3.StringUtilsTest" time="0.002"/>
  <testcase name="testJoin_IterableString" classname="org.apache.commons.lang3.StringUtilsTest" time="0"/>
  <testcase name="testDefaultIfEmpty_CharBuffers" classname="org.apache.commons.lang3.StringUtilsTest" time="0.001"/>
  <testcase name="testSplitPreserveAllTokens_StringString_StringStringInt" classname="org.apache.commons.lang3.StringUtilsTest" time="0.044"/>
  <testcase name="testJoin_ArrayCharSeparator" classname="org.apache.commons.lang3.StringUtilsTest" time="0"/>
  <testcase name="testRemoveFirst" classname="org.apache.commons.lang3.StringUtilsTest" time="0"/>
  <testcase name="testDefaultIfBlank_StringBuffers" classname="org.apache.commons.lang3.StringUtilsTest" time="0.001"/>
  <testcase name="testRemoveStart" classname="org.apache.commons.lang3.StringUtilsTest" time="0"/>
  <testcase name="testRemove_char" classname="org.apache.commons.lang3.StringUtilsTest" time="0.001"/>
  <testcase name="testReplaceChars_StringCharChar" classname="org.apache.commons.lang3.StringUtilsTest" time="0"/>
  <testcase name="testUnCapitalize" classname="org.apache.commons.lang3.StringUtilsTest" time="0"/>
  <testcase name="testReplaceIgnoreCase_StringStringString" classname="org.apache.commons.lang3.StringUtilsTest" time="0.001"/>
  <testcase name="testAbbreviateMiddle" classname="org.apache.commons.lang3.StringUtilsTest" time="0.001"/>
  <testcase name="testIsAllUpperCase" classname="org.apache.commons.lang3.StringUtilsTest" time="0.001"/>
  <testcase name="testJoinWith" classname="org.apache.commons.lang3.StringUtilsTest" time="0.001"/>
  <testcase name="testRemoveEndIgnoreCase" classname="org.apache.commons.lang3.StringUtilsTest" time="0"/>
  <testcase name="testAppendIfMissingIgnoreCase" classname="org.apache.commons.lang3.StringUtilsTest" time="0"/>
  <testcase name="testWrap_StringString" classname="org.apache.commons.lang3.StringUtilsTest" time="0.001"/>
  <testcase name="testToEncodedString" classname="org.apache.commons.lang3.StringUtilsTest" time="0.001"/>
  <testcase name="testCenter_StringIntChar" classname="org.apache.commons.lang3.StringUtilsTest" time="0"/>
  <testcase name="testDefaultIfEmpty_StringBuffers" classname="org.apache.commons.lang3.StringUtilsTest" time="0.001"/>
  <testcase name="testReplaceChars_StringStringString" classname="org.apache.commons.lang3.StringUtilsTest" time="0"/>
  <testcase name="testGetLevenshteinDistance_StringNullInt" classname="org.apache.commons.lang3.StringUtilsTest" time="0.001"/>
  <testcase name="testLeftPad_StringIntString" classname="org.apache.commons.lang3.StringUtilsTest" time="0"/>
  <testcase name="testLang623" classname="org.apache.commons.lang3.StringUtilsTest" time="0.001"/>
  <testcase name="testAppendIfMissing" classname="org.apache.commons.lang3.StringUtilsTest" time="0.001"/>
  <testcase name="testSplitPreserveAllTokens_StringChar" classname="org.apache.commons.lang3.StringUtilsTest" time="0.001"/>
  <testcase name="testGetLevenshteinDistance_StringStringInt" classname="org.apache.commons.lang3.StringUtilsTest" time="0"/>
  <testcase name="testDefaultIfEmpty_StringString" classname="org.apache.commons.lang3.StringUtilsTest" time="0.001"/>
  <testcase name="testUnescapeSurrogatePairs" classname="org.apache.commons.lang3.StringUtilsTest" time="0"/>
  <testcase name="testGetJaroWinklerDistance_NullString" classname="org.apache.commons.lang3.StringUtilsTest" time="0.001"/>
  <testcase name="testCenter_StringInt" classname="org.apache.commons.lang3.StringUtilsTest" time="0.001"/>
  <testcase name="testLength_CharBuffer" classname="org.apache.commons.lang3.StringUtilsTest" time="0.001"/>
  <testcase name="testGetCommonPrefix_StringArray" classname="org.apache.commons.lang3.StringUtilsTest" time="0"/>
  <testcase name="testSplit_String" classname="org.apache.commons.lang3.StringUtilsTest" time="0.002"/>
  <testcase name="testLengthString" classname="org.apache.commons.lang3.StringUtilsTest" time="0.001"/>
  <testcase name="testSplitByWholeSeparatorPreserveAllTokens_StringString" classname="org.apache.commons.lang3.StringUtilsTest" time="0"/>
  <testcase name="testDefault_String" classname="org.apache.commons.lang3.StringUtilsTest" time="0.001"/>
  <testcase name="testJoinWithThrowsException" classname="org.apache.commons.lang3.StringUtilsTest" time="0.021"/>
  <testcase name="testLeftPad_StringIntChar" classname="org.apache.commons.lang3.StringUtilsTest" time="0.014"/>
  <testcase name="testRepeat_StringInt" classname="org.apache.commons.lang3.StringUtilsTest" time="0.006"/>
  <testcase name="testLowerCase" classname="org.apache.commons.lang3.StringUtilsTest" time="0.001"/>
  <testcase name="testAbbreviate_StringInt" classname="org.apache.commons.lang3.StringUtilsTest" time="0.001"/>
  <testcase name="testDefaultIfBlank_StringBuilders" classname="org.apache.commons.lang3.StringUtilsTest" time="0.001"/>
  <testcase name="testDefault_StringString" classname="org.apache.commons.lang3.StringUtilsTest" time="0"/>
  <testcase name="testGetLevenshteinDistance_NullString" classname="org.apache.commons.lang3.StringUtilsTest" time="0"/>
  <testcase name="testLengthStringBuilder" classname="org.apache.commons.lang3.StringUtilsTest" time="0.001"/>
  <testcase name="testJoin_IteratorString" classname="org.apache.commons.lang3.StringUtilsTest" time="0"/>
  <testcase name="testGetFuzzyDistance_NullNullNull" classname="org.apache.commons.lang3.StringUtilsTest" time="0"/>
  <testcase name="testGetLevenshteinDistance_StringStringNegativeInt" classname="org.apache.commons.lang3.StringUtilsTest" time="0.001"/>
  <testcase name="testWrapIfMissing_StringChar" classname="org.apache.commons.lang3.StringUtilsTest" time="0"/>
  <testcase name="testRemoveIgnoreCase_String" classname="org.apache.commons.lang3.StringUtilsTest" time="0"/>
  <testcase name="testRightPad_StringIntChar" classname="org.apache.commons.lang3.StringUtilsTest" time="0.003"/>
  <testcase name="testGetJaroWinklerDistance_StringNull" classname="org.apache.commons.lang3.StringUtilsTest" time="0.001"/>
  <testcase name="testJoin_ArrayOfDoubles" classname="org.apache.commons.lang3.StringUtilsTest" time="0"/>
  <testcase name="testGetLevenshteinDistance_StringString" classname="org.apache.commons.lang3.StringUtilsTest" time="0.001"/>
  <testcase name="testJoin_Objectarray" classname="org.apache.commons.lang3.StringUtilsTest" time="0"/>
  <testcase name="testRotate_StringInt" classname="org.apache.commons.lang3.StringUtilsTest" time="0.001"/>
  <testcase name="testUpperCase" classname="org.apache.commons.lang3.StringUtilsTest" time="0.002"/>
  <testcase name="testAbbreviate_StringIntInt" classname="org.apache.commons.lang3.StringUtilsTest" time="0.001"/>
  <testcase name="testReplace_StringStringArrayStringArray" classname="org.apache.commons.lang3.StringUtilsTest" time="0.001"/>
  <testcase name="testGetFuzzyDistance_StringNullLoclae" classname="org.apache.commons.lang3.StringUtilsTest" time="0"/>
  <testcase name="testEscapeSurrogatePairsLang858" classname="org.apache.commons.lang3.StringUtilsTest" time="0.004"/>
  <testcase name="testSplitPreserveAllTokens_String" classname="org.apache.commons.lang3.StringUtilsTest" time="0.001"/>
  <testcase name="testReplaceOnce_StringStringString" classname="org.apache.commons.lang3.StringUtilsTest" time="0"/>
  <testcase name="testStringUtilsCharSequenceContract" classname="org.apache.commons.lang3.StringUtilsTest" time="0.008"/>
  <testcase name="testGetLevenshteinDistance_StringNull" classname="org.apache.commons.lang3.StringUtilsTest" time="0.001"/>
  <testcase name="testJoin_IteratorChar" classname="org.apache.commons.lang3.StringUtilsTest" time="0.001"/>
  <testcase name="testReverse_String" classname="org.apache.commons.lang3.StringUtilsTest" time="0.001"/>
  <testcase name="testReplace_StringStringString" classname="org.apache.commons.lang3.StringUtilsTest" time="0"/>
  <testcase name="testSplitByWholeSeparatorPreserveAllTokens_StringStringInt" classname="org.apache.commons.lang3.StringUtilsTest" time="0.001"/>
  <testcase name="testAbbreviate_StringStringInt" classname="org.apache.commons.lang3.StringUtilsTest" time="0.001"/>
  <testcase name="testSplitByWholeString_StringStringBooleanInt" classname="org.apache.commons.lang3.StringUtilsTest" time="0"/>
  <testcase name="testSplitByWholeString_StringStringBoolean" classname="org.apache.commons.lang3.StringUtilsTest" time="0"/>
  <testcase name="testDefaultIfEmpty_StringBuilders" classname="org.apache.commons.lang3.StringUtilsTest" time="0.001"/>
  <testcase name="testDifference_StringString" classname="org.apache.commons.lang3.StringUtilsTest" time="0"/>
  <testcase name="testTruncate_StringInt" classname="org.apache.commons.lang3.StringUtilsTest" time="0"/>
  <testcase name="testLeftPad_StringInt" classname="org.apache.commons.lang3.StringUtilsTest" time="0.001"/>
  <testcase name="testDefaultIfBlank_CharBuffers" classname="org.apache.commons.lang3.StringUtilsTest" time="0"/>
  <testcase name="testPrependIfMissingIgnoreCase" classname="org.apache.commons.lang3.StringUtilsTest" time="0.001"/>
  <testcase name="testTruncate_StringIntInt" classname="org.apache.commons.lang3.StringUtilsTest" time="0"/>
  <testcase name="testReplaceOnceIgnoreCase_StringStringString" classname="org.apache.commons.lang3.StringUtilsTest" time="0.001"/>
  <testcase name="testReplaceFirst" classname="org.apache.commons.lang3.StringUtilsTest" time="0.001"/>
  <testcase name="testReplace_StringStringArrayStringArrayBoolean" classname="org.apache.commons.lang3.StringUtilsTest" time="0"/>
  <testcase name="testSplit_StringChar" classname="org.apache.commons.lang3.StringUtilsTest" time="0.001"/>
  <testcase name="testRepeat_CharInt" classname="org.apache.commons.lang3.StringUtilsTest" time="0"/>
  <testcase name="testRightPad_StringIntString" classname="org.apache.commons.lang3.StringUtilsTest" time="0.002"/>
  <testcase name="testSwapCase_String" classname="org.apache.commons.lang3.StringUtilsTest" time="0.007"/>
  <testcase name="testWrap_StringChar" classname="org.apache.commons.lang3.StringUtilsTest" time="0.001"/>
  <testcase name="testRemoveStartIgnoreCase" classname="org.apache.commons.lang3.StringUtilsTest" time="0"/>
  <testcase name="testCapitalize" classname="org.apache.commons.lang3.StringUtilsTest" time="0"/>
  <testcase name="testSplit_StringString_StringStringInt" classname="org.apache.commons.lang3.StringUtilsTest" time="0.046"/>
  <testcase name="testJoin_ArrayOfBytes" classname="org.apache.commons.lang3.StringUtilsTest" time="0.001"/>
  <testcase name="testJoin_ArrayOfChars" classname="org.apache.commons.lang3.StringUtilsTest" time="0.001"/>
  <testcase name="testJoin_ArrayOfLongs" classname="org.apache.commons.lang3.StringUtilsTest" time="0"/>
  <testcase name="testUnwrap_StringString" classname="org.apache.commons.lang3.StringUtilsTest" time="0.001"/>
  <testcase name="testJoin_Objects" classname="org.apache.commons.lang3.StringUtilsTest" time="0"/>
  <testcase name="testGetFuzzyDistance_StringStringNull" classname="org.apache.commons.lang3.StringUtilsTest" time="0.001"/>
  <testcase name="testRemoveAll" classname="org.apache.commons.lang3.StringUtilsTest" time="0.001"/>
  <testcase name="testRemoveEnd" classname="org.apache.commons.lang3.StringUtilsTest" time="0"/>
  <testcase name="testReCapitalize" classname="org.apache.commons.lang3.StringUtilsTest" time="0.001"/>
  <testcase name="testJoin_ArrayOfFloats" classname="org.apache.commons.lang3.StringUtilsTest" time="0"/>
  <testcase name="testCenter_StringIntString" classname="org.apache.commons.lang3.StringUtilsTest" time="0.001"/>
  <testcase name="testConstructor" classname="org.apache.commons.lang3.StringUtilsTest" time="0"/>
  <testcase name="testSplitByCharacterTypeCamelCase" classname="org.apache.commons.lang3.StringUtilsTest" time="0.001"/>
  <testcase name="testReplace_StringStringStringInt" classname="org.apache.commons.lang3.StringUtilsTest" time="0"/>
</testsuite>