<?xml version="1.0" encoding="UTF-8"?>
<testsuite xmlns:xsi="http://www.w3.org/2001/XMLSchema-instance" xsi:schemaLocation="https://maven.apache.org/surefire/maven-surefire-plugin/xsd/surefire-test-report.xsd" name="org.apache.commons.lang3.reflect.TypeUtilsTest" time="0.05" tests="22" errors="0" skipped="0" failures="0">
  <properties>
    <property name="java.runtime.name" value="OpenJDK Runtime Environment"/>
    <property name="sun.boot.library.path" value="/Library/Java/JavaVirtualMachines/temurin-8.jdk/Contents/Home/jre/lib"/>
    <property name="java.vm.version" value="25.402-b06"/>
    <property name="gopherProxySet" value="false"/>
    <property name="java.vm.vendor" value="Temurin"/>
    <property name="maven.multiModuleProjectDirectory" value="/Users/shreyachaudhary/Desktop/extra/CS527-Project/Bugs/BugSwarm/commons-lang-224267191/Buggy-version"/>
    <property name="java.vendor.url" value="https://adoptium.net/"/>
    <property name="path.separator" value=":"/>
    <property name="guice.disable.misplaced.annotation.check" value="true"/>
    <property name="java.vm.name" value="OpenJDK 64-Bit Server VM"/>
    <property name="file.encoding.pkg" value="sun.io"/>
    <property name="user.country" value="US"/>
    <property name="sun.java.launcher" value="SUN_STANDARD"/>
    <property name="sun.os.patch.level" value="unknown"/>
    <property name="java.vm.specification.name" value="Java Virtual Machine Specification"/>
    <property name="user.dir" value="/Users/shreyachaudhary/Desktop/extra/CS527-Project/Bugs/BugSwarm/commons-lang-224267191/Buggy-version"/>
    <property name="java.runtime.version" value="1.8.0_402-b06"/>
    <property name="java.awt.graphicsenv" value="sun.awt.CGraphicsEnvironment"/>
    <property name="java.endorsed.dirs" value="/Library/Java/JavaVirtualMachines/temurin-8.jdk/Contents/Home/jre/lib/endorsed"/>
    <property name="os.arch" value="x86_64"/>
    <property name="java.io.tmpdir" value="/var/folders/70/9z8mmtr153x2znr25_zb57mr0000gn/T/"/>
    <property name="line.separator" value="&#10;"/>
    <property name="java.vm.specification.vendor" value="Oracle Corporation"/>
    <property name="os.name" value="Mac OS X"/>
    <property name="classworlds.conf" value="/opt/homebrew/Cellar/maven/3.9.6/libexec/bin/m2.conf"/>
    <property name="sun.jnu.encoding" value="UTF-8"/>
    <property name="java.library.path" value="/Users/shreyachaudhary/Library/Java/Extensions:/Library/Java/Extensions:/Network/Library/Java/Extensions:/System/Library/Java/Extensions:/usr/lib/java:."/>
    <property name="maven.conf" value="/opt/homebrew/Cellar/maven/3.9.6/libexec/conf"/>
    <property name="java.specification.name" value="Java Platform API Specification"/>
    <property name="java.class.version" value="52.0"/>
    <property name="sun.management.compiler" value="HotSpot 64-Bit Tiered Compilers"/>
    <property name="maven.test.failure.ignore" value="true"/>
    <property name="os.version" value="14.4.1"/>
    <property name="library.jansi.path" value="/opt/homebrew/Cellar/maven/3.9.6/libexec/lib/jansi-native"/>
    <property name="http.nonProxyHosts" value="local|*.local|169.254/16|*.169.254/16"/>
    <property name="user.home" value="/Users/shreyachaudhary"/>
    <property name="user.timezone" value="America/Chicago"/>
    <property name="java.awt.printerjob" value="sun.lwawt.macosx.CPrinterJob"/>
    <property name="java.specification.version" value="1.8"/>
    <property name="file.encoding" value="UTF-8"/>
    <property name="user.name" value="shreyachaudhary"/>
    <property name="java.class.path" value="/opt/homebrew/Cellar/maven/3.9.6/libexec/boot/plexus-classworlds-2.7.0.jar"/>
    <property name="java.vm.specification.version" value="1.8"/>
    <property name="sun.arch.data.model" value="64"/>
    <property name="java.home" value="/Library/Java/JavaVirtualMachines/temurin-8.jdk/Contents/Home/jre"/>
    <property name="sun.java.command" value="org.codehaus.plexus.classworlds.launcher.Launcher clean clover:setup test -Dmaven.test.failure.ignore=true clover:aggregate clover:clover"/>
    <property name="java.specification.vendor" value="Oracle Corporation"/>
    <property name="user.language" value="en"/>
    <property name="awt.toolkit" value="sun.lwawt.macosx.LWCToolkit"/>
    <property name="java.vm.info" value="mixed mode"/>
    <property name="java.version" value="1.8.0_402"/>
    <property name="java.ext.dirs" value="/Users/shreyachaudhary/Library/Java/Extensions:/Library/Java/JavaVirtualMachines/temurin-8.jdk/Contents/Home/jre/lib/ext:/Library/Java/Extensions:/Network/Library/Java/Extensions:/System/Library/Java/Extensions:/usr/lib/java"/>
    <property name="sun.boot.class.path" value="/Library/Java/JavaVirtualMachines/temurin-8.jdk/Contents/Home/jre/lib/resources.jar:/Library/Java/JavaVirtualMachines/temurin-8.jdk/Contents/Home/jre/lib/rt.jar:/Library/Java/JavaVirtualMachines/temurin-8.jdk/Contents/Home/jre/lib/sunrsasign.jar:/Library/Java/JavaVirtualMachines/temurin-8.jdk/Contents/Home/jre/lib/jsse.jar:/Library/Java/JavaVirtualMachines/temurin-8.jdk/Contents/Home/jre/lib/jce.jar:/Library/Java/JavaVirtualMachines/temurin-8.jdk/Contents/Home/jre/lib/charsets.jar:/Library/Java/JavaVirtualMachines/temurin-8.jdk/Contents/Home/jre/lib/jfr.jar:/Library/Java/JavaVirtualMachines/temurin-8.jdk/Contents/Home/jre/classes"/>
    <property name="java.vendor" value="Temurin"/>
    <property name="java.specification.maintenance.version" value="5"/>
    <property name="maven.home" value="/opt/homebrew/Cellar/maven/3.9.6/libexec"/>
    <property name="file.separator" value="/"/>
    <property name="java.vendor.url.bug" value="https://github.com/adoptium/adoptium-support/issues"/>
    <property name="sun.cpu.endian" value="little"/>
    <property name="sun.io.unicode.encoding" value="UnicodeBig"/>
    <property name="socksNonProxyHosts" value="local|*.local|169.254/16|*.169.254/16"/>
    <property name="ftp.nonProxyHosts" value="local|*.local|169.254/16|*.169.254/16"/>
    <property name="sun.cpu.isalist" value=""/>
  </properties>
  <testcase name="testToLongString" classname="org.apache.commons.lang3.reflect.TypeUtilsTest" time="0"/>
  <testcase name="testGetTypeArguments" classname="org.apache.commons.lang3.reflect.TypeUtilsTest" time="0.008"/>
  <testcase name="testWrap" classname="org.apache.commons.lang3.reflect.TypeUtilsTest" time="0.006"/>
  <testcase name="testIsInstance" classname="org.apache.commons.lang3.reflect.TypeUtilsTest" time="0.002"/>
  <testcase name="testLang1114" classname="org.apache.commons.lang3.reflect.TypeUtilsTest" time="0"/>
  <testcase name="testWildcardType" classname="org.apache.commons.lang3.reflect.TypeUtilsTest" time="0.003"/>
  <testcase name="testParameterize" classname="org.apache.commons.lang3.reflect.TypeUtilsTest" time="0.001"/>
  <testcase name="testLang820" classname="org.apache.commons.lang3.reflect.TypeUtilsTest" time="0"/>
  <testcase name="testParameterizeWithOwner" classname="org.apache.commons.lang3.reflect.TypeUtilsTest" time="0.001"/>
  <testcase name="testLANG1190" classname="org.apache.commons.lang3.reflect.TypeUtilsTest" time="0.001"/>
  <testcase name="testIsAssignable" classname="org.apache.commons.lang3.reflect.TypeUtilsTest" time="0.009"/>
  <testcase name="testGetPrimitiveArrayComponentType" classname="org.apache.commons.lang3.reflect.TypeUtilsTest" time="0.001"/>
  <testcase name="testToStringLang1311" classname="org.apache.commons.lang3.reflect.TypeUtilsTest" time="0.004"/>
  <testcase name="testTypesSatisfyVariables" classname="org.apache.commons.lang3.reflect.TypeUtilsTest" time="0.004"/>
  <testcase name="testIsArrayTypeClasses" classname="org.apache.commons.lang3.reflect.TypeUtilsTest" time="0"/>
  <testcase name="testUnboundedWildcardType" classname="org.apache.commons.lang3.reflect.TypeUtilsTest" time="0.001"/>
  <testcase name="testLowerBoundedWildcardType" classname="org.apache.commons.lang3.reflect.TypeUtilsTest" time="0.001"/>
  <testcase name="testDetermineTypeVariableAssignments" classname="org.apache.commons.lang3.reflect.TypeUtilsTest" time="0.001"/>
  <testcase name="testGenericArrayType" classname="org.apache.commons.lang3.reflect.TypeUtilsTest" time="0.001"/>
  <testcase name="testGetRawType" classname="org.apache.commons.lang3.reflect.TypeUtilsTest" time="0.002"/>
  <testcase name="testGetArrayComponentType" classname="org.apache.commons.lang3.reflect.TypeUtilsTest" time="0.001"/>
  <testcase name="testIsArrayGenericTypes" classname="org.apache.commons.lang3.reflect.TypeUtilsTest" time="0"/>
</testsuite>