<?xml version="1.0" encoding="UTF-8"?>
<testsuite xmlns:xsi="http://www.w3.org/2001/XMLSchema-instance" xsi:schemaLocation="https://maven.apache.org/surefire/maven-surefire-plugin/xsd/surefire-test-report.xsd" name="org.apache.commons.lang3.builder.ToStringBuilderTest" time="1.006" tests="74" errors="0" skipped="0" failures="1">
  <properties>
    <property name="java.runtime.name" value="OpenJDK Runtime Environment"/>
    <property name="sun.boot.library.path" value="/Library/Java/JavaVirtualMachines/temurin-8.jdk/Contents/Home/jre/lib"/>
    <property name="java.vm.version" value="25.402-b06"/>
    <property name="gopherProxySet" value="false"/>
    <property name="java.vm.vendor" value="Temurin"/>
    <property name="maven.multiModuleProjectDirectory" value="/Users/shreyachaudhary/Desktop/extra/CS527-Project/Bugs/BugSwarm/commons-lang-224267191/Buggy-version"/>
    <property name="java.vendor.url" value="https://adoptium.net/"/>
    <property name="path.separator" value=":"/>
    <property name="guice.disable.misplaced.annotation.check" value="true"/>
    <property name="java.vm.name" value="OpenJDK 64-Bit Server VM"/>
    <property name="file.encoding.pkg" value="sun.io"/>
    <property name="user.country" value="US"/>
    <property name="sun.java.launcher" value="SUN_STANDARD"/>
    <property name="sun.os.patch.level" value="unknown"/>
    <property name="java.vm.specification.name" value="Java Virtual Machine Specification"/>
    <property name="user.dir" value="/Users/shreyachaudhary/Desktop/extra/CS527-Project/Bugs/BugSwarm/commons-lang-224267191/Buggy-version"/>
    <property name="java.runtime.version" value="1.8.0_402-b06"/>
    <property name="java.awt.graphicsenv" value="sun.awt.CGraphicsEnvironment"/>
    <property name="java.endorsed.dirs" value="/Library/Java/JavaVirtualMachines/temurin-8.jdk/Contents/Home/jre/lib/endorsed"/>
    <property name="os.arch" value="x86_64"/>
    <property name="java.io.tmpdir" value="/var/folders/70/9z8mmtr153x2znr25_zb57mr0000gn/T/"/>
    <property name="line.separator" value="&#10;"/>
    <property name="java.vm.specification.vendor" value="Oracle Corporation"/>
    <property name="os.name" value="Mac OS X"/>
    <property name="classworlds.conf" value="/opt/homebrew/Cellar/maven/3.9.6/libexec/bin/m2.conf"/>
    <property name="sun.jnu.encoding" value="UTF-8"/>
    <property name="java.library.path" value="/Users/shreyachaudhary/Library/Java/Extensions:/Library/Java/Extensions:/Network/Library/Java/Extensions:/System/Library/Java/Extensions:/usr/lib/java:."/>
    <property name="maven.conf" value="/opt/homebrew/Cellar/maven/3.9.6/libexec/conf"/>
    <property name="java.specification.name" value="Java Platform API Specification"/>
    <property name="java.class.version" value="52.0"/>
    <property name="sun.management.compiler" value="HotSpot 64-Bit Tiered Compilers"/>
    <property name="maven.test.failure.ignore" value="true"/>
    <property name="os.version" value="14.4.1"/>
    <property name="library.jansi.path" value="/opt/homebrew/Cellar/maven/3.9.6/libexec/lib/jansi-native"/>
    <property name="http.nonProxyHosts" value="local|*.local|169.254/16|*.169.254/16"/>
    <property name="user.home" value="/Users/shreyachaudhary"/>
    <property name="user.timezone" value="America/Chicago"/>
    <property name="java.awt.printerjob" value="sun.lwawt.macosx.CPrinterJob"/>
    <property name="java.specification.version" value="1.8"/>
    <property name="file.encoding" value="UTF-8"/>
    <property name="user.name" value="shreyachaudhary"/>
    <property name="java.class.path" value="/opt/homebrew/Cellar/maven/3.9.6/libexec/boot/plexus-classworlds-2.7.0.jar"/>
    <property name="java.vm.specification.version" value="1.8"/>
    <property name="sun.arch.data.model" value="64"/>
    <property name="java.home" value="/Library/Java/JavaVirtualMachines/temurin-8.jdk/Contents/Home/jre"/>
    <property name="sun.java.command" value="org.codehaus.plexus.classworlds.launcher.Launcher clean clover:setup test -Dmaven.test.failure.ignore=true clover:aggregate clover:clover"/>
    <property name="java.specification.vendor" value="Oracle Corporation"/>
    <property name="user.language" value="en"/>
    <property name="awt.toolkit" value="sun.lwawt.macosx.LWCToolkit"/>
    <property name="java.vm.info" value="mixed mode"/>
    <property name="java.version" value="1.8.0_402"/>
    <property name="java.ext.dirs" value="/Users/shreyachaudhary/Library/Java/Extensions:/Library/Java/JavaVirtualMachines/temurin-8.jdk/Contents/Home/jre/lib/ext:/Library/Java/Extensions:/Network/Library/Java/Extensions:/System/Library/Java/Extensions:/usr/lib/java"/>
    <property name="sun.boot.class.path" value="/Library/Java/JavaVirtualMachines/temurin-8.jdk/Contents/Home/jre/lib/resources.jar:/Library/Java/JavaVirtualMachines/temurin-8.jdk/Contents/Home/jre/lib/rt.jar:/Library/Java/JavaVirtualMachines/temurin-8.jdk/Contents/Home/jre/lib/sunrsasign.jar:/Library/Java/JavaVirtualMachines/temurin-8.jdk/Contents/Home/jre/lib/jsse.jar:/Library/Java/JavaVirtualMachines/temurin-8.jdk/Contents/Home/jre/lib/jce.jar:/Library/Java/JavaVirtualMachines/temurin-8.jdk/Contents/Home/jre/lib/charsets.jar:/Library/Java/JavaVirtualMachines/temurin-8.jdk/Contents/Home/jre/lib/jfr.jar:/Library/Java/JavaVirtualMachines/temurin-8.jdk/Contents/Home/jre/classes"/>
    <property name="java.vendor" value="Temurin"/>
    <property name="java.specification.maintenance.version" value="5"/>
    <property name="maven.home" value="/opt/homebrew/Cellar/maven/3.9.6/libexec"/>
    <property name="file.separator" value="/"/>
    <property name="java.vendor.url.bug" value="https://github.com/adoptium/adoptium-support/issues"/>
    <property name="sun.cpu.endian" value="little"/>
    <property name="sun.io.unicode.encoding" value="UnicodeBig"/>
    <property name="socksNonProxyHosts" value="local|*.local|169.254/16|*.169.254/16"/>
    <property name="ftp.nonProxyHosts" value="local|*.local|169.254/16|*.169.254/16"/>
    <property name="sun.cpu.isalist" value=""/>
  </properties>
  <testcase name="test_setUpToClass_valid" classname="org.apache.commons.lang3.builder.ToStringBuilderTest" time="0.01"/>
  <testcase name="testCharArray" classname="org.apache.commons.lang3.builder.ToStringBuilderTest" time="0.001"/>
  <testcase name="testReflectionHierarchyArrayList" classname="org.apache.commons.lang3.builder.ToStringBuilderTest" time="0.498">
    <failure message="expected:&lt;...89f2c0[elementData={[&lt;null&gt;,&lt;null&gt;,&lt;null&gt;,&lt;null&gt;,&lt;null&gt;,&lt;null&gt;,&lt;null&gt;,&lt;null&gt;,&lt;null&gt;,&lt;null&gt;]},size=0,modCount=0]&gt; but was:&lt;...89f2c0[elementData={[]},size=0,modCount=0]&gt;" type="org.junit.ComparisonFailure"><![CDATA[org.junit.ComparisonFailure: expected:<...89f2c0[elementData={[<null>,<null>,<null>,<null>,<null>,<null>,<null>,<null>,<null>,<null>]},size=0,modCount=0]> but was:<...89f2c0[elementData={[]},size=0,modCount=0]>
	at org.apache.commons.lang3.builder.ToStringBuilderTest.__CLR4_5_2hlhll2xxj(ToStringBuilderTest.java:323)
	at org.apache.commons.lang3.builder.ToStringBuilderTest.testReflectionHierarchyArrayList(ToStringBuilderTest.java:313)
]]></failure>
  </testcase>
  <testcase name="testReflectionNull" classname="org.apache.commons.lang3.builder.ToStringBuilderTest" time="0"/>
  <testcase name="testDoubleArrayArray" classname="org.apache.commons.lang3.builder.ToStringBuilderTest" time="0.005"/>
  <testcase name="testReflectionBoolean" classname="org.apache.commons.lang3.builder.ToStringBuilderTest" time="0.004"/>
  <testcase name="testObjectArray" classname="org.apache.commons.lang3.builder.ToStringBuilderTest" time="0.001"/>
  <testcase name="testObjectBuild" classname="org.apache.commons.lang3.builder.ToStringBuilderTest" time="0.001"/>
  <testcase name="testObjectCycle" classname="org.apache.commons.lang3.builder.ToStringBuilderTest" time="0.007"/>
  <testcase name="testReflectionHierarchy" classname="org.apache.commons.lang3.builder.ToStringBuilderTest" time="0.071"/>
  <testcase name="testSelfInstanceTwoVarsReflectionObjectCycle" classname="org.apache.commons.lang3.builder.ToStringBuilderTest" time="0.011"/>
  <testcase name="testAppendToStringUsingMultiLineStyle" classname="org.apache.commons.lang3.builder.ToStringBuilderTest" time="0"/>
  <testcase name="testShortArrayArray" classname="org.apache.commons.lang3.builder.ToStringBuilderTest" time="0.001"/>
  <testcase name="testBooleanArrayArray" classname="org.apache.commons.lang3.builder.ToStringBuilderTest" time="0.001"/>
  <testcase name="testFloatArray" classname="org.apache.commons.lang3.builder.ToStringBuilderTest" time="0.004"/>
  <testcase name="testInt" classname="org.apache.commons.lang3.builder.ToStringBuilderTest" time="0"/>
  <testcase name="testByteArray" classname="org.apache.commons.lang3.builder.ToStringBuilderTest" time="0"/>
  <testcase name="testReflectionArrayCycle" classname="org.apache.commons.lang3.builder.ToStringBuilderTest" time="0"/>
  <testcase name="testReflectionLongArrayArray" classname="org.apache.commons.lang3.builder.ToStringBuilderTest" time="0.003"/>
  <testcase name="testBlank" classname="org.apache.commons.lang3.builder.ToStringBuilderTest" time="0"/>
  <testcase name="testFloat" classname="org.apache.commons.lang3.builder.ToStringBuilderTest" time="0"/>
  <testcase name="testShort" classname="org.apache.commons.lang3.builder.ToStringBuilderTest" time="0"/>
  <testcase name="testReflectionArrayArrayCycle" classname="org.apache.commons.lang3.builder.ToStringBuilderTest" time="0"/>
  <testcase name="testByte" classname="org.apache.commons.lang3.builder.ToStringBuilderTest" time="0.003"/>
  <testcase name="testChar" classname="org.apache.commons.lang3.builder.ToStringBuilderTest" time="0.004"/>
  <testcase name="testLong" classname="org.apache.commons.lang3.builder.ToStringBuilderTest" time="0"/>
  <testcase name="testReflectionFloatArray" classname="org.apache.commons.lang3.builder.ToStringBuilderTest" time="0"/>
  <testcase name="testLongArrayArray" classname="org.apache.commons.lang3.builder.ToStringBuilderTest" time="0.001"/>
  <testcase name="test_setUpToClass_invalid" classname="org.apache.commons.lang3.builder.ToStringBuilderTest" time="0.001"/>
  <testcase name="testBoolean" classname="org.apache.commons.lang3.builder.ToStringBuilderTest" time="0"/>
  <testcase name="testReflectionDoubleArrayArray" classname="org.apache.commons.lang3.builder.ToStringBuilderTest" time="0.004"/>
  <testcase name="testReflectionBooleanArray" classname="org.apache.commons.lang3.builder.ToStringBuilderTest" time="0.003"/>
  <testcase name="testReflectionInteger" classname="org.apache.commons.lang3.builder.ToStringBuilderTest" time="0.001"/>
  <testcase name="testBooleanArray" classname="org.apache.commons.lang3.builder.ToStringBuilderTest" time="0"/>
  <testcase name="testFloatArrayArray" classname="org.apache.commons.lang3.builder.ToStringBuilderTest" time="0"/>
  <testcase name="testReflectionyteArray" classname="org.apache.commons.lang3.builder.ToStringBuilderTest" time="0.001"/>
  <testcase name="testReflectionDoubleArray" classname="org.apache.commons.lang3.builder.ToStringBuilderTest" time="0.01"/>
  <testcase name="testReflectionIntArrayArray" classname="org.apache.commons.lang3.builder.ToStringBuilderTest" time="0"/>
  <testcase name="testSimpleReflectionStatics" classname="org.apache.commons.lang3.builder.ToStringBuilderTest" time="0.006"/>
  <testcase name="testReflectionStatics" classname="org.apache.commons.lang3.builder.ToStringBuilderTest" time="0.003"/>
  <testcase name="testReflectionLongArray" classname="org.apache.commons.lang3.builder.ToStringBuilderTest" time="0.001"/>
  <testcase name="testReflectionhortArrayArray" classname="org.apache.commons.lang3.builder.ToStringBuilderTest" time="0"/>
  <testcase name="testConstructorEx1" classname="org.apache.commons.lang3.builder.ToStringBuilderTest" time="0"/>
  <testcase name="testConstructorEx2" classname="org.apache.commons.lang3.builder.ToStringBuilderTest" time="0.001"/>
  <testcase name="testConstructorEx3" classname="org.apache.commons.lang3.builder.ToStringBuilderTest" time="0.001"/>
  <testcase name="testReflectionObjectArray" classname="org.apache.commons.lang3.builder.ToStringBuilderTest" time="0"/>
  <testcase name="testReflectionObjectCycle" classname="org.apache.commons.lang3.builder.ToStringBuilderTest" time="0.03"/>
  <testcase name="testReflectionBooleanArrayArray" classname="org.apache.commons.lang3.builder.ToStringBuilderTest" time="0.004"/>
  <testcase name="testLongArray" classname="org.apache.commons.lang3.builder.ToStringBuilderTest" time="0.003"/>
  <testcase name="testSimpleReflectionObjectCycle" classname="org.apache.commons.lang3.builder.ToStringBuilderTest" time="0.014"/>
  <testcase name="testShortArray" classname="org.apache.commons.lang3.builder.ToStringBuilderTest" time="0.006"/>
  <testcase name="testIntArrayArray" classname="org.apache.commons.lang3.builder.ToStringBuilderTest" time="0.005"/>
  <testcase name="testInheritedReflectionStatics" classname="org.apache.commons.lang3.builder.ToStringBuilderTest" time="0.008"/>
  <testcase name="testReflectionByteArrayArray" classname="org.apache.commons.lang3.builder.ToStringBuilderTest" time="0.014"/>
  <testcase name="testReflectionArrayCycleLevel2" classname="org.apache.commons.lang3.builder.ToStringBuilderTest" time="0.011"/>
  <testcase name="testAppendToString" classname="org.apache.commons.lang3.builder.ToStringBuilderTest" time="0.022"/>
  <testcase name="testReflectionArrayAndObjectCycle" classname="org.apache.commons.lang3.builder.ToStringBuilderTest" time="0.01"/>
  <testcase name="testSetDefaultEx" classname="org.apache.commons.lang3.builder.ToStringBuilderTest" time="0.01"/>
  <testcase name="testReflectionCharArrayArray" classname="org.apache.commons.lang3.builder.ToStringBuilderTest" time="0.011"/>
  <testcase name="testIntArray" classname="org.apache.commons.lang3.builder.ToStringBuilderTest" time="0.011"/>
  <testcase name="testDouble" classname="org.apache.commons.lang3.builder.ToStringBuilderTest" time="0.01"/>
  <testcase name="testByteArrayArray" classname="org.apache.commons.lang3.builder.ToStringBuilderTest" time="0.008"/>
  <testcase name="testReflectionShortArray" classname="org.apache.commons.lang3.builder.ToStringBuilderTest" time="0.017"/>
  <testcase name="testCharArrayArray" classname="org.apache.commons.lang3.builder.ToStringBuilderTest" time="0.013"/>
  <testcase name="testSelfInstanceVarReflectionObjectCycle" classname="org.apache.commons.lang3.builder.ToStringBuilderTest" time="0.012"/>
  <testcase name="testObject" classname="org.apache.commons.lang3.builder.ToStringBuilderTest" time="0.023"/>
  <testcase name="testAppendSuper" classname="org.apache.commons.lang3.builder.ToStringBuilderTest" time="0.01"/>
  <testcase name="testReflectionIntArray" classname="org.apache.commons.lang3.builder.ToStringBuilderTest" time="0.007"/>
  <testcase name="testReflectionCharArray" classname="org.apache.commons.lang3.builder.ToStringBuilderTest" time="0.005"/>
  <testcase name="testGetSetDefault" classname="org.apache.commons.lang3.builder.ToStringBuilderTest" time="0.007"/>
  <testcase name="testInnerClassReflection" classname="org.apache.commons.lang3.builder.ToStringBuilderTest" time="0.02"/>
  <testcase name="testReflectionCharacter" classname="org.apache.commons.lang3.builder.ToStringBuilderTest" time="0.019"/>
  <testcase name="testDoubleArray" classname="org.apache.commons.lang3.builder.ToStringBuilderTest" time="0.005"/>
  <testcase name="testReflectionFloatArrayArray" classname="org.apache.commons.lang3.builder.ToStringBuilderTest" time="0.001"/>
</testsuite>