<?xml version="1.0" encoding="UTF-8"?>
<testsuite name="org.mockito.release.comparison.ZipCompareTest" tests="2" skipped="0" failures="0" errors="0" timestamp="2024-03-30T07:00:36" hostname="Shrushtis-MacBook-Air.local" time="0.057">
  <properties/>
  <testcase name="compares zips" classname="org.mockito.release.comparison.ZipCompareTest" time="0.051"/>
  <testcase name="fails early when any of the zips cannot be opened" classname="org.mockito.release.comparison.ZipCompareTest" time="0.004"/>
  <system-out><![CDATA[00:00:36.300 [Test worker] INFO  o.m.release.comparison.ZipCompare - Comparing /var/folders/fp/r3q888xd0pq7wl45t_l61g100000gn/T/junit7676259081271535680/junit6100274293430342499/zip-1.zip with /var/folders/fp/r3q888xd0pq7wl45t_l61g100000gn/T/junit7676259081271535680/junit6100274293430342499/zip-2.zip
00:00:36.302 [Test worker] INFO  o.m.release.comparison.ZipCompare - 4 entries matched
00:00:36.302 [Test worker] INFO  o.m.release.comparison.ZipCompare - Comparing /var/folders/fp/r3q888xd0pq7wl45t_l61g100000gn/T/junit7676259081271535680/junit6100274293430342499/zip-2.zip with /var/folders/fp/r3q888xd0pq7wl45t_l61g100000gn/T/junit7676259081271535680/junit6100274293430342499/zip-1.zip
00:00:36.302 [Test worker] INFO  o.m.release.comparison.ZipCompare - 4 entries matched
00:00:36.302 [Test worker] INFO  o.m.release.comparison.ZipCompare - Comparing /var/folders/fp/r3q888xd0pq7wl45t_l61g100000gn/T/junit7676259081271535680/junit6100274293430342499/zip-1.zip with /var/folders/fp/r3q888xd0pq7wl45t_l61g100000gn/T/junit7676259081271535680/junit6100274293430342499/zip-3.zip
00:00:36.302 [Test worker] INFO  o.m.release.comparison.ZipCompare - x/y/4.txt does not match
00:00:36.302 [Test worker] INFO  o.m.release.comparison.ZipCompare - 3 entries matched
00:00:36.302 [Test worker] INFO  o.m.release.comparison.ZipCompare - 1 entries did not match
00:00:36.302 [Test worker] INFO  o.m.release.comparison.ZipCompare - Comparing /var/folders/fp/r3q888xd0pq7wl45t_l61g100000gn/T/junit7676259081271535680/junit6100274293430342499/zip-1.zip with /var/folders/fp/r3q888xd0pq7wl45t_l61g100000gn/T/junit7676259081271535680/junit6100274293430342499/zip-4.zip
00:00:36.303 [Test worker] INFO  o.m.release.comparison.ZipCompare - x/y/4.txt not found in /var/folders/fp/r3q888xd0pq7wl45t_l61g100000gn/T/junit7676259081271535680/junit6100274293430342499/zip-4.zip
00:00:36.303 [Test worker] INFO  o.m.release.comparison.ZipCompare - 3 entries matched
00:00:36.303 [Test worker] INFO  o.m.release.comparison.ZipCompare - 1 entries did not match
00:00:36.303 [Test worker] INFO  o.m.release.comparison.ZipCompare - Comparing /var/folders/fp/r3q888xd0pq7wl45t_l61g100000gn/T/junit7676259081271535680/junit6100274293430342499/zip-1.zip with /var/folders/fp/r3q888xd0pq7wl45t_l61g100000gn/T/junit7676259081271535680/junit6100274293430342499/zip-5.zip
00:00:36.303 [Test worker] INFO  o.m.release.comparison.ZipCompare - x.txt not found in /var/folders/fp/r3q888xd0pq7wl45t_l61g100000gn/T/junit7676259081271535680/junit6100274293430342499/zip-1.zip
00:00:36.303 [Test worker] INFO  o.m.release.comparison.ZipCompare - 4 entries matched
00:00:36.303 [Test worker] INFO  o.m.release.comparison.ZipCompare - 1 entries did not match
]]></system-out>
  <system-err><![CDATA[]]></system-err>
</testsuite>
