<?xml version="1.0" encoding="UTF-8"?>
<testsuite name="org.mockito.release.notes.vcs.TicketParserTest" tests="2" skipped="0" failures="0" errors="0" timestamp="2024-04-02T18:38:27" hostname="Shrushtis-MacBook-Air.local" time="0.017">
  <properties/>
  <testcase name="no referenced tickets" classname="org.mockito.release.notes.vcs.TicketParserTest" time="0.01"/>
  <testcase name="knows referenced tickets" classname="org.mockito.release.notes.vcs.TicketParserTest" time="0.007"/>
  <system-out><![CDATA[]]></system-out>
  <system-err><![CDATA[]]></system-err>
</testsuite>
