<?xml version="1.0" encoding="UTF-8"?>
<testsuite name="java_testcases.junit.crt_program.SIEVE_TEST" tests="6" skipped="0" failures="0" errors="0" timestamp="2024-04-01T06:32:39" hostname="Sejals-MacBook-Air.local" time="0.005">
  <properties/>
  <testcase name="test_0" classname="java_testcases.junit.crt_program.SIEVE_TEST" time="0.001"/>
  <testcase name="test_1" classname="java_testcases.junit.crt_program.SIEVE_TEST" time="0.0"/>
  <testcase name="test_2" classname="java_testcases.junit.crt_program.SIEVE_TEST" time="0.001"/>
  <testcase name="test_3" classname="java_testcases.junit.crt_program.SIEVE_TEST" time="0.0"/>
  <testcase name="test_4" classname="java_testcases.junit.crt_program.SIEVE_TEST" time="0.002"/>
  <testcase name="test_5" classname="java_testcases.junit.crt_program.SIEVE_TEST" time="0.0"/>
  <system-out><![CDATA[]]></system-out>
  <system-err><![CDATA[]]></system-err>
</testsuite>
