<?xml version="1.0" encoding="UTF-8"?>
<testsuite name="org.semanticweb.owlapi.profiles.test.Profile3TestCase" time="2.491" tests="62" errors="0" skipped="0" failures="0">
  <properties>
    <property name="java.runtime.name" value="OpenJDK Runtime Environment"/>
    <property name="sun.boot.library.path" value="/Library/Java/JavaVirtualMachines/temurin-8.jdk/Contents/Home/jre/lib"/>
    <property name="java.vm.version" value="25.402-b06"/>
    <property name="gopherProxySet" value="false"/>
    <property name="java.vm.vendor" value="Temurin"/>
    <property name="maven.multiModuleProjectDirectory" value="/Users/shreyachaudhary/Desktop/extra/CS527-Project/Bugs/BugSwarm/2nd_round/owlapi-158989792/Buggy-version"/>
    <property name="java.vendor.url" value="https://adoptium.net/"/>
    <property name="path.separator" value=":"/>
    <property name="guice.disable.misplaced.annotation.check" value="true"/>
    <property name="java.vm.name" value="OpenJDK 64-Bit Server VM"/>
    <property name="file.encoding.pkg" value="sun.io"/>
    <property name="user.country" value="US"/>
    <property name="sun.java.launcher" value="SUN_STANDARD"/>
    <property name="sun.os.patch.level" value="unknown"/>
    <property name="java.vm.specification.name" value="Java Virtual Machine Specification"/>
    <property name="user.dir" value="/Users/shreyachaudhary/Desktop/extra/CS527-Project/Bugs/BugSwarm/2nd_round/owlapi-158989792/Buggy-version"/>
    <property name="java.runtime.version" value="1.8.0_402-b06"/>
    <property name="java.awt.graphicsenv" value="sun.awt.CGraphicsEnvironment"/>
    <property name="java.endorsed.dirs" value="/Library/Java/JavaVirtualMachines/temurin-8.jdk/Contents/Home/jre/lib/endorsed"/>
    <property name="os.arch" value="x86_64"/>
    <property name="java.io.tmpdir" value="/var/folders/70/9z8mmtr153x2znr25_zb57mr0000gn/T/"/>
    <property name="line.separator" value="&#10;"/>
    <property name="java.vm.specification.vendor" value="Oracle Corporation"/>
    <property name="os.name" value="Mac OS X"/>
    <property name="classworlds.conf" value="/opt/homebrew/Cellar/maven/3.9.6/libexec/bin/m2.conf"/>
    <property name="sun.jnu.encoding" value="UTF-8"/>
    <property name="java.library.path" value="/Users/shreyachaudhary/Library/Java/Extensions:/Library/Java/Extensions:/Network/Library/Java/Extensions:/System/Library/Java/Extensions:/usr/lib/java:."/>
    <property name="maven.conf" value="/opt/homebrew/Cellar/maven/3.9.6/libexec/conf"/>
    <property name="java.specification.name" value="Java Platform API Specification"/>
    <property name="java.class.version" value="52.0"/>
    <property name="sun.management.compiler" value="HotSpot 64-Bit Tiered Compilers"/>
    <property name="maven.test.failure.ignore" value="true"/>
    <property name="os.version" value="14.4.1"/>
    <property name="library.jansi.path" value="/opt/homebrew/Cellar/maven/3.9.6/libexec/lib/jansi-native"/>
    <property name="http.nonProxyHosts" value="local|*.local|169.254/16|*.169.254/16"/>
    <property name="user.home" value="/Users/shreyachaudhary"/>
    <property name="user.timezone" value="America/Chicago"/>
    <property name="java.awt.printerjob" value="sun.lwawt.macosx.CPrinterJob"/>
    <property name="java.specification.version" value="1.8"/>
    <property name="file.encoding" value="UTF-8"/>
    <property name="user.name" value="shreyachaudhary"/>
    <property name="java.class.path" value="/opt/homebrew/Cellar/maven/3.9.6/libexec/boot/plexus-classworlds-2.7.0.jar"/>
    <property name="java.vm.specification.version" value="1.8"/>
    <property name="sun.arch.data.model" value="64"/>
    <property name="java.home" value="/Library/Java/JavaVirtualMachines/temurin-8.jdk/Contents/Home/jre"/>
    <property name="sun.java.command" value="org.codehaus.plexus.classworlds.launcher.Launcher clean clover:setup test -Dmaven.test.failure.ignore=true clover:aggregate clover:clover"/>
    <property name="java.specification.vendor" value="Oracle Corporation"/>
    <property name="user.language" value="en"/>
    <property name="awt.toolkit" value="sun.lwawt.macosx.LWCToolkit"/>
    <property name="java.vm.info" value="mixed mode"/>
    <property name="java.version" value="1.8.0_402"/>
    <property name="java.ext.dirs" value="/Users/shreyachaudhary/Library/Java/Extensions:/Library/Java/JavaVirtualMachines/temurin-8.jdk/Contents/Home/jre/lib/ext:/Library/Java/Extensions:/Network/Library/Java/Extensions:/System/Library/Java/Extensions:/usr/lib/java"/>
    <property name="sun.boot.class.path" value="/Library/Java/JavaVirtualMachines/temurin-8.jdk/Contents/Home/jre/lib/resources.jar:/Library/Java/JavaVirtualMachines/temurin-8.jdk/Contents/Home/jre/lib/rt.jar:/Library/Java/JavaVirtualMachines/temurin-8.jdk/Contents/Home/jre/lib/sunrsasign.jar:/Library/Java/JavaVirtualMachines/temurin-8.jdk/Contents/Home/jre/lib/jsse.jar:/Library/Java/JavaVirtualMachines/temurin-8.jdk/Contents/Home/jre/lib/jce.jar:/Library/Java/JavaVirtualMachines/temurin-8.jdk/Contents/Home/jre/lib/charsets.jar:/Library/Java/JavaVirtualMachines/temurin-8.jdk/Contents/Home/jre/lib/jfr.jar:/Library/Java/JavaVirtualMachines/temurin-8.jdk/Contents/Home/jre/classes"/>
    <property name="java.vendor" value="Temurin"/>
    <property name="java.specification.maintenance.version" value="5"/>
    <property name="maven.home" value="/opt/homebrew/Cellar/maven/3.9.6/libexec"/>
    <property name="file.separator" value="/"/>
    <property name="java.vendor.url.bug" value="https://github.com/adoptium/adoptium-support/issues"/>
    <property name="sun.cpu.endian" value="little"/>
    <property name="sun.io.unicode.encoding" value="UnicodeBig"/>
    <property name="socksNonProxyHosts" value="local|*.local|169.254/16|*.169.254/16"/>
    <property name="ftp.nonProxyHosts" value="local|*.local|169.254/16|*.169.254/16"/>
    <property name="sun.cpu.isalist" value=""/>
  </properties>
  <testcase name="testURIResolverTestCase3AWebOnt2Ddescription2Dlogic2D503" classname="org.semanticweb.owlapi.profiles.test.Profile3TestCase" time="0.231"/>
  <testcase name="testURIResolverTestCase3AWebOnt2Ddescription2Dlogic2D504" classname="org.semanticweb.owlapi.profiles.test.Profile3TestCase" time="0.1"/>
  <testcase name="testURIResolverTestCase3AWebOnt2Ddescription2Dlogic2D601" classname="org.semanticweb.owlapi.profiles.test.Profile3TestCase" time="0.082"/>
  <testcase name="testURIResolverTestCase3AWebOnt2Ddescription2Dlogic2D602" classname="org.semanticweb.owlapi.profiles.test.Profile3TestCase" time="0.033"/>
  <testcase name="testURIResolverTestCase3AWebOnt2Ddescription2Dlogic2D603" classname="org.semanticweb.owlapi.profiles.test.Profile3TestCase" time="0.044"/>
  <testcase name="testURIResolverTestCase3AWebOnt2Ddescription2Dlogic2D604" classname="org.semanticweb.owlapi.profiles.test.Profile3TestCase" time="0.087"/>
  <testcase name="testURIResolverTestCase3AWebOnt2Ddescription2Dlogic2D605" classname="org.semanticweb.owlapi.profiles.test.Profile3TestCase" time="0.043"/>
  <testcase name="testURIResolverTestCase3AWebOnt2Ddescription2Dlogic2D606" classname="org.semanticweb.owlapi.profiles.test.Profile3TestCase" time="0.091"/>
  <testcase name="testURIResolverTestCase3AWebOnt2Ddescription2Dlogic2D608" classname="org.semanticweb.owlapi.profiles.test.Profile3TestCase" time="0.126"/>
  <testcase name="testURIResolverTestCase3AWebOnt2Ddescription2Dlogic2D609" classname="org.semanticweb.owlapi.profiles.test.Profile3TestCase" time="0.108"/>
  <testcase name="testURIResolverTestCase3AWebOnt2Ddescription2Dlogic2D610" classname="org.semanticweb.owlapi.profiles.test.Profile3TestCase" time="0.044"/>
  <testcase name="testURIResolverTestCase3AWebOnt2Ddescription2Dlogic2D611" classname="org.semanticweb.owlapi.profiles.test.Profile3TestCase" time="0.03"/>
  <testcase name="testURIResolverTestCase3AWebOnt2Ddescription2Dlogic2D612" classname="org.semanticweb.owlapi.profiles.test.Profile3TestCase" time="0.026"/>
  <testcase name="testURIResolverTestCase3AWebOnt2Ddescription2Dlogic2D613" classname="org.semanticweb.owlapi.profiles.test.Profile3TestCase" time="0.039"/>
  <testcase name="testURIResolverTestCase3AWebOnt2Ddescription2Dlogic2D614" classname="org.semanticweb.owlapi.profiles.test.Profile3TestCase" time="0.044"/>
  <testcase name="testURIResolverTestCase3AWebOnt2Ddescription2Dlogic2D615" classname="org.semanticweb.owlapi.profiles.test.Profile3TestCase" time="0.028"/>
  <testcase name="testURIResolverTestCase3AWebOnt2Ddescription2Dlogic2D616" classname="org.semanticweb.owlapi.profiles.test.Profile3TestCase" time="0.02"/>
  <testcase name="testURIResolverTestCase3AWebOnt2Ddescription2Dlogic2D617" classname="org.semanticweb.owlapi.profiles.test.Profile3TestCase" time="0.023"/>
  <testcase name="testURIResolverTestCase3AWebOnt2Ddescription2Dlogic2D623" classname="org.semanticweb.owlapi.profiles.test.Profile3TestCase" time="0.028"/>
  <testcase name="testURIResolverTestCase3AWebOnt2Ddescription2Dlogic2D624" classname="org.semanticweb.owlapi.profiles.test.Profile3TestCase" time="0.033"/>
  <testcase name="testURIResolverTestCase3AWebOnt2Ddescription2Dlogic2D625" classname="org.semanticweb.owlapi.profiles.test.Profile3TestCase" time="0.018"/>
  <testcase name="testURIResolverTestCase3AWebOnt2Ddescription2Dlogic2D626" classname="org.semanticweb.owlapi.profiles.test.Profile3TestCase" time="0.025"/>
  <testcase name="testURIResolverTestCase3AWebOnt2Ddescription2Dlogic2D627" classname="org.semanticweb.owlapi.profiles.test.Profile3TestCase" time="0.027"/>
  <testcase name="testURIResolverTestCase3AWebOnt2Ddescription2Dlogic2D628" classname="org.semanticweb.owlapi.profiles.test.Profile3TestCase" time="0.03"/>
  <testcase name="testURIResolverTestCase3AWebOnt2Ddescription2Dlogic2D629" classname="org.semanticweb.owlapi.profiles.test.Profile3TestCase" time="0.023"/>
  <testcase name="testURIResolverTestCase3AWebOnt2Ddescription2Dlogic2D630" classname="org.semanticweb.owlapi.profiles.test.Profile3TestCase" time="0.026"/>
  <testcase name="testURIResolverTestCase3AWebOnt2Ddescription2Dlogic2D631" classname="org.semanticweb.owlapi.profiles.test.Profile3TestCase" time="0.025"/>
  <testcase name="testURIResolverTestCase3AWebOnt2Ddescription2Dlogic2D632" classname="org.semanticweb.owlapi.profiles.test.Profile3TestCase" time="0.03"/>
  <testcase name="testURIResolverTestCase3AWebOnt2Ddescription2Dlogic2D633" classname="org.semanticweb.owlapi.profiles.test.Profile3TestCase" time="0.024"/>
  <testcase name="testURIResolverTestCase3AWebOnt2Ddescription2Dlogic2D634" classname="org.semanticweb.owlapi.profiles.test.Profile3TestCase" time="0.018"/>
  <testcase name="testURIResolverTestCase3AWebOnt2Ddescription2Dlogic2D641" classname="org.semanticweb.owlapi.profiles.test.Profile3TestCase" time="0.012"/>
  <testcase name="testURIResolverTestCase3AWebOnt2Ddescription2Dlogic2D642" classname="org.semanticweb.owlapi.profiles.test.Profile3TestCase" time="0.017"/>
  <testcase name="testURIResolverTestCase3AWebOnt2Ddescription2Dlogic2D643" classname="org.semanticweb.owlapi.profiles.test.Profile3TestCase" time="0.024"/>
  <testcase name="testURIResolverTestCase3AWebOnt2Ddescription2Dlogic2D644" classname="org.semanticweb.owlapi.profiles.test.Profile3TestCase" time="0.02"/>
  <testcase name="testURIResolverTestCase3AWebOnt2Ddescription2Dlogic2D646" classname="org.semanticweb.owlapi.profiles.test.Profile3TestCase" time="0.011"/>
  <testcase name="testURIResolverTestCase3AWebOnt2Ddescription2Dlogic2D650" classname="org.semanticweb.owlapi.profiles.test.Profile3TestCase" time="0.011"/>
  <testcase name="testURIResolverTestCase3AWebOnt2Ddescription2Dlogic2D661" classname="org.semanticweb.owlapi.profiles.test.Profile3TestCase" time="0.146"/>
  <testcase name="testURIResolverTestCase3AWebOnt2Ddescription2Dlogic2D665" classname="org.semanticweb.owlapi.profiles.test.Profile3TestCase" time="0.045"/>
  <testcase name="testURIResolverTestCase3AWebOnt2Ddescription2Dlogic2D667" classname="org.semanticweb.owlapi.profiles.test.Profile3TestCase" time="0.023"/>
  <testcase name="testURIResolverTestCase3AWebOnt2Ddescription2Dlogic2D905" classname="org.semanticweb.owlapi.profiles.test.Profile3TestCase" time="0.034"/>
  <testcase name="testURIResolverTestCase3AWebOnt2Ddescription2Dlogic2D908" classname="org.semanticweb.owlapi.profiles.test.Profile3TestCase" time="0.043"/>
  <testcase name="testURIResolverTestCase3AWebOnt2DdifferentFrom2D001" classname="org.semanticweb.owlapi.profiles.test.Profile3TestCase" time="0.01"/>
  <testcase name="testURIResolverTestCase3AWebOnt2DmaxCardinality2D001" classname="org.semanticweb.owlapi.profiles.test.Profile3TestCase" time="0.013"/>
  <testcase name="testURIResolverTestCase3AWebOnt2DdisjointWith2D001" classname="org.semanticweb.owlapi.profiles.test.Profile3TestCase" time="0.009"/>
  <testcase name="testURIResolverTestCase3AWebOnt2DequivalentClass2D0082DDirect" classname="org.semanticweb.owlapi.profiles.test.Profile3TestCase" time="0.023"/>
  <testcase name="testURIResolverTestCase3AWebOnt2Dmiscellaneous2D3022DDirect" classname="org.semanticweb.owlapi.profiles.test.Profile3TestCase" time="0.01"/>
  <testcase name="testURIResolverTestCase3AWebOnt2DoneOf2D001" classname="org.semanticweb.owlapi.profiles.test.Profile3TestCase" time="0.018"/>
  <testcase name="testURIResolverTestCase3AWebOnt2DoneOf2D004" classname="org.semanticweb.owlapi.profiles.test.Profile3TestCase" time="0.036"/>
  <testcase name="testURIResolverTestCase3AWebOnt2Dmiscellaneous2D102" classname="org.semanticweb.owlapi.profiles.test.Profile3TestCase" time="0.013"/>
  <testcase name="testURIResolverTestCase3AWebOnt2Dmiscellaneous2D103" classname="org.semanticweb.owlapi.profiles.test.Profile3TestCase" time="0.011"/>
  <testcase name="testURIResolverTestCase3AWebOnt2Dmiscellaneous2D202" classname="org.semanticweb.owlapi.profiles.test.Profile3TestCase" time="0.013"/>
  <testcase name="testURIResolverTestCase3AWebOnt2Dmiscellaneous2D203" classname="org.semanticweb.owlapi.profiles.test.Profile3TestCase" time="0.01"/>
  <testcase name="testURIResolverTestCase3AWebOnt2Dmiscellaneous2D303" classname="org.semanticweb.owlapi.profiles.test.Profile3TestCase" time="0.011"/>
  <testcase name="testURIResolverTestCase3AWebOnt2DequivalentClass2D001" classname="org.semanticweb.owlapi.profiles.test.Profile3TestCase" time="0.007"/>
  <testcase name="testURIResolverTestCase3AWebOnt2DequivalentClass2D002" classname="org.semanticweb.owlapi.profiles.test.Profile3TestCase" time="0.011"/>
  <testcase name="testURIResolverTestCase3AWebOnt2DequivalentClass2D003" classname="org.semanticweb.owlapi.profiles.test.Profile3TestCase" time="0.01"/>
  <testcase name="testURIResolverTestCase3AWebOnt2DequivalentClass2D005" classname="org.semanticweb.owlapi.profiles.test.Profile3TestCase" time="0.012"/>
  <testcase name="testURIResolverTestCase3AWebOnt2DsameAs2D001" classname="org.semanticweb.owlapi.profiles.test.Profile3TestCase" time="0.01"/>
  <testcase name="testURIResolverTestCase3AWebOnt2DequivalentProperty2D001" classname="org.semanticweb.owlapi.profiles.test.Profile3TestCase" time="0.006"/>
  <testcase name="testURIResolverTestCase3AWebOnt2DequivalentProperty2D002" classname="org.semanticweb.owlapi.profiles.test.Profile3TestCase" time="0.165"/>
  <testcase name="testURIResolverTestCase3AWebOnt2DequivalentProperty2D003" classname="org.semanticweb.owlapi.profiles.test.Profile3TestCase" time="0.162"/>
  <testcase name="testURIResolverTestCase3AWebOnt2DequivalentProperty2D004" classname="org.semanticweb.owlapi.profiles.test.Profile3TestCase" time="0.039"/>
</testsuite>