<?xml version="1.0" encoding="UTF-8"?>
<testsuite name="org.semanticweb.owlapi.profiles.test.OWLProfileTestCase" time="0.758" tests="117" errors="0" skipped="0" failures="0">
  <properties>
    <property name="java.runtime.name" value="OpenJDK Runtime Environment"/>
    <property name="sun.boot.library.path" value="/Library/Java/JavaVirtualMachines/temurin-8.jdk/Contents/Home/jre/lib"/>
    <property name="java.vm.version" value="25.402-b06"/>
    <property name="gopherProxySet" value="false"/>
    <property name="java.vm.vendor" value="Temurin"/>
    <property name="maven.multiModuleProjectDirectory" value="/Users/shreyachaudhary/Desktop/extra/CS527-Project/Bugs/BugSwarm/2nd_round/owlapi-158989792/Buggy-version"/>
    <property name="java.vendor.url" value="https://adoptium.net/"/>
    <property name="path.separator" value=":"/>
    <property name="guice.disable.misplaced.annotation.check" value="true"/>
    <property name="java.vm.name" value="OpenJDK 64-Bit Server VM"/>
    <property name="file.encoding.pkg" value="sun.io"/>
    <property name="user.country" value="US"/>
    <property name="sun.java.launcher" value="SUN_STANDARD"/>
    <property name="sun.os.patch.level" value="unknown"/>
    <property name="java.vm.specification.name" value="Java Virtual Machine Specification"/>
    <property name="user.dir" value="/Users/shreyachaudhary/Desktop/extra/CS527-Project/Bugs/BugSwarm/2nd_round/owlapi-158989792/Buggy-version"/>
    <property name="java.runtime.version" value="1.8.0_402-b06"/>
    <property name="java.awt.graphicsenv" value="sun.awt.CGraphicsEnvironment"/>
    <property name="java.endorsed.dirs" value="/Library/Java/JavaVirtualMachines/temurin-8.jdk/Contents/Home/jre/lib/endorsed"/>
    <property name="os.arch" value="x86_64"/>
    <property name="java.io.tmpdir" value="/var/folders/70/9z8mmtr153x2znr25_zb57mr0000gn/T/"/>
    <property name="line.separator" value="&#10;"/>
    <property name="java.vm.specification.vendor" value="Oracle Corporation"/>
    <property name="os.name" value="Mac OS X"/>
    <property name="classworlds.conf" value="/opt/homebrew/Cellar/maven/3.9.6/libexec/bin/m2.conf"/>
    <property name="sun.jnu.encoding" value="UTF-8"/>
    <property name="java.library.path" value="/Users/shreyachaudhary/Library/Java/Extensions:/Library/Java/Extensions:/Network/Library/Java/Extensions:/System/Library/Java/Extensions:/usr/lib/java:."/>
    <property name="maven.conf" value="/opt/homebrew/Cellar/maven/3.9.6/libexec/conf"/>
    <property name="java.specification.name" value="Java Platform API Specification"/>
    <property name="java.class.version" value="52.0"/>
    <property name="sun.management.compiler" value="HotSpot 64-Bit Tiered Compilers"/>
    <property name="maven.test.failure.ignore" value="true"/>
    <property name="os.version" value="14.4.1"/>
    <property name="library.jansi.path" value="/opt/homebrew/Cellar/maven/3.9.6/libexec/lib/jansi-native"/>
    <property name="http.nonProxyHosts" value="local|*.local|169.254/16|*.169.254/16"/>
    <property name="user.home" value="/Users/shreyachaudhary"/>
    <property name="user.timezone" value="America/Chicago"/>
    <property name="java.awt.printerjob" value="sun.lwawt.macosx.CPrinterJob"/>
    <property name="java.specification.version" value="1.8"/>
    <property name="file.encoding" value="UTF-8"/>
    <property name="user.name" value="shreyachaudhary"/>
    <property name="java.class.path" value="/opt/homebrew/Cellar/maven/3.9.6/libexec/boot/plexus-classworlds-2.7.0.jar"/>
    <property name="java.vm.specification.version" value="1.8"/>
    <property name="sun.arch.data.model" value="64"/>
    <property name="java.home" value="/Library/Java/JavaVirtualMachines/temurin-8.jdk/Contents/Home/jre"/>
    <property name="sun.java.command" value="org.codehaus.plexus.classworlds.launcher.Launcher clean clover:setup test -Dmaven.test.failure.ignore=true clover:aggregate clover:clover"/>
    <property name="java.specification.vendor" value="Oracle Corporation"/>
    <property name="user.language" value="en"/>
    <property name="awt.toolkit" value="sun.lwawt.macosx.LWCToolkit"/>
    <property name="java.vm.info" value="mixed mode"/>
    <property name="java.version" value="1.8.0_402"/>
    <property name="java.ext.dirs" value="/Users/shreyachaudhary/Library/Java/Extensions:/Library/Java/JavaVirtualMachines/temurin-8.jdk/Contents/Home/jre/lib/ext:/Library/Java/Extensions:/Network/Library/Java/Extensions:/System/Library/Java/Extensions:/usr/lib/java"/>
    <property name="sun.boot.class.path" value="/Library/Java/JavaVirtualMachines/temurin-8.jdk/Contents/Home/jre/lib/resources.jar:/Library/Java/JavaVirtualMachines/temurin-8.jdk/Contents/Home/jre/lib/rt.jar:/Library/Java/JavaVirtualMachines/temurin-8.jdk/Contents/Home/jre/lib/sunrsasign.jar:/Library/Java/JavaVirtualMachines/temurin-8.jdk/Contents/Home/jre/lib/jsse.jar:/Library/Java/JavaVirtualMachines/temurin-8.jdk/Contents/Home/jre/lib/jce.jar:/Library/Java/JavaVirtualMachines/temurin-8.jdk/Contents/Home/jre/lib/charsets.jar:/Library/Java/JavaVirtualMachines/temurin-8.jdk/Contents/Home/jre/lib/jfr.jar:/Library/Java/JavaVirtualMachines/temurin-8.jdk/Contents/Home/jre/classes"/>
    <property name="java.vendor" value="Temurin"/>
    <property name="java.specification.maintenance.version" value="5"/>
    <property name="maven.home" value="/opt/homebrew/Cellar/maven/3.9.6/libexec"/>
    <property name="file.separator" value="/"/>
    <property name="java.vendor.url.bug" value="https://github.com/adoptium/adoptium-support/issues"/>
    <property name="sun.cpu.endian" value="little"/>
    <property name="sun.io.unicode.encoding" value="UnicodeBig"/>
    <property name="socksNonProxyHosts" value="local|*.local|169.254/16|*.169.254/16"/>
    <property name="ftp.nonProxyHosts" value="local|*.local|169.254/16|*.169.254/16"/>
    <property name="sun.cpu.isalist" value=""/>
  </properties>
  <testcase name="shouldCreateViolationForOWLInverseFunctionalObjectPropertyAxiomInOWL2QLProfile" classname="org.semanticweb.owlapi.profiles.test.OWLProfileTestCase" time="0.029"/>
  <testcase name="shouldCreateViolationForOWLDisjointClassesAxiomInOWL2QLProfile" classname="org.semanticweb.owlapi.profiles.test.OWLProfileTestCase" time="0.005"/>
  <testcase name="shouldCreateViolationForOWLDataExactCardinalityInOWL2ELProfile" classname="org.semanticweb.owlapi.profiles.test.OWLProfileTestCase" time="0.006"/>
  <testcase name="shouldCreateViolationForSWRLRuleInOWL2ELProfile" classname="org.semanticweb.owlapi.profiles.test.OWLProfileTestCase" time="0.004"/>
  <testcase name="shouldCreateViolationForIRIInOWL2Profile" classname="org.semanticweb.owlapi.profiles.test.OWLProfileTestCase" time="0.012"/>
  <testcase name="shouldCreateViolationForOWLDatatypeRestrictionInOWL2QLProfile" classname="org.semanticweb.owlapi.profiles.test.OWLProfileTestCase" time="0.011"/>
  <testcase name="shouldCreateViolationForOWLInverseFunctionalObjectPropertyAxiomInOWL2ELProfile" classname="org.semanticweb.owlapi.profiles.test.OWLProfileTestCase" time="0.005"/>
  <testcase name="shouldCreateViolationForOWLSameIndividualAxiomInOWL2DLProfile" classname="org.semanticweb.owlapi.profiles.test.OWLProfileTestCase" time="0.005"/>
  <testcase name="shouldCreateViolationForOWLObjectAllValuesFromInOWL2ELProfile" classname="org.semanticweb.owlapi.profiles.test.OWLProfileTestCase" time="0.006"/>
  <testcase name="shouldCreateViolationForOWLDataPropertyDomainAxiomInOWL2RLProfile" classname="org.semanticweb.owlapi.profiles.test.OWLProfileTestCase" time="0.004"/>
  <testcase name="shouldCreateViolationForOWLDatatypeDefinitionAxiomInOWL2Profile" classname="org.semanticweb.owlapi.profiles.test.OWLProfileTestCase" time="0.006"/>
  <testcase name="shouldCreateViolationForOWLEquivalentClassesAxiomInOWL2RLProfile" classname="org.semanticweb.owlapi.profiles.test.OWLProfileTestCase" time="0.003"/>
  <testcase name="shouldCreateViolationForOWLAnnotationPropertyInOWL2DLProfile" classname="org.semanticweb.owlapi.profiles.test.OWLProfileTestCase" time="0.021"/>
  <testcase name="shouldCreateViolationForOWLOntologyInOWL2DLProfile" classname="org.semanticweb.owlapi.profiles.test.OWLProfileTestCase" time="0.018"/>
  <testcase name="shouldCreateViolationForOWLDatatypeRestrictionInOWL2ELProfile" classname="org.semanticweb.owlapi.profiles.test.OWLProfileTestCase" time="0.003"/>
  <testcase name="shouldCreateViolationForOWLDataAllValuesFromInOWL2ELProfile" classname="org.semanticweb.owlapi.profiles.test.OWLProfileTestCase" time="0.003"/>
  <testcase name="shouldNotCreateViolationForOWLIrreflexiveObjectPropertyAxiomInOWL2QLProfile" classname="org.semanticweb.owlapi.profiles.test.OWLProfileTestCase" time="0.002"/>
  <testcase name="shouldCreateViolationForOWLNegativeDataPropertyAssertionAxiomInOWL2QLProfile" classname="org.semanticweb.owlapi.profiles.test.OWLProfileTestCase" time="0.004"/>
  <testcase name="shouldCreateViolationForOWLObjectMaxCardinalityInOWL2ELProfile" classname="org.semanticweb.owlapi.profiles.test.OWLProfileTestCase" time="0.003"/>
  <testcase name="shouldCreateViolationForOWLObjectPropertyInOWL2DLProfile" classname="org.semanticweb.owlapi.profiles.test.OWLProfileTestCase" time="0.011"/>
  <testcase name="shouldCreateViolationForOWLDisjointUnionAxiomInOWL2QLProfile" classname="org.semanticweb.owlapi.profiles.test.OWLProfileTestCase" time="0.002"/>
  <testcase name="shouldCreateViolationForOWLObjectPropertyRangeAxiomInOWL2RLProfile" classname="org.semanticweb.owlapi.profiles.test.OWLProfileTestCase" time="0.005"/>
  <testcase name="shouldCreateViolationForOWLDataMinCardinalityInOWL2ELProfile" classname="org.semanticweb.owlapi.profiles.test.OWLProfileTestCase" time="0.003"/>
  <testcase name="shouldCreateViolationForOWLDataComplementOfInOWL2RLProfile" classname="org.semanticweb.owlapi.profiles.test.OWLProfileTestCase" time="0.003"/>
  <testcase name="shouldCreateViolationForOWLObjectUnionOfInOWL2ELProfile" classname="org.semanticweb.owlapi.profiles.test.OWLProfileTestCase" time="0.003"/>
  <testcase name="shouldCreateViolationForOWLDataUnionOfInOWL2QLProfile" classname="org.semanticweb.owlapi.profiles.test.OWLProfileTestCase" time="0.001"/>
  <testcase name="shouldCreateViolationForOWLDisjointUnionAxiomInOWL2ELProfile" classname="org.semanticweb.owlapi.profiles.test.OWLProfileTestCase" time="0.005"/>
  <testcase name="shouldNotCreateViolationForOWLDataIntersectionOfInOWL2RLProfile" classname="org.semanticweb.owlapi.profiles.test.OWLProfileTestCase" time="0.001"/>
  <testcase name="shouldCreateViolationForOWLFunctionalDataPropertyAxiomInOWL2QLProfile" classname="org.semanticweb.owlapi.profiles.test.OWLProfileTestCase" time="0"/>
  <testcase name="shouldCreateViolationForOWLSubPropertyChainOfAxiomInOWL2DLProfile" classname="org.semanticweb.owlapi.profiles.test.OWLProfileTestCase" time="0.008"/>
  <testcase name="shouldCreateViolationForOWLEquivalentObjectPropertiesAxiomInOWL2DLProfile" classname="org.semanticweb.owlapi.profiles.test.OWLProfileTestCase" time="0.008"/>
  <testcase name="shouldCreateViolationForOWLDataUnionOfInOWL2ELProfile" classname="org.semanticweb.owlapi.profiles.test.OWLProfileTestCase" time="0.003"/>
  <testcase name="shouldCreateViolationForOWLDatatypeInOWL2QLProfile" classname="org.semanticweb.owlapi.profiles.test.OWLProfileTestCase" time="0.002"/>
  <testcase name="shouldCreateViolationForOWLAsymmetricObjectPropertyAxiomInOWL2DLProfile" classname="org.semanticweb.owlapi.profiles.test.OWLProfileTestCase" time="0.004"/>
  <testcase name="shouldCreateViolationForOWLDatatypeDefinitionAxiomInOWL2DLProfile" classname="org.semanticweb.owlapi.profiles.test.OWLProfileTestCase" time="0.01"/>
  <testcase name="shouldCreateViolationForOWLHasKeyAxiomInOWL2QLProfile" classname="org.semanticweb.owlapi.profiles.test.OWLProfileTestCase" time="0.007"/>
  <testcase name="shouldCreateViolationForOWLDifferentIndividualsAxiomInOWL2DLProfile" classname="org.semanticweb.owlapi.profiles.test.OWLProfileTestCase" time="0.007"/>
  <testcase name="shouldCreateViolationForOWLObjectInverseOfInOWL2ELProfile" classname="org.semanticweb.owlapi.profiles.test.OWLProfileTestCase" time="0.005"/>
  <testcase name="shouldCreateViolationForOWLDatatypeInOWL2ELProfile" classname="org.semanticweb.owlapi.profiles.test.OWLProfileTestCase" time="0.002"/>
  <testcase name="shouldCreateViolationForOWLHasKeyAxiomInOWL2ELProfile" classname="org.semanticweb.owlapi.profiles.test.OWLProfileTestCase" time="0.002"/>
  <testcase name="shouldCreateViolationForOWLObjectExactCardinalityInOWL2ELProfile" classname="org.semanticweb.owlapi.profiles.test.OWLProfileTestCase" time="0.004"/>
  <testcase name="shouldCreateViolationForOWLEquivalentDataPropertiesAxiomInOWL2DLProfile" classname="org.semanticweb.owlapi.profiles.test.OWLProfileTestCase" time="0.006"/>
  <testcase name="shouldCreateViolationForOWLFunctionalObjectPropertyAxiomInOWL2DLProfile" classname="org.semanticweb.owlapi.profiles.test.OWLProfileTestCase" time="0.011"/>
  <testcase name="shouldCreateViolationForOWLSubClassOfAxiomInOWL2RLProfile" classname="org.semanticweb.owlapi.profiles.test.OWLProfileTestCase" time="0.003"/>
  <testcase name="shouldCreateViolationForOWLDatatypeDefinitionAxiomInOWL2DLProfileCycles" classname="org.semanticweb.owlapi.profiles.test.OWLProfileTestCase" time="0.005"/>
  <testcase name="shouldNotCreateViolationForOWLEquivalentDataPropertiesAxiomInOWL2RLProfile" classname="org.semanticweb.owlapi.profiles.test.OWLProfileTestCase" time="0.003"/>
  <testcase name="shouldCreateViolationForOWLDataOneOfInOWL2DLProfile" classname="org.semanticweb.owlapi.profiles.test.OWLProfileTestCase" time="0.002"/>
  <testcase name="shouldCreateViolationForOWLDatatypeDefinitionAxiomInOWL2RLProfile" classname="org.semanticweb.owlapi.profiles.test.OWLProfileTestCase" time="0.003"/>
  <testcase name="shouldCreateViolationForOWLClassAssertionAxiomInOWL2QLProfile" classname="org.semanticweb.owlapi.profiles.test.OWLProfileTestCase" time="0.003"/>
  <testcase name="shouldCreateViolationForOWLDisjointDataPropertiesAxiomInOWL2ELProfile" classname="org.semanticweb.owlapi.profiles.test.OWLProfileTestCase" time="0.005"/>
  <testcase name="shouldCreateViolationForOWLIrreflexiveObjectPropertyAxiomInOWL2DLProfile" classname="org.semanticweb.owlapi.profiles.test.OWLProfileTestCase" time="0.005"/>
  <testcase name="shouldCreateViolationForOWLTransitiveObjectPropertyAxiomInOWL2QLProfile" classname="org.semanticweb.owlapi.profiles.test.OWLProfileTestCase" time="0.004"/>
  <testcase name="shouldCreateViolationForOWLDatatypeRestrictionInOWL2Profile" classname="org.semanticweb.owlapi.profiles.test.OWLProfileTestCase" time="0.005"/>
  <testcase name="shouldCreateViolationForOWLObjectPropertyDomainAxiomInOWL2RLProfile" classname="org.semanticweb.owlapi.profiles.test.OWLProfileTestCase" time="0.005"/>
  <testcase name="shouldCreateViolationForOWLObjectMinCardinalityInOWL2ELProfile" classname="org.semanticweb.owlapi.profiles.test.OWLProfileTestCase" time="0.003"/>
  <testcase name="shouldCreateViolationForOWLNegativeObjectPropertyAssertionAxiomInOWL2QLProfile" classname="org.semanticweb.owlapi.profiles.test.OWLProfileTestCase" time="0.006"/>
  <testcase name="shouldCreateViolationForOWLDataOneOfInOWL2RLProfile" classname="org.semanticweb.owlapi.profiles.test.OWLProfileTestCase" time="0.003"/>
  <testcase name="shouldCreateViolationForOWLInverseFunctionalObjectPropertyAxiomInOWL2DLProfile" classname="org.semanticweb.owlapi.profiles.test.OWLProfileTestCase" time="0.004"/>
  <testcase name="shouldCreateViolationForOWLDisjointClassesAxiomInOWL2DLProfile" classname="org.semanticweb.owlapi.profiles.test.OWLProfileTestCase" time="0.007"/>
  <testcase name="shouldCreateViolationForOWLDataPropertyDomainAxiomInOWL2QLProfile" classname="org.semanticweb.owlapi.profiles.test.OWLProfileTestCase" time="0.003"/>
  <testcase name="shouldCreateViolationForOWLSubDataPropertyOfAxiomInOWL2DLProfile" classname="org.semanticweb.owlapi.profiles.test.OWLProfileTestCase" time="0.003"/>
  <testcase name="shouldCreateViolationForOWLEquivalentClassesAxiomInOWL2QLProfile" classname="org.semanticweb.owlapi.profiles.test.OWLProfileTestCase" time="0.003"/>
  <testcase name="shouldCreateViolationForOWLDataIntersectionOfInOWL2DLProfile" classname="org.semanticweb.owlapi.profiles.test.OWLProfileTestCase" time="0.003"/>
  <testcase name="shouldCreateViolationForOWLDisjointObjectPropertiesAxiomInOWL2ELProfile" classname="org.semanticweb.owlapi.profiles.test.OWLProfileTestCase" time="0.003"/>
  <testcase name="shouldCreateViolationForOWLObjectComplementOfInOWL2ELProfile" classname="org.semanticweb.owlapi.profiles.test.OWLProfileTestCase" time="0.002"/>
  <testcase name="shouldCreateViolationForOWLObjectMaxCardinalityInOWL2DLProfile" classname="org.semanticweb.owlapi.profiles.test.OWLProfileTestCase" time="0.002"/>
  <testcase name="shouldCreateViolationForOWLSymmetricObjectPropertyAxiomInOWL2ELProfile" classname="org.semanticweb.owlapi.profiles.test.OWLProfileTestCase" time="0.004"/>
  <testcase name="shouldCreateViolationForSWRLRuleInOWL2RLProfile" classname="org.semanticweb.owlapi.profiles.test.OWLProfileTestCase" time="0.002"/>
  <testcase name="shouldCreateViolationForOWLObjectOneOfInOWL2ELProfile" classname="org.semanticweb.owlapi.profiles.test.OWLProfileTestCase" time="0.003"/>
  <testcase name="shouldCreateViolationForOWLObjectPropertyRangeAxiomInOWL2QLProfile" classname="org.semanticweb.owlapi.profiles.test.OWLProfileTestCase" time="0.002"/>
  <testcase name="shouldCreateViolationForOWLSameIndividualAxiomInOWL2QLProfile" classname="org.semanticweb.owlapi.profiles.test.OWLProfileTestCase" time="0.002"/>
  <testcase name="shouldCreateViolationForOWLDisjointClassesAxiomInOWL2RLProfile" classname="org.semanticweb.owlapi.profiles.test.OWLProfileTestCase" time="0.003"/>
  <testcase name="shouldCreateViolationForOWLAnonymousIndividualInOWL2QLProfile" classname="org.semanticweb.owlapi.profiles.test.OWLProfileTestCase" time="0.004"/>
  <testcase name="shouldCreateViolationForOWLDataComplementOfInOWL2QLProfile" classname="org.semanticweb.owlapi.profiles.test.OWLProfileTestCase" time="0.004"/>
  <testcase name="shouldCreateViolationForOWLObjectUnionOfInOWL2DLProfile" classname="org.semanticweb.owlapi.profiles.test.OWLProfileTestCase" time="0.01"/>
  <testcase name="shouldCreateViolationForOWLDisjointUnionAxiomInOWL2DLProfile" classname="org.semanticweb.owlapi.profiles.test.OWLProfileTestCase" time="0.003"/>
  <testcase name="shouldCreateViolationForOWLDatatypeRestrictionInOWL2RLProfile" classname="org.semanticweb.owlapi.profiles.test.OWLProfileTestCase" time="0.003"/>
  <testcase name="shouldCreateViolationForOWLAnonymousIndividualInOWL2ELProfile" classname="org.semanticweb.owlapi.profiles.test.OWLProfileTestCase" time="0.003"/>
  <testcase name="shouldCreateViolationForOWLDataComplementOfInOWL2ELProfile" classname="org.semanticweb.owlapi.profiles.test.OWLProfileTestCase" time="0.004"/>
  <testcase name="shouldCreateViolationForOWLDataUnionOfInOWL2DLProfile" classname="org.semanticweb.owlapi.profiles.test.OWLProfileTestCase" time="0.004"/>
  <testcase name="shouldCreateViolationForOWLDataPropertyInOWL2DLProfile1" classname="org.semanticweb.owlapi.profiles.test.OWLProfileTestCase" time="0.003"/>
  <testcase name="shouldCreateViolationForOWLDataPropertyInOWL2DLProfile2" classname="org.semanticweb.owlapi.profiles.test.OWLProfileTestCase" time="0.01"/>
  <testcase name="shouldCreateViolationForOWLDataPropertyInOWL2DLProfile3" classname="org.semanticweb.owlapi.profiles.test.OWLProfileTestCase" time="0.021"/>
  <testcase name="shouldCreateViolationForOWLDataPropertyInOWL2DLProfile4" classname="org.semanticweb.owlapi.profiles.test.OWLProfileTestCase" time="0.006"/>
  <testcase name="shouldCreateViolationForOWLDatatypeInOWL2DLProfile" classname="org.semanticweb.owlapi.profiles.test.OWLProfileTestCase" time="0.013"/>
  <testcase name="shouldCreateViolationForOWLDisjointUnionAxiomInOWL2RLProfile" classname="org.semanticweb.owlapi.profiles.test.OWLProfileTestCase" time="0.01"/>
  <testcase name="shouldCreateViolationForOWLNamedIndividualInOWL2DLProfile" classname="org.semanticweb.owlapi.profiles.test.OWLProfileTestCase" time="0.012"/>
  <testcase name="shouldCreateViolationForOWLHasKeyAxiomInOWL2DLProfile" classname="org.semanticweb.owlapi.profiles.test.OWLProfileTestCase" time="0.007"/>
  <testcase name="shouldCreateViolationForOWLObjectExactCardinalityInOWL2DLProfile" classname="org.semanticweb.owlapi.profiles.test.OWLProfileTestCase" time="0.007"/>
  <testcase name="shouldCreateViolationForOWLObjectIntersectionOfInOWL2DLProfile" classname="org.semanticweb.owlapi.profiles.test.OWLProfileTestCase" time="0.006"/>
  <testcase name="shouldCreateViolationForOWLSubClassOfAxiomInOWL2QLProfile" classname="org.semanticweb.owlapi.profiles.test.OWLProfileTestCase" time="0.008"/>
  <testcase name="shouldCreateViolationForOWLSubPropertyChainOfAxiomInOWL2QLProfile" classname="org.semanticweb.owlapi.profiles.test.OWLProfileTestCase" time="0.009"/>
  <testcase name="shouldCreateViolationForOWLDataUnionOfInOWL2RLProfile" classname="org.semanticweb.owlapi.profiles.test.OWLProfileTestCase" time="0.004"/>
  <testcase name="shouldCreateViolationForOWLFunctionalDataPropertyAxiomInOWL2RLProfile" classname="org.semanticweb.owlapi.profiles.test.OWLProfileTestCase" time="0.005"/>
  <testcase name="shouldCreateViolationForOWLDisjointDataPropertiesAxiomInOWL2DLProfile" classname="org.semanticweb.owlapi.profiles.test.OWLProfileTestCase" time="0.005"/>
  <testcase name="shouldCreateViolationForOWLSubPropertyChainOfAxiomInOWL2ELProfile" classname="org.semanticweb.owlapi.profiles.test.OWLProfileTestCase" time="0.007"/>
  <testcase name="shouldCreateViolationForOWLDatatypeInOWL2RLProfile" classname="org.semanticweb.owlapi.profiles.test.OWLProfileTestCase" time="0.005"/>
  <testcase name="shouldCreateViolationForOWLObjectPropertyDomainAxiomInOWL2QLProfile" classname="org.semanticweb.owlapi.profiles.test.OWLProfileTestCase" time="0.005"/>
  <testcase name="shouldCreateViolationForOWLInverseObjectPropertiesAxiomInOWL2ELProfile" classname="org.semanticweb.owlapi.profiles.test.OWLProfileTestCase" time="0.008"/>
  <testcase name="shouldCreateViolationForOWLAsymmetricObjectPropertyAxiomInOWL2ELProfile" classname="org.semanticweb.owlapi.profiles.test.OWLProfileTestCase" time="0.004"/>
  <testcase name="shouldCreateViolationForOWLObjectMinCardinalityInOWL2DLProfile" classname="org.semanticweb.owlapi.profiles.test.OWLProfileTestCase" time="0.008"/>
  <testcase name="shouldCreateViolationForOWLHasKeyAxiomInOWL2RLProfile" classname="org.semanticweb.owlapi.profiles.test.OWLProfileTestCase" time="0.007"/>
  <testcase name="shouldCreateViolationForOWLLiteralInOWL2Profile" classname="org.semanticweb.owlapi.profiles.test.OWLProfileTestCase" time="0.031"/>
  <testcase name="shouldCreateViolationForOWLDataMaxCardinalityInOWL2ELProfile" classname="org.semanticweb.owlapi.profiles.test.OWLProfileTestCase" time="0.006"/>
  <testcase name="shouldCreateViolationForOWLFunctionalObjectPropertyAxiomInOWL2QLProfile" classname="org.semanticweb.owlapi.profiles.test.OWLProfileTestCase" time="0.003"/>
  <testcase name="shouldCreateViolationForOWLDataOneOfInOWL2QLProfile" classname="org.semanticweb.owlapi.profiles.test.OWLProfileTestCase" time="0.016"/>
  <testcase name="shouldCreateViolationForOWLObjectHasSelfInOWL2DLProfile" classname="org.semanticweb.owlapi.profiles.test.OWLProfileTestCase" time="0.014"/>
  <testcase name="shouldCreateViolationForOWLDisjointDataPropertiesAxiomInOWL2RLProfile" classname="org.semanticweb.owlapi.profiles.test.OWLProfileTestCase" time="0.006"/>
  <testcase name="shouldCreateViolationForOWLFunctionalObjectPropertyAxiomInOWL2ELProfile" classname="org.semanticweb.owlapi.profiles.test.OWLProfileTestCase" time="0.008"/>
  <testcase name="shouldCreateViolationForOWLClassInOWL2DLProfile" classname="org.semanticweb.owlapi.profiles.test.OWLProfileTestCase" time="0.029"/>
  <testcase name="shouldCreateViolationForOWLDataOneOfInOWL2ELProfile" classname="org.semanticweb.owlapi.profiles.test.OWLProfileTestCase" time="0.006"/>
  <testcase name="shouldCreateViolationForOWLDisjointObjectPropertiesAxiomInOWL2DLProfile" classname="org.semanticweb.owlapi.profiles.test.OWLProfileTestCase" time="0.013"/>
  <testcase name="shouldCreateViolationForOWLClassAssertionAxiomInOWL2RLProfile" classname="org.semanticweb.owlapi.profiles.test.OWLProfileTestCase" time="0.021"/>
  <testcase name="shouldCreateViolationForOWLEquivalentClassesAxiomInOWL2DLProfile" classname="org.semanticweb.owlapi.profiles.test.OWLProfileTestCase" time="0.011"/>
  <testcase name="shouldCreateViolationForOWLIrreflexiveObjectPropertyAxiomInOWL2ELProfile" classname="org.semanticweb.owlapi.profiles.test.OWLProfileTestCase" time="0.008"/>
  <testcase name="shouldCreateViolationForSWRLRuleInOWL2QLProfile" classname="org.semanticweb.owlapi.profiles.test.OWLProfileTestCase" time="0.005"/>
  <testcase name="shouldCreateViolationForOWLObjectOneOfInOWL2DLProfile" classname="org.semanticweb.owlapi.profiles.test.OWLProfileTestCase" time="0.012"/>
</testsuite>