<?xml version="1.0" encoding="UTF-8"?>
<testsuite name="org.semanticweb.owlapi.api.test.ontology.SWRLRuleAlternateNSTestCase" time="1.047" tests="11" errors="0" skipped="0" failures="1">
  <properties>
    <property name="java.runtime.name" value="OpenJDK Runtime Environment"/>
    <property name="sun.boot.library.path" value="/Library/Java/JavaVirtualMachines/temurin-8.jdk/Contents/Home/jre/lib"/>
    <property name="java.vm.version" value="25.402-b06"/>
    <property name="gopherProxySet" value="false"/>
    <property name="java.vm.vendor" value="Temurin"/>
    <property name="maven.multiModuleProjectDirectory" value="/Users/shreyachaudhary/Desktop/extra/CS527-Project/Bugs/BugSwarm/2nd_round/owlapi-158989792/Buggy-version"/>
    <property name="java.vendor.url" value="https://adoptium.net/"/>
    <property name="path.separator" value=":"/>
    <property name="guice.disable.misplaced.annotation.check" value="true"/>
    <property name="java.vm.name" value="OpenJDK 64-Bit Server VM"/>
    <property name="file.encoding.pkg" value="sun.io"/>
    <property name="user.country" value="US"/>
    <property name="sun.java.launcher" value="SUN_STANDARD"/>
    <property name="sun.os.patch.level" value="unknown"/>
    <property name="java.vm.specification.name" value="Java Virtual Machine Specification"/>
    <property name="user.dir" value="/Users/shreyachaudhary/Desktop/extra/CS527-Project/Bugs/BugSwarm/2nd_round/owlapi-158989792/Buggy-version"/>
    <property name="java.runtime.version" value="1.8.0_402-b06"/>
    <property name="java.awt.graphicsenv" value="sun.awt.CGraphicsEnvironment"/>
    <property name="java.endorsed.dirs" value="/Library/Java/JavaVirtualMachines/temurin-8.jdk/Contents/Home/jre/lib/endorsed"/>
    <property name="os.arch" value="x86_64"/>
    <property name="java.io.tmpdir" value="/var/folders/70/9z8mmtr153x2znr25_zb57mr0000gn/T/"/>
    <property name="line.separator" value="&#10;"/>
    <property name="java.vm.specification.vendor" value="Oracle Corporation"/>
    <property name="os.name" value="Mac OS X"/>
    <property name="classworlds.conf" value="/opt/homebrew/Cellar/maven/3.9.6/libexec/bin/m2.conf"/>
    <property name="sun.jnu.encoding" value="UTF-8"/>
    <property name="java.library.path" value="/Users/shreyachaudhary/Library/Java/Extensions:/Library/Java/Extensions:/Network/Library/Java/Extensions:/System/Library/Java/Extensions:/usr/lib/java:."/>
    <property name="maven.conf" value="/opt/homebrew/Cellar/maven/3.9.6/libexec/conf"/>
    <property name="java.specification.name" value="Java Platform API Specification"/>
    <property name="java.class.version" value="52.0"/>
    <property name="sun.management.compiler" value="HotSpot 64-Bit Tiered Compilers"/>
    <property name="maven.test.failure.ignore" value="true"/>
    <property name="os.version" value="14.4.1"/>
    <property name="library.jansi.path" value="/opt/homebrew/Cellar/maven/3.9.6/libexec/lib/jansi-native"/>
    <property name="http.nonProxyHosts" value="local|*.local|169.254/16|*.169.254/16"/>
    <property name="user.home" value="/Users/shreyachaudhary"/>
    <property name="user.timezone" value="America/Chicago"/>
    <property name="java.awt.printerjob" value="sun.lwawt.macosx.CPrinterJob"/>
    <property name="java.specification.version" value="1.8"/>
    <property name="file.encoding" value="UTF-8"/>
    <property name="user.name" value="shreyachaudhary"/>
    <property name="java.class.path" value="/opt/homebrew/Cellar/maven/3.9.6/libexec/boot/plexus-classworlds-2.7.0.jar"/>
    <property name="java.vm.specification.version" value="1.8"/>
    <property name="sun.arch.data.model" value="64"/>
    <property name="java.home" value="/Library/Java/JavaVirtualMachines/temurin-8.jdk/Contents/Home/jre"/>
    <property name="sun.java.command" value="org.codehaus.plexus.classworlds.launcher.Launcher clean clover:setup test -Dmaven.test.failure.ignore=true clover:aggregate clover:clover"/>
    <property name="java.specification.vendor" value="Oracle Corporation"/>
    <property name="user.language" value="en"/>
    <property name="awt.toolkit" value="sun.lwawt.macosx.LWCToolkit"/>
    <property name="java.vm.info" value="mixed mode"/>
    <property name="java.version" value="1.8.0_402"/>
    <property name="java.ext.dirs" value="/Users/shreyachaudhary/Library/Java/Extensions:/Library/Java/JavaVirtualMachines/temurin-8.jdk/Contents/Home/jre/lib/ext:/Library/Java/Extensions:/Network/Library/Java/Extensions:/System/Library/Java/Extensions:/usr/lib/java"/>
    <property name="sun.boot.class.path" value="/Library/Java/JavaVirtualMachines/temurin-8.jdk/Contents/Home/jre/lib/resources.jar:/Library/Java/JavaVirtualMachines/temurin-8.jdk/Contents/Home/jre/lib/rt.jar:/Library/Java/JavaVirtualMachines/temurin-8.jdk/Contents/Home/jre/lib/sunrsasign.jar:/Library/Java/JavaVirtualMachines/temurin-8.jdk/Contents/Home/jre/lib/jsse.jar:/Library/Java/JavaVirtualMachines/temurin-8.jdk/Contents/Home/jre/lib/jce.jar:/Library/Java/JavaVirtualMachines/temurin-8.jdk/Contents/Home/jre/lib/charsets.jar:/Library/Java/JavaVirtualMachines/temurin-8.jdk/Contents/Home/jre/lib/jfr.jar:/Library/Java/JavaVirtualMachines/temurin-8.jdk/Contents/Home/jre/classes"/>
    <property name="java.vendor" value="Temurin"/>
    <property name="java.specification.maintenance.version" value="5"/>
    <property name="maven.home" value="/opt/homebrew/Cellar/maven/3.9.6/libexec"/>
    <property name="file.separator" value="/"/>
    <property name="java.vendor.url.bug" value="https://github.com/adoptium/adoptium-support/issues"/>
    <property name="sun.cpu.endian" value="little"/>
    <property name="sun.io.unicode.encoding" value="UnicodeBig"/>
    <property name="socksNonProxyHosts" value="local|*.local|169.254/16|*.169.254/16"/>
    <property name="ftp.nonProxyHosts" value="local|*.local|169.254/16|*.169.254/16"/>
    <property name="sun.cpu.isalist" value=""/>
  </properties>
  <testcase name="testManchesterOWLSyntax" classname="org.semanticweb.owlapi.api.test.ontology.SWRLRuleAlternateNSTestCase" time="0.074"/>
  <testcase name="testTrig" classname="org.semanticweb.owlapi.api.test.ontology.SWRLRuleAlternateNSTestCase" time="0.225"/>
  <testcase name="testRDFJSON" classname="org.semanticweb.owlapi.api.test.ontology.SWRLRuleAlternateNSTestCase" time="0.117"/>
  <testcase name="testNTriples" classname="org.semanticweb.owlapi.api.test.ontology.SWRLRuleAlternateNSTestCase" time="0.061"/>
  <testcase name="roundTripRDFXMLAndFunctionalShouldBeSame" classname="org.semanticweb.owlapi.api.test.ontology.SWRLRuleAlternateNSTestCase" time="0.123"/>
  <testcase name="testJSONLD" classname="org.semanticweb.owlapi.api.test.ontology.SWRLRuleAlternateNSTestCase" time="0.065"/>
  <testcase name="testNQuads" classname="org.semanticweb.owlapi.api.test.ontology.SWRLRuleAlternateNSTestCase" time="0.043"/>
  <testcase name="testOWLXML" classname="org.semanticweb.owlapi.api.test.ontology.SWRLRuleAlternateNSTestCase" time="0.165">
    <failure message="SWRLRuleAlternateNSTestCase roundTripOntology() Failing to match axioms: &#10;Rem axiom: DLSafeRule( Body(ClassAtom(&lt;http://www.semanticweb.org/owlapi/test#A&gt; Variable(&lt;http://www.owlapi#x&gt;)) ClassAtom(&lt;http://www.semanticweb.org/owlapi/test#B&gt; Variable(&lt;http://www.owlapi#x&gt;)) ClassAtom(&lt;http://www.semanticweb.org/owlapi/test#D&gt; &lt;http://www.semanticweb.org/owlapi/test#i&gt;) DataPropertyAtom(&lt;http://www.semanticweb.org/owlapi/test#d&gt; Variable(&lt;http://www.owlapi#x&gt;) Variable(&lt;http://www.owlapi#q&gt;)) DataPropertyAtom(&lt;http://www.semanticweb.org/owlapi/test#d&gt; Variable(&lt;http://www.owlapi#y&gt;) &quot;33&quot;^^xsd:integer)) Head(ClassAtom(&lt;http://www.semanticweb.org/owlapi/test#C&gt; Variable(&lt;http://www.owlapi#x&gt;)) ClassAtom(ObjectSomeValuesFrom(&lt;http://www.semanticweb.org/owlapi/test#p&gt; &lt;http://www.semanticweb.org/owlapi/test#A&gt;) Variable(&lt;http://www.owlapi#x&gt;)) ObjectPropertyAtom(&lt;http://www.semanticweb.org/owlapi/test#p&gt; Variable(&lt;http://www.owlapi#y&gt;) Variable(&lt;http://www.owlapi#z&gt;)) BuiltInAtom(&lt;http://www.owlapi#myBuiltIn&gt; Variable(&lt;http://www.owlapi#q&gt;) Variable(&lt;http://www.owlapi#r&gt;) &quot;33&quot;^^xsd:integer ) SameAsAtom(Variable(&lt;http://www.owlapi#x&gt;) Variable(&lt;http://www.owlapi#y&gt;)) SameAsAtom(&lt;http://www.semanticweb.org/owlapi/test#i&gt; &lt;http://www.semanticweb.org/owlapi/test#j&gt;) DifferentFromAtom(Variable(&lt;http://www.owlapi#x&gt;) Variable(&lt;http://www.owlapi#z&gt;)) DifferentFromAtom(&lt;http://www.semanticweb.org/owlapi/test#i&gt; &lt;http://www.semanticweb.org/owlapi/test#j&gt;)) )&#10;Add axiom: DLSafeRule( Body(ClassAtom(&lt;http://www.semanticweb.org/owlapi/test#A&gt; Variable(&lt;urn:swrl#x&gt;)) ClassAtom(&lt;http://www.semanticweb.org/owlapi/test#B&gt; Variable(&lt;urn:swrl#x&gt;)) ClassAtom(&lt;http://www.semanticweb.org/owlapi/test#D&gt; &lt;http://www.semanticweb.org/owlapi/test#i&gt;) DataPropertyAtom(&lt;http://www.semanticweb.org/owlapi/test#d&gt; Variable(&lt;urn:swrl#x&gt;) Variable(&lt;urn:swrl#q&gt;)) DataPropertyAtom(&lt;http://www.semanticweb.org/owlapi/test#d&gt; Variable(&lt;urn:swrl#y&gt;) &quot;33&quot;^^xsd:integer)) Head(ClassAtom(&lt;http://www.semanticweb.org/owlapi/test#C&gt; Variable(&lt;urn:swrl#x&gt;)) ClassAtom(ObjectSomeValuesFrom(&lt;http://www.semanticweb.org/owlapi/test#p&gt; &lt;http://www.semanticweb.org/owlapi/test#A&gt;) Variable(&lt;urn:swrl#x&gt;)) ObjectPropertyAtom(&lt;http://www.semanticweb.org/owlapi/test#p&gt; Variable(&lt;urn:swrl#y&gt;) Variable(&lt;urn:swrl#z&gt;)) BuiltInAtom(&lt;http://www.owlapi#myBuiltIn&gt; Variable(&lt;urn:swrl#q&gt;) Variable(&lt;urn:swrl#r&gt;) &quot;33&quot;^^xsd:integer ) SameAsAtom(Variable(&lt;urn:swrl#x&gt;) Variable(&lt;urn:swrl#y&gt;)) SameAsAtom(&lt;http://www.semanticweb.org/owlapi/test#i&gt; &lt;http://www.semanticweb.org/owlapi/test#j&gt;) DifferentFromAtom(Variable(&lt;urn:swrl#x&gt;) Variable(&lt;urn:swrl#z&gt;)) DifferentFromAtom(&lt;http://www.semanticweb.org/owlapi/test#i&gt; &lt;http://www.semanticweb.org/owlapi/test#j&gt;)) )&#10;" type="java.lang.AssertionError"><![CDATA[java.lang.AssertionError: SWRLRuleAlternateNSTestCase roundTripOntology() Failing to match axioms: 
Rem axiom: DLSafeRule( Body(ClassAtom(<http://www.semanticweb.org/owlapi/test#A> Variable(<http://www.owlapi#x>)) ClassAtom(<http://www.semanticweb.org/owlapi/test#B> Variable(<http://www.owlapi#x>)) ClassAtom(<http://www.semanticweb.org/owlapi/test#D> <http://www.semanticweb.org/owlapi/test#i>) DataPropertyAtom(<http://www.semanticweb.org/owlapi/test#d> Variable(<http://www.owlapi#x>) Variable(<http://www.owlapi#q>)) DataPropertyAtom(<http://www.semanticweb.org/owlapi/test#d> Variable(<http://www.owlapi#y>) "33"^^xsd:integer)) Head(ClassAtom(<http://www.semanticweb.org/owlapi/test#C> Variable(<http://www.owlapi#x>)) ClassAtom(ObjectSomeValuesFrom(<http://www.semanticweb.org/owlapi/test#p> <http://www.semanticweb.org/owlapi/test#A>) Variable(<http://www.owlapi#x>)) ObjectPropertyAtom(<http://www.semanticweb.org/owlapi/test#p> Variable(<http://www.owlapi#y>) Variable(<http://www.owlapi#z>)) BuiltInAtom(<http://www.owlapi#myBuiltIn> Variable(<http://www.owlapi#q>) Variable(<http://www.owlapi#r>) "33"^^xsd:integer ) SameAsAtom(Variable(<http://www.owlapi#x>) Variable(<http://www.owlapi#y>)) SameAsAtom(<http://www.semanticweb.org/owlapi/test#i> <http://www.semanticweb.org/owlapi/test#j>) DifferentFromAtom(Variable(<http://www.owlapi#x>) Variable(<http://www.owlapi#z>)) DifferentFromAtom(<http://www.semanticweb.org/owlapi/test#i> <http://www.semanticweb.org/owlapi/test#j>)) )
Add axiom: DLSafeRule( Body(ClassAtom(<http://www.semanticweb.org/owlapi/test#A> Variable(<urn:swrl#x>)) ClassAtom(<http://www.semanticweb.org/owlapi/test#B> Variable(<urn:swrl#x>)) ClassAtom(<http://www.semanticweb.org/owlapi/test#D> <http://www.semanticweb.org/owlapi/test#i>) DataPropertyAtom(<http://www.semanticweb.org/owlapi/test#d> Variable(<urn:swrl#x>) Variable(<urn:swrl#q>)) DataPropertyAtom(<http://www.semanticweb.org/owlapi/test#d> Variable(<urn:swrl#y>) "33"^^xsd:integer)) Head(ClassAtom(<http://www.semanticweb.org/owlapi/test#C> Variable(<urn:swrl#x>)) ClassAtom(ObjectSomeValuesFrom(<http://www.semanticweb.org/owlapi/test#p> <http://www.semanticweb.org/owlapi/test#A>) Variable(<urn:swrl#x>)) ObjectPropertyAtom(<http://www.semanticweb.org/owlapi/test#p> Variable(<urn:swrl#y>) Variable(<urn:swrl#z>)) BuiltInAtom(<http://www.owlapi#myBuiltIn> Variable(<urn:swrl#q>) Variable(<urn:swrl#r>) "33"^^xsd:integer ) SameAsAtom(Variable(<urn:swrl#x>) Variable(<urn:swrl#y>)) SameAsAtom(<http://www.semanticweb.org/owlapi/test#i> <http://www.semanticweb.org/owlapi/test#j>) DifferentFromAtom(Variable(<urn:swrl#x>) Variable(<urn:swrl#z>)) DifferentFromAtom(<http://www.semanticweb.org/owlapi/test#i> <http://www.semanticweb.org/owlapi/test#j>)) )

	at org.junit.Assert.fail(Assert.java:88)
	at org.semanticweb.owlapi.api.test.baseclasses.TestBase.equal(TestBase.java:201)
	at org.semanticweb.owlapi.api.test.baseclasses.TestBase.roundTripOntology(TestBase.java:417)
	at org.semanticweb.owlapi.api.test.baseclasses.AbstractRoundTrippingTestCase.__CLR4_5_2hu583839f(AbstractRoundTrippingTestCase.java:57)
	at org.semanticweb.owlapi.api.test.baseclasses.AbstractRoundTrippingTestCase.testOWLXML(AbstractRoundTrippingTestCase.java:56)
	at sun.reflect.GeneratedMethodAccessor13.invoke(Unknown Source)
	at sun.reflect.DelegatingMethodAccessorImpl.invoke(DelegatingMethodAccessorImpl.java:43)
	at java.lang.reflect.Method.invoke(Method.java:498)
	at org.junit.runners.model.FrameworkMethod$1.runReflectiveCall(FrameworkMethod.java:50)
	at org.junit.internal.runners.model.ReflectiveCallable.run(ReflectiveCallable.java:12)
	at org.junit.runners.model.FrameworkMethod.invokeExplosively(FrameworkMethod.java:47)
	at org.junit.internal.runners.statements.InvokeMethod.evaluate(InvokeMethod.java:17)
	at org.junit.internal.runners.statements.RunBefores.evaluate(RunBefores.java:26)
	at org.junit.rules.ExpectedException$ExpectedExceptionStatement.evaluate(ExpectedException.java:239)
	at org.junit.rules.ExternalResource$1.evaluate(ExternalResource.java:48)
	at org.junit.internal.runners.statements.FailOnTimeout$CallableStatement.call(FailOnTimeout.java:298)
	at org.junit.internal.runners.statements.FailOnTimeout$CallableStatement.call(FailOnTimeout.java:292)
	at java.util.concurrent.FutureTask.run(FutureTask.java:266)
	at java.lang.Thread.run(Thread.java:750)
]]></failure>
  </testcase>
  <testcase name="testRDFXML" classname="org.semanticweb.owlapi.api.test.ontology.SWRLRuleAlternateNSTestCase" time="0.044"/>
  <testcase name="testTurtle" classname="org.semanticweb.owlapi.api.test.ontology.SWRLRuleAlternateNSTestCase" time="0.084"/>
  <testcase name="testFunctionalSyntax" classname="org.semanticweb.owlapi.api.test.ontology.SWRLRuleAlternateNSTestCase" time="0.046"/>
</testsuite>