<?xml version="1.0" encoding="UTF-8"?>
<!-- Generated by org.testng.reporters.JUnitReportReporter -->
<testsuite hostname="Shreyas-Air" name="io.swagger.oas.annotations.test.security.SecurityTests" tests="1" failures="0" timestamp="9 Apr 2024 05:58:25 GMT" time="0.052" errors="0">
  <testcase name="testSecurityRequirement" time="0.052" classname="io.swagger.oas.annotations.test.security.SecurityTests"/>
</testsuite> <!-- io.swagger.oas.annotations.test.security.SecurityTests -->
