<?xml version="1.0" encoding="UTF-8"?>
<testsuite name="org.mockito.release.notes.NotesPrinterTest" tests="1" skipped="0" failures="0" errors="0" timestamp="2024-04-07T05:28:39" hostname="Shrushtis-MacBook-Air.local" time="0.044">
  <properties/>
  <testcase name="prints notes" classname="org.mockito.release.notes.NotesPrinterTest" time="0.044"/>
  <system-out><![CDATA[]]></system-out>
  <system-err><![CDATA[]]></system-err>
</testsuite>
