<?xml version="1.0" encoding="UTF-8"?>
<testsuite xmlns:xsi="http://www.w3.org/2001/XMLSchema-instance" xsi:noNamespaceSchemaLocation="https://maven.apache.org/surefire/maven-surefire-plugin/xsd/surefire-test-report-3.0.xsd" version="3.0" name="com.alibaba.fastjson2.support.odps.JSONExtractScalarTest" time="0.006" tests="5" errors="0" skipped="0" failures="0">
  <properties>
    <property name="gopherProxySet" value="false"/>
    <property name="awt.toolkit" value="sun.lwawt.macosx.LWCToolkit"/>
    <property name="file.encoding.pkg" value="sun.io"/>
    <property name="java.specification.version" value="1.8"/>
    <property name="sun.cpu.isalist" value=""/>
    <property name="sun.jnu.encoding" value="UTF-8"/>
    <property name="java.class.path" value="/Users/shreyachaudhary/Desktop/cs527/CS527-Project/BugSwarm/fastjson2-13792916908/Buggy-version/extension/target/test-classes:/Users/shreyachaudhary/Desktop/cs527/CS527-Project/BugSwarm/fastjson2-13792916908/Buggy-version/extension/target/classes:/Users/shreyachaudhary/Desktop/cs527/CS527-Project/BugSwarm/fastjson2-13792916908/Buggy-version/core/target/classes:/Users/shreyachaudhary/.m2/repository/com/aliyun/odps/odps-sdk-core/0.43.4-public/odps-sdk-core-0.43.4-public.jar:/Users/shreyachaudhary/.m2/repository/com/aliyun/odps/odps-sdk-commons/0.43.4-public/odps-sdk-commons-0.43.4-public.jar:/Users/shreyachaudhary/.m2/repository/commons-logging/commons-logging/1.2/commons-logging-1.2.jar:/Users/shreyachaudhary/.m2/repository/org/aspectj/aspectjrt/1.8.9/aspectjrt-1.8.9.jar:/Users/shreyachaudhary/.m2/repository/commons-codec/commons-codec/1.9/commons-codec-1.9.jar:/Users/shreyachaudhary/.m2/repository/org/codehaus/jackson/jackson-mapper-asl/1.9.13/jackson-mapper-asl-1.9.13.jar:/Users/shreyachaudhary/.m2/repository/org/codehaus/jackson/jackson-core-asl/1.9.13/jackson-core-asl-1.9.13.jar:/Users/shreyachaudhary/.m2/repository/org/antlr/antlr4/4.11.1/antlr4-4.11.1.jar:/Users/shreyachaudhary/.m2/repository/org/antlr/antlr4-runtime/4.11.1/antlr4-runtime-4.11.1.jar:/Users/shreyachaudhary/.m2/repository/org/antlr/antlr-runtime/3.5.3/antlr-runtime-3.5.3.jar:/Users/shreyachaudhary/.m2/repository/org/antlr/ST4/4.3.4/ST4-4.3.4.jar:/Users/shreyachaudhary/.m2/repository/org/abego/treelayout/org.abego.treelayout.core/1.0.3/org.abego.treelayout.core-1.0.3.jar:/Users/shreyachaudhary/.m2/repository/org/glassfish/javax.json/1.1.4/javax.json-1.1.4.jar:/Users/shreyachaudhary/.m2/repository/com/ibm/icu/icu4j/71.1/icu4j-71.1.jar:/Users/shreyachaudhary/.m2/repository/com/google/guava/guava/31.1-jre/guava-31.1-jre.jar:/Users/shreyachaudhary/.m2/repository/com/google/guava/failureaccess/1.0.1/failureaccess-1.0.1.jar:/Users/shreyachaudhary/.m2/repository/com/google/guava/listenablefuture/9999.0-empty-to-avoid-conflict-with-guava/listenablefuture-9999.0-empty-to-avoid-conflict-with-guava.jar:/Users/shreyachaudhary/.m2/repository/com/google/code/findbugs/jsr305/3.0.2/jsr305-3.0.2.jar:/Users/shreyachaudhary/.m2/repository/org/checkerframework/checker-qual/3.12.0/checker-qual-3.12.0.jar:/Users/shreyachaudhary/.m2/repository/com/google/errorprone/error_prone_annotations/2.11.0/error_prone_annotations-2.11.0.jar:/Users/shreyachaudhary/.m2/repository/com/google/j2objc/j2objc-annotations/1.3/j2objc-annotations-1.3.jar:/Users/shreyachaudhary/.m2/repository/com/google/code/gson/gson/2.10.1/gson-2.10.1.jar:/Users/shreyachaudhary/.m2/repository/net/sourceforge/javacsv/javacsv/2.0/javacsv-2.0.jar:/Users/shreyachaudhary/.m2/repository/org/xerial/snappy/snappy-java/1.1.1.6/snappy-java-1.1.1.6.jar:/Users/shreyachaudhary/.m2/repository/org/lz4/lz4-pure-java/1.8.0/lz4-pure-java-1.8.0.jar:/Users/shreyachaudhary/.m2/repository/com/google/protobuf/protobuf-java/3.22.4/protobuf-java-3.22.4.jar:/Users/shreyachaudhary/.m2/repository/javax/mail/mail/1.4.7/mail-1.4.7.jar:/Users/shreyachaudhary/.m2/repository/javax/activation/activation/1.1/activation-1.1.jar:/Users/shreyachaudhary/.m2/repository/commons-lang/commons-lang/2.6/commons-lang-2.6.jar:/Users/shreyachaudhary/.m2/repository/stax/stax-api/1.0.1/stax-api-1.0.1.jar:/Users/shreyachaudhary/.m2/repository/stax/stax/1.2.0/stax-1.2.0.jar:/Users/shreyachaudhary/.m2/repository/xpp3/xpp3/1.1.3.3/xpp3-1.1.3.3.jar:/Users/shreyachaudhary/.m2/repository/io/netty/netty-all/4.1.51.Final/netty-all-4.1.51.Final.jar:/Users/shreyachaudhary/.m2/repository/com/aliyun/odps/odps-sdk-udf/0.43.4-public/odps-sdk-udf-0.43.4-public.jar:/Users/shreyachaudhary/.m2/repository/com/squareup/retrofit2/retrofit/2.9.0/retrofit-2.9.0.jar:/Users/shreyachaudhary/.m2/repository/com/squareup/okhttp3/okhttp/3.14.9/okhttp-3.14.9.jar:/Users/shreyachaudhary/.m2/repository/com/squareup/okio/okio/1.17.2/okio-1.17.2.jar:/Users/shreyachaudhary/.m2/repository/io/airlift/slice/0.41/slice-0.41.jar:/Users/shreyachaudhary/.m2/repository/org/openjdk/jol/jol-core/0.2/jol-core-0.2.jar:/Users/shreyachaudhary/.m2/repository/javax/servlet/javax.servlet-api/4.0.1/javax.servlet-api-4.0.1.jar:/Users/shreyachaudhary/.m2/repository/org/apache/arrow/arrow-memory-netty/12.0.0/arrow-memory-netty-12.0.0.jar:/Users/shreyachaudhary/.m2/repository/org/apache/arrow/arrow-memory-core/12.0.0/arrow-memory-core-12.0.0.jar:/Users/shreyachaudhary/.m2/repository/io/netty/netty-buffer/4.1.82.Final/netty-buffer-4.1.82.Final.jar:/Users/shreyachaudhary/.m2/repository/io/netty/netty-common/4.1.82.Final/netty-common-4.1.82.Final.jar:/Users/shreyachaudhary/.m2/repository/org/slf4j/slf4j-api/1.7.25/slf4j-api-1.7.25.jar:/Users/shreyachaudhary/.m2/repository/org/apache/arrow/arrow-vector/12.0.0/arrow-vector-12.0.0.jar:/Users/shreyachaudhary/.m2/repository/org/apache/arrow/arrow-format/12.0.0/arrow-format-12.0.0.jar:/Users/shreyachaudhary/.m2/repository/com/fasterxml/jackson/core/jackson-core/2.15.0/jackson-core-2.15.0.jar:/Users/shreyachaudhary/.m2/repository/com/fasterxml/jackson/core/jackson-annotations/2.15.0/jackson-annotations-2.15.0.jar:/Users/shreyachaudhary/.m2/repository/com/fasterxml/jackson/core/jackson-databind/2.15.0/jackson-databind-2.15.0.jar:/Users/shreyachaudhary/.m2/repository/com/google/flatbuffers/flatbuffers-java/1.12.0/flatbuffers-java-1.12.0.jar:/Users/shreyachaudhary/.m2/repository/com/alibaba/fastjson/1.2.83/fastjson-1.2.83.jar:/Users/shreyachaudhary/.m2/repository/com/fasterxml/jackson/datatype/jackson-datatype-jsr310/2.15.0/jackson-datatype-jsr310-2.15.0.jar:/Users/shreyachaudhary/.m2/repository/com/opencsv/opencsv/5.7.1/opencsv-5.7.1.jar:/Users/shreyachaudhary/.m2/repository/org/apache/commons/commons-lang3/3.12.0/commons-lang3-3.12.0.jar:/Users/shreyachaudhary/.m2/repository/org/apache/commons/commons-text/1.10.0/commons-text-1.10.0.jar:/Users/shreyachaudhary/.m2/repository/commons-beanutils/commons-beanutils/1.9.4/commons-beanutils-1.9.4.jar:/Users/shreyachaudhary/.m2/repository/commons-collections/commons-collections/3.2.2/commons-collections-3.2.2.jar:/Users/shreyachaudhary/.m2/repository/org/apache/commons/commons-collections4/4.4/commons-collections4-4.4.jar:/Users/shreyachaudhary/.m2/repository/commons-io/commons-io/2.11.0/commons-io-2.11.0.jar:/Users/shreyachaudhary/.m2/repository/io/kotest/kotest-assertions-core-jvm/5.6.2/kotest-assertions-core-jvm-5.6.2.jar:/Users/shreyachaudhary/.m2/repository/org/jetbrains/kotlin/kotlin-stdlib-jdk8/1.8.21/kotlin-stdlib-jdk8-1.8.21.jar:/Users/shreyachaudhary/.m2/repository/org/jetbrains/kotlin/kotlin-stdlib/1.8.21/kotlin-stdlib-1.8.21.jar:/Users/shreyachaudhary/.m2/repository/org/jetbrains/kotlin/kotlin-stdlib-jdk7/1.8.21/kotlin-stdlib-jdk7-1.8.21.jar:/Users/shreyachaudhary/.m2/repository/io/kotest/kotest-assertions-shared-jvm/5.6.2/kotest-assertions-shared-jvm-5.6.2.jar:/Users/shreyachaudhary/.m2/repository/org/opentest4j/opentest4j/1.2.0/opentest4j-1.2.0.jar:/Users/shreyachaudhary/.m2/repository/org/jetbrains/kotlin/kotlin-stdlib-common/1.8.21/kotlin-stdlib-common-1.8.21.jar:/Users/shreyachaudhary/.m2/repository/org/jetbrains/kotlinx/kotlinx-coroutines-jdk8/1.7.0/kotlinx-coroutines-jdk8-1.7.0.jar:/Users/shreyachaudhary/.m2/repository/org/jetbrains/kotlin/kotlin-reflect/1.8.21/kotlin-reflect-1.8.21.jar:/Users/shreyachaudhary/.m2/repository/io/kotest/kotest-common-jvm/5.6.2/kotest-common-jvm-5.6.2.jar:/Users/shreyachaudhary/.m2/repository/io/kotest/kotest-assertions-api-jvm/5.6.2/kotest-assertions-api-jvm-5.6.2.jar:/Users/shreyachaudhary/.m2/repository/org/jetbrains/kotlinx/kotlinx-coroutines-core-jvm/1.7.0/kotlinx-coroutines-core-jvm-1.7.0.jar:/Users/shreyachaudhary/.m2/repository/org/jetbrains/annotations/23.0.0/annotations-23.0.0.jar:/Users/shreyachaudhary/.m2/repository/io/kotest/kotest-property-jvm/5.6.2/kotest-property-jvm-5.6.2.jar:/Users/shreyachaudhary/.m2/repository/com/github/curious-odd-man/rgxgen/1.4/rgxgen-1.4.jar:/Users/shreyachaudhary/.m2/repository/io/github/java-diff-utils/java-diff-utils/4.12/java-diff-utils-4.12.jar:/Users/shreyachaudhary/.m2/repository/io/kotest/kotest-runner-junit5-jvm/5.6.2/kotest-runner-junit5-jvm-5.6.2.jar:/Users/shreyachaudhary/.m2/repository/io/kotest/kotest-framework-api-jvm/5.6.2/kotest-framework-api-jvm-5.6.2.jar:/Users/shreyachaudhary/.m2/repository/org/jetbrains/kotlinx/kotlinx-coroutines-test-jvm/1.7.0/kotlinx-coroutines-test-jvm-1.7.0.jar:/Users/shreyachaudhary/.m2/repository/io/kotest/kotest-framework-engine-jvm/5.6.2/kotest-framework-engine-jvm-5.6.2.jar:/Users/shreyachaudhary/.m2/repository/io/github/classgraph/classgraph/4.8.157/classgraph-4.8.157.jar:/Users/shreyachaudhary/.m2/repository/com/github/ajalt/mordant/1.2.1/mordant-1.2.1.jar:/Users/shreyachaudhary/.m2/repository/com/github/ajalt/colormath/1.2.0/colormath-1.2.0.jar:/Users/shreyachaudhary/.m2/repository/org/jetbrains/kotlinx/kotlinx-coroutines-debug/1.7.0/kotlinx-coroutines-debug-1.7.0.jar:/Users/shreyachaudhary/.m2/repository/net/java/dev/jna/jna/5.9.0/jna-5.9.0.jar:/Users/shreyachaudhary/.m2/repository/net/java/dev/jna/jna-platform/5.9.0/jna-platform-5.9.0.jar:/Users/shreyachaudhary/.m2/repository/net/bytebuddy/byte-buddy/1.10.9/byte-buddy-1.10.9.jar:/Users/shreyachaudhary/.m2/repository/net/bytebuddy/byte-buddy-agent/1.10.9/byte-buddy-agent-1.10.9.jar:/Users/shreyachaudhary/.m2/repository/io/kotest/kotest-framework-discovery-jvm/5.6.2/kotest-framework-discovery-jvm-5.6.2.jar:/Users/shreyachaudhary/.m2/repository/io/kotest/kotest-extensions-jvm/5.6.2/kotest-extensions-jvm-5.6.2.jar:/Users/shreyachaudhary/.m2/repository/io/kotest/kotest-framework-concurrency-jvm/5.6.2/kotest-framework-concurrency-jvm-5.6.2.jar:/Users/shreyachaudhary/.m2/repository/org/junit/platform/junit-platform-engine/1.9.3/junit-platform-engine-1.9.3.jar:/Users/shreyachaudhary/.m2/repository/org/junit/platform/junit-platform-commons/1.9.3/junit-platform-commons-1.9.3.jar:/Users/shreyachaudhary/.m2/repository/org/apiguardian/apiguardian-api/1.1.2/apiguardian-api-1.1.2.jar:/Users/shreyachaudhary/.m2/repository/org/junit/platform/junit-platform-suite-api/1.9.3/junit-platform-suite-api-1.9.3.jar:/Users/shreyachaudhary/.m2/repository/org/junit/platform/junit-platform-launcher/1.9.3/junit-platform-launcher-1.9.3.jar:/Users/shreyachaudhary/.m2/repository/org/junit/jupiter/junit-jupiter-api/5.9.3/junit-jupiter-api-5.9.3.jar:/Users/shreyachaudhary/.m2/repository/org/hamcrest/hamcrest/2.2/hamcrest-2.2.jar:/Users/shreyachaudhary/.m2/repository/org/junit/jupiter/junit-jupiter/5.9.3/junit-jupiter-5.9.3.jar:/Users/shreyachaudhary/.m2/repository/org/junit/jupiter/junit-jupiter-params/5.9.3/junit-jupiter-params-5.9.3.jar:/Users/shreyachaudhary/.m2/repository/org/junit/jupiter/junit-jupiter-engine/5.9.3/junit-jupiter-engine-5.9.3.jar:/Users/shreyachaudhary/.m2/repository/org/mockito/mockito-all/1.10.19/mockito-all-1.10.19.jar:/Users/shreyachaudhary/.m2/repository/org/projectlombok/lombok/1.18.26/lombok-1.18.26.jar:"/>
    <property name="java.vm.vendor" value="Temurin"/>
    <property name="sun.arch.data.model" value="64"/>
    <property name="java.vendor.url" value="https://adoptium.net/"/>
    <property name="user.timezone" value="Asia/Shanghai"/>
    <property name="java.vm.specification.version" value="1.8"/>
    <property name="os.name" value="Mac OS X"/>
    <property name="user.country" value="US"/>
    <property name="sun.java.launcher" value="SUN_STANDARD"/>
    <property name="sun.boot.library.path" value="/Library/Java/JavaVirtualMachines/temurin-8.jdk/Contents/Home/jre/lib"/>
    <property name="sun.java.command" value="/Users/shreyachaudhary/Desktop/cs527/CS527-Project/BugSwarm/fastjson2-13792916908/Buggy-version/extension/target/surefire/surefirebooter-20240407231530487_334.jar /Users/shreyachaudhary/Desktop/cs527/CS527-Project/BugSwarm/fastjson2-13792916908/Buggy-version/extension/target/surefire 2024-04-07T23-14-25_553-jvmRun1 surefire-20240407231530487_332tmp surefire_1-20240407231530487_333tmp"/>
    <property name="http.nonProxyHosts" value="local|*.local|169.254/16|*.169.254/16"/>
    <property name="surefire.test.class.path" value="/Users/shreyachaudhary/Desktop/cs527/CS527-Project/BugSwarm/fastjson2-13792916908/Buggy-version/extension/target/test-classes:/Users/shreyachaudhary/Desktop/cs527/CS527-Project/BugSwarm/fastjson2-13792916908/Buggy-version/extension/target/classes:/Users/shreyachaudhary/Desktop/cs527/CS527-Project/BugSwarm/fastjson2-13792916908/Buggy-version/core/target/classes:/Users/shreyachaudhary/.m2/repository/com/aliyun/odps/odps-sdk-core/0.43.4-public/odps-sdk-core-0.43.4-public.jar:/Users/shreyachaudhary/.m2/repository/com/aliyun/odps/odps-sdk-commons/0.43.4-public/odps-sdk-commons-0.43.4-public.jar:/Users/shreyachaudhary/.m2/repository/commons-logging/commons-logging/1.2/commons-logging-1.2.jar:/Users/shreyachaudhary/.m2/repository/org/aspectj/aspectjrt/1.8.9/aspectjrt-1.8.9.jar:/Users/shreyachaudhary/.m2/repository/commons-codec/commons-codec/1.9/commons-codec-1.9.jar:/Users/shreyachaudhary/.m2/repository/org/codehaus/jackson/jackson-mapper-asl/1.9.13/jackson-mapper-asl-1.9.13.jar:/Users/shreyachaudhary/.m2/repository/org/codehaus/jackson/jackson-core-asl/1.9.13/jackson-core-asl-1.9.13.jar:/Users/shreyachaudhary/.m2/repository/org/antlr/antlr4/4.11.1/antlr4-4.11.1.jar:/Users/shreyachaudhary/.m2/repository/org/antlr/antlr4-runtime/4.11.1/antlr4-runtime-4.11.1.jar:/Users/shreyachaudhary/.m2/repository/org/antlr/antlr-runtime/3.5.3/antlr-runtime-3.5.3.jar:/Users/shreyachaudhary/.m2/repository/org/antlr/ST4/4.3.4/ST4-4.3.4.jar:/Users/shreyachaudhary/.m2/repository/org/abego/treelayout/org.abego.treelayout.core/1.0.3/org.abego.treelayout.core-1.0.3.jar:/Users/shreyachaudhary/.m2/repository/org/glassfish/javax.json/1.1.4/javax.json-1.1.4.jar:/Users/shreyachaudhary/.m2/repository/com/ibm/icu/icu4j/71.1/icu4j-71.1.jar:/Users/shreyachaudhary/.m2/repository/com/google/guava/guava/31.1-jre/guava-31.1-jre.jar:/Users/shreyachaudhary/.m2/repository/com/google/guava/failureaccess/1.0.1/failureaccess-1.0.1.jar:/Users/shreyachaudhary/.m2/repository/com/google/guava/listenablefuture/9999.0-empty-to-avoid-conflict-with-guava/listenablefuture-9999.0-empty-to-avoid-conflict-with-guava.jar:/Users/shreyachaudhary/.m2/repository/com/google/code/findbugs/jsr305/3.0.2/jsr305-3.0.2.jar:/Users/shreyachaudhary/.m2/repository/org/checkerframework/checker-qual/3.12.0/checker-qual-3.12.0.jar:/Users/shreyachaudhary/.m2/repository/com/google/errorprone/error_prone_annotations/2.11.0/error_prone_annotations-2.11.0.jar:/Users/shreyachaudhary/.m2/repository/com/google/j2objc/j2objc-annotations/1.3/j2objc-annotations-1.3.jar:/Users/shreyachaudhary/.m2/repository/com/google/code/gson/gson/2.10.1/gson-2.10.1.jar:/Users/shreyachaudhary/.m2/repository/net/sourceforge/javacsv/javacsv/2.0/javacsv-2.0.jar:/Users/shreyachaudhary/.m2/repository/org/xerial/snappy/snappy-java/1.1.1.6/snappy-java-1.1.1.6.jar:/Users/shreyachaudhary/.m2/repository/org/lz4/lz4-pure-java/1.8.0/lz4-pure-java-1.8.0.jar:/Users/shreyachaudhary/.m2/repository/com/google/protobuf/protobuf-java/3.22.4/protobuf-java-3.22.4.jar:/Users/shreyachaudhary/.m2/repository/javax/mail/mail/1.4.7/mail-1.4.7.jar:/Users/shreyachaudhary/.m2/repository/javax/activation/activation/1.1/activation-1.1.jar:/Users/shreyachaudhary/.m2/repository/commons-lang/commons-lang/2.6/commons-lang-2.6.jar:/Users/shreyachaudhary/.m2/repository/stax/stax-api/1.0.1/stax-api-1.0.1.jar:/Users/shreyachaudhary/.m2/repository/stax/stax/1.2.0/stax-1.2.0.jar:/Users/shreyachaudhary/.m2/repository/xpp3/xpp3/1.1.3.3/xpp3-1.1.3.3.jar:/Users/shreyachaudhary/.m2/repository/io/netty/netty-all/4.1.51.Final/netty-all-4.1.51.Final.jar:/Users/shreyachaudhary/.m2/repository/com/aliyun/odps/odps-sdk-udf/0.43.4-public/odps-sdk-udf-0.43.4-public.jar:/Users/shreyachaudhary/.m2/repository/com/squareup/retrofit2/retrofit/2.9.0/retrofit-2.9.0.jar:/Users/shreyachaudhary/.m2/repository/com/squareup/okhttp3/okhttp/3.14.9/okhttp-3.14.9.jar:/Users/shreyachaudhary/.m2/repository/com/squareup/okio/okio/1.17.2/okio-1.17.2.jar:/Users/shreyachaudhary/.m2/repository/io/airlift/slice/0.41/slice-0.41.jar:/Users/shreyachaudhary/.m2/repository/org/openjdk/jol/jol-core/0.2/jol-core-0.2.jar:/Users/shreyachaudhary/.m2/repository/javax/servlet/javax.servlet-api/4.0.1/javax.servlet-api-4.0.1.jar:/Users/shreyachaudhary/.m2/repository/org/apache/arrow/arrow-memory-netty/12.0.0/arrow-memory-netty-12.0.0.jar:/Users/shreyachaudhary/.m2/repository/org/apache/arrow/arrow-memory-core/12.0.0/arrow-memory-core-12.0.0.jar:/Users/shreyachaudhary/.m2/repository/io/netty/netty-buffer/4.1.82.Final/netty-buffer-4.1.82.Final.jar:/Users/shreyachaudhary/.m2/repository/io/netty/netty-common/4.1.82.Final/netty-common-4.1.82.Final.jar:/Users/shreyachaudhary/.m2/repository/org/slf4j/slf4j-api/1.7.25/slf4j-api-1.7.25.jar:/Users/shreyachaudhary/.m2/repository/org/apache/arrow/arrow-vector/12.0.0/arrow-vector-12.0.0.jar:/Users/shreyachaudhary/.m2/repository/org/apache/arrow/arrow-format/12.0.0/arrow-format-12.0.0.jar:/Users/shreyachaudhary/.m2/repository/com/fasterxml/jackson/core/jackson-core/2.15.0/jackson-core-2.15.0.jar:/Users/shreyachaudhary/.m2/repository/com/fasterxml/jackson/core/jackson-annotations/2.15.0/jackson-annotations-2.15.0.jar:/Users/shreyachaudhary/.m2/repository/com/fasterxml/jackson/core/jackson-databind/2.15.0/jackson-databind-2.15.0.jar:/Users/shreyachaudhary/.m2/repository/com/google/flatbuffers/flatbuffers-java/1.12.0/flatbuffers-java-1.12.0.jar:/Users/shreyachaudhary/.m2/repository/com/alibaba/fastjson/1.2.83/fastjson-1.2.83.jar:/Users/shreyachaudhary/.m2/repository/com/fasterxml/jackson/datatype/jackson-datatype-jsr310/2.15.0/jackson-datatype-jsr310-2.15.0.jar:/Users/shreyachaudhary/.m2/repository/com/opencsv/opencsv/5.7.1/opencsv-5.7.1.jar:/Users/shreyachaudhary/.m2/repository/org/apache/commons/commons-lang3/3.12.0/commons-lang3-3.12.0.jar:/Users/shreyachaudhary/.m2/repository/org/apache/commons/commons-text/1.10.0/commons-text-1.10.0.jar:/Users/shreyachaudhary/.m2/repository/commons-beanutils/commons-beanutils/1.9.4/commons-beanutils-1.9.4.jar:/Users/shreyachaudhary/.m2/repository/commons-collections/commons-collections/3.2.2/commons-collections-3.2.2.jar:/Users/shreyachaudhary/.m2/repository/org/apache/commons/commons-collections4/4.4/commons-collections4-4.4.jar:/Users/shreyachaudhary/.m2/repository/commons-io/commons-io/2.11.0/commons-io-2.11.0.jar:/Users/shreyachaudhary/.m2/repository/io/kotest/kotest-assertions-core-jvm/5.6.2/kotest-assertions-core-jvm-5.6.2.jar:/Users/shreyachaudhary/.m2/repository/org/jetbrains/kotlin/kotlin-stdlib-jdk8/1.8.21/kotlin-stdlib-jdk8-1.8.21.jar:/Users/shreyachaudhary/.m2/repository/org/jetbrains/kotlin/kotlin-stdlib/1.8.21/kotlin-stdlib-1.8.21.jar:/Users/shreyachaudhary/.m2/repository/org/jetbrains/kotlin/kotlin-stdlib-jdk7/1.8.21/kotlin-stdlib-jdk7-1.8.21.jar:/Users/shreyachaudhary/.m2/repository/io/kotest/kotest-assertions-shared-jvm/5.6.2/kotest-assertions-shared-jvm-5.6.2.jar:/Users/shreyachaudhary/.m2/repository/org/opentest4j/opentest4j/1.2.0/opentest4j-1.2.0.jar:/Users/shreyachaudhary/.m2/repository/org/jetbrains/kotlin/kotlin-stdlib-common/1.8.21/kotlin-stdlib-common-1.8.21.jar:/Users/shreyachaudhary/.m2/repository/org/jetbrains/kotlinx/kotlinx-coroutines-jdk8/1.7.0/kotlinx-coroutines-jdk8-1.7.0.jar:/Users/shreyachaudhary/.m2/repository/org/jetbrains/kotlin/kotlin-reflect/1.8.21/kotlin-reflect-1.8.21.jar:/Users/shreyachaudhary/.m2/repository/io/kotest/kotest-common-jvm/5.6.2/kotest-common-jvm-5.6.2.jar:/Users/shreyachaudhary/.m2/repository/io/kotest/kotest-assertions-api-jvm/5.6.2/kotest-assertions-api-jvm-5.6.2.jar:/Users/shreyachaudhary/.m2/repository/org/jetbrains/kotlinx/kotlinx-coroutines-core-jvm/1.7.0/kotlinx-coroutines-core-jvm-1.7.0.jar:/Users/shreyachaudhary/.m2/repository/org/jetbrains/annotations/23.0.0/annotations-23.0.0.jar:/Users/shreyachaudhary/.m2/repository/io/kotest/kotest-property-jvm/5.6.2/kotest-property-jvm-5.6.2.jar:/Users/shreyachaudhary/.m2/repository/com/github/curious-odd-man/rgxgen/1.4/rgxgen-1.4.jar:/Users/shreyachaudhary/.m2/repository/io/github/java-diff-utils/java-diff-utils/4.12/java-diff-utils-4.12.jar:/Users/shreyachaudhary/.m2/repository/io/kotest/kotest-runner-junit5-jvm/5.6.2/kotest-runner-junit5-jvm-5.6.2.jar:/Users/shreyachaudhary/.m2/repository/io/kotest/kotest-framework-api-jvm/5.6.2/kotest-framework-api-jvm-5.6.2.jar:/Users/shreyachaudhary/.m2/repository/org/jetbrains/kotlinx/kotlinx-coroutines-test-jvm/1.7.0/kotlinx-coroutines-test-jvm-1.7.0.jar:/Users/shreyachaudhary/.m2/repository/io/kotest/kotest-framework-engine-jvm/5.6.2/kotest-framework-engine-jvm-5.6.2.jar:/Users/shreyachaudhary/.m2/repository/io/github/classgraph/classgraph/4.8.157/classgraph-4.8.157.jar:/Users/shreyachaudhary/.m2/repository/com/github/ajalt/mordant/1.2.1/mordant-1.2.1.jar:/Users/shreyachaudhary/.m2/repository/com/github/ajalt/colormath/1.2.0/colormath-1.2.0.jar:/Users/shreyachaudhary/.m2/repository/org/jetbrains/kotlinx/kotlinx-coroutines-debug/1.7.0/kotlinx-coroutines-debug-1.7.0.jar:/Users/shreyachaudhary/.m2/repository/net/java/dev/jna/jna/5.9.0/jna-5.9.0.jar:/Users/shreyachaudhary/.m2/repository/net/java/dev/jna/jna-platform/5.9.0/jna-platform-5.9.0.jar:/Users/shreyachaudhary/.m2/repository/net/bytebuddy/byte-buddy/1.10.9/byte-buddy-1.10.9.jar:/Users/shreyachaudhary/.m2/repository/net/bytebuddy/byte-buddy-agent/1.10.9/byte-buddy-agent-1.10.9.jar:/Users/shreyachaudhary/.m2/repository/io/kotest/kotest-framework-discovery-jvm/5.6.2/kotest-framework-discovery-jvm-5.6.2.jar:/Users/shreyachaudhary/.m2/repository/io/kotest/kotest-extensions-jvm/5.6.2/kotest-extensions-jvm-5.6.2.jar:/Users/shreyachaudhary/.m2/repository/io/kotest/kotest-framework-concurrency-jvm/5.6.2/kotest-framework-concurrency-jvm-5.6.2.jar:/Users/shreyachaudhary/.m2/repository/org/junit/platform/junit-platform-engine/1.9.3/junit-platform-engine-1.9.3.jar:/Users/shreyachaudhary/.m2/repository/org/junit/platform/junit-platform-commons/1.9.3/junit-platform-commons-1.9.3.jar:/Users/shreyachaudhary/.m2/repository/org/apiguardian/apiguardian-api/1.1.2/apiguardian-api-1.1.2.jar:/Users/shreyachaudhary/.m2/repository/org/junit/platform/junit-platform-suite-api/1.9.3/junit-platform-suite-api-1.9.3.jar:/Users/shreyachaudhary/.m2/repository/org/junit/platform/junit-platform-launcher/1.9.3/junit-platform-launcher-1.9.3.jar:/Users/shreyachaudhary/.m2/repository/org/junit/jupiter/junit-jupiter-api/5.9.3/junit-jupiter-api-5.9.3.jar:/Users/shreyachaudhary/.m2/repository/org/hamcrest/hamcrest/2.2/hamcrest-2.2.jar:/Users/shreyachaudhary/.m2/repository/org/junit/jupiter/junit-jupiter/5.9.3/junit-jupiter-5.9.3.jar:/Users/shreyachaudhary/.m2/repository/org/junit/jupiter/junit-jupiter-params/5.9.3/junit-jupiter-params-5.9.3.jar:/Users/shreyachaudhary/.m2/repository/org/junit/jupiter/junit-jupiter-engine/5.9.3/junit-jupiter-engine-5.9.3.jar:/Users/shreyachaudhary/.m2/repository/org/mockito/mockito-all/1.10.19/mockito-all-1.10.19.jar:/Users/shreyachaudhary/.m2/repository/org/projectlombok/lombok/1.18.26/lombok-1.18.26.jar:"/>
    <property name="sun.cpu.endian" value="little"/>
    <property name="user.home" value="/Users/shreyachaudhary"/>
    <property name="user.language" value="en"/>
    <property name="java.specification.vendor" value="Oracle Corporation"/>
    <property name="java.home" value="/Library/Java/JavaVirtualMachines/temurin-8.jdk/Contents/Home/jre"/>
    <property name="basedir" value="/Users/shreyachaudhary/Desktop/cs527/CS527-Project/BugSwarm/fastjson2-13792916908/Buggy-version/extension"/>
    <property name="file.separator" value="/"/>
    <property name="line.separator" value="&#10;"/>
    <property name="java.vm.specification.vendor" value="Oracle Corporation"/>
    <property name="java.specification.name" value="Java Platform API Specification"/>
    <property name="java.awt.graphicsenv" value="sun.awt.CGraphicsEnvironment"/>
    <property name="surefire.real.class.path" value="/Users/shreyachaudhary/Desktop/cs527/CS527-Project/BugSwarm/fastjson2-13792916908/Buggy-version/extension/target/surefire/surefirebooter-20240407231530487_334.jar"/>
    <property name="sun.boot.class.path" value="/Library/Java/JavaVirtualMachines/temurin-8.jdk/Contents/Home/jre/lib/resources.jar:/Library/Java/JavaVirtualMachines/temurin-8.jdk/Contents/Home/jre/lib/rt.jar:/Library/Java/JavaVirtualMachines/temurin-8.jdk/Contents/Home/jre/lib/sunrsasign.jar:/Library/Java/JavaVirtualMachines/temurin-8.jdk/Contents/Home/jre/lib/jsse.jar:/Library/Java/JavaVirtualMachines/temurin-8.jdk/Contents/Home/jre/lib/jce.jar:/Library/Java/JavaVirtualMachines/temurin-8.jdk/Contents/Home/jre/lib/charsets.jar:/Library/Java/JavaVirtualMachines/temurin-8.jdk/Contents/Home/jre/lib/jfr.jar:/Library/Java/JavaVirtualMachines/temurin-8.jdk/Contents/Home/jre/classes"/>
    <property name="sun.management.compiler" value="HotSpot 64-Bit Tiered Compilers"/>
    <property name="ftp.nonProxyHosts" value="local|*.local|169.254/16|*.169.254/16"/>
    <property name="java.runtime.version" value="1.8.0_402-b06"/>
    <property name="user.name" value="shreyachaudhary"/>
    <property name="path.separator" value=":"/>
    <property name="os.version" value="14.4.1"/>
    <property name="java.endorsed.dirs" value="/Library/Java/JavaVirtualMachines/temurin-8.jdk/Contents/Home/jre/lib/endorsed"/>
    <property name="java.runtime.name" value="OpenJDK Runtime Environment"/>
    <property name="file.encoding" value="UTF-8"/>
    <property name="java.vm.name" value="OpenJDK 64-Bit Server VM"/>
    <property name="localRepository" value="/Users/shreyachaudhary/.m2/repository"/>
    <property name="java.vendor.url.bug" value="https://github.com/adoptium/adoptium-support/issues"/>
    <property name="java.io.tmpdir" value="/var/folders/70/9z8mmtr153x2znr25_zb57mr0000gn/T/"/>
    <property name="java.version" value="1.8.0_402"/>
    <property name="user.dir" value="/Users/shreyachaudhary/Desktop/cs527/CS527-Project/BugSwarm/fastjson2-13792916908/Buggy-version/extension"/>
    <property name="os.arch" value="x86_64"/>
    <property name="java.vm.specification.name" value="Java Virtual Machine Specification"/>
    <property name="java.awt.printerjob" value="sun.lwawt.macosx.CPrinterJob"/>
    <property name="sun.os.patch.level" value="unknown"/>
    <property name="java.library.path" value="/Users/shreyachaudhary/Library/Java/Extensions:/Library/Java/Extensions:/Network/Library/Java/Extensions:/System/Library/Java/Extensions:/usr/lib/java:."/>
    <property name="java.vm.info" value="mixed mode"/>
    <property name="java.vendor" value="Temurin"/>
    <property name="java.vm.version" value="25.402-b06"/>
    <property name="java.specification.maintenance.version" value="5"/>
    <property name="java.ext.dirs" value="/Users/shreyachaudhary/Library/Java/Extensions:/Library/Java/JavaVirtualMachines/temurin-8.jdk/Contents/Home/jre/lib/ext:/Library/Java/Extensions:/Network/Library/Java/Extensions:/System/Library/Java/Extensions:/usr/lib/java"/>
    <property name="sun.io.unicode.encoding" value="UnicodeBig"/>
    <property name="java.class.version" value="52.0"/>
    <property name="socksNonProxyHosts" value="local|*.local|169.254/16|*.169.254/16"/>
  </properties>
  <testcase name="test_null" classname="com.alibaba.fastjson2.support.odps.JSONExtractScalarTest" time="0.001"/>
  <testcase name="testExtractValueConsumer" classname="com.alibaba.fastjson2.support.odps.JSONExtractScalarTest" time="0"/>
  <testcase name="test_extract_id" classname="com.alibaba.fastjson2.support.odps.JSONExtractScalarTest" time="0.001"/>
  <testcase name="test_extract_Duration" classname="com.alibaba.fastjson2.support.odps.JSONExtractScalarTest" time="0"/>
  <testcase name="test_extract_StartTime" classname="com.alibaba.fastjson2.support.odps.JSONExtractScalarTest" time="0.001"/>
</testsuite>