<?xml version="1.0" encoding="UTF-8"?>
<testsuite xmlns:xsi="http://www.w3.org/2001/XMLSchema-instance" xsi:noNamespaceSchemaLocation="https://maven.apache.org/surefire/maven-surefire-plugin/xsd/surefire-test-report-3.0.xsd" version="3.0" name="com.alibaba.fastjson2.JSONReaderTest1" time="5.055" tests="88" errors="0" skipped="0" failures="0">
  <properties>
    <property name="gopherProxySet" value="false"/>
    <property name="awt.toolkit" value="sun.lwawt.macosx.LWCToolkit"/>
    <property name="file.encoding.pkg" value="sun.io"/>
    <property name="java.specification.version" value="1.8"/>
    <property name="sun.cpu.isalist" value=""/>
    <property name="sun.jnu.encoding" value="UTF-8"/>
    <property name="java.class.path" value="/Users/shreyachaudhary/Desktop/cs527/CS527-Project/BugSwarm/fastjson2-14206220675/Buggy-version/core/target/test-classes:/Users/shreyachaudhary/Desktop/cs527/CS527-Project/BugSwarm/fastjson2-14206220675/Buggy-version/core/target/classes:/Users/shreyachaudhary/.m2/repository/com/alibaba/fastjson/1.2.83/fastjson-1.2.83.jar:/Users/shreyachaudhary/.m2/repository/cn/hutool/hutool-all/5.8.17/hutool-all-5.8.17.jar:/Users/shreyachaudhary/.m2/repository/org/junit/vintage/junit-vintage-engine/5.9.3/junit-vintage-engine-5.9.3.jar:/Users/shreyachaudhary/.m2/repository/junit/junit/4.13.2/junit-4.13.2.jar:/Users/shreyachaudhary/.m2/repository/org/hamcrest/hamcrest-core/1.3/hamcrest-core-1.3.jar:/Users/shreyachaudhary/.m2/repository/org/apiguardian/apiguardian-api/1.1.2/apiguardian-api-1.1.2.jar:/Users/shreyachaudhary/.m2/repository/com/aliyun/alibaba-dingtalk-service-sdk/2.0.0/alibaba-dingtalk-service-sdk-2.0.0.jar:/Users/shreyachaudhary/.m2/repository/log4j/log4j/1.2.15/log4j-1.2.15.jar:/Users/shreyachaudhary/.m2/repository/javax/mail/mail/1.4/mail-1.4.jar:/Users/shreyachaudhary/.m2/repository/javax/activation/activation/1.1/activation-1.1.jar:/Users/shreyachaudhary/.m2/repository/commons-logging/commons-logging/1.1.1/commons-logging-1.1.1.jar:/Users/shreyachaudhary/.m2/repository/com/aliyun/odps/odps-sdk-udf/0.43.4-public/odps-sdk-udf-0.43.4-public.jar:/Users/shreyachaudhary/.m2/repository/com/aliyun/odps/odps-sdk-commons/0.43.4-public/odps-sdk-commons-0.43.4-public.jar:/Users/shreyachaudhary/.m2/repository/org/aspectj/aspectjrt/1.8.9/aspectjrt-1.8.9.jar:/Users/shreyachaudhary/.m2/repository/com/baomidou/mybatis-plus/3.5.3.1/mybatis-plus-3.5.3.1.jar:/Users/shreyachaudhary/.m2/repository/com/baomidou/mybatis-plus-extension/3.5.3.1/mybatis-plus-extension-3.5.3.1.jar:/Users/shreyachaudhary/.m2/repository/com/baomidou/mybatis-plus-core/3.5.3.1/mybatis-plus-core-3.5.3.1.jar:/Users/shreyachaudhary/.m2/repository/com/baomidou/mybatis-plus-annotation/3.5.3.1/mybatis-plus-annotation-3.5.3.1.jar:/Users/shreyachaudhary/.m2/repository/com/github/jsqlparser/jsqlparser/4.4/jsqlparser-4.4.jar:/Users/shreyachaudhary/.m2/repository/org/mybatis/mybatis/3.5.10/mybatis-3.5.10.jar:/Users/shreyachaudhary/.m2/repository/org/mybatis/mybatis-spring/2.0.7/mybatis-spring-2.0.7.jar:/Users/shreyachaudhary/.m2/repository/com/carrotsearch/hppc/0.9.1/hppc-0.9.1.jar:/Users/shreyachaudhary/.m2/repository/com/caucho/hessian/4.0.66/hessian-4.0.66.jar:/Users/shreyachaudhary/.m2/repository/com/fasterxml/jackson/core/jackson-databind/2.15.1/jackson-databind-2.15.1.jar:/Users/shreyachaudhary/.m2/repository/com/fasterxml/jackson/core/jackson-annotations/2.15.1/jackson-annotations-2.15.1.jar:/Users/shreyachaudhary/.m2/repository/com/fasterxml/jackson/core/jackson-core/2.15.1/jackson-core-2.15.1.jar:/Users/shreyachaudhary/.m2/repository/com/google/code/gson/gson/2.10.1/gson-2.10.1.jar:/Users/shreyachaudhary/.m2/repository/com/google/guava/guava/31.1-jre/guava-31.1-jre.jar:/Users/shreyachaudhary/.m2/repository/com/google/guava/failureaccess/1.0.1/failureaccess-1.0.1.jar:/Users/shreyachaudhary/.m2/repository/com/google/guava/listenablefuture/9999.0-empty-to-avoid-conflict-with-guava/listenablefuture-9999.0-empty-to-avoid-conflict-with-guava.jar:/Users/shreyachaudhary/.m2/repository/com/google/code/findbugs/jsr305/3.0.2/jsr305-3.0.2.jar:/Users/shreyachaudhary/.m2/repository/org/checkerframework/checker-qual/3.12.0/checker-qual-3.12.0.jar:/Users/shreyachaudhary/.m2/repository/com/google/errorprone/error_prone_annotations/2.11.0/error_prone_annotations-2.11.0.jar:/Users/shreyachaudhary/.m2/repository/com/google/j2objc/j2objc-annotations/1.3/j2objc-annotations-1.3.jar:/Users/shreyachaudhary/.m2/repository/com/google/protobuf/protobuf-java/3.22.4/protobuf-java-3.22.4.jar:/Users/shreyachaudhary/.m2/repository/com/google/protobuf/protobuf-java-util/3.22.4/protobuf-java-util-3.22.4.jar:/Users/shreyachaudhary/.m2/repository/com/jayway/jsonpath/json-path/2.8.0/json-path-2.8.0.jar:/Users/shreyachaudhary/.m2/repository/net/minidev/json-smart/2.4.10/json-smart-2.4.10.jar:/Users/shreyachaudhary/.m2/repository/net/minidev/accessors-smart/2.4.9/accessors-smart-2.4.9.jar:/Users/shreyachaudhary/.m2/repository/org/ow2/asm/asm/9.3/asm-9.3.jar:/Users/shreyachaudhary/.m2/repository/org/slf4j/slf4j-api/1.7.36/slf4j-api-1.7.36.jar:/Users/shreyachaudhary/.m2/repository/com/oracle/ojdbc/ojdbc8/19.3.0.0/ojdbc8-19.3.0.0.jar:/Users/shreyachaudhary/.m2/repository/com/oracle/ojdbc/ucp/19.3.0.0/ucp-19.3.0.0.jar:/Users/shreyachaudhary/.m2/repository/com/oracle/ojdbc/oraclepki/19.3.0.0/oraclepki-19.3.0.0.jar:/Users/shreyachaudhary/.m2/repository/com/oracle/ojdbc/osdt_cert/19.3.0.0/osdt_cert-19.3.0.0.jar:/Users/shreyachaudhary/.m2/repository/com/oracle/ojdbc/osdt_core/19.3.0.0/osdt_core-19.3.0.0.jar:/Users/shreyachaudhary/.m2/repository/com/oracle/ojdbc/simplefan/19.3.0.0/simplefan-19.3.0.0.jar:/Users/shreyachaudhary/.m2/repository/com/oracle/ojdbc/ons/19.3.0.0/ons-19.3.0.0.jar:/Users/shreyachaudhary/.m2/repository/commons-io/commons-io/2.11.0/commons-io-2.11.0.jar:/Users/shreyachaudhary/.m2/repository/commons-lang/commons-lang/2.6/commons-lang-2.6.jar:/Users/shreyachaudhary/.m2/repository/io/projectreactor/reactor-core/3.5.6/reactor-core-3.5.6.jar:/Users/shreyachaudhary/.m2/repository/org/reactivestreams/reactive-streams/1.0.4/reactive-streams-1.0.4.jar:/Users/shreyachaudhary/.m2/repository/io/springfox/springfox-spring-web/3.0.0/springfox-spring-web-3.0.0.jar:/Users/shreyachaudhary/.m2/repository/io/springfox/springfox-spi/3.0.0/springfox-spi-3.0.0.jar:/Users/shreyachaudhary/.m2/repository/io/springfox/springfox-schema/3.0.0/springfox-schema-3.0.0.jar:/Users/shreyachaudhary/.m2/repository/io/springfox/springfox-core/3.0.0/springfox-core-3.0.0.jar:/Users/shreyachaudhary/.m2/repository/net/bytebuddy/byte-buddy/1.10.11/byte-buddy-1.10.11.jar:/Users/shreyachaudhary/.m2/repository/io/github/classgraph/classgraph/4.8.83/classgraph-4.8.83.jar:/Users/shreyachaudhary/.m2/repository/com/fasterxml/classmate/1.5.1/classmate-1.5.1.jar:/Users/shreyachaudhary/.m2/repository/org/springframework/plugin/spring-plugin-core/2.0.0.RELEASE/spring-plugin-core-2.0.0.RELEASE.jar:/Users/shreyachaudhary/.m2/repository/org/springframework/spring-context/5.2.0.RELEASE/spring-context-5.2.0.RELEASE.jar:/Users/shreyachaudhary/.m2/repository/org/springframework/spring-expression/5.2.0.RELEASE/spring-expression-5.2.0.RELEASE.jar:/Users/shreyachaudhary/.m2/repository/org/springframework/plugin/spring-plugin-metadata/2.0.0.RELEASE/spring-plugin-metadata-2.0.0.RELEASE.jar:/Users/shreyachaudhary/.m2/repository/jakarta/validation/jakarta.validation-api/2.0.2/jakarta.validation-api-2.0.2.jar:/Users/shreyachaudhary/.m2/repository/javax/money/money-api/1.1/money-api-1.1.jar:/Users/shreyachaudhary/.m2/repository/joda-time/joda-time/2.12.5/joda-time-2.12.5.jar:/Users/shreyachaudhary/.m2/repository/net/sf/json-lib/json-lib/2.4/json-lib-2.4-jdk15.jar:/Users/shreyachaudhary/.m2/repository/commons-beanutils/commons-beanutils/1.8.0/commons-beanutils-1.8.0.jar:/Users/shreyachaudhary/.m2/repository/commons-collections/commons-collections/3.2.1/commons-collections-3.2.1.jar:/Users/shreyachaudhary/.m2/repository/net/sf/ezmorph/ezmorph/1.0.6/ezmorph-1.0.6.jar:/Users/shreyachaudhary/.m2/repository/net/sf/trove4j/trove4j/3.0.3/trove4j-3.0.3.jar:/Users/shreyachaudhary/.m2/repository/org/apache/arrow/arrow-memory-netty/12.0.0/arrow-memory-netty-12.0.0.jar:/Users/shreyachaudhary/.m2/repository/org/apache/arrow/arrow-memory-core/12.0.0/arrow-memory-core-12.0.0.jar:/Users/shreyachaudhary/.m2/repository/io/netty/netty-buffer/4.1.82.Final/netty-buffer-4.1.82.Final.jar:/Users/shreyachaudhary/.m2/repository/io/netty/netty-common/4.1.82.Final/netty-common-4.1.82.Final.jar:/Users/shreyachaudhary/.m2/repository/org/apache/arrow/arrow-vector/12.0.0/arrow-vector-12.0.0.jar:/Users/shreyachaudhary/.m2/repository/org/apache/arrow/arrow-format/12.0.0/arrow-format-12.0.0.jar:/Users/shreyachaudhary/.m2/repository/com/fasterxml/jackson/datatype/jackson-datatype-jsr310/2.15.1/jackson-datatype-jsr310-2.15.1.jar:/Users/shreyachaudhary/.m2/repository/commons-codec/commons-codec/1.15/commons-codec-1.15.jar:/Users/shreyachaudhary/.m2/repository/com/google/flatbuffers/flatbuffers-java/1.12.0/flatbuffers-java-1.12.0.jar:/Users/shreyachaudhary/.m2/repository/org/apache/commons/commons-lang3/3.12.0/commons-lang3-3.12.0.jar:/Users/shreyachaudhary/.m2/repository/org/gitlab4j/gitlab4j-api/5.2.0/gitlab4j-api-5.2.0.jar:/Users/shreyachaudhary/.m2/repository/jakarta/activation/jakarta.activation-api/1.2.2/jakarta.activation-api-1.2.2.jar:/Users/shreyachaudhary/.m2/repository/org/glassfish/jersey/inject/jersey-hk2/2.39.1/jersey-hk2-2.39.1.jar:/Users/shreyachaudhary/.m2/repository/org/glassfish/jersey/core/jersey-common/2.39.1/jersey-common-2.39.1.jar:/Users/shreyachaudhary/.m2/repository/jakarta/annotation/jakarta.annotation-api/1.3.5/jakarta.annotation-api-1.3.5.jar:/Users/shreyachaudhary/.m2/repository/org/glassfish/hk2/osgi-resource-locator/1.0.3/osgi-resource-locator-1.0.3.jar:/Users/shreyachaudhary/.m2/repository/org/glassfish/hk2/hk2-locator/2.6.1/hk2-locator-2.6.1.jar:/Users/shreyachaudhary/.m2/repository/org/glassfish/hk2/external/aopalliance-repackaged/2.6.1/aopalliance-repackaged-2.6.1.jar:/Users/shreyachaudhary/.m2/repository/org/glassfish/hk2/hk2-api/2.6.1/hk2-api-2.6.1.jar:/Users/shreyachaudhary/.m2/repository/org/glassfish/hk2/hk2-utils/2.6.1/hk2-utils-2.6.1.jar:/Users/shreyachaudhary/.m2/repository/org/javassist/javassist/3.29.2-GA/javassist-3.29.2-GA.jar:/Users/shreyachaudhary/.m2/repository/org/glassfish/jersey/core/jersey-client/2.39.1/jersey-client-2.39.1.jar:/Users/shreyachaudhary/.m2/repository/jakarta/ws/rs/jakarta.ws.rs-api/2.1.6/jakarta.ws.rs-api-2.1.6.jar:/Users/shreyachaudhary/.m2/repository/org/glassfish/hk2/external/jakarta.inject/2.6.1/jakarta.inject-2.6.1.jar:/Users/shreyachaudhary/.m2/repository/org/glassfish/jersey/connectors/jersey-apache-connector/2.39.1/jersey-apache-connector-2.39.1.jar:/Users/shreyachaudhary/.m2/repository/org/apache/httpcomponents/httpclient/4.5.13/httpclient-4.5.13.jar:/Users/shreyachaudhary/.m2/repository/org/apache/httpcomponents/httpcore/4.4.13/httpcore-4.4.13.jar:/Users/shreyachaudhary/.m2/repository/org/glassfish/jersey/media/jersey-media-multipart/2.39.1/jersey-media-multipart-2.39.1.jar:/Users/shreyachaudhary/.m2/repository/org/jvnet/mimepull/mimepull/1.9.15/mimepull-1.9.15.jar:/Users/shreyachaudhary/.m2/repository/org/glassfish/jersey/media/jersey-media-json-jackson/2.39.1/jersey-media-json-jackson-2.39.1.jar:/Users/shreyachaudhary/.m2/repository/org/glassfish/jersey/ext/jersey-entity-filtering/2.39.1/jersey-entity-filtering-2.39.1.jar:/Users/shreyachaudhary/.m2/repository/com/fasterxml/jackson/module/jackson-module-jaxb-annotations/2.15.1/jackson-module-jaxb-annotations-2.15.1.jar:/Users/shreyachaudhary/.m2/repository/jakarta/xml/bind/jakarta.xml.bind-api/2.3.3/jakarta.xml.bind-api-2.3.3.jar:/Users/shreyachaudhary/.m2/repository/jakarta/servlet/jakarta.servlet-api/4.0.4/jakarta.servlet-api-4.0.4.jar:/Users/shreyachaudhary/.m2/repository/org/javamoney/moneta/1.1/moneta-1.1.jar:/Users/shreyachaudhary/.m2/repository/javax/annotation/javax.annotation-api/1.2/javax.annotation-api-1.2.jar:/Users/shreyachaudhary/.m2/repository/org/mongodb/bson/4.9.1/bson-4.9.1.jar:/Users/shreyachaudhary/.m2/repository/org/msgpack/msgpack-core/0.9.3/msgpack-core-0.9.3.jar:/Users/shreyachaudhary/.m2/repository/org/springframework/spring-aop/5.3.27/spring-aop-5.3.27.jar:/Users/shreyachaudhary/.m2/repository/org/springframework/spring-beans/5.3.27/spring-beans-5.3.27.jar:/Users/shreyachaudhary/.m2/repository/org/springframework/spring-core/5.3.27/spring-core-5.3.27.jar:/Users/shreyachaudhary/.m2/repository/org/springframework/spring-jcl/5.3.27/spring-jcl-5.3.27.jar:/Users/shreyachaudhary/.m2/repository/org/yaml/snakeyaml/2.0/snakeyaml-2.0.jar:/Users/shreyachaudhary/.m2/repository/io/kotest/kotest-assertions-core-jvm/5.6.2/kotest-assertions-core-jvm-5.6.2.jar:/Users/shreyachaudhary/.m2/repository/org/jetbrains/kotlin/kotlin-stdlib-jdk8/1.8.21/kotlin-stdlib-jdk8-1.8.21.jar:/Users/shreyachaudhary/.m2/repository/org/jetbrains/kotlin/kotlin-stdlib/1.8.21/kotlin-stdlib-1.8.21.jar:/Users/shreyachaudhary/.m2/repository/org/jetbrains/kotlin/kotlin-stdlib-jdk7/1.8.21/kotlin-stdlib-jdk7-1.8.21.jar:/Users/shreyachaudhary/.m2/repository/io/kotest/kotest-assertions-shared-jvm/5.6.2/kotest-assertions-shared-jvm-5.6.2.jar:/Users/shreyachaudhary/.m2/repository/org/opentest4j/opentest4j/1.2.0/opentest4j-1.2.0.jar:/Users/shreyachaudhary/.m2/repository/org/jetbrains/kotlin/kotlin-stdlib-common/1.8.21/kotlin-stdlib-common-1.8.21.jar:/Users/shreyachaudhary/.m2/repository/org/jetbrains/kotlinx/kotlinx-coroutines-jdk8/1.7.0/kotlinx-coroutines-jdk8-1.7.0.jar:/Users/shreyachaudhary/.m2/repository/org/jetbrains/kotlin/kotlin-reflect/1.8.21/kotlin-reflect-1.8.21.jar:/Users/shreyachaudhary/.m2/repository/io/kotest/kotest-common-jvm/5.6.2/kotest-common-jvm-5.6.2.jar:/Users/shreyachaudhary/.m2/repository/io/kotest/kotest-assertions-api-jvm/5.6.2/kotest-assertions-api-jvm-5.6.2.jar:/Users/shreyachaudhary/.m2/repository/org/jetbrains/kotlinx/kotlinx-coroutines-core-jvm/1.7.0/kotlinx-coroutines-core-jvm-1.7.0.jar:/Users/shreyachaudhary/.m2/repository/org/jetbrains/annotations/23.0.0/annotations-23.0.0.jar:/Users/shreyachaudhary/.m2/repository/io/kotest/kotest-property-jvm/5.6.2/kotest-property-jvm-5.6.2.jar:/Users/shreyachaudhary/.m2/repository/com/github/curious-odd-man/rgxgen/1.4/rgxgen-1.4.jar:/Users/shreyachaudhary/.m2/repository/io/github/java-diff-utils/java-diff-utils/4.12/java-diff-utils-4.12.jar:/Users/shreyachaudhary/.m2/repository/io/kotest/kotest-runner-junit5-jvm/5.6.2/kotest-runner-junit5-jvm-5.6.2.jar:/Users/shreyachaudhary/.m2/repository/io/kotest/kotest-framework-api-jvm/5.6.2/kotest-framework-api-jvm-5.6.2.jar:/Users/shreyachaudhary/.m2/repository/org/jetbrains/kotlinx/kotlinx-coroutines-test-jvm/1.7.0/kotlinx-coroutines-test-jvm-1.7.0.jar:/Users/shreyachaudhary/.m2/repository/io/kotest/kotest-framework-engine-jvm/5.6.2/kotest-framework-engine-jvm-5.6.2.jar:/Users/shreyachaudhary/.m2/repository/com/github/ajalt/mordant/1.2.1/mordant-1.2.1.jar:/Users/shreyachaudhary/.m2/repository/com/github/ajalt/colormath/1.2.0/colormath-1.2.0.jar:/Users/shreyachaudhary/.m2/repository/org/jetbrains/kotlinx/kotlinx-coroutines-debug/1.7.0/kotlinx-coroutines-debug-1.7.0.jar:/Users/shreyachaudhary/.m2/repository/net/java/dev/jna/jna/5.9.0/jna-5.9.0.jar:/Users/shreyachaudhary/.m2/repository/net/java/dev/jna/jna-platform/5.9.0/jna-platform-5.9.0.jar:/Users/shreyachaudhary/.m2/repository/net/bytebuddy/byte-buddy-agent/1.10.9/byte-buddy-agent-1.10.9.jar:/Users/shreyachaudhary/.m2/repository/io/kotest/kotest-framework-discovery-jvm/5.6.2/kotest-framework-discovery-jvm-5.6.2.jar:/Users/shreyachaudhary/.m2/repository/io/kotest/kotest-extensions-jvm/5.6.2/kotest-extensions-jvm-5.6.2.jar:/Users/shreyachaudhary/.m2/repository/io/kotest/kotest-framework-concurrency-jvm/5.6.2/kotest-framework-concurrency-jvm-5.6.2.jar:/Users/shreyachaudhary/.m2/repository/org/junit/platform/junit-platform-engine/1.9.3/junit-platform-engine-1.9.3.jar:/Users/shreyachaudhary/.m2/repository/org/junit/platform/junit-platform-commons/1.9.3/junit-platform-commons-1.9.3.jar:/Users/shreyachaudhary/.m2/repository/org/junit/platform/junit-platform-suite-api/1.9.3/junit-platform-suite-api-1.9.3.jar:/Users/shreyachaudhary/.m2/repository/org/junit/platform/junit-platform-launcher/1.9.3/junit-platform-launcher-1.9.3.jar:/Users/shreyachaudhary/.m2/repository/org/junit/jupiter/junit-jupiter-api/5.9.3/junit-jupiter-api-5.9.3.jar:/Users/shreyachaudhary/.m2/repository/org/hamcrest/hamcrest/2.2/hamcrest-2.2.jar:/Users/shreyachaudhary/.m2/repository/org/junit/jupiter/junit-jupiter/5.9.3/junit-jupiter-5.9.3.jar:/Users/shreyachaudhary/.m2/repository/org/junit/jupiter/junit-jupiter-params/5.9.3/junit-jupiter-params-5.9.3.jar:/Users/shreyachaudhary/.m2/repository/org/junit/jupiter/junit-jupiter-engine/5.9.3/junit-jupiter-engine-5.9.3.jar:/Users/shreyachaudhary/.m2/repository/org/mockito/mockito-all/1.10.19/mockito-all-1.10.19.jar:/Users/shreyachaudhary/.m2/repository/org/projectlombok/lombok/1.18.26/lombok-1.18.26.jar:"/>
    <property name="java.vm.vendor" value="Temurin"/>
    <property name="sun.arch.data.model" value="64"/>
    <property name="sun.font.fontmanager" value="sun.font.CFontManager"/>
    <property name="java.vendor.url" value="https://adoptium.net/"/>
    <property name="user.timezone" value="Asia/Shanghai"/>
    <property name="java.vm.specification.version" value="1.8"/>
    <property name="os.name" value="Mac OS X"/>
    <property name="user.country" value="US"/>
    <property name="sun.java.launcher" value="SUN_STANDARD"/>
    <property name="sun.boot.library.path" value="/Library/Java/JavaVirtualMachines/temurin-8.jdk/Contents/Home/jre/lib"/>
    <property name="sun.java.command" value="/Users/shreyachaudhary/Desktop/cs527/CS527-Project/BugSwarm/fastjson2-14206220675/Buggy-version/core/target/surefire/surefirebooter-20240408004939324_3.jar /Users/shreyachaudhary/Desktop/cs527/CS527-Project/BugSwarm/fastjson2-14206220675/Buggy-version/core/target/surefire 2024-04-08T00-49-38_960-jvmRun1 surefire-20240408004939324_1tmp surefire_0-20240408004939324_2tmp"/>
    <property name="http.nonProxyHosts" value="local|*.local|169.254/16|*.169.254/16"/>
    <property name="surefire.test.class.path" value="/Users/shreyachaudhary/Desktop/cs527/CS527-Project/BugSwarm/fastjson2-14206220675/Buggy-version/core/target/test-classes:/Users/shreyachaudhary/Desktop/cs527/CS527-Project/BugSwarm/fastjson2-14206220675/Buggy-version/core/target/classes:/Users/shreyachaudhary/.m2/repository/com/alibaba/fastjson/1.2.83/fastjson-1.2.83.jar:/Users/shreyachaudhary/.m2/repository/cn/hutool/hutool-all/5.8.17/hutool-all-5.8.17.jar:/Users/shreyachaudhary/.m2/repository/org/junit/vintage/junit-vintage-engine/5.9.3/junit-vintage-engine-5.9.3.jar:/Users/shreyachaudhary/.m2/repository/junit/junit/4.13.2/junit-4.13.2.jar:/Users/shreyachaudhary/.m2/repository/org/hamcrest/hamcrest-core/1.3/hamcrest-core-1.3.jar:/Users/shreyachaudhary/.m2/repository/org/apiguardian/apiguardian-api/1.1.2/apiguardian-api-1.1.2.jar:/Users/shreyachaudhary/.m2/repository/com/aliyun/alibaba-dingtalk-service-sdk/2.0.0/alibaba-dingtalk-service-sdk-2.0.0.jar:/Users/shreyachaudhary/.m2/repository/log4j/log4j/1.2.15/log4j-1.2.15.jar:/Users/shreyachaudhary/.m2/repository/javax/mail/mail/1.4/mail-1.4.jar:/Users/shreyachaudhary/.m2/repository/javax/activation/activation/1.1/activation-1.1.jar:/Users/shreyachaudhary/.m2/repository/commons-logging/commons-logging/1.1.1/commons-logging-1.1.1.jar:/Users/shreyachaudhary/.m2/repository/com/aliyun/odps/odps-sdk-udf/0.43.4-public/odps-sdk-udf-0.43.4-public.jar:/Users/shreyachaudhary/.m2/repository/com/aliyun/odps/odps-sdk-commons/0.43.4-public/odps-sdk-commons-0.43.4-public.jar:/Users/shreyachaudhary/.m2/repository/org/aspectj/aspectjrt/1.8.9/aspectjrt-1.8.9.jar:/Users/shreyachaudhary/.m2/repository/com/baomidou/mybatis-plus/3.5.3.1/mybatis-plus-3.5.3.1.jar:/Users/shreyachaudhary/.m2/repository/com/baomidou/mybatis-plus-extension/3.5.3.1/mybatis-plus-extension-3.5.3.1.jar:/Users/shreyachaudhary/.m2/repository/com/baomidou/mybatis-plus-core/3.5.3.1/mybatis-plus-core-3.5.3.1.jar:/Users/shreyachaudhary/.m2/repository/com/baomidou/mybatis-plus-annotation/3.5.3.1/mybatis-plus-annotation-3.5.3.1.jar:/Users/shreyachaudhary/.m2/repository/com/github/jsqlparser/jsqlparser/4.4/jsqlparser-4.4.jar:/Users/shreyachaudhary/.m2/repository/org/mybatis/mybatis/3.5.10/mybatis-3.5.10.jar:/Users/shreyachaudhary/.m2/repository/org/mybatis/mybatis-spring/2.0.7/mybatis-spring-2.0.7.jar:/Users/shreyachaudhary/.m2/repository/com/carrotsearch/hppc/0.9.1/hppc-0.9.1.jar:/Users/shreyachaudhary/.m2/repository/com/caucho/hessian/4.0.66/hessian-4.0.66.jar:/Users/shreyachaudhary/.m2/repository/com/fasterxml/jackson/core/jackson-databind/2.15.1/jackson-databind-2.15.1.jar:/Users/shreyachaudhary/.m2/repository/com/fasterxml/jackson/core/jackson-annotations/2.15.1/jackson-annotations-2.15.1.jar:/Users/shreyachaudhary/.m2/repository/com/fasterxml/jackson/core/jackson-core/2.15.1/jackson-core-2.15.1.jar:/Users/shreyachaudhary/.m2/repository/com/google/code/gson/gson/2.10.1/gson-2.10.1.jar:/Users/shreyachaudhary/.m2/repository/com/google/guava/guava/31.1-jre/guava-31.1-jre.jar:/Users/shreyachaudhary/.m2/repository/com/google/guava/failureaccess/1.0.1/failureaccess-1.0.1.jar:/Users/shreyachaudhary/.m2/repository/com/google/guava/listenablefuture/9999.0-empty-to-avoid-conflict-with-guava/listenablefuture-9999.0-empty-to-avoid-conflict-with-guava.jar:/Users/shreyachaudhary/.m2/repository/com/google/code/findbugs/jsr305/3.0.2/jsr305-3.0.2.jar:/Users/shreyachaudhary/.m2/repository/org/checkerframework/checker-qual/3.12.0/checker-qual-3.12.0.jar:/Users/shreyachaudhary/.m2/repository/com/google/errorprone/error_prone_annotations/2.11.0/error_prone_annotations-2.11.0.jar:/Users/shreyachaudhary/.m2/repository/com/google/j2objc/j2objc-annotations/1.3/j2objc-annotations-1.3.jar:/Users/shreyachaudhary/.m2/repository/com/google/protobuf/protobuf-java/3.22.4/protobuf-java-3.22.4.jar:/Users/shreyachaudhary/.m2/repository/com/google/protobuf/protobuf-java-util/3.22.4/protobuf-java-util-3.22.4.jar:/Users/shreyachaudhary/.m2/repository/com/jayway/jsonpath/json-path/2.8.0/json-path-2.8.0.jar:/Users/shreyachaudhary/.m2/repository/net/minidev/json-smart/2.4.10/json-smart-2.4.10.jar:/Users/shreyachaudhary/.m2/repository/net/minidev/accessors-smart/2.4.9/accessors-smart-2.4.9.jar:/Users/shreyachaudhary/.m2/repository/org/ow2/asm/asm/9.3/asm-9.3.jar:/Users/shreyachaudhary/.m2/repository/org/slf4j/slf4j-api/1.7.36/slf4j-api-1.7.36.jar:/Users/shreyachaudhary/.m2/repository/com/oracle/ojdbc/ojdbc8/19.3.0.0/ojdbc8-19.3.0.0.jar:/Users/shreyachaudhary/.m2/repository/com/oracle/ojdbc/ucp/19.3.0.0/ucp-19.3.0.0.jar:/Users/shreyachaudhary/.m2/repository/com/oracle/ojdbc/oraclepki/19.3.0.0/oraclepki-19.3.0.0.jar:/Users/shreyachaudhary/.m2/repository/com/oracle/ojdbc/osdt_cert/19.3.0.0/osdt_cert-19.3.0.0.jar:/Users/shreyachaudhary/.m2/repository/com/oracle/ojdbc/osdt_core/19.3.0.0/osdt_core-19.3.0.0.jar:/Users/shreyachaudhary/.m2/repository/com/oracle/ojdbc/simplefan/19.3.0.0/simplefan-19.3.0.0.jar:/Users/shreyachaudhary/.m2/repository/com/oracle/ojdbc/ons/19.3.0.0/ons-19.3.0.0.jar:/Users/shreyachaudhary/.m2/repository/commons-io/commons-io/2.11.0/commons-io-2.11.0.jar:/Users/shreyachaudhary/.m2/repository/commons-lang/commons-lang/2.6/commons-lang-2.6.jar:/Users/shreyachaudhary/.m2/repository/io/projectreactor/reactor-core/3.5.6/reactor-core-3.5.6.jar:/Users/shreyachaudhary/.m2/repository/org/reactivestreams/reactive-streams/1.0.4/reactive-streams-1.0.4.jar:/Users/shreyachaudhary/.m2/repository/io/springfox/springfox-spring-web/3.0.0/springfox-spring-web-3.0.0.jar:/Users/shreyachaudhary/.m2/repository/io/springfox/springfox-spi/3.0.0/springfox-spi-3.0.0.jar:/Users/shreyachaudhary/.m2/repository/io/springfox/springfox-schema/3.0.0/springfox-schema-3.0.0.jar:/Users/shreyachaudhary/.m2/repository/io/springfox/springfox-core/3.0.0/springfox-core-3.0.0.jar:/Users/shreyachaudhary/.m2/repository/net/bytebuddy/byte-buddy/1.10.11/byte-buddy-1.10.11.jar:/Users/shreyachaudhary/.m2/repository/io/github/classgraph/classgraph/4.8.83/classgraph-4.8.83.jar:/Users/shreyachaudhary/.m2/repository/com/fasterxml/classmate/1.5.1/classmate-1.5.1.jar:/Users/shreyachaudhary/.m2/repository/org/springframework/plugin/spring-plugin-core/2.0.0.RELEASE/spring-plugin-core-2.0.0.RELEASE.jar:/Users/shreyachaudhary/.m2/repository/org/springframework/spring-context/5.2.0.RELEASE/spring-context-5.2.0.RELEASE.jar:/Users/shreyachaudhary/.m2/repository/org/springframework/spring-expression/5.2.0.RELEASE/spring-expression-5.2.0.RELEASE.jar:/Users/shreyachaudhary/.m2/repository/org/springframework/plugin/spring-plugin-metadata/2.0.0.RELEASE/spring-plugin-metadata-2.0.0.RELEASE.jar:/Users/shreyachaudhary/.m2/repository/jakarta/validation/jakarta.validation-api/2.0.2/jakarta.validation-api-2.0.2.jar:/Users/shreyachaudhary/.m2/repository/javax/money/money-api/1.1/money-api-1.1.jar:/Users/shreyachaudhary/.m2/repository/joda-time/joda-time/2.12.5/joda-time-2.12.5.jar:/Users/shreyachaudhary/.m2/repository/net/sf/json-lib/json-lib/2.4/json-lib-2.4-jdk15.jar:/Users/shreyachaudhary/.m2/repository/commons-beanutils/commons-beanutils/1.8.0/commons-beanutils-1.8.0.jar:/Users/shreyachaudhary/.m2/repository/commons-collections/commons-collections/3.2.1/commons-collections-3.2.1.jar:/Users/shreyachaudhary/.m2/repository/net/sf/ezmorph/ezmorph/1.0.6/ezmorph-1.0.6.jar:/Users/shreyachaudhary/.m2/repository/net/sf/trove4j/trove4j/3.0.3/trove4j-3.0.3.jar:/Users/shreyachaudhary/.m2/repository/org/apache/arrow/arrow-memory-netty/12.0.0/arrow-memory-netty-12.0.0.jar:/Users/shreyachaudhary/.m2/repository/org/apache/arrow/arrow-memory-core/12.0.0/arrow-memory-core-12.0.0.jar:/Users/shreyachaudhary/.m2/repository/io/netty/netty-buffer/4.1.82.Final/netty-buffer-4.1.82.Final.jar:/Users/shreyachaudhary/.m2/repository/io/netty/netty-common/4.1.82.Final/netty-common-4.1.82.Final.jar:/Users/shreyachaudhary/.m2/repository/org/apache/arrow/arrow-vector/12.0.0/arrow-vector-12.0.0.jar:/Users/shreyachaudhary/.m2/repository/org/apache/arrow/arrow-format/12.0.0/arrow-format-12.0.0.jar:/Users/shreyachaudhary/.m2/repository/com/fasterxml/jackson/datatype/jackson-datatype-jsr310/2.15.1/jackson-datatype-jsr310-2.15.1.jar:/Users/shreyachaudhary/.m2/repository/commons-codec/commons-codec/1.15/commons-codec-1.15.jar:/Users/shreyachaudhary/.m2/repository/com/google/flatbuffers/flatbuffers-java/1.12.0/flatbuffers-java-1.12.0.jar:/Users/shreyachaudhary/.m2/repository/org/apache/commons/commons-lang3/3.12.0/commons-lang3-3.12.0.jar:/Users/shreyachaudhary/.m2/repository/org/gitlab4j/gitlab4j-api/5.2.0/gitlab4j-api-5.2.0.jar:/Users/shreyachaudhary/.m2/repository/jakarta/activation/jakarta.activation-api/1.2.2/jakarta.activation-api-1.2.2.jar:/Users/shreyachaudhary/.m2/repository/org/glassfish/jersey/inject/jersey-hk2/2.39.1/jersey-hk2-2.39.1.jar:/Users/shreyachaudhary/.m2/repository/org/glassfish/jersey/core/jersey-common/2.39.1/jersey-common-2.39.1.jar:/Users/shreyachaudhary/.m2/repository/jakarta/annotation/jakarta.annotation-api/1.3.5/jakarta.annotation-api-1.3.5.jar:/Users/shreyachaudhary/.m2/repository/org/glassfish/hk2/osgi-resource-locator/1.0.3/osgi-resource-locator-1.0.3.jar:/Users/shreyachaudhary/.m2/repository/org/glassfish/hk2/hk2-locator/2.6.1/hk2-locator-2.6.1.jar:/Users/shreyachaudhary/.m2/repository/org/glassfish/hk2/external/aopalliance-repackaged/2.6.1/aopalliance-repackaged-2.6.1.jar:/Users/shreyachaudhary/.m2/repository/org/glassfish/hk2/hk2-api/2.6.1/hk2-api-2.6.1.jar:/Users/shreyachaudhary/.m2/repository/org/glassfish/hk2/hk2-utils/2.6.1/hk2-utils-2.6.1.jar:/Users/shreyachaudhary/.m2/repository/org/javassist/javassist/3.29.2-GA/javassist-3.29.2-GA.jar:/Users/shreyachaudhary/.m2/repository/org/glassfish/jersey/core/jersey-client/2.39.1/jersey-client-2.39.1.jar:/Users/shreyachaudhary/.m2/repository/jakarta/ws/rs/jakarta.ws.rs-api/2.1.6/jakarta.ws.rs-api-2.1.6.jar:/Users/shreyachaudhary/.m2/repository/org/glassfish/hk2/external/jakarta.inject/2.6.1/jakarta.inject-2.6.1.jar:/Users/shreyachaudhary/.m2/repository/org/glassfish/jersey/connectors/jersey-apache-connector/2.39.1/jersey-apache-connector-2.39.1.jar:/Users/shreyachaudhary/.m2/repository/org/apache/httpcomponents/httpclient/4.5.13/httpclient-4.5.13.jar:/Users/shreyachaudhary/.m2/repository/org/apache/httpcomponents/httpcore/4.4.13/httpcore-4.4.13.jar:/Users/shreyachaudhary/.m2/repository/org/glassfish/jersey/media/jersey-media-multipart/2.39.1/jersey-media-multipart-2.39.1.jar:/Users/shreyachaudhary/.m2/repository/org/jvnet/mimepull/mimepull/1.9.15/mimepull-1.9.15.jar:/Users/shreyachaudhary/.m2/repository/org/glassfish/jersey/media/jersey-media-json-jackson/2.39.1/jersey-media-json-jackson-2.39.1.jar:/Users/shreyachaudhary/.m2/repository/org/glassfish/jersey/ext/jersey-entity-filtering/2.39.1/jersey-entity-filtering-2.39.1.jar:/Users/shreyachaudhary/.m2/repository/com/fasterxml/jackson/module/jackson-module-jaxb-annotations/2.15.1/jackson-module-jaxb-annotations-2.15.1.jar:/Users/shreyachaudhary/.m2/repository/jakarta/xml/bind/jakarta.xml.bind-api/2.3.3/jakarta.xml.bind-api-2.3.3.jar:/Users/shreyachaudhary/.m2/repository/jakarta/servlet/jakarta.servlet-api/4.0.4/jakarta.servlet-api-4.0.4.jar:/Users/shreyachaudhary/.m2/repository/org/javamoney/moneta/1.1/moneta-1.1.jar:/Users/shreyachaudhary/.m2/repository/javax/annotation/javax.annotation-api/1.2/javax.annotation-api-1.2.jar:/Users/shreyachaudhary/.m2/repository/org/mongodb/bson/4.9.1/bson-4.9.1.jar:/Users/shreyachaudhary/.m2/repository/org/msgpack/msgpack-core/0.9.3/msgpack-core-0.9.3.jar:/Users/shreyachaudhary/.m2/repository/org/springframework/spring-aop/5.3.27/spring-aop-5.3.27.jar:/Users/shreyachaudhary/.m2/repository/org/springframework/spring-beans/5.3.27/spring-beans-5.3.27.jar:/Users/shreyachaudhary/.m2/repository/org/springframework/spring-core/5.3.27/spring-core-5.3.27.jar:/Users/shreyachaudhary/.m2/repository/org/springframework/spring-jcl/5.3.27/spring-jcl-5.3.27.jar:/Users/shreyachaudhary/.m2/repository/org/yaml/snakeyaml/2.0/snakeyaml-2.0.jar:/Users/shreyachaudhary/.m2/repository/io/kotest/kotest-assertions-core-jvm/5.6.2/kotest-assertions-core-jvm-5.6.2.jar:/Users/shreyachaudhary/.m2/repository/org/jetbrains/kotlin/kotlin-stdlib-jdk8/1.8.21/kotlin-stdlib-jdk8-1.8.21.jar:/Users/shreyachaudhary/.m2/repository/org/jetbrains/kotlin/kotlin-stdlib/1.8.21/kotlin-stdlib-1.8.21.jar:/Users/shreyachaudhary/.m2/repository/org/jetbrains/kotlin/kotlin-stdlib-jdk7/1.8.21/kotlin-stdlib-jdk7-1.8.21.jar:/Users/shreyachaudhary/.m2/repository/io/kotest/kotest-assertions-shared-jvm/5.6.2/kotest-assertions-shared-jvm-5.6.2.jar:/Users/shreyachaudhary/.m2/repository/org/opentest4j/opentest4j/1.2.0/opentest4j-1.2.0.jar:/Users/shreyachaudhary/.m2/repository/org/jetbrains/kotlin/kotlin-stdlib-common/1.8.21/kotlin-stdlib-common-1.8.21.jar:/Users/shreyachaudhary/.m2/repository/org/jetbrains/kotlinx/kotlinx-coroutines-jdk8/1.7.0/kotlinx-coroutines-jdk8-1.7.0.jar:/Users/shreyachaudhary/.m2/repository/org/jetbrains/kotlin/kotlin-reflect/1.8.21/kotlin-reflect-1.8.21.jar:/Users/shreyachaudhary/.m2/repository/io/kotest/kotest-common-jvm/5.6.2/kotest-common-jvm-5.6.2.jar:/Users/shreyachaudhary/.m2/repository/io/kotest/kotest-assertions-api-jvm/5.6.2/kotest-assertions-api-jvm-5.6.2.jar:/Users/shreyachaudhary/.m2/repository/org/jetbrains/kotlinx/kotlinx-coroutines-core-jvm/1.7.0/kotlinx-coroutines-core-jvm-1.7.0.jar:/Users/shreyachaudhary/.m2/repository/org/jetbrains/annotations/23.0.0/annotations-23.0.0.jar:/Users/shreyachaudhary/.m2/repository/io/kotest/kotest-property-jvm/5.6.2/kotest-property-jvm-5.6.2.jar:/Users/shreyachaudhary/.m2/repository/com/github/curious-odd-man/rgxgen/1.4/rgxgen-1.4.jar:/Users/shreyachaudhary/.m2/repository/io/github/java-diff-utils/java-diff-utils/4.12/java-diff-utils-4.12.jar:/Users/shreyachaudhary/.m2/repository/io/kotest/kotest-runner-junit5-jvm/5.6.2/kotest-runner-junit5-jvm-5.6.2.jar:/Users/shreyachaudhary/.m2/repository/io/kotest/kotest-framework-api-jvm/5.6.2/kotest-framework-api-jvm-5.6.2.jar:/Users/shreyachaudhary/.m2/repository/org/jetbrains/kotlinx/kotlinx-coroutines-test-jvm/1.7.0/kotlinx-coroutines-test-jvm-1.7.0.jar:/Users/shreyachaudhary/.m2/repository/io/kotest/kotest-framework-engine-jvm/5.6.2/kotest-framework-engine-jvm-5.6.2.jar:/Users/shreyachaudhary/.m2/repository/com/github/ajalt/mordant/1.2.1/mordant-1.2.1.jar:/Users/shreyachaudhary/.m2/repository/com/github/ajalt/colormath/1.2.0/colormath-1.2.0.jar:/Users/shreyachaudhary/.m2/repository/org/jetbrains/kotlinx/kotlinx-coroutines-debug/1.7.0/kotlinx-coroutines-debug-1.7.0.jar:/Users/shreyachaudhary/.m2/repository/net/java/dev/jna/jna/5.9.0/jna-5.9.0.jar:/Users/shreyachaudhary/.m2/repository/net/java/dev/jna/jna-platform/5.9.0/jna-platform-5.9.0.jar:/Users/shreyachaudhary/.m2/repository/net/bytebuddy/byte-buddy-agent/1.10.9/byte-buddy-agent-1.10.9.jar:/Users/shreyachaudhary/.m2/repository/io/kotest/kotest-framework-discovery-jvm/5.6.2/kotest-framework-discovery-jvm-5.6.2.jar:/Users/shreyachaudhary/.m2/repository/io/kotest/kotest-extensions-jvm/5.6.2/kotest-extensions-jvm-5.6.2.jar:/Users/shreyachaudhary/.m2/repository/io/kotest/kotest-framework-concurrency-jvm/5.6.2/kotest-framework-concurrency-jvm-5.6.2.jar:/Users/shreyachaudhary/.m2/repository/org/junit/platform/junit-platform-engine/1.9.3/junit-platform-engine-1.9.3.jar:/Users/shreyachaudhary/.m2/repository/org/junit/platform/junit-platform-commons/1.9.3/junit-platform-commons-1.9.3.jar:/Users/shreyachaudhary/.m2/repository/org/junit/platform/junit-platform-suite-api/1.9.3/junit-platform-suite-api-1.9.3.jar:/Users/shreyachaudhary/.m2/repository/org/junit/platform/junit-platform-launcher/1.9.3/junit-platform-launcher-1.9.3.jar:/Users/shreyachaudhary/.m2/repository/org/junit/jupiter/junit-jupiter-api/5.9.3/junit-jupiter-api-5.9.3.jar:/Users/shreyachaudhary/.m2/repository/org/hamcrest/hamcrest/2.2/hamcrest-2.2.jar:/Users/shreyachaudhary/.m2/repository/org/junit/jupiter/junit-jupiter/5.9.3/junit-jupiter-5.9.3.jar:/Users/shreyachaudhary/.m2/repository/org/junit/jupiter/junit-jupiter-params/5.9.3/junit-jupiter-params-5.9.3.jar:/Users/shreyachaudhary/.m2/repository/org/junit/jupiter/junit-jupiter-engine/5.9.3/junit-jupiter-engine-5.9.3.jar:/Users/shreyachaudhary/.m2/repository/org/mockito/mockito-all/1.10.19/mockito-all-1.10.19.jar:/Users/shreyachaudhary/.m2/repository/org/projectlombok/lombok/1.18.26/lombok-1.18.26.jar:"/>
    <property name="sun.cpu.endian" value="little"/>
    <property name="user.home" value="/Users/shreyachaudhary"/>
    <property name="user.language" value="en"/>
    <property name="java.specification.vendor" value="Oracle Corporation"/>
    <property name="java.home" value="/Library/Java/JavaVirtualMachines/temurin-8.jdk/Contents/Home/jre"/>
    <property name="basedir" value="/Users/shreyachaudhary/Desktop/cs527/CS527-Project/BugSwarm/fastjson2-14206220675/Buggy-version/core"/>
    <property name="file.separator" value="/"/>
    <property name="line.separator" value="&#10;"/>
    <property name="java.vm.specification.vendor" value="Oracle Corporation"/>
    <property name="java.specification.name" value="Java Platform API Specification"/>
    <property name="java.awt.graphicsenv" value="sun.awt.CGraphicsEnvironment"/>
    <property name="surefire.real.class.path" value="/Users/shreyachaudhary/Desktop/cs527/CS527-Project/BugSwarm/fastjson2-14206220675/Buggy-version/core/target/surefire/surefirebooter-20240408004939324_3.jar"/>
    <property name="sun.boot.class.path" value="/Library/Java/JavaVirtualMachines/temurin-8.jdk/Contents/Home/jre/lib/resources.jar:/Library/Java/JavaVirtualMachines/temurin-8.jdk/Contents/Home/jre/lib/rt.jar:/Library/Java/JavaVirtualMachines/temurin-8.jdk/Contents/Home/jre/lib/sunrsasign.jar:/Library/Java/JavaVirtualMachines/temurin-8.jdk/Contents/Home/jre/lib/jsse.jar:/Library/Java/JavaVirtualMachines/temurin-8.jdk/Contents/Home/jre/lib/jce.jar:/Library/Java/JavaVirtualMachines/temurin-8.jdk/Contents/Home/jre/lib/charsets.jar:/Library/Java/JavaVirtualMachines/temurin-8.jdk/Contents/Home/jre/lib/jfr.jar:/Library/Java/JavaVirtualMachines/temurin-8.jdk/Contents/Home/jre/classes"/>
    <property name="sun.management.compiler" value="HotSpot 64-Bit Tiered Compilers"/>
    <property name="ftp.nonProxyHosts" value="local|*.local|169.254/16|*.169.254/16"/>
    <property name="java.runtime.version" value="1.8.0_402-b06"/>
    <property name="user.name" value="shreyachaudhary"/>
    <property name="path.separator" value=":"/>
    <property name="os.version" value="14.4.1"/>
    <property name="java.endorsed.dirs" value="/Library/Java/JavaVirtualMachines/temurin-8.jdk/Contents/Home/jre/lib/endorsed"/>
    <property name="java.runtime.name" value="OpenJDK Runtime Environment"/>
    <property name="file.encoding" value="UTF-8"/>
    <property name="java.vm.name" value="OpenJDK 64-Bit Server VM"/>
    <property name="localRepository" value="/Users/shreyachaudhary/.m2/repository"/>
    <property name="java.vendor.url.bug" value="https://github.com/adoptium/adoptium-support/issues"/>
    <property name="java.io.tmpdir" value="/var/folders/70/9z8mmtr153x2znr25_zb57mr0000gn/T/"/>
    <property name="java.version" value="1.8.0_402"/>
    <property name="user.dir" value="/Users/shreyachaudhary/Desktop/cs527/CS527-Project/BugSwarm/fastjson2-14206220675/Buggy-version/core"/>
    <property name="os.arch" value="x86_64"/>
    <property name="java.vm.specification.name" value="Java Virtual Machine Specification"/>
    <property name="java.awt.printerjob" value="sun.lwawt.macosx.CPrinterJob"/>
    <property name="sun.os.patch.level" value="unknown"/>
    <property name="java.library.path" value="/Users/shreyachaudhary/Library/Java/Extensions:/Library/Java/Extensions:/Network/Library/Java/Extensions:/System/Library/Java/Extensions:/usr/lib/java:."/>
    <property name="java.vm.info" value="mixed mode"/>
    <property name="java.vendor" value="Temurin"/>
    <property name="java.vm.version" value="25.402-b06"/>
    <property name="java.specification.maintenance.version" value="5"/>
    <property name="java.ext.dirs" value="/Users/shreyachaudhary/Library/Java/Extensions:/Library/Java/JavaVirtualMachines/temurin-8.jdk/Contents/Home/jre/lib/ext:/Library/Java/Extensions:/Network/Library/Java/Extensions:/System/Library/Java/Extensions:/usr/lib/java"/>
    <property name="sun.io.unicode.encoding" value="UnicodeBig"/>
    <property name="java.class.version" value="52.0"/>
    <property name="socksNonProxyHosts" value="local|*.local|169.254/16|*.169.254/16"/>
  </properties>
  <testcase name="test_readIfNull" classname="com.alibaba.fastjson2.JSONReaderTest1" time="0.007"/>
  <testcase name="testMillis_utc" classname="com.alibaba.fastjson2.JSONReaderTest1" time="1.266"/>
  <testcase name="test_readLocalDateTime16" classname="com.alibaba.fastjson2.JSONReaderTest1" time="0.006"/>
  <testcase name="test_readLocalDateTime17" classname="com.alibaba.fastjson2.JSONReaderTest1" time="0.001"/>
  <testcase name="test_readLocalDateTime18" classname="com.alibaba.fastjson2.JSONReaderTest1" time="0"/>
  <testcase name="test_readLocalDateTime19" classname="com.alibaba.fastjson2.JSONReaderTest1" time="0"/>
  <testcase name="testReadFieldNameHashCode" classname="com.alibaba.fastjson2.JSONReaderTest1" time="0.002"/>
  <testcase name="test_isBinary" classname="com.alibaba.fastjson2.JSONReaderTest1" time="0.001"/>
  <testcase name="testNextIfMatch" classname="com.alibaba.fastjson2.JSONReaderTest1" time="0.001"/>
  <testcase name="test_readLocalDate10_1" classname="com.alibaba.fastjson2.JSONReaderTest1" time="0.001"/>
  <testcase name="test_readLocalDate10_2" classname="com.alibaba.fastjson2.JSONReaderTest1" time="0"/>
  <testcase name="test_readString" classname="com.alibaba.fastjson2.JSONReaderTest1" time="0.001"/>
  <testcase name="test_readFieldName" classname="com.alibaba.fastjson2.JSONReaderTest1" time="0.001"/>
  <testcase name="testReadTypeHashCode1" classname="com.alibaba.fastjson2.JSONReaderTest1" time="0.002">
    <system-out><![CDATA[{
	"id#0":"#0",
	"#0":"#0"
}
]]></system-out>
  </testcase>
  <testcase name="testReadTypeHashCode2" classname="com.alibaba.fastjson2.JSONReaderTest1" time="0.002">
    <system-out><![CDATA[[
	{
		"@type":"vip.joinsun.dto.order.ThirdOrderResponseBO0#0",
		"@value":{}
	},
	{
		"@type":"vip.joinsun.dto.order.ThirdOrderResponseBO1#1",
		"@value":{}
	},
	{
		"@type":"vip.joinsun.dto.order.ThirdOrderResponseBO2#2",
		"@value":{}
	},
	{
		"@type":"vip.joinsun.dto.order.ThirdOrderResponseBO3#3",
		"@value":{}
	},
	{
		"@type":"vip.joinsun.dto.order.ThirdOrderResponseBO4#4",
		"@value":{}
	},
	{
		"@type":"vip.joinsun.dto.order.ThirdOrderResponseBO5#5",
		"@value":{}
	},
	{
		"@type":"vip.joinsun.dto.order.ThirdOrderResponseBO6#6",
		"@value":{}
	},
	{
		"@type":"vip.joinsun.dto.order.ThirdOrderResponseBO7#7",
		"@value":{}
	},
	{
		"@type":"vip.joinsun.dto.order.ThirdOrderResponseBO8#8",
		"@value":{}
	},
	{
		"@type":"vip.joinsun.dto.order.ThirdOrderResponseBO9#9",
		"@value":{}
	},
	{
		"@type":"vip.joinsun.dto.order.ThirdOrderResponseBO10#10",
		"@value":{}
	},
	{
		"@type":"vip.joinsun.dto.order.ThirdOrderResponseBO11#11",
		"@value":{}
	},
	{
		"@type":"vip.joinsun.dto.order.ThirdOrderResponseBO12#12",
		"@value":{}
	},
	{
		"@type":"vip.joinsun.dto.order.ThirdOrderResponseBO13#13",
		"@value":{}
	},
	{
		"@type":"vip.joinsun.dto.order.ThirdOrderResponseBO14#14",
		"@value":{}
	},
	{
		"@type":"vip.joinsun.dto.order.ThirdOrderResponseBO15#15",
		"@value":{}
	},
	{
		"@type":"vip.joinsun.dto.order.ThirdOrderResponseBO16#16",
		"@value":{}
	},
	{
		"@type":"vip.joinsun.dto.order.ThirdOrderResponseBO17#17",
		"@value":{}
	},
	{
		"@type":"vip.joinsun.dto.order.ThirdOrderResponseBO18#18",
		"@value":{}
	},
	{
		"@type":"vip.joinsun.dto.order.ThirdOrderResponseBO19#19",
		"@value":{}
	},
	{
		"@type":"vip.joinsun.dto.order.ThirdOrderResponseBO20#20",
		"@value":{}
	},
	{
		"@type":"vip.joinsun.dto.order.ThirdOrderResponseBO21#21",
		"@value":{}
	},
	{
		"@type":"vip.joinsun.dto.order.ThirdOrderResponseBO22#22",
		"@value":{}
	},
	{
		"@type":"vip.joinsun.dto.order.ThirdOrderResponseBO23#23",
		"@value":{}
	},
	{
		"@type":"vip.joinsun.dto.order.ThirdOrderResponseBO24#24",
		"@value":{}
	},
	{
		"@type":"vip.joinsun.dto.order.ThirdOrderResponseBO25#25",
		"@value":{}
	},
	{
		"@type":"vip.joinsun.dto.order.ThirdOrderResponseBO26#26",
		"@value":{}
	},
	{
		"@type":"vip.joinsun.dto.order.ThirdOrderResponseBO27#27",
		"@value":{}
	},
	{
		"@type":"vip.joinsun.dto.order.ThirdOrderResponseBO28#28",
		"@value":{}
	},
	{
		"@type":"vip.joinsun.dto.order.ThirdOrderResponseBO29#29",
		"@value":{}
	},
	{
		"@type":"vip.joinsun.dto.order.ThirdOrderResponseBO30#30",
		"@value":{}
	},
	{
		"@type":"vip.joinsun.dto.order.ThirdOrderResponseBO31#31",
		"@value":{}
	},
	{
		"@type":"vip.joinsun.dto.order.ThirdOrderResponseBO32#32",
		"@value":{}
	},
	{
		"@type":"vip.joinsun.dto.order.ThirdOrderResponseBO33#33",
		"@value":{}
	},
	{
		"@type":"vip.joinsun.dto.order.ThirdOrderResponseBO34#34",
		"@value":{}
	},
	{
		"@type":"vip.joinsun.dto.order.ThirdOrderResponseBO35#35",
		"@value":{}
	},
	{
		"@type":"vip.joinsun.dto.order.ThirdOrderResponseBO36#36",
		"@value":{}
	},
	{
		"@type":"vip.joinsun.dto.order.ThirdOrderResponseBO37#37",
		"@value":{}
	},
	{
		"@type":"vip.joinsun.dto.order.ThirdOrderResponseBO38#38",
		"@value":{}
	},
	{
		"@type":"vip.joinsun.dto.order.ThirdOrderResponseBO39#39",
		"@value":{}
	},
	{
		"@type":"vip.joinsun.dto.order.ThirdOrderResponseBO40#40",
		"@value":{}
	},
	{
		"@type":"vip.joinsun.dto.order.ThirdOrderResponseBO41#41",
		"@value":{}
	},
	{
		"@type":"vip.joinsun.dto.order.ThirdOrderResponseBO42#42",
		"@value":{}
	},
	{
		"@type":"vip.joinsun.dto.order.ThirdOrderResponseBO43#43",
		"@value":{}
	},
	{
		"@type":"vip.joinsun.dto.order.ThirdOrderResponseBO44#44",
		"@value":{}
	},
	{
		"@type":"vip.joinsun.dto.order.ThirdOrderResponseBO45#45",
		"@value":{}
	},
	{
		"@type":"vip.joinsun.dto.order.ThirdOrderResponseBO46#46",
		"@value":{}
	},
	{
		"@type":"vip.joinsun.dto.order.ThirdOrderResponseBO47#47",
		"@value":{}
	},
	{
		"@type":"vip.joinsun.dto.order.ThirdOrderResponseBO48#48",
		"@value":{}
	},
	{
		"@type":"vip.joinsun.dto.order.ThirdOrderResponseBO49#49",
		"@value":{}
	},
	{
		"@type":"vip.joinsun.dto.order.ThirdOrderResponseBO50#50",
		"@value":{}
	},
	{
		"@type":"vip.joinsun.dto.order.ThirdOrderResponseBO51#51",
		"@value":{}
	},
	{
		"@type":"vip.joinsun.dto.order.ThirdOrderResponseBO52#52",
		"@value":{}
	},
	{
		"@type":"vip.joinsun.dto.order.ThirdOrderResponseBO53#53",
		"@value":{}
	},
	{
		"@type":"vip.joinsun.dto.order.ThirdOrderResponseBO54#54",
		"@value":{}
	},
	{
		"@type":"vip.joinsun.dto.order.ThirdOrderResponseBO55#55",
		"@value":{}
	},
	{
		"@type":"vip.joinsun.dto.order.ThirdOrderResponseBO56#56",
		"@value":{}
	},
	{
		"@type":"vip.joinsun.dto.order.ThirdOrderResponseBO57#57",
		"@value":{}
	},
	{
		"@type":"vip.joinsun.dto.order.ThirdOrderResponseBO58#58",
		"@value":{}
	},
	{
		"@type":"vip.joinsun.dto.order.ThirdOrderResponseBO59#59",
		"@value":{}
	},
	{
		"@type":"vip.joinsun.dto.order.ThirdOrderResponseBO60#60",
		"@value":{}
	},
	{
		"@type":"vip.joinsun.dto.order.ThirdOrderResponseBO61#61",
		"@value":{}
	},
	{
		"@type":"vip.joinsun.dto.order.ThirdOrderResponseBO62#62",
		"@value":{}
	},
	{
		"@type":"vip.joinsun.dto.order.ThirdOrderResponseBO63#63",
		"@value":{}
	},
	{
		"@type":"vip.joinsun.dto.order.ThirdOrderResponseBO64#64",
		"@value":{}
	},
	{
		"@type":"vip.joinsun.dto.order.ThirdOrderResponseBO65#65",
		"@value":{}
	},
	{
		"@type":"vip.joinsun.dto.order.ThirdOrderResponseBO66#66",
		"@value":{}
	},
	{
		"@type":"vip.joinsun.dto.order.ThirdOrderResponseBO67#67",
		"@value":{}
	},
	{
		"@type":"vip.joinsun.dto.order.ThirdOrderResponseBO68#68",
		"@value":{}
	},
	{
		"@type":"vip.joinsun.dto.order.ThirdOrderResponseBO69#69",
		"@value":{}
	},
	{
		"@type":"vip.joinsun.dto.order.ThirdOrderResponseBO70#70",
		"@value":{}
	},
	{
		"@type":"vip.joinsun.dto.order.ThirdOrderResponseBO71#71",
		"@value":{}
	},
	{
		"@type":"vip.joinsun.dto.order.ThirdOrderResponseBO72#72",
		"@value":{}
	},
	{
		"@type":"vip.joinsun.dto.order.ThirdOrderResponseBO73#73",
		"@value":{}
	},
	{
		"@type":"vip.joinsun.dto.order.ThirdOrderResponseBO74#74",
		"@value":{}
	},
	{
		"@type":"vip.joinsun.dto.order.ThirdOrderResponseBO75#75",
		"@value":{}
	},
	{
		"@type":"vip.joinsun.dto.order.ThirdOrderResponseBO76#76",
		"@value":{}
	},
	{
		"@type":"vip.joinsun.dto.order.ThirdOrderResponseBO77#77",
		"@value":{}
	},
	{
		"@type":"vip.joinsun.dto.order.ThirdOrderResponseBO78#78",
		"@value":{}
	},
	{
		"@type":"vip.joinsun.dto.order.ThirdOrderResponseBO79#79",
		"@value":{}
	},
	{
		"@type":"vip.joinsun.dto.order.ThirdOrderResponseBO80#80",
		"@value":{}
	},
	{
		"@type":"vip.joinsun.dto.order.ThirdOrderResponseBO81#81",
		"@value":{}
	},
	{
		"@type":"vip.joinsun.dto.order.ThirdOrderResponseBO82#82",
		"@value":{}
	},
	{
		"@type":"vip.joinsun.dto.order.ThirdOrderResponseBO83#83",
		"@value":{}
	},
	{
		"@type":"vip.joinsun.dto.order.ThirdOrderResponseBO84#84",
		"@value":{}
	},
	{
		"@type":"vip.joinsun.dto.order.ThirdOrderResponseBO85#85",
		"@value":{}
	},
	{
		"@type":"vip.joinsun.dto.order.ThirdOrderResponseBO86#86",
		"@value":{}
	},
	{
		"@type":"vip.joinsun.dto.order.ThirdOrderResponseBO87#87",
		"@value":{}
	},
	{
		"@type":"vip.joinsun.dto.order.ThirdOrderResponseBO88#88",
		"@value":{}
	},
	{
		"@type":"vip.joinsun.dto.order.ThirdOrderResponseBO89#89",
		"@value":{}
	},
	{
		"@type":"vip.joinsun.dto.order.ThirdOrderResponseBO90#90",
		"@value":{}
	},
	{
		"@type":"vip.joinsun.dto.order.ThirdOrderResponseBO91#91",
		"@value":{}
	},
	{
		"@type":"vip.joinsun.dto.order.ThirdOrderResponseBO92#92",
		"@value":{}
	},
	{
		"@type":"vip.joinsun.dto.order.ThirdOrderResponseBO93#93",
		"@value":{}
	},
	{
		"@type":"vip.joinsun.dto.order.ThirdOrderResponseBO94#94",
		"@value":{}
	},
	{
		"@type":"vip.joinsun.dto.order.ThirdOrderResponseBO95#95",
		"@value":{}
	},
	{
		"@type":"vip.joinsun.dto.order.ThirdOrderResponseBO96#96",
		"@value":{}
	},
	{
		"@type":"vip.joinsun.dto.order.ThirdOrderResponseBO97#97",
		"@value":{}
	},
	{
		"@type":"vip.joinsun.dto.order.ThirdOrderResponseBO98#98",
		"@value":{}
	},
	{
		"@type":"vip.joinsun.dto.order.ThirdOrderResponseBO99#99",
		"@value":{}
	},
	{
		"@type":"vip.joinsun.dto.order.ThirdOrderResponseBO100#100",
		"@value":{}
	},
	{
		"@type":"vip.joinsun.dto.order.ThirdOrderResponseBO101#101",
		"@value":{}
	},
	{
		"@type":"vip.joinsun.dto.order.ThirdOrderResponseBO102#102",
		"@value":{}
	},
	{
		"@type":"vip.joinsun.dto.order.ThirdOrderResponseBO103#103",
		"@value":{}
	},
	{
		"@type":"vip.joinsun.dto.order.ThirdOrderResponseBO104#104",
		"@value":{}
	},
	{
		"@type":"vip.joinsun.dto.order.ThirdOrderResponseBO105#105",
		"@value":{}
	},
	{
		"@type":"vip.joinsun.dto.order.ThirdOrderResponseBO106#106",
		"@value":{}
	},
	{
		"@type":"vip.joinsun.dto.order.ThirdOrderResponseBO107#107",
		"@value":{}
	},
	{
		"@type":"vip.joinsun.dto.order.ThirdOrderResponseBO108#108",
		"@value":{}
	},
	{
		"@type":"vip.joinsun.dto.order.ThirdOrderResponseBO109#109",
		"@value":{}
	},
	{
		"@type":"vip.joinsun.dto.order.ThirdOrderResponseBO110#110",
		"@value":{}
	},
	{
		"@type":"vip.joinsun.dto.order.ThirdOrderResponseBO111#111",
		"@value":{}
	},
	{
		"@type":"vip.joinsun.dto.order.ThirdOrderResponseBO112#112",
		"@value":{}
	},
	{
		"@type":"vip.joinsun.dto.order.ThirdOrderResponseBO113#113",
		"@value":{}
	},
	{
		"@type":"vip.joinsun.dto.order.ThirdOrderResponseBO114#114",
		"@value":{}
	},
	{
		"@type":"vip.joinsun.dto.order.ThirdOrderResponseBO115#115",
		"@value":{}
	},
	{
		"@type":"vip.joinsun.dto.order.ThirdOrderResponseBO116#116",
		"@value":{}
	},
	{
		"@type":"vip.joinsun.dto.order.ThirdOrderResponseBO117#117",
		"@value":{}
	},
	{
		"@type":"vip.joinsun.dto.order.ThirdOrderResponseBO118#118",
		"@value":{}
	},
	{
		"@type":"vip.joinsun.dto.order.ThirdOrderResponseBO119#119",
		"@value":{}
	},
	{
		"@type":"vip.joinsun.dto.order.ThirdOrderResponseBO120#120",
		"@value":{}
	},
	{
		"@type":"vip.joinsun.dto.order.ThirdOrderResponseBO121#121",
		"@value":{}
	},
	{
		"@type":"vip.joinsun.dto.order.ThirdOrderResponseBO122#122",
		"@value":{}
	},
	{
		"@type":"vip.joinsun.dto.order.ThirdOrderResponseBO123#123",
		"@value":{}
	},
	{
		"@type":"vip.joinsun.dto.order.ThirdOrderResponseBO124#124",
		"@value":{}
	},
	{
		"@type":"vip.joinsun.dto.order.ThirdOrderResponseBO125#125",
		"@value":{}
	},
	{
		"@type":"vip.joinsun.dto.order.ThirdOrderResponseBO126#126",
		"@value":{}
	},
	{
		"@type":"vip.joinsun.dto.order.ThirdOrderResponseBO127#127",
		"@value":{}
	},
	{
		"@type":"vip.joinsun.dto.order.ThirdOrderResponseBO128#128",
		"@value":{}
	},
	{
		"@type":"vip.joinsun.dto.order.ThirdOrderResponseBO129#129",
		"@value":{}
	},
	{
		"@type":"vip.joinsun.dto.order.ThirdOrderResponseBO130#130",
		"@value":{}
	},
	{
		"@type":"vip.joinsun.dto.order.ThirdOrderResponseBO131#131",
		"@value":{}
	},
	{
		"@type":"vip.joinsun.dto.order.ThirdOrderResponseBO132#132",
		"@value":{}
	},
	{
		"@type":"vip.joinsun.dto.order.ThirdOrderResponseBO133#133",
		"@value":{}
	},
	{
		"@type":"vip.joinsun.dto.order.ThirdOrderResponseBO134#134",
		"@value":{}
	},
	{
		"@type":"vip.joinsun.dto.order.ThirdOrderResponseBO135#135",
		"@value":{}
	},
	{
		"@type":"vip.joinsun.dto.order.ThirdOrderResponseBO136#136",
		"@value":{}
	},
	{
		"@type":"vip.joinsun.dto.goods.ProjectGoodsSkuDTO#137",
		"@value":{}
	}
]
]]></system-out>
  </testcase>
  <testcase name="test_readInt32Value" classname="com.alibaba.fastjson2.JSONReaderTest1" time="0.001"/>
  <testcase name="testUTF16_2" classname="com.alibaba.fastjson2.JSONReaderTest1" time="0.193"/>
  <testcase name="testUTF16_3" classname="com.alibaba.fastjson2.JSONReaderTest1" time="1.248"/>
  <testcase name="config" classname="com.alibaba.fastjson2.JSONReaderTest1" time="0.004"/>
  <testcase name="testReadObject" classname="com.alibaba.fastjson2.JSONReaderTest1" time="0.025"/>
  <testcase name="test_readPattern" classname="com.alibaba.fastjson2.JSONReaderTest1" time="0.002"/>
  <testcase name="testASCII" classname="com.alibaba.fastjson2.JSONReaderTest1" time="0.087"/>
  <testcase name="testDates" classname="com.alibaba.fastjson2.JSONReaderTest1" time="1.554"/>
  <testcase name="testJSONB" classname="com.alibaba.fastjson2.JSONReaderTest1" time="0.01"/>
  <testcase name="testUTF16" classname="com.alibaba.fastjson2.JSONReaderTest1" time="0.002"/>
  <testcase name="testReadTypeHashCode" classname="com.alibaba.fastjson2.JSONReaderTest1" time="0.005">
    <system-out><![CDATA[{
	"id":"id#0",
	"id":"#0"
}
]]></system-out>
  </testcase>
  <testcase name="utf16test1" classname="com.alibaba.fastjson2.JSONReaderTest1" time="0.019"/>
  <testcase name="testUTF8" classname="com.alibaba.fastjson2.JSONReaderTest1" time="0.143"/>
  <testcase name="testNextIfMatch3_1" classname="com.alibaba.fastjson2.JSONReaderTest1" time="0.003"/>
  <testcase name="testNextIfMatch6_1" classname="com.alibaba.fastjson2.JSONReaderTest1" time="0"/>
  <testcase name="test_readInt32" classname="com.alibaba.fastjson2.JSONReaderTest1" time="0.001"/>
  <testcase name="test_readInt64" classname="com.alibaba.fastjson2.JSONReaderTest1" time="0"/>
  <testcase name="asciitest1" classname="com.alibaba.fastjson2.JSONReaderTest1" time="0.021"/>
  <testcase name="test_nextIfMatch" classname="com.alibaba.fastjson2.JSONReaderTest1" time="0.002"/>
  <testcase name="test_readLocalDate10" classname="com.alibaba.fastjson2.JSONReaderTest1" time="0.009"/>
  <testcase name="test_readLocalDate11" classname="com.alibaba.fastjson2.JSONReaderTest1" time="0"/>
  <testcase name="testOf" classname="com.alibaba.fastjson2.JSONReaderTest1" time="0.002"/>
  <testcase name="readName_1" classname="com.alibaba.fastjson2.JSONReaderTest1" time="0"/>
  <testcase name="readName_2" classname="com.alibaba.fastjson2.JSONReaderTest1" time="0.001"/>
  <testcase name="test_readLocalTime10" classname="com.alibaba.fastjson2.JSONReaderTest1" time="0.003"/>
  <testcase name="test_readLocalTime11" classname="com.alibaba.fastjson2.JSONReaderTest1" time="0"/>
  <testcase name="test_readLocalTime12" classname="com.alibaba.fastjson2.JSONReaderTest1" time="0"/>
  <testcase name="test_readLocalTime18" classname="com.alibaba.fastjson2.JSONReaderTest1" time="0"/>
  <testcase name="test_readLocalDateTimeX" classname="com.alibaba.fastjson2.JSONReaderTest1" time="0"/>
  <testcase name="testReadArray" classname="com.alibaba.fastjson2.JSONReaderTest1" time="0.001"/>
  <testcase name="testReadUUID1" classname="com.alibaba.fastjson2.JSONReaderTest1" time="0"/>
  <testcase name="testReadUUID2" classname="com.alibaba.fastjson2.JSONReaderTest1" time="0"/>
  <testcase name="testReadUUID" classname="com.alibaba.fastjson2.JSONReaderTest1" time="0.001"/>
  <testcase name="readNameHashCode" classname="com.alibaba.fastjson2.JSONReaderTest1" time="0"/>
  <testcase name="testReadFieldNameHashCodeUnquote" classname="com.alibaba.fastjson2.JSONReaderTest1" time="0"/>
  <testcase name="test" classname="com.alibaba.fastjson2.JSONReaderTest1" time="0.026"/>
  <testcase name="asciitest" classname="com.alibaba.fastjson2.JSONReaderTest1" time="0.028"/>
  <testcase name="test1" classname="com.alibaba.fastjson2.JSONReaderTest1" time="0.008"/>
  <testcase name="test_readLocalDate8" classname="com.alibaba.fastjson2.JSONReaderTest1" time="0.004"/>
  <testcase name="test_readLocalDate9" classname="com.alibaba.fastjson2.JSONReaderTest1" time="0.001"/>
  <testcase name="test_readLocalTime8" classname="com.alibaba.fastjson2.JSONReaderTest1" time="0"/>
  <testcase name="getBigInt" classname="com.alibaba.fastjson2.JSONReaderTest1" time="0.016"/>
  <testcase name="test_readReference" classname="com.alibaba.fastjson2.JSONReaderTest1" time="0.001"/>
  <testcase name="test_isReference" classname="com.alibaba.fastjson2.JSONReaderTest1" time="0.001"/>
  <testcase name="testResolveTaskToString" classname="com.alibaba.fastjson2.JSONReaderTest1" time="0.001"/>
  <testcase name="test_readLocalDate9_1" classname="com.alibaba.fastjson2.JSONReaderTest1" time="0.001"/>
  <testcase name="test_readFieldNameUnquoted" classname="com.alibaba.fastjson2.JSONReaderTest1" time="0.002"/>
  <testcase name="test_readNullOrNewDate" classname="com.alibaba.fastjson2.JSONReaderTest1" time="0.001"/>
  <testcase name="readNameHashCode_x2" classname="com.alibaba.fastjson2.JSONReaderTest1" time="0.001"/>
  <testcase name="readNameHashCode_x3" classname="com.alibaba.fastjson2.JSONReaderTest1" time="0.011"/>
  <testcase name="readNameHashCode_x4" classname="com.alibaba.fastjson2.JSONReaderTest1" time="0.028"/>
  <testcase name="testNextIfMatch3" classname="com.alibaba.fastjson2.JSONReaderTest1" time="0.001"/>
  <testcase name="testNextIfMatch4" classname="com.alibaba.fastjson2.JSONReaderTest1" time="0.001"/>
  <testcase name="testNextIfMatch6" classname="com.alibaba.fastjson2.JSONReaderTest1" time="0"/>
  <testcase name="utf16test" classname="com.alibaba.fastjson2.JSONReaderTest1" time="0.004"/>
  <testcase name="test_readInt64Value" classname="com.alibaba.fastjson2.JSONReaderTest1" time="0.001"/>
  <testcase name="testDecimal" classname="com.alibaba.fastjson2.JSONReaderTest1" time="0.012"/>
  <testcase name="testReadObject1" classname="com.alibaba.fastjson2.JSONReaderTest1" time="0.001"/>
  <testcase name="test_nextIfSet" classname="com.alibaba.fastjson2.JSONReaderTest1" time="0.001"/>
  <testcase name="test_readLocalDateTime17_1" classname="com.alibaba.fastjson2.JSONReaderTest1" time="0"/>
  <testcase name="test_readLocalDateTime17_2" classname="com.alibaba.fastjson2.JSONReaderTest1" time="0"/>
  <testcase name="test_readLocalDateTime18_1" classname="com.alibaba.fastjson2.JSONReaderTest1" time="0"/>
  <testcase name="test_readLocalDateTime18_2" classname="com.alibaba.fastjson2.JSONReaderTest1" time="0.001"/>
  <testcase name="test_readLocalDateTime18_3" classname="com.alibaba.fastjson2.JSONReaderTest1" time="0"/>
  <testcase name="test_readLocalDateTime18_4" classname="com.alibaba.fastjson2.JSONReaderTest1" time="0"/>
  <testcase name="testNextIfEmptyString" classname="com.alibaba.fastjson2.JSONReaderTest1" time="0"/>
  <testcase name="test_readValueHashCode" classname="com.alibaba.fastjson2.JSONReaderTest1" time="0.001"/>
  <testcase name="testInteger" classname="com.alibaba.fastjson2.JSONReaderTest1" time="0.002"/>
  <testcase name="testMillis_shanghai" classname="com.alibaba.fastjson2.JSONReaderTest1" time="0.177"/>
  <testcase name="test_getNameHashCodeLCase" classname="com.alibaba.fastjson2.JSONReaderTest1" time="0.002"/>
  <testcase name="testNextIfSet" classname="com.alibaba.fastjson2.JSONReaderTest1" time="0"/>
  <testcase name="testNextIfNull" classname="com.alibaba.fastjson2.JSONReaderTest1" time="0"/>
  <testcase name="test_readBinary" classname="com.alibaba.fastjson2.JSONReaderTest1" time="0.001"/>
</testsuite>