<?xml version="1.0" encoding="UTF-8"?>
<testsuite name="java_programs.EvosuiteBUCKETSORT_ESTest" tests="7" skipped="0" failures="0" errors="0" timestamp="2024-04-02T02:07:13" hostname="Sejals-MacBook-Air.local" time="0.008">
  <properties/>
  <testcase name="test6" classname="java_programs.EvosuiteBUCKETSORT_ESTest" time="0.003"/>
  <testcase name="test5" classname="java_programs.EvosuiteBUCKETSORT_ESTest" time="0.001"/>
  <testcase name="test4" classname="java_programs.EvosuiteBUCKETSORT_ESTest" time="0.0"/>
  <testcase name="test3" classname="java_programs.EvosuiteBUCKETSORT_ESTest" time="0.003"/>
  <testcase name="test2" classname="java_programs.EvosuiteBUCKETSORT_ESTest" time="0.0"/>
  <testcase name="test1" classname="java_programs.EvosuiteBUCKETSORT_ESTest" time="0.001"/>
  <testcase name="test0" classname="java_programs.EvosuiteBUCKETSORT_ESTest" time="0.0"/>
  <system-out><![CDATA[]]></system-out>
  <system-err><![CDATA[]]></system-err>
</testsuite>
