<?xml version="1.0" encoding="UTF-8"?>
<testsuite name="testutil.OfflineCheckerTest" tests="1" skipped="0" failures="0" errors="0" timestamp="2024-03-30T06:57:01" hostname="Shrushtis-MacBook-Air.local" time="0.046">
  <properties/>
  <testcase name="knows when is offline" classname="testutil.OfflineCheckerTest" time="0.046"/>
  <system-out><![CDATA[]]></system-out>
  <system-err><![CDATA[]]></system-err>
</testsuite>
