<?xml version="1.0" encoding="UTF-8"?>
<testsuite name="org.mockito.release.comparison.ZipCompareTest" tests="2" skipped="0" failures="0" errors="0" timestamp="2024-04-07T21:35:01" hostname="Shrushtis-MacBook-Air.local" time="0.057">
  <properties/>
  <testcase name="compares zips" classname="org.mockito.release.comparison.ZipCompareTest" time="0.052"/>
  <testcase name="fails early when any of the zips cannot be opened" classname="org.mockito.release.comparison.ZipCompareTest" time="0.004"/>
  <system-out><![CDATA[14:35:01.290 [Test worker] INFO  o.m.release.comparison.ZipCompare - Comparing /var/folders/fp/r3q888xd0pq7wl45t_l61g100000gn/T/junit4084558331733361933/junit5662432991964674360/zip-1.zip with /var/folders/fp/r3q888xd0pq7wl45t_l61g100000gn/T/junit4084558331733361933/junit5662432991964674360/zip-2.zip
14:35:01.291 [Test worker] INFO  o.m.release.comparison.ZipCompare - 4 entries matched
14:35:01.292 [Test worker] INFO  o.m.release.comparison.ZipCompare - Comparing /var/folders/fp/r3q888xd0pq7wl45t_l61g100000gn/T/junit4084558331733361933/junit5662432991964674360/zip-2.zip with /var/folders/fp/r3q888xd0pq7wl45t_l61g100000gn/T/junit4084558331733361933/junit5662432991964674360/zip-1.zip
14:35:01.292 [Test worker] INFO  o.m.release.comparison.ZipCompare - 4 entries matched
14:35:01.292 [Test worker] INFO  o.m.release.comparison.ZipCompare - Comparing /var/folders/fp/r3q888xd0pq7wl45t_l61g100000gn/T/junit4084558331733361933/junit5662432991964674360/zip-1.zip with /var/folders/fp/r3q888xd0pq7wl45t_l61g100000gn/T/junit4084558331733361933/junit5662432991964674360/zip-3.zip
14:35:01.292 [Test worker] INFO  o.m.release.comparison.ZipCompare - x/y/4.txt does not match
14:35:01.292 [Test worker] INFO  o.m.release.comparison.ZipCompare - 3 entries matched
14:35:01.292 [Test worker] INFO  o.m.release.comparison.ZipCompare - 1 entries did not match
14:35:01.292 [Test worker] INFO  o.m.release.comparison.ZipCompare - Comparing /var/folders/fp/r3q888xd0pq7wl45t_l61g100000gn/T/junit4084558331733361933/junit5662432991964674360/zip-1.zip with /var/folders/fp/r3q888xd0pq7wl45t_l61g100000gn/T/junit4084558331733361933/junit5662432991964674360/zip-4.zip
14:35:01.292 [Test worker] INFO  o.m.release.comparison.ZipCompare - x/y/4.txt not found in /var/folders/fp/r3q888xd0pq7wl45t_l61g100000gn/T/junit4084558331733361933/junit5662432991964674360/zip-4.zip
14:35:01.292 [Test worker] INFO  o.m.release.comparison.ZipCompare - 3 entries matched
14:35:01.292 [Test worker] INFO  o.m.release.comparison.ZipCompare - 1 entries did not match
14:35:01.292 [Test worker] INFO  o.m.release.comparison.ZipCompare - Comparing /var/folders/fp/r3q888xd0pq7wl45t_l61g100000gn/T/junit4084558331733361933/junit5662432991964674360/zip-1.zip with /var/folders/fp/r3q888xd0pq7wl45t_l61g100000gn/T/junit4084558331733361933/junit5662432991964674360/zip-5.zip
14:35:01.292 [Test worker] INFO  o.m.release.comparison.ZipCompare - x.txt not found in /var/folders/fp/r3q888xd0pq7wl45t_l61g100000gn/T/junit4084558331733361933/junit5662432991964674360/zip-1.zip
14:35:01.292 [Test worker] INFO  o.m.release.comparison.ZipCompare - 4 entries matched
14:35:01.293 [Test worker] INFO  o.m.release.comparison.ZipCompare - 1 entries did not match
]]></system-out>
  <system-err><![CDATA[]]></system-err>
</testsuite>
