<?xml version="1.0" encoding="UTF-8"?>
<testsuite name="org.mockito.release.comparison.ZipCompareTest" tests="2" skipped="0" failures="0" errors="0" timestamp="2024-04-07T21:43:06" hostname="Shrushtis-MacBook-Air.local" time="0.054">
  <properties/>
  <testcase name="compares zips" classname="org.mockito.release.comparison.ZipCompareTest" time="0.05"/>
  <testcase name="fails early when any of the zips cannot be opened" classname="org.mockito.release.comparison.ZipCompareTest" time="0.003"/>
  <system-out><![CDATA[14:43:06.248 [Test worker] INFO  o.m.release.comparison.ZipCompare - Comparing /var/folders/fp/r3q888xd0pq7wl45t_l61g100000gn/T/junit3772575779967648349/junit3049352394671603448/zip-1.zip with /var/folders/fp/r3q888xd0pq7wl45t_l61g100000gn/T/junit3772575779967648349/junit3049352394671603448/zip-2.zip
14:43:06.249 [Test worker] INFO  o.m.release.comparison.ZipCompare - 4 entries matched
14:43:06.249 [Test worker] INFO  o.m.release.comparison.ZipCompare - Comparing /var/folders/fp/r3q888xd0pq7wl45t_l61g100000gn/T/junit3772575779967648349/junit3049352394671603448/zip-2.zip with /var/folders/fp/r3q888xd0pq7wl45t_l61g100000gn/T/junit3772575779967648349/junit3049352394671603448/zip-1.zip
14:43:06.249 [Test worker] INFO  o.m.release.comparison.ZipCompare - 4 entries matched
14:43:06.249 [Test worker] INFO  o.m.release.comparison.ZipCompare - Comparing /var/folders/fp/r3q888xd0pq7wl45t_l61g100000gn/T/junit3772575779967648349/junit3049352394671603448/zip-1.zip with /var/folders/fp/r3q888xd0pq7wl45t_l61g100000gn/T/junit3772575779967648349/junit3049352394671603448/zip-3.zip
14:43:06.249 [Test worker] INFO  o.m.release.comparison.ZipCompare - x/y/4.txt does not match
14:43:06.249 [Test worker] INFO  o.m.release.comparison.ZipCompare - 3 entries matched
14:43:06.249 [Test worker] INFO  o.m.release.comparison.ZipCompare - 1 entries did not match
14:43:06.249 [Test worker] INFO  o.m.release.comparison.ZipCompare - Comparing /var/folders/fp/r3q888xd0pq7wl45t_l61g100000gn/T/junit3772575779967648349/junit3049352394671603448/zip-1.zip with /var/folders/fp/r3q888xd0pq7wl45t_l61g100000gn/T/junit3772575779967648349/junit3049352394671603448/zip-4.zip
14:43:06.250 [Test worker] INFO  o.m.release.comparison.ZipCompare - x/y/4.txt not found in /var/folders/fp/r3q888xd0pq7wl45t_l61g100000gn/T/junit3772575779967648349/junit3049352394671603448/zip-4.zip
14:43:06.250 [Test worker] INFO  o.m.release.comparison.ZipCompare - 3 entries matched
14:43:06.250 [Test worker] INFO  o.m.release.comparison.ZipCompare - 1 entries did not match
14:43:06.250 [Test worker] INFO  o.m.release.comparison.ZipCompare - Comparing /var/folders/fp/r3q888xd0pq7wl45t_l61g100000gn/T/junit3772575779967648349/junit3049352394671603448/zip-1.zip with /var/folders/fp/r3q888xd0pq7wl45t_l61g100000gn/T/junit3772575779967648349/junit3049352394671603448/zip-5.zip
14:43:06.250 [Test worker] INFO  o.m.release.comparison.ZipCompare - x.txt not found in /var/folders/fp/r3q888xd0pq7wl45t_l61g100000gn/T/junit3772575779967648349/junit3049352394671603448/zip-1.zip
14:43:06.250 [Test worker] INFO  o.m.release.comparison.ZipCompare - 4 entries matched
14:43:06.250 [Test worker] INFO  o.m.release.comparison.ZipCompare - 1 entries did not match
]]></system-out>
  <system-err><![CDATA[]]></system-err>
</testsuite>
