<?xml version="1.0" encoding="UTF-8"?>
<testsuite name="org.mockito.release.notes.vcs.DefaultContributionSetTest" tests="4" skipped="0" failures="0" errors="0" timestamp="2024-04-07T05:31:35" hostname="Shrushtis-MacBook-Air.local" time="0.009">
  <properties/>
  <testcase name="empty contributions" classname="org.mockito.release.notes.vcs.DefaultContributionSetTest" time="0.006"/>
  <testcase name="contains referenced tickets" classname="org.mockito.release.notes.vcs.DefaultContributionSetTest" time="0.001"/>
  <testcase name="many contributions" classname="org.mockito.release.notes.vcs.DefaultContributionSetTest" time="0.001"/>
  <testcase name="ignores specific commits" classname="org.mockito.release.notes.vcs.DefaultContributionSetTest" time="0.001"/>
  <system-out><![CDATA[]]></system-out>
  <system-err><![CDATA[]]></system-err>
</testsuite>
