<?xml version="1.0" encoding="UTF-8"?>
<testsuite name="org.semanticweb.owlapitools.builders.test.BuildersEqualTestCase" time="0.182" tests="84" errors="0" skipped="0" failures="0">
  <properties>
    <property name="java.runtime.name" value="OpenJDK Runtime Environment"/>
    <property name="sun.boot.library.path" value="/Library/Java/JavaVirtualMachines/temurin-8.jdk/Contents/Home/jre/lib"/>
    <property name="java.vm.version" value="25.402-b06"/>
    <property name="gopherProxySet" value="false"/>
    <property name="java.vm.vendor" value="Temurin"/>
    <property name="maven.multiModuleProjectDirectory" value="/Users/shreyachaudhary/Desktop/extra/CS527-Project/Bugs/BugSwarm/2nd_round/owlapi-158989792/Buggy-version"/>
    <property name="java.vendor.url" value="https://adoptium.net/"/>
    <property name="path.separator" value=":"/>
    <property name="guice.disable.misplaced.annotation.check" value="true"/>
    <property name="java.vm.name" value="OpenJDK 64-Bit Server VM"/>
    <property name="file.encoding.pkg" value="sun.io"/>
    <property name="user.country" value="US"/>
    <property name="sun.java.launcher" value="SUN_STANDARD"/>
    <property name="sun.os.patch.level" value="unknown"/>
    <property name="java.vm.specification.name" value="Java Virtual Machine Specification"/>
    <property name="user.dir" value="/Users/shreyachaudhary/Desktop/extra/CS527-Project/Bugs/BugSwarm/2nd_round/owlapi-158989792/Buggy-version"/>
    <property name="java.runtime.version" value="1.8.0_402-b06"/>
    <property name="java.awt.graphicsenv" value="sun.awt.CGraphicsEnvironment"/>
    <property name="java.endorsed.dirs" value="/Library/Java/JavaVirtualMachines/temurin-8.jdk/Contents/Home/jre/lib/endorsed"/>
    <property name="os.arch" value="x86_64"/>
    <property name="java.io.tmpdir" value="/var/folders/70/9z8mmtr153x2znr25_zb57mr0000gn/T/"/>
    <property name="line.separator" value="&#10;"/>
    <property name="java.vm.specification.vendor" value="Oracle Corporation"/>
    <property name="os.name" value="Mac OS X"/>
    <property name="classworlds.conf" value="/opt/homebrew/Cellar/maven/3.9.6/libexec/bin/m2.conf"/>
    <property name="sun.jnu.encoding" value="UTF-8"/>
    <property name="java.library.path" value="/Users/shreyachaudhary/Library/Java/Extensions:/Library/Java/Extensions:/Network/Library/Java/Extensions:/System/Library/Java/Extensions:/usr/lib/java:."/>
    <property name="maven.conf" value="/opt/homebrew/Cellar/maven/3.9.6/libexec/conf"/>
    <property name="java.specification.name" value="Java Platform API Specification"/>
    <property name="java.class.version" value="52.0"/>
    <property name="sun.management.compiler" value="HotSpot 64-Bit Tiered Compilers"/>
    <property name="maven.test.failure.ignore" value="true"/>
    <property name="os.version" value="14.4.1"/>
    <property name="library.jansi.path" value="/opt/homebrew/Cellar/maven/3.9.6/libexec/lib/jansi-native"/>
    <property name="http.nonProxyHosts" value="local|*.local|169.254/16|*.169.254/16"/>
    <property name="user.home" value="/Users/shreyachaudhary"/>
    <property name="user.timezone" value="America/Chicago"/>
    <property name="java.awt.printerjob" value="sun.lwawt.macosx.CPrinterJob"/>
    <property name="java.specification.version" value="1.8"/>
    <property name="file.encoding" value="UTF-8"/>
    <property name="user.name" value="shreyachaudhary"/>
    <property name="java.class.path" value="/opt/homebrew/Cellar/maven/3.9.6/libexec/boot/plexus-classworlds-2.7.0.jar"/>
    <property name="java.vm.specification.version" value="1.8"/>
    <property name="sun.arch.data.model" value="64"/>
    <property name="java.home" value="/Library/Java/JavaVirtualMachines/temurin-8.jdk/Contents/Home/jre"/>
    <property name="sun.java.command" value="org.codehaus.plexus.classworlds.launcher.Launcher clean clover:setup test -Dmaven.test.failure.ignore=true clover:aggregate clover:clover"/>
    <property name="java.specification.vendor" value="Oracle Corporation"/>
    <property name="user.language" value="en"/>
    <property name="awt.toolkit" value="sun.lwawt.macosx.LWCToolkit"/>
    <property name="java.vm.info" value="mixed mode"/>
    <property name="java.version" value="1.8.0_402"/>
    <property name="java.ext.dirs" value="/Users/shreyachaudhary/Library/Java/Extensions:/Library/Java/JavaVirtualMachines/temurin-8.jdk/Contents/Home/jre/lib/ext:/Library/Java/Extensions:/Network/Library/Java/Extensions:/System/Library/Java/Extensions:/usr/lib/java"/>
    <property name="sun.boot.class.path" value="/Library/Java/JavaVirtualMachines/temurin-8.jdk/Contents/Home/jre/lib/resources.jar:/Library/Java/JavaVirtualMachines/temurin-8.jdk/Contents/Home/jre/lib/rt.jar:/Library/Java/JavaVirtualMachines/temurin-8.jdk/Contents/Home/jre/lib/sunrsasign.jar:/Library/Java/JavaVirtualMachines/temurin-8.jdk/Contents/Home/jre/lib/jsse.jar:/Library/Java/JavaVirtualMachines/temurin-8.jdk/Contents/Home/jre/lib/jce.jar:/Library/Java/JavaVirtualMachines/temurin-8.jdk/Contents/Home/jre/lib/charsets.jar:/Library/Java/JavaVirtualMachines/temurin-8.jdk/Contents/Home/jre/lib/jfr.jar:/Library/Java/JavaVirtualMachines/temurin-8.jdk/Contents/Home/jre/classes"/>
    <property name="java.vendor" value="Temurin"/>
    <property name="java.specification.maintenance.version" value="5"/>
    <property name="maven.home" value="/opt/homebrew/Cellar/maven/3.9.6/libexec"/>
    <property name="file.separator" value="/"/>
    <property name="java.vendor.url.bug" value="https://github.com/adoptium/adoptium-support/issues"/>
    <property name="sun.cpu.endian" value="little"/>
    <property name="sun.io.unicode.encoding" value="UnicodeBig"/>
    <property name="socksNonProxyHosts" value="local|*.local|169.254/16|*.169.254/16"/>
    <property name="ftp.nonProxyHosts" value="local|*.local|169.254/16|*.169.254/16"/>
    <property name="sun.cpu.isalist" value=""/>
  </properties>
  <testcase name="shouldBuildObjectPropertyDomain" classname="org.semanticweb.owlapitools.builders.test.BuildersEqualTestCase" time="0.001"/>
  <testcase name="shouldBuildEntity" classname="org.semanticweb.owlapitools.builders.test.BuildersEqualTestCase" time="0.001"/>
  <testcase name="shouldBuildHasKey" classname="org.semanticweb.owlapitools.builders.test.BuildersEqualTestCase" time="0.005"/>
  <testcase name="shouldBuildClass" classname="org.semanticweb.owlapitools.builders.test.BuildersEqualTestCase" time="0.001"/>
  <testcase name="shouldBuildOneOf" classname="org.semanticweb.owlapitools.builders.test.BuildersEqualTestCase" time="0.003"/>
  <testcase name="shouldBuildDatatypeDefinition" classname="org.semanticweb.owlapitools.builders.test.BuildersEqualTestCase" time="0.002"/>
  <testcase name="shouldBuildSWRLBuiltInAtom" classname="org.semanticweb.owlapitools.builders.test.BuildersEqualTestCase" time="0"/>
  <testcase name="shouldBuildReflexiveObjectProperty" classname="org.semanticweb.owlapitools.builders.test.BuildersEqualTestCase" time="0.001"/>
  <testcase name="shouldBuildSWRLSameIndividualAtom" classname="org.semanticweb.owlapitools.builders.test.BuildersEqualTestCase" time="0.001"/>
  <testcase name="shouldBuildObjectExactCardinality" classname="org.semanticweb.owlapitools.builders.test.BuildersEqualTestCase" time="0.002"/>
  <testcase name="shouldBuildPropertyChain" classname="org.semanticweb.owlapitools.builders.test.BuildersEqualTestCase" time="0"/>
  <testcase name="shouldBuildSubDataProperty" classname="org.semanticweb.owlapitools.builders.test.BuildersEqualTestCase" time="0.001"/>
  <testcase name="shouldBuildAnnotation" classname="org.semanticweb.owlapitools.builders.test.BuildersEqualTestCase" time="0.002"/>
  <testcase name="shouldBuildDisjointUnion" classname="org.semanticweb.owlapitools.builders.test.BuildersEqualTestCase" time="0.001"/>
  <testcase name="shouldBuildSWRLObjectPropertyAtom" classname="org.semanticweb.owlapitools.builders.test.BuildersEqualTestCase" time="0.001"/>
  <testcase name="shouldBuildDataMaxCardinality" classname="org.semanticweb.owlapitools.builders.test.BuildersEqualTestCase" time="0"/>
  <testcase name="shouldBuildDisjointObjectProperties" classname="org.semanticweb.owlapitools.builders.test.BuildersEqualTestCase" time="0.001"/>
  <testcase name="shouldBuildSWRLRule" classname="org.semanticweb.owlapitools.builders.test.BuildersEqualTestCase" time="0.012"/>
  <testcase name="shouldBuildDataAllValuesFrom" classname="org.semanticweb.owlapitools.builders.test.BuildersEqualTestCase" time="0.001"/>
  <testcase name="shouldBuildObjectAllValuesFrom" classname="org.semanticweb.owlapitools.builders.test.BuildersEqualTestCase" time="0.002"/>
  <testcase name="shouldBuildSWRLLiteralArgument" classname="org.semanticweb.owlapitools.builders.test.BuildersEqualTestCase" time="0.01"/>
  <testcase name="shouldBuildNegativeDataPropertyAssertion" classname="org.semanticweb.owlapitools.builders.test.BuildersEqualTestCase" time="0.008"/>
  <testcase name="shouldBuildDataSomeValuesFrom" classname="org.semanticweb.owlapitools.builders.test.BuildersEqualTestCase" time="0.014"/>
  <testcase name="shouldBuildObjectMaxCardinality" classname="org.semanticweb.owlapitools.builders.test.BuildersEqualTestCase" time="0.002"/>
  <testcase name="shouldBuildObjectProperty" classname="org.semanticweb.owlapitools.builders.test.BuildersEqualTestCase" time="0.003"/>
  <testcase name="shouldBuildDataExactCardinality" classname="org.semanticweb.owlapitools.builders.test.BuildersEqualTestCase" time="0.002"/>
  <testcase name="shouldBuildDataMinCardinality" classname="org.semanticweb.owlapitools.builders.test.BuildersEqualTestCase" time="0.002"/>
  <testcase name="shouldBuildDeclaration" classname="org.semanticweb.owlapitools.builders.test.BuildersEqualTestCase" time="0.002"/>
  <testcase name="shouldBuildDisjointClasses" classname="org.semanticweb.owlapitools.builders.test.BuildersEqualTestCase" time="0.004"/>
  <testcase name="shouldBuildSubAnnotationPropertyOf" classname="org.semanticweb.owlapitools.builders.test.BuildersEqualTestCase" time="0.002"/>
  <testcase name="shouldBuildDataUnionOf" classname="org.semanticweb.owlapitools.builders.test.BuildersEqualTestCase" time="0.003"/>
  <testcase name="shouldBuildObjectSomeValuesFrom" classname="org.semanticweb.owlapitools.builders.test.BuildersEqualTestCase" time="0.002"/>
  <testcase name="shouldBuildImportsDeclarationProperty" classname="org.semanticweb.owlapitools.builders.test.BuildersEqualTestCase" time="0.001"/>
  <testcase name="shouldBuildDataIntersectionOf" classname="org.semanticweb.owlapitools.builders.test.BuildersEqualTestCase" time="0.002"/>
  <testcase name="shouldBuildEquivalentObjectProperties" classname="org.semanticweb.owlapitools.builders.test.BuildersEqualTestCase" time="0.001"/>
  <testcase name="shouldBuildObjectMinCardinality" classname="org.semanticweb.owlapitools.builders.test.BuildersEqualTestCase" time="0.004"/>
  <testcase name="shouldBuildDatatype" classname="org.semanticweb.owlapitools.builders.test.BuildersEqualTestCase" time="0.002"/>
  <testcase name="shouldBuildAnnotationAssertion" classname="org.semanticweb.owlapitools.builders.test.BuildersEqualTestCase" time="0.002"/>
  <testcase name="shouldBuildComplementOf" classname="org.semanticweb.owlapitools.builders.test.BuildersEqualTestCase" time="0"/>
  <testcase name="shouldBuildDataOneOf" classname="org.semanticweb.owlapitools.builders.test.BuildersEqualTestCase" time="0.003"/>
  <testcase name="shouldBuildDatatypeRestriction" classname="org.semanticweb.owlapitools.builders.test.BuildersEqualTestCase" time="0.003"/>
  <testcase name="shouldBuildSubObjectProperty" classname="org.semanticweb.owlapitools.builders.test.BuildersEqualTestCase" time="0.002"/>
  <testcase name="shouldBuildFunctionalObjectProperty" classname="org.semanticweb.owlapitools.builders.test.BuildersEqualTestCase" time="0.002"/>
  <testcase name="shouldBuildNegativeObjectPropertyAssertion" classname="org.semanticweb.owlapitools.builders.test.BuildersEqualTestCase" time="0.007"/>
  <testcase name="shouldBuildObjectIntersectionOf" classname="org.semanticweb.owlapitools.builders.test.BuildersEqualTestCase" time="0.001"/>
  <testcase name="shouldBuildNamedIndividual" classname="org.semanticweb.owlapitools.builders.test.BuildersEqualTestCase" time="0"/>
  <testcase name="shouldBuildSubClass" classname="org.semanticweb.owlapitools.builders.test.BuildersEqualTestCase" time="0"/>
  <testcase name="shouldBuildTransitiveObjectProperty" classname="org.semanticweb.owlapitools.builders.test.BuildersEqualTestCase" time="0"/>
  <testcase name="shouldBuildInverseObjectProperties" classname="org.semanticweb.owlapitools.builders.test.BuildersEqualTestCase" time="0"/>
  <testcase name="shouldBuildAnnotationPropertyRange" classname="org.semanticweb.owlapitools.builders.test.BuildersEqualTestCase" time="0"/>
  <testcase name="shouldBuildObjectHasValue" classname="org.semanticweb.owlapitools.builders.test.BuildersEqualTestCase" time="0"/>
  <testcase name="shouldBuildUnionOf" classname="org.semanticweb.owlapitools.builders.test.BuildersEqualTestCase" time="0"/>
  <testcase name="shouldBuildDataPropertyRange" classname="org.semanticweb.owlapitools.builders.test.BuildersEqualTestCase" time="0"/>
  <testcase name="shouldBuildObjectPropertyRange" classname="org.semanticweb.owlapitools.builders.test.BuildersEqualTestCase" time="0"/>
  <testcase name="shouldBuildObjectInverseOf" classname="org.semanticweb.owlapitools.builders.test.BuildersEqualTestCase" time="0.001"/>
  <testcase name="shouldBuildObjectPropertyAssertion" classname="org.semanticweb.owlapitools.builders.test.BuildersEqualTestCase" time="0.003"/>
  <testcase name="shouldBuildSWRLVariable" classname="org.semanticweb.owlapitools.builders.test.BuildersEqualTestCase" time="0.001"/>
  <testcase name="shouldBuildDataProperty" classname="org.semanticweb.owlapitools.builders.test.BuildersEqualTestCase" time="0.001"/>
  <testcase name="shouldBuildLiteral" classname="org.semanticweb.owlapitools.builders.test.BuildersEqualTestCase" time="0.001"/>
  <testcase name="shouldBuildSWRLDataRangeAtom" classname="org.semanticweb.owlapitools.builders.test.BuildersEqualTestCase" time="0.002"/>
  <testcase name="shouldBuildSWRLDifferentIndividualsAtom" classname="org.semanticweb.owlapitools.builders.test.BuildersEqualTestCase" time="0.002"/>
  <testcase name="shouldBuildAsymmetricObjectProperty" classname="org.semanticweb.owlapitools.builders.test.BuildersEqualTestCase" time="0.003"/>
  <testcase name="shouldBuildObjectHasSelf" classname="org.semanticweb.owlapitools.builders.test.BuildersEqualTestCase" time="0.001"/>
  <testcase name="shouldBuildSymmetricObjectProperty" classname="org.semanticweb.owlapitools.builders.test.BuildersEqualTestCase" time="0.001"/>
  <testcase name="shouldBuildAnnotationProperty" classname="org.semanticweb.owlapitools.builders.test.BuildersEqualTestCase" time="0"/>
  <testcase name="shouldBuildIrreflexiveObjectProperty" classname="org.semanticweb.owlapitools.builders.test.BuildersEqualTestCase" time="0.001"/>
  <testcase name="shouldBuildSWRLClassAtom" classname="org.semanticweb.owlapitools.builders.test.BuildersEqualTestCase" time="0"/>
  <testcase name="shouldBuildDataComplementOf" classname="org.semanticweb.owlapitools.builders.test.BuildersEqualTestCase" time="0.002"/>
  <testcase name="shouldBuildSWRLDataPropertyAtom" classname="org.semanticweb.owlapitools.builders.test.BuildersEqualTestCase" time="0.003"/>
  <testcase name="shouldBuildFunctionalDataProperty" classname="org.semanticweb.owlapitools.builders.test.BuildersEqualTestCase" time="0.002"/>
  <testcase name="shouldBuildAnnotationPropertyDomain" classname="org.semanticweb.owlapitools.builders.test.BuildersEqualTestCase" time="0.001"/>
  <testcase name="shouldBuildDataPropertyAssertion" classname="org.semanticweb.owlapitools.builders.test.BuildersEqualTestCase" time="0.001"/>
  <testcase name="shouldBuildDifferentIndividuals" classname="org.semanticweb.owlapitools.builders.test.BuildersEqualTestCase" time="0.007"/>
  <testcase name="shouldBuildDataPropertyDomain" classname="org.semanticweb.owlapitools.builders.test.BuildersEqualTestCase" time="0.01"/>
  <testcase name="shouldBuildEquivalentClasses" classname="org.semanticweb.owlapitools.builders.test.BuildersEqualTestCase" time="0.002"/>
  <testcase name="shouldBuildInverseFunctionalObjectProperty" classname="org.semanticweb.owlapitools.builders.test.BuildersEqualTestCase" time="0.001"/>
  <testcase name="shouldBuildFacetRestriction" classname="org.semanticweb.owlapitools.builders.test.BuildersEqualTestCase" time="0.002"/>
  <testcase name="shouldBuildDataHasValue" classname="org.semanticweb.owlapitools.builders.test.BuildersEqualTestCase" time="0.003"/>
  <testcase name="shouldBuildSWRLIndividualArgument" classname="org.semanticweb.owlapitools.builders.test.BuildersEqualTestCase" time="0"/>
  <testcase name="shouldBuildDisjointDataProperties" classname="org.semanticweb.owlapitools.builders.test.BuildersEqualTestCase" time="0.004"/>
  <testcase name="shouldBuildAnonymousIndividual" classname="org.semanticweb.owlapitools.builders.test.BuildersEqualTestCase" time="0.002"/>
  <testcase name="shouldBuildClassAssertion" classname="org.semanticweb.owlapitools.builders.test.BuildersEqualTestCase" time="0.001"/>
  <testcase name="shouldBuildSameIndividual" classname="org.semanticweb.owlapitools.builders.test.BuildersEqualTestCase" time="0.001"/>
  <testcase name="shouldBuildEquivalentDataProperties" classname="org.semanticweb.owlapitools.builders.test.BuildersEqualTestCase" time="0.001"/>
</testsuite>