<?xml version="1.0" encoding="UTF-8"?>
<testsuite name="org.semanticweb.owlapi.model.XSDVocabularyTestCase" time="0.054" tests="92" errors="0" skipped="0" failures="0">
  <properties>
    <property name="java.runtime.name" value="OpenJDK Runtime Environment"/>
    <property name="sun.boot.library.path" value="/Library/Java/JavaVirtualMachines/temurin-8.jdk/Contents/Home/jre/lib"/>
    <property name="java.vm.version" value="25.402-b06"/>
    <property name="gopherProxySet" value="false"/>
    <property name="java.vm.vendor" value="Temurin"/>
    <property name="maven.multiModuleProjectDirectory" value="/Users/shreyachaudhary/Desktop/extra/CS527-Project/Bugs/BugSwarm/2nd_round/owlapi-158989792/Buggy-version"/>
    <property name="java.vendor.url" value="https://adoptium.net/"/>
    <property name="path.separator" value=":"/>
    <property name="guice.disable.misplaced.annotation.check" value="true"/>
    <property name="java.vm.name" value="OpenJDK 64-Bit Server VM"/>
    <property name="file.encoding.pkg" value="sun.io"/>
    <property name="user.country" value="US"/>
    <property name="sun.java.launcher" value="SUN_STANDARD"/>
    <property name="sun.os.patch.level" value="unknown"/>
    <property name="java.vm.specification.name" value="Java Virtual Machine Specification"/>
    <property name="user.dir" value="/Users/shreyachaudhary/Desktop/extra/CS527-Project/Bugs/BugSwarm/2nd_round/owlapi-158989792/Buggy-version"/>
    <property name="java.runtime.version" value="1.8.0_402-b06"/>
    <property name="java.awt.graphicsenv" value="sun.awt.CGraphicsEnvironment"/>
    <property name="java.endorsed.dirs" value="/Library/Java/JavaVirtualMachines/temurin-8.jdk/Contents/Home/jre/lib/endorsed"/>
    <property name="os.arch" value="x86_64"/>
    <property name="java.io.tmpdir" value="/var/folders/70/9z8mmtr153x2znr25_zb57mr0000gn/T/"/>
    <property name="line.separator" value="&#10;"/>
    <property name="java.vm.specification.vendor" value="Oracle Corporation"/>
    <property name="os.name" value="Mac OS X"/>
    <property name="classworlds.conf" value="/opt/homebrew/Cellar/maven/3.9.6/libexec/bin/m2.conf"/>
    <property name="sun.jnu.encoding" value="UTF-8"/>
    <property name="java.library.path" value="/Users/shreyachaudhary/Library/Java/Extensions:/Library/Java/Extensions:/Network/Library/Java/Extensions:/System/Library/Java/Extensions:/usr/lib/java:."/>
    <property name="maven.conf" value="/opt/homebrew/Cellar/maven/3.9.6/libexec/conf"/>
    <property name="java.specification.name" value="Java Platform API Specification"/>
    <property name="java.class.version" value="52.0"/>
    <property name="sun.management.compiler" value="HotSpot 64-Bit Tiered Compilers"/>
    <property name="maven.test.failure.ignore" value="true"/>
    <property name="os.version" value="14.4.1"/>
    <property name="library.jansi.path" value="/opt/homebrew/Cellar/maven/3.9.6/libexec/lib/jansi-native"/>
    <property name="http.nonProxyHosts" value="local|*.local|169.254/16|*.169.254/16"/>
    <property name="user.home" value="/Users/shreyachaudhary"/>
    <property name="user.timezone" value="America/Chicago"/>
    <property name="java.awt.printerjob" value="sun.lwawt.macosx.CPrinterJob"/>
    <property name="java.specification.version" value="1.8"/>
    <property name="file.encoding" value="UTF-8"/>
    <property name="user.name" value="shreyachaudhary"/>
    <property name="java.class.path" value="/opt/homebrew/Cellar/maven/3.9.6/libexec/boot/plexus-classworlds-2.7.0.jar"/>
    <property name="java.vm.specification.version" value="1.8"/>
    <property name="sun.arch.data.model" value="64"/>
    <property name="java.home" value="/Library/Java/JavaVirtualMachines/temurin-8.jdk/Contents/Home/jre"/>
    <property name="sun.java.command" value="org.codehaus.plexus.classworlds.launcher.Launcher clean clover:setup test -Dmaven.test.failure.ignore=true clover:aggregate clover:clover"/>
    <property name="java.specification.vendor" value="Oracle Corporation"/>
    <property name="user.language" value="en"/>
    <property name="awt.toolkit" value="sun.lwawt.macosx.LWCToolkit"/>
    <property name="java.vm.info" value="mixed mode"/>
    <property name="java.version" value="1.8.0_402"/>
    <property name="java.ext.dirs" value="/Users/shreyachaudhary/Library/Java/Extensions:/Library/Java/JavaVirtualMachines/temurin-8.jdk/Contents/Home/jre/lib/ext:/Library/Java/Extensions:/Network/Library/Java/Extensions:/System/Library/Java/Extensions:/usr/lib/java"/>
    <property name="sun.boot.class.path" value="/Library/Java/JavaVirtualMachines/temurin-8.jdk/Contents/Home/jre/lib/resources.jar:/Library/Java/JavaVirtualMachines/temurin-8.jdk/Contents/Home/jre/lib/rt.jar:/Library/Java/JavaVirtualMachines/temurin-8.jdk/Contents/Home/jre/lib/sunrsasign.jar:/Library/Java/JavaVirtualMachines/temurin-8.jdk/Contents/Home/jre/lib/jsse.jar:/Library/Java/JavaVirtualMachines/temurin-8.jdk/Contents/Home/jre/lib/jce.jar:/Library/Java/JavaVirtualMachines/temurin-8.jdk/Contents/Home/jre/lib/charsets.jar:/Library/Java/JavaVirtualMachines/temurin-8.jdk/Contents/Home/jre/lib/jfr.jar:/Library/Java/JavaVirtualMachines/temurin-8.jdk/Contents/Home/jre/classes"/>
    <property name="java.vendor" value="Temurin"/>
    <property name="java.specification.maintenance.version" value="5"/>
    <property name="maven.home" value="/opt/homebrew/Cellar/maven/3.9.6/libexec"/>
    <property name="file.separator" value="/"/>
    <property name="java.vendor.url.bug" value="https://github.com/adoptium/adoptium-support/issues"/>
    <property name="sun.cpu.endian" value="little"/>
    <property name="sun.io.unicode.encoding" value="UnicodeBig"/>
    <property name="socksNonProxyHosts" value="local|*.local|169.254/16|*.169.254/16"/>
    <property name="ftp.nonProxyHosts" value="local|*.local|169.254/16|*.169.254/16"/>
    <property name="sun.cpu.isalist" value=""/>
  </properties>
  <testcase name="getIRIShouldReturnAnIRIThatStartsWithXSDPrefix[0]" classname="org.semanticweb.owlapi.model.XSDVocabularyTestCase" time="0.001"/>
  <testcase name="getPrefixedNameShouldStartWithXSDPrefixName[0]" classname="org.semanticweb.owlapi.model.XSDVocabularyTestCase" time="0"/>
  <testcase name="getIRIShouldReturnAnIRIThatStartsWithXSDPrefix[1]" classname="org.semanticweb.owlapi.model.XSDVocabularyTestCase" time="0"/>
  <testcase name="getPrefixedNameShouldStartWithXSDPrefixName[1]" classname="org.semanticweb.owlapi.model.XSDVocabularyTestCase" time="0"/>
  <testcase name="getIRIShouldReturnAnIRIThatStartsWithXSDPrefix[2]" classname="org.semanticweb.owlapi.model.XSDVocabularyTestCase" time="0"/>
  <testcase name="getPrefixedNameShouldStartWithXSDPrefixName[2]" classname="org.semanticweb.owlapi.model.XSDVocabularyTestCase" time="0"/>
  <testcase name="getIRIShouldReturnAnIRIThatStartsWithXSDPrefix[3]" classname="org.semanticweb.owlapi.model.XSDVocabularyTestCase" time="0.001"/>
  <testcase name="getPrefixedNameShouldStartWithXSDPrefixName[3]" classname="org.semanticweb.owlapi.model.XSDVocabularyTestCase" time="0.001"/>
  <testcase name="getIRIShouldReturnAnIRIThatStartsWithXSDPrefix[4]" classname="org.semanticweb.owlapi.model.XSDVocabularyTestCase" time="0.001"/>
  <testcase name="getPrefixedNameShouldStartWithXSDPrefixName[4]" classname="org.semanticweb.owlapi.model.XSDVocabularyTestCase" time="0.001"/>
  <testcase name="getIRIShouldReturnAnIRIThatStartsWithXSDPrefix[5]" classname="org.semanticweb.owlapi.model.XSDVocabularyTestCase" time="0"/>
  <testcase name="getPrefixedNameShouldStartWithXSDPrefixName[5]" classname="org.semanticweb.owlapi.model.XSDVocabularyTestCase" time="0.001"/>
  <testcase name="getIRIShouldReturnAnIRIThatStartsWithXSDPrefix[6]" classname="org.semanticweb.owlapi.model.XSDVocabularyTestCase" time="0"/>
  <testcase name="getPrefixedNameShouldStartWithXSDPrefixName[6]" classname="org.semanticweb.owlapi.model.XSDVocabularyTestCase" time="0"/>
  <testcase name="getIRIShouldReturnAnIRIThatStartsWithXSDPrefix[7]" classname="org.semanticweb.owlapi.model.XSDVocabularyTestCase" time="0.001"/>
  <testcase name="getPrefixedNameShouldStartWithXSDPrefixName[7]" classname="org.semanticweb.owlapi.model.XSDVocabularyTestCase" time="0.001"/>
  <testcase name="getIRIShouldReturnAnIRIThatStartsWithXSDPrefix[8]" classname="org.semanticweb.owlapi.model.XSDVocabularyTestCase" time="0"/>
  <testcase name="getPrefixedNameShouldStartWithXSDPrefixName[8]" classname="org.semanticweb.owlapi.model.XSDVocabularyTestCase" time="0"/>
  <testcase name="getIRIShouldReturnAnIRIThatStartsWithXSDPrefix[9]" classname="org.semanticweb.owlapi.model.XSDVocabularyTestCase" time="0"/>
  <testcase name="getPrefixedNameShouldStartWithXSDPrefixName[9]" classname="org.semanticweb.owlapi.model.XSDVocabularyTestCase" time="0.001"/>
  <testcase name="getIRIShouldReturnAnIRIThatStartsWithXSDPrefix[10]" classname="org.semanticweb.owlapi.model.XSDVocabularyTestCase" time="0.002"/>
  <testcase name="getPrefixedNameShouldStartWithXSDPrefixName[10]" classname="org.semanticweb.owlapi.model.XSDVocabularyTestCase" time="0"/>
  <testcase name="getIRIShouldReturnAnIRIThatStartsWithXSDPrefix[11]" classname="org.semanticweb.owlapi.model.XSDVocabularyTestCase" time="0"/>
  <testcase name="getPrefixedNameShouldStartWithXSDPrefixName[11]" classname="org.semanticweb.owlapi.model.XSDVocabularyTestCase" time="0"/>
  <testcase name="getIRIShouldReturnAnIRIThatStartsWithXSDPrefix[12]" classname="org.semanticweb.owlapi.model.XSDVocabularyTestCase" time="0"/>
  <testcase name="getPrefixedNameShouldStartWithXSDPrefixName[12]" classname="org.semanticweb.owlapi.model.XSDVocabularyTestCase" time="0.001"/>
  <testcase name="getIRIShouldReturnAnIRIThatStartsWithXSDPrefix[13]" classname="org.semanticweb.owlapi.model.XSDVocabularyTestCase" time="0"/>
  <testcase name="getPrefixedNameShouldStartWithXSDPrefixName[13]" classname="org.semanticweb.owlapi.model.XSDVocabularyTestCase" time="0.001"/>
  <testcase name="getIRIShouldReturnAnIRIThatStartsWithXSDPrefix[14]" classname="org.semanticweb.owlapi.model.XSDVocabularyTestCase" time="0.001"/>
  <testcase name="getPrefixedNameShouldStartWithXSDPrefixName[14]" classname="org.semanticweb.owlapi.model.XSDVocabularyTestCase" time="0"/>
  <testcase name="getIRIShouldReturnAnIRIThatStartsWithXSDPrefix[15]" classname="org.semanticweb.owlapi.model.XSDVocabularyTestCase" time="0.002"/>
  <testcase name="getPrefixedNameShouldStartWithXSDPrefixName[15]" classname="org.semanticweb.owlapi.model.XSDVocabularyTestCase" time="0"/>
  <testcase name="getIRIShouldReturnAnIRIThatStartsWithXSDPrefix[16]" classname="org.semanticweb.owlapi.model.XSDVocabularyTestCase" time="0"/>
  <testcase name="getPrefixedNameShouldStartWithXSDPrefixName[16]" classname="org.semanticweb.owlapi.model.XSDVocabularyTestCase" time="0"/>
  <testcase name="getIRIShouldReturnAnIRIThatStartsWithXSDPrefix[17]" classname="org.semanticweb.owlapi.model.XSDVocabularyTestCase" time="0.001"/>
  <testcase name="getPrefixedNameShouldStartWithXSDPrefixName[17]" classname="org.semanticweb.owlapi.model.XSDVocabularyTestCase" time="0.002"/>
  <testcase name="getIRIShouldReturnAnIRIThatStartsWithXSDPrefix[18]" classname="org.semanticweb.owlapi.model.XSDVocabularyTestCase" time="0"/>
  <testcase name="getPrefixedNameShouldStartWithXSDPrefixName[18]" classname="org.semanticweb.owlapi.model.XSDVocabularyTestCase" time="0"/>
  <testcase name="getIRIShouldReturnAnIRIThatStartsWithXSDPrefix[19]" classname="org.semanticweb.owlapi.model.XSDVocabularyTestCase" time="0"/>
  <testcase name="getPrefixedNameShouldStartWithXSDPrefixName[19]" classname="org.semanticweb.owlapi.model.XSDVocabularyTestCase" time="0.003"/>
  <testcase name="getIRIShouldReturnAnIRIThatStartsWithXSDPrefix[20]" classname="org.semanticweb.owlapi.model.XSDVocabularyTestCase" time="0"/>
  <testcase name="getPrefixedNameShouldStartWithXSDPrefixName[20]" classname="org.semanticweb.owlapi.model.XSDVocabularyTestCase" time="0"/>
  <testcase name="getIRIShouldReturnAnIRIThatStartsWithXSDPrefix[21]" classname="org.semanticweb.owlapi.model.XSDVocabularyTestCase" time="0"/>
  <testcase name="getPrefixedNameShouldStartWithXSDPrefixName[21]" classname="org.semanticweb.owlapi.model.XSDVocabularyTestCase" time="0.001"/>
  <testcase name="getIRIShouldReturnAnIRIThatStartsWithXSDPrefix[22]" classname="org.semanticweb.owlapi.model.XSDVocabularyTestCase" time="0.001"/>
  <testcase name="getPrefixedNameShouldStartWithXSDPrefixName[22]" classname="org.semanticweb.owlapi.model.XSDVocabularyTestCase" time="0.002"/>
  <testcase name="getIRIShouldReturnAnIRIThatStartsWithXSDPrefix[23]" classname="org.semanticweb.owlapi.model.XSDVocabularyTestCase" time="0.001"/>
  <testcase name="getPrefixedNameShouldStartWithXSDPrefixName[23]" classname="org.semanticweb.owlapi.model.XSDVocabularyTestCase" time="0"/>
  <testcase name="getIRIShouldReturnAnIRIThatStartsWithXSDPrefix[24]" classname="org.semanticweb.owlapi.model.XSDVocabularyTestCase" time="0.001"/>
  <testcase name="getPrefixedNameShouldStartWithXSDPrefixName[24]" classname="org.semanticweb.owlapi.model.XSDVocabularyTestCase" time="0.001"/>
  <testcase name="getIRIShouldReturnAnIRIThatStartsWithXSDPrefix[25]" classname="org.semanticweb.owlapi.model.XSDVocabularyTestCase" time="0"/>
  <testcase name="getPrefixedNameShouldStartWithXSDPrefixName[25]" classname="org.semanticweb.owlapi.model.XSDVocabularyTestCase" time="0.001"/>
  <testcase name="getIRIShouldReturnAnIRIThatStartsWithXSDPrefix[26]" classname="org.semanticweb.owlapi.model.XSDVocabularyTestCase" time="0"/>
  <testcase name="getPrefixedNameShouldStartWithXSDPrefixName[26]" classname="org.semanticweb.owlapi.model.XSDVocabularyTestCase" time="0.001"/>
  <testcase name="getIRIShouldReturnAnIRIThatStartsWithXSDPrefix[27]" classname="org.semanticweb.owlapi.model.XSDVocabularyTestCase" time="0.001"/>
  <testcase name="getPrefixedNameShouldStartWithXSDPrefixName[27]" classname="org.semanticweb.owlapi.model.XSDVocabularyTestCase" time="0"/>
  <testcase name="getIRIShouldReturnAnIRIThatStartsWithXSDPrefix[28]" classname="org.semanticweb.owlapi.model.XSDVocabularyTestCase" time="0.001"/>
  <testcase name="getPrefixedNameShouldStartWithXSDPrefixName[28]" classname="org.semanticweb.owlapi.model.XSDVocabularyTestCase" time="0.001"/>
  <testcase name="getIRIShouldReturnAnIRIThatStartsWithXSDPrefix[29]" classname="org.semanticweb.owlapi.model.XSDVocabularyTestCase" time="0.001"/>
  <testcase name="getPrefixedNameShouldStartWithXSDPrefixName[29]" classname="org.semanticweb.owlapi.model.XSDVocabularyTestCase" time="0"/>
  <testcase name="getIRIShouldReturnAnIRIThatStartsWithXSDPrefix[30]" classname="org.semanticweb.owlapi.model.XSDVocabularyTestCase" time="0.001"/>
  <testcase name="getPrefixedNameShouldStartWithXSDPrefixName[30]" classname="org.semanticweb.owlapi.model.XSDVocabularyTestCase" time="0"/>
  <testcase name="getIRIShouldReturnAnIRIThatStartsWithXSDPrefix[31]" classname="org.semanticweb.owlapi.model.XSDVocabularyTestCase" time="0"/>
  <testcase name="getPrefixedNameShouldStartWithXSDPrefixName[31]" classname="org.semanticweb.owlapi.model.XSDVocabularyTestCase" time="0.001"/>
  <testcase name="getIRIShouldReturnAnIRIThatStartsWithXSDPrefix[32]" classname="org.semanticweb.owlapi.model.XSDVocabularyTestCase" time="0.001"/>
  <testcase name="getPrefixedNameShouldStartWithXSDPrefixName[32]" classname="org.semanticweb.owlapi.model.XSDVocabularyTestCase" time="0.001"/>
  <testcase name="getIRIShouldReturnAnIRIThatStartsWithXSDPrefix[33]" classname="org.semanticweb.owlapi.model.XSDVocabularyTestCase" time="0.003"/>
  <testcase name="getPrefixedNameShouldStartWithXSDPrefixName[33]" classname="org.semanticweb.owlapi.model.XSDVocabularyTestCase" time="0.003"/>
  <testcase name="getIRIShouldReturnAnIRIThatStartsWithXSDPrefix[34]" classname="org.semanticweb.owlapi.model.XSDVocabularyTestCase" time="0.001"/>
  <testcase name="getPrefixedNameShouldStartWithXSDPrefixName[34]" classname="org.semanticweb.owlapi.model.XSDVocabularyTestCase" time="0.001"/>
  <testcase name="getIRIShouldReturnAnIRIThatStartsWithXSDPrefix[35]" classname="org.semanticweb.owlapi.model.XSDVocabularyTestCase" time="0"/>
  <testcase name="getPrefixedNameShouldStartWithXSDPrefixName[35]" classname="org.semanticweb.owlapi.model.XSDVocabularyTestCase" time="0"/>
  <testcase name="getIRIShouldReturnAnIRIThatStartsWithXSDPrefix[36]" classname="org.semanticweb.owlapi.model.XSDVocabularyTestCase" time="0"/>
  <testcase name="getPrefixedNameShouldStartWithXSDPrefixName[36]" classname="org.semanticweb.owlapi.model.XSDVocabularyTestCase" time="0"/>
  <testcase name="getIRIShouldReturnAnIRIThatStartsWithXSDPrefix[37]" classname="org.semanticweb.owlapi.model.XSDVocabularyTestCase" time="0.002"/>
  <testcase name="getPrefixedNameShouldStartWithXSDPrefixName[37]" classname="org.semanticweb.owlapi.model.XSDVocabularyTestCase" time="0.001"/>
  <testcase name="getIRIShouldReturnAnIRIThatStartsWithXSDPrefix[38]" classname="org.semanticweb.owlapi.model.XSDVocabularyTestCase" time="0"/>
  <testcase name="getPrefixedNameShouldStartWithXSDPrefixName[38]" classname="org.semanticweb.owlapi.model.XSDVocabularyTestCase" time="0"/>
  <testcase name="getIRIShouldReturnAnIRIThatStartsWithXSDPrefix[39]" classname="org.semanticweb.owlapi.model.XSDVocabularyTestCase" time="0"/>
  <testcase name="getPrefixedNameShouldStartWithXSDPrefixName[39]" classname="org.semanticweb.owlapi.model.XSDVocabularyTestCase" time="0"/>
  <testcase name="getIRIShouldReturnAnIRIThatStartsWithXSDPrefix[40]" classname="org.semanticweb.owlapi.model.XSDVocabularyTestCase" time="0"/>
  <testcase name="getPrefixedNameShouldStartWithXSDPrefixName[40]" classname="org.semanticweb.owlapi.model.XSDVocabularyTestCase" time="0"/>
  <testcase name="getIRIShouldReturnAnIRIThatStartsWithXSDPrefix[41]" classname="org.semanticweb.owlapi.model.XSDVocabularyTestCase" time="0.001"/>
  <testcase name="getPrefixedNameShouldStartWithXSDPrefixName[41]" classname="org.semanticweb.owlapi.model.XSDVocabularyTestCase" time="0"/>
  <testcase name="getIRIShouldReturnAnIRIThatStartsWithXSDPrefix[42]" classname="org.semanticweb.owlapi.model.XSDVocabularyTestCase" time="0.001"/>
  <testcase name="getPrefixedNameShouldStartWithXSDPrefixName[42]" classname="org.semanticweb.owlapi.model.XSDVocabularyTestCase" time="0"/>
  <testcase name="getIRIShouldReturnAnIRIThatStartsWithXSDPrefix[43]" classname="org.semanticweb.owlapi.model.XSDVocabularyTestCase" time="0"/>
  <testcase name="getPrefixedNameShouldStartWithXSDPrefixName[43]" classname="org.semanticweb.owlapi.model.XSDVocabularyTestCase" time="0"/>
  <testcase name="getIRIShouldReturnAnIRIThatStartsWithXSDPrefix[44]" classname="org.semanticweb.owlapi.model.XSDVocabularyTestCase" time="0"/>
  <testcase name="getPrefixedNameShouldStartWithXSDPrefixName[44]" classname="org.semanticweb.owlapi.model.XSDVocabularyTestCase" time="0.001"/>
  <testcase name="getIRIShouldReturnAnIRIThatStartsWithXSDPrefix[45]" classname="org.semanticweb.owlapi.model.XSDVocabularyTestCase" time="0"/>
  <testcase name="getPrefixedNameShouldStartWithXSDPrefixName[45]" classname="org.semanticweb.owlapi.model.XSDVocabularyTestCase" time="0.001"/>
</testsuite>