<?xml version="1.0" encoding="UTF-8"?>
<testsuite name="org.semanticweb.owlapi.model.OWLXMLVocabularyTestCase" time="0.077" tests="204" errors="0" skipped="0" failures="0">
  <properties>
    <property name="java.runtime.name" value="OpenJDK Runtime Environment"/>
    <property name="sun.boot.library.path" value="/Library/Java/JavaVirtualMachines/temurin-8.jdk/Contents/Home/jre/lib"/>
    <property name="java.vm.version" value="25.402-b06"/>
    <property name="gopherProxySet" value="false"/>
    <property name="java.vm.vendor" value="Temurin"/>
    <property name="maven.multiModuleProjectDirectory" value="/Users/shreyachaudhary/Desktop/extra/CS527-Project/Bugs/BugSwarm/2nd_round/owlapi-158989792/Buggy-version"/>
    <property name="java.vendor.url" value="https://adoptium.net/"/>
    <property name="path.separator" value=":"/>
    <property name="guice.disable.misplaced.annotation.check" value="true"/>
    <property name="java.vm.name" value="OpenJDK 64-Bit Server VM"/>
    <property name="file.encoding.pkg" value="sun.io"/>
    <property name="user.country" value="US"/>
    <property name="sun.java.launcher" value="SUN_STANDARD"/>
    <property name="sun.os.patch.level" value="unknown"/>
    <property name="java.vm.specification.name" value="Java Virtual Machine Specification"/>
    <property name="user.dir" value="/Users/shreyachaudhary/Desktop/extra/CS527-Project/Bugs/BugSwarm/2nd_round/owlapi-158989792/Buggy-version"/>
    <property name="java.runtime.version" value="1.8.0_402-b06"/>
    <property name="java.awt.graphicsenv" value="sun.awt.CGraphicsEnvironment"/>
    <property name="java.endorsed.dirs" value="/Library/Java/JavaVirtualMachines/temurin-8.jdk/Contents/Home/jre/lib/endorsed"/>
    <property name="os.arch" value="x86_64"/>
    <property name="java.io.tmpdir" value="/var/folders/70/9z8mmtr153x2znr25_zb57mr0000gn/T/"/>
    <property name="line.separator" value="&#10;"/>
    <property name="java.vm.specification.vendor" value="Oracle Corporation"/>
    <property name="os.name" value="Mac OS X"/>
    <property name="classworlds.conf" value="/opt/homebrew/Cellar/maven/3.9.6/libexec/bin/m2.conf"/>
    <property name="sun.jnu.encoding" value="UTF-8"/>
    <property name="java.library.path" value="/Users/shreyachaudhary/Library/Java/Extensions:/Library/Java/Extensions:/Network/Library/Java/Extensions:/System/Library/Java/Extensions:/usr/lib/java:."/>
    <property name="maven.conf" value="/opt/homebrew/Cellar/maven/3.9.6/libexec/conf"/>
    <property name="java.specification.name" value="Java Platform API Specification"/>
    <property name="java.class.version" value="52.0"/>
    <property name="sun.management.compiler" value="HotSpot 64-Bit Tiered Compilers"/>
    <property name="maven.test.failure.ignore" value="true"/>
    <property name="os.version" value="14.4.1"/>
    <property name="library.jansi.path" value="/opt/homebrew/Cellar/maven/3.9.6/libexec/lib/jansi-native"/>
    <property name="http.nonProxyHosts" value="local|*.local|169.254/16|*.169.254/16"/>
    <property name="user.home" value="/Users/shreyachaudhary"/>
    <property name="user.timezone" value="America/Chicago"/>
    <property name="java.awt.printerjob" value="sun.lwawt.macosx.CPrinterJob"/>
    <property name="java.specification.version" value="1.8"/>
    <property name="file.encoding" value="UTF-8"/>
    <property name="user.name" value="shreyachaudhary"/>
    <property name="java.class.path" value="/opt/homebrew/Cellar/maven/3.9.6/libexec/boot/plexus-classworlds-2.7.0.jar"/>
    <property name="java.vm.specification.version" value="1.8"/>
    <property name="sun.arch.data.model" value="64"/>
    <property name="java.home" value="/Library/Java/JavaVirtualMachines/temurin-8.jdk/Contents/Home/jre"/>
    <property name="sun.java.command" value="org.codehaus.plexus.classworlds.launcher.Launcher clean clover:setup test -Dmaven.test.failure.ignore=true clover:aggregate clover:clover"/>
    <property name="java.specification.vendor" value="Oracle Corporation"/>
    <property name="user.language" value="en"/>
    <property name="awt.toolkit" value="sun.lwawt.macosx.LWCToolkit"/>
    <property name="java.vm.info" value="mixed mode"/>
    <property name="java.version" value="1.8.0_402"/>
    <property name="java.ext.dirs" value="/Users/shreyachaudhary/Library/Java/Extensions:/Library/Java/JavaVirtualMachines/temurin-8.jdk/Contents/Home/jre/lib/ext:/Library/Java/Extensions:/Network/Library/Java/Extensions:/System/Library/Java/Extensions:/usr/lib/java"/>
    <property name="sun.boot.class.path" value="/Library/Java/JavaVirtualMachines/temurin-8.jdk/Contents/Home/jre/lib/resources.jar:/Library/Java/JavaVirtualMachines/temurin-8.jdk/Contents/Home/jre/lib/rt.jar:/Library/Java/JavaVirtualMachines/temurin-8.jdk/Contents/Home/jre/lib/sunrsasign.jar:/Library/Java/JavaVirtualMachines/temurin-8.jdk/Contents/Home/jre/lib/jsse.jar:/Library/Java/JavaVirtualMachines/temurin-8.jdk/Contents/Home/jre/lib/jce.jar:/Library/Java/JavaVirtualMachines/temurin-8.jdk/Contents/Home/jre/lib/charsets.jar:/Library/Java/JavaVirtualMachines/temurin-8.jdk/Contents/Home/jre/lib/jfr.jar:/Library/Java/JavaVirtualMachines/temurin-8.jdk/Contents/Home/jre/classes"/>
    <property name="java.vendor" value="Temurin"/>
    <property name="java.specification.maintenance.version" value="5"/>
    <property name="maven.home" value="/opt/homebrew/Cellar/maven/3.9.6/libexec"/>
    <property name="file.separator" value="/"/>
    <property name="java.vendor.url.bug" value="https://github.com/adoptium/adoptium-support/issues"/>
    <property name="sun.cpu.endian" value="little"/>
    <property name="sun.io.unicode.encoding" value="UnicodeBig"/>
    <property name="socksNonProxyHosts" value="local|*.local|169.254/16|*.169.254/16"/>
    <property name="ftp.nonProxyHosts" value="local|*.local|169.254/16|*.169.254/16"/>
    <property name="sun.cpu.isalist" value=""/>
  </properties>
  <testcase name="getPrefixedNameShouldStartWithOWLXMLPrefixName[0]" classname="org.semanticweb.owlapi.model.OWLXMLVocabularyTestCase" time="0.001"/>
  <testcase name="getIRIShouldReturnAnIRIThatStartsWithOWLXMLPrefix[0]" classname="org.semanticweb.owlapi.model.OWLXMLVocabularyTestCase" time="0"/>
  <testcase name="getPrefixedNameShouldStartWithOWLXMLPrefixName[1]" classname="org.semanticweb.owlapi.model.OWLXMLVocabularyTestCase" time="0.001"/>
  <testcase name="getIRIShouldReturnAnIRIThatStartsWithOWLXMLPrefix[1]" classname="org.semanticweb.owlapi.model.OWLXMLVocabularyTestCase" time="0.001"/>
  <testcase name="getPrefixedNameShouldStartWithOWLXMLPrefixName[2]" classname="org.semanticweb.owlapi.model.OWLXMLVocabularyTestCase" time="0"/>
  <testcase name="getIRIShouldReturnAnIRIThatStartsWithOWLXMLPrefix[2]" classname="org.semanticweb.owlapi.model.OWLXMLVocabularyTestCase" time="0"/>
  <testcase name="getPrefixedNameShouldStartWithOWLXMLPrefixName[3]" classname="org.semanticweb.owlapi.model.OWLXMLVocabularyTestCase" time="0.001"/>
  <testcase name="getIRIShouldReturnAnIRIThatStartsWithOWLXMLPrefix[3]" classname="org.semanticweb.owlapi.model.OWLXMLVocabularyTestCase" time="0"/>
  <testcase name="getPrefixedNameShouldStartWithOWLXMLPrefixName[4]" classname="org.semanticweb.owlapi.model.OWLXMLVocabularyTestCase" time="0"/>
  <testcase name="getIRIShouldReturnAnIRIThatStartsWithOWLXMLPrefix[4]" classname="org.semanticweb.owlapi.model.OWLXMLVocabularyTestCase" time="0"/>
  <testcase name="getPrefixedNameShouldStartWithOWLXMLPrefixName[5]" classname="org.semanticweb.owlapi.model.OWLXMLVocabularyTestCase" time="0"/>
  <testcase name="getIRIShouldReturnAnIRIThatStartsWithOWLXMLPrefix[5]" classname="org.semanticweb.owlapi.model.OWLXMLVocabularyTestCase" time="0.001"/>
  <testcase name="getPrefixedNameShouldStartWithOWLXMLPrefixName[6]" classname="org.semanticweb.owlapi.model.OWLXMLVocabularyTestCase" time="0"/>
  <testcase name="getIRIShouldReturnAnIRIThatStartsWithOWLXMLPrefix[6]" classname="org.semanticweb.owlapi.model.OWLXMLVocabularyTestCase" time="0.001"/>
  <testcase name="getPrefixedNameShouldStartWithOWLXMLPrefixName[7]" classname="org.semanticweb.owlapi.model.OWLXMLVocabularyTestCase" time="0"/>
  <testcase name="getIRIShouldReturnAnIRIThatStartsWithOWLXMLPrefix[7]" classname="org.semanticweb.owlapi.model.OWLXMLVocabularyTestCase" time="0.001"/>
  <testcase name="getPrefixedNameShouldStartWithOWLXMLPrefixName[8]" classname="org.semanticweb.owlapi.model.OWLXMLVocabularyTestCase" time="0.001"/>
  <testcase name="getIRIShouldReturnAnIRIThatStartsWithOWLXMLPrefix[8]" classname="org.semanticweb.owlapi.model.OWLXMLVocabularyTestCase" time="0"/>
  <testcase name="getPrefixedNameShouldStartWithOWLXMLPrefixName[9]" classname="org.semanticweb.owlapi.model.OWLXMLVocabularyTestCase" time="0"/>
  <testcase name="getIRIShouldReturnAnIRIThatStartsWithOWLXMLPrefix[9]" classname="org.semanticweb.owlapi.model.OWLXMLVocabularyTestCase" time="0"/>
  <testcase name="getPrefixedNameShouldStartWithOWLXMLPrefixName[10]" classname="org.semanticweb.owlapi.model.OWLXMLVocabularyTestCase" time="0.001"/>
  <testcase name="getIRIShouldReturnAnIRIThatStartsWithOWLXMLPrefix[10]" classname="org.semanticweb.owlapi.model.OWLXMLVocabularyTestCase" time="0"/>
  <testcase name="getPrefixedNameShouldStartWithOWLXMLPrefixName[11]" classname="org.semanticweb.owlapi.model.OWLXMLVocabularyTestCase" time="0"/>
  <testcase name="getIRIShouldReturnAnIRIThatStartsWithOWLXMLPrefix[11]" classname="org.semanticweb.owlapi.model.OWLXMLVocabularyTestCase" time="0.001"/>
  <testcase name="getPrefixedNameShouldStartWithOWLXMLPrefixName[12]" classname="org.semanticweb.owlapi.model.OWLXMLVocabularyTestCase" time="0"/>
  <testcase name="getIRIShouldReturnAnIRIThatStartsWithOWLXMLPrefix[12]" classname="org.semanticweb.owlapi.model.OWLXMLVocabularyTestCase" time="0.001"/>
  <testcase name="getPrefixedNameShouldStartWithOWLXMLPrefixName[13]" classname="org.semanticweb.owlapi.model.OWLXMLVocabularyTestCase" time="0.001"/>
  <testcase name="getIRIShouldReturnAnIRIThatStartsWithOWLXMLPrefix[13]" classname="org.semanticweb.owlapi.model.OWLXMLVocabularyTestCase" time="0"/>
  <testcase name="getPrefixedNameShouldStartWithOWLXMLPrefixName[14]" classname="org.semanticweb.owlapi.model.OWLXMLVocabularyTestCase" time="0.001"/>
  <testcase name="getIRIShouldReturnAnIRIThatStartsWithOWLXMLPrefix[14]" classname="org.semanticweb.owlapi.model.OWLXMLVocabularyTestCase" time="0"/>
  <testcase name="getPrefixedNameShouldStartWithOWLXMLPrefixName[15]" classname="org.semanticweb.owlapi.model.OWLXMLVocabularyTestCase" time="0.002"/>
  <testcase name="getIRIShouldReturnAnIRIThatStartsWithOWLXMLPrefix[15]" classname="org.semanticweb.owlapi.model.OWLXMLVocabularyTestCase" time="0.001"/>
  <testcase name="getPrefixedNameShouldStartWithOWLXMLPrefixName[16]" classname="org.semanticweb.owlapi.model.OWLXMLVocabularyTestCase" time="0.001"/>
  <testcase name="getIRIShouldReturnAnIRIThatStartsWithOWLXMLPrefix[16]" classname="org.semanticweb.owlapi.model.OWLXMLVocabularyTestCase" time="0"/>
  <testcase name="getPrefixedNameShouldStartWithOWLXMLPrefixName[17]" classname="org.semanticweb.owlapi.model.OWLXMLVocabularyTestCase" time="0"/>
  <testcase name="getIRIShouldReturnAnIRIThatStartsWithOWLXMLPrefix[17]" classname="org.semanticweb.owlapi.model.OWLXMLVocabularyTestCase" time="0.001"/>
  <testcase name="getPrefixedNameShouldStartWithOWLXMLPrefixName[18]" classname="org.semanticweb.owlapi.model.OWLXMLVocabularyTestCase" time="0.001"/>
  <testcase name="getIRIShouldReturnAnIRIThatStartsWithOWLXMLPrefix[18]" classname="org.semanticweb.owlapi.model.OWLXMLVocabularyTestCase" time="0"/>
  <testcase name="getPrefixedNameShouldStartWithOWLXMLPrefixName[19]" classname="org.semanticweb.owlapi.model.OWLXMLVocabularyTestCase" time="0"/>
  <testcase name="getIRIShouldReturnAnIRIThatStartsWithOWLXMLPrefix[19]" classname="org.semanticweb.owlapi.model.OWLXMLVocabularyTestCase" time="0"/>
  <testcase name="getPrefixedNameShouldStartWithOWLXMLPrefixName[20]" classname="org.semanticweb.owlapi.model.OWLXMLVocabularyTestCase" time="0"/>
  <testcase name="getIRIShouldReturnAnIRIThatStartsWithOWLXMLPrefix[20]" classname="org.semanticweb.owlapi.model.OWLXMLVocabularyTestCase" time="0.001"/>
  <testcase name="getPrefixedNameShouldStartWithOWLXMLPrefixName[21]" classname="org.semanticweb.owlapi.model.OWLXMLVocabularyTestCase" time="0"/>
  <testcase name="getIRIShouldReturnAnIRIThatStartsWithOWLXMLPrefix[21]" classname="org.semanticweb.owlapi.model.OWLXMLVocabularyTestCase" time="0"/>
  <testcase name="getPrefixedNameShouldStartWithOWLXMLPrefixName[22]" classname="org.semanticweb.owlapi.model.OWLXMLVocabularyTestCase" time="0.001"/>
  <testcase name="getIRIShouldReturnAnIRIThatStartsWithOWLXMLPrefix[22]" classname="org.semanticweb.owlapi.model.OWLXMLVocabularyTestCase" time="0.001"/>
  <testcase name="getPrefixedNameShouldStartWithOWLXMLPrefixName[23]" classname="org.semanticweb.owlapi.model.OWLXMLVocabularyTestCase" time="0"/>
  <testcase name="getIRIShouldReturnAnIRIThatStartsWithOWLXMLPrefix[23]" classname="org.semanticweb.owlapi.model.OWLXMLVocabularyTestCase" time="0"/>
  <testcase name="getPrefixedNameShouldStartWithOWLXMLPrefixName[24]" classname="org.semanticweb.owlapi.model.OWLXMLVocabularyTestCase" time="0.001"/>
  <testcase name="getIRIShouldReturnAnIRIThatStartsWithOWLXMLPrefix[24]" classname="org.semanticweb.owlapi.model.OWLXMLVocabularyTestCase" time="0"/>
  <testcase name="getPrefixedNameShouldStartWithOWLXMLPrefixName[25]" classname="org.semanticweb.owlapi.model.OWLXMLVocabularyTestCase" time="0"/>
  <testcase name="getIRIShouldReturnAnIRIThatStartsWithOWLXMLPrefix[25]" classname="org.semanticweb.owlapi.model.OWLXMLVocabularyTestCase" time="0"/>
  <testcase name="getPrefixedNameShouldStartWithOWLXMLPrefixName[26]" classname="org.semanticweb.owlapi.model.OWLXMLVocabularyTestCase" time="0.001"/>
  <testcase name="getIRIShouldReturnAnIRIThatStartsWithOWLXMLPrefix[26]" classname="org.semanticweb.owlapi.model.OWLXMLVocabularyTestCase" time="0"/>
  <testcase name="getPrefixedNameShouldStartWithOWLXMLPrefixName[27]" classname="org.semanticweb.owlapi.model.OWLXMLVocabularyTestCase" time="0"/>
  <testcase name="getIRIShouldReturnAnIRIThatStartsWithOWLXMLPrefix[27]" classname="org.semanticweb.owlapi.model.OWLXMLVocabularyTestCase" time="0.001"/>
  <testcase name="getPrefixedNameShouldStartWithOWLXMLPrefixName[28]" classname="org.semanticweb.owlapi.model.OWLXMLVocabularyTestCase" time="0"/>
  <testcase name="getIRIShouldReturnAnIRIThatStartsWithOWLXMLPrefix[28]" classname="org.semanticweb.owlapi.model.OWLXMLVocabularyTestCase" time="0"/>
  <testcase name="getPrefixedNameShouldStartWithOWLXMLPrefixName[29]" classname="org.semanticweb.owlapi.model.OWLXMLVocabularyTestCase" time="0.001"/>
  <testcase name="getIRIShouldReturnAnIRIThatStartsWithOWLXMLPrefix[29]" classname="org.semanticweb.owlapi.model.OWLXMLVocabularyTestCase" time="0"/>
  <testcase name="getPrefixedNameShouldStartWithOWLXMLPrefixName[30]" classname="org.semanticweb.owlapi.model.OWLXMLVocabularyTestCase" time="0"/>
  <testcase name="getIRIShouldReturnAnIRIThatStartsWithOWLXMLPrefix[30]" classname="org.semanticweb.owlapi.model.OWLXMLVocabularyTestCase" time="0"/>
  <testcase name="getPrefixedNameShouldStartWithOWLXMLPrefixName[31]" classname="org.semanticweb.owlapi.model.OWLXMLVocabularyTestCase" time="0.001"/>
  <testcase name="getIRIShouldReturnAnIRIThatStartsWithOWLXMLPrefix[31]" classname="org.semanticweb.owlapi.model.OWLXMLVocabularyTestCase" time="0"/>
  <testcase name="getPrefixedNameShouldStartWithOWLXMLPrefixName[32]" classname="org.semanticweb.owlapi.model.OWLXMLVocabularyTestCase" time="0"/>
  <testcase name="getIRIShouldReturnAnIRIThatStartsWithOWLXMLPrefix[32]" classname="org.semanticweb.owlapi.model.OWLXMLVocabularyTestCase" time="0"/>
  <testcase name="getPrefixedNameShouldStartWithOWLXMLPrefixName[33]" classname="org.semanticweb.owlapi.model.OWLXMLVocabularyTestCase" time="0"/>
  <testcase name="getIRIShouldReturnAnIRIThatStartsWithOWLXMLPrefix[33]" classname="org.semanticweb.owlapi.model.OWLXMLVocabularyTestCase" time="0"/>
  <testcase name="getPrefixedNameShouldStartWithOWLXMLPrefixName[34]" classname="org.semanticweb.owlapi.model.OWLXMLVocabularyTestCase" time="0"/>
  <testcase name="getIRIShouldReturnAnIRIThatStartsWithOWLXMLPrefix[34]" classname="org.semanticweb.owlapi.model.OWLXMLVocabularyTestCase" time="0"/>
  <testcase name="getPrefixedNameShouldStartWithOWLXMLPrefixName[35]" classname="org.semanticweb.owlapi.model.OWLXMLVocabularyTestCase" time="0"/>
  <testcase name="getIRIShouldReturnAnIRIThatStartsWithOWLXMLPrefix[35]" classname="org.semanticweb.owlapi.model.OWLXMLVocabularyTestCase" time="0"/>
  <testcase name="getPrefixedNameShouldStartWithOWLXMLPrefixName[36]" classname="org.semanticweb.owlapi.model.OWLXMLVocabularyTestCase" time="0.001"/>
  <testcase name="getIRIShouldReturnAnIRIThatStartsWithOWLXMLPrefix[36]" classname="org.semanticweb.owlapi.model.OWLXMLVocabularyTestCase" time="0"/>
  <testcase name="getPrefixedNameShouldStartWithOWLXMLPrefixName[37]" classname="org.semanticweb.owlapi.model.OWLXMLVocabularyTestCase" time="0"/>
  <testcase name="getIRIShouldReturnAnIRIThatStartsWithOWLXMLPrefix[37]" classname="org.semanticweb.owlapi.model.OWLXMLVocabularyTestCase" time="0.001"/>
  <testcase name="getPrefixedNameShouldStartWithOWLXMLPrefixName[38]" classname="org.semanticweb.owlapi.model.OWLXMLVocabularyTestCase" time="0"/>
  <testcase name="getIRIShouldReturnAnIRIThatStartsWithOWLXMLPrefix[38]" classname="org.semanticweb.owlapi.model.OWLXMLVocabularyTestCase" time="0"/>
  <testcase name="getPrefixedNameShouldStartWithOWLXMLPrefixName[39]" classname="org.semanticweb.owlapi.model.OWLXMLVocabularyTestCase" time="0"/>
  <testcase name="getIRIShouldReturnAnIRIThatStartsWithOWLXMLPrefix[39]" classname="org.semanticweb.owlapi.model.OWLXMLVocabularyTestCase" time="0.001"/>
  <testcase name="getPrefixedNameShouldStartWithOWLXMLPrefixName[40]" classname="org.semanticweb.owlapi.model.OWLXMLVocabularyTestCase" time="0"/>
  <testcase name="getIRIShouldReturnAnIRIThatStartsWithOWLXMLPrefix[40]" classname="org.semanticweb.owlapi.model.OWLXMLVocabularyTestCase" time="0"/>
  <testcase name="getPrefixedNameShouldStartWithOWLXMLPrefixName[41]" classname="org.semanticweb.owlapi.model.OWLXMLVocabularyTestCase" time="0.001"/>
  <testcase name="getIRIShouldReturnAnIRIThatStartsWithOWLXMLPrefix[41]" classname="org.semanticweb.owlapi.model.OWLXMLVocabularyTestCase" time="0"/>
  <testcase name="getPrefixedNameShouldStartWithOWLXMLPrefixName[42]" classname="org.semanticweb.owlapi.model.OWLXMLVocabularyTestCase" time="0"/>
  <testcase name="getIRIShouldReturnAnIRIThatStartsWithOWLXMLPrefix[42]" classname="org.semanticweb.owlapi.model.OWLXMLVocabularyTestCase" time="0.001"/>
  <testcase name="getPrefixedNameShouldStartWithOWLXMLPrefixName[43]" classname="org.semanticweb.owlapi.model.OWLXMLVocabularyTestCase" time="0"/>
  <testcase name="getIRIShouldReturnAnIRIThatStartsWithOWLXMLPrefix[43]" classname="org.semanticweb.owlapi.model.OWLXMLVocabularyTestCase" time="0"/>
  <testcase name="getPrefixedNameShouldStartWithOWLXMLPrefixName[44]" classname="org.semanticweb.owlapi.model.OWLXMLVocabularyTestCase" time="0"/>
  <testcase name="getIRIShouldReturnAnIRIThatStartsWithOWLXMLPrefix[44]" classname="org.semanticweb.owlapi.model.OWLXMLVocabularyTestCase" time="0"/>
  <testcase name="getPrefixedNameShouldStartWithOWLXMLPrefixName[45]" classname="org.semanticweb.owlapi.model.OWLXMLVocabularyTestCase" time="0"/>
  <testcase name="getIRIShouldReturnAnIRIThatStartsWithOWLXMLPrefix[45]" classname="org.semanticweb.owlapi.model.OWLXMLVocabularyTestCase" time="0"/>
  <testcase name="getPrefixedNameShouldStartWithOWLXMLPrefixName[46]" classname="org.semanticweb.owlapi.model.OWLXMLVocabularyTestCase" time="0.001"/>
  <testcase name="getIRIShouldReturnAnIRIThatStartsWithOWLXMLPrefix[46]" classname="org.semanticweb.owlapi.model.OWLXMLVocabularyTestCase" time="0"/>
  <testcase name="getPrefixedNameShouldStartWithOWLXMLPrefixName[47]" classname="org.semanticweb.owlapi.model.OWLXMLVocabularyTestCase" time="0"/>
  <testcase name="getIRIShouldReturnAnIRIThatStartsWithOWLXMLPrefix[47]" classname="org.semanticweb.owlapi.model.OWLXMLVocabularyTestCase" time="0"/>
  <testcase name="getPrefixedNameShouldStartWithOWLXMLPrefixName[48]" classname="org.semanticweb.owlapi.model.OWLXMLVocabularyTestCase" time="0.001"/>
  <testcase name="getIRIShouldReturnAnIRIThatStartsWithOWLXMLPrefix[48]" classname="org.semanticweb.owlapi.model.OWLXMLVocabularyTestCase" time="0"/>
  <testcase name="getPrefixedNameShouldStartWithOWLXMLPrefixName[49]" classname="org.semanticweb.owlapi.model.OWLXMLVocabularyTestCase" time="0"/>
  <testcase name="getIRIShouldReturnAnIRIThatStartsWithOWLXMLPrefix[49]" classname="org.semanticweb.owlapi.model.OWLXMLVocabularyTestCase" time="0"/>
  <testcase name="getPrefixedNameShouldStartWithOWLXMLPrefixName[50]" classname="org.semanticweb.owlapi.model.OWLXMLVocabularyTestCase" time="0.001"/>
  <testcase name="getIRIShouldReturnAnIRIThatStartsWithOWLXMLPrefix[50]" classname="org.semanticweb.owlapi.model.OWLXMLVocabularyTestCase" time="0"/>
  <testcase name="getPrefixedNameShouldStartWithOWLXMLPrefixName[51]" classname="org.semanticweb.owlapi.model.OWLXMLVocabularyTestCase" time="0"/>
  <testcase name="getIRIShouldReturnAnIRIThatStartsWithOWLXMLPrefix[51]" classname="org.semanticweb.owlapi.model.OWLXMLVocabularyTestCase" time="0.001"/>
  <testcase name="getPrefixedNameShouldStartWithOWLXMLPrefixName[52]" classname="org.semanticweb.owlapi.model.OWLXMLVocabularyTestCase" time="0"/>
  <testcase name="getIRIShouldReturnAnIRIThatStartsWithOWLXMLPrefix[52]" classname="org.semanticweb.owlapi.model.OWLXMLVocabularyTestCase" time="0"/>
  <testcase name="getPrefixedNameShouldStartWithOWLXMLPrefixName[53]" classname="org.semanticweb.owlapi.model.OWLXMLVocabularyTestCase" time="0"/>
  <testcase name="getIRIShouldReturnAnIRIThatStartsWithOWLXMLPrefix[53]" classname="org.semanticweb.owlapi.model.OWLXMLVocabularyTestCase" time="0.001"/>
  <testcase name="getPrefixedNameShouldStartWithOWLXMLPrefixName[54]" classname="org.semanticweb.owlapi.model.OWLXMLVocabularyTestCase" time="0"/>
  <testcase name="getIRIShouldReturnAnIRIThatStartsWithOWLXMLPrefix[54]" classname="org.semanticweb.owlapi.model.OWLXMLVocabularyTestCase" time="0.004"/>
  <testcase name="getPrefixedNameShouldStartWithOWLXMLPrefixName[55]" classname="org.semanticweb.owlapi.model.OWLXMLVocabularyTestCase" time="0.002"/>
  <testcase name="getIRIShouldReturnAnIRIThatStartsWithOWLXMLPrefix[55]" classname="org.semanticweb.owlapi.model.OWLXMLVocabularyTestCase" time="0"/>
  <testcase name="getPrefixedNameShouldStartWithOWLXMLPrefixName[56]" classname="org.semanticweb.owlapi.model.OWLXMLVocabularyTestCase" time="0"/>
  <testcase name="getIRIShouldReturnAnIRIThatStartsWithOWLXMLPrefix[56]" classname="org.semanticweb.owlapi.model.OWLXMLVocabularyTestCase" time="0"/>
  <testcase name="getPrefixedNameShouldStartWithOWLXMLPrefixName[57]" classname="org.semanticweb.owlapi.model.OWLXMLVocabularyTestCase" time="0"/>
  <testcase name="getIRIShouldReturnAnIRIThatStartsWithOWLXMLPrefix[57]" classname="org.semanticweb.owlapi.model.OWLXMLVocabularyTestCase" time="0"/>
  <testcase name="getPrefixedNameShouldStartWithOWLXMLPrefixName[58]" classname="org.semanticweb.owlapi.model.OWLXMLVocabularyTestCase" time="0.001"/>
  <testcase name="getIRIShouldReturnAnIRIThatStartsWithOWLXMLPrefix[58]" classname="org.semanticweb.owlapi.model.OWLXMLVocabularyTestCase" time="0.001"/>
  <testcase name="getPrefixedNameShouldStartWithOWLXMLPrefixName[59]" classname="org.semanticweb.owlapi.model.OWLXMLVocabularyTestCase" time="0"/>
  <testcase name="getIRIShouldReturnAnIRIThatStartsWithOWLXMLPrefix[59]" classname="org.semanticweb.owlapi.model.OWLXMLVocabularyTestCase" time="0"/>
  <testcase name="getPrefixedNameShouldStartWithOWLXMLPrefixName[60]" classname="org.semanticweb.owlapi.model.OWLXMLVocabularyTestCase" time="0"/>
  <testcase name="getIRIShouldReturnAnIRIThatStartsWithOWLXMLPrefix[60]" classname="org.semanticweb.owlapi.model.OWLXMLVocabularyTestCase" time="0"/>
  <testcase name="getPrefixedNameShouldStartWithOWLXMLPrefixName[61]" classname="org.semanticweb.owlapi.model.OWLXMLVocabularyTestCase" time="0.001"/>
  <testcase name="getIRIShouldReturnAnIRIThatStartsWithOWLXMLPrefix[61]" classname="org.semanticweb.owlapi.model.OWLXMLVocabularyTestCase" time="0.001"/>
  <testcase name="getPrefixedNameShouldStartWithOWLXMLPrefixName[62]" classname="org.semanticweb.owlapi.model.OWLXMLVocabularyTestCase" time="0"/>
  <testcase name="getIRIShouldReturnAnIRIThatStartsWithOWLXMLPrefix[62]" classname="org.semanticweb.owlapi.model.OWLXMLVocabularyTestCase" time="0"/>
  <testcase name="getPrefixedNameShouldStartWithOWLXMLPrefixName[63]" classname="org.semanticweb.owlapi.model.OWLXMLVocabularyTestCase" time="0.001"/>
  <testcase name="getIRIShouldReturnAnIRIThatStartsWithOWLXMLPrefix[63]" classname="org.semanticweb.owlapi.model.OWLXMLVocabularyTestCase" time="0"/>
  <testcase name="getPrefixedNameShouldStartWithOWLXMLPrefixName[64]" classname="org.semanticweb.owlapi.model.OWLXMLVocabularyTestCase" time="0.001"/>
  <testcase name="getIRIShouldReturnAnIRIThatStartsWithOWLXMLPrefix[64]" classname="org.semanticweb.owlapi.model.OWLXMLVocabularyTestCase" time="0.001"/>
  <testcase name="getPrefixedNameShouldStartWithOWLXMLPrefixName[65]" classname="org.semanticweb.owlapi.model.OWLXMLVocabularyTestCase" time="0"/>
  <testcase name="getIRIShouldReturnAnIRIThatStartsWithOWLXMLPrefix[65]" classname="org.semanticweb.owlapi.model.OWLXMLVocabularyTestCase" time="0"/>
  <testcase name="getPrefixedNameShouldStartWithOWLXMLPrefixName[66]" classname="org.semanticweb.owlapi.model.OWLXMLVocabularyTestCase" time="0.001"/>
  <testcase name="getIRIShouldReturnAnIRIThatStartsWithOWLXMLPrefix[66]" classname="org.semanticweb.owlapi.model.OWLXMLVocabularyTestCase" time="0"/>
  <testcase name="getPrefixedNameShouldStartWithOWLXMLPrefixName[67]" classname="org.semanticweb.owlapi.model.OWLXMLVocabularyTestCase" time="0.001"/>
  <testcase name="getIRIShouldReturnAnIRIThatStartsWithOWLXMLPrefix[67]" classname="org.semanticweb.owlapi.model.OWLXMLVocabularyTestCase" time="0"/>
  <testcase name="getPrefixedNameShouldStartWithOWLXMLPrefixName[68]" classname="org.semanticweb.owlapi.model.OWLXMLVocabularyTestCase" time="0"/>
  <testcase name="getIRIShouldReturnAnIRIThatStartsWithOWLXMLPrefix[68]" classname="org.semanticweb.owlapi.model.OWLXMLVocabularyTestCase" time="0.001"/>
  <testcase name="getPrefixedNameShouldStartWithOWLXMLPrefixName[69]" classname="org.semanticweb.owlapi.model.OWLXMLVocabularyTestCase" time="0"/>
  <testcase name="getIRIShouldReturnAnIRIThatStartsWithOWLXMLPrefix[69]" classname="org.semanticweb.owlapi.model.OWLXMLVocabularyTestCase" time="0.002"/>
  <testcase name="getPrefixedNameShouldStartWithOWLXMLPrefixName[70]" classname="org.semanticweb.owlapi.model.OWLXMLVocabularyTestCase" time="0.001"/>
  <testcase name="getIRIShouldReturnAnIRIThatStartsWithOWLXMLPrefix[70]" classname="org.semanticweb.owlapi.model.OWLXMLVocabularyTestCase" time="0"/>
  <testcase name="getPrefixedNameShouldStartWithOWLXMLPrefixName[71]" classname="org.semanticweb.owlapi.model.OWLXMLVocabularyTestCase" time="0.001"/>
  <testcase name="getIRIShouldReturnAnIRIThatStartsWithOWLXMLPrefix[71]" classname="org.semanticweb.owlapi.model.OWLXMLVocabularyTestCase" time="0"/>
  <testcase name="getPrefixedNameShouldStartWithOWLXMLPrefixName[72]" classname="org.semanticweb.owlapi.model.OWLXMLVocabularyTestCase" time="0.001"/>
  <testcase name="getIRIShouldReturnAnIRIThatStartsWithOWLXMLPrefix[72]" classname="org.semanticweb.owlapi.model.OWLXMLVocabularyTestCase" time="0.001"/>
  <testcase name="getPrefixedNameShouldStartWithOWLXMLPrefixName[73]" classname="org.semanticweb.owlapi.model.OWLXMLVocabularyTestCase" time="0"/>
  <testcase name="getIRIShouldReturnAnIRIThatStartsWithOWLXMLPrefix[73]" classname="org.semanticweb.owlapi.model.OWLXMLVocabularyTestCase" time="0.002"/>
  <testcase name="getPrefixedNameShouldStartWithOWLXMLPrefixName[74]" classname="org.semanticweb.owlapi.model.OWLXMLVocabularyTestCase" time="0.001"/>
  <testcase name="getIRIShouldReturnAnIRIThatStartsWithOWLXMLPrefix[74]" classname="org.semanticweb.owlapi.model.OWLXMLVocabularyTestCase" time="0"/>
  <testcase name="getPrefixedNameShouldStartWithOWLXMLPrefixName[75]" classname="org.semanticweb.owlapi.model.OWLXMLVocabularyTestCase" time="0.001"/>
  <testcase name="getIRIShouldReturnAnIRIThatStartsWithOWLXMLPrefix[75]" classname="org.semanticweb.owlapi.model.OWLXMLVocabularyTestCase" time="0.001"/>
  <testcase name="getPrefixedNameShouldStartWithOWLXMLPrefixName[76]" classname="org.semanticweb.owlapi.model.OWLXMLVocabularyTestCase" time="0"/>
  <testcase name="getIRIShouldReturnAnIRIThatStartsWithOWLXMLPrefix[76]" classname="org.semanticweb.owlapi.model.OWLXMLVocabularyTestCase" time="0"/>
  <testcase name="getPrefixedNameShouldStartWithOWLXMLPrefixName[77]" classname="org.semanticweb.owlapi.model.OWLXMLVocabularyTestCase" time="0.001"/>
  <testcase name="getIRIShouldReturnAnIRIThatStartsWithOWLXMLPrefix[77]" classname="org.semanticweb.owlapi.model.OWLXMLVocabularyTestCase" time="0"/>
  <testcase name="getPrefixedNameShouldStartWithOWLXMLPrefixName[78]" classname="org.semanticweb.owlapi.model.OWLXMLVocabularyTestCase" time="0"/>
  <testcase name="getIRIShouldReturnAnIRIThatStartsWithOWLXMLPrefix[78]" classname="org.semanticweb.owlapi.model.OWLXMLVocabularyTestCase" time="0.001"/>
  <testcase name="getPrefixedNameShouldStartWithOWLXMLPrefixName[79]" classname="org.semanticweb.owlapi.model.OWLXMLVocabularyTestCase" time="0"/>
  <testcase name="getIRIShouldReturnAnIRIThatStartsWithOWLXMLPrefix[79]" classname="org.semanticweb.owlapi.model.OWLXMLVocabularyTestCase" time="0"/>
  <testcase name="getPrefixedNameShouldStartWithOWLXMLPrefixName[80]" classname="org.semanticweb.owlapi.model.OWLXMLVocabularyTestCase" time="0.001"/>
  <testcase name="getIRIShouldReturnAnIRIThatStartsWithOWLXMLPrefix[80]" classname="org.semanticweb.owlapi.model.OWLXMLVocabularyTestCase" time="0"/>
  <testcase name="getPrefixedNameShouldStartWithOWLXMLPrefixName[81]" classname="org.semanticweb.owlapi.model.OWLXMLVocabularyTestCase" time="0"/>
  <testcase name="getIRIShouldReturnAnIRIThatStartsWithOWLXMLPrefix[81]" classname="org.semanticweb.owlapi.model.OWLXMLVocabularyTestCase" time="0.001"/>
  <testcase name="getPrefixedNameShouldStartWithOWLXMLPrefixName[82]" classname="org.semanticweb.owlapi.model.OWLXMLVocabularyTestCase" time="0"/>
  <testcase name="getIRIShouldReturnAnIRIThatStartsWithOWLXMLPrefix[82]" classname="org.semanticweb.owlapi.model.OWLXMLVocabularyTestCase" time="0"/>
  <testcase name="getPrefixedNameShouldStartWithOWLXMLPrefixName[83]" classname="org.semanticweb.owlapi.model.OWLXMLVocabularyTestCase" time="0"/>
  <testcase name="getIRIShouldReturnAnIRIThatStartsWithOWLXMLPrefix[83]" classname="org.semanticweb.owlapi.model.OWLXMLVocabularyTestCase" time="0.001"/>
  <testcase name="getPrefixedNameShouldStartWithOWLXMLPrefixName[84]" classname="org.semanticweb.owlapi.model.OWLXMLVocabularyTestCase" time="0"/>
  <testcase name="getIRIShouldReturnAnIRIThatStartsWithOWLXMLPrefix[84]" classname="org.semanticweb.owlapi.model.OWLXMLVocabularyTestCase" time="0"/>
  <testcase name="getPrefixedNameShouldStartWithOWLXMLPrefixName[85]" classname="org.semanticweb.owlapi.model.OWLXMLVocabularyTestCase" time="0.001"/>
  <testcase name="getIRIShouldReturnAnIRIThatStartsWithOWLXMLPrefix[85]" classname="org.semanticweb.owlapi.model.OWLXMLVocabularyTestCase" time="0"/>
  <testcase name="getPrefixedNameShouldStartWithOWLXMLPrefixName[86]" classname="org.semanticweb.owlapi.model.OWLXMLVocabularyTestCase" time="0"/>
  <testcase name="getIRIShouldReturnAnIRIThatStartsWithOWLXMLPrefix[86]" classname="org.semanticweb.owlapi.model.OWLXMLVocabularyTestCase" time="0.001"/>
  <testcase name="getPrefixedNameShouldStartWithOWLXMLPrefixName[87]" classname="org.semanticweb.owlapi.model.OWLXMLVocabularyTestCase" time="0"/>
  <testcase name="getIRIShouldReturnAnIRIThatStartsWithOWLXMLPrefix[87]" classname="org.semanticweb.owlapi.model.OWLXMLVocabularyTestCase" time="0"/>
  <testcase name="getPrefixedNameShouldStartWithOWLXMLPrefixName[88]" classname="org.semanticweb.owlapi.model.OWLXMLVocabularyTestCase" time="0"/>
  <testcase name="getIRIShouldReturnAnIRIThatStartsWithOWLXMLPrefix[88]" classname="org.semanticweb.owlapi.model.OWLXMLVocabularyTestCase" time="0"/>
  <testcase name="getPrefixedNameShouldStartWithOWLXMLPrefixName[89]" classname="org.semanticweb.owlapi.model.OWLXMLVocabularyTestCase" time="0"/>
  <testcase name="getIRIShouldReturnAnIRIThatStartsWithOWLXMLPrefix[89]" classname="org.semanticweb.owlapi.model.OWLXMLVocabularyTestCase" time="0"/>
  <testcase name="getPrefixedNameShouldStartWithOWLXMLPrefixName[90]" classname="org.semanticweb.owlapi.model.OWLXMLVocabularyTestCase" time="0.001"/>
  <testcase name="getIRIShouldReturnAnIRIThatStartsWithOWLXMLPrefix[90]" classname="org.semanticweb.owlapi.model.OWLXMLVocabularyTestCase" time="0"/>
  <testcase name="getPrefixedNameShouldStartWithOWLXMLPrefixName[91]" classname="org.semanticweb.owlapi.model.OWLXMLVocabularyTestCase" time="0"/>
  <testcase name="getIRIShouldReturnAnIRIThatStartsWithOWLXMLPrefix[91]" classname="org.semanticweb.owlapi.model.OWLXMLVocabularyTestCase" time="0.001"/>
  <testcase name="getPrefixedNameShouldStartWithOWLXMLPrefixName[92]" classname="org.semanticweb.owlapi.model.OWLXMLVocabularyTestCase" time="0"/>
  <testcase name="getIRIShouldReturnAnIRIThatStartsWithOWLXMLPrefix[92]" classname="org.semanticweb.owlapi.model.OWLXMLVocabularyTestCase" time="0"/>
  <testcase name="getPrefixedNameShouldStartWithOWLXMLPrefixName[93]" classname="org.semanticweb.owlapi.model.OWLXMLVocabularyTestCase" time="0"/>
  <testcase name="getIRIShouldReturnAnIRIThatStartsWithOWLXMLPrefix[93]" classname="org.semanticweb.owlapi.model.OWLXMLVocabularyTestCase" time="0.001"/>
  <testcase name="getPrefixedNameShouldStartWithOWLXMLPrefixName[94]" classname="org.semanticweb.owlapi.model.OWLXMLVocabularyTestCase" time="0"/>
  <testcase name="getIRIShouldReturnAnIRIThatStartsWithOWLXMLPrefix[94]" classname="org.semanticweb.owlapi.model.OWLXMLVocabularyTestCase" time="0"/>
  <testcase name="getPrefixedNameShouldStartWithOWLXMLPrefixName[95]" classname="org.semanticweb.owlapi.model.OWLXMLVocabularyTestCase" time="0"/>
  <testcase name="getIRIShouldReturnAnIRIThatStartsWithOWLXMLPrefix[95]" classname="org.semanticweb.owlapi.model.OWLXMLVocabularyTestCase" time="0.001"/>
  <testcase name="getPrefixedNameShouldStartWithOWLXMLPrefixName[96]" classname="org.semanticweb.owlapi.model.OWLXMLVocabularyTestCase" time="0"/>
  <testcase name="getIRIShouldReturnAnIRIThatStartsWithOWLXMLPrefix[96]" classname="org.semanticweb.owlapi.model.OWLXMLVocabularyTestCase" time="0"/>
  <testcase name="getPrefixedNameShouldStartWithOWLXMLPrefixName[97]" classname="org.semanticweb.owlapi.model.OWLXMLVocabularyTestCase" time="0"/>
  <testcase name="getIRIShouldReturnAnIRIThatStartsWithOWLXMLPrefix[97]" classname="org.semanticweb.owlapi.model.OWLXMLVocabularyTestCase" time="0"/>
  <testcase name="getPrefixedNameShouldStartWithOWLXMLPrefixName[98]" classname="org.semanticweb.owlapi.model.OWLXMLVocabularyTestCase" time="0"/>
  <testcase name="getIRIShouldReturnAnIRIThatStartsWithOWLXMLPrefix[98]" classname="org.semanticweb.owlapi.model.OWLXMLVocabularyTestCase" time="0"/>
  <testcase name="getPrefixedNameShouldStartWithOWLXMLPrefixName[99]" classname="org.semanticweb.owlapi.model.OWLXMLVocabularyTestCase" time="0.001"/>
  <testcase name="getIRIShouldReturnAnIRIThatStartsWithOWLXMLPrefix[99]" classname="org.semanticweb.owlapi.model.OWLXMLVocabularyTestCase" time="0"/>
  <testcase name="getPrefixedNameShouldStartWithOWLXMLPrefixName[100]" classname="org.semanticweb.owlapi.model.OWLXMLVocabularyTestCase" time="0"/>
  <testcase name="getIRIShouldReturnAnIRIThatStartsWithOWLXMLPrefix[100]" classname="org.semanticweb.owlapi.model.OWLXMLVocabularyTestCase" time="0.001"/>
  <testcase name="getPrefixedNameShouldStartWithOWLXMLPrefixName[101]" classname="org.semanticweb.owlapi.model.OWLXMLVocabularyTestCase" time="0"/>
  <testcase name="getIRIShouldReturnAnIRIThatStartsWithOWLXMLPrefix[101]" classname="org.semanticweb.owlapi.model.OWLXMLVocabularyTestCase" time="0"/>
</testsuite>