<?xml version="1.0" encoding="UTF-8"?>
<testsuite name="org.semanticweb.owlapi.model.SWRLBuiltInsVocabularyTestCase" time="0.089" tests="138" errors="0" skipped="0" failures="0">
  <properties>
    <property name="java.runtime.name" value="OpenJDK Runtime Environment"/>
    <property name="sun.boot.library.path" value="/Library/Java/JavaVirtualMachines/temurin-8.jdk/Contents/Home/jre/lib"/>
    <property name="java.vm.version" value="25.402-b06"/>
    <property name="gopherProxySet" value="false"/>
    <property name="java.vm.vendor" value="Temurin"/>
    <property name="maven.multiModuleProjectDirectory" value="/Users/shreyachaudhary/Desktop/extra/CS527-Project/Bugs/BugSwarm/2nd_round/owlapi-158989792/Buggy-version"/>
    <property name="java.vendor.url" value="https://adoptium.net/"/>
    <property name="path.separator" value=":"/>
    <property name="guice.disable.misplaced.annotation.check" value="true"/>
    <property name="java.vm.name" value="OpenJDK 64-Bit Server VM"/>
    <property name="file.encoding.pkg" value="sun.io"/>
    <property name="user.country" value="US"/>
    <property name="sun.java.launcher" value="SUN_STANDARD"/>
    <property name="sun.os.patch.level" value="unknown"/>
    <property name="java.vm.specification.name" value="Java Virtual Machine Specification"/>
    <property name="user.dir" value="/Users/shreyachaudhary/Desktop/extra/CS527-Project/Bugs/BugSwarm/2nd_round/owlapi-158989792/Buggy-version"/>
    <property name="java.runtime.version" value="1.8.0_402-b06"/>
    <property name="java.awt.graphicsenv" value="sun.awt.CGraphicsEnvironment"/>
    <property name="java.endorsed.dirs" value="/Library/Java/JavaVirtualMachines/temurin-8.jdk/Contents/Home/jre/lib/endorsed"/>
    <property name="os.arch" value="x86_64"/>
    <property name="java.io.tmpdir" value="/var/folders/70/9z8mmtr153x2znr25_zb57mr0000gn/T/"/>
    <property name="line.separator" value="&#10;"/>
    <property name="java.vm.specification.vendor" value="Oracle Corporation"/>
    <property name="os.name" value="Mac OS X"/>
    <property name="classworlds.conf" value="/opt/homebrew/Cellar/maven/3.9.6/libexec/bin/m2.conf"/>
    <property name="sun.jnu.encoding" value="UTF-8"/>
    <property name="java.library.path" value="/Users/shreyachaudhary/Library/Java/Extensions:/Library/Java/Extensions:/Network/Library/Java/Extensions:/System/Library/Java/Extensions:/usr/lib/java:."/>
    <property name="maven.conf" value="/opt/homebrew/Cellar/maven/3.9.6/libexec/conf"/>
    <property name="java.specification.name" value="Java Platform API Specification"/>
    <property name="java.class.version" value="52.0"/>
    <property name="sun.management.compiler" value="HotSpot 64-Bit Tiered Compilers"/>
    <property name="maven.test.failure.ignore" value="true"/>
    <property name="os.version" value="14.4.1"/>
    <property name="library.jansi.path" value="/opt/homebrew/Cellar/maven/3.9.6/libexec/lib/jansi-native"/>
    <property name="http.nonProxyHosts" value="local|*.local|169.254/16|*.169.254/16"/>
    <property name="user.home" value="/Users/shreyachaudhary"/>
    <property name="user.timezone" value="America/Chicago"/>
    <property name="java.awt.printerjob" value="sun.lwawt.macosx.CPrinterJob"/>
    <property name="java.specification.version" value="1.8"/>
    <property name="file.encoding" value="UTF-8"/>
    <property name="user.name" value="shreyachaudhary"/>
    <property name="java.class.path" value="/opt/homebrew/Cellar/maven/3.9.6/libexec/boot/plexus-classworlds-2.7.0.jar"/>
    <property name="java.vm.specification.version" value="1.8"/>
    <property name="sun.arch.data.model" value="64"/>
    <property name="java.home" value="/Library/Java/JavaVirtualMachines/temurin-8.jdk/Contents/Home/jre"/>
    <property name="sun.java.command" value="org.codehaus.plexus.classworlds.launcher.Launcher clean clover:setup test -Dmaven.test.failure.ignore=true clover:aggregate clover:clover"/>
    <property name="java.specification.vendor" value="Oracle Corporation"/>
    <property name="user.language" value="en"/>
    <property name="awt.toolkit" value="sun.lwawt.macosx.LWCToolkit"/>
    <property name="java.vm.info" value="mixed mode"/>
    <property name="java.version" value="1.8.0_402"/>
    <property name="java.ext.dirs" value="/Users/shreyachaudhary/Library/Java/Extensions:/Library/Java/JavaVirtualMachines/temurin-8.jdk/Contents/Home/jre/lib/ext:/Library/Java/Extensions:/Network/Library/Java/Extensions:/System/Library/Java/Extensions:/usr/lib/java"/>
    <property name="sun.boot.class.path" value="/Library/Java/JavaVirtualMachines/temurin-8.jdk/Contents/Home/jre/lib/resources.jar:/Library/Java/JavaVirtualMachines/temurin-8.jdk/Contents/Home/jre/lib/rt.jar:/Library/Java/JavaVirtualMachines/temurin-8.jdk/Contents/Home/jre/lib/sunrsasign.jar:/Library/Java/JavaVirtualMachines/temurin-8.jdk/Contents/Home/jre/lib/jsse.jar:/Library/Java/JavaVirtualMachines/temurin-8.jdk/Contents/Home/jre/lib/jce.jar:/Library/Java/JavaVirtualMachines/temurin-8.jdk/Contents/Home/jre/lib/charsets.jar:/Library/Java/JavaVirtualMachines/temurin-8.jdk/Contents/Home/jre/lib/jfr.jar:/Library/Java/JavaVirtualMachines/temurin-8.jdk/Contents/Home/jre/classes"/>
    <property name="java.vendor" value="Temurin"/>
    <property name="java.specification.maintenance.version" value="5"/>
    <property name="maven.home" value="/opt/homebrew/Cellar/maven/3.9.6/libexec"/>
    <property name="file.separator" value="/"/>
    <property name="java.vendor.url.bug" value="https://github.com/adoptium/adoptium-support/issues"/>
    <property name="sun.cpu.endian" value="little"/>
    <property name="sun.io.unicode.encoding" value="UnicodeBig"/>
    <property name="socksNonProxyHosts" value="local|*.local|169.254/16|*.169.254/16"/>
    <property name="ftp.nonProxyHosts" value="local|*.local|169.254/16|*.169.254/16"/>
    <property name="sun.cpu.isalist" value=""/>
  </properties>
  <testcase name="getPrefixedNameShouldStartWithSWRLBuiltInsPrefixName[0]" classname="org.semanticweb.owlapi.model.SWRLBuiltInsVocabularyTestCase" time="0.002"/>
  <testcase name="getIRIShouldReturnAnIRIThatStartsWithSWRLBuiltInsPrefix[0]" classname="org.semanticweb.owlapi.model.SWRLBuiltInsVocabularyTestCase" time="0"/>
  <testcase name="getPrefixedNameShouldStartWithSWRLBuiltInsPrefixName[1]" classname="org.semanticweb.owlapi.model.SWRLBuiltInsVocabularyTestCase" time="0.001"/>
  <testcase name="getIRIShouldReturnAnIRIThatStartsWithSWRLBuiltInsPrefix[1]" classname="org.semanticweb.owlapi.model.SWRLBuiltInsVocabularyTestCase" time="0"/>
  <testcase name="getPrefixedNameShouldStartWithSWRLBuiltInsPrefixName[2]" classname="org.semanticweb.owlapi.model.SWRLBuiltInsVocabularyTestCase" time="0.001"/>
  <testcase name="getIRIShouldReturnAnIRIThatStartsWithSWRLBuiltInsPrefix[2]" classname="org.semanticweb.owlapi.model.SWRLBuiltInsVocabularyTestCase" time="0"/>
  <testcase name="getPrefixedNameShouldStartWithSWRLBuiltInsPrefixName[3]" classname="org.semanticweb.owlapi.model.SWRLBuiltInsVocabularyTestCase" time="0.006"/>
  <testcase name="getIRIShouldReturnAnIRIThatStartsWithSWRLBuiltInsPrefix[3]" classname="org.semanticweb.owlapi.model.SWRLBuiltInsVocabularyTestCase" time="0.003"/>
  <testcase name="getPrefixedNameShouldStartWithSWRLBuiltInsPrefixName[4]" classname="org.semanticweb.owlapi.model.SWRLBuiltInsVocabularyTestCase" time="0"/>
  <testcase name="getIRIShouldReturnAnIRIThatStartsWithSWRLBuiltInsPrefix[4]" classname="org.semanticweb.owlapi.model.SWRLBuiltInsVocabularyTestCase" time="0"/>
  <testcase name="getPrefixedNameShouldStartWithSWRLBuiltInsPrefixName[5]" classname="org.semanticweb.owlapi.model.SWRLBuiltInsVocabularyTestCase" time="0"/>
  <testcase name="getIRIShouldReturnAnIRIThatStartsWithSWRLBuiltInsPrefix[5]" classname="org.semanticweb.owlapi.model.SWRLBuiltInsVocabularyTestCase" time="0"/>
  <testcase name="getPrefixedNameShouldStartWithSWRLBuiltInsPrefixName[6]" classname="org.semanticweb.owlapi.model.SWRLBuiltInsVocabularyTestCase" time="0"/>
  <testcase name="getIRIShouldReturnAnIRIThatStartsWithSWRLBuiltInsPrefix[6]" classname="org.semanticweb.owlapi.model.SWRLBuiltInsVocabularyTestCase" time="0"/>
  <testcase name="getPrefixedNameShouldStartWithSWRLBuiltInsPrefixName[7]" classname="org.semanticweb.owlapi.model.SWRLBuiltInsVocabularyTestCase" time="0.001"/>
  <testcase name="getIRIShouldReturnAnIRIThatStartsWithSWRLBuiltInsPrefix[7]" classname="org.semanticweb.owlapi.model.SWRLBuiltInsVocabularyTestCase" time="0"/>
  <testcase name="getPrefixedNameShouldStartWithSWRLBuiltInsPrefixName[8]" classname="org.semanticweb.owlapi.model.SWRLBuiltInsVocabularyTestCase" time="0.001"/>
  <testcase name="getIRIShouldReturnAnIRIThatStartsWithSWRLBuiltInsPrefix[8]" classname="org.semanticweb.owlapi.model.SWRLBuiltInsVocabularyTestCase" time="0"/>
  <testcase name="getPrefixedNameShouldStartWithSWRLBuiltInsPrefixName[9]" classname="org.semanticweb.owlapi.model.SWRLBuiltInsVocabularyTestCase" time="0"/>
  <testcase name="getIRIShouldReturnAnIRIThatStartsWithSWRLBuiltInsPrefix[9]" classname="org.semanticweb.owlapi.model.SWRLBuiltInsVocabularyTestCase" time="0"/>
  <testcase name="getPrefixedNameShouldStartWithSWRLBuiltInsPrefixName[10]" classname="org.semanticweb.owlapi.model.SWRLBuiltInsVocabularyTestCase" time="0"/>
  <testcase name="getIRIShouldReturnAnIRIThatStartsWithSWRLBuiltInsPrefix[10]" classname="org.semanticweb.owlapi.model.SWRLBuiltInsVocabularyTestCase" time="0.001"/>
  <testcase name="getPrefixedNameShouldStartWithSWRLBuiltInsPrefixName[11]" classname="org.semanticweb.owlapi.model.SWRLBuiltInsVocabularyTestCase" time="0"/>
  <testcase name="getIRIShouldReturnAnIRIThatStartsWithSWRLBuiltInsPrefix[11]" classname="org.semanticweb.owlapi.model.SWRLBuiltInsVocabularyTestCase" time="0.001"/>
  <testcase name="getPrefixedNameShouldStartWithSWRLBuiltInsPrefixName[12]" classname="org.semanticweb.owlapi.model.SWRLBuiltInsVocabularyTestCase" time="0"/>
  <testcase name="getIRIShouldReturnAnIRIThatStartsWithSWRLBuiltInsPrefix[12]" classname="org.semanticweb.owlapi.model.SWRLBuiltInsVocabularyTestCase" time="0"/>
  <testcase name="getPrefixedNameShouldStartWithSWRLBuiltInsPrefixName[13]" classname="org.semanticweb.owlapi.model.SWRLBuiltInsVocabularyTestCase" time="0.001"/>
  <testcase name="getIRIShouldReturnAnIRIThatStartsWithSWRLBuiltInsPrefix[13]" classname="org.semanticweb.owlapi.model.SWRLBuiltInsVocabularyTestCase" time="0"/>
  <testcase name="getPrefixedNameShouldStartWithSWRLBuiltInsPrefixName[14]" classname="org.semanticweb.owlapi.model.SWRLBuiltInsVocabularyTestCase" time="0"/>
  <testcase name="getIRIShouldReturnAnIRIThatStartsWithSWRLBuiltInsPrefix[14]" classname="org.semanticweb.owlapi.model.SWRLBuiltInsVocabularyTestCase" time="0"/>
  <testcase name="getPrefixedNameShouldStartWithSWRLBuiltInsPrefixName[15]" classname="org.semanticweb.owlapi.model.SWRLBuiltInsVocabularyTestCase" time="0.001"/>
  <testcase name="getIRIShouldReturnAnIRIThatStartsWithSWRLBuiltInsPrefix[15]" classname="org.semanticweb.owlapi.model.SWRLBuiltInsVocabularyTestCase" time="0.001"/>
  <testcase name="getPrefixedNameShouldStartWithSWRLBuiltInsPrefixName[16]" classname="org.semanticweb.owlapi.model.SWRLBuiltInsVocabularyTestCase" time="0"/>
  <testcase name="getIRIShouldReturnAnIRIThatStartsWithSWRLBuiltInsPrefix[16]" classname="org.semanticweb.owlapi.model.SWRLBuiltInsVocabularyTestCase" time="0"/>
  <testcase name="getPrefixedNameShouldStartWithSWRLBuiltInsPrefixName[17]" classname="org.semanticweb.owlapi.model.SWRLBuiltInsVocabularyTestCase" time="0.001"/>
  <testcase name="getIRIShouldReturnAnIRIThatStartsWithSWRLBuiltInsPrefix[17]" classname="org.semanticweb.owlapi.model.SWRLBuiltInsVocabularyTestCase" time="0.002"/>
  <testcase name="getPrefixedNameShouldStartWithSWRLBuiltInsPrefixName[18]" classname="org.semanticweb.owlapi.model.SWRLBuiltInsVocabularyTestCase" time="0.007"/>
  <testcase name="getIRIShouldReturnAnIRIThatStartsWithSWRLBuiltInsPrefix[18]" classname="org.semanticweb.owlapi.model.SWRLBuiltInsVocabularyTestCase" time="0.001"/>
  <testcase name="getPrefixedNameShouldStartWithSWRLBuiltInsPrefixName[19]" classname="org.semanticweb.owlapi.model.SWRLBuiltInsVocabularyTestCase" time="0"/>
  <testcase name="getIRIShouldReturnAnIRIThatStartsWithSWRLBuiltInsPrefix[19]" classname="org.semanticweb.owlapi.model.SWRLBuiltInsVocabularyTestCase" time="0"/>
  <testcase name="getPrefixedNameShouldStartWithSWRLBuiltInsPrefixName[20]" classname="org.semanticweb.owlapi.model.SWRLBuiltInsVocabularyTestCase" time="0.001"/>
  <testcase name="getIRIShouldReturnAnIRIThatStartsWithSWRLBuiltInsPrefix[20]" classname="org.semanticweb.owlapi.model.SWRLBuiltInsVocabularyTestCase" time="0.001"/>
  <testcase name="getPrefixedNameShouldStartWithSWRLBuiltInsPrefixName[21]" classname="org.semanticweb.owlapi.model.SWRLBuiltInsVocabularyTestCase" time="0.001"/>
  <testcase name="getIRIShouldReturnAnIRIThatStartsWithSWRLBuiltInsPrefix[21]" classname="org.semanticweb.owlapi.model.SWRLBuiltInsVocabularyTestCase" time="0.002"/>
  <testcase name="getPrefixedNameShouldStartWithSWRLBuiltInsPrefixName[22]" classname="org.semanticweb.owlapi.model.SWRLBuiltInsVocabularyTestCase" time="0.002"/>
  <testcase name="getIRIShouldReturnAnIRIThatStartsWithSWRLBuiltInsPrefix[22]" classname="org.semanticweb.owlapi.model.SWRLBuiltInsVocabularyTestCase" time="0.001"/>
  <testcase name="getPrefixedNameShouldStartWithSWRLBuiltInsPrefixName[23]" classname="org.semanticweb.owlapi.model.SWRLBuiltInsVocabularyTestCase" time="0.001"/>
  <testcase name="getIRIShouldReturnAnIRIThatStartsWithSWRLBuiltInsPrefix[23]" classname="org.semanticweb.owlapi.model.SWRLBuiltInsVocabularyTestCase" time="0"/>
  <testcase name="getPrefixedNameShouldStartWithSWRLBuiltInsPrefixName[24]" classname="org.semanticweb.owlapi.model.SWRLBuiltInsVocabularyTestCase" time="0"/>
  <testcase name="getIRIShouldReturnAnIRIThatStartsWithSWRLBuiltInsPrefix[24]" classname="org.semanticweb.owlapi.model.SWRLBuiltInsVocabularyTestCase" time="0.001"/>
  <testcase name="getPrefixedNameShouldStartWithSWRLBuiltInsPrefixName[25]" classname="org.semanticweb.owlapi.model.SWRLBuiltInsVocabularyTestCase" time="0"/>
  <testcase name="getIRIShouldReturnAnIRIThatStartsWithSWRLBuiltInsPrefix[25]" classname="org.semanticweb.owlapi.model.SWRLBuiltInsVocabularyTestCase" time="0"/>
  <testcase name="getPrefixedNameShouldStartWithSWRLBuiltInsPrefixName[26]" classname="org.semanticweb.owlapi.model.SWRLBuiltInsVocabularyTestCase" time="0.001"/>
  <testcase name="getIRIShouldReturnAnIRIThatStartsWithSWRLBuiltInsPrefix[26]" classname="org.semanticweb.owlapi.model.SWRLBuiltInsVocabularyTestCase" time="0.001"/>
  <testcase name="getPrefixedNameShouldStartWithSWRLBuiltInsPrefixName[27]" classname="org.semanticweb.owlapi.model.SWRLBuiltInsVocabularyTestCase" time="0.001"/>
  <testcase name="getIRIShouldReturnAnIRIThatStartsWithSWRLBuiltInsPrefix[27]" classname="org.semanticweb.owlapi.model.SWRLBuiltInsVocabularyTestCase" time="0"/>
  <testcase name="getPrefixedNameShouldStartWithSWRLBuiltInsPrefixName[28]" classname="org.semanticweb.owlapi.model.SWRLBuiltInsVocabularyTestCase" time="0.005"/>
  <testcase name="getIRIShouldReturnAnIRIThatStartsWithSWRLBuiltInsPrefix[28]" classname="org.semanticweb.owlapi.model.SWRLBuiltInsVocabularyTestCase" time="0"/>
  <testcase name="getPrefixedNameShouldStartWithSWRLBuiltInsPrefixName[29]" classname="org.semanticweb.owlapi.model.SWRLBuiltInsVocabularyTestCase" time="0.002"/>
  <testcase name="getIRIShouldReturnAnIRIThatStartsWithSWRLBuiltInsPrefix[29]" classname="org.semanticweb.owlapi.model.SWRLBuiltInsVocabularyTestCase" time="0"/>
  <testcase name="getPrefixedNameShouldStartWithSWRLBuiltInsPrefixName[30]" classname="org.semanticweb.owlapi.model.SWRLBuiltInsVocabularyTestCase" time="0"/>
  <testcase name="getIRIShouldReturnAnIRIThatStartsWithSWRLBuiltInsPrefix[30]" classname="org.semanticweb.owlapi.model.SWRLBuiltInsVocabularyTestCase" time="0.001"/>
  <testcase name="getPrefixedNameShouldStartWithSWRLBuiltInsPrefixName[31]" classname="org.semanticweb.owlapi.model.SWRLBuiltInsVocabularyTestCase" time="0"/>
  <testcase name="getIRIShouldReturnAnIRIThatStartsWithSWRLBuiltInsPrefix[31]" classname="org.semanticweb.owlapi.model.SWRLBuiltInsVocabularyTestCase" time="0"/>
  <testcase name="getPrefixedNameShouldStartWithSWRLBuiltInsPrefixName[32]" classname="org.semanticweb.owlapi.model.SWRLBuiltInsVocabularyTestCase" time="0.001"/>
  <testcase name="getIRIShouldReturnAnIRIThatStartsWithSWRLBuiltInsPrefix[32]" classname="org.semanticweb.owlapi.model.SWRLBuiltInsVocabularyTestCase" time="0"/>
  <testcase name="getPrefixedNameShouldStartWithSWRLBuiltInsPrefixName[33]" classname="org.semanticweb.owlapi.model.SWRLBuiltInsVocabularyTestCase" time="0"/>
  <testcase name="getIRIShouldReturnAnIRIThatStartsWithSWRLBuiltInsPrefix[33]" classname="org.semanticweb.owlapi.model.SWRLBuiltInsVocabularyTestCase" time="0.001"/>
  <testcase name="getPrefixedNameShouldStartWithSWRLBuiltInsPrefixName[34]" classname="org.semanticweb.owlapi.model.SWRLBuiltInsVocabularyTestCase" time="0"/>
  <testcase name="getIRIShouldReturnAnIRIThatStartsWithSWRLBuiltInsPrefix[34]" classname="org.semanticweb.owlapi.model.SWRLBuiltInsVocabularyTestCase" time="0"/>
  <testcase name="getPrefixedNameShouldStartWithSWRLBuiltInsPrefixName[35]" classname="org.semanticweb.owlapi.model.SWRLBuiltInsVocabularyTestCase" time="0.001"/>
  <testcase name="getIRIShouldReturnAnIRIThatStartsWithSWRLBuiltInsPrefix[35]" classname="org.semanticweb.owlapi.model.SWRLBuiltInsVocabularyTestCase" time="0"/>
  <testcase name="getPrefixedNameShouldStartWithSWRLBuiltInsPrefixName[36]" classname="org.semanticweb.owlapi.model.SWRLBuiltInsVocabularyTestCase" time="0.002"/>
  <testcase name="getIRIShouldReturnAnIRIThatStartsWithSWRLBuiltInsPrefix[36]" classname="org.semanticweb.owlapi.model.SWRLBuiltInsVocabularyTestCase" time="0"/>
  <testcase name="getPrefixedNameShouldStartWithSWRLBuiltInsPrefixName[37]" classname="org.semanticweb.owlapi.model.SWRLBuiltInsVocabularyTestCase" time="0"/>
  <testcase name="getIRIShouldReturnAnIRIThatStartsWithSWRLBuiltInsPrefix[37]" classname="org.semanticweb.owlapi.model.SWRLBuiltInsVocabularyTestCase" time="0"/>
  <testcase name="getPrefixedNameShouldStartWithSWRLBuiltInsPrefixName[38]" classname="org.semanticweb.owlapi.model.SWRLBuiltInsVocabularyTestCase" time="0"/>
  <testcase name="getIRIShouldReturnAnIRIThatStartsWithSWRLBuiltInsPrefix[38]" classname="org.semanticweb.owlapi.model.SWRLBuiltInsVocabularyTestCase" time="0.001"/>
  <testcase name="getPrefixedNameShouldStartWithSWRLBuiltInsPrefixName[39]" classname="org.semanticweb.owlapi.model.SWRLBuiltInsVocabularyTestCase" time="0"/>
  <testcase name="getIRIShouldReturnAnIRIThatStartsWithSWRLBuiltInsPrefix[39]" classname="org.semanticweb.owlapi.model.SWRLBuiltInsVocabularyTestCase" time="0.001"/>
  <testcase name="getPrefixedNameShouldStartWithSWRLBuiltInsPrefixName[40]" classname="org.semanticweb.owlapi.model.SWRLBuiltInsVocabularyTestCase" time="0.001"/>
  <testcase name="getIRIShouldReturnAnIRIThatStartsWithSWRLBuiltInsPrefix[40]" classname="org.semanticweb.owlapi.model.SWRLBuiltInsVocabularyTestCase" time="0"/>
  <testcase name="getPrefixedNameShouldStartWithSWRLBuiltInsPrefixName[41]" classname="org.semanticweb.owlapi.model.SWRLBuiltInsVocabularyTestCase" time="0.001"/>
  <testcase name="getIRIShouldReturnAnIRIThatStartsWithSWRLBuiltInsPrefix[41]" classname="org.semanticweb.owlapi.model.SWRLBuiltInsVocabularyTestCase" time="0"/>
  <testcase name="getPrefixedNameShouldStartWithSWRLBuiltInsPrefixName[42]" classname="org.semanticweb.owlapi.model.SWRLBuiltInsVocabularyTestCase" time="0"/>
  <testcase name="getIRIShouldReturnAnIRIThatStartsWithSWRLBuiltInsPrefix[42]" classname="org.semanticweb.owlapi.model.SWRLBuiltInsVocabularyTestCase" time="0.001"/>
  <testcase name="getPrefixedNameShouldStartWithSWRLBuiltInsPrefixName[43]" classname="org.semanticweb.owlapi.model.SWRLBuiltInsVocabularyTestCase" time="0"/>
  <testcase name="getIRIShouldReturnAnIRIThatStartsWithSWRLBuiltInsPrefix[43]" classname="org.semanticweb.owlapi.model.SWRLBuiltInsVocabularyTestCase" time="0.001"/>
  <testcase name="getPrefixedNameShouldStartWithSWRLBuiltInsPrefixName[44]" classname="org.semanticweb.owlapi.model.SWRLBuiltInsVocabularyTestCase" time="0.001"/>
  <testcase name="getIRIShouldReturnAnIRIThatStartsWithSWRLBuiltInsPrefix[44]" classname="org.semanticweb.owlapi.model.SWRLBuiltInsVocabularyTestCase" time="0"/>
  <testcase name="getPrefixedNameShouldStartWithSWRLBuiltInsPrefixName[45]" classname="org.semanticweb.owlapi.model.SWRLBuiltInsVocabularyTestCase" time="0"/>
  <testcase name="getIRIShouldReturnAnIRIThatStartsWithSWRLBuiltInsPrefix[45]" classname="org.semanticweb.owlapi.model.SWRLBuiltInsVocabularyTestCase" time="0.001"/>
  <testcase name="getPrefixedNameShouldStartWithSWRLBuiltInsPrefixName[46]" classname="org.semanticweb.owlapi.model.SWRLBuiltInsVocabularyTestCase" time="0"/>
  <testcase name="getIRIShouldReturnAnIRIThatStartsWithSWRLBuiltInsPrefix[46]" classname="org.semanticweb.owlapi.model.SWRLBuiltInsVocabularyTestCase" time="0.001"/>
  <testcase name="getPrefixedNameShouldStartWithSWRLBuiltInsPrefixName[47]" classname="org.semanticweb.owlapi.model.SWRLBuiltInsVocabularyTestCase" time="0"/>
  <testcase name="getIRIShouldReturnAnIRIThatStartsWithSWRLBuiltInsPrefix[47]" classname="org.semanticweb.owlapi.model.SWRLBuiltInsVocabularyTestCase" time="0.001"/>
  <testcase name="getPrefixedNameShouldStartWithSWRLBuiltInsPrefixName[48]" classname="org.semanticweb.owlapi.model.SWRLBuiltInsVocabularyTestCase" time="0"/>
  <testcase name="getIRIShouldReturnAnIRIThatStartsWithSWRLBuiltInsPrefix[48]" classname="org.semanticweb.owlapi.model.SWRLBuiltInsVocabularyTestCase" time="0"/>
  <testcase name="getPrefixedNameShouldStartWithSWRLBuiltInsPrefixName[49]" classname="org.semanticweb.owlapi.model.SWRLBuiltInsVocabularyTestCase" time="0"/>
  <testcase name="getIRIShouldReturnAnIRIThatStartsWithSWRLBuiltInsPrefix[49]" classname="org.semanticweb.owlapi.model.SWRLBuiltInsVocabularyTestCase" time="0.003"/>
  <testcase name="getPrefixedNameShouldStartWithSWRLBuiltInsPrefixName[50]" classname="org.semanticweb.owlapi.model.SWRLBuiltInsVocabularyTestCase" time="0"/>
  <testcase name="getIRIShouldReturnAnIRIThatStartsWithSWRLBuiltInsPrefix[50]" classname="org.semanticweb.owlapi.model.SWRLBuiltInsVocabularyTestCase" time="0"/>
  <testcase name="getPrefixedNameShouldStartWithSWRLBuiltInsPrefixName[51]" classname="org.semanticweb.owlapi.model.SWRLBuiltInsVocabularyTestCase" time="0"/>
  <testcase name="getIRIShouldReturnAnIRIThatStartsWithSWRLBuiltInsPrefix[51]" classname="org.semanticweb.owlapi.model.SWRLBuiltInsVocabularyTestCase" time="0"/>
  <testcase name="getPrefixedNameShouldStartWithSWRLBuiltInsPrefixName[52]" classname="org.semanticweb.owlapi.model.SWRLBuiltInsVocabularyTestCase" time="0.004"/>
  <testcase name="getIRIShouldReturnAnIRIThatStartsWithSWRLBuiltInsPrefix[52]" classname="org.semanticweb.owlapi.model.SWRLBuiltInsVocabularyTestCase" time="0.002"/>
  <testcase name="getPrefixedNameShouldStartWithSWRLBuiltInsPrefixName[53]" classname="org.semanticweb.owlapi.model.SWRLBuiltInsVocabularyTestCase" time="0"/>
  <testcase name="getIRIShouldReturnAnIRIThatStartsWithSWRLBuiltInsPrefix[53]" classname="org.semanticweb.owlapi.model.SWRLBuiltInsVocabularyTestCase" time="0"/>
  <testcase name="getPrefixedNameShouldStartWithSWRLBuiltInsPrefixName[54]" classname="org.semanticweb.owlapi.model.SWRLBuiltInsVocabularyTestCase" time="0.001"/>
  <testcase name="getIRIShouldReturnAnIRIThatStartsWithSWRLBuiltInsPrefix[54]" classname="org.semanticweb.owlapi.model.SWRLBuiltInsVocabularyTestCase" time="0.003"/>
  <testcase name="getPrefixedNameShouldStartWithSWRLBuiltInsPrefixName[55]" classname="org.semanticweb.owlapi.model.SWRLBuiltInsVocabularyTestCase" time="0.001"/>
  <testcase name="getIRIShouldReturnAnIRIThatStartsWithSWRLBuiltInsPrefix[55]" classname="org.semanticweb.owlapi.model.SWRLBuiltInsVocabularyTestCase" time="0"/>
  <testcase name="getPrefixedNameShouldStartWithSWRLBuiltInsPrefixName[56]" classname="org.semanticweb.owlapi.model.SWRLBuiltInsVocabularyTestCase" time="0.001"/>
  <testcase name="getIRIShouldReturnAnIRIThatStartsWithSWRLBuiltInsPrefix[56]" classname="org.semanticweb.owlapi.model.SWRLBuiltInsVocabularyTestCase" time="0"/>
  <testcase name="getPrefixedNameShouldStartWithSWRLBuiltInsPrefixName[57]" classname="org.semanticweb.owlapi.model.SWRLBuiltInsVocabularyTestCase" time="0"/>
  <testcase name="getIRIShouldReturnAnIRIThatStartsWithSWRLBuiltInsPrefix[57]" classname="org.semanticweb.owlapi.model.SWRLBuiltInsVocabularyTestCase" time="0.001"/>
  <testcase name="getPrefixedNameShouldStartWithSWRLBuiltInsPrefixName[58]" classname="org.semanticweb.owlapi.model.SWRLBuiltInsVocabularyTestCase" time="0"/>
  <testcase name="getIRIShouldReturnAnIRIThatStartsWithSWRLBuiltInsPrefix[58]" classname="org.semanticweb.owlapi.model.SWRLBuiltInsVocabularyTestCase" time="0.001"/>
  <testcase name="getPrefixedNameShouldStartWithSWRLBuiltInsPrefixName[59]" classname="org.semanticweb.owlapi.model.SWRLBuiltInsVocabularyTestCase" time="0"/>
  <testcase name="getIRIShouldReturnAnIRIThatStartsWithSWRLBuiltInsPrefix[59]" classname="org.semanticweb.owlapi.model.SWRLBuiltInsVocabularyTestCase" time="0.001"/>
  <testcase name="getPrefixedNameShouldStartWithSWRLBuiltInsPrefixName[60]" classname="org.semanticweb.owlapi.model.SWRLBuiltInsVocabularyTestCase" time="0"/>
  <testcase name="getIRIShouldReturnAnIRIThatStartsWithSWRLBuiltInsPrefix[60]" classname="org.semanticweb.owlapi.model.SWRLBuiltInsVocabularyTestCase" time="0"/>
  <testcase name="getPrefixedNameShouldStartWithSWRLBuiltInsPrefixName[61]" classname="org.semanticweb.owlapi.model.SWRLBuiltInsVocabularyTestCase" time="0.001"/>
  <testcase name="getIRIShouldReturnAnIRIThatStartsWithSWRLBuiltInsPrefix[61]" classname="org.semanticweb.owlapi.model.SWRLBuiltInsVocabularyTestCase" time="0"/>
  <testcase name="getPrefixedNameShouldStartWithSWRLBuiltInsPrefixName[62]" classname="org.semanticweb.owlapi.model.SWRLBuiltInsVocabularyTestCase" time="0"/>
  <testcase name="getIRIShouldReturnAnIRIThatStartsWithSWRLBuiltInsPrefix[62]" classname="org.semanticweb.owlapi.model.SWRLBuiltInsVocabularyTestCase" time="0"/>
  <testcase name="getPrefixedNameShouldStartWithSWRLBuiltInsPrefixName[63]" classname="org.semanticweb.owlapi.model.SWRLBuiltInsVocabularyTestCase" time="0"/>
  <testcase name="getIRIShouldReturnAnIRIThatStartsWithSWRLBuiltInsPrefix[63]" classname="org.semanticweb.owlapi.model.SWRLBuiltInsVocabularyTestCase" time="0"/>
  <testcase name="getPrefixedNameShouldStartWithSWRLBuiltInsPrefixName[64]" classname="org.semanticweb.owlapi.model.SWRLBuiltInsVocabularyTestCase" time="0.001"/>
  <testcase name="getIRIShouldReturnAnIRIThatStartsWithSWRLBuiltInsPrefix[64]" classname="org.semanticweb.owlapi.model.SWRLBuiltInsVocabularyTestCase" time="0"/>
  <testcase name="getPrefixedNameShouldStartWithSWRLBuiltInsPrefixName[65]" classname="org.semanticweb.owlapi.model.SWRLBuiltInsVocabularyTestCase" time="0"/>
  <testcase name="getIRIShouldReturnAnIRIThatStartsWithSWRLBuiltInsPrefix[65]" classname="org.semanticweb.owlapi.model.SWRLBuiltInsVocabularyTestCase" time="0"/>
  <testcase name="getPrefixedNameShouldStartWithSWRLBuiltInsPrefixName[66]" classname="org.semanticweb.owlapi.model.SWRLBuiltInsVocabularyTestCase" time="0.001"/>
  <testcase name="getIRIShouldReturnAnIRIThatStartsWithSWRLBuiltInsPrefix[66]" classname="org.semanticweb.owlapi.model.SWRLBuiltInsVocabularyTestCase" time="0"/>
  <testcase name="getPrefixedNameShouldStartWithSWRLBuiltInsPrefixName[67]" classname="org.semanticweb.owlapi.model.SWRLBuiltInsVocabularyTestCase" time="0"/>
  <testcase name="getIRIShouldReturnAnIRIThatStartsWithSWRLBuiltInsPrefix[67]" classname="org.semanticweb.owlapi.model.SWRLBuiltInsVocabularyTestCase" time="0"/>
  <testcase name="getPrefixedNameShouldStartWithSWRLBuiltInsPrefixName[68]" classname="org.semanticweb.owlapi.model.SWRLBuiltInsVocabularyTestCase" time="0.001"/>
  <testcase name="getIRIShouldReturnAnIRIThatStartsWithSWRLBuiltInsPrefix[68]" classname="org.semanticweb.owlapi.model.SWRLBuiltInsVocabularyTestCase" time="0"/>
</testsuite>