<?xml version="1.0" encoding="UTF-8"?>
<testsuite name="org.mockito.release.comparison.ZipCompareTest" tests="2" skipped="0" failures="0" errors="0" timestamp="2024-03-30T06:55:49" hostname="Shrushtis-MacBook-Air.local" time="0.059">
  <properties/>
  <testcase name="compares zips" classname="org.mockito.release.comparison.ZipCompareTest" time="0.053"/>
  <testcase name="fails early when any of the zips cannot be opened" classname="org.mockito.release.comparison.ZipCompareTest" time="0.004"/>
  <system-out><![CDATA[23:55:49.117 [Test worker] INFO  o.m.release.comparison.ZipCompare - Comparing /var/folders/fp/r3q888xd0pq7wl45t_l61g100000gn/T/junit5539893566201638940/junit5537075757288753650/zip-1.zip with /var/folders/fp/r3q888xd0pq7wl45t_l61g100000gn/T/junit5539893566201638940/junit5537075757288753650/zip-2.zip
23:55:49.118 [Test worker] INFO  o.m.release.comparison.ZipCompare - 4 entries matched
23:55:49.119 [Test worker] INFO  o.m.release.comparison.ZipCompare - Comparing /var/folders/fp/r3q888xd0pq7wl45t_l61g100000gn/T/junit5539893566201638940/junit5537075757288753650/zip-2.zip with /var/folders/fp/r3q888xd0pq7wl45t_l61g100000gn/T/junit5539893566201638940/junit5537075757288753650/zip-1.zip
23:55:49.119 [Test worker] INFO  o.m.release.comparison.ZipCompare - 4 entries matched
23:55:49.119 [Test worker] INFO  o.m.release.comparison.ZipCompare - Comparing /var/folders/fp/r3q888xd0pq7wl45t_l61g100000gn/T/junit5539893566201638940/junit5537075757288753650/zip-1.zip with /var/folders/fp/r3q888xd0pq7wl45t_l61g100000gn/T/junit5539893566201638940/junit5537075757288753650/zip-3.zip
23:55:49.119 [Test worker] INFO  o.m.release.comparison.ZipCompare - x/y/4.txt does not match
23:55:49.119 [Test worker] INFO  o.m.release.comparison.ZipCompare - 3 entries matched
23:55:49.119 [Test worker] INFO  o.m.release.comparison.ZipCompare - 1 entries did not match
23:55:49.119 [Test worker] INFO  o.m.release.comparison.ZipCompare - Comparing /var/folders/fp/r3q888xd0pq7wl45t_l61g100000gn/T/junit5539893566201638940/junit5537075757288753650/zip-1.zip with /var/folders/fp/r3q888xd0pq7wl45t_l61g100000gn/T/junit5539893566201638940/junit5537075757288753650/zip-4.zip
23:55:49.119 [Test worker] INFO  o.m.release.comparison.ZipCompare - x/y/4.txt not found in /var/folders/fp/r3q888xd0pq7wl45t_l61g100000gn/T/junit5539893566201638940/junit5537075757288753650/zip-4.zip
23:55:49.119 [Test worker] INFO  o.m.release.comparison.ZipCompare - 3 entries matched
23:55:49.119 [Test worker] INFO  o.m.release.comparison.ZipCompare - 1 entries did not match
23:55:49.119 [Test worker] INFO  o.m.release.comparison.ZipCompare - Comparing /var/folders/fp/r3q888xd0pq7wl45t_l61g100000gn/T/junit5539893566201638940/junit5537075757288753650/zip-1.zip with /var/folders/fp/r3q888xd0pq7wl45t_l61g100000gn/T/junit5539893566201638940/junit5537075757288753650/zip-5.zip
23:55:49.119 [Test worker] INFO  o.m.release.comparison.ZipCompare - x.txt not found in /var/folders/fp/r3q888xd0pq7wl45t_l61g100000gn/T/junit5539893566201638940/junit5537075757288753650/zip-1.zip
23:55:49.119 [Test worker] INFO  o.m.release.comparison.ZipCompare - 4 entries matched
23:55:49.119 [Test worker] INFO  o.m.release.comparison.ZipCompare - 1 entries did not match
]]></system-out>
  <system-err><![CDATA[]]></system-err>
</testsuite>
