<?xml version="1.0" encoding="UTF-8"?>
<testsuite xmlns:xsi="http://www.w3.org/2001/XMLSchema-instance" xsi:noNamespaceSchemaLocation="https://maven.apache.org/surefire/maven-surefire-plugin/xsd/surefire-test-report-3.0.xsd" version="3.0" name="com.alibaba.fastjson2.spring.FastjsonSockJsMessageCodecTest" time="0.003" tests="1" errors="0" skipped="0" failures="0">
  <properties>
    <property name="gopherProxySet" value="false"/>
    <property name="awt.toolkit" value="sun.lwawt.macosx.LWCToolkit"/>
    <property name="file.encoding.pkg" value="sun.io"/>
    <property name="java.specification.version" value="1.8"/>
    <property name="sun.cpu.isalist" value=""/>
    <property name="sun.jnu.encoding" value="UTF-8"/>
    <property name="java.class.path" value="/Users/shreyachaudhary/Desktop/cs527/CS527-Project/BugSwarm/fastjson2-13792916908/Buggy-version/extension-spring5/target/test-classes:/Users/shreyachaudhary/Desktop/cs527/CS527-Project/BugSwarm/fastjson2-13792916908/Buggy-version/extension-spring5/target/classes:/Users/shreyachaudhary/Desktop/cs527/CS527-Project/BugSwarm/fastjson2-13792916908/Buggy-version/extension/target/classes:/Users/shreyachaudhary/Desktop/cs527/CS527-Project/BugSwarm/fastjson2-13792916908/Buggy-version/core/target/classes:/Users/shreyachaudhary/.m2/repository/com/aliyun/odps/odps-sdk-udf/0.43.4-public/odps-sdk-udf-0.43.4-public.jar:/Users/shreyachaudhary/.m2/repository/com/aliyun/odps/odps-sdk-commons/0.43.4-public/odps-sdk-commons-0.43.4-public.jar:/Users/shreyachaudhary/.m2/repository/commons-logging/commons-logging/1.2/commons-logging-1.2.jar:/Users/shreyachaudhary/.m2/repository/org/aspectj/aspectjrt/1.8.9/aspectjrt-1.8.9.jar:/Users/shreyachaudhary/.m2/repository/com/squareup/retrofit2/retrofit/2.9.0/retrofit-2.9.0.jar:/Users/shreyachaudhary/.m2/repository/com/squareup/okhttp3/okhttp/3.14.9/okhttp-3.14.9.jar:/Users/shreyachaudhary/.m2/repository/com/squareup/okio/okio/1.17.2/okio-1.17.2.jar:/Users/shreyachaudhary/.m2/repository/io/airlift/slice/0.41/slice-0.41.jar:/Users/shreyachaudhary/.m2/repository/org/openjdk/jol/jol-core/0.2/jol-core-0.2.jar:/Users/shreyachaudhary/.m2/repository/io/springfox/springfox-spring-web/3.0.0/springfox-spring-web-3.0.0.jar:/Users/shreyachaudhary/.m2/repository/io/springfox/springfox-spi/3.0.0/springfox-spi-3.0.0.jar:/Users/shreyachaudhary/.m2/repository/io/springfox/springfox-schema/3.0.0/springfox-schema-3.0.0.jar:/Users/shreyachaudhary/.m2/repository/io/springfox/springfox-core/3.0.0/springfox-core-3.0.0.jar:/Users/shreyachaudhary/.m2/repository/net/bytebuddy/byte-buddy/1.10.11/byte-buddy-1.10.11.jar:/Users/shreyachaudhary/.m2/repository/io/github/classgraph/classgraph/4.8.83/classgraph-4.8.83.jar:/Users/shreyachaudhary/.m2/repository/com/fasterxml/classmate/1.5.1/classmate-1.5.1.jar:/Users/shreyachaudhary/.m2/repository/org/slf4j/slf4j-api/1.7.25/slf4j-api-1.7.25.jar:/Users/shreyachaudhary/.m2/repository/org/springframework/plugin/spring-plugin-core/2.0.0.RELEASE/spring-plugin-core-2.0.0.RELEASE.jar:/Users/shreyachaudhary/.m2/repository/org/springframework/plugin/spring-plugin-metadata/2.0.0.RELEASE/spring-plugin-metadata-2.0.0.RELEASE.jar:/Users/shreyachaudhary/.m2/repository/javax/servlet/javax.servlet-api/4.0.1/javax.servlet-api-4.0.1.jar:/Users/shreyachaudhary/.m2/repository/org/springframework/spring-messaging/5.3.27/spring-messaging-5.3.27.jar:/Users/shreyachaudhary/.m2/repository/org/springframework/spring-beans/5.3.27/spring-beans-5.3.27.jar:/Users/shreyachaudhary/.m2/repository/org/springframework/spring-core/5.3.27/spring-core-5.3.27.jar:/Users/shreyachaudhary/.m2/repository/org/springframework/spring-jcl/5.3.27/spring-jcl-5.3.27.jar:/Users/shreyachaudhary/.m2/repository/org/springframework/spring-webflux/5.3.27/spring-webflux-5.3.27.jar:/Users/shreyachaudhary/.m2/repository/org/springframework/spring-web/5.3.27/spring-web-5.3.27.jar:/Users/shreyachaudhary/.m2/repository/io/projectreactor/reactor-core/3.5.6/reactor-core-3.5.6.jar:/Users/shreyachaudhary/.m2/repository/org/reactivestreams/reactive-streams/1.0.4/reactive-streams-1.0.4.jar:/Users/shreyachaudhary/.m2/repository/org/springframework/spring-webmvc/5.3.27/spring-webmvc-5.3.27.jar:/Users/shreyachaudhary/.m2/repository/org/springframework/spring-aop/5.3.27/spring-aop-5.3.27.jar:/Users/shreyachaudhary/.m2/repository/org/springframework/spring-context/5.3.27/spring-context-5.3.27.jar:/Users/shreyachaudhary/.m2/repository/org/springframework/spring-expression/5.3.27/spring-expression-5.3.27.jar:/Users/shreyachaudhary/.m2/repository/org/springframework/spring-websocket/5.3.27/spring-websocket-5.3.27.jar:/Users/shreyachaudhary/.m2/repository/org/springframework/data/spring-data-elasticsearch/4.4.11/spring-data-elasticsearch-4.4.11.jar:/Users/shreyachaudhary/.m2/repository/org/springframework/spring-tx/5.3.27/spring-tx-5.3.27.jar:/Users/shreyachaudhary/.m2/repository/org/springframework/data/spring-data-commons/2.7.11/spring-data-commons-2.7.11.jar:/Users/shreyachaudhary/.m2/repository/org/elasticsearch/client/elasticsearch-rest-high-level-client/7.17.9/elasticsearch-rest-high-level-client-7.17.9.jar:/Users/shreyachaudhary/.m2/repository/org/elasticsearch/elasticsearch/7.17.9/elasticsearch-7.17.9.jar:/Users/shreyachaudhary/.m2/repository/org/elasticsearch/elasticsearch-core/7.17.9/elasticsearch-core-7.17.9.jar:/Users/shreyachaudhary/.m2/repository/org/elasticsearch/elasticsearch-secure-sm/7.17.9/elasticsearch-secure-sm-7.17.9.jar:/Users/shreyachaudhary/.m2/repository/org/elasticsearch/elasticsearch-x-content/7.17.9/elasticsearch-x-content-7.17.9.jar:/Users/shreyachaudhary/.m2/repository/com/fasterxml/jackson/dataformat/jackson-dataformat-smile/2.15.0/jackson-dataformat-smile-2.15.0.jar:/Users/shreyachaudhary/.m2/repository/com/fasterxml/jackson/dataformat/jackson-dataformat-yaml/2.15.0/jackson-dataformat-yaml-2.15.0.jar:/Users/shreyachaudhary/.m2/repository/com/fasterxml/jackson/dataformat/jackson-dataformat-cbor/2.15.0/jackson-dataformat-cbor-2.15.0.jar:/Users/shreyachaudhary/.m2/repository/org/elasticsearch/elasticsearch-geo/7.17.9/elasticsearch-geo-7.17.9.jar:/Users/shreyachaudhary/.m2/repository/org/elasticsearch/elasticsearch-lz4/7.17.9/elasticsearch-lz4-7.17.9.jar:/Users/shreyachaudhary/.m2/repository/org/lz4/lz4-java/1.8.0/lz4-java-1.8.0.jar:/Users/shreyachaudhary/.m2/repository/org/apache/lucene/lucene-core/8.11.1/lucene-core-8.11.1.jar:/Users/shreyachaudhary/.m2/repository/org/apache/lucene/lucene-analyzers-common/8.11.1/lucene-analyzers-common-8.11.1.jar:/Users/shreyachaudhary/.m2/repository/org/apache/lucene/lucene-backward-codecs/8.11.1/lucene-backward-codecs-8.11.1.jar:/Users/shreyachaudhary/.m2/repository/org/apache/lucene/lucene-grouping/8.11.1/lucene-grouping-8.11.1.jar:/Users/shreyachaudhary/.m2/repository/org/apache/lucene/lucene-highlighter/8.11.1/lucene-highlighter-8.11.1.jar:/Users/shreyachaudhary/.m2/repository/org/apache/lucene/lucene-join/8.11.1/lucene-join-8.11.1.jar:/Users/shreyachaudhary/.m2/repository/org/apache/lucene/lucene-memory/8.11.1/lucene-memory-8.11.1.jar:/Users/shreyachaudhary/.m2/repository/org/apache/lucene/lucene-misc/8.11.1/lucene-misc-8.11.1.jar:/Users/shreyachaudhary/.m2/repository/org/apache/lucene/lucene-queries/8.11.1/lucene-queries-8.11.1.jar:/Users/shreyachaudhary/.m2/repository/org/apache/lucene/lucene-queryparser/8.11.1/lucene-queryparser-8.11.1.jar:/Users/shreyachaudhary/.m2/repository/org/apache/lucene/lucene-sandbox/8.11.1/lucene-sandbox-8.11.1.jar:/Users/shreyachaudhary/.m2/repository/org/apache/lucene/lucene-spatial3d/8.11.1/lucene-spatial3d-8.11.1.jar:/Users/shreyachaudhary/.m2/repository/org/apache/lucene/lucene-suggest/8.11.1/lucene-suggest-8.11.1.jar:/Users/shreyachaudhary/.m2/repository/org/elasticsearch/elasticsearch-cli/7.17.9/elasticsearch-cli-7.17.9.jar:/Users/shreyachaudhary/.m2/repository/net/sf/jopt-simple/jopt-simple/5.0.2/jopt-simple-5.0.2.jar:/Users/shreyachaudhary/.m2/repository/com/carrotsearch/hppc/0.9.1/hppc-0.9.1.jar:/Users/shreyachaudhary/.m2/repository/joda-time/joda-time/2.12.5/joda-time-2.12.5.jar:/Users/shreyachaudhary/.m2/repository/com/tdunning/t-digest/3.2/t-digest-3.2.jar:/Users/shreyachaudhary/.m2/repository/org/hdrhistogram/HdrHistogram/2.1.9/HdrHistogram-2.1.9.jar:/Users/shreyachaudhary/.m2/repository/org/apache/logging/log4j/log4j-api/2.17.1/log4j-api-2.17.1.jar:/Users/shreyachaudhary/.m2/repository/net/java/dev/jna/jna/5.10.0/jna-5.10.0.jar:/Users/shreyachaudhary/.m2/repository/org/elasticsearch/elasticsearch-plugin-classloader/7.17.9/elasticsearch-plugin-classloader-7.17.9.jar:/Users/shreyachaudhary/.m2/repository/org/elasticsearch/plugin/mapper-extras-client/7.17.9/mapper-extras-client-7.17.9.jar:/Users/shreyachaudhary/.m2/repository/org/elasticsearch/plugin/parent-join-client/7.17.9/parent-join-client-7.17.9.jar:/Users/shreyachaudhary/.m2/repository/org/elasticsearch/plugin/aggs-matrix-stats-client/7.17.9/aggs-matrix-stats-client-7.17.9.jar:/Users/shreyachaudhary/.m2/repository/org/elasticsearch/plugin/rank-eval-client/7.17.9/rank-eval-client-7.17.9.jar:/Users/shreyachaudhary/.m2/repository/org/elasticsearch/plugin/lang-mustache-client/7.17.9/lang-mustache-client-7.17.9.jar:/Users/shreyachaudhary/.m2/repository/com/github/spullara/mustache/java/compiler/0.9.6/compiler-0.9.6.jar:/Users/shreyachaudhary/.m2/repository/co/elastic/clients/elasticsearch-java/7.17.9/elasticsearch-java-7.17.9.jar:/Users/shreyachaudhary/.m2/repository/com/google/code/findbugs/jsr305/3.0.2/jsr305-3.0.2.jar:/Users/shreyachaudhary/.m2/repository/jakarta/json/jakarta.json-api/2.0.1/jakarta.json-api-2.0.1.jar:/Users/shreyachaudhary/.m2/repository/org/eclipse/parsson/parsson/1.0.0/parsson-1.0.0.jar:/Users/shreyachaudhary/.m2/repository/org/elasticsearch/client/elasticsearch-rest-client/7.17.9/elasticsearch-rest-client-7.17.9.jar:/Users/shreyachaudhary/.m2/repository/org/apache/httpcomponents/httpclient/4.5.10/httpclient-4.5.10.jar:/Users/shreyachaudhary/.m2/repository/org/apache/httpcomponents/httpcore/4.4.12/httpcore-4.4.12.jar:/Users/shreyachaudhary/.m2/repository/org/apache/httpcomponents/httpasyncclient/4.1.4/httpasyncclient-4.1.4.jar:/Users/shreyachaudhary/.m2/repository/org/apache/httpcomponents/httpcore-nio/4.4.12/httpcore-nio-4.4.12.jar:/Users/shreyachaudhary/.m2/repository/commons-codec/commons-codec/1.11/commons-codec-1.11.jar:/Users/shreyachaudhary/.m2/repository/com/fasterxml/jackson/core/jackson-core/2.15.0/jackson-core-2.15.0.jar:/Users/shreyachaudhary/.m2/repository/com/fasterxml/jackson/core/jackson-databind/2.15.0/jackson-databind-2.15.0.jar:/Users/shreyachaudhary/.m2/repository/org/springframework/data/spring-data-mongodb/3.4.11/spring-data-mongodb-3.4.11.jar:/Users/shreyachaudhary/.m2/repository/org/mongodb/mongodb-driver-core/4.6.1/mongodb-driver-core-4.6.1.jar:/Users/shreyachaudhary/.m2/repository/org/mongodb/bson/4.6.1/bson-4.6.1.jar:/Users/shreyachaudhary/.m2/repository/org/mongodb/bson-record-codec/4.6.1/bson-record-codec-4.6.1.jar:/Users/shreyachaudhary/.m2/repository/org/springframework/data/spring-data-redis/2.7.11/spring-data-redis-2.7.11.jar:/Users/shreyachaudhary/.m2/repository/org/springframework/data/spring-data-keyvalue/2.7.11/spring-data-keyvalue-2.7.11.jar:/Users/shreyachaudhary/.m2/repository/org/springframework/spring-oxm/5.3.27/spring-oxm-5.3.27.jar:/Users/shreyachaudhary/.m2/repository/org/springframework/spring-context-support/5.3.27/spring-context-support-5.3.27.jar:/Users/shreyachaudhary/.m2/repository/com/alibaba/fastjson/1.2.83/fastjson-1.2.83.jar:/Users/shreyachaudhary/.m2/repository/com/fasterxml/jackson/datatype/jackson-datatype-jsr310/2.15.0/jackson-datatype-jsr310-2.15.0.jar:/Users/shreyachaudhary/.m2/repository/com/fasterxml/jackson/core/jackson-annotations/2.15.0/jackson-annotations-2.15.0.jar:/Users/shreyachaudhary/.m2/repository/com/opencsv/opencsv/5.7.1/opencsv-5.7.1.jar:/Users/shreyachaudhary/.m2/repository/org/apache/commons/commons-lang3/3.12.0/commons-lang3-3.12.0.jar:/Users/shreyachaudhary/.m2/repository/org/apache/commons/commons-text/1.10.0/commons-text-1.10.0.jar:/Users/shreyachaudhary/.m2/repository/commons-beanutils/commons-beanutils/1.9.4/commons-beanutils-1.9.4.jar:/Users/shreyachaudhary/.m2/repository/commons-collections/commons-collections/3.2.2/commons-collections-3.2.2.jar:/Users/shreyachaudhary/.m2/repository/org/apache/commons/commons-collections4/4.4/commons-collections4-4.4.jar:/Users/shreyachaudhary/.m2/repository/commons-io/commons-io/2.11.0/commons-io-2.11.0.jar:/Users/shreyachaudhary/.m2/repository/org/springframework/spring-test/5.3.27/spring-test-5.3.27.jar:/Users/shreyachaudhary/.m2/repository/org/springframework/boot/spring-boot/2.7.11/spring-boot-2.7.11.jar:/Users/shreyachaudhary/.m2/repository/org/springframework/boot/spring-boot-starter-web/2.7.11/spring-boot-starter-web-2.7.11.jar:/Users/shreyachaudhary/.m2/repository/org/springframework/boot/spring-boot-starter/2.7.11/spring-boot-starter-2.7.11.jar:/Users/shreyachaudhary/.m2/repository/org/springframework/boot/spring-boot-autoconfigure/2.7.11/spring-boot-autoconfigure-2.7.11.jar:/Users/shreyachaudhary/.m2/repository/org/springframework/boot/spring-boot-starter-logging/2.7.11/spring-boot-starter-logging-2.7.11.jar:/Users/shreyachaudhary/.m2/repository/ch/qos/logback/logback-classic/1.2.12/logback-classic-1.2.12.jar:/Users/shreyachaudhary/.m2/repository/ch/qos/logback/logback-core/1.2.12/logback-core-1.2.12.jar:/Users/shreyachaudhary/.m2/repository/org/apache/logging/log4j/log4j-to-slf4j/2.17.2/log4j-to-slf4j-2.17.2.jar:/Users/shreyachaudhary/.m2/repository/org/slf4j/jul-to-slf4j/1.7.36/jul-to-slf4j-1.7.36.jar:/Users/shreyachaudhary/.m2/repository/jakarta/annotation/jakarta.annotation-api/1.3.5/jakarta.annotation-api-1.3.5.jar:/Users/shreyachaudhary/.m2/repository/org/yaml/snakeyaml/1.30/snakeyaml-1.30.jar:/Users/shreyachaudhary/.m2/repository/org/springframework/boot/spring-boot-starter-json/2.7.11/spring-boot-starter-json-2.7.11.jar:/Users/shreyachaudhary/.m2/repository/com/fasterxml/jackson/datatype/jackson-datatype-jdk8/2.15.0/jackson-datatype-jdk8-2.15.0.jar:/Users/shreyachaudhary/.m2/repository/com/fasterxml/jackson/module/jackson-module-parameter-names/2.15.0/jackson-module-parameter-names-2.15.0.jar:/Users/shreyachaudhary/.m2/repository/org/springframework/boot/spring-boot-starter-tomcat/2.7.11/spring-boot-starter-tomcat-2.7.11.jar:/Users/shreyachaudhary/.m2/repository/org/apache/tomcat/embed/tomcat-embed-core/9.0.74/tomcat-embed-core-9.0.74.jar:/Users/shreyachaudhary/.m2/repository/org/apache/tomcat/embed/tomcat-embed-el/9.0.74/tomcat-embed-el-9.0.74.jar:/Users/shreyachaudhary/.m2/repository/org/apache/tomcat/embed/tomcat-embed-websocket/9.0.74/tomcat-embed-websocket-9.0.74.jar:/Users/shreyachaudhary/.m2/repository/org/springframework/boot/spring-boot-test/2.7.11/spring-boot-test-2.7.11.jar:/Users/shreyachaudhary/.m2/repository/org/springframework/security/spring-security-core/5.7.5/spring-security-core-5.7.5.jar:/Users/shreyachaudhary/.m2/repository/org/springframework/security/spring-security-crypto/5.7.5/spring-security-crypto-5.7.5.jar:/Users/shreyachaudhary/.m2/repository/io/kotest/kotest-assertions-core-jvm/5.6.2/kotest-assertions-core-jvm-5.6.2.jar:/Users/shreyachaudhary/.m2/repository/org/jetbrains/kotlin/kotlin-stdlib-jdk8/1.8.21/kotlin-stdlib-jdk8-1.8.21.jar:/Users/shreyachaudhary/.m2/repository/org/jetbrains/kotlin/kotlin-stdlib/1.8.21/kotlin-stdlib-1.8.21.jar:/Users/shreyachaudhary/.m2/repository/org/jetbrains/kotlin/kotlin-stdlib-jdk7/1.8.21/kotlin-stdlib-jdk7-1.8.21.jar:/Users/shreyachaudhary/.m2/repository/io/kotest/kotest-assertions-shared-jvm/5.6.2/kotest-assertions-shared-jvm-5.6.2.jar:/Users/shreyachaudhary/.m2/repository/org/opentest4j/opentest4j/1.2.0/opentest4j-1.2.0.jar:/Users/shreyachaudhary/.m2/repository/org/jetbrains/kotlin/kotlin-stdlib-common/1.8.21/kotlin-stdlib-common-1.8.21.jar:/Users/shreyachaudhary/.m2/repository/org/jetbrains/kotlinx/kotlinx-coroutines-jdk8/1.7.0/kotlinx-coroutines-jdk8-1.7.0.jar:/Users/shreyachaudhary/.m2/repository/org/jetbrains/kotlin/kotlin-reflect/1.8.21/kotlin-reflect-1.8.21.jar:/Users/shreyachaudhary/.m2/repository/io/kotest/kotest-common-jvm/5.6.2/kotest-common-jvm-5.6.2.jar:/Users/shreyachaudhary/.m2/repository/io/kotest/kotest-assertions-api-jvm/5.6.2/kotest-assertions-api-jvm-5.6.2.jar:/Users/shreyachaudhary/.m2/repository/org/jetbrains/kotlinx/kotlinx-coroutines-core-jvm/1.7.0/kotlinx-coroutines-core-jvm-1.7.0.jar:/Users/shreyachaudhary/.m2/repository/org/jetbrains/annotations/23.0.0/annotations-23.0.0.jar:/Users/shreyachaudhary/.m2/repository/io/kotest/kotest-property-jvm/5.6.2/kotest-property-jvm-5.6.2.jar:/Users/shreyachaudhary/.m2/repository/com/github/curious-odd-man/rgxgen/1.4/rgxgen-1.4.jar:/Users/shreyachaudhary/.m2/repository/io/github/java-diff-utils/java-diff-utils/4.12/java-diff-utils-4.12.jar:/Users/shreyachaudhary/.m2/repository/io/kotest/kotest-runner-junit5-jvm/5.6.2/kotest-runner-junit5-jvm-5.6.2.jar:/Users/shreyachaudhary/.m2/repository/io/kotest/kotest-framework-api-jvm/5.6.2/kotest-framework-api-jvm-5.6.2.jar:/Users/shreyachaudhary/.m2/repository/org/jetbrains/kotlinx/kotlinx-coroutines-test-jvm/1.7.0/kotlinx-coroutines-test-jvm-1.7.0.jar:/Users/shreyachaudhary/.m2/repository/io/kotest/kotest-framework-engine-jvm/5.6.2/kotest-framework-engine-jvm-5.6.2.jar:/Users/shreyachaudhary/.m2/repository/com/github/ajalt/mordant/1.2.1/mordant-1.2.1.jar:/Users/shreyachaudhary/.m2/repository/com/github/ajalt/colormath/1.2.0/colormath-1.2.0.jar:/Users/shreyachaudhary/.m2/repository/org/jetbrains/kotlinx/kotlinx-coroutines-debug/1.7.0/kotlinx-coroutines-debug-1.7.0.jar:/Users/shreyachaudhary/.m2/repository/net/java/dev/jna/jna-platform/5.9.0/jna-platform-5.9.0.jar:/Users/shreyachaudhary/.m2/repository/net/bytebuddy/byte-buddy-agent/1.10.9/byte-buddy-agent-1.10.9.jar:/Users/shreyachaudhary/.m2/repository/io/kotest/kotest-framework-discovery-jvm/5.6.2/kotest-framework-discovery-jvm-5.6.2.jar:/Users/shreyachaudhary/.m2/repository/io/kotest/kotest-extensions-jvm/5.6.2/kotest-extensions-jvm-5.6.2.jar:/Users/shreyachaudhary/.m2/repository/io/kotest/kotest-framework-concurrency-jvm/5.6.2/kotest-framework-concurrency-jvm-5.6.2.jar:/Users/shreyachaudhary/.m2/repository/org/junit/platform/junit-platform-engine/1.9.3/junit-platform-engine-1.9.3.jar:/Users/shreyachaudhary/.m2/repository/org/junit/platform/junit-platform-commons/1.9.3/junit-platform-commons-1.9.3.jar:/Users/shreyachaudhary/.m2/repository/org/apiguardian/apiguardian-api/1.1.2/apiguardian-api-1.1.2.jar:/Users/shreyachaudhary/.m2/repository/org/junit/platform/junit-platform-suite-api/1.9.3/junit-platform-suite-api-1.9.3.jar:/Users/shreyachaudhary/.m2/repository/org/junit/platform/junit-platform-launcher/1.9.3/junit-platform-launcher-1.9.3.jar:/Users/shreyachaudhary/.m2/repository/org/junit/jupiter/junit-jupiter-api/5.9.3/junit-jupiter-api-5.9.3.jar:/Users/shreyachaudhary/.m2/repository/org/hamcrest/hamcrest/2.2/hamcrest-2.2.jar:/Users/shreyachaudhary/.m2/repository/org/junit/jupiter/junit-jupiter/5.9.3/junit-jupiter-5.9.3.jar:/Users/shreyachaudhary/.m2/repository/org/junit/jupiter/junit-jupiter-params/5.9.3/junit-jupiter-params-5.9.3.jar:/Users/shreyachaudhary/.m2/repository/org/junit/jupiter/junit-jupiter-engine/5.9.3/junit-jupiter-engine-5.9.3.jar:/Users/shreyachaudhary/.m2/repository/org/mockito/mockito-all/1.10.19/mockito-all-1.10.19.jar:/Users/shreyachaudhary/.m2/repository/org/projectlombok/lombok/1.18.26/lombok-1.18.26.jar:"/>
    <property name="java.vm.vendor" value="Temurin"/>
    <property name="sun.arch.data.model" value="64"/>
    <property name="java.vendor.url" value="https://adoptium.net/"/>
    <property name="user.timezone" value="Asia/Shanghai"/>
    <property name="java.vm.specification.version" value="1.8"/>
    <property name="os.name" value="Mac OS X"/>
    <property name="user.country" value="US"/>
    <property name="sun.java.launcher" value="SUN_STANDARD"/>
    <property name="sun.boot.library.path" value="/Library/Java/JavaVirtualMachines/temurin-8.jdk/Contents/Home/jre/lib"/>
    <property name="sun.java.command" value="/Users/shreyachaudhary/Desktop/cs527/CS527-Project/BugSwarm/fastjson2-13792916908/Buggy-version/extension-spring5/target/surefire/surefirebooter-20240407231542834_342.jar /Users/shreyachaudhary/Desktop/cs527/CS527-Project/BugSwarm/fastjson2-13792916908/Buggy-version/extension-spring5/target/surefire 2024-04-07T23-14-25_553-jvmRun1 surefire-20240407231542834_340tmp surefire_2-20240407231542834_341tmp"/>
    <property name="http.nonProxyHosts" value="local|*.local|169.254/16|*.169.254/16"/>
    <property name="surefire.test.class.path" value="/Users/shreyachaudhary/Desktop/cs527/CS527-Project/BugSwarm/fastjson2-13792916908/Buggy-version/extension-spring5/target/test-classes:/Users/shreyachaudhary/Desktop/cs527/CS527-Project/BugSwarm/fastjson2-13792916908/Buggy-version/extension-spring5/target/classes:/Users/shreyachaudhary/Desktop/cs527/CS527-Project/BugSwarm/fastjson2-13792916908/Buggy-version/extension/target/classes:/Users/shreyachaudhary/Desktop/cs527/CS527-Project/BugSwarm/fastjson2-13792916908/Buggy-version/core/target/classes:/Users/shreyachaudhary/.m2/repository/com/aliyun/odps/odps-sdk-udf/0.43.4-public/odps-sdk-udf-0.43.4-public.jar:/Users/shreyachaudhary/.m2/repository/com/aliyun/odps/odps-sdk-commons/0.43.4-public/odps-sdk-commons-0.43.4-public.jar:/Users/shreyachaudhary/.m2/repository/commons-logging/commons-logging/1.2/commons-logging-1.2.jar:/Users/shreyachaudhary/.m2/repository/org/aspectj/aspectjrt/1.8.9/aspectjrt-1.8.9.jar:/Users/shreyachaudhary/.m2/repository/com/squareup/retrofit2/retrofit/2.9.0/retrofit-2.9.0.jar:/Users/shreyachaudhary/.m2/repository/com/squareup/okhttp3/okhttp/3.14.9/okhttp-3.14.9.jar:/Users/shreyachaudhary/.m2/repository/com/squareup/okio/okio/1.17.2/okio-1.17.2.jar:/Users/shreyachaudhary/.m2/repository/io/airlift/slice/0.41/slice-0.41.jar:/Users/shreyachaudhary/.m2/repository/org/openjdk/jol/jol-core/0.2/jol-core-0.2.jar:/Users/shreyachaudhary/.m2/repository/io/springfox/springfox-spring-web/3.0.0/springfox-spring-web-3.0.0.jar:/Users/shreyachaudhary/.m2/repository/io/springfox/springfox-spi/3.0.0/springfox-spi-3.0.0.jar:/Users/shreyachaudhary/.m2/repository/io/springfox/springfox-schema/3.0.0/springfox-schema-3.0.0.jar:/Users/shreyachaudhary/.m2/repository/io/springfox/springfox-core/3.0.0/springfox-core-3.0.0.jar:/Users/shreyachaudhary/.m2/repository/net/bytebuddy/byte-buddy/1.10.11/byte-buddy-1.10.11.jar:/Users/shreyachaudhary/.m2/repository/io/github/classgraph/classgraph/4.8.83/classgraph-4.8.83.jar:/Users/shreyachaudhary/.m2/repository/com/fasterxml/classmate/1.5.1/classmate-1.5.1.jar:/Users/shreyachaudhary/.m2/repository/org/slf4j/slf4j-api/1.7.25/slf4j-api-1.7.25.jar:/Users/shreyachaudhary/.m2/repository/org/springframework/plugin/spring-plugin-core/2.0.0.RELEASE/spring-plugin-core-2.0.0.RELEASE.jar:/Users/shreyachaudhary/.m2/repository/org/springframework/plugin/spring-plugin-metadata/2.0.0.RELEASE/spring-plugin-metadata-2.0.0.RELEASE.jar:/Users/shreyachaudhary/.m2/repository/javax/servlet/javax.servlet-api/4.0.1/javax.servlet-api-4.0.1.jar:/Users/shreyachaudhary/.m2/repository/org/springframework/spring-messaging/5.3.27/spring-messaging-5.3.27.jar:/Users/shreyachaudhary/.m2/repository/org/springframework/spring-beans/5.3.27/spring-beans-5.3.27.jar:/Users/shreyachaudhary/.m2/repository/org/springframework/spring-core/5.3.27/spring-core-5.3.27.jar:/Users/shreyachaudhary/.m2/repository/org/springframework/spring-jcl/5.3.27/spring-jcl-5.3.27.jar:/Users/shreyachaudhary/.m2/repository/org/springframework/spring-webflux/5.3.27/spring-webflux-5.3.27.jar:/Users/shreyachaudhary/.m2/repository/org/springframework/spring-web/5.3.27/spring-web-5.3.27.jar:/Users/shreyachaudhary/.m2/repository/io/projectreactor/reactor-core/3.5.6/reactor-core-3.5.6.jar:/Users/shreyachaudhary/.m2/repository/org/reactivestreams/reactive-streams/1.0.4/reactive-streams-1.0.4.jar:/Users/shreyachaudhary/.m2/repository/org/springframework/spring-webmvc/5.3.27/spring-webmvc-5.3.27.jar:/Users/shreyachaudhary/.m2/repository/org/springframework/spring-aop/5.3.27/spring-aop-5.3.27.jar:/Users/shreyachaudhary/.m2/repository/org/springframework/spring-context/5.3.27/spring-context-5.3.27.jar:/Users/shreyachaudhary/.m2/repository/org/springframework/spring-expression/5.3.27/spring-expression-5.3.27.jar:/Users/shreyachaudhary/.m2/repository/org/springframework/spring-websocket/5.3.27/spring-websocket-5.3.27.jar:/Users/shreyachaudhary/.m2/repository/org/springframework/data/spring-data-elasticsearch/4.4.11/spring-data-elasticsearch-4.4.11.jar:/Users/shreyachaudhary/.m2/repository/org/springframework/spring-tx/5.3.27/spring-tx-5.3.27.jar:/Users/shreyachaudhary/.m2/repository/org/springframework/data/spring-data-commons/2.7.11/spring-data-commons-2.7.11.jar:/Users/shreyachaudhary/.m2/repository/org/elasticsearch/client/elasticsearch-rest-high-level-client/7.17.9/elasticsearch-rest-high-level-client-7.17.9.jar:/Users/shreyachaudhary/.m2/repository/org/elasticsearch/elasticsearch/7.17.9/elasticsearch-7.17.9.jar:/Users/shreyachaudhary/.m2/repository/org/elasticsearch/elasticsearch-core/7.17.9/elasticsearch-core-7.17.9.jar:/Users/shreyachaudhary/.m2/repository/org/elasticsearch/elasticsearch-secure-sm/7.17.9/elasticsearch-secure-sm-7.17.9.jar:/Users/shreyachaudhary/.m2/repository/org/elasticsearch/elasticsearch-x-content/7.17.9/elasticsearch-x-content-7.17.9.jar:/Users/shreyachaudhary/.m2/repository/com/fasterxml/jackson/dataformat/jackson-dataformat-smile/2.15.0/jackson-dataformat-smile-2.15.0.jar:/Users/shreyachaudhary/.m2/repository/com/fasterxml/jackson/dataformat/jackson-dataformat-yaml/2.15.0/jackson-dataformat-yaml-2.15.0.jar:/Users/shreyachaudhary/.m2/repository/com/fasterxml/jackson/dataformat/jackson-dataformat-cbor/2.15.0/jackson-dataformat-cbor-2.15.0.jar:/Users/shreyachaudhary/.m2/repository/org/elasticsearch/elasticsearch-geo/7.17.9/elasticsearch-geo-7.17.9.jar:/Users/shreyachaudhary/.m2/repository/org/elasticsearch/elasticsearch-lz4/7.17.9/elasticsearch-lz4-7.17.9.jar:/Users/shreyachaudhary/.m2/repository/org/lz4/lz4-java/1.8.0/lz4-java-1.8.0.jar:/Users/shreyachaudhary/.m2/repository/org/apache/lucene/lucene-core/8.11.1/lucene-core-8.11.1.jar:/Users/shreyachaudhary/.m2/repository/org/apache/lucene/lucene-analyzers-common/8.11.1/lucene-analyzers-common-8.11.1.jar:/Users/shreyachaudhary/.m2/repository/org/apache/lucene/lucene-backward-codecs/8.11.1/lucene-backward-codecs-8.11.1.jar:/Users/shreyachaudhary/.m2/repository/org/apache/lucene/lucene-grouping/8.11.1/lucene-grouping-8.11.1.jar:/Users/shreyachaudhary/.m2/repository/org/apache/lucene/lucene-highlighter/8.11.1/lucene-highlighter-8.11.1.jar:/Users/shreyachaudhary/.m2/repository/org/apache/lucene/lucene-join/8.11.1/lucene-join-8.11.1.jar:/Users/shreyachaudhary/.m2/repository/org/apache/lucene/lucene-memory/8.11.1/lucene-memory-8.11.1.jar:/Users/shreyachaudhary/.m2/repository/org/apache/lucene/lucene-misc/8.11.1/lucene-misc-8.11.1.jar:/Users/shreyachaudhary/.m2/repository/org/apache/lucene/lucene-queries/8.11.1/lucene-queries-8.11.1.jar:/Users/shreyachaudhary/.m2/repository/org/apache/lucene/lucene-queryparser/8.11.1/lucene-queryparser-8.11.1.jar:/Users/shreyachaudhary/.m2/repository/org/apache/lucene/lucene-sandbox/8.11.1/lucene-sandbox-8.11.1.jar:/Users/shreyachaudhary/.m2/repository/org/apache/lucene/lucene-spatial3d/8.11.1/lucene-spatial3d-8.11.1.jar:/Users/shreyachaudhary/.m2/repository/org/apache/lucene/lucene-suggest/8.11.1/lucene-suggest-8.11.1.jar:/Users/shreyachaudhary/.m2/repository/org/elasticsearch/elasticsearch-cli/7.17.9/elasticsearch-cli-7.17.9.jar:/Users/shreyachaudhary/.m2/repository/net/sf/jopt-simple/jopt-simple/5.0.2/jopt-simple-5.0.2.jar:/Users/shreyachaudhary/.m2/repository/com/carrotsearch/hppc/0.9.1/hppc-0.9.1.jar:/Users/shreyachaudhary/.m2/repository/joda-time/joda-time/2.12.5/joda-time-2.12.5.jar:/Users/shreyachaudhary/.m2/repository/com/tdunning/t-digest/3.2/t-digest-3.2.jar:/Users/shreyachaudhary/.m2/repository/org/hdrhistogram/HdrHistogram/2.1.9/HdrHistogram-2.1.9.jar:/Users/shreyachaudhary/.m2/repository/org/apache/logging/log4j/log4j-api/2.17.1/log4j-api-2.17.1.jar:/Users/shreyachaudhary/.m2/repository/net/java/dev/jna/jna/5.10.0/jna-5.10.0.jar:/Users/shreyachaudhary/.m2/repository/org/elasticsearch/elasticsearch-plugin-classloader/7.17.9/elasticsearch-plugin-classloader-7.17.9.jar:/Users/shreyachaudhary/.m2/repository/org/elasticsearch/plugin/mapper-extras-client/7.17.9/mapper-extras-client-7.17.9.jar:/Users/shreyachaudhary/.m2/repository/org/elasticsearch/plugin/parent-join-client/7.17.9/parent-join-client-7.17.9.jar:/Users/shreyachaudhary/.m2/repository/org/elasticsearch/plugin/aggs-matrix-stats-client/7.17.9/aggs-matrix-stats-client-7.17.9.jar:/Users/shreyachaudhary/.m2/repository/org/elasticsearch/plugin/rank-eval-client/7.17.9/rank-eval-client-7.17.9.jar:/Users/shreyachaudhary/.m2/repository/org/elasticsearch/plugin/lang-mustache-client/7.17.9/lang-mustache-client-7.17.9.jar:/Users/shreyachaudhary/.m2/repository/com/github/spullara/mustache/java/compiler/0.9.6/compiler-0.9.6.jar:/Users/shreyachaudhary/.m2/repository/co/elastic/clients/elasticsearch-java/7.17.9/elasticsearch-java-7.17.9.jar:/Users/shreyachaudhary/.m2/repository/com/google/code/findbugs/jsr305/3.0.2/jsr305-3.0.2.jar:/Users/shreyachaudhary/.m2/repository/jakarta/json/jakarta.json-api/2.0.1/jakarta.json-api-2.0.1.jar:/Users/shreyachaudhary/.m2/repository/org/eclipse/parsson/parsson/1.0.0/parsson-1.0.0.jar:/Users/shreyachaudhary/.m2/repository/org/elasticsearch/client/elasticsearch-rest-client/7.17.9/elasticsearch-rest-client-7.17.9.jar:/Users/shreyachaudhary/.m2/repository/org/apache/httpcomponents/httpclient/4.5.10/httpclient-4.5.10.jar:/Users/shreyachaudhary/.m2/repository/org/apache/httpcomponents/httpcore/4.4.12/httpcore-4.4.12.jar:/Users/shreyachaudhary/.m2/repository/org/apache/httpcomponents/httpasyncclient/4.1.4/httpasyncclient-4.1.4.jar:/Users/shreyachaudhary/.m2/repository/org/apache/httpcomponents/httpcore-nio/4.4.12/httpcore-nio-4.4.12.jar:/Users/shreyachaudhary/.m2/repository/commons-codec/commons-codec/1.11/commons-codec-1.11.jar:/Users/shreyachaudhary/.m2/repository/com/fasterxml/jackson/core/jackson-core/2.15.0/jackson-core-2.15.0.jar:/Users/shreyachaudhary/.m2/repository/com/fasterxml/jackson/core/jackson-databind/2.15.0/jackson-databind-2.15.0.jar:/Users/shreyachaudhary/.m2/repository/org/springframework/data/spring-data-mongodb/3.4.11/spring-data-mongodb-3.4.11.jar:/Users/shreyachaudhary/.m2/repository/org/mongodb/mongodb-driver-core/4.6.1/mongodb-driver-core-4.6.1.jar:/Users/shreyachaudhary/.m2/repository/org/mongodb/bson/4.6.1/bson-4.6.1.jar:/Users/shreyachaudhary/.m2/repository/org/mongodb/bson-record-codec/4.6.1/bson-record-codec-4.6.1.jar:/Users/shreyachaudhary/.m2/repository/org/springframework/data/spring-data-redis/2.7.11/spring-data-redis-2.7.11.jar:/Users/shreyachaudhary/.m2/repository/org/springframework/data/spring-data-keyvalue/2.7.11/spring-data-keyvalue-2.7.11.jar:/Users/shreyachaudhary/.m2/repository/org/springframework/spring-oxm/5.3.27/spring-oxm-5.3.27.jar:/Users/shreyachaudhary/.m2/repository/org/springframework/spring-context-support/5.3.27/spring-context-support-5.3.27.jar:/Users/shreyachaudhary/.m2/repository/com/alibaba/fastjson/1.2.83/fastjson-1.2.83.jar:/Users/shreyachaudhary/.m2/repository/com/fasterxml/jackson/datatype/jackson-datatype-jsr310/2.15.0/jackson-datatype-jsr310-2.15.0.jar:/Users/shreyachaudhary/.m2/repository/com/fasterxml/jackson/core/jackson-annotations/2.15.0/jackson-annotations-2.15.0.jar:/Users/shreyachaudhary/.m2/repository/com/opencsv/opencsv/5.7.1/opencsv-5.7.1.jar:/Users/shreyachaudhary/.m2/repository/org/apache/commons/commons-lang3/3.12.0/commons-lang3-3.12.0.jar:/Users/shreyachaudhary/.m2/repository/org/apache/commons/commons-text/1.10.0/commons-text-1.10.0.jar:/Users/shreyachaudhary/.m2/repository/commons-beanutils/commons-beanutils/1.9.4/commons-beanutils-1.9.4.jar:/Users/shreyachaudhary/.m2/repository/commons-collections/commons-collections/3.2.2/commons-collections-3.2.2.jar:/Users/shreyachaudhary/.m2/repository/org/apache/commons/commons-collections4/4.4/commons-collections4-4.4.jar:/Users/shreyachaudhary/.m2/repository/commons-io/commons-io/2.11.0/commons-io-2.11.0.jar:/Users/shreyachaudhary/.m2/repository/org/springframework/spring-test/5.3.27/spring-test-5.3.27.jar:/Users/shreyachaudhary/.m2/repository/org/springframework/boot/spring-boot/2.7.11/spring-boot-2.7.11.jar:/Users/shreyachaudhary/.m2/repository/org/springframework/boot/spring-boot-starter-web/2.7.11/spring-boot-starter-web-2.7.11.jar:/Users/shreyachaudhary/.m2/repository/org/springframework/boot/spring-boot-starter/2.7.11/spring-boot-starter-2.7.11.jar:/Users/shreyachaudhary/.m2/repository/org/springframework/boot/spring-boot-autoconfigure/2.7.11/spring-boot-autoconfigure-2.7.11.jar:/Users/shreyachaudhary/.m2/repository/org/springframework/boot/spring-boot-starter-logging/2.7.11/spring-boot-starter-logging-2.7.11.jar:/Users/shreyachaudhary/.m2/repository/ch/qos/logback/logback-classic/1.2.12/logback-classic-1.2.12.jar:/Users/shreyachaudhary/.m2/repository/ch/qos/logback/logback-core/1.2.12/logback-core-1.2.12.jar:/Users/shreyachaudhary/.m2/repository/org/apache/logging/log4j/log4j-to-slf4j/2.17.2/log4j-to-slf4j-2.17.2.jar:/Users/shreyachaudhary/.m2/repository/org/slf4j/jul-to-slf4j/1.7.36/jul-to-slf4j-1.7.36.jar:/Users/shreyachaudhary/.m2/repository/jakarta/annotation/jakarta.annotation-api/1.3.5/jakarta.annotation-api-1.3.5.jar:/Users/shreyachaudhary/.m2/repository/org/yaml/snakeyaml/1.30/snakeyaml-1.30.jar:/Users/shreyachaudhary/.m2/repository/org/springframework/boot/spring-boot-starter-json/2.7.11/spring-boot-starter-json-2.7.11.jar:/Users/shreyachaudhary/.m2/repository/com/fasterxml/jackson/datatype/jackson-datatype-jdk8/2.15.0/jackson-datatype-jdk8-2.15.0.jar:/Users/shreyachaudhary/.m2/repository/com/fasterxml/jackson/module/jackson-module-parameter-names/2.15.0/jackson-module-parameter-names-2.15.0.jar:/Users/shreyachaudhary/.m2/repository/org/springframework/boot/spring-boot-starter-tomcat/2.7.11/spring-boot-starter-tomcat-2.7.11.jar:/Users/shreyachaudhary/.m2/repository/org/apache/tomcat/embed/tomcat-embed-core/9.0.74/tomcat-embed-core-9.0.74.jar:/Users/shreyachaudhary/.m2/repository/org/apache/tomcat/embed/tomcat-embed-el/9.0.74/tomcat-embed-el-9.0.74.jar:/Users/shreyachaudhary/.m2/repository/org/apache/tomcat/embed/tomcat-embed-websocket/9.0.74/tomcat-embed-websocket-9.0.74.jar:/Users/shreyachaudhary/.m2/repository/org/springframework/boot/spring-boot-test/2.7.11/spring-boot-test-2.7.11.jar:/Users/shreyachaudhary/.m2/repository/org/springframework/security/spring-security-core/5.7.5/spring-security-core-5.7.5.jar:/Users/shreyachaudhary/.m2/repository/org/springframework/security/spring-security-crypto/5.7.5/spring-security-crypto-5.7.5.jar:/Users/shreyachaudhary/.m2/repository/io/kotest/kotest-assertions-core-jvm/5.6.2/kotest-assertions-core-jvm-5.6.2.jar:/Users/shreyachaudhary/.m2/repository/org/jetbrains/kotlin/kotlin-stdlib-jdk8/1.8.21/kotlin-stdlib-jdk8-1.8.21.jar:/Users/shreyachaudhary/.m2/repository/org/jetbrains/kotlin/kotlin-stdlib/1.8.21/kotlin-stdlib-1.8.21.jar:/Users/shreyachaudhary/.m2/repository/org/jetbrains/kotlin/kotlin-stdlib-jdk7/1.8.21/kotlin-stdlib-jdk7-1.8.21.jar:/Users/shreyachaudhary/.m2/repository/io/kotest/kotest-assertions-shared-jvm/5.6.2/kotest-assertions-shared-jvm-5.6.2.jar:/Users/shreyachaudhary/.m2/repository/org/opentest4j/opentest4j/1.2.0/opentest4j-1.2.0.jar:/Users/shreyachaudhary/.m2/repository/org/jetbrains/kotlin/kotlin-stdlib-common/1.8.21/kotlin-stdlib-common-1.8.21.jar:/Users/shreyachaudhary/.m2/repository/org/jetbrains/kotlinx/kotlinx-coroutines-jdk8/1.7.0/kotlinx-coroutines-jdk8-1.7.0.jar:/Users/shreyachaudhary/.m2/repository/org/jetbrains/kotlin/kotlin-reflect/1.8.21/kotlin-reflect-1.8.21.jar:/Users/shreyachaudhary/.m2/repository/io/kotest/kotest-common-jvm/5.6.2/kotest-common-jvm-5.6.2.jar:/Users/shreyachaudhary/.m2/repository/io/kotest/kotest-assertions-api-jvm/5.6.2/kotest-assertions-api-jvm-5.6.2.jar:/Users/shreyachaudhary/.m2/repository/org/jetbrains/kotlinx/kotlinx-coroutines-core-jvm/1.7.0/kotlinx-coroutines-core-jvm-1.7.0.jar:/Users/shreyachaudhary/.m2/repository/org/jetbrains/annotations/23.0.0/annotations-23.0.0.jar:/Users/shreyachaudhary/.m2/repository/io/kotest/kotest-property-jvm/5.6.2/kotest-property-jvm-5.6.2.jar:/Users/shreyachaudhary/.m2/repository/com/github/curious-odd-man/rgxgen/1.4/rgxgen-1.4.jar:/Users/shreyachaudhary/.m2/repository/io/github/java-diff-utils/java-diff-utils/4.12/java-diff-utils-4.12.jar:/Users/shreyachaudhary/.m2/repository/io/kotest/kotest-runner-junit5-jvm/5.6.2/kotest-runner-junit5-jvm-5.6.2.jar:/Users/shreyachaudhary/.m2/repository/io/kotest/kotest-framework-api-jvm/5.6.2/kotest-framework-api-jvm-5.6.2.jar:/Users/shreyachaudhary/.m2/repository/org/jetbrains/kotlinx/kotlinx-coroutines-test-jvm/1.7.0/kotlinx-coroutines-test-jvm-1.7.0.jar:/Users/shreyachaudhary/.m2/repository/io/kotest/kotest-framework-engine-jvm/5.6.2/kotest-framework-engine-jvm-5.6.2.jar:/Users/shreyachaudhary/.m2/repository/com/github/ajalt/mordant/1.2.1/mordant-1.2.1.jar:/Users/shreyachaudhary/.m2/repository/com/github/ajalt/colormath/1.2.0/colormath-1.2.0.jar:/Users/shreyachaudhary/.m2/repository/org/jetbrains/kotlinx/kotlinx-coroutines-debug/1.7.0/kotlinx-coroutines-debug-1.7.0.jar:/Users/shreyachaudhary/.m2/repository/net/java/dev/jna/jna-platform/5.9.0/jna-platform-5.9.0.jar:/Users/shreyachaudhary/.m2/repository/net/bytebuddy/byte-buddy-agent/1.10.9/byte-buddy-agent-1.10.9.jar:/Users/shreyachaudhary/.m2/repository/io/kotest/kotest-framework-discovery-jvm/5.6.2/kotest-framework-discovery-jvm-5.6.2.jar:/Users/shreyachaudhary/.m2/repository/io/kotest/kotest-extensions-jvm/5.6.2/kotest-extensions-jvm-5.6.2.jar:/Users/shreyachaudhary/.m2/repository/io/kotest/kotest-framework-concurrency-jvm/5.6.2/kotest-framework-concurrency-jvm-5.6.2.jar:/Users/shreyachaudhary/.m2/repository/org/junit/platform/junit-platform-engine/1.9.3/junit-platform-engine-1.9.3.jar:/Users/shreyachaudhary/.m2/repository/org/junit/platform/junit-platform-commons/1.9.3/junit-platform-commons-1.9.3.jar:/Users/shreyachaudhary/.m2/repository/org/apiguardian/apiguardian-api/1.1.2/apiguardian-api-1.1.2.jar:/Users/shreyachaudhary/.m2/repository/org/junit/platform/junit-platform-suite-api/1.9.3/junit-platform-suite-api-1.9.3.jar:/Users/shreyachaudhary/.m2/repository/org/junit/platform/junit-platform-launcher/1.9.3/junit-platform-launcher-1.9.3.jar:/Users/shreyachaudhary/.m2/repository/org/junit/jupiter/junit-jupiter-api/5.9.3/junit-jupiter-api-5.9.3.jar:/Users/shreyachaudhary/.m2/repository/org/hamcrest/hamcrest/2.2/hamcrest-2.2.jar:/Users/shreyachaudhary/.m2/repository/org/junit/jupiter/junit-jupiter/5.9.3/junit-jupiter-5.9.3.jar:/Users/shreyachaudhary/.m2/repository/org/junit/jupiter/junit-jupiter-params/5.9.3/junit-jupiter-params-5.9.3.jar:/Users/shreyachaudhary/.m2/repository/org/junit/jupiter/junit-jupiter-engine/5.9.3/junit-jupiter-engine-5.9.3.jar:/Users/shreyachaudhary/.m2/repository/org/mockito/mockito-all/1.10.19/mockito-all-1.10.19.jar:/Users/shreyachaudhary/.m2/repository/org/projectlombok/lombok/1.18.26/lombok-1.18.26.jar:"/>
    <property name="sun.cpu.endian" value="little"/>
    <property name="user.home" value="/Users/shreyachaudhary"/>
    <property name="user.language" value="en"/>
    <property name="java.specification.vendor" value="Oracle Corporation"/>
    <property name="java.home" value="/Library/Java/JavaVirtualMachines/temurin-8.jdk/Contents/Home/jre"/>
    <property name="basedir" value="/Users/shreyachaudhary/Desktop/cs527/CS527-Project/BugSwarm/fastjson2-13792916908/Buggy-version/extension-spring5"/>
    <property name="file.separator" value="/"/>
    <property name="line.separator" value="&#10;"/>
    <property name="java.vm.specification.vendor" value="Oracle Corporation"/>
    <property name="java.specification.name" value="Java Platform API Specification"/>
    <property name="FILE_LOG_CHARSET" value="UTF-8"/>
    <property name="java.awt.graphicsenv" value="sun.awt.CGraphicsEnvironment"/>
    <property name="java.awt.headless" value="true"/>
    <property name="surefire.real.class.path" value="/Users/shreyachaudhary/Desktop/cs527/CS527-Project/BugSwarm/fastjson2-13792916908/Buggy-version/extension-spring5/target/surefire/surefirebooter-20240407231542834_342.jar"/>
    <property name="sun.boot.class.path" value="/Library/Java/JavaVirtualMachines/temurin-8.jdk/Contents/Home/jre/lib/resources.jar:/Library/Java/JavaVirtualMachines/temurin-8.jdk/Contents/Home/jre/lib/rt.jar:/Library/Java/JavaVirtualMachines/temurin-8.jdk/Contents/Home/jre/lib/sunrsasign.jar:/Library/Java/JavaVirtualMachines/temurin-8.jdk/Contents/Home/jre/lib/jsse.jar:/Library/Java/JavaVirtualMachines/temurin-8.jdk/Contents/Home/jre/lib/jce.jar:/Library/Java/JavaVirtualMachines/temurin-8.jdk/Contents/Home/jre/lib/charsets.jar:/Library/Java/JavaVirtualMachines/temurin-8.jdk/Contents/Home/jre/lib/jfr.jar:/Library/Java/JavaVirtualMachines/temurin-8.jdk/Contents/Home/jre/classes"/>
    <property name="sun.management.compiler" value="HotSpot 64-Bit Tiered Compilers"/>
    <property name="ftp.nonProxyHosts" value="local|*.local|169.254/16|*.169.254/16"/>
    <property name="java.runtime.version" value="1.8.0_402-b06"/>
    <property name="user.name" value="shreyachaudhary"/>
    <property name="path.separator" value=":"/>
    <property name="os.version" value="14.4.1"/>
    <property name="java.endorsed.dirs" value="/Library/Java/JavaVirtualMachines/temurin-8.jdk/Contents/Home/jre/lib/endorsed"/>
    <property name="java.runtime.name" value="OpenJDK Runtime Environment"/>
    <property name="file.encoding" value="UTF-8"/>
    <property name="spring.beaninfo.ignore" value="true"/>
    <property name="java.vm.name" value="OpenJDK 64-Bit Server VM"/>
    <property name="localRepository" value="/Users/shreyachaudhary/.m2/repository"/>
    <property name="java.vendor.url.bug" value="https://github.com/adoptium/adoptium-support/issues"/>
    <property name="java.io.tmpdir" value="/var/folders/70/9z8mmtr153x2znr25_zb57mr0000gn/T/"/>
    <property name="java.version" value="1.8.0_402"/>
    <property name="user.dir" value="/Users/shreyachaudhary/Desktop/cs527/CS527-Project/BugSwarm/fastjson2-13792916908/Buggy-version/extension-spring5"/>
    <property name="os.arch" value="x86_64"/>
    <property name="java.vm.specification.name" value="Java Virtual Machine Specification"/>
    <property name="PID" value="85456"/>
    <property name="java.awt.printerjob" value="sun.lwawt.macosx.CPrinterJob"/>
    <property name="sun.os.patch.level" value="unknown"/>
    <property name="CONSOLE_LOG_CHARSET" value="UTF-8"/>
    <property name="java.library.path" value="/Users/shreyachaudhary/Library/Java/Extensions:/Library/Java/Extensions:/Network/Library/Java/Extensions:/System/Library/Java/Extensions:/usr/lib/java:."/>
    <property name="java.vm.info" value="mixed mode"/>
    <property name="java.vendor" value="Temurin"/>
    <property name="java.vm.version" value="25.402-b06"/>
    <property name="java.specification.maintenance.version" value="5"/>
    <property name="java.ext.dirs" value="/Users/shreyachaudhary/Library/Java/Extensions:/Library/Java/JavaVirtualMachines/temurin-8.jdk/Contents/Home/jre/lib/ext:/Library/Java/Extensions:/Network/Library/Java/Extensions:/System/Library/Java/Extensions:/usr/lib/java"/>
    <property name="sun.io.unicode.encoding" value="UnicodeBig"/>
    <property name="java.class.version" value="52.0"/>
    <property name="socksNonProxyHosts" value="local|*.local|169.254/16|*.169.254/16"/>
  </properties>
  <testcase name="test_encode" classname="com.alibaba.fastjson2.spring.FastjsonSockJsMessageCodecTest" time="0.003"/>
</testsuite>