<?xml version="1.0" encoding="UTF-8"?>
<testsuite xmlns:xsi="http://www.w3.org/2001/XMLSchema-instance" xsi:noNamespaceSchemaLocation="https://maven.apache.org/surefire/maven-surefire-plugin/xsd/surefire-test-report-3.0.xsd" version="3.0" name="com.coremedia.drm.packager.isoparser.RoundTripTest" time="2.999" tests="8" errors="0" skipped="0" failures="5">
  <properties>
    <property name="gopherProxySet" value="false"/>
    <property name="awt.toolkit" value="sun.lwawt.macosx.LWCToolkit"/>
    <property name="file.encoding.pkg" value="sun.io"/>
    <property name="java.specification.version" value="1.8"/>
    <property name="sun.cpu.isalist" value=""/>
    <property name="sun.jnu.encoding" value="UTF-8"/>
    <property name="java.class.path" value="/Users/shreyachaudhary/Desktop/extra/CS527-Project/Bugs/BugSwarm/2nd_round/mp4parser-133036862/Buggy-version/isoparser/target/test-classes:/Users/shreyachaudhary/Desktop/extra/CS527-Project/Bugs/BugSwarm/2nd_round/mp4parser-133036862/Buggy-version/isoparser/target/classes:/Users/shreyachaudhary/.m2/repository/org/aspectj/aspectjrt/1.8.2/aspectjrt-1.8.2.jar:/Users/shreyachaudhary/.m2/repository/com/google/android/android/1.6_r2/android-1.6_r2.jar:/Users/shreyachaudhary/.m2/repository/commons-logging/commons-logging/1.1.1/commons-logging-1.1.1.jar:/Users/shreyachaudhary/.m2/repository/org/apache/httpcomponents/httpclient/4.0.1/httpclient-4.0.1.jar:/Users/shreyachaudhary/.m2/repository/org/apache/httpcomponents/httpcore/4.0.1/httpcore-4.0.1.jar:/Users/shreyachaudhary/.m2/repository/org/khronos/opengl-api/gl1.1-android-2.1_r1/opengl-api-gl1.1-android-2.1_r1.jar:/Users/shreyachaudhary/.m2/repository/xerces/xmlParserAPIs/2.6.2/xmlParserAPIs-2.6.2.jar:/Users/shreyachaudhary/.m2/repository/xpp3/xpp3/1.1.4c/xpp3-1.1.4c.jar:/Users/shreyachaudhary/.m2/repository/junit/junit/4.12/junit-4.12.jar:/Users/shreyachaudhary/.m2/repository/org/hamcrest/hamcrest-core/1.3/hamcrest-core-1.3.jar:/Users/shreyachaudhary/.m2/repository/commons-io/commons-io/2.4/commons-io-2.4.jar:/Users/shreyachaudhary/.m2/repository/commons-codec/commons-codec/1.8/commons-codec-1.8.jar:/Users/shreyachaudhary/Desktop/cs527/evosuite/evosuite-standalone-runtime-1.0.6.jar:/Users/shreyachaudhary/.m2/repository/org/openclover/clover/4.5.2/clover-4.5.2.jar:/var/folders/70/9z8mmtr153x2znr25_zb57mr0000gn/T/grover5252127286252030478.jar:"/>
    <property name="java.vm.vendor" value="Temurin"/>
    <property name="sun.arch.data.model" value="64"/>
    <property name="java.vendor.url" value="https://adoptium.net/"/>
    <property name="user.timezone" value=""/>
    <property name="java.vm.specification.version" value="1.8"/>
    <property name="os.name" value="Mac OS X"/>
    <property name="user.country" value="US"/>
    <property name="sun.java.launcher" value="SUN_STANDARD"/>
    <property name="sun.boot.library.path" value="/Library/Java/JavaVirtualMachines/temurin-8.jdk/Contents/Home/jre/lib"/>
    <property name="sun.java.command" value="/Users/shreyachaudhary/Desktop/extra/CS527-Project/Bugs/BugSwarm/2nd_round/mp4parser-133036862/Buggy-version/isoparser/target/surefire/surefirebooter-20240429224937623_3.jar /Users/shreyachaudhary/Desktop/extra/CS527-Project/Bugs/BugSwarm/2nd_round/mp4parser-133036862/Buggy-version/isoparser/target/surefire 2024-04-29T22-49-36_821-jvmRun1 surefire-20240429224937623_1tmp surefire_0-20240429224937623_2tmp"/>
    <property name="http.nonProxyHosts" value="local|*.local|169.254/16|*.169.254/16"/>
    <property name="surefire.test.class.path" value="/Users/shreyachaudhary/Desktop/extra/CS527-Project/Bugs/BugSwarm/2nd_round/mp4parser-133036862/Buggy-version/isoparser/target/test-classes:/Users/shreyachaudhary/Desktop/extra/CS527-Project/Bugs/BugSwarm/2nd_round/mp4parser-133036862/Buggy-version/isoparser/target/classes:/Users/shreyachaudhary/.m2/repository/org/aspectj/aspectjrt/1.8.2/aspectjrt-1.8.2.jar:/Users/shreyachaudhary/.m2/repository/com/google/android/android/1.6_r2/android-1.6_r2.jar:/Users/shreyachaudhary/.m2/repository/commons-logging/commons-logging/1.1.1/commons-logging-1.1.1.jar:/Users/shreyachaudhary/.m2/repository/org/apache/httpcomponents/httpclient/4.0.1/httpclient-4.0.1.jar:/Users/shreyachaudhary/.m2/repository/org/apache/httpcomponents/httpcore/4.0.1/httpcore-4.0.1.jar:/Users/shreyachaudhary/.m2/repository/org/khronos/opengl-api/gl1.1-android-2.1_r1/opengl-api-gl1.1-android-2.1_r1.jar:/Users/shreyachaudhary/.m2/repository/xerces/xmlParserAPIs/2.6.2/xmlParserAPIs-2.6.2.jar:/Users/shreyachaudhary/.m2/repository/xpp3/xpp3/1.1.4c/xpp3-1.1.4c.jar:/Users/shreyachaudhary/.m2/repository/junit/junit/4.12/junit-4.12.jar:/Users/shreyachaudhary/.m2/repository/org/hamcrest/hamcrest-core/1.3/hamcrest-core-1.3.jar:/Users/shreyachaudhary/.m2/repository/commons-io/commons-io/2.4/commons-io-2.4.jar:/Users/shreyachaudhary/.m2/repository/commons-codec/commons-codec/1.8/commons-codec-1.8.jar:/Users/shreyachaudhary/Desktop/cs527/evosuite/evosuite-standalone-runtime-1.0.6.jar:/Users/shreyachaudhary/.m2/repository/org/openclover/clover/4.5.2/clover-4.5.2.jar:/var/folders/70/9z8mmtr153x2znr25_zb57mr0000gn/T/grover5252127286252030478.jar:"/>
    <property name="sun.cpu.endian" value="little"/>
    <property name="user.home" value="/Users/shreyachaudhary"/>
    <property name="user.language" value="en"/>
    <property name="java.specification.vendor" value="Oracle Corporation"/>
    <property name="java.home" value="/Library/Java/JavaVirtualMachines/temurin-8.jdk/Contents/Home/jre"/>
    <property name="basedir" value="/Users/shreyachaudhary/Desktop/extra/CS527-Project/Bugs/BugSwarm/2nd_round/mp4parser-133036862/Buggy-version/isoparser"/>
    <property name="file.separator" value="/"/>
    <property name="line.separator" value="&#10;"/>
    <property name="java.vm.specification.vendor" value="Oracle Corporation"/>
    <property name="java.specification.name" value="Java Platform API Specification"/>
    <property name="java.awt.graphicsenv" value="sun.awt.CGraphicsEnvironment"/>
    <property name="surefire.real.class.path" value="/Users/shreyachaudhary/Desktop/extra/CS527-Project/Bugs/BugSwarm/2nd_round/mp4parser-133036862/Buggy-version/isoparser/target/surefire/surefirebooter-20240429224937623_3.jar"/>
    <property name="sun.boot.class.path" value="/Library/Java/JavaVirtualMachines/temurin-8.jdk/Contents/Home/jre/lib/resources.jar:/Library/Java/JavaVirtualMachines/temurin-8.jdk/Contents/Home/jre/lib/rt.jar:/Library/Java/JavaVirtualMachines/temurin-8.jdk/Contents/Home/jre/lib/sunrsasign.jar:/Library/Java/JavaVirtualMachines/temurin-8.jdk/Contents/Home/jre/lib/jsse.jar:/Library/Java/JavaVirtualMachines/temurin-8.jdk/Contents/Home/jre/lib/jce.jar:/Library/Java/JavaVirtualMachines/temurin-8.jdk/Contents/Home/jre/lib/charsets.jar:/Library/Java/JavaVirtualMachines/temurin-8.jdk/Contents/Home/jre/lib/jfr.jar:/Library/Java/JavaVirtualMachines/temurin-8.jdk/Contents/Home/jre/classes"/>
    <property name="sun.management.compiler" value="HotSpot 64-Bit Tiered Compilers"/>
    <property name="ftp.nonProxyHosts" value="local|*.local|169.254/16|*.169.254/16"/>
    <property name="java.runtime.version" value="1.8.0_402-b06"/>
    <property name="user.name" value="shreyachaudhary"/>
    <property name="path.separator" value=":"/>
    <property name="os.version" value="14.4.1"/>
    <property name="java.endorsed.dirs" value="/Library/Java/JavaVirtualMachines/temurin-8.jdk/Contents/Home/jre/lib/endorsed"/>
    <property name="java.runtime.name" value="OpenJDK Runtime Environment"/>
    <property name="file.encoding" value="UTF-8"/>
    <property name="java.vm.name" value="OpenJDK 64-Bit Server VM"/>
    <property name="localRepository" value="/Users/shreyachaudhary/.m2/repository"/>
    <property name="java.vendor.url.bug" value="https://github.com/adoptium/adoptium-support/issues"/>
    <property name="java.io.tmpdir" value="/var/folders/70/9z8mmtr153x2znr25_zb57mr0000gn/T/"/>
    <property name="java.version" value="1.8.0_402"/>
    <property name="user.dir" value="/Users/shreyachaudhary/Desktop/extra/CS527-Project/Bugs/BugSwarm/2nd_round/mp4parser-133036862/Buggy-version/isoparser"/>
    <property name="os.arch" value="x86_64"/>
    <property name="java.vm.specification.name" value="Java Virtual Machine Specification"/>
    <property name="java.awt.printerjob" value="sun.lwawt.macosx.CPrinterJob"/>
    <property name="sun.os.patch.level" value="unknown"/>
    <property name="java.library.path" value="/Users/shreyachaudhary/Library/Java/Extensions:/Library/Java/Extensions:/Network/Library/Java/Extensions:/System/Library/Java/Extensions:/usr/lib/java:."/>
    <property name="java.vm.info" value="mixed mode"/>
    <property name="java.vendor" value="Temurin"/>
    <property name="java.vm.version" value="25.402-b06"/>
    <property name="java.specification.maintenance.version" value="5"/>
    <property name="java.ext.dirs" value="/Users/shreyachaudhary/Library/Java/Extensions:/Library/Java/JavaVirtualMachines/temurin-8.jdk/Contents/Home/jre/lib/ext:/Library/Java/Extensions:/Network/Library/Java/Extensions:/System/Library/Java/Extensions:/usr/lib/java"/>
    <property name="sun.io.unicode.encoding" value="UnicodeBig"/>
    <property name="java.class.version" value="52.0"/>
    <property name="maven.test.failure.ignore" value="true"/>
    <property name="socksNonProxyHosts" value="local|*.local|169.254/16|*.169.254/16"/>
  </properties>
  <testcase name="testRoundTrip_TinyExamples_Old" classname="com.coremedia.drm.packager.isoparser.RoundTripTest" time="1.181">
    <failure message="expected:&lt;&amp;#0;&amp;#0;&amp;#0;[!]&gt; but was:&lt;&amp;#0;&amp;#0;&amp;#0;[¯]&gt;" type="org.junit.ComparisonFailure"><![CDATA[org.junit.ComparisonFailure: expected:<&amp#0;&amp#0;&amp#0;[!]> but was:<&amp#0;&amp#0;&amp#0;[¯]>
	at org.junit.Assert.assertEquals(Assert.java:115)
	at org.junit.Assert.assertEquals(Assert.java:144)
	at com.googlecode.mp4parser.authoring.tracks.BoxComparator.check(BoxComparator.java:32)
	at com.googlecode.mp4parser.authoring.tracks.BoxComparator.check(BoxComparator.java:72)
	at com.googlecode.mp4parser.authoring.tracks.BoxComparator.check(BoxComparator.java:39)
	at com.googlecode.mp4parser.authoring.tracks.BoxComparator.check(BoxComparator.java:72)
	at com.googlecode.mp4parser.authoring.tracks.BoxComparator.check(BoxComparator.java:39)
	at com.googlecode.mp4parser.authoring.tracks.BoxComparator.check(BoxComparator.java:72)
	at com.googlecode.mp4parser.authoring.tracks.BoxComparator.check(BoxComparator.java:39)
	at com.googlecode.mp4parser.authoring.tracks.BoxComparator.check(BoxComparator.java:72)
	at com.coremedia.drm.packager.isoparser.RoundTripTest.testRoundTrip_1(RoundTripTest.java:109)
	at com.coremedia.drm.packager.isoparser.RoundTripTest.__CLR4_5_28qbrvahsg(RoundTripTest.java:48)
	at com.coremedia.drm.packager.isoparser.RoundTripTest.testRoundTrip_TinyExamples_Old(RoundTripTest.java:47)
	at sun.reflect.NativeMethodAccessorImpl.invoke0(Native Method)
	at sun.reflect.NativeMethodAccessorImpl.invoke(NativeMethodAccessorImpl.java:62)
	at sun.reflect.DelegatingMethodAccessorImpl.invoke(DelegatingMethodAccessorImpl.java:43)
	at java.lang.reflect.Method.invoke(Method.java:498)
	at junit.framework.TestCase.runTest(TestCase.java:176)
	at junit.framework.TestCase.runBare(TestCase.java:141)
	at junit.framework.TestResult$1.protect(TestResult.java:122)
	at junit.framework.TestResult.runProtected(TestResult.java:142)
	at junit.framework.TestResult.run(TestResult.java:125)
	at junit.framework.TestCase.run(TestCase.java:129)
	at junit.framework.TestSuite.runTest(TestSuite.java:252)
	at junit.framework.TestSuite.run(TestSuite.java:247)
	at org.junit.internal.runners.JUnit38ClassRunner.run(JUnit38ClassRunner.java:86)
	at org.apache.maven.surefire.junit4.JUnit4Provider.execute(JUnit4Provider.java:316)
	at org.apache.maven.surefire.junit4.JUnit4Provider.executeWithRerun(JUnit4Provider.java:240)
	at org.apache.maven.surefire.junit4.JUnit4Provider.executeTestSet(JUnit4Provider.java:214)
	at org.apache.maven.surefire.junit4.JUnit4Provider.invoke(JUnit4Provider.java:155)
	at org.apache.maven.surefire.booter.ForkedBooter.runSuitesInProcess(ForkedBooter.java:385)
	at org.apache.maven.surefire.booter.ForkedBooter.execute(ForkedBooter.java:162)
	at org.apache.maven.surefire.booter.ForkedBooter.run(ForkedBooter.java:507)
	at org.apache.maven.surefire.booter.ForkedBooter.main(ForkedBooter.java:495)
]]></failure>
  </testcase>
  <testcase name="testRoundTrip_1a" classname="com.coremedia.drm.packager.isoparser.RoundTripTest" time="0.571"/>
  <testcase name="testRoundTrip_1b" classname="com.coremedia.drm.packager.isoparser.RoundTripTest" time="0.197"/>
  <testcase name="testRoundTrip_1c" classname="com.coremedia.drm.packager.isoparser.RoundTripTest" time="0.145">
    <failure message="expected:&lt;&amp;#0;&amp;#0;[&amp;#0;&quot;]&gt; but was:&lt;&amp;#0;&amp;#0;[	8]&gt;" type="org.junit.ComparisonFailure"><![CDATA[org.junit.ComparisonFailure: expected:<&amp#0;&amp#0;[&amp#0;"]> but was:<&amp#0;&amp#0;[	8]>
	at org.junit.Assert.assertEquals(Assert.java:115)
	at org.junit.Assert.assertEquals(Assert.java:144)
	at com.googlecode.mp4parser.authoring.tracks.BoxComparator.check(BoxComparator.java:32)
	at com.googlecode.mp4parser.authoring.tracks.BoxComparator.check(BoxComparator.java:72)
	at com.googlecode.mp4parser.authoring.tracks.BoxComparator.check(BoxComparator.java:39)
	at com.googlecode.mp4parser.authoring.tracks.BoxComparator.check(BoxComparator.java:72)
	at com.googlecode.mp4parser.authoring.tracks.BoxComparator.check(BoxComparator.java:39)
	at com.googlecode.mp4parser.authoring.tracks.BoxComparator.check(BoxComparator.java:72)
	at com.googlecode.mp4parser.authoring.tracks.BoxComparator.check(BoxComparator.java:39)
	at com.googlecode.mp4parser.authoring.tracks.BoxComparator.check(BoxComparator.java:72)
	at com.coremedia.drm.packager.isoparser.RoundTripTest.testRoundTrip_1(RoundTripTest.java:109)
	at com.coremedia.drm.packager.isoparser.RoundTripTest.__CLR4_5_2le55ivhsq(RoundTripTest.java:69)
	at com.coremedia.drm.packager.isoparser.RoundTripTest.testRoundTrip_1c(RoundTripTest.java:68)
	at sun.reflect.NativeMethodAccessorImpl.invoke0(Native Method)
	at sun.reflect.NativeMethodAccessorImpl.invoke(NativeMethodAccessorImpl.java:62)
	at sun.reflect.DelegatingMethodAccessorImpl.invoke(DelegatingMethodAccessorImpl.java:43)
	at java.lang.reflect.Method.invoke(Method.java:498)
	at junit.framework.TestCase.runTest(TestCase.java:176)
	at junit.framework.TestCase.runBare(TestCase.java:141)
	at junit.framework.TestResult$1.protect(TestResult.java:122)
	at junit.framework.TestResult.runProtected(TestResult.java:142)
	at junit.framework.TestResult.run(TestResult.java:125)
	at junit.framework.TestCase.run(TestCase.java:129)
	at junit.framework.TestSuite.runTest(TestSuite.java:252)
	at junit.framework.TestSuite.run(TestSuite.java:247)
	at org.junit.internal.runners.JUnit38ClassRunner.run(JUnit38ClassRunner.java:86)
	at org.apache.maven.surefire.junit4.JUnit4Provider.execute(JUnit4Provider.java:316)
	at org.apache.maven.surefire.junit4.JUnit4Provider.executeWithRerun(JUnit4Provider.java:240)
	at org.apache.maven.surefire.junit4.JUnit4Provider.executeTestSet(JUnit4Provider.java:214)
	at org.apache.maven.surefire.junit4.JUnit4Provider.invoke(JUnit4Provider.java:155)
	at org.apache.maven.surefire.booter.ForkedBooter.runSuitesInProcess(ForkedBooter.java:385)
	at org.apache.maven.surefire.booter.ForkedBooter.execute(ForkedBooter.java:162)
	at org.apache.maven.surefire.booter.ForkedBooter.run(ForkedBooter.java:507)
	at org.apache.maven.surefire.booter.ForkedBooter.main(ForkedBooter.java:495)
]]></failure>
  </testcase>
  <testcase name="testRoundTrip_1d" classname="com.coremedia.drm.packager.isoparser.RoundTripTest" time="0.206">
    <failure message="expected:&lt;&amp;#0;&amp;#0;[&amp;#0;&quot;]&gt; but was:&lt;&amp;#0;&amp;#0;[¾Ü]&gt;" type="org.junit.ComparisonFailure"><![CDATA[org.junit.ComparisonFailure: expected:<&amp#0;&amp#0;[&amp#0;"]> but was:<&amp#0;&amp#0;[¾Ü]>
	at org.junit.Assert.assertEquals(Assert.java:115)
	at org.junit.Assert.assertEquals(Assert.java:144)
	at com.googlecode.mp4parser.authoring.tracks.BoxComparator.check(BoxComparator.java:32)
	at com.googlecode.mp4parser.authoring.tracks.BoxComparator.check(BoxComparator.java:72)
	at com.googlecode.mp4parser.authoring.tracks.BoxComparator.check(BoxComparator.java:39)
	at com.googlecode.mp4parser.authoring.tracks.BoxComparator.check(BoxComparator.java:72)
	at com.googlecode.mp4parser.authoring.tracks.BoxComparator.check(BoxComparator.java:39)
	at com.googlecode.mp4parser.authoring.tracks.BoxComparator.check(BoxComparator.java:72)
	at com.googlecode.mp4parser.authoring.tracks.BoxComparator.check(BoxComparator.java:39)
	at com.googlecode.mp4parser.authoring.tracks.BoxComparator.check(BoxComparator.java:72)
	at com.coremedia.drm.packager.isoparser.RoundTripTest.testRoundTrip_1(RoundTripTest.java:109)
	at com.coremedia.drm.packager.isoparser.RoundTripTest.__CLR4_5_2on54bchss(RoundTripTest.java:73)
	at com.coremedia.drm.packager.isoparser.RoundTripTest.testRoundTrip_1d(RoundTripTest.java:72)
	at sun.reflect.NativeMethodAccessorImpl.invoke0(Native Method)
	at sun.reflect.NativeMethodAccessorImpl.invoke(NativeMethodAccessorImpl.java:62)
	at sun.reflect.DelegatingMethodAccessorImpl.invoke(DelegatingMethodAccessorImpl.java:43)
	at java.lang.reflect.Method.invoke(Method.java:498)
	at junit.framework.TestCase.runTest(TestCase.java:176)
	at junit.framework.TestCase.runBare(TestCase.java:141)
	at junit.framework.TestResult$1.protect(TestResult.java:122)
	at junit.framework.TestResult.runProtected(TestResult.java:142)
	at junit.framework.TestResult.run(TestResult.java:125)
	at junit.framework.TestCase.run(TestCase.java:129)
	at junit.framework.TestSuite.runTest(TestSuite.java:252)
	at junit.framework.TestSuite.run(TestSuite.java:247)
	at org.junit.internal.runners.JUnit38ClassRunner.run(JUnit38ClassRunner.java:86)
	at org.apache.maven.surefire.junit4.JUnit4Provider.execute(JUnit4Provider.java:316)
	at org.apache.maven.surefire.junit4.JUnit4Provider.executeWithRerun(JUnit4Provider.java:240)
	at org.apache.maven.surefire.junit4.JUnit4Provider.executeTestSet(JUnit4Provider.java:214)
	at org.apache.maven.surefire.junit4.JUnit4Provider.invoke(JUnit4Provider.java:155)
	at org.apache.maven.surefire.booter.ForkedBooter.runSuitesInProcess(ForkedBooter.java:385)
	at org.apache.maven.surefire.booter.ForkedBooter.execute(ForkedBooter.java:162)
	at org.apache.maven.surefire.booter.ForkedBooter.run(ForkedBooter.java:507)
	at org.apache.maven.surefire.booter.ForkedBooter.main(ForkedBooter.java:495)
]]></failure>
  </testcase>
  <testcase name="testRoundTrip_1e" classname="com.coremedia.drm.packager.isoparser.RoundTripTest" time="0.198">
    <failure message="expected:&lt;&amp;#0;&amp;#0;[&amp;#0; ]&gt; but was:&lt;&amp;#0;&amp;#0;[&amp;#8;Û]&gt;" type="org.junit.ComparisonFailure"><![CDATA[org.junit.ComparisonFailure: expected:<&amp#0;&amp#0;[&amp#0; ]> but was:<&amp#0;&amp#0;[&amp#8;Û]>
	at org.junit.Assert.assertEquals(Assert.java:115)
	at org.junit.Assert.assertEquals(Assert.java:144)
	at com.googlecode.mp4parser.authoring.tracks.BoxComparator.check(BoxComparator.java:32)
	at com.googlecode.mp4parser.authoring.tracks.BoxComparator.check(BoxComparator.java:72)
	at com.googlecode.mp4parser.authoring.tracks.BoxComparator.check(BoxComparator.java:39)
	at com.googlecode.mp4parser.authoring.tracks.BoxComparator.check(BoxComparator.java:72)
	at com.googlecode.mp4parser.authoring.tracks.BoxComparator.check(BoxComparator.java:39)
	at com.googlecode.mp4parser.authoring.tracks.BoxComparator.check(BoxComparator.java:72)
	at com.googlecode.mp4parser.authoring.tracks.BoxComparator.check(BoxComparator.java:39)
	at com.googlecode.mp4parser.authoring.tracks.BoxComparator.check(BoxComparator.java:72)
	at com.coremedia.drm.packager.isoparser.RoundTripTest.testRoundTrip_1(RoundTripTest.java:109)
	at com.coremedia.drm.packager.isoparser.RoundTripTest.__CLR4_5_2rw533thsu(RoundTripTest.java:77)
	at com.coremedia.drm.packager.isoparser.RoundTripTest.testRoundTrip_1e(RoundTripTest.java:76)
	at sun.reflect.NativeMethodAccessorImpl.invoke0(Native Method)
	at sun.reflect.NativeMethodAccessorImpl.invoke(NativeMethodAccessorImpl.java:62)
	at sun.reflect.DelegatingMethodAccessorImpl.invoke(DelegatingMethodAccessorImpl.java:43)
	at java.lang.reflect.Method.invoke(Method.java:498)
	at junit.framework.TestCase.runTest(TestCase.java:176)
	at junit.framework.TestCase.runBare(TestCase.java:141)
	at junit.framework.TestResult$1.protect(TestResult.java:122)
	at junit.framework.TestResult.runProtected(TestResult.java:142)
	at junit.framework.TestResult.run(TestResult.java:125)
	at junit.framework.TestCase.run(TestCase.java:129)
	at junit.framework.TestSuite.runTest(TestSuite.java:252)
	at junit.framework.TestSuite.run(TestSuite.java:247)
	at org.junit.internal.runners.JUnit38ClassRunner.run(JUnit38ClassRunner.java:86)
	at org.apache.maven.surefire.junit4.JUnit4Provider.execute(JUnit4Provider.java:316)
	at org.apache.maven.surefire.junit4.JUnit4Provider.executeWithRerun(JUnit4Provider.java:240)
	at org.apache.maven.surefire.junit4.JUnit4Provider.executeTestSet(JUnit4Provider.java:214)
	at org.apache.maven.surefire.junit4.JUnit4Provider.invoke(JUnit4Provider.java:155)
	at org.apache.maven.surefire.booter.ForkedBooter.runSuitesInProcess(ForkedBooter.java:385)
	at org.apache.maven.surefire.booter.ForkedBooter.execute(ForkedBooter.java:162)
	at org.apache.maven.surefire.booter.ForkedBooter.run(ForkedBooter.java:507)
	at org.apache.maven.surefire.booter.ForkedBooter.main(ForkedBooter.java:495)
]]></failure>
  </testcase>
  <testcase name="testRoundTrip_TinyExamples_Untouched" classname="com.coremedia.drm.packager.isoparser.RoundTripTest" time="0.174"/>
  <testcase name="testRoundTrip_TinyExamples_Metaxed" classname="com.coremedia.drm.packager.isoparser.RoundTripTest" time="0.274">
    <failure message="expected:&lt;&amp;#0;&amp;#0;&amp;#0;[!]&gt; but was:&lt;&amp;#0;&amp;#0;&amp;#0;[]&gt;" type="org.junit.ComparisonFailure"><![CDATA[org.junit.ComparisonFailure: expected:<&amp#0;&amp#0;&amp#0;[!]> but was:<&amp#0;&amp#0;&amp#0;[]>
	at org.junit.Assert.assertEquals(Assert.java:115)
	at org.junit.Assert.assertEquals(Assert.java:144)
	at com.googlecode.mp4parser.authoring.tracks.BoxComparator.check(BoxComparator.java:32)
	at com.googlecode.mp4parser.authoring.tracks.BoxComparator.check(BoxComparator.java:72)
	at com.googlecode.mp4parser.authoring.tracks.BoxComparator.check(BoxComparator.java:39)
	at com.googlecode.mp4parser.authoring.tracks.BoxComparator.check(BoxComparator.java:72)
	at com.googlecode.mp4parser.authoring.tracks.BoxComparator.check(BoxComparator.java:39)
	at com.googlecode.mp4parser.authoring.tracks.BoxComparator.check(BoxComparator.java:72)
	at com.googlecode.mp4parser.authoring.tracks.BoxComparator.check(BoxComparator.java:39)
	at com.googlecode.mp4parser.authoring.tracks.BoxComparator.check(BoxComparator.java:72)
	at com.coremedia.drm.packager.isoparser.RoundTripTest.testRoundTrip_1(RoundTripTest.java:109)
	at com.coremedia.drm.packager.isoparser.RoundTripTest.__CLR4_5_2mz6mv5hsi(RoundTripTest.java:52)
	at com.coremedia.drm.packager.isoparser.RoundTripTest.testRoundTrip_TinyExamples_Metaxed(RoundTripTest.java:51)
	at sun.reflect.NativeMethodAccessorImpl.invoke0(Native Method)
	at sun.reflect.NativeMethodAccessorImpl.invoke(NativeMethodAccessorImpl.java:62)
	at sun.reflect.DelegatingMethodAccessorImpl.invoke(DelegatingMethodAccessorImpl.java:43)
	at java.lang.reflect.Method.invoke(Method.java:498)
	at junit.framework.TestCase.runTest(TestCase.java:176)
	at junit.framework.TestCase.runBare(TestCase.java:141)
	at junit.framework.TestResult$1.protect(TestResult.java:122)
	at junit.framework.TestResult.runProtected(TestResult.java:142)
	at junit.framework.TestResult.run(TestResult.java:125)
	at junit.framework.TestCase.run(TestCase.java:129)
	at junit.framework.TestSuite.runTest(TestSuite.java:252)
	at junit.framework.TestSuite.run(TestSuite.java:247)
	at org.junit.internal.runners.JUnit38ClassRunner.run(JUnit38ClassRunner.java:86)
	at org.apache.maven.surefire.junit4.JUnit4Provider.execute(JUnit4Provider.java:316)
	at org.apache.maven.surefire.junit4.JUnit4Provider.executeWithRerun(JUnit4Provider.java:240)
	at org.apache.maven.surefire.junit4.JUnit4Provider.executeTestSet(JUnit4Provider.java:214)
	at org.apache.maven.surefire.junit4.JUnit4Provider.invoke(JUnit4Provider.java:155)
	at org.apache.maven.surefire.booter.ForkedBooter.runSuitesInProcess(ForkedBooter.java:385)
	at org.apache.maven.surefire.booter.ForkedBooter.execute(ForkedBooter.java:162)
	at org.apache.maven.surefire.booter.ForkedBooter.run(ForkedBooter.java:507)
	at org.apache.maven.surefire.booter.ForkedBooter.main(ForkedBooter.java:495)
]]></failure>
  </testcase>
</testsuite>