<?xml version="1.0" encoding="UTF-8"?>
<testsuite name="java_testcases.junit.crt_program.NEXT_PALINDROME_TEST" tests="5" skipped="0" failures="0" errors="0" timestamp="2024-04-01T05:55:51" hostname="Sejals-MacBook-Air.local" time="0.005">
  <properties/>
  <testcase name="test_0" classname="java_testcases.junit.crt_program.NEXT_PALINDROME_TEST" time="0.002"/>
  <testcase name="test_1" classname="java_testcases.junit.crt_program.NEXT_PALINDROME_TEST" time="0.0"/>
  <testcase name="test_2" classname="java_testcases.junit.crt_program.NEXT_PALINDROME_TEST" time="0.0"/>
  <testcase name="test_3" classname="java_testcases.junit.crt_program.NEXT_PALINDROME_TEST" time="0.0"/>
  <testcase name="test_4" classname="java_testcases.junit.crt_program.NEXT_PALINDROME_TEST" time="0.003"/>
  <system-out><![CDATA[]]></system-out>
  <system-err><![CDATA[]]></system-err>
</testsuite>
