<?xml version="1.0" encoding="UTF-8"?>
<testsuite name="org.mockito.release.comparison.ZipComparatorTest" tests="2" skipped="0" failures="0" errors="0" timestamp="2024-03-30T06:45:51" hostname="Shrushtis-MacBook-Air.local" time="0.023">
  <properties/>
  <testcase name="compares files" classname="org.mockito.release.comparison.ZipComparatorTest" time="0.017"/>
  <testcase name="detects not equal zips" classname="org.mockito.release.comparison.ZipComparatorTest" time="0.006"/>
  <system-out><![CDATA[]]></system-out>
  <system-err><![CDATA[]]></system-err>
</testsuite>
