<?xml version="1.0" encoding="UTF-8"?>
<testsuite name="org.mockito.release.comparison.ZipCompareTest" tests="2" skipped="0" failures="0" errors="0" timestamp="2024-04-07T20:27:24" hostname="Shrushtis-MacBook-Air.local" time="0.057">
  <properties/>
  <testcase name="compares zips" classname="org.mockito.release.comparison.ZipCompareTest" time="0.052"/>
  <testcase name="fails early when any of the zips cannot be opened" classname="org.mockito.release.comparison.ZipCompareTest" time="0.003"/>
  <system-out><![CDATA[13:27:24.680 [Test worker] INFO  o.m.release.comparison.ZipCompare - Comparing /var/folders/fp/r3q888xd0pq7wl45t_l61g100000gn/T/junit7543834825037221772/junit624524500924670810/zip-1.zip with /var/folders/fp/r3q888xd0pq7wl45t_l61g100000gn/T/junit7543834825037221772/junit624524500924670810/zip-2.zip
13:27:24.681 [Test worker] INFO  o.m.release.comparison.ZipCompare - 4 entries matched
13:27:24.682 [Test worker] INFO  o.m.release.comparison.ZipCompare - Comparing /var/folders/fp/r3q888xd0pq7wl45t_l61g100000gn/T/junit7543834825037221772/junit624524500924670810/zip-2.zip with /var/folders/fp/r3q888xd0pq7wl45t_l61g100000gn/T/junit7543834825037221772/junit624524500924670810/zip-1.zip
13:27:24.682 [Test worker] INFO  o.m.release.comparison.ZipCompare - 4 entries matched
13:27:24.682 [Test worker] INFO  o.m.release.comparison.ZipCompare - Comparing /var/folders/fp/r3q888xd0pq7wl45t_l61g100000gn/T/junit7543834825037221772/junit624524500924670810/zip-1.zip with /var/folders/fp/r3q888xd0pq7wl45t_l61g100000gn/T/junit7543834825037221772/junit624524500924670810/zip-3.zip
13:27:24.682 [Test worker] INFO  o.m.release.comparison.ZipCompare - x/y/4.txt does not match
13:27:24.682 [Test worker] INFO  o.m.release.comparison.ZipCompare - 3 entries matched
13:27:24.682 [Test worker] INFO  o.m.release.comparison.ZipCompare - 1 entries did not match
13:27:24.682 [Test worker] INFO  o.m.release.comparison.ZipCompare - Comparing /var/folders/fp/r3q888xd0pq7wl45t_l61g100000gn/T/junit7543834825037221772/junit624524500924670810/zip-1.zip with /var/folders/fp/r3q888xd0pq7wl45t_l61g100000gn/T/junit7543834825037221772/junit624524500924670810/zip-4.zip
13:27:24.682 [Test worker] INFO  o.m.release.comparison.ZipCompare - x/y/4.txt not found in /var/folders/fp/r3q888xd0pq7wl45t_l61g100000gn/T/junit7543834825037221772/junit624524500924670810/zip-4.zip
13:27:24.682 [Test worker] INFO  o.m.release.comparison.ZipCompare - 3 entries matched
13:27:24.682 [Test worker] INFO  o.m.release.comparison.ZipCompare - 1 entries did not match
13:27:24.682 [Test worker] INFO  o.m.release.comparison.ZipCompare - Comparing /var/folders/fp/r3q888xd0pq7wl45t_l61g100000gn/T/junit7543834825037221772/junit624524500924670810/zip-1.zip with /var/folders/fp/r3q888xd0pq7wl45t_l61g100000gn/T/junit7543834825037221772/junit624524500924670810/zip-5.zip
13:27:24.683 [Test worker] INFO  o.m.release.comparison.ZipCompare - x.txt not found in /var/folders/fp/r3q888xd0pq7wl45t_l61g100000gn/T/junit7543834825037221772/junit624524500924670810/zip-1.zip
13:27:24.683 [Test worker] INFO  o.m.release.comparison.ZipCompare - 4 entries matched
13:27:24.683 [Test worker] INFO  o.m.release.comparison.ZipCompare - 1 entries did not match
]]></system-out>
  <system-err><![CDATA[]]></system-err>
</testsuite>
