<?xml version="1.0" encoding="UTF-8"?>
<testsuite name="org.mockito.release.exec.DefaultProcessRunnerTest" tests="1" skipped="0" failures="0" errors="0" timestamp="2024-04-01T20:52:56" hostname="Shrushtis-MacBook-Air.local" time="0.329">
  <properties/>
  <testcase name="runs processes" classname="org.mockito.release.exec.DefaultProcessRunnerTest" time="0.329"/>
  <system-out><![CDATA[13:52:56.809 [Test worker] INFO  o.m.r.exec.DefaultProcessRunner - Executing command: [ls]
]]></system-out>
  <system-err><![CDATA[]]></system-err>
</testsuite>
