<?xml version="1.0" encoding="UTF-8"?>
<testsuite name="org.mockito.release.exec.DefaultProcessRunnerTest" tests="1" skipped="0" failures="0" errors="0" timestamp="2024-04-07T20:27:24" hostname="Shrushtis-MacBook-Air.local" time="0.018">
  <properties/>
  <testcase name="runs processes" classname="org.mockito.release.exec.DefaultProcessRunnerTest" time="0.018"/>
  <system-out><![CDATA[13:27:24.613 [Test worker] INFO  o.m.r.exec.DefaultProcessRunner - Executing command: [ls]
]]></system-out>
  <system-err><![CDATA[]]></system-err>
</testsuite>
