<?xml version="1.0" encoding="UTF-8"?>
<testsuite name="java_programs.EvosuiteFLATTEN_ESTest" tests="2" skipped="0" failures="0" errors="0" timestamp="2024-04-25T06:46:46" hostname="Sejals-MacBook-Air.local" time="0.005">
  <properties/>
  <testcase name="test0" classname="java_programs.EvosuiteFLATTEN_ESTest" time="0.004"/>
  <testcase name="test1" classname="java_programs.EvosuiteFLATTEN_ESTest" time="0.001"/>
  <system-out><![CDATA[]]></system-out>
  <system-err><![CDATA[]]></system-err>
</testsuite>
