<?xml version="1.0" encoding="UTF-8"?>
<testsuite name="java_testcases.junit.FLATTEN_TEST" tests="7" skipped="0" failures="6" errors="0" timestamp="2024-04-25T06:46:46" hostname="Sejals-MacBook-Air.local" time="0.032">
  <properties/>
  <testcase name="test_0" classname="java_testcases.junit.FLATTEN_TEST" time="0.007">
    <failure message="java.lang.StackOverflowError" type="java.lang.StackOverflowError">java.lang.StackOverflowError
	at java_programs.FLATTEN.$jacocoInit(FLATTEN.java)
	at java_programs.FLATTEN.flatten(FLATTEN.java)
	at java_programs.FLATTEN.flatten(FLATTEN.java:26)
	at java_programs.FLATTEN.flatten(FLATTEN.java:26)
	at java_programs.FLATTEN.flatten(FLATTEN.java:26)
	at java_programs.FLATTEN.flatten(FLATTEN.java:26)
	at java_programs.FLATTEN.flatten(FLATTEN.java:26)
	at java_programs.FLATTEN.flatten(FLATTEN.java:26)
	at java_programs.FLATTEN.flatten(FLATTEN.java:26)
	at java_programs.FLATTEN.flatten(FLATTEN.java:26)
	at java_programs.FLATTEN.flatten(FLATTEN.java:26)
	at java_programs.FLATTEN.flatten(FLATTEN.java:26)
	at java_programs.FLATTEN.flatten(FLATTEN.java:26)
	at java_programs.FLATTEN.flatten(FLATTEN.java:26)
	at java_programs.FLATTEN.flatten(FLATTEN.java:26)
	at java_programs.FLATTEN.flatten(FLATTEN.java:26)
	at java_programs.FLATTEN.flatten(FLATTEN.java:26)
	at java_programs.FLATTEN.flatten(FLATTEN.java:26)
	at java_programs.FLATTEN.flatten(FLATTEN.java:26)
	at java_programs.FLATTEN.flatten(FLATTEN.java:26)
	at java_programs.FLATTEN.flatten(FLATTEN.java:26)
	at java_programs.FLATTEN.flatten(FLATTEN.java:26)
	at java_programs.FLATTEN.flatten(FLATTEN.java:26)
	at java_programs.FLATTEN.flatten(FLATTEN.java:26)
	at java_programs.FLATTEN.flatten(FLATTEN.java:26)
	at java_programs.FLATTEN.flatten(FLATTEN.java:26)
	at java_programs.FLATTEN.flatten(FLATTEN.java:26)
	at java_programs.FLATTEN.flatten(FLATTEN.java:26)
	at java_programs.FLATTEN.flatten(FLATTEN.java:26)
	at java_programs.FLATTEN.flatten(FLATTEN.java:26)
	at java_programs.FLATTEN.flatten(FLATTEN.java:26)
	at java_programs.FLATTEN.flatten(FLATTEN.java:26)
	at java_programs.FLATTEN.flatten(FLATTEN.java:26)
	at java_programs.FLATTEN.flatten(FLATTEN.java:26)
	at java_programs.FLATTEN.flatten(FLATTEN.java:26)
	at java_programs.FLATTEN.flatten(FLATTEN.java:26)
	at java_programs.FLATTEN.flatten(FLATTEN.java:26)
	at java_programs.FLATTEN.flatten(FLATTEN.java:26)
	at java_programs.FLATTEN.flatten(FLATTEN.java:26)
	at java_programs.FLATTEN.flatten(FLATTEN.java:26)
	at java_programs.FLATTEN.flatten(FLATTEN.java:26)
	at java_programs.FLATTEN.flatten(FLATTEN.java:26)
	at java_programs.FLATTEN.flatten(FLATTEN.java:26)
	at java_programs.FLATTEN.flatten(FLATTEN.java:26)
	at java_programs.FLATTEN.flatten(FLATTEN.java:26)
	at java_programs.FLATTEN.flatten(FLATTEN.java:26)
	at java_programs.FLATTEN.flatten(FLATTEN.java:26)
	at java_programs.FLATTEN.flatten(FLATTEN.java:26)
	at java_programs.FLATTEN.flatten(FLATTEN.java:26)
	at java_programs.FLATTEN.flatten(FLATTEN.java:26)
	at java_programs.FLATTEN.flatten(FLATTEN.java:26)
	at java_programs.FLATTEN.flatten(FLATTEN.java:26)
	at java_programs.FLATTEN.flatten(FLATTEN.java:26)
	at java_programs.FLATTEN.flatten(FLATTEN.java:26)
	at java_programs.FLATTEN.flatten(FLATTEN.java:26)
	at java_programs.FLATTEN.flatten(FLATTEN.java:26)
	at java_programs.FLATTEN.flatten(FLATTEN.java:26)
	at java_programs.FLATTEN.flatten(FLATTEN.java:26)
	at java_programs.FLATTEN.flatten(FLATTEN.java:26)
	at java_programs.FLATTEN.flatten(FLATTEN.java:26)
	at java_programs.FLATTEN.flatten(FLATTEN.java:26)
	at java_programs.FLATTEN.flatten(FLATTEN.java:26)
	at java_programs.FLATTEN.flatten(FLATTEN.java:26)
	at java_programs.FLATTEN.flatten(FLATTEN.java:26)
	at java_programs.FLATTEN.flatten(FLATTEN.java:26)
	at java_programs.FLATTEN.flatten(FLATTEN.java:26)
	at java_programs.FLATTEN.flatten(FLATTEN.java:26)
	at java_programs.FLATTEN.flatten(FLATTEN.java:26)
	at java_programs.FLATTEN.flatten(FLATTEN.java:26)
	at java_programs.FLATTEN.flatten(FLATTEN.java:26)
	at java_programs.FLATTEN.flatten(FLATTEN.java:26)
	at java_programs.FLATTEN.flatten(FLATTEN.java:26)
	at java_programs.FLATTEN.flatten(FLATTEN.java:26)
	at java_programs.FLATTEN.flatten(FLATTEN.java:26)
	at java_programs.FLATTEN.flatten(FLATTEN.java:26)
	at java_programs.FLATTEN.flatten(FLATTEN.java:26)
	at java_programs.FLATTEN.flatten(FLATTEN.java:26)
	at java_programs.FLATTEN.flatten(FLATTEN.java:26)
	at java_programs.FLATTEN.flatten(FLATTEN.java:26)
	at java_programs.FLATTEN.flatten(FLATTEN.java:26)
	at java_programs.FLATTEN.flatten(FLATTEN.java:26)
	at java_programs.FLATTEN.flatten(FLATTEN.java:26)
	at java_programs.FLATTEN.flatten(FLATTEN.java:26)
	at java_programs.FLATTEN.flatten(FLATTEN.java:26)
	at java_programs.FLATTEN.flatten(FLATTEN.java:26)
	at java_programs.FLATTEN.flatten(FLATTEN.java:26)
	at java_programs.FLATTEN.flatten(FLATTEN.java:26)
	at java_programs.FLATTEN.flatten(FLATTEN.java:26)
	at java_programs.FLATTEN.flatten(FLATTEN.java:26)
	at java_programs.FLATTEN.flatten(FLATTEN.java:26)
	at java_programs.FLATTEN.flatten(FLATTEN.java:26)
	at java_programs.FLATTEN.flatten(FLATTEN.java:26)
	at java_programs.FLATTEN.flatten(FLATTEN.java:26)
	at java_programs.FLATTEN.flatten(FLATTEN.java:26)
	at java_programs.FLATTEN.flatten(FLATTEN.java:26)
	at java_programs.FLATTEN.flatten(FLATTEN.java:26)
	at java_programs.FLATTEN.flatten(FLATTEN.java:26)
	at java_programs.FLATTEN.flatten(FLATTEN.java:26)
	at java_programs.FLATTEN.flatten(FLATTEN.java:26)
	at java_programs.FLATTEN.flatten(FLATTEN.java:26)
	at java_programs.FLATTEN.flatten(FLATTEN.java:26)
	at java_programs.FLATTEN.flatten(FLATTEN.java:26)
	at java_programs.FLATTEN.flatten(FLATTEN.java:26)
	at java_programs.FLATTEN.flatten(FLATTEN.java:26)
	at java_programs.FLATTEN.flatten(FLATTEN.java:26)
	at java_programs.FLATTEN.flatten(FLATTEN.java:26)
	at java_programs.FLATTEN.flatten(FLATTEN.java:26)
	at java_programs.FLATTEN.flatten(FLATTEN.java:26)
	at java_programs.FLATTEN.flatten(FLATTEN.java:26)
	at java_programs.FLATTEN.flatten(FLATTEN.java:26)
	at java_programs.FLATTEN.flatten(FLATTEN.java:26)
	at java_programs.FLATTEN.flatten(FLATTEN.java:26)
	at java_programs.FLATTEN.flatten(FLATTEN.java:26)
	at java_programs.FLATTEN.flatten(FLATTEN.java:26)
	at java_programs.FLATTEN.flatten(FLATTEN.java:26)
	at java_programs.FLATTEN.flatten(FLATTEN.java:26)
	at java_programs.FLATTEN.flatten(FLATTEN.java:26)
	at java_programs.FLATTEN.flatten(FLATTEN.java:26)
	at java_programs.FLATTEN.flatten(FLATTEN.java:26)
	at java_programs.FLATTEN.flatten(FLATTEN.java:26)
	at java_programs.FLATTEN.flatten(FLATTEN.java:26)
	at java_programs.FLATTEN.flatten(FLATTEN.java:26)
	at java_programs.FLATTEN.flatten(FLATTEN.java:26)
	at java_programs.FLATTEN.flatten(FLATTEN.java:26)
	at java_programs.FLATTEN.flatten(FLATTEN.java:26)
	at java_programs.FLATTEN.flatten(FLATTEN.java:26)
	at java_programs.FLATTEN.flatten(FLATTEN.java:26)
	at java_programs.FLATTEN.flatten(FLATTEN.java:26)
	at java_programs.FLATTEN.flatten(FLATTEN.java:26)
	at java_programs.FLATTEN.flatten(FLATTEN.java:26)
	at java_programs.FLATTEN.flatten(FLATTEN.java:26)
	at java_programs.FLATTEN.flatten(FLATTEN.java:26)
	at java_programs.FLATTEN.flatten(FLATTEN.java:26)
	at java_programs.FLATTEN.flatten(FLATTEN.java:26)
	at java_programs.FLATTEN.flatten(FLATTEN.java:26)
	at java_programs.FLATTEN.flatten(FLATTEN.java:26)
	at java_programs.FLATTEN.flatten(FLATTEN.java:26)
	at java_programs.FLATTEN.flatten(FLATTEN.java:26)
	at java_programs.FLATTEN.flatten(FLATTEN.java:26)
	at java_programs.FLATTEN.flatten(FLATTEN.java:26)
	at java_programs.FLATTEN.flatten(FLATTEN.java:26)
	at java_programs.FLATTEN.flatten(FLATTEN.java:26)
	at java_programs.FLATTEN.flatten(FLATTEN.java:26)
	at java_programs.FLATTEN.flatten(FLATTEN.java:26)
	at java_programs.FLATTEN.flatten(FLATTEN.java:26)
	at java_programs.FLATTEN.flatten(FLATTEN.java:26)
	at java_programs.FLATTEN.flatten(FLATTEN.java:26)
	at java_programs.FLATTEN.flatten(FLATTEN.java:26)
	at java_programs.FLATTEN.flatten(FLATTEN.java:26)
	at java_programs.FLATTEN.flatten(FLATTEN.java:26)
	at java_programs.FLATTEN.flatten(FLATTEN.java:26)
	at java_programs.FLATTEN.flatten(FLATTEN.java:26)
	at java_programs.FLATTEN.flatten(FLATTEN.java:26)
	at java_programs.FLATTEN.flatten(FLATTEN.java:26)
	at java_programs.FLATTEN.flatten(FLATTEN.java:26)
	at java_programs.FLATTEN.flatten(FLATTEN.java:26)
	at java_programs.FLATTEN.flatten(FLATTEN.java:26)
	at java_programs.FLATTEN.flatten(FLATTEN.java:26)
	at java_programs.FLATTEN.flatten(FLATTEN.java:26)
	at java_programs.FLATTEN.flatten(FLATTEN.java:26)
	at java_programs.FLATTEN.flatten(FLATTEN.java:26)
	at java_programs.FLATTEN.flatten(FLATTEN.java:26)
	at java_programs.FLATTEN.flatten(FLATTEN.java:26)
	at java_programs.FLATTEN.flatten(FLATTEN.java:26)
	at java_programs.FLATTEN.flatten(FLATTEN.java:26)
	at java_programs.FLATTEN.flatten(FLATTEN.java:26)
	at java_programs.FLATTEN.flatten(FLATTEN.java:26)
	at java_programs.FLATTEN.flatten(FLATTEN.java:26)
	at java_programs.FLATTEN.flatten(FLATTEN.java:26)
	at java_programs.FLATTEN.flatten(FLATTEN.java:26)
	at java_programs.FLATTEN.flatten(FLATTEN.java:26)
	at java_programs.FLATTEN.flatten(FLATTEN.java:26)
	at java_programs.FLATTEN.flatten(FLATTEN.java:26)
	at java_programs.FLATTEN.flatten(FLATTEN.java:26)
	at java_programs.FLATTEN.flatten(FLATTEN.java:26)
	at java_programs.FLATTEN.flatten(FLATTEN.java:26)
	at java_programs.FLATTEN.flatten(FLATTEN.java:26)
	at java_programs.FLATTEN.flatten(FLATTEN.java:26)
	at java_programs.FLATTEN.flatten(FLATTEN.java:26)
	at java_programs.FLATTEN.flatten(FLATTEN.java:26)
	at java_programs.FLATTEN.flatten(FLATTEN.java:26)
	at java_programs.FLATTEN.flatten(FLATTEN.java:26)
	at java_programs.FLATTEN.flatten(FLATTEN.java:26)
	at java_programs.FLATTEN.flatten(FLATTEN.java:26)
	at java_programs.FLATTEN.flatten(FLATTEN.java:26)
	at java_programs.FLATTEN.flatten(FLATTEN.java:26)
	at java_programs.FLATTEN.flatten(FLATTEN.java:26)
	at java_programs.FLATTEN.flatten(FLATTEN.java:26)
	at java_programs.FLATTEN.flatten(FLATTEN.java:26)
	at java_programs.FLATTEN.flatten(FLATTEN.java:26)
	at java_programs.FLATTEN.flatten(FLATTEN.java:26)
	at java_programs.FLATTEN.flatten(FLATTEN.java:26)
	at java_programs.FLATTEN.flatten(FLATTEN.java:26)
	at java_programs.FLATTEN.flatten(FLATTEN.java:26)
	at java_programs.FLATTEN.flatten(FLATTEN.java:26)
	at java_programs.FLATTEN.flatten(FLATTEN.java:26)
	at java_programs.FLATTEN.flatten(FLATTEN.java:26)
	at java_programs.FLATTEN.flatten(FLATTEN.java:26)
	at java_programs.FLATTEN.flatten(FLATTEN.java:26)
	at java_programs.FLATTEN.flatten(FLATTEN.java:26)
	at java_programs.FLATTEN.flatten(FLATTEN.java:26)
	at java_programs.FLATTEN.flatten(FLATTEN.java:26)
	at java_programs.FLATTEN.flatten(FLATTEN.java:26)
	at java_programs.FLATTEN.flatten(FLATTEN.java:26)
	at java_programs.FLATTEN.flatten(FLATTEN.java:26)
	at java_programs.FLATTEN.flatten(FLATTEN.java:26)
	at java_programs.FLATTEN.flatten(FLATTEN.java:26)
	at java_programs.FLATTEN.flatten(FLATTEN.java:26)
	at java_programs.FLATTEN.flatten(FLATTEN.java:26)
	at java_programs.FLATTEN.flatten(FLATTEN.java:26)
	at java_programs.FLATTEN.flatten(FLATTEN.java:26)
	at java_programs.FLATTEN.flatten(FLATTEN.java:26)
	at java_programs.FLATTEN.flatten(FLATTEN.java:26)
	at java_programs.FLATTEN.flatten(FLATTEN.java:26)
	at java_programs.FLATTEN.flatten(FLATTEN.java:26)
	at java_programs.FLATTEN.flatten(FLATTEN.java:26)
	at java_programs.FLATTEN.flatten(FLATTEN.java:26)
	at java_programs.FLATTEN.flatten(FLATTEN.java:26)
	at java_programs.FLATTEN.flatten(FLATTEN.java:26)
	at java_programs.FLATTEN.flatten(FLATTEN.java:26)
	at java_programs.FLATTEN.flatten(FLATTEN.java:26)
	at java_programs.FLATTEN.flatten(FLATTEN.java:26)
	at java_programs.FLATTEN.flatten(FLATTEN.java:26)
	at java_programs.FLATTEN.flatten(FLATTEN.java:26)
	at java_programs.FLATTEN.flatten(FLATTEN.java:26)
	at java_programs.FLATTEN.flatten(FLATTEN.java:26)
	at java_programs.FLATTEN.flatten(FLATTEN.java:26)
	at java_programs.FLATTEN.flatten(FLATTEN.java:26)
	at java_programs.FLATTEN.flatten(FLATTEN.java:26)
	at java_programs.FLATTEN.flatten(FLATTEN.java:26)
	at java_programs.FLATTEN.flatten(FLATTEN.java:26)
	at java_programs.FLATTEN.flatten(FLATTEN.java:26)
	at java_programs.FLATTEN.flatten(FLATTEN.java:26)
	at java_programs.FLATTEN.flatten(FLATTEN.java:26)
	at java_programs.FLATTEN.flatten(FLATTEN.java:26)
	at java_programs.FLATTEN.flatten(FLATTEN.java:26)
	at java_programs.FLATTEN.flatten(FLATTEN.java:26)
	at java_programs.FLATTEN.flatten(FLATTEN.java:26)
	at java_programs.FLATTEN.flatten(FLATTEN.java:26)
	at java_programs.FLATTEN.flatten(FLATTEN.java:26)
	at java_programs.FLATTEN.flatten(FLATTEN.java:26)
	at java_programs.FLATTEN.flatten(FLATTEN.java:26)
	at java_programs.FLATTEN.flatten(FLATTEN.java:26)
	at java_programs.FLATTEN.flatten(FLATTEN.java:26)
	at java_programs.FLATTEN.flatten(FLATTEN.java:26)
	at java_programs.FLATTEN.flatten(FLATTEN.java:26)
	at java_programs.FLATTEN.flatten(FLATTEN.java:26)
	at java_programs.FLATTEN.flatten(FLATTEN.java:26)
	at java_programs.FLATTEN.flatten(FLATTEN.java:26)
	at java_programs.FLATTEN.flatten(FLATTEN.java:26)
	at java_programs.FLATTEN.flatten(FLATTEN.java:26)
	at java_programs.FLATTEN.flatten(FLATTEN.java:26)
	at java_programs.FLATTEN.flatten(FLATTEN.java:26)
	at java_programs.FLATTEN.flatten(FLATTEN.java:26)
	at java_programs.FLATTEN.flatten(FLATTEN.java:26)
	at java_programs.FLATTEN.flatten(FLATTEN.java:26)
	at java_programs.FLATTEN.flatten(FLATTEN.java:26)
	at java_programs.FLATTEN.flatten(FLATTEN.java:26)
	at java_programs.FLATTEN.flatten(FLATTEN.java:26)
	at java_programs.FLATTEN.flatten(FLATTEN.java:26)
	at java_programs.FLATTEN.flatten(FLATTEN.java:26)
	at java_programs.FLATTEN.flatten(FLATTEN.java:26)
	at java_programs.FLATTEN.flatten(FLATTEN.java:26)
	at java_programs.FLATTEN.flatten(FLATTEN.java:26)
	at java_programs.FLATTEN.flatten(FLATTEN.java:26)
	at java_programs.FLATTEN.flatten(FLATTEN.java:26)
	at java_programs.FLATTEN.flatten(FLATTEN.java:26)
	at java_programs.FLATTEN.flatten(FLATTEN.java:26)
	at java_programs.FLATTEN.flatten(FLATTEN.java:26)
	at java_programs.FLATTEN.flatten(FLATTEN.java:26)
	at java_programs.FLATTEN.flatten(FLATTEN.java:26)
	at java_programs.FLATTEN.flatten(FLATTEN.java:26)
	at java_programs.FLATTEN.flatten(FLATTEN.java:26)
	at java_programs.FLATTEN.flatten(FLATTEN.java:26)
	at java_programs.FLATTEN.flatten(FLATTEN.java:26)
	at java_programs.FLATTEN.flatten(FLATTEN.java:26)
	at java_programs.FLATTEN.flatten(FLATTEN.java:26)
	at java_programs.FLATTEN.flatten(FLATTEN.java:26)
	at java_programs.FLATTEN.flatten(FLATTEN.java:26)
	at java_programs.FLATTEN.flatten(FLATTEN.java:26)
	at java_programs.FLATTEN.flatten(FLATTEN.java:26)
	at java_programs.FLATTEN.flatten(FLATTEN.java:26)
	at java_programs.FLATTEN.flatten(FLATTEN.java:26)
	at java_programs.FLATTEN.flatten(FLATTEN.java:26)
	at java_programs.FLATTEN.flatten(FLATTEN.java:26)
	at java_programs.FLATTEN.flatten(FLATTEN.java:26)
	at java_programs.FLATTEN.flatten(FLATTEN.java:26)
	at java_programs.FLATTEN.flatten(FLATTEN.java:26)
	at java_programs.FLATTEN.flatten(FLATTEN.java:26)
	at java_programs.FLATTEN.flatten(FLATTEN.java:26)
	at java_programs.FLATTEN.flatten(FLATTEN.java:26)
	at java_programs.FLATTEN.flatten(FLATTEN.java:26)
	at java_programs.FLATTEN.flatten(FLATTEN.java:26)
	at java_programs.FLATTEN.flatten(FLATTEN.java:26)
	at java_programs.FLATTEN.flatten(FLATTEN.java:26)
	at java_programs.FLATTEN.flatten(FLATTEN.java:26)
	at java_programs.FLATTEN.flatten(FLATTEN.java:26)
	at java_programs.FLATTEN.flatten(FLATTEN.java:26)
	at java_programs.FLATTEN.flatten(FLATTEN.java:26)
	at java_programs.FLATTEN.flatten(FLATTEN.java:26)
	at java_programs.FLATTEN.flatten(FLATTEN.java:26)
	at java_programs.FLATTEN.flatten(FLATTEN.java:26)
	at java_programs.FLATTEN.flatten(FLATTEN.java:26)
	at java_programs.FLATTEN.flatten(FLATTEN.java:26)
	at java_programs.FLATTEN.flatten(FLATTEN.java:26)
	at java_programs.FLATTEN.flatten(FLATTEN.java:26)
	at java_programs.FLATTEN.flatten(FLATTEN.java:26)
	at java_programs.FLATTEN.flatten(FLATTEN.java:26)
	at java_programs.FLATTEN.flatten(FLATTEN.java:26)
	at java_programs.FLATTEN.flatten(FLATTEN.java:26)
	at java_programs.FLATTEN.flatten(FLATTEN.java:26)
	at java_programs.FLATTEN.flatten(FLATTEN.java:26)
	at java_programs.FLATTEN.flatten(FLATTEN.java:26)
	at java_programs.FLATTEN.flatten(FLATTEN.java:26)
	at java_programs.FLATTEN.flatten(FLATTEN.java:26)
	at java_programs.FLATTEN.flatten(FLATTEN.java:26)
	at java_programs.FLATTEN.flatten(FLATTEN.java:26)
	at java_programs.FLATTEN.flatten(FLATTEN.java:26)
	at java_programs.FLATTEN.flatten(FLATTEN.java:26)
	at java_programs.FLATTEN.flatten(FLATTEN.java:26)
	at java_programs.FLATTEN.flatten(FLATTEN.java:26)
	at java_programs.FLATTEN.flatten(FLATTEN.java:26)
	at java_programs.FLATTEN.flatten(FLATTEN.java:26)
	at java_programs.FLATTEN.flatten(FLATTEN.java:26)
	at java_programs.FLATTEN.flatten(FLATTEN.java:26)
	at java_programs.FLATTEN.flatten(FLATTEN.java:26)
	at java_programs.FLATTEN.flatten(FLATTEN.java:26)
	at java_programs.FLATTEN.flatten(FLATTEN.java:26)
	at java_programs.FLATTEN.flatten(FLATTEN.java:26)
	at java_programs.FLATTEN.flatten(FLATTEN.java:26)
	at java_programs.FLATTEN.flatten(FLATTEN.java:26)
	at java_programs.FLATTEN.flatten(FLATTEN.java:26)
	at java_programs.FLATTEN.flatten(FLATTEN.java:26)
	at java_programs.FLATTEN.flatten(FLATTEN.java:26)
	at java_programs.FLATTEN.flatten(FLATTEN.java:26)
	at java_programs.FLATTEN.flatten(FLATTEN.java:26)
	at java_programs.FLATTEN.flatten(FLATTEN.java:26)
	at java_programs.FLATTEN.flatten(FLATTEN.java:26)
	at java_programs.FLATTEN.flatten(FLATTEN.java:26)
	at java_programs.FLATTEN.flatten(FLATTEN.java:26)
	at java_programs.FLATTEN.flatten(FLATTEN.java:26)
	at java_programs.FLATTEN.flatten(FLATTEN.java:26)
	at java_programs.FLATTEN.flatten(FLATTEN.java:26)
	at java_programs.FLATTEN.flatten(FLATTEN.java:26)
	at java_programs.FLATTEN.flatten(FLATTEN.java:26)
	at java_programs.FLATTEN.flatten(FLATTEN.java:26)
	at java_programs.FLATTEN.flatten(FLATTEN.java:26)
	at java_programs.FLATTEN.flatten(FLATTEN.java:26)
	at java_programs.FLATTEN.flatten(FLATTEN.java:26)
	at java_programs.FLATTEN.flatten(FLATTEN.java:26)
	at java_programs.FLATTEN.flatten(FLATTEN.java:26)
	at java_programs.FLATTEN.flatten(FLATTEN.java:26)
	at java_programs.FLATTEN.flatten(FLATTEN.java:26)
	at java_programs.FLATTEN.flatten(FLATTEN.java:26)
	at java_programs.FLATTEN.flatten(FLATTEN.java:26)
	at java_programs.FLATTEN.flatten(FLATTEN.java:26)
	at java_programs.FLATTEN.flatten(FLATTEN.java:26)
	at java_programs.FLATTEN.flatten(FLATTEN.java:26)
	at java_programs.FLATTEN.flatten(FLATTEN.java:26)
	at java_programs.FLATTEN.flatten(FLATTEN.java:26)
	at java_programs.FLATTEN.flatten(FLATTEN.java:26)
	at java_programs.FLATTEN.flatten(FLATTEN.java:26)
	at java_programs.FLATTEN.flatten(FLATTEN.java:26)
	at java_programs.FLATTEN.flatten(FLATTEN.java:26)
	at java_programs.FLATTEN.flatten(FLATTEN.java:26)
	at java_programs.FLATTEN.flatten(FLATTEN.java:26)
	at java_programs.FLATTEN.flatten(FLATTEN.java:26)
	at java_programs.FLATTEN.flatten(FLATTEN.java:26)
	at java_programs.FLATTEN.flatten(FLATTEN.java:26)
	at java_programs.FLATTEN.flatten(FLATTEN.java:26)
	at java_programs.FLATTEN.flatten(FLATTEN.java:26)
	at java_programs.FLATTEN.flatten(FLATTEN.java:26)
	at java_programs.FLATTEN.flatten(FLATTEN.java:26)
	at java_programs.FLATTEN.flatten(FLATTEN.java:26)
	at java_programs.FLATTEN.flatten(FLATTEN.java:26)
	at java_programs.FLATTEN.flatten(FLATTEN.java:26)
	at java_programs.FLATTEN.flatten(FLATTEN.java:26)
	at java_programs.FLATTEN.flatten(FLATTEN.java:26)
	at java_programs.FLATTEN.flatten(FLATTEN.java:26)
	at java_programs.FLATTEN.flatten(FLATTEN.java:26)
	at java_programs.FLATTEN.flatten(FLATTEN.java:26)
	at java_programs.FLATTEN.flatten(FLATTEN.java:26)
	at java_programs.FLATTEN.flatten(FLATTEN.java:26)
	at java_programs.FLATTEN.flatten(FLATTEN.java:26)
	at java_programs.FLATTEN.flatten(FLATTEN.java:26)
	at java_programs.FLATTEN.flatten(FLATTEN.java:26)
	at java_programs.FLATTEN.flatten(FLATTEN.java:26)
	at java_programs.FLATTEN.flatten(FLATTEN.java:26)
	at java_programs.FLATTEN.flatten(FLATTEN.java:26)
	at java_programs.FLATTEN.flatten(FLATTEN.java:26)
	at java_programs.FLATTEN.flatten(FLATTEN.java:26)
	at java_programs.FLATTEN.flatten(FLATTEN.java:26)
	at java_programs.FLATTEN.flatten(FLATTEN.java:26)
	at java_programs.FLATTEN.flatten(FLATTEN.java:26)
	at java_programs.FLATTEN.flatten(FLATTEN.java:26)
	at java_programs.FLATTEN.flatten(FLATTEN.java:26)
	at java_programs.FLATTEN.flatten(FLATTEN.java:26)
	at java_programs.FLATTEN.flatten(FLATTEN.java:26)
	at java_programs.FLATTEN.flatten(FLATTEN.java:26)
	at java_programs.FLATTEN.flatten(FLATTEN.java:26)
	at java_programs.FLATTEN.flatten(FLATTEN.java:26)
	at java_programs.FLATTEN.flatten(FLATTEN.java:26)
	at java_programs.FLATTEN.flatten(FLATTEN.java:26)
	at java_programs.FLATTEN.flatten(FLATTEN.java:26)
	at java_programs.FLATTEN.flatten(FLATTEN.java:26)
	at java_programs.FLATTEN.flatten(FLATTEN.java:26)
	at java_programs.FLATTEN.flatten(FLATTEN.java:26)
	at java_programs.FLATTEN.flatten(FLATTEN.java:26)
	at java_programs.FLATTEN.flatten(FLATTEN.java:26)
	at java_programs.FLATTEN.flatten(FLATTEN.java:26)
	at java_programs.FLATTEN.flatten(FLATTEN.java:26)
	at java_programs.FLATTEN.flatten(FLATTEN.java:26)
	at java_programs.FLATTEN.flatten(FLATTEN.java:26)
	at java_programs.FLATTEN.flatten(FLATTEN.java:26)
	at java_programs.FLATTEN.flatten(FLATTEN.java:26)
	at java_programs.FLATTEN.flatten(FLATTEN.java:26)
	at java_programs.FLATTEN.flatten(FLATTEN.java:26)
	at java_programs.FLATTEN.flatten(FLATTEN.java:26)
	at java_programs.FLATTEN.flatten(FLATTEN.java:26)
	at java_programs.FLATTEN.flatten(FLATTEN.java:26)
	at java_programs.FLATTEN.flatten(FLATTEN.java:26)
	at java_programs.FLATTEN.flatten(FLATTEN.java:26)
	at java_programs.FLATTEN.flatten(FLATTEN.java:26)
	at java_programs.FLATTEN.flatten(FLATTEN.java:26)
	at java_programs.FLATTEN.flatten(FLATTEN.java:26)
	at java_programs.FLATTEN.flatten(FLATTEN.java:26)
	at java_programs.FLATTEN.flatten(FLATTEN.java:26)
	at java_programs.FLATTEN.flatten(FLATTEN.java:26)
	at java_programs.FLATTEN.flatten(FLATTEN.java:26)
	at java_programs.FLATTEN.flatten(FLATTEN.java:26)
	at java_programs.FLATTEN.flatten(FLATTEN.java:26)
	at java_programs.FLATTEN.flatten(FLATTEN.java:26)
	at java_programs.FLATTEN.flatten(FLATTEN.java:26)
	at java_programs.FLATTEN.flatten(FLATTEN.java:26)
	at java_programs.FLATTEN.flatten(FLATTEN.java:26)
	at java_programs.FLATTEN.flatten(FLATTEN.java:26)
	at java_programs.FLATTEN.flatten(FLATTEN.java:26)
	at java_programs.FLATTEN.flatten(FLATTEN.java:26)
	at java_programs.FLATTEN.flatten(FLATTEN.java:26)
	at java_programs.FLATTEN.flatten(FLATTEN.java:26)
	at java_programs.FLATTEN.flatten(FLATTEN.java:26)
	at java_programs.FLATTEN.flatten(FLATTEN.java:26)
	at java_programs.FLATTEN.flatten(FLATTEN.java:26)
	at java_programs.FLATTEN.flatten(FLATTEN.java:26)
	at java_programs.FLATTEN.flatten(FLATTEN.java:26)
	at java_programs.FLATTEN.flatten(FLATTEN.java:26)
	at java_programs.FLATTEN.flatten(FLATTEN.java:26)
	at java_programs.FLATTEN.flatten(FLATTEN.java:26)
	at java_programs.FLATTEN.flatten(FLATTEN.java:26)
	at java_programs.FLATTEN.flatten(FLATTEN.java:26)
	at java_programs.FLATTEN.flatten(FLATTEN.java:26)
	at java_programs.FLATTEN.flatten(FLATTEN.java:26)
	at java_programs.FLATTEN.flatten(FLATTEN.java:26)
	at java_programs.FLATTEN.flatten(FLATTEN.java:26)
	at java_programs.FLATTEN.flatten(FLATTEN.java:26)
	at java_programs.FLATTEN.flatten(FLATTEN.java:26)
	at java_programs.FLATTEN.flatten(FLATTEN.java:26)
	at java_programs.FLATTEN.flatten(FLATTEN.java:26)
	at java_programs.FLATTEN.flatten(FLATTEN.java:26)
	at java_programs.FLATTEN.flatten(FLATTEN.java:26)
	at java_programs.FLATTEN.flatten(FLATTEN.java:26)
	at java_programs.FLATTEN.flatten(FLATTEN.java:26)
	at java_programs.FLATTEN.flatten(FLATTEN.java:26)
	at java_programs.FLATTEN.flatten(FLATTEN.java:26)
	at java_programs.FLATTEN.flatten(FLATTEN.java:26)
	at java_programs.FLATTEN.flatten(FLATTEN.java:26)
	at java_programs.FLATTEN.flatten(FLATTEN.java:26)
	at java_programs.FLATTEN.flatten(FLATTEN.java:26)
	at java_programs.FLATTEN.flatten(FLATTEN.java:26)
	at java_programs.FLATTEN.flatten(FLATTEN.java:26)
	at java_programs.FLATTEN.flatten(FLATTEN.java:26)
	at java_programs.FLATTEN.flatten(FLATTEN.java:26)
	at java_programs.FLATTEN.flatten(FLATTEN.java:26)
	at java_programs.FLATTEN.flatten(FLATTEN.java:26)
	at java_programs.FLATTEN.flatten(FLATTEN.java:26)
	at java_programs.FLATTEN.flatten(FLATTEN.java:26)
	at java_programs.FLATTEN.flatten(FLATTEN.java:26)
	at java_programs.FLATTEN.flatten(FLATTEN.java:26)
	at java_programs.FLATTEN.flatten(FLATTEN.java:26)
	at java_programs.FLATTEN.flatten(FLATTEN.java:26)
	at java_programs.FLATTEN.flatten(FLATTEN.java:26)
	at java_programs.FLATTEN.flatten(FLATTEN.java:26)
	at java_programs.FLATTEN.flatten(FLATTEN.java:26)
	at java_programs.FLATTEN.flatten(FLATTEN.java:26)
	at java_programs.FLATTEN.flatten(FLATTEN.java:26)
	at java_programs.FLATTEN.flatten(FLATTEN.java:26)
	at java_programs.FLATTEN.flatten(FLATTEN.java:26)
	at java_programs.FLATTEN.flatten(FLATTEN.java:26)
	at java_programs.FLATTEN.flatten(FLATTEN.java:26)
	at java_programs.FLATTEN.flatten(FLATTEN.java:26)
	at java_programs.FLATTEN.flatten(FLATTEN.java:26)
	at java_programs.FLATTEN.flatten(FLATTEN.java:26)
	at java_programs.FLATTEN.flatten(FLATTEN.java:26)
	at java_programs.FLATTEN.flatten(FLATTEN.java:26)
	at java_programs.FLATTEN.flatten(FLATTEN.java:26)
	at java_programs.FLATTEN.flatten(FLATTEN.java:26)
	at java_programs.FLATTEN.flatten(FLATTEN.java:26)
	at java_programs.FLATTEN.flatten(FLATTEN.java:26)
	at java_programs.FLATTEN.flatten(FLATTEN.java:26)
	at java_programs.FLATTEN.flatten(FLATTEN.java:26)
	at java_programs.FLATTEN.flatten(FLATTEN.java:26)
	at java_programs.FLATTEN.flatten(FLATTEN.java:26)
	at java_programs.FLATTEN.flatten(FLATTEN.java:26)
	at java_programs.FLATTEN.flatten(FLATTEN.java:26)
	at java_programs.FLATTEN.flatten(FLATTEN.java:26)
	at java_programs.FLATTEN.flatten(FLATTEN.java:26)
	at java_programs.FLATTEN.flatten(FLATTEN.java:26)
	at java_programs.FLATTEN.flatten(FLATTEN.java:26)
	at java_programs.FLATTEN.flatten(FLATTEN.java:26)
	at java_programs.FLATTEN.flatten(FLATTEN.java:26)
	at java_programs.FLATTEN.flatten(FLATTEN.java:26)
	at java_programs.FLATTEN.flatten(FLATTEN.java:26)
	at java_programs.FLATTEN.flatten(FLATTEN.java:26)
	at java_programs.FLATTEN.flatten(FLATTEN.java:26)
	at java_programs.FLATTEN.flatten(FLATTEN.java:26)
	at java_programs.FLATTEN.flatten(FLATTEN.java:26)
	at java_programs.FLATTEN.flatten(FLATTEN.java:26)
	at java_programs.FLATTEN.flatten(FLATTEN.java:26)
	at java_programs.FLATTEN.flatten(FLATTEN.java:26)
	at java_programs.FLATTEN.flatten(FLATTEN.java:26)
	at java_programs.FLATTEN.flatten(FLATTEN.java:26)
	at java_programs.FLATTEN.flatten(FLATTEN.java:26)
	at java_programs.FLATTEN.flatten(FLATTEN.java:26)
	at java_programs.FLATTEN.flatten(FLATTEN.java:26)
	at java_programs.FLATTEN.flatten(FLATTEN.java:26)
	at java_programs.FLATTEN.flatten(FLATTEN.java:26)
	at java_programs.FLATTEN.flatten(FLATTEN.java:26)
	at java_programs.FLATTEN.flatten(FLATTEN.java:26)
	at java_programs.FLATTEN.flatten(FLATTEN.java:26)
	at java_programs.FLATTEN.flatten(FLATTEN.java:26)
	at java_programs.FLATTEN.flatten(FLATTEN.java:26)
	at java_programs.FLATTEN.flatten(FLATTEN.java:26)
	at java_programs.FLATTEN.flatten(FLATTEN.java:26)
	at java_programs.FLATTEN.flatten(FLATTEN.java:26)
	at java_programs.FLATTEN.flatten(FLATTEN.java:26)
	at java_programs.FLATTEN.flatten(FLATTEN.java:26)
	at java_programs.FLATTEN.flatten(FLATTEN.java:26)
	at java_programs.FLATTEN.flatten(FLATTEN.java:26)
	at java_programs.FLATTEN.flatten(FLATTEN.java:26)
	at java_programs.FLATTEN.flatten(FLATTEN.java:26)
	at java_programs.FLATTEN.flatten(FLATTEN.java:26)
	at java_programs.FLATTEN.flatten(FLATTEN.java:26)
	at java_programs.FLATTEN.flatten(FLATTEN.java:26)
	at java_programs.FLATTEN.flatten(FLATTEN.java:26)
	at java_programs.FLATTEN.flatten(FLATTEN.java:26)
	at java_programs.FLATTEN.flatten(FLATTEN.java:26)
	at java_programs.FLATTEN.flatten(FLATTEN.java:26)
	at java_programs.FLATTEN.flatten(FLATTEN.java:26)
	at java_programs.FLATTEN.flatten(FLATTEN.java:26)
	at java_programs.FLATTEN.flatten(FLATTEN.java:26)
	at java_programs.FLATTEN.flatten(FLATTEN.java:26)
	at java_programs.FLATTEN.flatten(FLATTEN.java:26)
	at java_programs.FLATTEN.flatten(FLATTEN.java:26)
	at java_programs.FLATTEN.flatten(FLATTEN.java:26)
	at java_programs.FLATTEN.flatten(FLATTEN.java:26)
	at java_programs.FLATTEN.flatten(FLATTEN.java:26)
	at java_programs.FLATTEN.flatten(FLATTEN.java:26)
	at java_programs.FLATTEN.flatten(FLATTEN.java:26)
	at java_programs.FLATTEN.flatten(FLATTEN.java:26)
	at java_programs.FLATTEN.flatten(FLATTEN.java:26)
	at java_programs.FLATTEN.flatten(FLATTEN.java:26)
	at java_programs.FLATTEN.flatten(FLATTEN.java:26)
	at java_programs.FLATTEN.flatten(FLATTEN.java:26)
	at java_programs.FLATTEN.flatten(FLATTEN.java:26)
	at java_programs.FLATTEN.flatten(FLATTEN.java:26)
	at java_programs.FLATTEN.flatten(FLATTEN.java:26)
	at java_programs.FLATTEN.flatten(FLATTEN.java:26)
	at java_programs.FLATTEN.flatten(FLATTEN.java:26)
	at java_programs.FLATTEN.flatten(FLATTEN.java:26)
	at java_programs.FLATTEN.flatten(FLATTEN.java:26)
	at java_programs.FLATTEN.flatten(FLATTEN.java:26)
	at java_programs.FLATTEN.flatten(FLATTEN.java:26)
	at java_programs.FLATTEN.flatten(FLATTEN.java:26)
	at java_programs.FLATTEN.flatten(FLATTEN.java:26)
	at java_programs.FLATTEN.flatten(FLATTEN.java:26)
	at java_programs.FLATTEN.flatten(FLATTEN.java:26)
	at java_programs.FLATTEN.flatten(FLATTEN.java:26)
	at java_programs.FLATTEN.flatten(FLATTEN.java:26)
	at java_programs.FLATTEN.flatten(FLATTEN.java:26)
	at java_programs.FLATTEN.flatten(FLATTEN.java:26)
	at java_programs.FLATTEN.flatten(FLATTEN.java:26)
	at java_programs.FLATTEN.flatten(FLATTEN.java:26)
	at java_programs.FLATTEN.flatten(FLATTEN.java:26)
	at java_programs.FLATTEN.flatten(FLATTEN.java:26)
	at java_programs.FLATTEN.flatten(FLATTEN.java:26)
	at java_programs.FLATTEN.flatten(FLATTEN.java:26)
	at java_programs.FLATTEN.flatten(FLATTEN.java:26)
	at java_programs.FLATTEN.flatten(FLATTEN.java:26)
	at java_programs.FLATTEN.flatten(FLATTEN.java:26)
	at java_programs.FLATTEN.flatten(FLATTEN.java:26)
	at java_programs.FLATTEN.flatten(FLATTEN.java:26)
	at java_programs.FLATTEN.flatten(FLATTEN.java:26)
	at java_programs.FLATTEN.flatten(FLATTEN.java:26)
	at java_programs.FLATTEN.flatten(FLATTEN.java:26)
	at java_programs.FLATTEN.flatten(FLATTEN.java:26)
	at java_programs.FLATTEN.flatten(FLATTEN.java:26)
	at java_programs.FLATTEN.flatten(FLATTEN.java:26)
	at java_programs.FLATTEN.flatten(FLATTEN.java:26)
	at java_programs.FLATTEN.flatten(FLATTEN.java:26)
	at java_programs.FLATTEN.flatten(FLATTEN.java:26)
	at java_programs.FLATTEN.flatten(FLATTEN.java:26)
	at java_programs.FLATTEN.flatten(FLATTEN.java:26)
	at java_programs.FLATTEN.flatten(FLATTEN.java:26)
	at java_programs.FLATTEN.flatten(FLATTEN.java:26)
	at java_programs.FLATTEN.flatten(FLATTEN.java:26)
	at java_programs.FLATTEN.flatten(FLATTEN.java:26)
	at java_programs.FLATTEN.flatten(FLATTEN.java:26)
	at java_programs.FLATTEN.flatten(FLATTEN.java:26)
	at java_programs.FLATTEN.flatten(FLATTEN.java:26)
	at java_programs.FLATTEN.flatten(FLATTEN.java:26)
	at java_programs.FLATTEN.flatten(FLATTEN.java:26)
	at java_programs.FLATTEN.flatten(FLATTEN.java:26)
	at java_programs.FLATTEN.flatten(FLATTEN.java:26)
	at java_programs.FLATTEN.flatten(FLATTEN.java:26)
	at java_programs.FLATTEN.flatten(FLATTEN.java:26)
	at java_programs.FLATTEN.flatten(FLATTEN.java:26)
	at java_programs.FLATTEN.flatten(FLATTEN.java:26)
	at java_programs.FLATTEN.flatten(FLATTEN.java:26)
	at java_programs.FLATTEN.flatten(FLATTEN.java:26)
	at java_programs.FLATTEN.flatten(FLATTEN.java:26)
	at java_programs.FLATTEN.flatten(FLATTEN.java:26)
	at java_programs.FLATTEN.flatten(FLATTEN.java:26)
	at java_programs.FLATTEN.flatten(FLATTEN.java:26)
	at java_programs.FLATTEN.flatten(FLATTEN.java:26)
	at java_programs.FLATTEN.flatten(FLATTEN.java:26)
	at java_programs.FLATTEN.flatten(FLATTEN.java:26)
	at java_programs.FLATTEN.flatten(FLATTEN.java:26)
	at java_programs.FLATTEN.flatten(FLATTEN.java:26)
	at java_programs.FLATTEN.flatten(FLATTEN.java:26)
	at java_programs.FLATTEN.flatten(FLATTEN.java:26)
	at java_programs.FLATTEN.flatten(FLATTEN.java:26)
	at java_programs.FLATTEN.flatten(FLATTEN.java:26)
	at java_programs.FLATTEN.flatten(FLATTEN.java:26)
	at java_programs.FLATTEN.flatten(FLATTEN.java:26)
	at java_programs.FLATTEN.flatten(FLATTEN.java:26)
	at java_programs.FLATTEN.flatten(FLATTEN.java:26)
	at java_programs.FLATTEN.flatten(FLATTEN.java:26)
	at java_programs.FLATTEN.flatten(FLATTEN.java:26)
	at java_programs.FLATTEN.flatten(FLATTEN.java:26)
	at java_programs.FLATTEN.flatten(FLATTEN.java:26)
	at java_programs.FLATTEN.flatten(FLATTEN.java:26)
	at java_programs.FLATTEN.flatten(FLATTEN.java:26)
	at java_programs.FLATTEN.flatten(FLATTEN.java:26)
	at java_programs.FLATTEN.flatten(FLATTEN.java:26)
	at java_programs.FLATTEN.flatten(FLATTEN.java:26)
	at java_programs.FLATTEN.flatten(FLATTEN.java:26)
	at java_programs.FLATTEN.flatten(FLATTEN.java:26)
	at java_programs.FLATTEN.flatten(FLATTEN.java:26)
	at java_programs.FLATTEN.flatten(FLATTEN.java:26)
	at java_programs.FLATTEN.flatten(FLATTEN.java:26)
	at java_programs.FLATTEN.flatten(FLATTEN.java:26)
	at java_programs.FLATTEN.flatten(FLATTEN.java:26)
	at java_programs.FLATTEN.flatten(FLATTEN.java:26)
	at java_programs.FLATTEN.flatten(FLATTEN.java:26)
	at java_programs.FLATTEN.flatten(FLATTEN.java:26)
	at java_programs.FLATTEN.flatten(FLATTEN.java:26)
	at java_programs.FLATTEN.flatten(FLATTEN.java:26)
	at java_programs.FLATTEN.flatten(FLATTEN.java:26)
	at java_programs.FLATTEN.flatten(FLATTEN.java:26)
	at java_programs.FLATTEN.flatten(FLATTEN.java:26)
	at java_programs.FLATTEN.flatten(FLATTEN.java:26)
	at java_programs.FLATTEN.flatten(FLATTEN.java:26)
	at java_programs.FLATTEN.flatten(FLATTEN.java:26)
	at java_programs.FLATTEN.flatten(FLATTEN.java:26)
	at java_programs.FLATTEN.flatten(FLATTEN.java:26)
	at java_programs.FLATTEN.flatten(FLATTEN.java:26)
	at java_programs.FLATTEN.flatten(FLATTEN.java:26)
	at java_programs.FLATTEN.flatten(FLATTEN.java:26)
	at java_programs.FLATTEN.flatten(FLATTEN.java:26)
	at java_programs.FLATTEN.flatten(FLATTEN.java:26)
	at java_programs.FLATTEN.flatten(FLATTEN.java:26)
	at java_programs.FLATTEN.flatten(FLATTEN.java:26)
	at java_programs.FLATTEN.flatten(FLATTEN.java:26)
	at java_programs.FLATTEN.flatten(FLATTEN.java:26)
	at java_programs.FLATTEN.flatten(FLATTEN.java:26)
	at java_programs.FLATTEN.flatten(FLATTEN.java:26)
	at java_programs.FLATTEN.flatten(FLATTEN.java:26)
	at java_programs.FLATTEN.flatten(FLATTEN.java:26)
	at java_programs.FLATTEN.flatten(FLATTEN.java:26)
	at java_programs.FLATTEN.flatten(FLATTEN.java:26)
	at java_programs.FLATTEN.flatten(FLATTEN.java:26)
	at java_programs.FLATTEN.flatten(FLATTEN.java:26)
	at java_programs.FLATTEN.flatten(FLATTEN.java:26)
	at java_programs.FLATTEN.flatten(FLATTEN.java:26)
	at java_programs.FLATTEN.flatten(FLATTEN.java:26)
	at java_programs.FLATTEN.flatten(FLATTEN.java:26)
	at java_programs.FLATTEN.flatten(FLATTEN.java:26)
	at java_programs.FLATTEN.flatten(FLATTEN.java:26)
	at java_programs.FLATTEN.flatten(FLATTEN.java:26)
	at java_programs.FLATTEN.flatten(FLATTEN.java:26)
	at java_programs.FLATTEN.flatten(FLATTEN.java:26)
	at java_programs.FLATTEN.flatten(FLATTEN.java:26)
	at java_programs.FLATTEN.flatten(FLATTEN.java:26)
	at java_programs.FLATTEN.flatten(FLATTEN.java:26)
	at java_programs.FLATTEN.flatten(FLATTEN.java:26)
	at java_programs.FLATTEN.flatten(FLATTEN.java:26)
	at java_programs.FLATTEN.flatten(FLATTEN.java:26)
	at java_programs.FLATTEN.flatten(FLATTEN.java:26)
	at java_programs.FLATTEN.flatten(FLATTEN.java:26)
	at java_programs.FLATTEN.flatten(FLATTEN.java:26)
	at java_programs.FLATTEN.flatten(FLATTEN.java:26)
	at java_programs.FLATTEN.flatten(FLATTEN.java:26)
	at java_programs.FLATTEN.flatten(FLATTEN.java:26)
	at java_programs.FLATTEN.flatten(FLATTEN.java:26)
	at java_programs.FLATTEN.flatten(FLATTEN.java:26)
	at java_programs.FLATTEN.flatten(FLATTEN.java:26)
	at java_programs.FLATTEN.flatten(FLATTEN.java:26)
	at java_programs.FLATTEN.flatten(FLATTEN.java:26)
	at java_programs.FLATTEN.flatten(FLATTEN.java:26)
	at java_programs.FLATTEN.flatten(FLATTEN.java:26)
	at java_programs.FLATTEN.flatten(FLATTEN.java:26)
	at java_programs.FLATTEN.flatten(FLATTEN.java:26)
	at java_programs.FLATTEN.flatten(FLATTEN.java:26)
	at java_programs.FLATTEN.flatten(FLATTEN.java:26)
	at java_programs.FLATTEN.flatten(FLATTEN.java:26)
	at java_programs.FLATTEN.flatten(FLATTEN.java:26)
	at java_programs.FLATTEN.flatten(FLATTEN.java:26)
	at java_programs.FLATTEN.flatten(FLATTEN.java:26)
	at java_programs.FLATTEN.flatten(FLATTEN.java:26)
	at java_programs.FLATTEN.flatten(FLATTEN.java:26)
	at java_programs.FLATTEN.flatten(FLATTEN.java:26)
	at java_programs.FLATTEN.flatten(FLATTEN.java:26)
	at java_programs.FLATTEN.flatten(FLATTEN.java:26)
	at java_programs.FLATTEN.flatten(FLATTEN.java:26)
	at java_programs.FLATTEN.flatten(FLATTEN.java:26)
	at java_programs.FLATTEN.flatten(FLATTEN.java:26)
	at java_programs.FLATTEN.flatten(FLATTEN.java:26)
	at java_programs.FLATTEN.flatten(FLATTEN.java:26)
	at java_programs.FLATTEN.flatten(FLATTEN.java:26)
	at java_programs.FLATTEN.flatten(FLATTEN.java:26)
	at java_programs.FLATTEN.flatten(FLATTEN.java:26)
	at java_programs.FLATTEN.flatten(FLATTEN.java:26)
	at java_programs.FLATTEN.flatten(FLATTEN.java:26)
	at java_programs.FLATTEN.flatten(FLATTEN.java:26)
	at java_programs.FLATTEN.flatten(FLATTEN.java:26)
	at java_programs.FLATTEN.flatten(FLATTEN.java:26)
	at java_programs.FLATTEN.flatten(FLATTEN.java:26)
	at java_programs.FLATTEN.flatten(FLATTEN.java:26)
	at java_programs.FLATTEN.flatten(FLATTEN.java:26)
	at java_programs.FLATTEN.flatten(FLATTEN.java:26)
	at java_programs.FLATTEN.flatten(FLATTEN.java:26)
	at java_programs.FLATTEN.flatten(FLATTEN.java:26)
	at java_programs.FLATTEN.flatten(FLATTEN.java:26)
	at java_programs.FLATTEN.flatten(FLATTEN.java:26)
	at java_programs.FLATTEN.flatten(FLATTEN.java:26)
	at java_programs.FLATTEN.flatten(FLATTEN.java:26)
	at java_programs.FLATTEN.flatten(FLATTEN.java:26)
	at java_programs.FLATTEN.flatten(FLATTEN.java:26)
	at java_programs.FLATTEN.flatten(FLATTEN.java:26)
	at java_programs.FLATTEN.flatten(FLATTEN.java:26)
	at java_programs.FLATTEN.flatten(FLATTEN.java:26)
	at java_programs.FLATTEN.flatten(FLATTEN.java:26)
	at java_programs.FLATTEN.flatten(FLATTEN.java:26)
	at java_programs.FLATTEN.flatten(FLATTEN.java:26)
	at java_programs.FLATTEN.flatten(FLATTEN.java:26)
	at java_programs.FLATTEN.flatten(FLATTEN.java:26)
	at java_programs.FLATTEN.flatten(FLATTEN.java:26)
	at java_programs.FLATTEN.flatten(FLATTEN.java:26)
	at java_programs.FLATTEN.flatten(FLATTEN.java:26)
	at java_programs.FLATTEN.flatten(FLATTEN.java:26)
	at java_programs.FLATTEN.flatten(FLATTEN.java:26)
	at java_programs.FLATTEN.flatten(FLATTEN.java:26)
	at java_programs.FLATTEN.flatten(FLATTEN.java:26)
	at java_programs.FLATTEN.flatten(FLATTEN.java:26)
	at java_programs.FLATTEN.flatten(FLATTEN.java:26)
	at java_programs.FLATTEN.flatten(FLATTEN.java:26)
	at java_programs.FLATTEN.flatten(FLATTEN.java:26)
	at java_programs.FLATTEN.flatten(FLATTEN.java:26)
	at java_programs.FLATTEN.flatten(FLATTEN.java:26)
	at java_programs.FLATTEN.flatten(FLATTEN.java:26)
	at java_programs.FLATTEN.flatten(FLATTEN.java:26)
	at java_programs.FLATTEN.flatten(FLATTEN.java:26)
	at java_programs.FLATTEN.flatten(FLATTEN.java:26)
	at java_programs.FLATTEN.flatten(FLATTEN.java:26)
	at java_programs.FLATTEN.flatten(FLATTEN.java:26)
	at java_programs.FLATTEN.flatten(FLATTEN.java:26)
	at java_programs.FLATTEN.flatten(FLATTEN.java:26)
	at java_programs.FLATTEN.flatten(FLATTEN.java:26)
	at java_programs.FLATTEN.flatten(FLATTEN.java:26)
	at java_programs.FLATTEN.flatten(FLATTEN.java:26)
	at java_programs.FLATTEN.flatten(FLATTEN.java:26)
	at java_programs.FLATTEN.flatten(FLATTEN.java:26)
	at java_programs.FLATTEN.flatten(FLATTEN.java:26)
	at java_programs.FLATTEN.flatten(FLATTEN.java:26)
	at java_programs.FLATTEN.flatten(FLATTEN.java:26)
	at java_programs.FLATTEN.flatten(FLATTEN.java:26)
	at java_programs.FLATTEN.flatten(FLATTEN.java:26)
	at java_programs.FLATTEN.flatten(FLATTEN.java:26)
	at java_programs.FLATTEN.flatten(FLATTEN.java:26)
	at java_programs.FLATTEN.flatten(FLATTEN.java:26)
	at java_programs.FLATTEN.flatten(FLATTEN.java:26)
	at java_programs.FLATTEN.flatten(FLATTEN.java:26)
	at java_programs.FLATTEN.flatten(FLATTEN.java:26)
	at java_programs.FLATTEN.flatten(FLATTEN.java:26)
	at java_programs.FLATTEN.flatten(FLATTEN.java:26)
	at java_programs.FLATTEN.flatten(FLATTEN.java:26)
	at java_programs.FLATTEN.flatten(FLATTEN.java:26)
	at java_programs.FLATTEN.flatten(FLATTEN.java:26)
	at java_programs.FLATTEN.flatten(FLATTEN.java:26)
	at java_programs.FLATTEN.flatten(FLATTEN.java:26)
	at java_programs.FLATTEN.flatten(FLATTEN.java:26)
	at java_programs.FLATTEN.flatten(FLATTEN.java:26)
	at java_programs.FLATTEN.flatten(FLATTEN.java:26)
	at java_programs.FLATTEN.flatten(FLATTEN.java:26)
	at java_programs.FLATTEN.flatten(FLATTEN.java:26)
	at java_programs.FLATTEN.flatten(FLATTEN.java:26)
	at java_programs.FLATTEN.flatten(FLATTEN.java:26)
	at java_programs.FLATTEN.flatten(FLATTEN.java:26)
	at java_programs.FLATTEN.flatten(FLATTEN.java:26)
	at java_programs.FLATTEN.flatten(FLATTEN.java:26)
	at java_programs.FLATTEN.flatten(FLATTEN.java:26)
	at java_programs.FLATTEN.flatten(FLATTEN.java:26)
	at java_programs.FLATTEN.flatten(FLATTEN.java:26)
	at java_programs.FLATTEN.flatten(FLATTEN.java:26)
	at java_programs.FLATTEN.flatten(FLATTEN.java:26)
	at java_programs.FLATTEN.flatten(FLATTEN.java:26)
	at java_programs.FLATTEN.flatten(FLATTEN.java:26)
	at java_programs.FLATTEN.flatten(FLATTEN.java:26)
	at java_programs.FLATTEN.flatten(FLATTEN.java:26)
	at java_programs.FLATTEN.flatten(FLATTEN.java:26)
	at java_programs.FLATTEN.flatten(FLATTEN.java:26)
	at java_programs.FLATTEN.flatten(FLATTEN.java:26)
	at java_programs.FLATTEN.flatten(FLATTEN.java:26)
	at java_programs.FLATTEN.flatten(FLATTEN.java:26)
	at java_programs.FLATTEN.flatten(FLATTEN.java:26)
	at java_programs.FLATTEN.flatten(FLATTEN.java:26)
	at java_programs.FLATTEN.flatten(FLATTEN.java:26)
	at java_programs.FLATTEN.flatten(FLATTEN.java:26)
	at java_programs.FLATTEN.flatten(FLATTEN.java:26)
	at java_programs.FLATTEN.flatten(FLATTEN.java:26)
	at java_programs.FLATTEN.flatten(FLATTEN.java:26)
	at java_programs.FLATTEN.flatten(FLATTEN.java:26)
	at java_programs.FLATTEN.flatten(FLATTEN.java:26)
	at java_programs.FLATTEN.flatten(FLATTEN.java:26)
	at java_programs.FLATTEN.flatten(FLATTEN.java:26)
	at java_programs.FLATTEN.flatten(FLATTEN.java:26)
	at java_programs.FLATTEN.flatten(FLATTEN.java:26)
	at java_programs.FLATTEN.flatten(FLATTEN.java:26)
	at java_programs.FLATTEN.flatten(FLATTEN.java:26)
	at java_programs.FLATTEN.flatten(FLATTEN.java:26)
	at java_programs.FLATTEN.flatten(FLATTEN.java:26)
	at java_programs.FLATTEN.flatten(FLATTEN.java:26)
	at java_programs.FLATTEN.flatten(FLATTEN.java:26)
	at java_programs.FLATTEN.flatten(FLATTEN.java:26)
	at java_programs.FLATTEN.flatten(FLATTEN.java:26)
	at java_programs.FLATTEN.flatten(FLATTEN.java:26)
	at java_programs.FLATTEN.flatten(FLATTEN.java:26)
	at java_programs.FLATTEN.flatten(FLATTEN.java:26)
	at java_programs.FLATTEN.flatten(FLATTEN.java:26)
	at java_programs.FLATTEN.flatten(FLATTEN.java:26)
	at java_programs.FLATTEN.flatten(FLATTEN.java:26)
	at java_programs.FLATTEN.flatten(FLATTEN.java:26)
	at java_programs.FLATTEN.flatten(FLATTEN.java:26)
	at java_programs.FLATTEN.flatten(FLATTEN.java:26)
	at java_programs.FLATTEN.flatten(FLATTEN.java:26)
	at java_programs.FLATTEN.flatten(FLATTEN.java:26)
	at java_programs.FLATTEN.flatten(FLATTEN.java:26)
	at java_programs.FLATTEN.flatten(FLATTEN.java:26)
	at java_programs.FLATTEN.flatten(FLATTEN.java:26)
	at java_programs.FLATTEN.flatten(FLATTEN.java:26)
	at java_programs.FLATTEN.flatten(FLATTEN.java:26)
	at java_programs.FLATTEN.flatten(FLATTEN.java:26)
	at java_programs.FLATTEN.flatten(FLATTEN.java:26)
	at java_programs.FLATTEN.flatten(FLATTEN.java:26)
	at java_programs.FLATTEN.flatten(FLATTEN.java:26)
	at java_programs.FLATTEN.flatten(FLATTEN.java:26)
	at java_programs.FLATTEN.flatten(FLATTEN.java:26)
	at java_programs.FLATTEN.flatten(FLATTEN.java:26)
	at java_programs.FLATTEN.flatten(FLATTEN.java:26)
	at java_programs.FLATTEN.flatten(FLATTEN.java:26)
	at java_programs.FLATTEN.flatten(FLATTEN.java:26)
	at java_programs.FLATTEN.flatten(FLATTEN.java:26)
	at java_programs.FLATTEN.flatten(FLATTEN.java:26)
	at java_programs.FLATTEN.flatten(FLATTEN.java:26)
	at java_programs.FLATTEN.flatten(FLATTEN.java:26)
	at java_programs.FLATTEN.flatten(FLATTEN.java:26)
	at java_programs.FLATTEN.flatten(FLATTEN.java:26)
	at java_programs.FLATTEN.flatten(FLATTEN.java:26)
	at java_programs.FLATTEN.flatten(FLATTEN.java:26)
	at java_programs.FLATTEN.flatten(FLATTEN.java:26)
	at java_programs.FLATTEN.flatten(FLATTEN.java:26)
	at java_programs.FLATTEN.flatten(FLATTEN.java:26)
	at java_programs.FLATTEN.flatten(FLATTEN.java:26)
	at java_programs.FLATTEN.flatten(FLATTEN.java:26)
	at java_programs.FLATTEN.flatten(FLATTEN.java:26)
	at java_programs.FLATTEN.flatten(FLATTEN.java:26)
	at java_programs.FLATTEN.flatten(FLATTEN.java:26)
	at java_programs.FLATTEN.flatten(FLATTEN.java:26)
	at java_programs.FLATTEN.flatten(FLATTEN.java:26)
	at java_programs.FLATTEN.flatten(FLATTEN.java:26)
	at java_programs.FLATTEN.flatten(FLATTEN.java:26)
	at java_programs.FLATTEN.flatten(FLATTEN.java:26)
	at java_programs.FLATTEN.flatten(FLATTEN.java:26)
	at java_programs.FLATTEN.flatten(FLATTEN.java:26)
	at java_programs.FLATTEN.flatten(FLATTEN.java:26)
	at java_programs.FLATTEN.flatten(FLATTEN.java:26)
	at java_programs.FLATTEN.flatten(FLATTEN.java:26)
	at java_programs.FLATTEN.flatten(FLATTEN.java:26)
	at java_programs.FLATTEN.flatten(FLATTEN.java:26)
	at java_programs.FLATTEN.flatten(FLATTEN.java:26)
	at java_programs.FLATTEN.flatten(FLATTEN.java:26)
	at java_programs.FLATTEN.flatten(FLATTEN.java:26)
	at java_programs.FLATTEN.flatten(FLATTEN.java:26)
	at java_programs.FLATTEN.flatten(FLATTEN.java:26)
	at java_programs.FLATTEN.flatten(FLATTEN.java:26)
	at java_programs.FLATTEN.flatten(FLATTEN.java:26)
	at java_programs.FLATTEN.flatten(FLATTEN.java:26)
	at java_programs.FLATTEN.flatten(FLATTEN.java:26)
	at java_programs.FLATTEN.flatten(FLATTEN.java:26)
	at java_programs.FLATTEN.flatten(FLATTEN.java:26)
	at java_programs.FLATTEN.flatten(FLATTEN.java:26)
	at java_programs.FLATTEN.flatten(FLATTEN.java:26)
	at java_programs.FLATTEN.flatten(FLATTEN.java:26)
	at java_programs.FLATTEN.flatten(FLATTEN.java:26)
	at java_programs.FLATTEN.flatten(FLATTEN.java:26)
	at java_programs.FLATTEN.flatten(FLATTEN.java:26)
	at java_programs.FLATTEN.flatten(FLATTEN.java:26)
	at java_programs.FLATTEN.flatten(FLATTEN.java:26)
	at java_programs.FLATTEN.flatten(FLATTEN.java:26)
	at java_programs.FLATTEN.flatten(FLATTEN.java:26)
	at java_programs.FLATTEN.flatten(FLATTEN.java:26)
	at java_programs.FLATTEN.flatten(FLATTEN.java:26)
	at java_programs.FLATTEN.flatten(FLATTEN.java:26)
	at java_programs.FLATTEN.flatten(FLATTEN.java:26)
	at java_programs.FLATTEN.flatten(FLATTEN.java:26)
	at java_programs.FLATTEN.flatten(FLATTEN.java:26)
	at java_programs.FLATTEN.flatten(FLATTEN.java:26)
	at java_programs.FLATTEN.flatten(FLATTEN.java:26)
	at java_programs.FLATTEN.flatten(FLATTEN.java:26)
	at java_programs.FLATTEN.flatten(FLATTEN.java:26)
	at java_programs.FLATTEN.flatten(FLATTEN.java:26)
	at java_programs.FLATTEN.flatten(FLATTEN.java:26)
	at java_programs.FLATTEN.flatten(FLATTEN.java:26)
	at java_programs.FLATTEN.flatten(FLATTEN.java:26)
	at java_programs.FLATTEN.flatten(FLATTEN.java:26)
	at java_programs.FLATTEN.flatten(FLATTEN.java:26)
	at java_programs.FLATTEN.flatten(FLATTEN.java:26)
	at java_programs.FLATTEN.flatten(FLATTEN.java:26)
	at java_programs.FLATTEN.flatten(FLATTEN.java:26)
	at java_programs.FLATTEN.flatten(FLATTEN.java:26)
	at java_programs.FLATTEN.flatten(FLATTEN.java:26)
	at java_programs.FLATTEN.flatten(FLATTEN.java:26)
	at java_programs.FLATTEN.flatten(FLATTEN.java:26)
	at java_programs.FLATTEN.flatten(FLATTEN.java:26)
	at java_programs.FLATTEN.flatten(FLATTEN.java:26)
	at java_programs.FLATTEN.flatten(FLATTEN.java:26)
	at java_programs.FLATTEN.flatten(FLATTEN.java:26)
	at java_programs.FLATTEN.flatten(FLATTEN.java:26)
	at java_programs.FLATTEN.flatten(FLATTEN.java:26)
	at java_programs.FLATTEN.flatten(FLATTEN.java:26)
	at java_programs.FLATTEN.flatten(FLATTEN.java:26)
	at java_programs.FLATTEN.flatten(FLATTEN.java:26)
	at java_programs.FLATTEN.flatten(FLATTEN.java:26)
	at java_programs.FLATTEN.flatten(FLATTEN.java:26)
	at java_programs.FLATTEN.flatten(FLATTEN.java:26)
	at java_programs.FLATTEN.flatten(FLATTEN.java:26)
	at java_programs.FLATTEN.flatten(FLATTEN.java:26)
	at java_programs.FLATTEN.flatten(FLATTEN.java:26)
	at java_programs.FLATTEN.flatten(FLATTEN.java:26)
	at java_programs.FLATTEN.flatten(FLATTEN.java:26)
	at java_programs.FLATTEN.flatten(FLATTEN.java:26)
	at java_programs.FLATTEN.flatten(FLATTEN.java:26)
	at java_programs.FLATTEN.flatten(FLATTEN.java:26)
	at java_programs.FLATTEN.flatten(FLATTEN.java:26)
	at java_programs.FLATTEN.flatten(FLATTEN.java:26)
	at java_programs.FLATTEN.flatten(FLATTEN.java:26)
	at java_programs.FLATTEN.flatten(FLATTEN.java:26)
	at java_programs.FLATTEN.flatten(FLATTEN.java:26)
	at java_programs.FLATTEN.flatten(FLATTEN.java:26)
	at java_programs.FLATTEN.flatten(FLATTEN.java:26)
	at java_programs.FLATTEN.flatten(FLATTEN.java:26)
	at java_programs.FLATTEN.flatten(FLATTEN.java:26)
	at java_programs.FLATTEN.flatten(FLATTEN.java:26)
	at java_programs.FLATTEN.flatten(FLATTEN.java:26)
	at java_programs.FLATTEN.flatten(FLATTEN.java:26)
	at java_programs.FLATTEN.flatten(FLATTEN.java:26)
	at java_programs.FLATTEN.flatten(FLATTEN.java:26)
	at java_programs.FLATTEN.flatten(FLATTEN.java:26)
	at java_programs.FLATTEN.flatten(FLATTEN.java:26)
	at java_programs.FLATTEN.flatten(FLATTEN.java:26)
	at java_programs.FLATTEN.flatten(FLATTEN.java:26)
	at java_programs.FLATTEN.flatten(FLATTEN.java:26)
	at java_programs.FLATTEN.flatten(FLATTEN.java:26)
	at java_programs.FLATTEN.flatten(FLATTEN.java:26)
	at java_programs.FLATTEN.flatten(FLATTEN.java:26)
	at java_programs.FLATTEN.flatten(FLATTEN.java:26)
	at java_programs.FLATTEN.flatten(FLATTEN.java:26)
	at java_programs.FLATTEN.flatten(FLATTEN.java:26)
	at java_programs.FLATTEN.flatten(FLATTEN.java:26)
	at java_programs.FLATTEN.flatten(FLATTEN.java:26)
	at java_programs.FLATTEN.flatten(FLATTEN.java:26)
	at java_programs.FLATTEN.flatten(FLATTEN.java:26)
	at java_programs.FLATTEN.flatten(FLATTEN.java:26)
	at java_programs.FLATTEN.flatten(FLATTEN.java:26)
	at java_programs.FLATTEN.flatten(FLATTEN.java:26)
	at java_programs.FLATTEN.flatten(FLATTEN.java:26)
	at java_programs.FLATTEN.flatten(FLATTEN.java:26)
	at java_programs.FLATTEN.flatten(FLATTEN.java:26)
	at java_programs.FLATTEN.flatten(FLATTEN.java:26)
	at java_programs.FLATTEN.flatten(FLATTEN.java:26)
	at java_programs.FLATTEN.flatten(FLATTEN.java:26)
	at java_programs.FLATTEN.flatten(FLATTEN.java:26)
	at java_programs.FLATTEN.flatten(FLATTEN.java:26)
	at java_programs.FLATTEN.flatten(FLATTEN.java:26)
	at java_programs.FLATTEN.flatten(FLATTEN.java:26)
	at java_programs.FLATTEN.flatten(FLATTEN.java:26)
	at java_programs.FLATTEN.flatten(FLATTEN.java:26)
	at java_programs.FLATTEN.flatten(FLATTEN.java:26)
	at java_programs.FLATTEN.flatten(FLATTEN.java:26)
	at java_programs.FLATTEN.flatten(FLATTEN.java:26)
	at java_programs.FLATTEN.flatten(FLATTEN.java:26)
	at java_programs.FLATTEN.flatten(FLATTEN.java:26)
	at java_programs.FLATTEN.flatten(FLATTEN.java:26)
	at java_programs.FLATTEN.flatten(FLATTEN.java:26)
	at java_programs.FLATTEN.flatten(FLATTEN.java:26)
	at java_programs.FLATTEN.flatten(FLATTEN.java:26)
	at java_programs.FLATTEN.flatten(FLATTEN.java:26)
	at java_programs.FLATTEN.flatten(FLATTEN.java:26)
	at java_programs.FLATTEN.flatten(FLATTEN.java:26)
	at java_programs.FLATTEN.flatten(FLATTEN.java:26)
	at java_programs.FLATTEN.flatten(FLATTEN.java:26)
	at java_programs.FLATTEN.flatten(FLATTEN.java:26)
	at java_programs.FLATTEN.flatten(FLATTEN.java:26)
	at java_programs.FLATTEN.flatten(FLATTEN.java:26)
</failure>
  </testcase>
  <testcase name="test_1" classname="java_testcases.junit.FLATTEN_TEST" time="0.0"/>
  <testcase name="test_2" classname="java_testcases.junit.FLATTEN_TEST" time="0.006">
    <failure message="java.lang.StackOverflowError" type="java.lang.StackOverflowError">java.lang.StackOverflowError
	at java_programs.FLATTEN.flatten(FLATTEN.java)
	at java_programs.FLATTEN.flatten(FLATTEN.java:26)
	at java_programs.FLATTEN.flatten(FLATTEN.java:26)
	at java_programs.FLATTEN.flatten(FLATTEN.java:26)
	at java_programs.FLATTEN.flatten(FLATTEN.java:26)
	at java_programs.FLATTEN.flatten(FLATTEN.java:26)
	at java_programs.FLATTEN.flatten(FLATTEN.java:26)
	at java_programs.FLATTEN.flatten(FLATTEN.java:26)
	at java_programs.FLATTEN.flatten(FLATTEN.java:26)
	at java_programs.FLATTEN.flatten(FLATTEN.java:26)
	at java_programs.FLATTEN.flatten(FLATTEN.java:26)
	at java_programs.FLATTEN.flatten(FLATTEN.java:26)
	at java_programs.FLATTEN.flatten(FLATTEN.java:26)
	at java_programs.FLATTEN.flatten(FLATTEN.java:26)
	at java_programs.FLATTEN.flatten(FLATTEN.java:26)
	at java_programs.FLATTEN.flatten(FLATTEN.java:26)
	at java_programs.FLATTEN.flatten(FLATTEN.java:26)
	at java_programs.FLATTEN.flatten(FLATTEN.java:26)
	at java_programs.FLATTEN.flatten(FLATTEN.java:26)
	at java_programs.FLATTEN.flatten(FLATTEN.java:26)
	at java_programs.FLATTEN.flatten(FLATTEN.java:26)
	at java_programs.FLATTEN.flatten(FLATTEN.java:26)
	at java_programs.FLATTEN.flatten(FLATTEN.java:26)
	at java_programs.FLATTEN.flatten(FLATTEN.java:26)
	at java_programs.FLATTEN.flatten(FLATTEN.java:26)
	at java_programs.FLATTEN.flatten(FLATTEN.java:26)
	at java_programs.FLATTEN.flatten(FLATTEN.java:26)
	at java_programs.FLATTEN.flatten(FLATTEN.java:26)
	at java_programs.FLATTEN.flatten(FLATTEN.java:26)
	at java_programs.FLATTEN.flatten(FLATTEN.java:26)
	at java_programs.FLATTEN.flatten(FLATTEN.java:26)
	at java_programs.FLATTEN.flatten(FLATTEN.java:26)
	at java_programs.FLATTEN.flatten(FLATTEN.java:26)
	at java_programs.FLATTEN.flatten(FLATTEN.java:26)
	at java_programs.FLATTEN.flatten(FLATTEN.java:26)
	at java_programs.FLATTEN.flatten(FLATTEN.java:26)
	at java_programs.FLATTEN.flatten(FLATTEN.java:26)
	at java_programs.FLATTEN.flatten(FLATTEN.java:26)
	at java_programs.FLATTEN.flatten(FLATTEN.java:26)
	at java_programs.FLATTEN.flatten(FLATTEN.java:26)
	at java_programs.FLATTEN.flatten(FLATTEN.java:26)
	at java_programs.FLATTEN.flatten(FLATTEN.java:26)
	at java_programs.FLATTEN.flatten(FLATTEN.java:26)
	at java_programs.FLATTEN.flatten(FLATTEN.java:26)
	at java_programs.FLATTEN.flatten(FLATTEN.java:26)
	at java_programs.FLATTEN.flatten(FLATTEN.java:26)
	at java_programs.FLATTEN.flatten(FLATTEN.java:26)
	at java_programs.FLATTEN.flatten(FLATTEN.java:26)
	at java_programs.FLATTEN.flatten(FLATTEN.java:26)
	at java_programs.FLATTEN.flatten(FLATTEN.java:26)
	at java_programs.FLATTEN.flatten(FLATTEN.java:26)
	at java_programs.FLATTEN.flatten(FLATTEN.java:26)
	at java_programs.FLATTEN.flatten(FLATTEN.java:26)
	at java_programs.FLATTEN.flatten(FLATTEN.java:26)
	at java_programs.FLATTEN.flatten(FLATTEN.java:26)
	at java_programs.FLATTEN.flatten(FLATTEN.java:26)
	at java_programs.FLATTEN.flatten(FLATTEN.java:26)
	at java_programs.FLATTEN.flatten(FLATTEN.java:26)
	at java_programs.FLATTEN.flatten(FLATTEN.java:26)
	at java_programs.FLATTEN.flatten(FLATTEN.java:26)
	at java_programs.FLATTEN.flatten(FLATTEN.java:26)
	at java_programs.FLATTEN.flatten(FLATTEN.java:26)
	at java_programs.FLATTEN.flatten(FLATTEN.java:26)
	at java_programs.FLATTEN.flatten(FLATTEN.java:26)
	at java_programs.FLATTEN.flatten(FLATTEN.java:26)
	at java_programs.FLATTEN.flatten(FLATTEN.java:26)
	at java_programs.FLATTEN.flatten(FLATTEN.java:26)
	at java_programs.FLATTEN.flatten(FLATTEN.java:26)
	at java_programs.FLATTEN.flatten(FLATTEN.java:26)
	at java_programs.FLATTEN.flatten(FLATTEN.java:26)
	at java_programs.FLATTEN.flatten(FLATTEN.java:26)
	at java_programs.FLATTEN.flatten(FLATTEN.java:26)
	at java_programs.FLATTEN.flatten(FLATTEN.java:26)
	at java_programs.FLATTEN.flatten(FLATTEN.java:26)
	at java_programs.FLATTEN.flatten(FLATTEN.java:26)
	at java_programs.FLATTEN.flatten(FLATTEN.java:26)
	at java_programs.FLATTEN.flatten(FLATTEN.java:26)
	at java_programs.FLATTEN.flatten(FLATTEN.java:26)
	at java_programs.FLATTEN.flatten(FLATTEN.java:26)
	at java_programs.FLATTEN.flatten(FLATTEN.java:26)
	at java_programs.FLATTEN.flatten(FLATTEN.java:26)
	at java_programs.FLATTEN.flatten(FLATTEN.java:26)
	at java_programs.FLATTEN.flatten(FLATTEN.java:26)
	at java_programs.FLATTEN.flatten(FLATTEN.java:26)
	at java_programs.FLATTEN.flatten(FLATTEN.java:26)
	at java_programs.FLATTEN.flatten(FLATTEN.java:26)
	at java_programs.FLATTEN.flatten(FLATTEN.java:26)
	at java_programs.FLATTEN.flatten(FLATTEN.java:26)
	at java_programs.FLATTEN.flatten(FLATTEN.java:26)
	at java_programs.FLATTEN.flatten(FLATTEN.java:26)
	at java_programs.FLATTEN.flatten(FLATTEN.java:26)
	at java_programs.FLATTEN.flatten(FLATTEN.java:26)
	at java_programs.FLATTEN.flatten(FLATTEN.java:26)
	at java_programs.FLATTEN.flatten(FLATTEN.java:26)
	at java_programs.FLATTEN.flatten(FLATTEN.java:26)
	at java_programs.FLATTEN.flatten(FLATTEN.java:26)
	at java_programs.FLATTEN.flatten(FLATTEN.java:26)
	at java_programs.FLATTEN.flatten(FLATTEN.java:26)
	at java_programs.FLATTEN.flatten(FLATTEN.java:26)
	at java_programs.FLATTEN.flatten(FLATTEN.java:26)
	at java_programs.FLATTEN.flatten(FLATTEN.java:26)
	at java_programs.FLATTEN.flatten(FLATTEN.java:26)
	at java_programs.FLATTEN.flatten(FLATTEN.java:26)
	at java_programs.FLATTEN.flatten(FLATTEN.java:26)
	at java_programs.FLATTEN.flatten(FLATTEN.java:26)
	at java_programs.FLATTEN.flatten(FLATTEN.java:26)
	at java_programs.FLATTEN.flatten(FLATTEN.java:26)
	at java_programs.FLATTEN.flatten(FLATTEN.java:26)
	at java_programs.FLATTEN.flatten(FLATTEN.java:26)
	at java_programs.FLATTEN.flatten(FLATTEN.java:26)
	at java_programs.FLATTEN.flatten(FLATTEN.java:26)
	at java_programs.FLATTEN.flatten(FLATTEN.java:26)
	at java_programs.FLATTEN.flatten(FLATTEN.java:26)
	at java_programs.FLATTEN.flatten(FLATTEN.java:26)
	at java_programs.FLATTEN.flatten(FLATTEN.java:26)
	at java_programs.FLATTEN.flatten(FLATTEN.java:26)
	at java_programs.FLATTEN.flatten(FLATTEN.java:26)
	at java_programs.FLATTEN.flatten(FLATTEN.java:26)
	at java_programs.FLATTEN.flatten(FLATTEN.java:26)
	at java_programs.FLATTEN.flatten(FLATTEN.java:26)
	at java_programs.FLATTEN.flatten(FLATTEN.java:26)
	at java_programs.FLATTEN.flatten(FLATTEN.java:26)
	at java_programs.FLATTEN.flatten(FLATTEN.java:26)
	at java_programs.FLATTEN.flatten(FLATTEN.java:26)
	at java_programs.FLATTEN.flatten(FLATTEN.java:26)
	at java_programs.FLATTEN.flatten(FLATTEN.java:26)
	at java_programs.FLATTEN.flatten(FLATTEN.java:26)
	at java_programs.FLATTEN.flatten(FLATTEN.java:26)
	at java_programs.FLATTEN.flatten(FLATTEN.java:26)
	at java_programs.FLATTEN.flatten(FLATTEN.java:26)
	at java_programs.FLATTEN.flatten(FLATTEN.java:26)
	at java_programs.FLATTEN.flatten(FLATTEN.java:26)
	at java_programs.FLATTEN.flatten(FLATTEN.java:26)
	at java_programs.FLATTEN.flatten(FLATTEN.java:26)
	at java_programs.FLATTEN.flatten(FLATTEN.java:26)
	at java_programs.FLATTEN.flatten(FLATTEN.java:26)
	at java_programs.FLATTEN.flatten(FLATTEN.java:26)
	at java_programs.FLATTEN.flatten(FLATTEN.java:26)
	at java_programs.FLATTEN.flatten(FLATTEN.java:26)
	at java_programs.FLATTEN.flatten(FLATTEN.java:26)
	at java_programs.FLATTEN.flatten(FLATTEN.java:26)
	at java_programs.FLATTEN.flatten(FLATTEN.java:26)
	at java_programs.FLATTEN.flatten(FLATTEN.java:26)
	at java_programs.FLATTEN.flatten(FLATTEN.java:26)
	at java_programs.FLATTEN.flatten(FLATTEN.java:26)
	at java_programs.FLATTEN.flatten(FLATTEN.java:26)
	at java_programs.FLATTEN.flatten(FLATTEN.java:26)
	at java_programs.FLATTEN.flatten(FLATTEN.java:26)
	at java_programs.FLATTEN.flatten(FLATTEN.java:26)
	at java_programs.FLATTEN.flatten(FLATTEN.java:26)
	at java_programs.FLATTEN.flatten(FLATTEN.java:26)
	at java_programs.FLATTEN.flatten(FLATTEN.java:26)
	at java_programs.FLATTEN.flatten(FLATTEN.java:26)
	at java_programs.FLATTEN.flatten(FLATTEN.java:26)
	at java_programs.FLATTEN.flatten(FLATTEN.java:26)
	at java_programs.FLATTEN.flatten(FLATTEN.java:26)
	at java_programs.FLATTEN.flatten(FLATTEN.java:26)
	at java_programs.FLATTEN.flatten(FLATTEN.java:26)
	at java_programs.FLATTEN.flatten(FLATTEN.java:26)
	at java_programs.FLATTEN.flatten(FLATTEN.java:26)
	at java_programs.FLATTEN.flatten(FLATTEN.java:26)
	at java_programs.FLATTEN.flatten(FLATTEN.java:26)
	at java_programs.FLATTEN.flatten(FLATTEN.java:26)
	at java_programs.FLATTEN.flatten(FLATTEN.java:26)
	at java_programs.FLATTEN.flatten(FLATTEN.java:26)
	at java_programs.FLATTEN.flatten(FLATTEN.java:26)
	at java_programs.FLATTEN.flatten(FLATTEN.java:26)
	at java_programs.FLATTEN.flatten(FLATTEN.java:26)
	at java_programs.FLATTEN.flatten(FLATTEN.java:26)
	at java_programs.FLATTEN.flatten(FLATTEN.java:26)
	at java_programs.FLATTEN.flatten(FLATTEN.java:26)
	at java_programs.FLATTEN.flatten(FLATTEN.java:26)
	at java_programs.FLATTEN.flatten(FLATTEN.java:26)
	at java_programs.FLATTEN.flatten(FLATTEN.java:26)
	at java_programs.FLATTEN.flatten(FLATTEN.java:26)
	at java_programs.FLATTEN.flatten(FLATTEN.java:26)
	at java_programs.FLATTEN.flatten(FLATTEN.java:26)
	at java_programs.FLATTEN.flatten(FLATTEN.java:26)
	at java_programs.FLATTEN.flatten(FLATTEN.java:26)
	at java_programs.FLATTEN.flatten(FLATTEN.java:26)
	at java_programs.FLATTEN.flatten(FLATTEN.java:26)
	at java_programs.FLATTEN.flatten(FLATTEN.java:26)
	at java_programs.FLATTEN.flatten(FLATTEN.java:26)
	at java_programs.FLATTEN.flatten(FLATTEN.java:26)
	at java_programs.FLATTEN.flatten(FLATTEN.java:26)
	at java_programs.FLATTEN.flatten(FLATTEN.java:26)
	at java_programs.FLATTEN.flatten(FLATTEN.java:26)
	at java_programs.FLATTEN.flatten(FLATTEN.java:26)
	at java_programs.FLATTEN.flatten(FLATTEN.java:26)
	at java_programs.FLATTEN.flatten(FLATTEN.java:26)
	at java_programs.FLATTEN.flatten(FLATTEN.java:26)
	at java_programs.FLATTEN.flatten(FLATTEN.java:26)
	at java_programs.FLATTEN.flatten(FLATTEN.java:26)
	at java_programs.FLATTEN.flatten(FLATTEN.java:26)
	at java_programs.FLATTEN.flatten(FLATTEN.java:26)
	at java_programs.FLATTEN.flatten(FLATTEN.java:26)
	at java_programs.FLATTEN.flatten(FLATTEN.java:26)
	at java_programs.FLATTEN.flatten(FLATTEN.java:26)
	at java_programs.FLATTEN.flatten(FLATTEN.java:26)
	at java_programs.FLATTEN.flatten(FLATTEN.java:26)
	at java_programs.FLATTEN.flatten(FLATTEN.java:26)
	at java_programs.FLATTEN.flatten(FLATTEN.java:26)
	at java_programs.FLATTEN.flatten(FLATTEN.java:26)
	at java_programs.FLATTEN.flatten(FLATTEN.java:26)
	at java_programs.FLATTEN.flatten(FLATTEN.java:26)
	at java_programs.FLATTEN.flatten(FLATTEN.java:26)
	at java_programs.FLATTEN.flatten(FLATTEN.java:26)
	at java_programs.FLATTEN.flatten(FLATTEN.java:26)
	at java_programs.FLATTEN.flatten(FLATTEN.java:26)
	at java_programs.FLATTEN.flatten(FLATTEN.java:26)
	at java_programs.FLATTEN.flatten(FLATTEN.java:26)
	at java_programs.FLATTEN.flatten(FLATTEN.java:26)
	at java_programs.FLATTEN.flatten(FLATTEN.java:26)
	at java_programs.FLATTEN.flatten(FLATTEN.java:26)
	at java_programs.FLATTEN.flatten(FLATTEN.java:26)
	at java_programs.FLATTEN.flatten(FLATTEN.java:26)
	at java_programs.FLATTEN.flatten(FLATTEN.java:26)
	at java_programs.FLATTEN.flatten(FLATTEN.java:26)
	at java_programs.FLATTEN.flatten(FLATTEN.java:26)
	at java_programs.FLATTEN.flatten(FLATTEN.java:26)
	at java_programs.FLATTEN.flatten(FLATTEN.java:26)
	at java_programs.FLATTEN.flatten(FLATTEN.java:26)
	at java_programs.FLATTEN.flatten(FLATTEN.java:26)
	at java_programs.FLATTEN.flatten(FLATTEN.java:26)
	at java_programs.FLATTEN.flatten(FLATTEN.java:26)
	at java_programs.FLATTEN.flatten(FLATTEN.java:26)
	at java_programs.FLATTEN.flatten(FLATTEN.java:26)
	at java_programs.FLATTEN.flatten(FLATTEN.java:26)
	at java_programs.FLATTEN.flatten(FLATTEN.java:26)
	at java_programs.FLATTEN.flatten(FLATTEN.java:26)
	at java_programs.FLATTEN.flatten(FLATTEN.java:26)
	at java_programs.FLATTEN.flatten(FLATTEN.java:26)
	at java_programs.FLATTEN.flatten(FLATTEN.java:26)
	at java_programs.FLATTEN.flatten(FLATTEN.java:26)
	at java_programs.FLATTEN.flatten(FLATTEN.java:26)
	at java_programs.FLATTEN.flatten(FLATTEN.java:26)
	at java_programs.FLATTEN.flatten(FLATTEN.java:26)
	at java_programs.FLATTEN.flatten(FLATTEN.java:26)
	at java_programs.FLATTEN.flatten(FLATTEN.java:26)
	at java_programs.FLATTEN.flatten(FLATTEN.java:26)
	at java_programs.FLATTEN.flatten(FLATTEN.java:26)
	at java_programs.FLATTEN.flatten(FLATTEN.java:26)
	at java_programs.FLATTEN.flatten(FLATTEN.java:26)
	at java_programs.FLATTEN.flatten(FLATTEN.java:26)
	at java_programs.FLATTEN.flatten(FLATTEN.java:26)
	at java_programs.FLATTEN.flatten(FLATTEN.java:26)
	at java_programs.FLATTEN.flatten(FLATTEN.java:26)
	at java_programs.FLATTEN.flatten(FLATTEN.java:26)
	at java_programs.FLATTEN.flatten(FLATTEN.java:26)
	at java_programs.FLATTEN.flatten(FLATTEN.java:26)
	at java_programs.FLATTEN.flatten(FLATTEN.java:26)
	at java_programs.FLATTEN.flatten(FLATTEN.java:26)
	at java_programs.FLATTEN.flatten(FLATTEN.java:26)
	at java_programs.FLATTEN.flatten(FLATTEN.java:26)
	at java_programs.FLATTEN.flatten(FLATTEN.java:26)
	at java_programs.FLATTEN.flatten(FLATTEN.java:26)
	at java_programs.FLATTEN.flatten(FLATTEN.java:26)
	at java_programs.FLATTEN.flatten(FLATTEN.java:26)
	at java_programs.FLATTEN.flatten(FLATTEN.java:26)
	at java_programs.FLATTEN.flatten(FLATTEN.java:26)
	at java_programs.FLATTEN.flatten(FLATTEN.java:26)
	at java_programs.FLATTEN.flatten(FLATTEN.java:26)
	at java_programs.FLATTEN.flatten(FLATTEN.java:26)
	at java_programs.FLATTEN.flatten(FLATTEN.java:26)
	at java_programs.FLATTEN.flatten(FLATTEN.java:26)
	at java_programs.FLATTEN.flatten(FLATTEN.java:26)
	at java_programs.FLATTEN.flatten(FLATTEN.java:26)
	at java_programs.FLATTEN.flatten(FLATTEN.java:26)
	at java_programs.FLATTEN.flatten(FLATTEN.java:26)
	at java_programs.FLATTEN.flatten(FLATTEN.java:26)
	at java_programs.FLATTEN.flatten(FLATTEN.java:26)
	at java_programs.FLATTEN.flatten(FLATTEN.java:26)
	at java_programs.FLATTEN.flatten(FLATTEN.java:26)
	at java_programs.FLATTEN.flatten(FLATTEN.java:26)
	at java_programs.FLATTEN.flatten(FLATTEN.java:26)
	at java_programs.FLATTEN.flatten(FLATTEN.java:26)
	at java_programs.FLATTEN.flatten(FLATTEN.java:26)
	at java_programs.FLATTEN.flatten(FLATTEN.java:26)
	at java_programs.FLATTEN.flatten(FLATTEN.java:26)
	at java_programs.FLATTEN.flatten(FLATTEN.java:26)
	at java_programs.FLATTEN.flatten(FLATTEN.java:26)
	at java_programs.FLATTEN.flatten(FLATTEN.java:26)
	at java_programs.FLATTEN.flatten(FLATTEN.java:26)
	at java_programs.FLATTEN.flatten(FLATTEN.java:26)
	at java_programs.FLATTEN.flatten(FLATTEN.java:26)
	at java_programs.FLATTEN.flatten(FLATTEN.java:26)
	at java_programs.FLATTEN.flatten(FLATTEN.java:26)
	at java_programs.FLATTEN.flatten(FLATTEN.java:26)
	at java_programs.FLATTEN.flatten(FLATTEN.java:26)
	at java_programs.FLATTEN.flatten(FLATTEN.java:26)
	at java_programs.FLATTEN.flatten(FLATTEN.java:26)
	at java_programs.FLATTEN.flatten(FLATTEN.java:26)
	at java_programs.FLATTEN.flatten(FLATTEN.java:26)
	at java_programs.FLATTEN.flatten(FLATTEN.java:26)
	at java_programs.FLATTEN.flatten(FLATTEN.java:26)
	at java_programs.FLATTEN.flatten(FLATTEN.java:26)
	at java_programs.FLATTEN.flatten(FLATTEN.java:26)
	at java_programs.FLATTEN.flatten(FLATTEN.java:26)
	at java_programs.FLATTEN.flatten(FLATTEN.java:26)
	at java_programs.FLATTEN.flatten(FLATTEN.java:26)
	at java_programs.FLATTEN.flatten(FLATTEN.java:26)
	at java_programs.FLATTEN.flatten(FLATTEN.java:26)
	at java_programs.FLATTEN.flatten(FLATTEN.java:26)
	at java_programs.FLATTEN.flatten(FLATTEN.java:26)
	at java_programs.FLATTEN.flatten(FLATTEN.java:26)
	at java_programs.FLATTEN.flatten(FLATTEN.java:26)
	at java_programs.FLATTEN.flatten(FLATTEN.java:26)
	at java_programs.FLATTEN.flatten(FLATTEN.java:26)
	at java_programs.FLATTEN.flatten(FLATTEN.java:26)
	at java_programs.FLATTEN.flatten(FLATTEN.java:26)
	at java_programs.FLATTEN.flatten(FLATTEN.java:26)
	at java_programs.FLATTEN.flatten(FLATTEN.java:26)
	at java_programs.FLATTEN.flatten(FLATTEN.java:26)
	at java_programs.FLATTEN.flatten(FLATTEN.java:26)
	at java_programs.FLATTEN.flatten(FLATTEN.java:26)
	at java_programs.FLATTEN.flatten(FLATTEN.java:26)
	at java_programs.FLATTEN.flatten(FLATTEN.java:26)
	at java_programs.FLATTEN.flatten(FLATTEN.java:26)
	at java_programs.FLATTEN.flatten(FLATTEN.java:26)
	at java_programs.FLATTEN.flatten(FLATTEN.java:26)
	at java_programs.FLATTEN.flatten(FLATTEN.java:26)
	at java_programs.FLATTEN.flatten(FLATTEN.java:26)
	at java_programs.FLATTEN.flatten(FLATTEN.java:26)
	at java_programs.FLATTEN.flatten(FLATTEN.java:26)
	at java_programs.FLATTEN.flatten(FLATTEN.java:26)
	at java_programs.FLATTEN.flatten(FLATTEN.java:26)
	at java_programs.FLATTEN.flatten(FLATTEN.java:26)
	at java_programs.FLATTEN.flatten(FLATTEN.java:26)
	at java_programs.FLATTEN.flatten(FLATTEN.java:26)
	at java_programs.FLATTEN.flatten(FLATTEN.java:26)
	at java_programs.FLATTEN.flatten(FLATTEN.java:26)
	at java_programs.FLATTEN.flatten(FLATTEN.java:26)
	at java_programs.FLATTEN.flatten(FLATTEN.java:26)
	at java_programs.FLATTEN.flatten(FLATTEN.java:26)
	at java_programs.FLATTEN.flatten(FLATTEN.java:26)
	at java_programs.FLATTEN.flatten(FLATTEN.java:26)
	at java_programs.FLATTEN.flatten(FLATTEN.java:26)
	at java_programs.FLATTEN.flatten(FLATTEN.java:26)
	at java_programs.FLATTEN.flatten(FLATTEN.java:26)
	at java_programs.FLATTEN.flatten(FLATTEN.java:26)
	at java_programs.FLATTEN.flatten(FLATTEN.java:26)
	at java_programs.FLATTEN.flatten(FLATTEN.java:26)
	at java_programs.FLATTEN.flatten(FLATTEN.java:26)
	at java_programs.FLATTEN.flatten(FLATTEN.java:26)
	at java_programs.FLATTEN.flatten(FLATTEN.java:26)
	at java_programs.FLATTEN.flatten(FLATTEN.java:26)
	at java_programs.FLATTEN.flatten(FLATTEN.java:26)
	at java_programs.FLATTEN.flatten(FLATTEN.java:26)
	at java_programs.FLATTEN.flatten(FLATTEN.java:26)
	at java_programs.FLATTEN.flatten(FLATTEN.java:26)
	at java_programs.FLATTEN.flatten(FLATTEN.java:26)
	at java_programs.FLATTEN.flatten(FLATTEN.java:26)
	at java_programs.FLATTEN.flatten(FLATTEN.java:26)
	at java_programs.FLATTEN.flatten(FLATTEN.java:26)
	at java_programs.FLATTEN.flatten(FLATTEN.java:26)
	at java_programs.FLATTEN.flatten(FLATTEN.java:26)
	at java_programs.FLATTEN.flatten(FLATTEN.java:26)
	at java_programs.FLATTEN.flatten(FLATTEN.java:26)
	at java_programs.FLATTEN.flatten(FLATTEN.java:26)
	at java_programs.FLATTEN.flatten(FLATTEN.java:26)
	at java_programs.FLATTEN.flatten(FLATTEN.java:26)
	at java_programs.FLATTEN.flatten(FLATTEN.java:26)
	at java_programs.FLATTEN.flatten(FLATTEN.java:26)
	at java_programs.FLATTEN.flatten(FLATTEN.java:26)
	at java_programs.FLATTEN.flatten(FLATTEN.java:26)
	at java_programs.FLATTEN.flatten(FLATTEN.java:26)
	at java_programs.FLATTEN.flatten(FLATTEN.java:26)
	at java_programs.FLATTEN.flatten(FLATTEN.java:26)
	at java_programs.FLATTEN.flatten(FLATTEN.java:26)
	at java_programs.FLATTEN.flatten(FLATTEN.java:26)
	at java_programs.FLATTEN.flatten(FLATTEN.java:26)
	at java_programs.FLATTEN.flatten(FLATTEN.java:26)
	at java_programs.FLATTEN.flatten(FLATTEN.java:26)
	at java_programs.FLATTEN.flatten(FLATTEN.java:26)
	at java_programs.FLATTEN.flatten(FLATTEN.java:26)
	at java_programs.FLATTEN.flatten(FLATTEN.java:26)
	at java_programs.FLATTEN.flatten(FLATTEN.java:26)
	at java_programs.FLATTEN.flatten(FLATTEN.java:26)
	at java_programs.FLATTEN.flatten(FLATTEN.java:26)
	at java_programs.FLATTEN.flatten(FLATTEN.java:26)
	at java_programs.FLATTEN.flatten(FLATTEN.java:26)
	at java_programs.FLATTEN.flatten(FLATTEN.java:26)
	at java_programs.FLATTEN.flatten(FLATTEN.java:26)
	at java_programs.FLATTEN.flatten(FLATTEN.java:26)
	at java_programs.FLATTEN.flatten(FLATTEN.java:26)
	at java_programs.FLATTEN.flatten(FLATTEN.java:26)
	at java_programs.FLATTEN.flatten(FLATTEN.java:26)
	at java_programs.FLATTEN.flatten(FLATTEN.java:26)
	at java_programs.FLATTEN.flatten(FLATTEN.java:26)
	at java_programs.FLATTEN.flatten(FLATTEN.java:26)
	at java_programs.FLATTEN.flatten(FLATTEN.java:26)
	at java_programs.FLATTEN.flatten(FLATTEN.java:26)
	at java_programs.FLATTEN.flatten(FLATTEN.java:26)
	at java_programs.FLATTEN.flatten(FLATTEN.java:26)
	at java_programs.FLATTEN.flatten(FLATTEN.java:26)
	at java_programs.FLATTEN.flatten(FLATTEN.java:26)
	at java_programs.FLATTEN.flatten(FLATTEN.java:26)
	at java_programs.FLATTEN.flatten(FLATTEN.java:26)
	at java_programs.FLATTEN.flatten(FLATTEN.java:26)
	at java_programs.FLATTEN.flatten(FLATTEN.java:26)
	at java_programs.FLATTEN.flatten(FLATTEN.java:26)
	at java_programs.FLATTEN.flatten(FLATTEN.java:26)
	at java_programs.FLATTEN.flatten(FLATTEN.java:26)
	at java_programs.FLATTEN.flatten(FLATTEN.java:26)
	at java_programs.FLATTEN.flatten(FLATTEN.java:26)
	at java_programs.FLATTEN.flatten(FLATTEN.java:26)
	at java_programs.FLATTEN.flatten(FLATTEN.java:26)
	at java_programs.FLATTEN.flatten(FLATTEN.java:26)
	at java_programs.FLATTEN.flatten(FLATTEN.java:26)
	at java_programs.FLATTEN.flatten(FLATTEN.java:26)
	at java_programs.FLATTEN.flatten(FLATTEN.java:26)
	at java_programs.FLATTEN.flatten(FLATTEN.java:26)
	at java_programs.FLATTEN.flatten(FLATTEN.java:26)
	at java_programs.FLATTEN.flatten(FLATTEN.java:26)
	at java_programs.FLATTEN.flatten(FLATTEN.java:26)
	at java_programs.FLATTEN.flatten(FLATTEN.java:26)
	at java_programs.FLATTEN.flatten(FLATTEN.java:26)
	at java_programs.FLATTEN.flatten(FLATTEN.java:26)
	at java_programs.FLATTEN.flatten(FLATTEN.java:26)
	at java_programs.FLATTEN.flatten(FLATTEN.java:26)
	at java_programs.FLATTEN.flatten(FLATTEN.java:26)
	at java_programs.FLATTEN.flatten(FLATTEN.java:26)
	at java_programs.FLATTEN.flatten(FLATTEN.java:26)
	at java_programs.FLATTEN.flatten(FLATTEN.java:26)
	at java_programs.FLATTEN.flatten(FLATTEN.java:26)
	at java_programs.FLATTEN.flatten(FLATTEN.java:26)
	at java_programs.FLATTEN.flatten(FLATTEN.java:26)
	at java_programs.FLATTEN.flatten(FLATTEN.java:26)
	at java_programs.FLATTEN.flatten(FLATTEN.java:26)
	at java_programs.FLATTEN.flatten(FLATTEN.java:26)
	at java_programs.FLATTEN.flatten(FLATTEN.java:26)
	at java_programs.FLATTEN.flatten(FLATTEN.java:26)
	at java_programs.FLATTEN.flatten(FLATTEN.java:26)
	at java_programs.FLATTEN.flatten(FLATTEN.java:26)
	at java_programs.FLATTEN.flatten(FLATTEN.java:26)
	at java_programs.FLATTEN.flatten(FLATTEN.java:26)
	at java_programs.FLATTEN.flatten(FLATTEN.java:26)
	at java_programs.FLATTEN.flatten(FLATTEN.java:26)
	at java_programs.FLATTEN.flatten(FLATTEN.java:26)
	at java_programs.FLATTEN.flatten(FLATTEN.java:26)
	at java_programs.FLATTEN.flatten(FLATTEN.java:26)
	at java_programs.FLATTEN.flatten(FLATTEN.java:26)
	at java_programs.FLATTEN.flatten(FLATTEN.java:26)
	at java_programs.FLATTEN.flatten(FLATTEN.java:26)
	at java_programs.FLATTEN.flatten(FLATTEN.java:26)
	at java_programs.FLATTEN.flatten(FLATTEN.java:26)
	at java_programs.FLATTEN.flatten(FLATTEN.java:26)
	at java_programs.FLATTEN.flatten(FLATTEN.java:26)
	at java_programs.FLATTEN.flatten(FLATTEN.java:26)
	at java_programs.FLATTEN.flatten(FLATTEN.java:26)
	at java_programs.FLATTEN.flatten(FLATTEN.java:26)
	at java_programs.FLATTEN.flatten(FLATTEN.java:26)
	at java_programs.FLATTEN.flatten(FLATTEN.java:26)
	at java_programs.FLATTEN.flatten(FLATTEN.java:26)
	at java_programs.FLATTEN.flatten(FLATTEN.java:26)
	at java_programs.FLATTEN.flatten(FLATTEN.java:26)
	at java_programs.FLATTEN.flatten(FLATTEN.java:26)
	at java_programs.FLATTEN.flatten(FLATTEN.java:26)
	at java_programs.FLATTEN.flatten(FLATTEN.java:26)
	at java_programs.FLATTEN.flatten(FLATTEN.java:26)
	at java_programs.FLATTEN.flatten(FLATTEN.java:26)
	at java_programs.FLATTEN.flatten(FLATTEN.java:26)
	at java_programs.FLATTEN.flatten(FLATTEN.java:26)
	at java_programs.FLATTEN.flatten(FLATTEN.java:26)
	at java_programs.FLATTEN.flatten(FLATTEN.java:26)
	at java_programs.FLATTEN.flatten(FLATTEN.java:26)
	at java_programs.FLATTEN.flatten(FLATTEN.java:26)
	at java_programs.FLATTEN.flatten(FLATTEN.java:26)
	at java_programs.FLATTEN.flatten(FLATTEN.java:26)
	at java_programs.FLATTEN.flatten(FLATTEN.java:26)
	at java_programs.FLATTEN.flatten(FLATTEN.java:26)
	at java_programs.FLATTEN.flatten(FLATTEN.java:26)
	at java_programs.FLATTEN.flatten(FLATTEN.java:26)
	at java_programs.FLATTEN.flatten(FLATTEN.java:26)
	at java_programs.FLATTEN.flatten(FLATTEN.java:26)
	at java_programs.FLATTEN.flatten(FLATTEN.java:26)
	at java_programs.FLATTEN.flatten(FLATTEN.java:26)
	at java_programs.FLATTEN.flatten(FLATTEN.java:26)
	at java_programs.FLATTEN.flatten(FLATTEN.java:26)
	at java_programs.FLATTEN.flatten(FLATTEN.java:26)
	at java_programs.FLATTEN.flatten(FLATTEN.java:26)
	at java_programs.FLATTEN.flatten(FLATTEN.java:26)
	at java_programs.FLATTEN.flatten(FLATTEN.java:26)
	at java_programs.FLATTEN.flatten(FLATTEN.java:26)
	at java_programs.FLATTEN.flatten(FLATTEN.java:26)
	at java_programs.FLATTEN.flatten(FLATTEN.java:26)
	at java_programs.FLATTEN.flatten(FLATTEN.java:26)
	at java_programs.FLATTEN.flatten(FLATTEN.java:26)
	at java_programs.FLATTEN.flatten(FLATTEN.java:26)
	at java_programs.FLATTEN.flatten(FLATTEN.java:26)
	at java_programs.FLATTEN.flatten(FLATTEN.java:26)
	at java_programs.FLATTEN.flatten(FLATTEN.java:26)
	at java_programs.FLATTEN.flatten(FLATTEN.java:26)
	at java_programs.FLATTEN.flatten(FLATTEN.java:26)
	at java_programs.FLATTEN.flatten(FLATTEN.java:26)
	at java_programs.FLATTEN.flatten(FLATTEN.java:26)
	at java_programs.FLATTEN.flatten(FLATTEN.java:26)
	at java_programs.FLATTEN.flatten(FLATTEN.java:26)
	at java_programs.FLATTEN.flatten(FLATTEN.java:26)
	at java_programs.FLATTEN.flatten(FLATTEN.java:26)
	at java_programs.FLATTEN.flatten(FLATTEN.java:26)
	at java_programs.FLATTEN.flatten(FLATTEN.java:26)
	at java_programs.FLATTEN.flatten(FLATTEN.java:26)
	at java_programs.FLATTEN.flatten(FLATTEN.java:26)
	at java_programs.FLATTEN.flatten(FLATTEN.java:26)
	at java_programs.FLATTEN.flatten(FLATTEN.java:26)
	at java_programs.FLATTEN.flatten(FLATTEN.java:26)
	at java_programs.FLATTEN.flatten(FLATTEN.java:26)
	at java_programs.FLATTEN.flatten(FLATTEN.java:26)
	at java_programs.FLATTEN.flatten(FLATTEN.java:26)
	at java_programs.FLATTEN.flatten(FLATTEN.java:26)
	at java_programs.FLATTEN.flatten(FLATTEN.java:26)
	at java_programs.FLATTEN.flatten(FLATTEN.java:26)
	at java_programs.FLATTEN.flatten(FLATTEN.java:26)
	at java_programs.FLATTEN.flatten(FLATTEN.java:26)
	at java_programs.FLATTEN.flatten(FLATTEN.java:26)
	at java_programs.FLATTEN.flatten(FLATTEN.java:26)
	at java_programs.FLATTEN.flatten(FLATTEN.java:26)
	at java_programs.FLATTEN.flatten(FLATTEN.java:26)
	at java_programs.FLATTEN.flatten(FLATTEN.java:26)
	at java_programs.FLATTEN.flatten(FLATTEN.java:26)
	at java_programs.FLATTEN.flatten(FLATTEN.java:26)
	at java_programs.FLATTEN.flatten(FLATTEN.java:26)
	at java_programs.FLATTEN.flatten(FLATTEN.java:26)
	at java_programs.FLATTEN.flatten(FLATTEN.java:26)
	at java_programs.FLATTEN.flatten(FLATTEN.java:26)
	at java_programs.FLATTEN.flatten(FLATTEN.java:26)
	at java_programs.FLATTEN.flatten(FLATTEN.java:26)
	at java_programs.FLATTEN.flatten(FLATTEN.java:26)
	at java_programs.FLATTEN.flatten(FLATTEN.java:26)
	at java_programs.FLATTEN.flatten(FLATTEN.java:26)
	at java_programs.FLATTEN.flatten(FLATTEN.java:26)
	at java_programs.FLATTEN.flatten(FLATTEN.java:26)
	at java_programs.FLATTEN.flatten(FLATTEN.java:26)
	at java_programs.FLATTEN.flatten(FLATTEN.java:26)
	at java_programs.FLATTEN.flatten(FLATTEN.java:26)
	at java_programs.FLATTEN.flatten(FLATTEN.java:26)
	at java_programs.FLATTEN.flatten(FLATTEN.java:26)
	at java_programs.FLATTEN.flatten(FLATTEN.java:26)
	at java_programs.FLATTEN.flatten(FLATTEN.java:26)
	at java_programs.FLATTEN.flatten(FLATTEN.java:26)
	at java_programs.FLATTEN.flatten(FLATTEN.java:26)
	at java_programs.FLATTEN.flatten(FLATTEN.java:26)
	at java_programs.FLATTEN.flatten(FLATTEN.java:26)
	at java_programs.FLATTEN.flatten(FLATTEN.java:26)
	at java_programs.FLATTEN.flatten(FLATTEN.java:26)
	at java_programs.FLATTEN.flatten(FLATTEN.java:26)
	at java_programs.FLATTEN.flatten(FLATTEN.java:26)
	at java_programs.FLATTEN.flatten(FLATTEN.java:26)
	at java_programs.FLATTEN.flatten(FLATTEN.java:26)
	at java_programs.FLATTEN.flatten(FLATTEN.java:26)
	at java_programs.FLATTEN.flatten(FLATTEN.java:26)
	at java_programs.FLATTEN.flatten(FLATTEN.java:26)
	at java_programs.FLATTEN.flatten(FLATTEN.java:26)
	at java_programs.FLATTEN.flatten(FLATTEN.java:26)
	at java_programs.FLATTEN.flatten(FLATTEN.java:26)
	at java_programs.FLATTEN.flatten(FLATTEN.java:26)
	at java_programs.FLATTEN.flatten(FLATTEN.java:26)
	at java_programs.FLATTEN.flatten(FLATTEN.java:26)
	at java_programs.FLATTEN.flatten(FLATTEN.java:26)
	at java_programs.FLATTEN.flatten(FLATTEN.java:26)
	at java_programs.FLATTEN.flatten(FLATTEN.java:26)
	at java_programs.FLATTEN.flatten(FLATTEN.java:26)
	at java_programs.FLATTEN.flatten(FLATTEN.java:26)
	at java_programs.FLATTEN.flatten(FLATTEN.java:26)
	at java_programs.FLATTEN.flatten(FLATTEN.java:26)
	at java_programs.FLATTEN.flatten(FLATTEN.java:26)
	at java_programs.FLATTEN.flatten(FLATTEN.java:26)
	at java_programs.FLATTEN.flatten(FLATTEN.java:26)
	at java_programs.FLATTEN.flatten(FLATTEN.java:26)
	at java_programs.FLATTEN.flatten(FLATTEN.java:26)
	at java_programs.FLATTEN.flatten(FLATTEN.java:26)
	at java_programs.FLATTEN.flatten(FLATTEN.java:26)
	at java_programs.FLATTEN.flatten(FLATTEN.java:26)
	at java_programs.FLATTEN.flatten(FLATTEN.java:26)
	at java_programs.FLATTEN.flatten(FLATTEN.java:26)
	at java_programs.FLATTEN.flatten(FLATTEN.java:26)
	at java_programs.FLATTEN.flatten(FLATTEN.java:26)
	at java_programs.FLATTEN.flatten(FLATTEN.java:26)
	at java_programs.FLATTEN.flatten(FLATTEN.java:26)
	at java_programs.FLATTEN.flatten(FLATTEN.java:26)
	at java_programs.FLATTEN.flatten(FLATTEN.java:26)
	at java_programs.FLATTEN.flatten(FLATTEN.java:26)
	at java_programs.FLATTEN.flatten(FLATTEN.java:26)
	at java_programs.FLATTEN.flatten(FLATTEN.java:26)
	at java_programs.FLATTEN.flatten(FLATTEN.java:26)
	at java_programs.FLATTEN.flatten(FLATTEN.java:26)
	at java_programs.FLATTEN.flatten(FLATTEN.java:26)
	at java_programs.FLATTEN.flatten(FLATTEN.java:26)
	at java_programs.FLATTEN.flatten(FLATTEN.java:26)
	at java_programs.FLATTEN.flatten(FLATTEN.java:26)
	at java_programs.FLATTEN.flatten(FLATTEN.java:26)
	at java_programs.FLATTEN.flatten(FLATTEN.java:26)
	at java_programs.FLATTEN.flatten(FLATTEN.java:26)
	at java_programs.FLATTEN.flatten(FLATTEN.java:26)
	at java_programs.FLATTEN.flatten(FLATTEN.java:26)
	at java_programs.FLATTEN.flatten(FLATTEN.java:26)
	at java_programs.FLATTEN.flatten(FLATTEN.java:26)
	at java_programs.FLATTEN.flatten(FLATTEN.java:26)
	at java_programs.FLATTEN.flatten(FLATTEN.java:26)
	at java_programs.FLATTEN.flatten(FLATTEN.java:26)
	at java_programs.FLATTEN.flatten(FLATTEN.java:26)
	at java_programs.FLATTEN.flatten(FLATTEN.java:26)
	at java_programs.FLATTEN.flatten(FLATTEN.java:26)
	at java_programs.FLATTEN.flatten(FLATTEN.java:26)
	at java_programs.FLATTEN.flatten(FLATTEN.java:26)
	at java_programs.FLATTEN.flatten(FLATTEN.java:26)
	at java_programs.FLATTEN.flatten(FLATTEN.java:26)
	at java_programs.FLATTEN.flatten(FLATTEN.java:26)
	at java_programs.FLATTEN.flatten(FLATTEN.java:26)
	at java_programs.FLATTEN.flatten(FLATTEN.java:26)
	at java_programs.FLATTEN.flatten(FLATTEN.java:26)
	at java_programs.FLATTEN.flatten(FLATTEN.java:26)
	at java_programs.FLATTEN.flatten(FLATTEN.java:26)
	at java_programs.FLATTEN.flatten(FLATTEN.java:26)
	at java_programs.FLATTEN.flatten(FLATTEN.java:26)
	at java_programs.FLATTEN.flatten(FLATTEN.java:26)
	at java_programs.FLATTEN.flatten(FLATTEN.java:26)
	at java_programs.FLATTEN.flatten(FLATTEN.java:26)
	at java_programs.FLATTEN.flatten(FLATTEN.java:26)
	at java_programs.FLATTEN.flatten(FLATTEN.java:26)
	at java_programs.FLATTEN.flatten(FLATTEN.java:26)
	at java_programs.FLATTEN.flatten(FLATTEN.java:26)
	at java_programs.FLATTEN.flatten(FLATTEN.java:26)
	at java_programs.FLATTEN.flatten(FLATTEN.java:26)
	at java_programs.FLATTEN.flatten(FLATTEN.java:26)
	at java_programs.FLATTEN.flatten(FLATTEN.java:26)
	at java_programs.FLATTEN.flatten(FLATTEN.java:26)
	at java_programs.FLATTEN.flatten(FLATTEN.java:26)
	at java_programs.FLATTEN.flatten(FLATTEN.java:26)
	at java_programs.FLATTEN.flatten(FLATTEN.java:26)
	at java_programs.FLATTEN.flatten(FLATTEN.java:26)
	at java_programs.FLATTEN.flatten(FLATTEN.java:26)
	at java_programs.FLATTEN.flatten(FLATTEN.java:26)
	at java_programs.FLATTEN.flatten(FLATTEN.java:26)
	at java_programs.FLATTEN.flatten(FLATTEN.java:26)
	at java_programs.FLATTEN.flatten(FLATTEN.java:26)
	at java_programs.FLATTEN.flatten(FLATTEN.java:26)
	at java_programs.FLATTEN.flatten(FLATTEN.java:26)
	at java_programs.FLATTEN.flatten(FLATTEN.java:26)
	at java_programs.FLATTEN.flatten(FLATTEN.java:26)
	at java_programs.FLATTEN.flatten(FLATTEN.java:26)
	at java_programs.FLATTEN.flatten(FLATTEN.java:26)
	at java_programs.FLATTEN.flatten(FLATTEN.java:26)
	at java_programs.FLATTEN.flatten(FLATTEN.java:26)
	at java_programs.FLATTEN.flatten(FLATTEN.java:26)
	at java_programs.FLATTEN.flatten(FLATTEN.java:26)
	at java_programs.FLATTEN.flatten(FLATTEN.java:26)
	at java_programs.FLATTEN.flatten(FLATTEN.java:26)
	at java_programs.FLATTEN.flatten(FLATTEN.java:26)
	at java_programs.FLATTEN.flatten(FLATTEN.java:26)
	at java_programs.FLATTEN.flatten(FLATTEN.java:26)
	at java_programs.FLATTEN.flatten(FLATTEN.java:26)
	at java_programs.FLATTEN.flatten(FLATTEN.java:26)
	at java_programs.FLATTEN.flatten(FLATTEN.java:26)
	at java_programs.FLATTEN.flatten(FLATTEN.java:26)
	at java_programs.FLATTEN.flatten(FLATTEN.java:26)
	at java_programs.FLATTEN.flatten(FLATTEN.java:26)
	at java_programs.FLATTEN.flatten(FLATTEN.java:26)
	at java_programs.FLATTEN.flatten(FLATTEN.java:26)
	at java_programs.FLATTEN.flatten(FLATTEN.java:26)
	at java_programs.FLATTEN.flatten(FLATTEN.java:26)
	at java_programs.FLATTEN.flatten(FLATTEN.java:26)
	at java_programs.FLATTEN.flatten(FLATTEN.java:26)
	at java_programs.FLATTEN.flatten(FLATTEN.java:26)
	at java_programs.FLATTEN.flatten(FLATTEN.java:26)
	at java_programs.FLATTEN.flatten(FLATTEN.java:26)
	at java_programs.FLATTEN.flatten(FLATTEN.java:26)
	at java_programs.FLATTEN.flatten(FLATTEN.java:26)
	at java_programs.FLATTEN.flatten(FLATTEN.java:26)
	at java_programs.FLATTEN.flatten(FLATTEN.java:26)
	at java_programs.FLATTEN.flatten(FLATTEN.java:26)
	at java_programs.FLATTEN.flatten(FLATTEN.java:26)
	at java_programs.FLATTEN.flatten(FLATTEN.java:26)
	at java_programs.FLATTEN.flatten(FLATTEN.java:26)
	at java_programs.FLATTEN.flatten(FLATTEN.java:26)
	at java_programs.FLATTEN.flatten(FLATTEN.java:26)
	at java_programs.FLATTEN.flatten(FLATTEN.java:26)
	at java_programs.FLATTEN.flatten(FLATTEN.java:26)
	at java_programs.FLATTEN.flatten(FLATTEN.java:26)
	at java_programs.FLATTEN.flatten(FLATTEN.java:26)
	at java_programs.FLATTEN.flatten(FLATTEN.java:26)
	at java_programs.FLATTEN.flatten(FLATTEN.java:26)
	at java_programs.FLATTEN.flatten(FLATTEN.java:26)
	at java_programs.FLATTEN.flatten(FLATTEN.java:26)
	at java_programs.FLATTEN.flatten(FLATTEN.java:26)
	at java_programs.FLATTEN.flatten(FLATTEN.java:26)
	at java_programs.FLATTEN.flatten(FLATTEN.java:26)
	at java_programs.FLATTEN.flatten(FLATTEN.java:26)
	at java_programs.FLATTEN.flatten(FLATTEN.java:26)
	at java_programs.FLATTEN.flatten(FLATTEN.java:26)
	at java_programs.FLATTEN.flatten(FLATTEN.java:26)
	at java_programs.FLATTEN.flatten(FLATTEN.java:26)
	at java_programs.FLATTEN.flatten(FLATTEN.java:26)
	at java_programs.FLATTEN.flatten(FLATTEN.java:26)
	at java_programs.FLATTEN.flatten(FLATTEN.java:26)
	at java_programs.FLATTEN.flatten(FLATTEN.java:26)
	at java_programs.FLATTEN.flatten(FLATTEN.java:26)
	at java_programs.FLATTEN.flatten(FLATTEN.java:26)
	at java_programs.FLATTEN.flatten(FLATTEN.java:26)
	at java_programs.FLATTEN.flatten(FLATTEN.java:26)
	at java_programs.FLATTEN.flatten(FLATTEN.java:26)
	at java_programs.FLATTEN.flatten(FLATTEN.java:26)
	at java_programs.FLATTEN.flatten(FLATTEN.java:26)
	at java_programs.FLATTEN.flatten(FLATTEN.java:26)
	at java_programs.FLATTEN.flatten(FLATTEN.java:26)
	at java_programs.FLATTEN.flatten(FLATTEN.java:26)
	at java_programs.FLATTEN.flatten(FLATTEN.java:26)
	at java_programs.FLATTEN.flatten(FLATTEN.java:26)
	at java_programs.FLATTEN.flatten(FLATTEN.java:26)
	at java_programs.FLATTEN.flatten(FLATTEN.java:26)
	at java_programs.FLATTEN.flatten(FLATTEN.java:26)
	at java_programs.FLATTEN.flatten(FLATTEN.java:26)
	at java_programs.FLATTEN.flatten(FLATTEN.java:26)
	at java_programs.FLATTEN.flatten(FLATTEN.java:26)
	at java_programs.FLATTEN.flatten(FLATTEN.java:26)
	at java_programs.FLATTEN.flatten(FLATTEN.java:26)
	at java_programs.FLATTEN.flatten(FLATTEN.java:26)
	at java_programs.FLATTEN.flatten(FLATTEN.java:26)
	at java_programs.FLATTEN.flatten(FLATTEN.java:26)
	at java_programs.FLATTEN.flatten(FLATTEN.java:26)
	at java_programs.FLATTEN.flatten(FLATTEN.java:26)
	at java_programs.FLATTEN.flatten(FLATTEN.java:26)
	at java_programs.FLATTEN.flatten(FLATTEN.java:26)
	at java_programs.FLATTEN.flatten(FLATTEN.java:26)
	at java_programs.FLATTEN.flatten(FLATTEN.java:26)
	at java_programs.FLATTEN.flatten(FLATTEN.java:26)
	at java_programs.FLATTEN.flatten(FLATTEN.java:26)
	at java_programs.FLATTEN.flatten(FLATTEN.java:26)
	at java_programs.FLATTEN.flatten(FLATTEN.java:26)
	at java_programs.FLATTEN.flatten(FLATTEN.java:26)
	at java_programs.FLATTEN.flatten(FLATTEN.java:26)
	at java_programs.FLATTEN.flatten(FLATTEN.java:26)
	at java_programs.FLATTEN.flatten(FLATTEN.java:26)
	at java_programs.FLATTEN.flatten(FLATTEN.java:26)
	at java_programs.FLATTEN.flatten(FLATTEN.java:26)
	at java_programs.FLATTEN.flatten(FLATTEN.java:26)
	at java_programs.FLATTEN.flatten(FLATTEN.java:26)
	at java_programs.FLATTEN.flatten(FLATTEN.java:26)
	at java_programs.FLATTEN.flatten(FLATTEN.java:26)
	at java_programs.FLATTEN.flatten(FLATTEN.java:26)
	at java_programs.FLATTEN.flatten(FLATTEN.java:26)
	at java_programs.FLATTEN.flatten(FLATTEN.java:26)
	at java_programs.FLATTEN.flatten(FLATTEN.java:26)
	at java_programs.FLATTEN.flatten(FLATTEN.java:26)
	at java_programs.FLATTEN.flatten(FLATTEN.java:26)
	at java_programs.FLATTEN.flatten(FLATTEN.java:26)
	at java_programs.FLATTEN.flatten(FLATTEN.java:26)
	at java_programs.FLATTEN.flatten(FLATTEN.java:26)
	at java_programs.FLATTEN.flatten(FLATTEN.java:26)
	at java_programs.FLATTEN.flatten(FLATTEN.java:26)
	at java_programs.FLATTEN.flatten(FLATTEN.java:26)
	at java_programs.FLATTEN.flatten(FLATTEN.java:26)
	at java_programs.FLATTEN.flatten(FLATTEN.java:26)
	at java_programs.FLATTEN.flatten(FLATTEN.java:26)
	at java_programs.FLATTEN.flatten(FLATTEN.java:26)
	at java_programs.FLATTEN.flatten(FLATTEN.java:26)
	at java_programs.FLATTEN.flatten(FLATTEN.java:26)
	at java_programs.FLATTEN.flatten(FLATTEN.java:26)
	at java_programs.FLATTEN.flatten(FLATTEN.java:26)
	at java_programs.FLATTEN.flatten(FLATTEN.java:26)
	at java_programs.FLATTEN.flatten(FLATTEN.java:26)
	at java_programs.FLATTEN.flatten(FLATTEN.java:26)
	at java_programs.FLATTEN.flatten(FLATTEN.java:26)
	at java_programs.FLATTEN.flatten(FLATTEN.java:26)
	at java_programs.FLATTEN.flatten(FLATTEN.java:26)
	at java_programs.FLATTEN.flatten(FLATTEN.java:26)
	at java_programs.FLATTEN.flatten(FLATTEN.java:26)
	at java_programs.FLATTEN.flatten(FLATTEN.java:26)
	at java_programs.FLATTEN.flatten(FLATTEN.java:26)
	at java_programs.FLATTEN.flatten(FLATTEN.java:26)
	at java_programs.FLATTEN.flatten(FLATTEN.java:26)
	at java_programs.FLATTEN.flatten(FLATTEN.java:26)
	at java_programs.FLATTEN.flatten(FLATTEN.java:26)
	at java_programs.FLATTEN.flatten(FLATTEN.java:26)
	at java_programs.FLATTEN.flatten(FLATTEN.java:26)
	at java_programs.FLATTEN.flatten(FLATTEN.java:26)
	at java_programs.FLATTEN.flatten(FLATTEN.java:26)
	at java_programs.FLATTEN.flatten(FLATTEN.java:26)
	at java_programs.FLATTEN.flatten(FLATTEN.java:26)
	at java_programs.FLATTEN.flatten(FLATTEN.java:26)
	at java_programs.FLATTEN.flatten(FLATTEN.java:26)
	at java_programs.FLATTEN.flatten(FLATTEN.java:26)
	at java_programs.FLATTEN.flatten(FLATTEN.java:26)
	at java_programs.FLATTEN.flatten(FLATTEN.java:26)
	at java_programs.FLATTEN.flatten(FLATTEN.java:26)
	at java_programs.FLATTEN.flatten(FLATTEN.java:26)
	at java_programs.FLATTEN.flatten(FLATTEN.java:26)
	at java_programs.FLATTEN.flatten(FLATTEN.java:26)
	at java_programs.FLATTEN.flatten(FLATTEN.java:26)
	at java_programs.FLATTEN.flatten(FLATTEN.java:26)
	at java_programs.FLATTEN.flatten(FLATTEN.java:26)
	at java_programs.FLATTEN.flatten(FLATTEN.java:26)
	at java_programs.FLATTEN.flatten(FLATTEN.java:26)
	at java_programs.FLATTEN.flatten(FLATTEN.java:26)
	at java_programs.FLATTEN.flatten(FLATTEN.java:26)
	at java_programs.FLATTEN.flatten(FLATTEN.java:26)
	at java_programs.FLATTEN.flatten(FLATTEN.java:26)
	at java_programs.FLATTEN.flatten(FLATTEN.java:26)
	at java_programs.FLATTEN.flatten(FLATTEN.java:26)
	at java_programs.FLATTEN.flatten(FLATTEN.java:26)
	at java_programs.FLATTEN.flatten(FLATTEN.java:26)
	at java_programs.FLATTEN.flatten(FLATTEN.java:26)
	at java_programs.FLATTEN.flatten(FLATTEN.java:26)
	at java_programs.FLATTEN.flatten(FLATTEN.java:26)
	at java_programs.FLATTEN.flatten(FLATTEN.java:26)
	at java_programs.FLATTEN.flatten(FLATTEN.java:26)
	at java_programs.FLATTEN.flatten(FLATTEN.java:26)
	at java_programs.FLATTEN.flatten(FLATTEN.java:26)
	at java_programs.FLATTEN.flatten(FLATTEN.java:26)
	at java_programs.FLATTEN.flatten(FLATTEN.java:26)
	at java_programs.FLATTEN.flatten(FLATTEN.java:26)
	at java_programs.FLATTEN.flatten(FLATTEN.java:26)
	at java_programs.FLATTEN.flatten(FLATTEN.java:26)
	at java_programs.FLATTEN.flatten(FLATTEN.java:26)
	at java_programs.FLATTEN.flatten(FLATTEN.java:26)
	at java_programs.FLATTEN.flatten(FLATTEN.java:26)
	at java_programs.FLATTEN.flatten(FLATTEN.java:26)
	at java_programs.FLATTEN.flatten(FLATTEN.java:26)
	at java_programs.FLATTEN.flatten(FLATTEN.java:26)
	at java_programs.FLATTEN.flatten(FLATTEN.java:26)
	at java_programs.FLATTEN.flatten(FLATTEN.java:26)
	at java_programs.FLATTEN.flatten(FLATTEN.java:26)
	at java_programs.FLATTEN.flatten(FLATTEN.java:26)
	at java_programs.FLATTEN.flatten(FLATTEN.java:26)
	at java_programs.FLATTEN.flatten(FLATTEN.java:26)
	at java_programs.FLATTEN.flatten(FLATTEN.java:26)
	at java_programs.FLATTEN.flatten(FLATTEN.java:26)
	at java_programs.FLATTEN.flatten(FLATTEN.java:26)
	at java_programs.FLATTEN.flatten(FLATTEN.java:26)
	at java_programs.FLATTEN.flatten(FLATTEN.java:26)
	at java_programs.FLATTEN.flatten(FLATTEN.java:26)
	at java_programs.FLATTEN.flatten(FLATTEN.java:26)
	at java_programs.FLATTEN.flatten(FLATTEN.java:26)
	at java_programs.FLATTEN.flatten(FLATTEN.java:26)
	at java_programs.FLATTEN.flatten(FLATTEN.java:26)
	at java_programs.FLATTEN.flatten(FLATTEN.java:26)
	at java_programs.FLATTEN.flatten(FLATTEN.java:26)
	at java_programs.FLATTEN.flatten(FLATTEN.java:26)
	at java_programs.FLATTEN.flatten(FLATTEN.java:26)
	at java_programs.FLATTEN.flatten(FLATTEN.java:26)
	at java_programs.FLATTEN.flatten(FLATTEN.java:26)
	at java_programs.FLATTEN.flatten(FLATTEN.java:26)
	at java_programs.FLATTEN.flatten(FLATTEN.java:26)
	at java_programs.FLATTEN.flatten(FLATTEN.java:26)
	at java_programs.FLATTEN.flatten(FLATTEN.java:26)
	at java_programs.FLATTEN.flatten(FLATTEN.java:26)
	at java_programs.FLATTEN.flatten(FLATTEN.java:26)
	at java_programs.FLATTEN.flatten(FLATTEN.java:26)
	at java_programs.FLATTEN.flatten(FLATTEN.java:26)
	at java_programs.FLATTEN.flatten(FLATTEN.java:26)
	at java_programs.FLATTEN.flatten(FLATTEN.java:26)
	at java_programs.FLATTEN.flatten(FLATTEN.java:26)
	at java_programs.FLATTEN.flatten(FLATTEN.java:26)
	at java_programs.FLATTEN.flatten(FLATTEN.java:26)
	at java_programs.FLATTEN.flatten(FLATTEN.java:26)
	at java_programs.FLATTEN.flatten(FLATTEN.java:26)
	at java_programs.FLATTEN.flatten(FLATTEN.java:26)
	at java_programs.FLATTEN.flatten(FLATTEN.java:26)
	at java_programs.FLATTEN.flatten(FLATTEN.java:26)
	at java_programs.FLATTEN.flatten(FLATTEN.java:26)
	at java_programs.FLATTEN.flatten(FLATTEN.java:26)
	at java_programs.FLATTEN.flatten(FLATTEN.java:26)
	at java_programs.FLATTEN.flatten(FLATTEN.java:26)
	at java_programs.FLATTEN.flatten(FLATTEN.java:26)
	at java_programs.FLATTEN.flatten(FLATTEN.java:26)
	at java_programs.FLATTEN.flatten(FLATTEN.java:26)
	at java_programs.FLATTEN.flatten(FLATTEN.java:26)
	at java_programs.FLATTEN.flatten(FLATTEN.java:26)
	at java_programs.FLATTEN.flatten(FLATTEN.java:26)
	at java_programs.FLATTEN.flatten(FLATTEN.java:26)
	at java_programs.FLATTEN.flatten(FLATTEN.java:26)
	at java_programs.FLATTEN.flatten(FLATTEN.java:26)
	at java_programs.FLATTEN.flatten(FLATTEN.java:26)
	at java_programs.FLATTEN.flatten(FLATTEN.java:26)
	at java_programs.FLATTEN.flatten(FLATTEN.java:26)
	at java_programs.FLATTEN.flatten(FLATTEN.java:26)
	at java_programs.FLATTEN.flatten(FLATTEN.java:26)
	at java_programs.FLATTEN.flatten(FLATTEN.java:26)
	at java_programs.FLATTEN.flatten(FLATTEN.java:26)
	at java_programs.FLATTEN.flatten(FLATTEN.java:26)
	at java_programs.FLATTEN.flatten(FLATTEN.java:26)
	at java_programs.FLATTEN.flatten(FLATTEN.java:26)
	at java_programs.FLATTEN.flatten(FLATTEN.java:26)
	at java_programs.FLATTEN.flatten(FLATTEN.java:26)
	at java_programs.FLATTEN.flatten(FLATTEN.java:26)
	at java_programs.FLATTEN.flatten(FLATTEN.java:26)
	at java_programs.FLATTEN.flatten(FLATTEN.java:26)
	at java_programs.FLATTEN.flatten(FLATTEN.java:26)
	at java_programs.FLATTEN.flatten(FLATTEN.java:26)
	at java_programs.FLATTEN.flatten(FLATTEN.java:26)
	at java_programs.FLATTEN.flatten(FLATTEN.java:26)
	at java_programs.FLATTEN.flatten(FLATTEN.java:26)
	at java_programs.FLATTEN.flatten(FLATTEN.java:26)
	at java_programs.FLATTEN.flatten(FLATTEN.java:26)
	at java_programs.FLATTEN.flatten(FLATTEN.java:26)
	at java_programs.FLATTEN.flatten(FLATTEN.java:26)
	at java_programs.FLATTEN.flatten(FLATTEN.java:26)
	at java_programs.FLATTEN.flatten(FLATTEN.java:26)
	at java_programs.FLATTEN.flatten(FLATTEN.java:26)
	at java_programs.FLATTEN.flatten(FLATTEN.java:26)
	at java_programs.FLATTEN.flatten(FLATTEN.java:26)
	at java_programs.FLATTEN.flatten(FLATTEN.java:26)
	at java_programs.FLATTEN.flatten(FLATTEN.java:26)
	at java_programs.FLATTEN.flatten(FLATTEN.java:26)
	at java_programs.FLATTEN.flatten(FLATTEN.java:26)
	at java_programs.FLATTEN.flatten(FLATTEN.java:26)
	at java_programs.FLATTEN.flatten(FLATTEN.java:26)
	at java_programs.FLATTEN.flatten(FLATTEN.java:26)
	at java_programs.FLATTEN.flatten(FLATTEN.java:26)
	at java_programs.FLATTEN.flatten(FLATTEN.java:26)
	at java_programs.FLATTEN.flatten(FLATTEN.java:26)
	at java_programs.FLATTEN.flatten(FLATTEN.java:26)
	at java_programs.FLATTEN.flatten(FLATTEN.java:26)
	at java_programs.FLATTEN.flatten(FLATTEN.java:26)
	at java_programs.FLATTEN.flatten(FLATTEN.java:26)
	at java_programs.FLATTEN.flatten(FLATTEN.java:26)
	at java_programs.FLATTEN.flatten(FLATTEN.java:26)
	at java_programs.FLATTEN.flatten(FLATTEN.java:26)
	at java_programs.FLATTEN.flatten(FLATTEN.java:26)
	at java_programs.FLATTEN.flatten(FLATTEN.java:26)
	at java_programs.FLATTEN.flatten(FLATTEN.java:26)
	at java_programs.FLATTEN.flatten(FLATTEN.java:26)
	at java_programs.FLATTEN.flatten(FLATTEN.java:26)
	at java_programs.FLATTEN.flatten(FLATTEN.java:26)
	at java_programs.FLATTEN.flatten(FLATTEN.java:26)
	at java_programs.FLATTEN.flatten(FLATTEN.java:26)
	at java_programs.FLATTEN.flatten(FLATTEN.java:26)
	at java_programs.FLATTEN.flatten(FLATTEN.java:26)
	at java_programs.FLATTEN.flatten(FLATTEN.java:26)
	at java_programs.FLATTEN.flatten(FLATTEN.java:26)
	at java_programs.FLATTEN.flatten(FLATTEN.java:26)
	at java_programs.FLATTEN.flatten(FLATTEN.java:26)
	at java_programs.FLATTEN.flatten(FLATTEN.java:26)
	at java_programs.FLATTEN.flatten(FLATTEN.java:26)
	at java_programs.FLATTEN.flatten(FLATTEN.java:26)
	at java_programs.FLATTEN.flatten(FLATTEN.java:26)
	at java_programs.FLATTEN.flatten(FLATTEN.java:26)
	at java_programs.FLATTEN.flatten(FLATTEN.java:26)
	at java_programs.FLATTEN.flatten(FLATTEN.java:26)
	at java_programs.FLATTEN.flatten(FLATTEN.java:26)
	at java_programs.FLATTEN.flatten(FLATTEN.java:26)
	at java_programs.FLATTEN.flatten(FLATTEN.java:26)
	at java_programs.FLATTEN.flatten(FLATTEN.java:26)
	at java_programs.FLATTEN.flatten(FLATTEN.java:26)
	at java_programs.FLATTEN.flatten(FLATTEN.java:26)
	at java_programs.FLATTEN.flatten(FLATTEN.java:26)
	at java_programs.FLATTEN.flatten(FLATTEN.java:26)
	at java_programs.FLATTEN.flatten(FLATTEN.java:26)
	at java_programs.FLATTEN.flatten(FLATTEN.java:26)
	at java_programs.FLATTEN.flatten(FLATTEN.java:26)
	at java_programs.FLATTEN.flatten(FLATTEN.java:26)
	at java_programs.FLATTEN.flatten(FLATTEN.java:26)
	at java_programs.FLATTEN.flatten(FLATTEN.java:26)
	at java_programs.FLATTEN.flatten(FLATTEN.java:26)
	at java_programs.FLATTEN.flatten(FLATTEN.java:26)
	at java_programs.FLATTEN.flatten(FLATTEN.java:26)
	at java_programs.FLATTEN.flatten(FLATTEN.java:26)
	at java_programs.FLATTEN.flatten(FLATTEN.java:26)
	at java_programs.FLATTEN.flatten(FLATTEN.java:26)
	at java_programs.FLATTEN.flatten(FLATTEN.java:26)
	at java_programs.FLATTEN.flatten(FLATTEN.java:26)
	at java_programs.FLATTEN.flatten(FLATTEN.java:26)
	at java_programs.FLATTEN.flatten(FLATTEN.java:26)
	at java_programs.FLATTEN.flatten(FLATTEN.java:26)
	at java_programs.FLATTEN.flatten(FLATTEN.java:26)
	at java_programs.FLATTEN.flatten(FLATTEN.java:26)
	at java_programs.FLATTEN.flatten(FLATTEN.java:26)
	at java_programs.FLATTEN.flatten(FLATTEN.java:26)
	at java_programs.FLATTEN.flatten(FLATTEN.java:26)
	at java_programs.FLATTEN.flatten(FLATTEN.java:26)
	at java_programs.FLATTEN.flatten(FLATTEN.java:26)
	at java_programs.FLATTEN.flatten(FLATTEN.java:26)
	at java_programs.FLATTEN.flatten(FLATTEN.java:26)
	at java_programs.FLATTEN.flatten(FLATTEN.java:26)
	at java_programs.FLATTEN.flatten(FLATTEN.java:26)
	at java_programs.FLATTEN.flatten(FLATTEN.java:26)
	at java_programs.FLATTEN.flatten(FLATTEN.java:26)
	at java_programs.FLATTEN.flatten(FLATTEN.java:26)
	at java_programs.FLATTEN.flatten(FLATTEN.java:26)
	at java_programs.FLATTEN.flatten(FLATTEN.java:26)
	at java_programs.FLATTEN.flatten(FLATTEN.java:26)
	at java_programs.FLATTEN.flatten(FLATTEN.java:26)
	at java_programs.FLATTEN.flatten(FLATTEN.java:26)
	at java_programs.FLATTEN.flatten(FLATTEN.java:26)
	at java_programs.FLATTEN.flatten(FLATTEN.java:26)
	at java_programs.FLATTEN.flatten(FLATTEN.java:26)
	at java_programs.FLATTEN.flatten(FLATTEN.java:26)
	at java_programs.FLATTEN.flatten(FLATTEN.java:26)
	at java_programs.FLATTEN.flatten(FLATTEN.java:26)
	at java_programs.FLATTEN.flatten(FLATTEN.java:26)
	at java_programs.FLATTEN.flatten(FLATTEN.java:26)
	at java_programs.FLATTEN.flatten(FLATTEN.java:26)
	at java_programs.FLATTEN.flatten(FLATTEN.java:26)
	at java_programs.FLATTEN.flatten(FLATTEN.java:26)
	at java_programs.FLATTEN.flatten(FLATTEN.java:26)
	at java_programs.FLATTEN.flatten(FLATTEN.java:26)
	at java_programs.FLATTEN.flatten(FLATTEN.java:26)
	at java_programs.FLATTEN.flatten(FLATTEN.java:26)
	at java_programs.FLATTEN.flatten(FLATTEN.java:26)
	at java_programs.FLATTEN.flatten(FLATTEN.java:26)
	at java_programs.FLATTEN.flatten(FLATTEN.java:26)
	at java_programs.FLATTEN.flatten(FLATTEN.java:26)
	at java_programs.FLATTEN.flatten(FLATTEN.java:26)
	at java_programs.FLATTEN.flatten(FLATTEN.java:26)
	at java_programs.FLATTEN.flatten(FLATTEN.java:26)
	at java_programs.FLATTEN.flatten(FLATTEN.java:26)
	at java_programs.FLATTEN.flatten(FLATTEN.java:26)
	at java_programs.FLATTEN.flatten(FLATTEN.java:26)
	at java_programs.FLATTEN.flatten(FLATTEN.java:26)
	at java_programs.FLATTEN.flatten(FLATTEN.java:26)
	at java_programs.FLATTEN.flatten(FLATTEN.java:26)
	at java_programs.FLATTEN.flatten(FLATTEN.java:26)
	at java_programs.FLATTEN.flatten(FLATTEN.java:26)
	at java_programs.FLATTEN.flatten(FLATTEN.java:26)
	at java_programs.FLATTEN.flatten(FLATTEN.java:26)
	at java_programs.FLATTEN.flatten(FLATTEN.java:26)
	at java_programs.FLATTEN.flatten(FLATTEN.java:26)
	at java_programs.FLATTEN.flatten(FLATTEN.java:26)
	at java_programs.FLATTEN.flatten(FLATTEN.java:26)
	at java_programs.FLATTEN.flatten(FLATTEN.java:26)
	at java_programs.FLATTEN.flatten(FLATTEN.java:26)
	at java_programs.FLATTEN.flatten(FLATTEN.java:26)
	at java_programs.FLATTEN.flatten(FLATTEN.java:26)
</failure>
  </testcase>
  <testcase name="test_3" classname="java_testcases.junit.FLATTEN_TEST" time="0.003">
    <failure message="java.lang.StackOverflowError" type="java.lang.StackOverflowError">java.lang.StackOverflowError
	at java_programs.FLATTEN.flatten(FLATTEN.java)
	at java_programs.FLATTEN.flatten(FLATTEN.java:26)
	at java_programs.FLATTEN.flatten(FLATTEN.java:26)
	at java_programs.FLATTEN.flatten(FLATTEN.java:26)
	at java_programs.FLATTEN.flatten(FLATTEN.java:26)
	at java_programs.FLATTEN.flatten(FLATTEN.java:26)
	at java_programs.FLATTEN.flatten(FLATTEN.java:26)
	at java_programs.FLATTEN.flatten(FLATTEN.java:26)
	at java_programs.FLATTEN.flatten(FLATTEN.java:26)
	at java_programs.FLATTEN.flatten(FLATTEN.java:26)
	at java_programs.FLATTEN.flatten(FLATTEN.java:26)
	at java_programs.FLATTEN.flatten(FLATTEN.java:26)
	at java_programs.FLATTEN.flatten(FLATTEN.java:26)
	at java_programs.FLATTEN.flatten(FLATTEN.java:26)
	at java_programs.FLATTEN.flatten(FLATTEN.java:26)
	at java_programs.FLATTEN.flatten(FLATTEN.java:26)
	at java_programs.FLATTEN.flatten(FLATTEN.java:26)
	at java_programs.FLATTEN.flatten(FLATTEN.java:26)
	at java_programs.FLATTEN.flatten(FLATTEN.java:26)
	at java_programs.FLATTEN.flatten(FLATTEN.java:26)
	at java_programs.FLATTEN.flatten(FLATTEN.java:26)
	at java_programs.FLATTEN.flatten(FLATTEN.java:26)
	at java_programs.FLATTEN.flatten(FLATTEN.java:26)
	at java_programs.FLATTEN.flatten(FLATTEN.java:26)
	at java_programs.FLATTEN.flatten(FLATTEN.java:26)
	at java_programs.FLATTEN.flatten(FLATTEN.java:26)
	at java_programs.FLATTEN.flatten(FLATTEN.java:26)
	at java_programs.FLATTEN.flatten(FLATTEN.java:26)
	at java_programs.FLATTEN.flatten(FLATTEN.java:26)
	at java_programs.FLATTEN.flatten(FLATTEN.java:26)
	at java_programs.FLATTEN.flatten(FLATTEN.java:26)
	at java_programs.FLATTEN.flatten(FLATTEN.java:26)
	at java_programs.FLATTEN.flatten(FLATTEN.java:26)
	at java_programs.FLATTEN.flatten(FLATTEN.java:26)
	at java_programs.FLATTEN.flatten(FLATTEN.java:26)
	at java_programs.FLATTEN.flatten(FLATTEN.java:26)
	at java_programs.FLATTEN.flatten(FLATTEN.java:26)
	at java_programs.FLATTEN.flatten(FLATTEN.java:26)
	at java_programs.FLATTEN.flatten(FLATTEN.java:26)
	at java_programs.FLATTEN.flatten(FLATTEN.java:26)
	at java_programs.FLATTEN.flatten(FLATTEN.java:26)
	at java_programs.FLATTEN.flatten(FLATTEN.java:26)
	at java_programs.FLATTEN.flatten(FLATTEN.java:26)
	at java_programs.FLATTEN.flatten(FLATTEN.java:26)
	at java_programs.FLATTEN.flatten(FLATTEN.java:26)
	at java_programs.FLATTEN.flatten(FLATTEN.java:26)
	at java_programs.FLATTEN.flatten(FLATTEN.java:26)
	at java_programs.FLATTEN.flatten(FLATTEN.java:26)
	at java_programs.FLATTEN.flatten(FLATTEN.java:26)
	at java_programs.FLATTEN.flatten(FLATTEN.java:26)
	at java_programs.FLATTEN.flatten(FLATTEN.java:26)
	at java_programs.FLATTEN.flatten(FLATTEN.java:26)
	at java_programs.FLATTEN.flatten(FLATTEN.java:26)
	at java_programs.FLATTEN.flatten(FLATTEN.java:26)
	at java_programs.FLATTEN.flatten(FLATTEN.java:26)
	at java_programs.FLATTEN.flatten(FLATTEN.java:26)
	at java_programs.FLATTEN.flatten(FLATTEN.java:26)
	at java_programs.FLATTEN.flatten(FLATTEN.java:26)
	at java_programs.FLATTEN.flatten(FLATTEN.java:26)
	at java_programs.FLATTEN.flatten(FLATTEN.java:26)
	at java_programs.FLATTEN.flatten(FLATTEN.java:26)
	at java_programs.FLATTEN.flatten(FLATTEN.java:26)
	at java_programs.FLATTEN.flatten(FLATTEN.java:26)
	at java_programs.FLATTEN.flatten(FLATTEN.java:26)
	at java_programs.FLATTEN.flatten(FLATTEN.java:26)
	at java_programs.FLATTEN.flatten(FLATTEN.java:26)
	at java_programs.FLATTEN.flatten(FLATTEN.java:26)
	at java_programs.FLATTEN.flatten(FLATTEN.java:26)
	at java_programs.FLATTEN.flatten(FLATTEN.java:26)
	at java_programs.FLATTEN.flatten(FLATTEN.java:26)
	at java_programs.FLATTEN.flatten(FLATTEN.java:26)
	at java_programs.FLATTEN.flatten(FLATTEN.java:26)
	at java_programs.FLATTEN.flatten(FLATTEN.java:26)
	at java_programs.FLATTEN.flatten(FLATTEN.java:26)
	at java_programs.FLATTEN.flatten(FLATTEN.java:26)
	at java_programs.FLATTEN.flatten(FLATTEN.java:26)
	at java_programs.FLATTEN.flatten(FLATTEN.java:26)
	at java_programs.FLATTEN.flatten(FLATTEN.java:26)
	at java_programs.FLATTEN.flatten(FLATTEN.java:26)
	at java_programs.FLATTEN.flatten(FLATTEN.java:26)
	at java_programs.FLATTEN.flatten(FLATTEN.java:26)
	at java_programs.FLATTEN.flatten(FLATTEN.java:26)
	at java_programs.FLATTEN.flatten(FLATTEN.java:26)
	at java_programs.FLATTEN.flatten(FLATTEN.java:26)
	at java_programs.FLATTEN.flatten(FLATTEN.java:26)
	at java_programs.FLATTEN.flatten(FLATTEN.java:26)
	at java_programs.FLATTEN.flatten(FLATTEN.java:26)
	at java_programs.FLATTEN.flatten(FLATTEN.java:26)
	at java_programs.FLATTEN.flatten(FLATTEN.java:26)
	at java_programs.FLATTEN.flatten(FLATTEN.java:26)
	at java_programs.FLATTEN.flatten(FLATTEN.java:26)
	at java_programs.FLATTEN.flatten(FLATTEN.java:26)
	at java_programs.FLATTEN.flatten(FLATTEN.java:26)
	at java_programs.FLATTEN.flatten(FLATTEN.java:26)
	at java_programs.FLATTEN.flatten(FLATTEN.java:26)
	at java_programs.FLATTEN.flatten(FLATTEN.java:26)
	at java_programs.FLATTEN.flatten(FLATTEN.java:26)
	at java_programs.FLATTEN.flatten(FLATTEN.java:26)
	at java_programs.FLATTEN.flatten(FLATTEN.java:26)
	at java_programs.FLATTEN.flatten(FLATTEN.java:26)
	at java_programs.FLATTEN.flatten(FLATTEN.java:26)
	at java_programs.FLATTEN.flatten(FLATTEN.java:26)
	at java_programs.FLATTEN.flatten(FLATTEN.java:26)
	at java_programs.FLATTEN.flatten(FLATTEN.java:26)
	at java_programs.FLATTEN.flatten(FLATTEN.java:26)
	at java_programs.FLATTEN.flatten(FLATTEN.java:26)
	at java_programs.FLATTEN.flatten(FLATTEN.java:26)
	at java_programs.FLATTEN.flatten(FLATTEN.java:26)
	at java_programs.FLATTEN.flatten(FLATTEN.java:26)
	at java_programs.FLATTEN.flatten(FLATTEN.java:26)
	at java_programs.FLATTEN.flatten(FLATTEN.java:26)
	at java_programs.FLATTEN.flatten(FLATTEN.java:26)
	at java_programs.FLATTEN.flatten(FLATTEN.java:26)
	at java_programs.FLATTEN.flatten(FLATTEN.java:26)
	at java_programs.FLATTEN.flatten(FLATTEN.java:26)
	at java_programs.FLATTEN.flatten(FLATTEN.java:26)
	at java_programs.FLATTEN.flatten(FLATTEN.java:26)
	at java_programs.FLATTEN.flatten(FLATTEN.java:26)
	at java_programs.FLATTEN.flatten(FLATTEN.java:26)
	at java_programs.FLATTEN.flatten(FLATTEN.java:26)
	at java_programs.FLATTEN.flatten(FLATTEN.java:26)
	at java_programs.FLATTEN.flatten(FLATTEN.java:26)
	at java_programs.FLATTEN.flatten(FLATTEN.java:26)
	at java_programs.FLATTEN.flatten(FLATTEN.java:26)
	at java_programs.FLATTEN.flatten(FLATTEN.java:26)
	at java_programs.FLATTEN.flatten(FLATTEN.java:26)
	at java_programs.FLATTEN.flatten(FLATTEN.java:26)
	at java_programs.FLATTEN.flatten(FLATTEN.java:26)
	at java_programs.FLATTEN.flatten(FLATTEN.java:26)
	at java_programs.FLATTEN.flatten(FLATTEN.java:26)
	at java_programs.FLATTEN.flatten(FLATTEN.java:26)
	at java_programs.FLATTEN.flatten(FLATTEN.java:26)
	at java_programs.FLATTEN.flatten(FLATTEN.java:26)
	at java_programs.FLATTEN.flatten(FLATTEN.java:26)
	at java_programs.FLATTEN.flatten(FLATTEN.java:26)
	at java_programs.FLATTEN.flatten(FLATTEN.java:26)
	at java_programs.FLATTEN.flatten(FLATTEN.java:26)
	at java_programs.FLATTEN.flatten(FLATTEN.java:26)
	at java_programs.FLATTEN.flatten(FLATTEN.java:26)
	at java_programs.FLATTEN.flatten(FLATTEN.java:26)
	at java_programs.FLATTEN.flatten(FLATTEN.java:26)
	at java_programs.FLATTEN.flatten(FLATTEN.java:26)
	at java_programs.FLATTEN.flatten(FLATTEN.java:26)
	at java_programs.FLATTEN.flatten(FLATTEN.java:26)
	at java_programs.FLATTEN.flatten(FLATTEN.java:26)
	at java_programs.FLATTEN.flatten(FLATTEN.java:26)
	at java_programs.FLATTEN.flatten(FLATTEN.java:26)
	at java_programs.FLATTEN.flatten(FLATTEN.java:26)
	at java_programs.FLATTEN.flatten(FLATTEN.java:26)
	at java_programs.FLATTEN.flatten(FLATTEN.java:26)
	at java_programs.FLATTEN.flatten(FLATTEN.java:26)
	at java_programs.FLATTEN.flatten(FLATTEN.java:26)
	at java_programs.FLATTEN.flatten(FLATTEN.java:26)
	at java_programs.FLATTEN.flatten(FLATTEN.java:26)
	at java_programs.FLATTEN.flatten(FLATTEN.java:26)
	at java_programs.FLATTEN.flatten(FLATTEN.java:26)
	at java_programs.FLATTEN.flatten(FLATTEN.java:26)
	at java_programs.FLATTEN.flatten(FLATTEN.java:26)
	at java_programs.FLATTEN.flatten(FLATTEN.java:26)
	at java_programs.FLATTEN.flatten(FLATTEN.java:26)
	at java_programs.FLATTEN.flatten(FLATTEN.java:26)
	at java_programs.FLATTEN.flatten(FLATTEN.java:26)
	at java_programs.FLATTEN.flatten(FLATTEN.java:26)
	at java_programs.FLATTEN.flatten(FLATTEN.java:26)
	at java_programs.FLATTEN.flatten(FLATTEN.java:26)
	at java_programs.FLATTEN.flatten(FLATTEN.java:26)
	at java_programs.FLATTEN.flatten(FLATTEN.java:26)
	at java_programs.FLATTEN.flatten(FLATTEN.java:26)
	at java_programs.FLATTEN.flatten(FLATTEN.java:26)
	at java_programs.FLATTEN.flatten(FLATTEN.java:26)
	at java_programs.FLATTEN.flatten(FLATTEN.java:26)
	at java_programs.FLATTEN.flatten(FLATTEN.java:26)
	at java_programs.FLATTEN.flatten(FLATTEN.java:26)
	at java_programs.FLATTEN.flatten(FLATTEN.java:26)
	at java_programs.FLATTEN.flatten(FLATTEN.java:26)
	at java_programs.FLATTEN.flatten(FLATTEN.java:26)
	at java_programs.FLATTEN.flatten(FLATTEN.java:26)
	at java_programs.FLATTEN.flatten(FLATTEN.java:26)
	at java_programs.FLATTEN.flatten(FLATTEN.java:26)
	at java_programs.FLATTEN.flatten(FLATTEN.java:26)
	at java_programs.FLATTEN.flatten(FLATTEN.java:26)
	at java_programs.FLATTEN.flatten(FLATTEN.java:26)
	at java_programs.FLATTEN.flatten(FLATTEN.java:26)
	at java_programs.FLATTEN.flatten(FLATTEN.java:26)
	at java_programs.FLATTEN.flatten(FLATTEN.java:26)
	at java_programs.FLATTEN.flatten(FLATTEN.java:26)
	at java_programs.FLATTEN.flatten(FLATTEN.java:26)
	at java_programs.FLATTEN.flatten(FLATTEN.java:26)
	at java_programs.FLATTEN.flatten(FLATTEN.java:26)
	at java_programs.FLATTEN.flatten(FLATTEN.java:26)
	at java_programs.FLATTEN.flatten(FLATTEN.java:26)
	at java_programs.FLATTEN.flatten(FLATTEN.java:26)
	at java_programs.FLATTEN.flatten(FLATTEN.java:26)
	at java_programs.FLATTEN.flatten(FLATTEN.java:26)
	at java_programs.FLATTEN.flatten(FLATTEN.java:26)
	at java_programs.FLATTEN.flatten(FLATTEN.java:26)
	at java_programs.FLATTEN.flatten(FLATTEN.java:26)
	at java_programs.FLATTEN.flatten(FLATTEN.java:26)
	at java_programs.FLATTEN.flatten(FLATTEN.java:26)
	at java_programs.FLATTEN.flatten(FLATTEN.java:26)
	at java_programs.FLATTEN.flatten(FLATTEN.java:26)
	at java_programs.FLATTEN.flatten(FLATTEN.java:26)
	at java_programs.FLATTEN.flatten(FLATTEN.java:26)
	at java_programs.FLATTEN.flatten(FLATTEN.java:26)
	at java_programs.FLATTEN.flatten(FLATTEN.java:26)
	at java_programs.FLATTEN.flatten(FLATTEN.java:26)
	at java_programs.FLATTEN.flatten(FLATTEN.java:26)
	at java_programs.FLATTEN.flatten(FLATTEN.java:26)
	at java_programs.FLATTEN.flatten(FLATTEN.java:26)
	at java_programs.FLATTEN.flatten(FLATTEN.java:26)
	at java_programs.FLATTEN.flatten(FLATTEN.java:26)
	at java_programs.FLATTEN.flatten(FLATTEN.java:26)
	at java_programs.FLATTEN.flatten(FLATTEN.java:26)
	at java_programs.FLATTEN.flatten(FLATTEN.java:26)
	at java_programs.FLATTEN.flatten(FLATTEN.java:26)
	at java_programs.FLATTEN.flatten(FLATTEN.java:26)
	at java_programs.FLATTEN.flatten(FLATTEN.java:26)
	at java_programs.FLATTEN.flatten(FLATTEN.java:26)
	at java_programs.FLATTEN.flatten(FLATTEN.java:26)
	at java_programs.FLATTEN.flatten(FLATTEN.java:26)
	at java_programs.FLATTEN.flatten(FLATTEN.java:26)
	at java_programs.FLATTEN.flatten(FLATTEN.java:26)
	at java_programs.FLATTEN.flatten(FLATTEN.java:26)
	at java_programs.FLATTEN.flatten(FLATTEN.java:26)
	at java_programs.FLATTEN.flatten(FLATTEN.java:26)
	at java_programs.FLATTEN.flatten(FLATTEN.java:26)
	at java_programs.FLATTEN.flatten(FLATTEN.java:26)
	at java_programs.FLATTEN.flatten(FLATTEN.java:26)
	at java_programs.FLATTEN.flatten(FLATTEN.java:26)
	at java_programs.FLATTEN.flatten(FLATTEN.java:26)
	at java_programs.FLATTEN.flatten(FLATTEN.java:26)
	at java_programs.FLATTEN.flatten(FLATTEN.java:26)
	at java_programs.FLATTEN.flatten(FLATTEN.java:26)
	at java_programs.FLATTEN.flatten(FLATTEN.java:26)
	at java_programs.FLATTEN.flatten(FLATTEN.java:26)
	at java_programs.FLATTEN.flatten(FLATTEN.java:26)
	at java_programs.FLATTEN.flatten(FLATTEN.java:26)
	at java_programs.FLATTEN.flatten(FLATTEN.java:26)
	at java_programs.FLATTEN.flatten(FLATTEN.java:26)
	at java_programs.FLATTEN.flatten(FLATTEN.java:26)
	at java_programs.FLATTEN.flatten(FLATTEN.java:26)
	at java_programs.FLATTEN.flatten(FLATTEN.java:26)
	at java_programs.FLATTEN.flatten(FLATTEN.java:26)
	at java_programs.FLATTEN.flatten(FLATTEN.java:26)
	at java_programs.FLATTEN.flatten(FLATTEN.java:26)
	at java_programs.FLATTEN.flatten(FLATTEN.java:26)
	at java_programs.FLATTEN.flatten(FLATTEN.java:26)
	at java_programs.FLATTEN.flatten(FLATTEN.java:26)
	at java_programs.FLATTEN.flatten(FLATTEN.java:26)
	at java_programs.FLATTEN.flatten(FLATTEN.java:26)
	at java_programs.FLATTEN.flatten(FLATTEN.java:26)
	at java_programs.FLATTEN.flatten(FLATTEN.java:26)
	at java_programs.FLATTEN.flatten(FLATTEN.java:26)
	at java_programs.FLATTEN.flatten(FLATTEN.java:26)
	at java_programs.FLATTEN.flatten(FLATTEN.java:26)
	at java_programs.FLATTEN.flatten(FLATTEN.java:26)
	at java_programs.FLATTEN.flatten(FLATTEN.java:26)
	at java_programs.FLATTEN.flatten(FLATTEN.java:26)
	at java_programs.FLATTEN.flatten(FLATTEN.java:26)
	at java_programs.FLATTEN.flatten(FLATTEN.java:26)
	at java_programs.FLATTEN.flatten(FLATTEN.java:26)
	at java_programs.FLATTEN.flatten(FLATTEN.java:26)
	at java_programs.FLATTEN.flatten(FLATTEN.java:26)
	at java_programs.FLATTEN.flatten(FLATTEN.java:26)
	at java_programs.FLATTEN.flatten(FLATTEN.java:26)
	at java_programs.FLATTEN.flatten(FLATTEN.java:26)
	at java_programs.FLATTEN.flatten(FLATTEN.java:26)
	at java_programs.FLATTEN.flatten(FLATTEN.java:26)
	at java_programs.FLATTEN.flatten(FLATTEN.java:26)
	at java_programs.FLATTEN.flatten(FLATTEN.java:26)
	at java_programs.FLATTEN.flatten(FLATTEN.java:26)
	at java_programs.FLATTEN.flatten(FLATTEN.java:26)
	at java_programs.FLATTEN.flatten(FLATTEN.java:26)
	at java_programs.FLATTEN.flatten(FLATTEN.java:26)
	at java_programs.FLATTEN.flatten(FLATTEN.java:26)
	at java_programs.FLATTEN.flatten(FLATTEN.java:26)
	at java_programs.FLATTEN.flatten(FLATTEN.java:26)
	at java_programs.FLATTEN.flatten(FLATTEN.java:26)
	at java_programs.FLATTEN.flatten(FLATTEN.java:26)
	at java_programs.FLATTEN.flatten(FLATTEN.java:26)
	at java_programs.FLATTEN.flatten(FLATTEN.java:26)
	at java_programs.FLATTEN.flatten(FLATTEN.java:26)
	at java_programs.FLATTEN.flatten(FLATTEN.java:26)
	at java_programs.FLATTEN.flatten(FLATTEN.java:26)
	at java_programs.FLATTEN.flatten(FLATTEN.java:26)
	at java_programs.FLATTEN.flatten(FLATTEN.java:26)
	at java_programs.FLATTEN.flatten(FLATTEN.java:26)
	at java_programs.FLATTEN.flatten(FLATTEN.java:26)
	at java_programs.FLATTEN.flatten(FLATTEN.java:26)
	at java_programs.FLATTEN.flatten(FLATTEN.java:26)
	at java_programs.FLATTEN.flatten(FLATTEN.java:26)
	at java_programs.FLATTEN.flatten(FLATTEN.java:26)
	at java_programs.FLATTEN.flatten(FLATTEN.java:26)
	at java_programs.FLATTEN.flatten(FLATTEN.java:26)
	at java_programs.FLATTEN.flatten(FLATTEN.java:26)
	at java_programs.FLATTEN.flatten(FLATTEN.java:26)
	at java_programs.FLATTEN.flatten(FLATTEN.java:26)
	at java_programs.FLATTEN.flatten(FLATTEN.java:26)
	at java_programs.FLATTEN.flatten(FLATTEN.java:26)
	at java_programs.FLATTEN.flatten(FLATTEN.java:26)
	at java_programs.FLATTEN.flatten(FLATTEN.java:26)
	at java_programs.FLATTEN.flatten(FLATTEN.java:26)
	at java_programs.FLATTEN.flatten(FLATTEN.java:26)
	at java_programs.FLATTEN.flatten(FLATTEN.java:26)
	at java_programs.FLATTEN.flatten(FLATTEN.java:26)
	at java_programs.FLATTEN.flatten(FLATTEN.java:26)
	at java_programs.FLATTEN.flatten(FLATTEN.java:26)
	at java_programs.FLATTEN.flatten(FLATTEN.java:26)
	at java_programs.FLATTEN.flatten(FLATTEN.java:26)
	at java_programs.FLATTEN.flatten(FLATTEN.java:26)
	at java_programs.FLATTEN.flatten(FLATTEN.java:26)
	at java_programs.FLATTEN.flatten(FLATTEN.java:26)
	at java_programs.FLATTEN.flatten(FLATTEN.java:26)
	at java_programs.FLATTEN.flatten(FLATTEN.java:26)
	at java_programs.FLATTEN.flatten(FLATTEN.java:26)
	at java_programs.FLATTEN.flatten(FLATTEN.java:26)
	at java_programs.FLATTEN.flatten(FLATTEN.java:26)
	at java_programs.FLATTEN.flatten(FLATTEN.java:26)
	at java_programs.FLATTEN.flatten(FLATTEN.java:26)
	at java_programs.FLATTEN.flatten(FLATTEN.java:26)
	at java_programs.FLATTEN.flatten(FLATTEN.java:26)
	at java_programs.FLATTEN.flatten(FLATTEN.java:26)
	at java_programs.FLATTEN.flatten(FLATTEN.java:26)
	at java_programs.FLATTEN.flatten(FLATTEN.java:26)
	at java_programs.FLATTEN.flatten(FLATTEN.java:26)
	at java_programs.FLATTEN.flatten(FLATTEN.java:26)
	at java_programs.FLATTEN.flatten(FLATTEN.java:26)
	at java_programs.FLATTEN.flatten(FLATTEN.java:26)
	at java_programs.FLATTEN.flatten(FLATTEN.java:26)
	at java_programs.FLATTEN.flatten(FLATTEN.java:26)
	at java_programs.FLATTEN.flatten(FLATTEN.java:26)
	at java_programs.FLATTEN.flatten(FLATTEN.java:26)
	at java_programs.FLATTEN.flatten(FLATTEN.java:26)
	at java_programs.FLATTEN.flatten(FLATTEN.java:26)
	at java_programs.FLATTEN.flatten(FLATTEN.java:26)
	at java_programs.FLATTEN.flatten(FLATTEN.java:26)
	at java_programs.FLATTEN.flatten(FLATTEN.java:26)
	at java_programs.FLATTEN.flatten(FLATTEN.java:26)
	at java_programs.FLATTEN.flatten(FLATTEN.java:26)
	at java_programs.FLATTEN.flatten(FLATTEN.java:26)
	at java_programs.FLATTEN.flatten(FLATTEN.java:26)
	at java_programs.FLATTEN.flatten(FLATTEN.java:26)
	at java_programs.FLATTEN.flatten(FLATTEN.java:26)
	at java_programs.FLATTEN.flatten(FLATTEN.java:26)
	at java_programs.FLATTEN.flatten(FLATTEN.java:26)
	at java_programs.FLATTEN.flatten(FLATTEN.java:26)
	at java_programs.FLATTEN.flatten(FLATTEN.java:26)
	at java_programs.FLATTEN.flatten(FLATTEN.java:26)
	at java_programs.FLATTEN.flatten(FLATTEN.java:26)
	at java_programs.FLATTEN.flatten(FLATTEN.java:26)
	at java_programs.FLATTEN.flatten(FLATTEN.java:26)
	at java_programs.FLATTEN.flatten(FLATTEN.java:26)
	at java_programs.FLATTEN.flatten(FLATTEN.java:26)
	at java_programs.FLATTEN.flatten(FLATTEN.java:26)
	at java_programs.FLATTEN.flatten(FLATTEN.java:26)
	at java_programs.FLATTEN.flatten(FLATTEN.java:26)
	at java_programs.FLATTEN.flatten(FLATTEN.java:26)
	at java_programs.FLATTEN.flatten(FLATTEN.java:26)
	at java_programs.FLATTEN.flatten(FLATTEN.java:26)
	at java_programs.FLATTEN.flatten(FLATTEN.java:26)
	at java_programs.FLATTEN.flatten(FLATTEN.java:26)
	at java_programs.FLATTEN.flatten(FLATTEN.java:26)
	at java_programs.FLATTEN.flatten(FLATTEN.java:26)
	at java_programs.FLATTEN.flatten(FLATTEN.java:26)
	at java_programs.FLATTEN.flatten(FLATTEN.java:26)
	at java_programs.FLATTEN.flatten(FLATTEN.java:26)
	at java_programs.FLATTEN.flatten(FLATTEN.java:26)
	at java_programs.FLATTEN.flatten(FLATTEN.java:26)
	at java_programs.FLATTEN.flatten(FLATTEN.java:26)
	at java_programs.FLATTEN.flatten(FLATTEN.java:26)
	at java_programs.FLATTEN.flatten(FLATTEN.java:26)
	at java_programs.FLATTEN.flatten(FLATTEN.java:26)
	at java_programs.FLATTEN.flatten(FLATTEN.java:26)
	at java_programs.FLATTEN.flatten(FLATTEN.java:26)
	at java_programs.FLATTEN.flatten(FLATTEN.java:26)
	at java_programs.FLATTEN.flatten(FLATTEN.java:26)
	at java_programs.FLATTEN.flatten(FLATTEN.java:26)
	at java_programs.FLATTEN.flatten(FLATTEN.java:26)
	at java_programs.FLATTEN.flatten(FLATTEN.java:26)
	at java_programs.FLATTEN.flatten(FLATTEN.java:26)
	at java_programs.FLATTEN.flatten(FLATTEN.java:26)
	at java_programs.FLATTEN.flatten(FLATTEN.java:26)
	at java_programs.FLATTEN.flatten(FLATTEN.java:26)
	at java_programs.FLATTEN.flatten(FLATTEN.java:26)
	at java_programs.FLATTEN.flatten(FLATTEN.java:26)
	at java_programs.FLATTEN.flatten(FLATTEN.java:26)
	at java_programs.FLATTEN.flatten(FLATTEN.java:26)
	at java_programs.FLATTEN.flatten(FLATTEN.java:26)
	at java_programs.FLATTEN.flatten(FLATTEN.java:26)
	at java_programs.FLATTEN.flatten(FLATTEN.java:26)
	at java_programs.FLATTEN.flatten(FLATTEN.java:26)
	at java_programs.FLATTEN.flatten(FLATTEN.java:26)
	at java_programs.FLATTEN.flatten(FLATTEN.java:26)
	at java_programs.FLATTEN.flatten(FLATTEN.java:26)
	at java_programs.FLATTEN.flatten(FLATTEN.java:26)
	at java_programs.FLATTEN.flatten(FLATTEN.java:26)
	at java_programs.FLATTEN.flatten(FLATTEN.java:26)
	at java_programs.FLATTEN.flatten(FLATTEN.java:26)
	at java_programs.FLATTEN.flatten(FLATTEN.java:26)
	at java_programs.FLATTEN.flatten(FLATTEN.java:26)
	at java_programs.FLATTEN.flatten(FLATTEN.java:26)
	at java_programs.FLATTEN.flatten(FLATTEN.java:26)
	at java_programs.FLATTEN.flatten(FLATTEN.java:26)
	at java_programs.FLATTEN.flatten(FLATTEN.java:26)
	at java_programs.FLATTEN.flatten(FLATTEN.java:26)
	at java_programs.FLATTEN.flatten(FLATTEN.java:26)
	at java_programs.FLATTEN.flatten(FLATTEN.java:26)
	at java_programs.FLATTEN.flatten(FLATTEN.java:26)
	at java_programs.FLATTEN.flatten(FLATTEN.java:26)
	at java_programs.FLATTEN.flatten(FLATTEN.java:26)
	at java_programs.FLATTEN.flatten(FLATTEN.java:26)
	at java_programs.FLATTEN.flatten(FLATTEN.java:26)
	at java_programs.FLATTEN.flatten(FLATTEN.java:26)
	at java_programs.FLATTEN.flatten(FLATTEN.java:26)
	at java_programs.FLATTEN.flatten(FLATTEN.java:26)
	at java_programs.FLATTEN.flatten(FLATTEN.java:26)
	at java_programs.FLATTEN.flatten(FLATTEN.java:26)
	at java_programs.FLATTEN.flatten(FLATTEN.java:26)
	at java_programs.FLATTEN.flatten(FLATTEN.java:26)
	at java_programs.FLATTEN.flatten(FLATTEN.java:26)
	at java_programs.FLATTEN.flatten(FLATTEN.java:26)
	at java_programs.FLATTEN.flatten(FLATTEN.java:26)
	at java_programs.FLATTEN.flatten(FLATTEN.java:26)
	at java_programs.FLATTEN.flatten(FLATTEN.java:26)
	at java_programs.FLATTEN.flatten(FLATTEN.java:26)
	at java_programs.FLATTEN.flatten(FLATTEN.java:26)
	at java_programs.FLATTEN.flatten(FLATTEN.java:26)
	at java_programs.FLATTEN.flatten(FLATTEN.java:26)
	at java_programs.FLATTEN.flatten(FLATTEN.java:26)
	at java_programs.FLATTEN.flatten(FLATTEN.java:26)
	at java_programs.FLATTEN.flatten(FLATTEN.java:26)
	at java_programs.FLATTEN.flatten(FLATTEN.java:26)
	at java_programs.FLATTEN.flatten(FLATTEN.java:26)
	at java_programs.FLATTEN.flatten(FLATTEN.java:26)
	at java_programs.FLATTEN.flatten(FLATTEN.java:26)
	at java_programs.FLATTEN.flatten(FLATTEN.java:26)
	at java_programs.FLATTEN.flatten(FLATTEN.java:26)
	at java_programs.FLATTEN.flatten(FLATTEN.java:26)
	at java_programs.FLATTEN.flatten(FLATTEN.java:26)
	at java_programs.FLATTEN.flatten(FLATTEN.java:26)
	at java_programs.FLATTEN.flatten(FLATTEN.java:26)
	at java_programs.FLATTEN.flatten(FLATTEN.java:26)
	at java_programs.FLATTEN.flatten(FLATTEN.java:26)
	at java_programs.FLATTEN.flatten(FLATTEN.java:26)
	at java_programs.FLATTEN.flatten(FLATTEN.java:26)
	at java_programs.FLATTEN.flatten(FLATTEN.java:26)
	at java_programs.FLATTEN.flatten(FLATTEN.java:26)
	at java_programs.FLATTEN.flatten(FLATTEN.java:26)
	at java_programs.FLATTEN.flatten(FLATTEN.java:26)
	at java_programs.FLATTEN.flatten(FLATTEN.java:26)
	at java_programs.FLATTEN.flatten(FLATTEN.java:26)
	at java_programs.FLATTEN.flatten(FLATTEN.java:26)
	at java_programs.FLATTEN.flatten(FLATTEN.java:26)
	at java_programs.FLATTEN.flatten(FLATTEN.java:26)
	at java_programs.FLATTEN.flatten(FLATTEN.java:26)
	at java_programs.FLATTEN.flatten(FLATTEN.java:26)
	at java_programs.FLATTEN.flatten(FLATTEN.java:26)
	at java_programs.FLATTEN.flatten(FLATTEN.java:26)
	at java_programs.FLATTEN.flatten(FLATTEN.java:26)
	at java_programs.FLATTEN.flatten(FLATTEN.java:26)
	at java_programs.FLATTEN.flatten(FLATTEN.java:26)
	at java_programs.FLATTEN.flatten(FLATTEN.java:26)
	at java_programs.FLATTEN.flatten(FLATTEN.java:26)
	at java_programs.FLATTEN.flatten(FLATTEN.java:26)
	at java_programs.FLATTEN.flatten(FLATTEN.java:26)
	at java_programs.FLATTEN.flatten(FLATTEN.java:26)
	at java_programs.FLATTEN.flatten(FLATTEN.java:26)
	at java_programs.FLATTEN.flatten(FLATTEN.java:26)
	at java_programs.FLATTEN.flatten(FLATTEN.java:26)
	at java_programs.FLATTEN.flatten(FLATTEN.java:26)
	at java_programs.FLATTEN.flatten(FLATTEN.java:26)
	at java_programs.FLATTEN.flatten(FLATTEN.java:26)
	at java_programs.FLATTEN.flatten(FLATTEN.java:26)
	at java_programs.FLATTEN.flatten(FLATTEN.java:26)
	at java_programs.FLATTEN.flatten(FLATTEN.java:26)
	at java_programs.FLATTEN.flatten(FLATTEN.java:26)
	at java_programs.FLATTEN.flatten(FLATTEN.java:26)
	at java_programs.FLATTEN.flatten(FLATTEN.java:26)
	at java_programs.FLATTEN.flatten(FLATTEN.java:26)
	at java_programs.FLATTEN.flatten(FLATTEN.java:26)
	at java_programs.FLATTEN.flatten(FLATTEN.java:26)
	at java_programs.FLATTEN.flatten(FLATTEN.java:26)
	at java_programs.FLATTEN.flatten(FLATTEN.java:26)
	at java_programs.FLATTEN.flatten(FLATTEN.java:26)
	at java_programs.FLATTEN.flatten(FLATTEN.java:26)
	at java_programs.FLATTEN.flatten(FLATTEN.java:26)
	at java_programs.FLATTEN.flatten(FLATTEN.java:26)
	at java_programs.FLATTEN.flatten(FLATTEN.java:26)
	at java_programs.FLATTEN.flatten(FLATTEN.java:26)
	at java_programs.FLATTEN.flatten(FLATTEN.java:26)
	at java_programs.FLATTEN.flatten(FLATTEN.java:26)
	at java_programs.FLATTEN.flatten(FLATTEN.java:26)
	at java_programs.FLATTEN.flatten(FLATTEN.java:26)
	at java_programs.FLATTEN.flatten(FLATTEN.java:26)
	at java_programs.FLATTEN.flatten(FLATTEN.java:26)
	at java_programs.FLATTEN.flatten(FLATTEN.java:26)
	at java_programs.FLATTEN.flatten(FLATTEN.java:26)
	at java_programs.FLATTEN.flatten(FLATTEN.java:26)
	at java_programs.FLATTEN.flatten(FLATTEN.java:26)
	at java_programs.FLATTEN.flatten(FLATTEN.java:26)
	at java_programs.FLATTEN.flatten(FLATTEN.java:26)
	at java_programs.FLATTEN.flatten(FLATTEN.java:26)
	at java_programs.FLATTEN.flatten(FLATTEN.java:26)
	at java_programs.FLATTEN.flatten(FLATTEN.java:26)
	at java_programs.FLATTEN.flatten(FLATTEN.java:26)
	at java_programs.FLATTEN.flatten(FLATTEN.java:26)
	at java_programs.FLATTEN.flatten(FLATTEN.java:26)
	at java_programs.FLATTEN.flatten(FLATTEN.java:26)
	at java_programs.FLATTEN.flatten(FLATTEN.java:26)
	at java_programs.FLATTEN.flatten(FLATTEN.java:26)
	at java_programs.FLATTEN.flatten(FLATTEN.java:26)
	at java_programs.FLATTEN.flatten(FLATTEN.java:26)
	at java_programs.FLATTEN.flatten(FLATTEN.java:26)
	at java_programs.FLATTEN.flatten(FLATTEN.java:26)
	at java_programs.FLATTEN.flatten(FLATTEN.java:26)
	at java_programs.FLATTEN.flatten(FLATTEN.java:26)
	at java_programs.FLATTEN.flatten(FLATTEN.java:26)
	at java_programs.FLATTEN.flatten(FLATTEN.java:26)
	at java_programs.FLATTEN.flatten(FLATTEN.java:26)
	at java_programs.FLATTEN.flatten(FLATTEN.java:26)
	at java_programs.FLATTEN.flatten(FLATTEN.java:26)
	at java_programs.FLATTEN.flatten(FLATTEN.java:26)
	at java_programs.FLATTEN.flatten(FLATTEN.java:26)
	at java_programs.FLATTEN.flatten(FLATTEN.java:26)
	at java_programs.FLATTEN.flatten(FLATTEN.java:26)
	at java_programs.FLATTEN.flatten(FLATTEN.java:26)
	at java_programs.FLATTEN.flatten(FLATTEN.java:26)
	at java_programs.FLATTEN.flatten(FLATTEN.java:26)
	at java_programs.FLATTEN.flatten(FLATTEN.java:26)
	at java_programs.FLATTEN.flatten(FLATTEN.java:26)
	at java_programs.FLATTEN.flatten(FLATTEN.java:26)
	at java_programs.FLATTEN.flatten(FLATTEN.java:26)
	at java_programs.FLATTEN.flatten(FLATTEN.java:26)
	at java_programs.FLATTEN.flatten(FLATTEN.java:26)
	at java_programs.FLATTEN.flatten(FLATTEN.java:26)
	at java_programs.FLATTEN.flatten(FLATTEN.java:26)
	at java_programs.FLATTEN.flatten(FLATTEN.java:26)
	at java_programs.FLATTEN.flatten(FLATTEN.java:26)
	at java_programs.FLATTEN.flatten(FLATTEN.java:26)
	at java_programs.FLATTEN.flatten(FLATTEN.java:26)
	at java_programs.FLATTEN.flatten(FLATTEN.java:26)
	at java_programs.FLATTEN.flatten(FLATTEN.java:26)
	at java_programs.FLATTEN.flatten(FLATTEN.java:26)
	at java_programs.FLATTEN.flatten(FLATTEN.java:26)
	at java_programs.FLATTEN.flatten(FLATTEN.java:26)
	at java_programs.FLATTEN.flatten(FLATTEN.java:26)
	at java_programs.FLATTEN.flatten(FLATTEN.java:26)
	at java_programs.FLATTEN.flatten(FLATTEN.java:26)
	at java_programs.FLATTEN.flatten(FLATTEN.java:26)
	at java_programs.FLATTEN.flatten(FLATTEN.java:26)
	at java_programs.FLATTEN.flatten(FLATTEN.java:26)
	at java_programs.FLATTEN.flatten(FLATTEN.java:26)
	at java_programs.FLATTEN.flatten(FLATTEN.java:26)
	at java_programs.FLATTEN.flatten(FLATTEN.java:26)
	at java_programs.FLATTEN.flatten(FLATTEN.java:26)
	at java_programs.FLATTEN.flatten(FLATTEN.java:26)
	at java_programs.FLATTEN.flatten(FLATTEN.java:26)
	at java_programs.FLATTEN.flatten(FLATTEN.java:26)
	at java_programs.FLATTEN.flatten(FLATTEN.java:26)
	at java_programs.FLATTEN.flatten(FLATTEN.java:26)
	at java_programs.FLATTEN.flatten(FLATTEN.java:26)
	at java_programs.FLATTEN.flatten(FLATTEN.java:26)
	at java_programs.FLATTEN.flatten(FLATTEN.java:26)
	at java_programs.FLATTEN.flatten(FLATTEN.java:26)
	at java_programs.FLATTEN.flatten(FLATTEN.java:26)
	at java_programs.FLATTEN.flatten(FLATTEN.java:26)
	at java_programs.FLATTEN.flatten(FLATTEN.java:26)
	at java_programs.FLATTEN.flatten(FLATTEN.java:26)
	at java_programs.FLATTEN.flatten(FLATTEN.java:26)
	at java_programs.FLATTEN.flatten(FLATTEN.java:26)
	at java_programs.FLATTEN.flatten(FLATTEN.java:26)
	at java_programs.FLATTEN.flatten(FLATTEN.java:26)
	at java_programs.FLATTEN.flatten(FLATTEN.java:26)
	at java_programs.FLATTEN.flatten(FLATTEN.java:26)
	at java_programs.FLATTEN.flatten(FLATTEN.java:26)
	at java_programs.FLATTEN.flatten(FLATTEN.java:26)
	at java_programs.FLATTEN.flatten(FLATTEN.java:26)
	at java_programs.FLATTEN.flatten(FLATTEN.java:26)
	at java_programs.FLATTEN.flatten(FLATTEN.java:26)
	at java_programs.FLATTEN.flatten(FLATTEN.java:26)
	at java_programs.FLATTEN.flatten(FLATTEN.java:26)
	at java_programs.FLATTEN.flatten(FLATTEN.java:26)
	at java_programs.FLATTEN.flatten(FLATTEN.java:26)
	at java_programs.FLATTEN.flatten(FLATTEN.java:26)
	at java_programs.FLATTEN.flatten(FLATTEN.java:26)
	at java_programs.FLATTEN.flatten(FLATTEN.java:26)
	at java_programs.FLATTEN.flatten(FLATTEN.java:26)
	at java_programs.FLATTEN.flatten(FLATTEN.java:26)
	at java_programs.FLATTEN.flatten(FLATTEN.java:26)
	at java_programs.FLATTEN.flatten(FLATTEN.java:26)
	at java_programs.FLATTEN.flatten(FLATTEN.java:26)
	at java_programs.FLATTEN.flatten(FLATTEN.java:26)
	at java_programs.FLATTEN.flatten(FLATTEN.java:26)
	at java_programs.FLATTEN.flatten(FLATTEN.java:26)
	at java_programs.FLATTEN.flatten(FLATTEN.java:26)
	at java_programs.FLATTEN.flatten(FLATTEN.java:26)
	at java_programs.FLATTEN.flatten(FLATTEN.java:26)
	at java_programs.FLATTEN.flatten(FLATTEN.java:26)
	at java_programs.FLATTEN.flatten(FLATTEN.java:26)
	at java_programs.FLATTEN.flatten(FLATTEN.java:26)
	at java_programs.FLATTEN.flatten(FLATTEN.java:26)
	at java_programs.FLATTEN.flatten(FLATTEN.java:26)
	at java_programs.FLATTEN.flatten(FLATTEN.java:26)
	at java_programs.FLATTEN.flatten(FLATTEN.java:26)
	at java_programs.FLATTEN.flatten(FLATTEN.java:26)
	at java_programs.FLATTEN.flatten(FLATTEN.java:26)
	at java_programs.FLATTEN.flatten(FLATTEN.java:26)
	at java_programs.FLATTEN.flatten(FLATTEN.java:26)
	at java_programs.FLATTEN.flatten(FLATTEN.java:26)
	at java_programs.FLATTEN.flatten(FLATTEN.java:26)
	at java_programs.FLATTEN.flatten(FLATTEN.java:26)
	at java_programs.FLATTEN.flatten(FLATTEN.java:26)
	at java_programs.FLATTEN.flatten(FLATTEN.java:26)
	at java_programs.FLATTEN.flatten(FLATTEN.java:26)
	at java_programs.FLATTEN.flatten(FLATTEN.java:26)
	at java_programs.FLATTEN.flatten(FLATTEN.java:26)
	at java_programs.FLATTEN.flatten(FLATTEN.java:26)
	at java_programs.FLATTEN.flatten(FLATTEN.java:26)
	at java_programs.FLATTEN.flatten(FLATTEN.java:26)
	at java_programs.FLATTEN.flatten(FLATTEN.java:26)
	at java_programs.FLATTEN.flatten(FLATTEN.java:26)
	at java_programs.FLATTEN.flatten(FLATTEN.java:26)
	at java_programs.FLATTEN.flatten(FLATTEN.java:26)
	at java_programs.FLATTEN.flatten(FLATTEN.java:26)
	at java_programs.FLATTEN.flatten(FLATTEN.java:26)
	at java_programs.FLATTEN.flatten(FLATTEN.java:26)
	at java_programs.FLATTEN.flatten(FLATTEN.java:26)
	at java_programs.FLATTEN.flatten(FLATTEN.java:26)
	at java_programs.FLATTEN.flatten(FLATTEN.java:26)
	at java_programs.FLATTEN.flatten(FLATTEN.java:26)
	at java_programs.FLATTEN.flatten(FLATTEN.java:26)
	at java_programs.FLATTEN.flatten(FLATTEN.java:26)
	at java_programs.FLATTEN.flatten(FLATTEN.java:26)
	at java_programs.FLATTEN.flatten(FLATTEN.java:26)
	at java_programs.FLATTEN.flatten(FLATTEN.java:26)
	at java_programs.FLATTEN.flatten(FLATTEN.java:26)
	at java_programs.FLATTEN.flatten(FLATTEN.java:26)
	at java_programs.FLATTEN.flatten(FLATTEN.java:26)
	at java_programs.FLATTEN.flatten(FLATTEN.java:26)
	at java_programs.FLATTEN.flatten(FLATTEN.java:26)
	at java_programs.FLATTEN.flatten(FLATTEN.java:26)
	at java_programs.FLATTEN.flatten(FLATTEN.java:26)
	at java_programs.FLATTEN.flatten(FLATTEN.java:26)
	at java_programs.FLATTEN.flatten(FLATTEN.java:26)
	at java_programs.FLATTEN.flatten(FLATTEN.java:26)
	at java_programs.FLATTEN.flatten(FLATTEN.java:26)
	at java_programs.FLATTEN.flatten(FLATTEN.java:26)
	at java_programs.FLATTEN.flatten(FLATTEN.java:26)
	at java_programs.FLATTEN.flatten(FLATTEN.java:26)
	at java_programs.FLATTEN.flatten(FLATTEN.java:26)
	at java_programs.FLATTEN.flatten(FLATTEN.java:26)
	at java_programs.FLATTEN.flatten(FLATTEN.java:26)
	at java_programs.FLATTEN.flatten(FLATTEN.java:26)
	at java_programs.FLATTEN.flatten(FLATTEN.java:26)
	at java_programs.FLATTEN.flatten(FLATTEN.java:26)
	at java_programs.FLATTEN.flatten(FLATTEN.java:26)
	at java_programs.FLATTEN.flatten(FLATTEN.java:26)
	at java_programs.FLATTEN.flatten(FLATTEN.java:26)
	at java_programs.FLATTEN.flatten(FLATTEN.java:26)
	at java_programs.FLATTEN.flatten(FLATTEN.java:26)
	at java_programs.FLATTEN.flatten(FLATTEN.java:26)
	at java_programs.FLATTEN.flatten(FLATTEN.java:26)
	at java_programs.FLATTEN.flatten(FLATTEN.java:26)
	at java_programs.FLATTEN.flatten(FLATTEN.java:26)
	at java_programs.FLATTEN.flatten(FLATTEN.java:26)
	at java_programs.FLATTEN.flatten(FLATTEN.java:26)
	at java_programs.FLATTEN.flatten(FLATTEN.java:26)
	at java_programs.FLATTEN.flatten(FLATTEN.java:26)
	at java_programs.FLATTEN.flatten(FLATTEN.java:26)
	at java_programs.FLATTEN.flatten(FLATTEN.java:26)
	at java_programs.FLATTEN.flatten(FLATTEN.java:26)
	at java_programs.FLATTEN.flatten(FLATTEN.java:26)
	at java_programs.FLATTEN.flatten(FLATTEN.java:26)
	at java_programs.FLATTEN.flatten(FLATTEN.java:26)
	at java_programs.FLATTEN.flatten(FLATTEN.java:26)
	at java_programs.FLATTEN.flatten(FLATTEN.java:26)
	at java_programs.FLATTEN.flatten(FLATTEN.java:26)
	at java_programs.FLATTEN.flatten(FLATTEN.java:26)
	at java_programs.FLATTEN.flatten(FLATTEN.java:26)
	at java_programs.FLATTEN.flatten(FLATTEN.java:26)
	at java_programs.FLATTEN.flatten(FLATTEN.java:26)
	at java_programs.FLATTEN.flatten(FLATTEN.java:26)
	at java_programs.FLATTEN.flatten(FLATTEN.java:26)
	at java_programs.FLATTEN.flatten(FLATTEN.java:26)
	at java_programs.FLATTEN.flatten(FLATTEN.java:26)
	at java_programs.FLATTEN.flatten(FLATTEN.java:26)
	at java_programs.FLATTEN.flatten(FLATTEN.java:26)
	at java_programs.FLATTEN.flatten(FLATTEN.java:26)
	at java_programs.FLATTEN.flatten(FLATTEN.java:26)
	at java_programs.FLATTEN.flatten(FLATTEN.java:26)
	at java_programs.FLATTEN.flatten(FLATTEN.java:26)
	at java_programs.FLATTEN.flatten(FLATTEN.java:26)
	at java_programs.FLATTEN.flatten(FLATTEN.java:26)
	at java_programs.FLATTEN.flatten(FLATTEN.java:26)
	at java_programs.FLATTEN.flatten(FLATTEN.java:26)
	at java_programs.FLATTEN.flatten(FLATTEN.java:26)
	at java_programs.FLATTEN.flatten(FLATTEN.java:26)
	at java_programs.FLATTEN.flatten(FLATTEN.java:26)
	at java_programs.FLATTEN.flatten(FLATTEN.java:26)
	at java_programs.FLATTEN.flatten(FLATTEN.java:26)
	at java_programs.FLATTEN.flatten(FLATTEN.java:26)
	at java_programs.FLATTEN.flatten(FLATTEN.java:26)
	at java_programs.FLATTEN.flatten(FLATTEN.java:26)
	at java_programs.FLATTEN.flatten(FLATTEN.java:26)
	at java_programs.FLATTEN.flatten(FLATTEN.java:26)
	at java_programs.FLATTEN.flatten(FLATTEN.java:26)
	at java_programs.FLATTEN.flatten(FLATTEN.java:26)
	at java_programs.FLATTEN.flatten(FLATTEN.java:26)
	at java_programs.FLATTEN.flatten(FLATTEN.java:26)
	at java_programs.FLATTEN.flatten(FLATTEN.java:26)
	at java_programs.FLATTEN.flatten(FLATTEN.java:26)
	at java_programs.FLATTEN.flatten(FLATTEN.java:26)
	at java_programs.FLATTEN.flatten(FLATTEN.java:26)
	at java_programs.FLATTEN.flatten(FLATTEN.java:26)
	at java_programs.FLATTEN.flatten(FLATTEN.java:26)
	at java_programs.FLATTEN.flatten(FLATTEN.java:26)
	at java_programs.FLATTEN.flatten(FLATTEN.java:26)
	at java_programs.FLATTEN.flatten(FLATTEN.java:26)
	at java_programs.FLATTEN.flatten(FLATTEN.java:26)
	at java_programs.FLATTEN.flatten(FLATTEN.java:26)
	at java_programs.FLATTEN.flatten(FLATTEN.java:26)
	at java_programs.FLATTEN.flatten(FLATTEN.java:26)
	at java_programs.FLATTEN.flatten(FLATTEN.java:26)
	at java_programs.FLATTEN.flatten(FLATTEN.java:26)
	at java_programs.FLATTEN.flatten(FLATTEN.java:26)
	at java_programs.FLATTEN.flatten(FLATTEN.java:26)
	at java_programs.FLATTEN.flatten(FLATTEN.java:26)
	at java_programs.FLATTEN.flatten(FLATTEN.java:26)
	at java_programs.FLATTEN.flatten(FLATTEN.java:26)
	at java_programs.FLATTEN.flatten(FLATTEN.java:26)
	at java_programs.FLATTEN.flatten(FLATTEN.java:26)
	at java_programs.FLATTEN.flatten(FLATTEN.java:26)
	at java_programs.FLATTEN.flatten(FLATTEN.java:26)
	at java_programs.FLATTEN.flatten(FLATTEN.java:26)
	at java_programs.FLATTEN.flatten(FLATTEN.java:26)
	at java_programs.FLATTEN.flatten(FLATTEN.java:26)
	at java_programs.FLATTEN.flatten(FLATTEN.java:26)
	at java_programs.FLATTEN.flatten(FLATTEN.java:26)
	at java_programs.FLATTEN.flatten(FLATTEN.java:26)
	at java_programs.FLATTEN.flatten(FLATTEN.java:26)
	at java_programs.FLATTEN.flatten(FLATTEN.java:26)
	at java_programs.FLATTEN.flatten(FLATTEN.java:26)
	at java_programs.FLATTEN.flatten(FLATTEN.java:26)
	at java_programs.FLATTEN.flatten(FLATTEN.java:26)
	at java_programs.FLATTEN.flatten(FLATTEN.java:26)
	at java_programs.FLATTEN.flatten(FLATTEN.java:26)
	at java_programs.FLATTEN.flatten(FLATTEN.java:26)
	at java_programs.FLATTEN.flatten(FLATTEN.java:26)
	at java_programs.FLATTEN.flatten(FLATTEN.java:26)
	at java_programs.FLATTEN.flatten(FLATTEN.java:26)
	at java_programs.FLATTEN.flatten(FLATTEN.java:26)
	at java_programs.FLATTEN.flatten(FLATTEN.java:26)
	at java_programs.FLATTEN.flatten(FLATTEN.java:26)
	at java_programs.FLATTEN.flatten(FLATTEN.java:26)
	at java_programs.FLATTEN.flatten(FLATTEN.java:26)
	at java_programs.FLATTEN.flatten(FLATTEN.java:26)
	at java_programs.FLATTEN.flatten(FLATTEN.java:26)
	at java_programs.FLATTEN.flatten(FLATTEN.java:26)
	at java_programs.FLATTEN.flatten(FLATTEN.java:26)
	at java_programs.FLATTEN.flatten(FLATTEN.java:26)
	at java_programs.FLATTEN.flatten(FLATTEN.java:26)
	at java_programs.FLATTEN.flatten(FLATTEN.java:26)
	at java_programs.FLATTEN.flatten(FLATTEN.java:26)
	at java_programs.FLATTEN.flatten(FLATTEN.java:26)
	at java_programs.FLATTEN.flatten(FLATTEN.java:26)
	at java_programs.FLATTEN.flatten(FLATTEN.java:26)
	at java_programs.FLATTEN.flatten(FLATTEN.java:26)
	at java_programs.FLATTEN.flatten(FLATTEN.java:26)
	at java_programs.FLATTEN.flatten(FLATTEN.java:26)
	at java_programs.FLATTEN.flatten(FLATTEN.java:26)
	at java_programs.FLATTEN.flatten(FLATTEN.java:26)
	at java_programs.FLATTEN.flatten(FLATTEN.java:26)
	at java_programs.FLATTEN.flatten(FLATTEN.java:26)
	at java_programs.FLATTEN.flatten(FLATTEN.java:26)
	at java_programs.FLATTEN.flatten(FLATTEN.java:26)
	at java_programs.FLATTEN.flatten(FLATTEN.java:26)
	at java_programs.FLATTEN.flatten(FLATTEN.java:26)
	at java_programs.FLATTEN.flatten(FLATTEN.java:26)
	at java_programs.FLATTEN.flatten(FLATTEN.java:26)
	at java_programs.FLATTEN.flatten(FLATTEN.java:26)
	at java_programs.FLATTEN.flatten(FLATTEN.java:26)
	at java_programs.FLATTEN.flatten(FLATTEN.java:26)
	at java_programs.FLATTEN.flatten(FLATTEN.java:26)
	at java_programs.FLATTEN.flatten(FLATTEN.java:26)
	at java_programs.FLATTEN.flatten(FLATTEN.java:26)
	at java_programs.FLATTEN.flatten(FLATTEN.java:26)
	at java_programs.FLATTEN.flatten(FLATTEN.java:26)
	at java_programs.FLATTEN.flatten(FLATTEN.java:26)
	at java_programs.FLATTEN.flatten(FLATTEN.java:26)
	at java_programs.FLATTEN.flatten(FLATTEN.java:26)
	at java_programs.FLATTEN.flatten(FLATTEN.java:26)
	at java_programs.FLATTEN.flatten(FLATTEN.java:26)
	at java_programs.FLATTEN.flatten(FLATTEN.java:26)
	at java_programs.FLATTEN.flatten(FLATTEN.java:26)
	at java_programs.FLATTEN.flatten(FLATTEN.java:26)
	at java_programs.FLATTEN.flatten(FLATTEN.java:26)
	at java_programs.FLATTEN.flatten(FLATTEN.java:26)
	at java_programs.FLATTEN.flatten(FLATTEN.java:26)
	at java_programs.FLATTEN.flatten(FLATTEN.java:26)
	at java_programs.FLATTEN.flatten(FLATTEN.java:26)
	at java_programs.FLATTEN.flatten(FLATTEN.java:26)
	at java_programs.FLATTEN.flatten(FLATTEN.java:26)
	at java_programs.FLATTEN.flatten(FLATTEN.java:26)
	at java_programs.FLATTEN.flatten(FLATTEN.java:26)
	at java_programs.FLATTEN.flatten(FLATTEN.java:26)
	at java_programs.FLATTEN.flatten(FLATTEN.java:26)
	at java_programs.FLATTEN.flatten(FLATTEN.java:26)
	at java_programs.FLATTEN.flatten(FLATTEN.java:26)
	at java_programs.FLATTEN.flatten(FLATTEN.java:26)
	at java_programs.FLATTEN.flatten(FLATTEN.java:26)
	at java_programs.FLATTEN.flatten(FLATTEN.java:26)
	at java_programs.FLATTEN.flatten(FLATTEN.java:26)
	at java_programs.FLATTEN.flatten(FLATTEN.java:26)
	at java_programs.FLATTEN.flatten(FLATTEN.java:26)
	at java_programs.FLATTEN.flatten(FLATTEN.java:26)
	at java_programs.FLATTEN.flatten(FLATTEN.java:26)
	at java_programs.FLATTEN.flatten(FLATTEN.java:26)
	at java_programs.FLATTEN.flatten(FLATTEN.java:26)
	at java_programs.FLATTEN.flatten(FLATTEN.java:26)
	at java_programs.FLATTEN.flatten(FLATTEN.java:26)
	at java_programs.FLATTEN.flatten(FLATTEN.java:26)
	at java_programs.FLATTEN.flatten(FLATTEN.java:26)
	at java_programs.FLATTEN.flatten(FLATTEN.java:26)
	at java_programs.FLATTEN.flatten(FLATTEN.java:26)
	at java_programs.FLATTEN.flatten(FLATTEN.java:26)
	at java_programs.FLATTEN.flatten(FLATTEN.java:26)
	at java_programs.FLATTEN.flatten(FLATTEN.java:26)
	at java_programs.FLATTEN.flatten(FLATTEN.java:26)
	at java_programs.FLATTEN.flatten(FLATTEN.java:26)
	at java_programs.FLATTEN.flatten(FLATTEN.java:26)
	at java_programs.FLATTEN.flatten(FLATTEN.java:26)
	at java_programs.FLATTEN.flatten(FLATTEN.java:26)
	at java_programs.FLATTEN.flatten(FLATTEN.java:26)
	at java_programs.FLATTEN.flatten(FLATTEN.java:26)
	at java_programs.FLATTEN.flatten(FLATTEN.java:26)
	at java_programs.FLATTEN.flatten(FLATTEN.java:26)
	at java_programs.FLATTEN.flatten(FLATTEN.java:26)
	at java_programs.FLATTEN.flatten(FLATTEN.java:26)
	at java_programs.FLATTEN.flatten(FLATTEN.java:26)
	at java_programs.FLATTEN.flatten(FLATTEN.java:26)
	at java_programs.FLATTEN.flatten(FLATTEN.java:26)
	at java_programs.FLATTEN.flatten(FLATTEN.java:26)
	at java_programs.FLATTEN.flatten(FLATTEN.java:26)
	at java_programs.FLATTEN.flatten(FLATTEN.java:26)
	at java_programs.FLATTEN.flatten(FLATTEN.java:26)
	at java_programs.FLATTEN.flatten(FLATTEN.java:26)
	at java_programs.FLATTEN.flatten(FLATTEN.java:26)
	at java_programs.FLATTEN.flatten(FLATTEN.java:26)
	at java_programs.FLATTEN.flatten(FLATTEN.java:26)
	at java_programs.FLATTEN.flatten(FLATTEN.java:26)
	at java_programs.FLATTEN.flatten(FLATTEN.java:26)
	at java_programs.FLATTEN.flatten(FLATTEN.java:26)
	at java_programs.FLATTEN.flatten(FLATTEN.java:26)
	at java_programs.FLATTEN.flatten(FLATTEN.java:26)
	at java_programs.FLATTEN.flatten(FLATTEN.java:26)
	at java_programs.FLATTEN.flatten(FLATTEN.java:26)
	at java_programs.FLATTEN.flatten(FLATTEN.java:26)
	at java_programs.FLATTEN.flatten(FLATTEN.java:26)
	at java_programs.FLATTEN.flatten(FLATTEN.java:26)
	at java_programs.FLATTEN.flatten(FLATTEN.java:26)
	at java_programs.FLATTEN.flatten(FLATTEN.java:26)
	at java_programs.FLATTEN.flatten(FLATTEN.java:26)
	at java_programs.FLATTEN.flatten(FLATTEN.java:26)
	at java_programs.FLATTEN.flatten(FLATTEN.java:26)
	at java_programs.FLATTEN.flatten(FLATTEN.java:26)
	at java_programs.FLATTEN.flatten(FLATTEN.java:26)
	at java_programs.FLATTEN.flatten(FLATTEN.java:26)
	at java_programs.FLATTEN.flatten(FLATTEN.java:26)
	at java_programs.FLATTEN.flatten(FLATTEN.java:26)
	at java_programs.FLATTEN.flatten(FLATTEN.java:26)
	at java_programs.FLATTEN.flatten(FLATTEN.java:26)
	at java_programs.FLATTEN.flatten(FLATTEN.java:26)
	at java_programs.FLATTEN.flatten(FLATTEN.java:26)
	at java_programs.FLATTEN.flatten(FLATTEN.java:26)
	at java_programs.FLATTEN.flatten(FLATTEN.java:26)
	at java_programs.FLATTEN.flatten(FLATTEN.java:26)
	at java_programs.FLATTEN.flatten(FLATTEN.java:26)
	at java_programs.FLATTEN.flatten(FLATTEN.java:26)
	at java_programs.FLATTEN.flatten(FLATTEN.java:26)
	at java_programs.FLATTEN.flatten(FLATTEN.java:26)
	at java_programs.FLATTEN.flatten(FLATTEN.java:26)
	at java_programs.FLATTEN.flatten(FLATTEN.java:26)
	at java_programs.FLATTEN.flatten(FLATTEN.java:26)
	at java_programs.FLATTEN.flatten(FLATTEN.java:26)
	at java_programs.FLATTEN.flatten(FLATTEN.java:26)
	at java_programs.FLATTEN.flatten(FLATTEN.java:26)
	at java_programs.FLATTEN.flatten(FLATTEN.java:26)
	at java_programs.FLATTEN.flatten(FLATTEN.java:26)
	at java_programs.FLATTEN.flatten(FLATTEN.java:26)
	at java_programs.FLATTEN.flatten(FLATTEN.java:26)
	at java_programs.FLATTEN.flatten(FLATTEN.java:26)
	at java_programs.FLATTEN.flatten(FLATTEN.java:26)
	at java_programs.FLATTEN.flatten(FLATTEN.java:26)
	at java_programs.FLATTEN.flatten(FLATTEN.java:26)
	at java_programs.FLATTEN.flatten(FLATTEN.java:26)
	at java_programs.FLATTEN.flatten(FLATTEN.java:26)
	at java_programs.FLATTEN.flatten(FLATTEN.java:26)
	at java_programs.FLATTEN.flatten(FLATTEN.java:26)
	at java_programs.FLATTEN.flatten(FLATTEN.java:26)
	at java_programs.FLATTEN.flatten(FLATTEN.java:26)
	at java_programs.FLATTEN.flatten(FLATTEN.java:26)
	at java_programs.FLATTEN.flatten(FLATTEN.java:26)
	at java_programs.FLATTEN.flatten(FLATTEN.java:26)
	at java_programs.FLATTEN.flatten(FLATTEN.java:26)
	at java_programs.FLATTEN.flatten(FLATTEN.java:26)
	at java_programs.FLATTEN.flatten(FLATTEN.java:26)
	at java_programs.FLATTEN.flatten(FLATTEN.java:26)
	at java_programs.FLATTEN.flatten(FLATTEN.java:26)
	at java_programs.FLATTEN.flatten(FLATTEN.java:26)
	at java_programs.FLATTEN.flatten(FLATTEN.java:26)
	at java_programs.FLATTEN.flatten(FLATTEN.java:26)
	at java_programs.FLATTEN.flatten(FLATTEN.java:26)
	at java_programs.FLATTEN.flatten(FLATTEN.java:26)
	at java_programs.FLATTEN.flatten(FLATTEN.java:26)
	at java_programs.FLATTEN.flatten(FLATTEN.java:26)
	at java_programs.FLATTEN.flatten(FLATTEN.java:26)
	at java_programs.FLATTEN.flatten(FLATTEN.java:26)
	at java_programs.FLATTEN.flatten(FLATTEN.java:26)
	at java_programs.FLATTEN.flatten(FLATTEN.java:26)
	at java_programs.FLATTEN.flatten(FLATTEN.java:26)
	at java_programs.FLATTEN.flatten(FLATTEN.java:26)
	at java_programs.FLATTEN.flatten(FLATTEN.java:26)
	at java_programs.FLATTEN.flatten(FLATTEN.java:26)
	at java_programs.FLATTEN.flatten(FLATTEN.java:26)
	at java_programs.FLATTEN.flatten(FLATTEN.java:26)
	at java_programs.FLATTEN.flatten(FLATTEN.java:26)
	at java_programs.FLATTEN.flatten(FLATTEN.java:26)
	at java_programs.FLATTEN.flatten(FLATTEN.java:26)
	at java_programs.FLATTEN.flatten(FLATTEN.java:26)
	at java_programs.FLATTEN.flatten(FLATTEN.java:26)
	at java_programs.FLATTEN.flatten(FLATTEN.java:26)
	at java_programs.FLATTEN.flatten(FLATTEN.java:26)
	at java_programs.FLATTEN.flatten(FLATTEN.java:26)
	at java_programs.FLATTEN.flatten(FLATTEN.java:26)
	at java_programs.FLATTEN.flatten(FLATTEN.java:26)
	at java_programs.FLATTEN.flatten(FLATTEN.java:26)
	at java_programs.FLATTEN.flatten(FLATTEN.java:26)
	at java_programs.FLATTEN.flatten(FLATTEN.java:26)
	at java_programs.FLATTEN.flatten(FLATTEN.java:26)
	at java_programs.FLATTEN.flatten(FLATTEN.java:26)
	at java_programs.FLATTEN.flatten(FLATTEN.java:26)
	at java_programs.FLATTEN.flatten(FLATTEN.java:26)
	at java_programs.FLATTEN.flatten(FLATTEN.java:26)
	at java_programs.FLATTEN.flatten(FLATTEN.java:26)
	at java_programs.FLATTEN.flatten(FLATTEN.java:26)
	at java_programs.FLATTEN.flatten(FLATTEN.java:26)
	at java_programs.FLATTEN.flatten(FLATTEN.java:26)
	at java_programs.FLATTEN.flatten(FLATTEN.java:26)
	at java_programs.FLATTEN.flatten(FLATTEN.java:26)
	at java_programs.FLATTEN.flatten(FLATTEN.java:26)
	at java_programs.FLATTEN.flatten(FLATTEN.java:26)
	at java_programs.FLATTEN.flatten(FLATTEN.java:26)
	at java_programs.FLATTEN.flatten(FLATTEN.java:26)
	at java_programs.FLATTEN.flatten(FLATTEN.java:26)
	at java_programs.FLATTEN.flatten(FLATTEN.java:26)
	at java_programs.FLATTEN.flatten(FLATTEN.java:26)
	at java_programs.FLATTEN.flatten(FLATTEN.java:26)
	at java_programs.FLATTEN.flatten(FLATTEN.java:26)
	at java_programs.FLATTEN.flatten(FLATTEN.java:26)
	at java_programs.FLATTEN.flatten(FLATTEN.java:26)
	at java_programs.FLATTEN.flatten(FLATTEN.java:26)
	at java_programs.FLATTEN.flatten(FLATTEN.java:26)
	at java_programs.FLATTEN.flatten(FLATTEN.java:26)
	at java_programs.FLATTEN.flatten(FLATTEN.java:26)
	at java_programs.FLATTEN.flatten(FLATTEN.java:26)
	at java_programs.FLATTEN.flatten(FLATTEN.java:26)
	at java_programs.FLATTEN.flatten(FLATTEN.java:26)
	at java_programs.FLATTEN.flatten(FLATTEN.java:26)
	at java_programs.FLATTEN.flatten(FLATTEN.java:26)
	at java_programs.FLATTEN.flatten(FLATTEN.java:26)
	at java_programs.FLATTEN.flatten(FLATTEN.java:26)
	at java_programs.FLATTEN.flatten(FLATTEN.java:26)
	at java_programs.FLATTEN.flatten(FLATTEN.java:26)
	at java_programs.FLATTEN.flatten(FLATTEN.java:26)
	at java_programs.FLATTEN.flatten(FLATTEN.java:26)
	at java_programs.FLATTEN.flatten(FLATTEN.java:26)
	at java_programs.FLATTEN.flatten(FLATTEN.java:26)
	at java_programs.FLATTEN.flatten(FLATTEN.java:26)
	at java_programs.FLATTEN.flatten(FLATTEN.java:26)
	at java_programs.FLATTEN.flatten(FLATTEN.java:26)
	at java_programs.FLATTEN.flatten(FLATTEN.java:26)
	at java_programs.FLATTEN.flatten(FLATTEN.java:26)
	at java_programs.FLATTEN.flatten(FLATTEN.java:26)
	at java_programs.FLATTEN.flatten(FLATTEN.java:26)
	at java_programs.FLATTEN.flatten(FLATTEN.java:26)
	at java_programs.FLATTEN.flatten(FLATTEN.java:26)
	at java_programs.FLATTEN.flatten(FLATTEN.java:26)
	at java_programs.FLATTEN.flatten(FLATTEN.java:26)
	at java_programs.FLATTEN.flatten(FLATTEN.java:26)
	at java_programs.FLATTEN.flatten(FLATTEN.java:26)
	at java_programs.FLATTEN.flatten(FLATTEN.java:26)
	at java_programs.FLATTEN.flatten(FLATTEN.java:26)
	at java_programs.FLATTEN.flatten(FLATTEN.java:26)
	at java_programs.FLATTEN.flatten(FLATTEN.java:26)
	at java_programs.FLATTEN.flatten(FLATTEN.java:26)
	at java_programs.FLATTEN.flatten(FLATTEN.java:26)
	at java_programs.FLATTEN.flatten(FLATTEN.java:26)
	at java_programs.FLATTEN.flatten(FLATTEN.java:26)
	at java_programs.FLATTEN.flatten(FLATTEN.java:26)
	at java_programs.FLATTEN.flatten(FLATTEN.java:26)
	at java_programs.FLATTEN.flatten(FLATTEN.java:26)
	at java_programs.FLATTEN.flatten(FLATTEN.java:26)
	at java_programs.FLATTEN.flatten(FLATTEN.java:26)
	at java_programs.FLATTEN.flatten(FLATTEN.java:26)
	at java_programs.FLATTEN.flatten(FLATTEN.java:26)
	at java_programs.FLATTEN.flatten(FLATTEN.java:26)
	at java_programs.FLATTEN.flatten(FLATTEN.java:26)
	at java_programs.FLATTEN.flatten(FLATTEN.java:26)
	at java_programs.FLATTEN.flatten(FLATTEN.java:26)
	at java_programs.FLATTEN.flatten(FLATTEN.java:26)
	at java_programs.FLATTEN.flatten(FLATTEN.java:26)
	at java_programs.FLATTEN.flatten(FLATTEN.java:26)
	at java_programs.FLATTEN.flatten(FLATTEN.java:26)
	at java_programs.FLATTEN.flatten(FLATTEN.java:26)
	at java_programs.FLATTEN.flatten(FLATTEN.java:26)
	at java_programs.FLATTEN.flatten(FLATTEN.java:26)
	at java_programs.FLATTEN.flatten(FLATTEN.java:26)
	at java_programs.FLATTEN.flatten(FLATTEN.java:26)
	at java_programs.FLATTEN.flatten(FLATTEN.java:26)
	at java_programs.FLATTEN.flatten(FLATTEN.java:26)
	at java_programs.FLATTEN.flatten(FLATTEN.java:26)
	at java_programs.FLATTEN.flatten(FLATTEN.java:26)
	at java_programs.FLATTEN.flatten(FLATTEN.java:26)
	at java_programs.FLATTEN.flatten(FLATTEN.java:26)
</failure>
  </testcase>
  <testcase name="test_4" classname="java_testcases.junit.FLATTEN_TEST" time="0.002">
    <failure message="java.lang.StackOverflowError" type="java.lang.StackOverflowError">java.lang.StackOverflowError
	at java_programs.FLATTEN.flatten(FLATTEN.java)
	at java_programs.FLATTEN.flatten(FLATTEN.java:26)
	at java_programs.FLATTEN.flatten(FLATTEN.java:26)
	at java_programs.FLATTEN.flatten(FLATTEN.java:26)
	at java_programs.FLATTEN.flatten(FLATTEN.java:26)
	at java_programs.FLATTEN.flatten(FLATTEN.java:26)
	at java_programs.FLATTEN.flatten(FLATTEN.java:26)
	at java_programs.FLATTEN.flatten(FLATTEN.java:26)
	at java_programs.FLATTEN.flatten(FLATTEN.java:26)
	at java_programs.FLATTEN.flatten(FLATTEN.java:26)
	at java_programs.FLATTEN.flatten(FLATTEN.java:26)
	at java_programs.FLATTEN.flatten(FLATTEN.java:26)
	at java_programs.FLATTEN.flatten(FLATTEN.java:26)
	at java_programs.FLATTEN.flatten(FLATTEN.java:26)
	at java_programs.FLATTEN.flatten(FLATTEN.java:26)
	at java_programs.FLATTEN.flatten(FLATTEN.java:26)
	at java_programs.FLATTEN.flatten(FLATTEN.java:26)
	at java_programs.FLATTEN.flatten(FLATTEN.java:26)
	at java_programs.FLATTEN.flatten(FLATTEN.java:26)
	at java_programs.FLATTEN.flatten(FLATTEN.java:26)
	at java_programs.FLATTEN.flatten(FLATTEN.java:26)
	at java_programs.FLATTEN.flatten(FLATTEN.java:26)
	at java_programs.FLATTEN.flatten(FLATTEN.java:26)
	at java_programs.FLATTEN.flatten(FLATTEN.java:26)
	at java_programs.FLATTEN.flatten(FLATTEN.java:26)
	at java_programs.FLATTEN.flatten(FLATTEN.java:26)
	at java_programs.FLATTEN.flatten(FLATTEN.java:26)
	at java_programs.FLATTEN.flatten(FLATTEN.java:26)
	at java_programs.FLATTEN.flatten(FLATTEN.java:26)
	at java_programs.FLATTEN.flatten(FLATTEN.java:26)
	at java_programs.FLATTEN.flatten(FLATTEN.java:26)
	at java_programs.FLATTEN.flatten(FLATTEN.java:26)
	at java_programs.FLATTEN.flatten(FLATTEN.java:26)
	at java_programs.FLATTEN.flatten(FLATTEN.java:26)
	at java_programs.FLATTEN.flatten(FLATTEN.java:26)
	at java_programs.FLATTEN.flatten(FLATTEN.java:26)
	at java_programs.FLATTEN.flatten(FLATTEN.java:26)
	at java_programs.FLATTEN.flatten(FLATTEN.java:26)
	at java_programs.FLATTEN.flatten(FLATTEN.java:26)
	at java_programs.FLATTEN.flatten(FLATTEN.java:26)
	at java_programs.FLATTEN.flatten(FLATTEN.java:26)
	at java_programs.FLATTEN.flatten(FLATTEN.java:26)
	at java_programs.FLATTEN.flatten(FLATTEN.java:26)
	at java_programs.FLATTEN.flatten(FLATTEN.java:26)
	at java_programs.FLATTEN.flatten(FLATTEN.java:26)
	at java_programs.FLATTEN.flatten(FLATTEN.java:26)
	at java_programs.FLATTEN.flatten(FLATTEN.java:26)
	at java_programs.FLATTEN.flatten(FLATTEN.java:26)
	at java_programs.FLATTEN.flatten(FLATTEN.java:26)
	at java_programs.FLATTEN.flatten(FLATTEN.java:26)
	at java_programs.FLATTEN.flatten(FLATTEN.java:26)
	at java_programs.FLATTEN.flatten(FLATTEN.java:26)
	at java_programs.FLATTEN.flatten(FLATTEN.java:26)
	at java_programs.FLATTEN.flatten(FLATTEN.java:26)
	at java_programs.FLATTEN.flatten(FLATTEN.java:26)
	at java_programs.FLATTEN.flatten(FLATTEN.java:26)
	at java_programs.FLATTEN.flatten(FLATTEN.java:26)
	at java_programs.FLATTEN.flatten(FLATTEN.java:26)
	at java_programs.FLATTEN.flatten(FLATTEN.java:26)
	at java_programs.FLATTEN.flatten(FLATTEN.java:26)
	at java_programs.FLATTEN.flatten(FLATTEN.java:26)
	at java_programs.FLATTEN.flatten(FLATTEN.java:26)
	at java_programs.FLATTEN.flatten(FLATTEN.java:26)
	at java_programs.FLATTEN.flatten(FLATTEN.java:26)
	at java_programs.FLATTEN.flatten(FLATTEN.java:26)
	at java_programs.FLATTEN.flatten(FLATTEN.java:26)
	at java_programs.FLATTEN.flatten(FLATTEN.java:26)
	at java_programs.FLATTEN.flatten(FLATTEN.java:26)
	at java_programs.FLATTEN.flatten(FLATTEN.java:26)
	at java_programs.FLATTEN.flatten(FLATTEN.java:26)
	at java_programs.FLATTEN.flatten(FLATTEN.java:26)
	at java_programs.FLATTEN.flatten(FLATTEN.java:26)
	at java_programs.FLATTEN.flatten(FLATTEN.java:26)
	at java_programs.FLATTEN.flatten(FLATTEN.java:26)
	at java_programs.FLATTEN.flatten(FLATTEN.java:26)
	at java_programs.FLATTEN.flatten(FLATTEN.java:26)
	at java_programs.FLATTEN.flatten(FLATTEN.java:26)
	at java_programs.FLATTEN.flatten(FLATTEN.java:26)
	at java_programs.FLATTEN.flatten(FLATTEN.java:26)
	at java_programs.FLATTEN.flatten(FLATTEN.java:26)
	at java_programs.FLATTEN.flatten(FLATTEN.java:26)
	at java_programs.FLATTEN.flatten(FLATTEN.java:26)
	at java_programs.FLATTEN.flatten(FLATTEN.java:26)
	at java_programs.FLATTEN.flatten(FLATTEN.java:26)
	at java_programs.FLATTEN.flatten(FLATTEN.java:26)
	at java_programs.FLATTEN.flatten(FLATTEN.java:26)
	at java_programs.FLATTEN.flatten(FLATTEN.java:26)
	at java_programs.FLATTEN.flatten(FLATTEN.java:26)
	at java_programs.FLATTEN.flatten(FLATTEN.java:26)
	at java_programs.FLATTEN.flatten(FLATTEN.java:26)
	at java_programs.FLATTEN.flatten(FLATTEN.java:26)
	at java_programs.FLATTEN.flatten(FLATTEN.java:26)
	at java_programs.FLATTEN.flatten(FLATTEN.java:26)
	at java_programs.FLATTEN.flatten(FLATTEN.java:26)
	at java_programs.FLATTEN.flatten(FLATTEN.java:26)
	at java_programs.FLATTEN.flatten(FLATTEN.java:26)
	at java_programs.FLATTEN.flatten(FLATTEN.java:26)
	at java_programs.FLATTEN.flatten(FLATTEN.java:26)
	at java_programs.FLATTEN.flatten(FLATTEN.java:26)
	at java_programs.FLATTEN.flatten(FLATTEN.java:26)
	at java_programs.FLATTEN.flatten(FLATTEN.java:26)
	at java_programs.FLATTEN.flatten(FLATTEN.java:26)
	at java_programs.FLATTEN.flatten(FLATTEN.java:26)
	at java_programs.FLATTEN.flatten(FLATTEN.java:26)
	at java_programs.FLATTEN.flatten(FLATTEN.java:26)
	at java_programs.FLATTEN.flatten(FLATTEN.java:26)
	at java_programs.FLATTEN.flatten(FLATTEN.java:26)
	at java_programs.FLATTEN.flatten(FLATTEN.java:26)
	at java_programs.FLATTEN.flatten(FLATTEN.java:26)
	at java_programs.FLATTEN.flatten(FLATTEN.java:26)
	at java_programs.FLATTEN.flatten(FLATTEN.java:26)
	at java_programs.FLATTEN.flatten(FLATTEN.java:26)
	at java_programs.FLATTEN.flatten(FLATTEN.java:26)
	at java_programs.FLATTEN.flatten(FLATTEN.java:26)
	at java_programs.FLATTEN.flatten(FLATTEN.java:26)
	at java_programs.FLATTEN.flatten(FLATTEN.java:26)
	at java_programs.FLATTEN.flatten(FLATTEN.java:26)
	at java_programs.FLATTEN.flatten(FLATTEN.java:26)
	at java_programs.FLATTEN.flatten(FLATTEN.java:26)
	at java_programs.FLATTEN.flatten(FLATTEN.java:26)
	at java_programs.FLATTEN.flatten(FLATTEN.java:26)
	at java_programs.FLATTEN.flatten(FLATTEN.java:26)
	at java_programs.FLATTEN.flatten(FLATTEN.java:26)
	at java_programs.FLATTEN.flatten(FLATTEN.java:26)
	at java_programs.FLATTEN.flatten(FLATTEN.java:26)
	at java_programs.FLATTEN.flatten(FLATTEN.java:26)
	at java_programs.FLATTEN.flatten(FLATTEN.java:26)
	at java_programs.FLATTEN.flatten(FLATTEN.java:26)
	at java_programs.FLATTEN.flatten(FLATTEN.java:26)
	at java_programs.FLATTEN.flatten(FLATTEN.java:26)
	at java_programs.FLATTEN.flatten(FLATTEN.java:26)
	at java_programs.FLATTEN.flatten(FLATTEN.java:26)
	at java_programs.FLATTEN.flatten(FLATTEN.java:26)
	at java_programs.FLATTEN.flatten(FLATTEN.java:26)
	at java_programs.FLATTEN.flatten(FLATTEN.java:26)
	at java_programs.FLATTEN.flatten(FLATTEN.java:26)
	at java_programs.FLATTEN.flatten(FLATTEN.java:26)
	at java_programs.FLATTEN.flatten(FLATTEN.java:26)
	at java_programs.FLATTEN.flatten(FLATTEN.java:26)
	at java_programs.FLATTEN.flatten(FLATTEN.java:26)
	at java_programs.FLATTEN.flatten(FLATTEN.java:26)
	at java_programs.FLATTEN.flatten(FLATTEN.java:26)
	at java_programs.FLATTEN.flatten(FLATTEN.java:26)
	at java_programs.FLATTEN.flatten(FLATTEN.java:26)
	at java_programs.FLATTEN.flatten(FLATTEN.java:26)
	at java_programs.FLATTEN.flatten(FLATTEN.java:26)
	at java_programs.FLATTEN.flatten(FLATTEN.java:26)
	at java_programs.FLATTEN.flatten(FLATTEN.java:26)
	at java_programs.FLATTEN.flatten(FLATTEN.java:26)
	at java_programs.FLATTEN.flatten(FLATTEN.java:26)
	at java_programs.FLATTEN.flatten(FLATTEN.java:26)
	at java_programs.FLATTEN.flatten(FLATTEN.java:26)
	at java_programs.FLATTEN.flatten(FLATTEN.java:26)
	at java_programs.FLATTEN.flatten(FLATTEN.java:26)
	at java_programs.FLATTEN.flatten(FLATTEN.java:26)
	at java_programs.FLATTEN.flatten(FLATTEN.java:26)
	at java_programs.FLATTEN.flatten(FLATTEN.java:26)
	at java_programs.FLATTEN.flatten(FLATTEN.java:26)
	at java_programs.FLATTEN.flatten(FLATTEN.java:26)
	at java_programs.FLATTEN.flatten(FLATTEN.java:26)
	at java_programs.FLATTEN.flatten(FLATTEN.java:26)
	at java_programs.FLATTEN.flatten(FLATTEN.java:26)
	at java_programs.FLATTEN.flatten(FLATTEN.java:26)
	at java_programs.FLATTEN.flatten(FLATTEN.java:26)
	at java_programs.FLATTEN.flatten(FLATTEN.java:26)
	at java_programs.FLATTEN.flatten(FLATTEN.java:26)
	at java_programs.FLATTEN.flatten(FLATTEN.java:26)
	at java_programs.FLATTEN.flatten(FLATTEN.java:26)
	at java_programs.FLATTEN.flatten(FLATTEN.java:26)
	at java_programs.FLATTEN.flatten(FLATTEN.java:26)
	at java_programs.FLATTEN.flatten(FLATTEN.java:26)
	at java_programs.FLATTEN.flatten(FLATTEN.java:26)
	at java_programs.FLATTEN.flatten(FLATTEN.java:26)
	at java_programs.FLATTEN.flatten(FLATTEN.java:26)
	at java_programs.FLATTEN.flatten(FLATTEN.java:26)
	at java_programs.FLATTEN.flatten(FLATTEN.java:26)
	at java_programs.FLATTEN.flatten(FLATTEN.java:26)
	at java_programs.FLATTEN.flatten(FLATTEN.java:26)
	at java_programs.FLATTEN.flatten(FLATTEN.java:26)
	at java_programs.FLATTEN.flatten(FLATTEN.java:26)
	at java_programs.FLATTEN.flatten(FLATTEN.java:26)
	at java_programs.FLATTEN.flatten(FLATTEN.java:26)
	at java_programs.FLATTEN.flatten(FLATTEN.java:26)
	at java_programs.FLATTEN.flatten(FLATTEN.java:26)
	at java_programs.FLATTEN.flatten(FLATTEN.java:26)
	at java_programs.FLATTEN.flatten(FLATTEN.java:26)
	at java_programs.FLATTEN.flatten(FLATTEN.java:26)
	at java_programs.FLATTEN.flatten(FLATTEN.java:26)
	at java_programs.FLATTEN.flatten(FLATTEN.java:26)
	at java_programs.FLATTEN.flatten(FLATTEN.java:26)
	at java_programs.FLATTEN.flatten(FLATTEN.java:26)
	at java_programs.FLATTEN.flatten(FLATTEN.java:26)
	at java_programs.FLATTEN.flatten(FLATTEN.java:26)
	at java_programs.FLATTEN.flatten(FLATTEN.java:26)
	at java_programs.FLATTEN.flatten(FLATTEN.java:26)
	at java_programs.FLATTEN.flatten(FLATTEN.java:26)
	at java_programs.FLATTEN.flatten(FLATTEN.java:26)
	at java_programs.FLATTEN.flatten(FLATTEN.java:26)
	at java_programs.FLATTEN.flatten(FLATTEN.java:26)
	at java_programs.FLATTEN.flatten(FLATTEN.java:26)
	at java_programs.FLATTEN.flatten(FLATTEN.java:26)
	at java_programs.FLATTEN.flatten(FLATTEN.java:26)
	at java_programs.FLATTEN.flatten(FLATTEN.java:26)
	at java_programs.FLATTEN.flatten(FLATTEN.java:26)
	at java_programs.FLATTEN.flatten(FLATTEN.java:26)
	at java_programs.FLATTEN.flatten(FLATTEN.java:26)
	at java_programs.FLATTEN.flatten(FLATTEN.java:26)
	at java_programs.FLATTEN.flatten(FLATTEN.java:26)
	at java_programs.FLATTEN.flatten(FLATTEN.java:26)
	at java_programs.FLATTEN.flatten(FLATTEN.java:26)
	at java_programs.FLATTEN.flatten(FLATTEN.java:26)
	at java_programs.FLATTEN.flatten(FLATTEN.java:26)
	at java_programs.FLATTEN.flatten(FLATTEN.java:26)
	at java_programs.FLATTEN.flatten(FLATTEN.java:26)
	at java_programs.FLATTEN.flatten(FLATTEN.java:26)
	at java_programs.FLATTEN.flatten(FLATTEN.java:26)
	at java_programs.FLATTEN.flatten(FLATTEN.java:26)
	at java_programs.FLATTEN.flatten(FLATTEN.java:26)
	at java_programs.FLATTEN.flatten(FLATTEN.java:26)
	at java_programs.FLATTEN.flatten(FLATTEN.java:26)
	at java_programs.FLATTEN.flatten(FLATTEN.java:26)
	at java_programs.FLATTEN.flatten(FLATTEN.java:26)
	at java_programs.FLATTEN.flatten(FLATTEN.java:26)
	at java_programs.FLATTEN.flatten(FLATTEN.java:26)
	at java_programs.FLATTEN.flatten(FLATTEN.java:26)
	at java_programs.FLATTEN.flatten(FLATTEN.java:26)
	at java_programs.FLATTEN.flatten(FLATTEN.java:26)
	at java_programs.FLATTEN.flatten(FLATTEN.java:26)
	at java_programs.FLATTEN.flatten(FLATTEN.java:26)
	at java_programs.FLATTEN.flatten(FLATTEN.java:26)
	at java_programs.FLATTEN.flatten(FLATTEN.java:26)
	at java_programs.FLATTEN.flatten(FLATTEN.java:26)
	at java_programs.FLATTEN.flatten(FLATTEN.java:26)
	at java_programs.FLATTEN.flatten(FLATTEN.java:26)
	at java_programs.FLATTEN.flatten(FLATTEN.java:26)
	at java_programs.FLATTEN.flatten(FLATTEN.java:26)
	at java_programs.FLATTEN.flatten(FLATTEN.java:26)
	at java_programs.FLATTEN.flatten(FLATTEN.java:26)
	at java_programs.FLATTEN.flatten(FLATTEN.java:26)
	at java_programs.FLATTEN.flatten(FLATTEN.java:26)
	at java_programs.FLATTEN.flatten(FLATTEN.java:26)
	at java_programs.FLATTEN.flatten(FLATTEN.java:26)
	at java_programs.FLATTEN.flatten(FLATTEN.java:26)
	at java_programs.FLATTEN.flatten(FLATTEN.java:26)
	at java_programs.FLATTEN.flatten(FLATTEN.java:26)
	at java_programs.FLATTEN.flatten(FLATTEN.java:26)
	at java_programs.FLATTEN.flatten(FLATTEN.java:26)
	at java_programs.FLATTEN.flatten(FLATTEN.java:26)
	at java_programs.FLATTEN.flatten(FLATTEN.java:26)
	at java_programs.FLATTEN.flatten(FLATTEN.java:26)
	at java_programs.FLATTEN.flatten(FLATTEN.java:26)
	at java_programs.FLATTEN.flatten(FLATTEN.java:26)
	at java_programs.FLATTEN.flatten(FLATTEN.java:26)
	at java_programs.FLATTEN.flatten(FLATTEN.java:26)
	at java_programs.FLATTEN.flatten(FLATTEN.java:26)
	at java_programs.FLATTEN.flatten(FLATTEN.java:26)
	at java_programs.FLATTEN.flatten(FLATTEN.java:26)
	at java_programs.FLATTEN.flatten(FLATTEN.java:26)
	at java_programs.FLATTEN.flatten(FLATTEN.java:26)
	at java_programs.FLATTEN.flatten(FLATTEN.java:26)
	at java_programs.FLATTEN.flatten(FLATTEN.java:26)
	at java_programs.FLATTEN.flatten(FLATTEN.java:26)
	at java_programs.FLATTEN.flatten(FLATTEN.java:26)
	at java_programs.FLATTEN.flatten(FLATTEN.java:26)
	at java_programs.FLATTEN.flatten(FLATTEN.java:26)
	at java_programs.FLATTEN.flatten(FLATTEN.java:26)
	at java_programs.FLATTEN.flatten(FLATTEN.java:26)
	at java_programs.FLATTEN.flatten(FLATTEN.java:26)
	at java_programs.FLATTEN.flatten(FLATTEN.java:26)
	at java_programs.FLATTEN.flatten(FLATTEN.java:26)
	at java_programs.FLATTEN.flatten(FLATTEN.java:26)
	at java_programs.FLATTEN.flatten(FLATTEN.java:26)
	at java_programs.FLATTEN.flatten(FLATTEN.java:26)
	at java_programs.FLATTEN.flatten(FLATTEN.java:26)
	at java_programs.FLATTEN.flatten(FLATTEN.java:26)
	at java_programs.FLATTEN.flatten(FLATTEN.java:26)
	at java_programs.FLATTEN.flatten(FLATTEN.java:26)
	at java_programs.FLATTEN.flatten(FLATTEN.java:26)
	at java_programs.FLATTEN.flatten(FLATTEN.java:26)
	at java_programs.FLATTEN.flatten(FLATTEN.java:26)
	at java_programs.FLATTEN.flatten(FLATTEN.java:26)
	at java_programs.FLATTEN.flatten(FLATTEN.java:26)
	at java_programs.FLATTEN.flatten(FLATTEN.java:26)
	at java_programs.FLATTEN.flatten(FLATTEN.java:26)
	at java_programs.FLATTEN.flatten(FLATTEN.java:26)
	at java_programs.FLATTEN.flatten(FLATTEN.java:26)
	at java_programs.FLATTEN.flatten(FLATTEN.java:26)
	at java_programs.FLATTEN.flatten(FLATTEN.java:26)
	at java_programs.FLATTEN.flatten(FLATTEN.java:26)
	at java_programs.FLATTEN.flatten(FLATTEN.java:26)
	at java_programs.FLATTEN.flatten(FLATTEN.java:26)
	at java_programs.FLATTEN.flatten(FLATTEN.java:26)
	at java_programs.FLATTEN.flatten(FLATTEN.java:26)
	at java_programs.FLATTEN.flatten(FLATTEN.java:26)
	at java_programs.FLATTEN.flatten(FLATTEN.java:26)
	at java_programs.FLATTEN.flatten(FLATTEN.java:26)
	at java_programs.FLATTEN.flatten(FLATTEN.java:26)
	at java_programs.FLATTEN.flatten(FLATTEN.java:26)
	at java_programs.FLATTEN.flatten(FLATTEN.java:26)
	at java_programs.FLATTEN.flatten(FLATTEN.java:26)
	at java_programs.FLATTEN.flatten(FLATTEN.java:26)
	at java_programs.FLATTEN.flatten(FLATTEN.java:26)
	at java_programs.FLATTEN.flatten(FLATTEN.java:26)
	at java_programs.FLATTEN.flatten(FLATTEN.java:26)
	at java_programs.FLATTEN.flatten(FLATTEN.java:26)
	at java_programs.FLATTEN.flatten(FLATTEN.java:26)
	at java_programs.FLATTEN.flatten(FLATTEN.java:26)
	at java_programs.FLATTEN.flatten(FLATTEN.java:26)
	at java_programs.FLATTEN.flatten(FLATTEN.java:26)
	at java_programs.FLATTEN.flatten(FLATTEN.java:26)
	at java_programs.FLATTEN.flatten(FLATTEN.java:26)
	at java_programs.FLATTEN.flatten(FLATTEN.java:26)
	at java_programs.FLATTEN.flatten(FLATTEN.java:26)
	at java_programs.FLATTEN.flatten(FLATTEN.java:26)
	at java_programs.FLATTEN.flatten(FLATTEN.java:26)
	at java_programs.FLATTEN.flatten(FLATTEN.java:26)
	at java_programs.FLATTEN.flatten(FLATTEN.java:26)
	at java_programs.FLATTEN.flatten(FLATTEN.java:26)
	at java_programs.FLATTEN.flatten(FLATTEN.java:26)
	at java_programs.FLATTEN.flatten(FLATTEN.java:26)
	at java_programs.FLATTEN.flatten(FLATTEN.java:26)
	at java_programs.FLATTEN.flatten(FLATTEN.java:26)
	at java_programs.FLATTEN.flatten(FLATTEN.java:26)
	at java_programs.FLATTEN.flatten(FLATTEN.java:26)
	at java_programs.FLATTEN.flatten(FLATTEN.java:26)
	at java_programs.FLATTEN.flatten(FLATTEN.java:26)
	at java_programs.FLATTEN.flatten(FLATTEN.java:26)
	at java_programs.FLATTEN.flatten(FLATTEN.java:26)
	at java_programs.FLATTEN.flatten(FLATTEN.java:26)
	at java_programs.FLATTEN.flatten(FLATTEN.java:26)
	at java_programs.FLATTEN.flatten(FLATTEN.java:26)
	at java_programs.FLATTEN.flatten(FLATTEN.java:26)
	at java_programs.FLATTEN.flatten(FLATTEN.java:26)
	at java_programs.FLATTEN.flatten(FLATTEN.java:26)
	at java_programs.FLATTEN.flatten(FLATTEN.java:26)
	at java_programs.FLATTEN.flatten(FLATTEN.java:26)
	at java_programs.FLATTEN.flatten(FLATTEN.java:26)
	at java_programs.FLATTEN.flatten(FLATTEN.java:26)
	at java_programs.FLATTEN.flatten(FLATTEN.java:26)
	at java_programs.FLATTEN.flatten(FLATTEN.java:26)
	at java_programs.FLATTEN.flatten(FLATTEN.java:26)
	at java_programs.FLATTEN.flatten(FLATTEN.java:26)
	at java_programs.FLATTEN.flatten(FLATTEN.java:26)
	at java_programs.FLATTEN.flatten(FLATTEN.java:26)
	at java_programs.FLATTEN.flatten(FLATTEN.java:26)
	at java_programs.FLATTEN.flatten(FLATTEN.java:26)
	at java_programs.FLATTEN.flatten(FLATTEN.java:26)
	at java_programs.FLATTEN.flatten(FLATTEN.java:26)
	at java_programs.FLATTEN.flatten(FLATTEN.java:26)
	at java_programs.FLATTEN.flatten(FLATTEN.java:26)
	at java_programs.FLATTEN.flatten(FLATTEN.java:26)
	at java_programs.FLATTEN.flatten(FLATTEN.java:26)
	at java_programs.FLATTEN.flatten(FLATTEN.java:26)
	at java_programs.FLATTEN.flatten(FLATTEN.java:26)
	at java_programs.FLATTEN.flatten(FLATTEN.java:26)
	at java_programs.FLATTEN.flatten(FLATTEN.java:26)
	at java_programs.FLATTEN.flatten(FLATTEN.java:26)
	at java_programs.FLATTEN.flatten(FLATTEN.java:26)
	at java_programs.FLATTEN.flatten(FLATTEN.java:26)
	at java_programs.FLATTEN.flatten(FLATTEN.java:26)
	at java_programs.FLATTEN.flatten(FLATTEN.java:26)
	at java_programs.FLATTEN.flatten(FLATTEN.java:26)
	at java_programs.FLATTEN.flatten(FLATTEN.java:26)
	at java_programs.FLATTEN.flatten(FLATTEN.java:26)
	at java_programs.FLATTEN.flatten(FLATTEN.java:26)
	at java_programs.FLATTEN.flatten(FLATTEN.java:26)
	at java_programs.FLATTEN.flatten(FLATTEN.java:26)
	at java_programs.FLATTEN.flatten(FLATTEN.java:26)
	at java_programs.FLATTEN.flatten(FLATTEN.java:26)
	at java_programs.FLATTEN.flatten(FLATTEN.java:26)
	at java_programs.FLATTEN.flatten(FLATTEN.java:26)
	at java_programs.FLATTEN.flatten(FLATTEN.java:26)
	at java_programs.FLATTEN.flatten(FLATTEN.java:26)
	at java_programs.FLATTEN.flatten(FLATTEN.java:26)
	at java_programs.FLATTEN.flatten(FLATTEN.java:26)
	at java_programs.FLATTEN.flatten(FLATTEN.java:26)
	at java_programs.FLATTEN.flatten(FLATTEN.java:26)
	at java_programs.FLATTEN.flatten(FLATTEN.java:26)
	at java_programs.FLATTEN.flatten(FLATTEN.java:26)
	at java_programs.FLATTEN.flatten(FLATTEN.java:26)
	at java_programs.FLATTEN.flatten(FLATTEN.java:26)
	at java_programs.FLATTEN.flatten(FLATTEN.java:26)
	at java_programs.FLATTEN.flatten(FLATTEN.java:26)
	at java_programs.FLATTEN.flatten(FLATTEN.java:26)
	at java_programs.FLATTEN.flatten(FLATTEN.java:26)
	at java_programs.FLATTEN.flatten(FLATTEN.java:26)
	at java_programs.FLATTEN.flatten(FLATTEN.java:26)
	at java_programs.FLATTEN.flatten(FLATTEN.java:26)
	at java_programs.FLATTEN.flatten(FLATTEN.java:26)
	at java_programs.FLATTEN.flatten(FLATTEN.java:26)
	at java_programs.FLATTEN.flatten(FLATTEN.java:26)
	at java_programs.FLATTEN.flatten(FLATTEN.java:26)
	at java_programs.FLATTEN.flatten(FLATTEN.java:26)
	at java_programs.FLATTEN.flatten(FLATTEN.java:26)
	at java_programs.FLATTEN.flatten(FLATTEN.java:26)
	at java_programs.FLATTEN.flatten(FLATTEN.java:26)
	at java_programs.FLATTEN.flatten(FLATTEN.java:26)
	at java_programs.FLATTEN.flatten(FLATTEN.java:26)
	at java_programs.FLATTEN.flatten(FLATTEN.java:26)
	at java_programs.FLATTEN.flatten(FLATTEN.java:26)
	at java_programs.FLATTEN.flatten(FLATTEN.java:26)
	at java_programs.FLATTEN.flatten(FLATTEN.java:26)
	at java_programs.FLATTEN.flatten(FLATTEN.java:26)
	at java_programs.FLATTEN.flatten(FLATTEN.java:26)
	at java_programs.FLATTEN.flatten(FLATTEN.java:26)
	at java_programs.FLATTEN.flatten(FLATTEN.java:26)
	at java_programs.FLATTEN.flatten(FLATTEN.java:26)
	at java_programs.FLATTEN.flatten(FLATTEN.java:26)
	at java_programs.FLATTEN.flatten(FLATTEN.java:26)
	at java_programs.FLATTEN.flatten(FLATTEN.java:26)
	at java_programs.FLATTEN.flatten(FLATTEN.java:26)
	at java_programs.FLATTEN.flatten(FLATTEN.java:26)
	at java_programs.FLATTEN.flatten(FLATTEN.java:26)
	at java_programs.FLATTEN.flatten(FLATTEN.java:26)
	at java_programs.FLATTEN.flatten(FLATTEN.java:26)
	at java_programs.FLATTEN.flatten(FLATTEN.java:26)
	at java_programs.FLATTEN.flatten(FLATTEN.java:26)
	at java_programs.FLATTEN.flatten(FLATTEN.java:26)
	at java_programs.FLATTEN.flatten(FLATTEN.java:26)
	at java_programs.FLATTEN.flatten(FLATTEN.java:26)
	at java_programs.FLATTEN.flatten(FLATTEN.java:26)
	at java_programs.FLATTEN.flatten(FLATTEN.java:26)
	at java_programs.FLATTEN.flatten(FLATTEN.java:26)
	at java_programs.FLATTEN.flatten(FLATTEN.java:26)
	at java_programs.FLATTEN.flatten(FLATTEN.java:26)
	at java_programs.FLATTEN.flatten(FLATTEN.java:26)
	at java_programs.FLATTEN.flatten(FLATTEN.java:26)
	at java_programs.FLATTEN.flatten(FLATTEN.java:26)
	at java_programs.FLATTEN.flatten(FLATTEN.java:26)
	at java_programs.FLATTEN.flatten(FLATTEN.java:26)
	at java_programs.FLATTEN.flatten(FLATTEN.java:26)
	at java_programs.FLATTEN.flatten(FLATTEN.java:26)
	at java_programs.FLATTEN.flatten(FLATTEN.java:26)
	at java_programs.FLATTEN.flatten(FLATTEN.java:26)
	at java_programs.FLATTEN.flatten(FLATTEN.java:26)
	at java_programs.FLATTEN.flatten(FLATTEN.java:26)
	at java_programs.FLATTEN.flatten(FLATTEN.java:26)
	at java_programs.FLATTEN.flatten(FLATTEN.java:26)
	at java_programs.FLATTEN.flatten(FLATTEN.java:26)
	at java_programs.FLATTEN.flatten(FLATTEN.java:26)
	at java_programs.FLATTEN.flatten(FLATTEN.java:26)
	at java_programs.FLATTEN.flatten(FLATTEN.java:26)
	at java_programs.FLATTEN.flatten(FLATTEN.java:26)
	at java_programs.FLATTEN.flatten(FLATTEN.java:26)
	at java_programs.FLATTEN.flatten(FLATTEN.java:26)
	at java_programs.FLATTEN.flatten(FLATTEN.java:26)
	at java_programs.FLATTEN.flatten(FLATTEN.java:26)
	at java_programs.FLATTEN.flatten(FLATTEN.java:26)
	at java_programs.FLATTEN.flatten(FLATTEN.java:26)
	at java_programs.FLATTEN.flatten(FLATTEN.java:26)
	at java_programs.FLATTEN.flatten(FLATTEN.java:26)
	at java_programs.FLATTEN.flatten(FLATTEN.java:26)
	at java_programs.FLATTEN.flatten(FLATTEN.java:26)
	at java_programs.FLATTEN.flatten(FLATTEN.java:26)
	at java_programs.FLATTEN.flatten(FLATTEN.java:26)
	at java_programs.FLATTEN.flatten(FLATTEN.java:26)
	at java_programs.FLATTEN.flatten(FLATTEN.java:26)
	at java_programs.FLATTEN.flatten(FLATTEN.java:26)
	at java_programs.FLATTEN.flatten(FLATTEN.java:26)
	at java_programs.FLATTEN.flatten(FLATTEN.java:26)
	at java_programs.FLATTEN.flatten(FLATTEN.java:26)
	at java_programs.FLATTEN.flatten(FLATTEN.java:26)
	at java_programs.FLATTEN.flatten(FLATTEN.java:26)
	at java_programs.FLATTEN.flatten(FLATTEN.java:26)
	at java_programs.FLATTEN.flatten(FLATTEN.java:26)
	at java_programs.FLATTEN.flatten(FLATTEN.java:26)
	at java_programs.FLATTEN.flatten(FLATTEN.java:26)
	at java_programs.FLATTEN.flatten(FLATTEN.java:26)
	at java_programs.FLATTEN.flatten(FLATTEN.java:26)
	at java_programs.FLATTEN.flatten(FLATTEN.java:26)
	at java_programs.FLATTEN.flatten(FLATTEN.java:26)
	at java_programs.FLATTEN.flatten(FLATTEN.java:26)
	at java_programs.FLATTEN.flatten(FLATTEN.java:26)
	at java_programs.FLATTEN.flatten(FLATTEN.java:26)
	at java_programs.FLATTEN.flatten(FLATTEN.java:26)
	at java_programs.FLATTEN.flatten(FLATTEN.java:26)
	at java_programs.FLATTEN.flatten(FLATTEN.java:26)
	at java_programs.FLATTEN.flatten(FLATTEN.java:26)
	at java_programs.FLATTEN.flatten(FLATTEN.java:26)
	at java_programs.FLATTEN.flatten(FLATTEN.java:26)
	at java_programs.FLATTEN.flatten(FLATTEN.java:26)
	at java_programs.FLATTEN.flatten(FLATTEN.java:26)
	at java_programs.FLATTEN.flatten(FLATTEN.java:26)
	at java_programs.FLATTEN.flatten(FLATTEN.java:26)
	at java_programs.FLATTEN.flatten(FLATTEN.java:26)
	at java_programs.FLATTEN.flatten(FLATTEN.java:26)
	at java_programs.FLATTEN.flatten(FLATTEN.java:26)
	at java_programs.FLATTEN.flatten(FLATTEN.java:26)
	at java_programs.FLATTEN.flatten(FLATTEN.java:26)
	at java_programs.FLATTEN.flatten(FLATTEN.java:26)
	at java_programs.FLATTEN.flatten(FLATTEN.java:26)
	at java_programs.FLATTEN.flatten(FLATTEN.java:26)
	at java_programs.FLATTEN.flatten(FLATTEN.java:26)
	at java_programs.FLATTEN.flatten(FLATTEN.java:26)
	at java_programs.FLATTEN.flatten(FLATTEN.java:26)
	at java_programs.FLATTEN.flatten(FLATTEN.java:26)
	at java_programs.FLATTEN.flatten(FLATTEN.java:26)
	at java_programs.FLATTEN.flatten(FLATTEN.java:26)
	at java_programs.FLATTEN.flatten(FLATTEN.java:26)
	at java_programs.FLATTEN.flatten(FLATTEN.java:26)
	at java_programs.FLATTEN.flatten(FLATTEN.java:26)
	at java_programs.FLATTEN.flatten(FLATTEN.java:26)
	at java_programs.FLATTEN.flatten(FLATTEN.java:26)
	at java_programs.FLATTEN.flatten(FLATTEN.java:26)
	at java_programs.FLATTEN.flatten(FLATTEN.java:26)
	at java_programs.FLATTEN.flatten(FLATTEN.java:26)
	at java_programs.FLATTEN.flatten(FLATTEN.java:26)
	at java_programs.FLATTEN.flatten(FLATTEN.java:26)
	at java_programs.FLATTEN.flatten(FLATTEN.java:26)
	at java_programs.FLATTEN.flatten(FLATTEN.java:26)
	at java_programs.FLATTEN.flatten(FLATTEN.java:26)
	at java_programs.FLATTEN.flatten(FLATTEN.java:26)
	at java_programs.FLATTEN.flatten(FLATTEN.java:26)
	at java_programs.FLATTEN.flatten(FLATTEN.java:26)
	at java_programs.FLATTEN.flatten(FLATTEN.java:26)
	at java_programs.FLATTEN.flatten(FLATTEN.java:26)
	at java_programs.FLATTEN.flatten(FLATTEN.java:26)
	at java_programs.FLATTEN.flatten(FLATTEN.java:26)
	at java_programs.FLATTEN.flatten(FLATTEN.java:26)
	at java_programs.FLATTEN.flatten(FLATTEN.java:26)
	at java_programs.FLATTEN.flatten(FLATTEN.java:26)
	at java_programs.FLATTEN.flatten(FLATTEN.java:26)
	at java_programs.FLATTEN.flatten(FLATTEN.java:26)
	at java_programs.FLATTEN.flatten(FLATTEN.java:26)
	at java_programs.FLATTEN.flatten(FLATTEN.java:26)
	at java_programs.FLATTEN.flatten(FLATTEN.java:26)
	at java_programs.FLATTEN.flatten(FLATTEN.java:26)
	at java_programs.FLATTEN.flatten(FLATTEN.java:26)
	at java_programs.FLATTEN.flatten(FLATTEN.java:26)
	at java_programs.FLATTEN.flatten(FLATTEN.java:26)
	at java_programs.FLATTEN.flatten(FLATTEN.java:26)
	at java_programs.FLATTEN.flatten(FLATTEN.java:26)
	at java_programs.FLATTEN.flatten(FLATTEN.java:26)
	at java_programs.FLATTEN.flatten(FLATTEN.java:26)
	at java_programs.FLATTEN.flatten(FLATTEN.java:26)
	at java_programs.FLATTEN.flatten(FLATTEN.java:26)
	at java_programs.FLATTEN.flatten(FLATTEN.java:26)
	at java_programs.FLATTEN.flatten(FLATTEN.java:26)
	at java_programs.FLATTEN.flatten(FLATTEN.java:26)
	at java_programs.FLATTEN.flatten(FLATTEN.java:26)
	at java_programs.FLATTEN.flatten(FLATTEN.java:26)
	at java_programs.FLATTEN.flatten(FLATTEN.java:26)
	at java_programs.FLATTEN.flatten(FLATTEN.java:26)
	at java_programs.FLATTEN.flatten(FLATTEN.java:26)
	at java_programs.FLATTEN.flatten(FLATTEN.java:26)
	at java_programs.FLATTEN.flatten(FLATTEN.java:26)
	at java_programs.FLATTEN.flatten(FLATTEN.java:26)
	at java_programs.FLATTEN.flatten(FLATTEN.java:26)
	at java_programs.FLATTEN.flatten(FLATTEN.java:26)
	at java_programs.FLATTEN.flatten(FLATTEN.java:26)
	at java_programs.FLATTEN.flatten(FLATTEN.java:26)
	at java_programs.FLATTEN.flatten(FLATTEN.java:26)
	at java_programs.FLATTEN.flatten(FLATTEN.java:26)
	at java_programs.FLATTEN.flatten(FLATTEN.java:26)
	at java_programs.FLATTEN.flatten(FLATTEN.java:26)
	at java_programs.FLATTEN.flatten(FLATTEN.java:26)
	at java_programs.FLATTEN.flatten(FLATTEN.java:26)
	at java_programs.FLATTEN.flatten(FLATTEN.java:26)
	at java_programs.FLATTEN.flatten(FLATTEN.java:26)
	at java_programs.FLATTEN.flatten(FLATTEN.java:26)
	at java_programs.FLATTEN.flatten(FLATTEN.java:26)
	at java_programs.FLATTEN.flatten(FLATTEN.java:26)
	at java_programs.FLATTEN.flatten(FLATTEN.java:26)
	at java_programs.FLATTEN.flatten(FLATTEN.java:26)
	at java_programs.FLATTEN.flatten(FLATTEN.java:26)
	at java_programs.FLATTEN.flatten(FLATTEN.java:26)
	at java_programs.FLATTEN.flatten(FLATTEN.java:26)
	at java_programs.FLATTEN.flatten(FLATTEN.java:26)
	at java_programs.FLATTEN.flatten(FLATTEN.java:26)
	at java_programs.FLATTEN.flatten(FLATTEN.java:26)
	at java_programs.FLATTEN.flatten(FLATTEN.java:26)
	at java_programs.FLATTEN.flatten(FLATTEN.java:26)
	at java_programs.FLATTEN.flatten(FLATTEN.java:26)
	at java_programs.FLATTEN.flatten(FLATTEN.java:26)
	at java_programs.FLATTEN.flatten(FLATTEN.java:26)
	at java_programs.FLATTEN.flatten(FLATTEN.java:26)
	at java_programs.FLATTEN.flatten(FLATTEN.java:26)
	at java_programs.FLATTEN.flatten(FLATTEN.java:26)
	at java_programs.FLATTEN.flatten(FLATTEN.java:26)
	at java_programs.FLATTEN.flatten(FLATTEN.java:26)
	at java_programs.FLATTEN.flatten(FLATTEN.java:26)
	at java_programs.FLATTEN.flatten(FLATTEN.java:26)
	at java_programs.FLATTEN.flatten(FLATTEN.java:26)
	at java_programs.FLATTEN.flatten(FLATTEN.java:26)
	at java_programs.FLATTEN.flatten(FLATTEN.java:26)
	at java_programs.FLATTEN.flatten(FLATTEN.java:26)
	at java_programs.FLATTEN.flatten(FLATTEN.java:26)
	at java_programs.FLATTEN.flatten(FLATTEN.java:26)
	at java_programs.FLATTEN.flatten(FLATTEN.java:26)
	at java_programs.FLATTEN.flatten(FLATTEN.java:26)
	at java_programs.FLATTEN.flatten(FLATTEN.java:26)
	at java_programs.FLATTEN.flatten(FLATTEN.java:26)
	at java_programs.FLATTEN.flatten(FLATTEN.java:26)
	at java_programs.FLATTEN.flatten(FLATTEN.java:26)
	at java_programs.FLATTEN.flatten(FLATTEN.java:26)
	at java_programs.FLATTEN.flatten(FLATTEN.java:26)
	at java_programs.FLATTEN.flatten(FLATTEN.java:26)
	at java_programs.FLATTEN.flatten(FLATTEN.java:26)
	at java_programs.FLATTEN.flatten(FLATTEN.java:26)
	at java_programs.FLATTEN.flatten(FLATTEN.java:26)
	at java_programs.FLATTEN.flatten(FLATTEN.java:26)
	at java_programs.FLATTEN.flatten(FLATTEN.java:26)
	at java_programs.FLATTEN.flatten(FLATTEN.java:26)
	at java_programs.FLATTEN.flatten(FLATTEN.java:26)
	at java_programs.FLATTEN.flatten(FLATTEN.java:26)
	at java_programs.FLATTEN.flatten(FLATTEN.java:26)
	at java_programs.FLATTEN.flatten(FLATTEN.java:26)
	at java_programs.FLATTEN.flatten(FLATTEN.java:26)
	at java_programs.FLATTEN.flatten(FLATTEN.java:26)
	at java_programs.FLATTEN.flatten(FLATTEN.java:26)
	at java_programs.FLATTEN.flatten(FLATTEN.java:26)
	at java_programs.FLATTEN.flatten(FLATTEN.java:26)
	at java_programs.FLATTEN.flatten(FLATTEN.java:26)
	at java_programs.FLATTEN.flatten(FLATTEN.java:26)
	at java_programs.FLATTEN.flatten(FLATTEN.java:26)
	at java_programs.FLATTEN.flatten(FLATTEN.java:26)
	at java_programs.FLATTEN.flatten(FLATTEN.java:26)
	at java_programs.FLATTEN.flatten(FLATTEN.java:26)
	at java_programs.FLATTEN.flatten(FLATTEN.java:26)
	at java_programs.FLATTEN.flatten(FLATTEN.java:26)
	at java_programs.FLATTEN.flatten(FLATTEN.java:26)
	at java_programs.FLATTEN.flatten(FLATTEN.java:26)
	at java_programs.FLATTEN.flatten(FLATTEN.java:26)
	at java_programs.FLATTEN.flatten(FLATTEN.java:26)
	at java_programs.FLATTEN.flatten(FLATTEN.java:26)
	at java_programs.FLATTEN.flatten(FLATTEN.java:26)
	at java_programs.FLATTEN.flatten(FLATTEN.java:26)
	at java_programs.FLATTEN.flatten(FLATTEN.java:26)
	at java_programs.FLATTEN.flatten(FLATTEN.java:26)
	at java_programs.FLATTEN.flatten(FLATTEN.java:26)
	at java_programs.FLATTEN.flatten(FLATTEN.java:26)
	at java_programs.FLATTEN.flatten(FLATTEN.java:26)
	at java_programs.FLATTEN.flatten(FLATTEN.java:26)
	at java_programs.FLATTEN.flatten(FLATTEN.java:26)
	at java_programs.FLATTEN.flatten(FLATTEN.java:26)
	at java_programs.FLATTEN.flatten(FLATTEN.java:26)
	at java_programs.FLATTEN.flatten(FLATTEN.java:26)
	at java_programs.FLATTEN.flatten(FLATTEN.java:26)
	at java_programs.FLATTEN.flatten(FLATTEN.java:26)
	at java_programs.FLATTEN.flatten(FLATTEN.java:26)
	at java_programs.FLATTEN.flatten(FLATTEN.java:26)
	at java_programs.FLATTEN.flatten(FLATTEN.java:26)
	at java_programs.FLATTEN.flatten(FLATTEN.java:26)
	at java_programs.FLATTEN.flatten(FLATTEN.java:26)
	at java_programs.FLATTEN.flatten(FLATTEN.java:26)
	at java_programs.FLATTEN.flatten(FLATTEN.java:26)
	at java_programs.FLATTEN.flatten(FLATTEN.java:26)
	at java_programs.FLATTEN.flatten(FLATTEN.java:26)
	at java_programs.FLATTEN.flatten(FLATTEN.java:26)
	at java_programs.FLATTEN.flatten(FLATTEN.java:26)
	at java_programs.FLATTEN.flatten(FLATTEN.java:26)
	at java_programs.FLATTEN.flatten(FLATTEN.java:26)
	at java_programs.FLATTEN.flatten(FLATTEN.java:26)
	at java_programs.FLATTEN.flatten(FLATTEN.java:26)
	at java_programs.FLATTEN.flatten(FLATTEN.java:26)
	at java_programs.FLATTEN.flatten(FLATTEN.java:26)
	at java_programs.FLATTEN.flatten(FLATTEN.java:26)
	at java_programs.FLATTEN.flatten(FLATTEN.java:26)
	at java_programs.FLATTEN.flatten(FLATTEN.java:26)
	at java_programs.FLATTEN.flatten(FLATTEN.java:26)
	at java_programs.FLATTEN.flatten(FLATTEN.java:26)
	at java_programs.FLATTEN.flatten(FLATTEN.java:26)
	at java_programs.FLATTEN.flatten(FLATTEN.java:26)
	at java_programs.FLATTEN.flatten(FLATTEN.java:26)
	at java_programs.FLATTEN.flatten(FLATTEN.java:26)
	at java_programs.FLATTEN.flatten(FLATTEN.java:26)
	at java_programs.FLATTEN.flatten(FLATTEN.java:26)
	at java_programs.FLATTEN.flatten(FLATTEN.java:26)
	at java_programs.FLATTEN.flatten(FLATTEN.java:26)
	at java_programs.FLATTEN.flatten(FLATTEN.java:26)
	at java_programs.FLATTEN.flatten(FLATTEN.java:26)
	at java_programs.FLATTEN.flatten(FLATTEN.java:26)
	at java_programs.FLATTEN.flatten(FLATTEN.java:26)
	at java_programs.FLATTEN.flatten(FLATTEN.java:26)
	at java_programs.FLATTEN.flatten(FLATTEN.java:26)
	at java_programs.FLATTEN.flatten(FLATTEN.java:26)
	at java_programs.FLATTEN.flatten(FLATTEN.java:26)
	at java_programs.FLATTEN.flatten(FLATTEN.java:26)
	at java_programs.FLATTEN.flatten(FLATTEN.java:26)
	at java_programs.FLATTEN.flatten(FLATTEN.java:26)
	at java_programs.FLATTEN.flatten(FLATTEN.java:26)
	at java_programs.FLATTEN.flatten(FLATTEN.java:26)
	at java_programs.FLATTEN.flatten(FLATTEN.java:26)
	at java_programs.FLATTEN.flatten(FLATTEN.java:26)
	at java_programs.FLATTEN.flatten(FLATTEN.java:26)
	at java_programs.FLATTEN.flatten(FLATTEN.java:26)
	at java_programs.FLATTEN.flatten(FLATTEN.java:26)
	at java_programs.FLATTEN.flatten(FLATTEN.java:26)
	at java_programs.FLATTEN.flatten(FLATTEN.java:26)
	at java_programs.FLATTEN.flatten(FLATTEN.java:26)
	at java_programs.FLATTEN.flatten(FLATTEN.java:26)
	at java_programs.FLATTEN.flatten(FLATTEN.java:26)
	at java_programs.FLATTEN.flatten(FLATTEN.java:26)
	at java_programs.FLATTEN.flatten(FLATTEN.java:26)
	at java_programs.FLATTEN.flatten(FLATTEN.java:26)
	at java_programs.FLATTEN.flatten(FLATTEN.java:26)
	at java_programs.FLATTEN.flatten(FLATTEN.java:26)
	at java_programs.FLATTEN.flatten(FLATTEN.java:26)
	at java_programs.FLATTEN.flatten(FLATTEN.java:26)
	at java_programs.FLATTEN.flatten(FLATTEN.java:26)
	at java_programs.FLATTEN.flatten(FLATTEN.java:26)
	at java_programs.FLATTEN.flatten(FLATTEN.java:26)
	at java_programs.FLATTEN.flatten(FLATTEN.java:26)
	at java_programs.FLATTEN.flatten(FLATTEN.java:26)
	at java_programs.FLATTEN.flatten(FLATTEN.java:26)
	at java_programs.FLATTEN.flatten(FLATTEN.java:26)
	at java_programs.FLATTEN.flatten(FLATTEN.java:26)
	at java_programs.FLATTEN.flatten(FLATTEN.java:26)
	at java_programs.FLATTEN.flatten(FLATTEN.java:26)
	at java_programs.FLATTEN.flatten(FLATTEN.java:26)
	at java_programs.FLATTEN.flatten(FLATTEN.java:26)
	at java_programs.FLATTEN.flatten(FLATTEN.java:26)
	at java_programs.FLATTEN.flatten(FLATTEN.java:26)
	at java_programs.FLATTEN.flatten(FLATTEN.java:26)
	at java_programs.FLATTEN.flatten(FLATTEN.java:26)
	at java_programs.FLATTEN.flatten(FLATTEN.java:26)
	at java_programs.FLATTEN.flatten(FLATTEN.java:26)
	at java_programs.FLATTEN.flatten(FLATTEN.java:26)
	at java_programs.FLATTEN.flatten(FLATTEN.java:26)
	at java_programs.FLATTEN.flatten(FLATTEN.java:26)
	at java_programs.FLATTEN.flatten(FLATTEN.java:26)
	at java_programs.FLATTEN.flatten(FLATTEN.java:26)
	at java_programs.FLATTEN.flatten(FLATTEN.java:26)
	at java_programs.FLATTEN.flatten(FLATTEN.java:26)
	at java_programs.FLATTEN.flatten(FLATTEN.java:26)
	at java_programs.FLATTEN.flatten(FLATTEN.java:26)
	at java_programs.FLATTEN.flatten(FLATTEN.java:26)
	at java_programs.FLATTEN.flatten(FLATTEN.java:26)
	at java_programs.FLATTEN.flatten(FLATTEN.java:26)
	at java_programs.FLATTEN.flatten(FLATTEN.java:26)
	at java_programs.FLATTEN.flatten(FLATTEN.java:26)
	at java_programs.FLATTEN.flatten(FLATTEN.java:26)
	at java_programs.FLATTEN.flatten(FLATTEN.java:26)
	at java_programs.FLATTEN.flatten(FLATTEN.java:26)
	at java_programs.FLATTEN.flatten(FLATTEN.java:26)
	at java_programs.FLATTEN.flatten(FLATTEN.java:26)
	at java_programs.FLATTEN.flatten(FLATTEN.java:26)
	at java_programs.FLATTEN.flatten(FLATTEN.java:26)
	at java_programs.FLATTEN.flatten(FLATTEN.java:26)
	at java_programs.FLATTEN.flatten(FLATTEN.java:26)
	at java_programs.FLATTEN.flatten(FLATTEN.java:26)
	at java_programs.FLATTEN.flatten(FLATTEN.java:26)
	at java_programs.FLATTEN.flatten(FLATTEN.java:26)
	at java_programs.FLATTEN.flatten(FLATTEN.java:26)
	at java_programs.FLATTEN.flatten(FLATTEN.java:26)
	at java_programs.FLATTEN.flatten(FLATTEN.java:26)
	at java_programs.FLATTEN.flatten(FLATTEN.java:26)
	at java_programs.FLATTEN.flatten(FLATTEN.java:26)
	at java_programs.FLATTEN.flatten(FLATTEN.java:26)
	at java_programs.FLATTEN.flatten(FLATTEN.java:26)
	at java_programs.FLATTEN.flatten(FLATTEN.java:26)
	at java_programs.FLATTEN.flatten(FLATTEN.java:26)
	at java_programs.FLATTEN.flatten(FLATTEN.java:26)
	at java_programs.FLATTEN.flatten(FLATTEN.java:26)
	at java_programs.FLATTEN.flatten(FLATTEN.java:26)
	at java_programs.FLATTEN.flatten(FLATTEN.java:26)
	at java_programs.FLATTEN.flatten(FLATTEN.java:26)
	at java_programs.FLATTEN.flatten(FLATTEN.java:26)
	at java_programs.FLATTEN.flatten(FLATTEN.java:26)
	at java_programs.FLATTEN.flatten(FLATTEN.java:26)
	at java_programs.FLATTEN.flatten(FLATTEN.java:26)
	at java_programs.FLATTEN.flatten(FLATTEN.java:26)
	at java_programs.FLATTEN.flatten(FLATTEN.java:26)
	at java_programs.FLATTEN.flatten(FLATTEN.java:26)
	at java_programs.FLATTEN.flatten(FLATTEN.java:26)
	at java_programs.FLATTEN.flatten(FLATTEN.java:26)
	at java_programs.FLATTEN.flatten(FLATTEN.java:26)
	at java_programs.FLATTEN.flatten(FLATTEN.java:26)
	at java_programs.FLATTEN.flatten(FLATTEN.java:26)
	at java_programs.FLATTEN.flatten(FLATTEN.java:26)
	at java_programs.FLATTEN.flatten(FLATTEN.java:26)
	at java_programs.FLATTEN.flatten(FLATTEN.java:26)
	at java_programs.FLATTEN.flatten(FLATTEN.java:26)
	at java_programs.FLATTEN.flatten(FLATTEN.java:26)
	at java_programs.FLATTEN.flatten(FLATTEN.java:26)
	at java_programs.FLATTEN.flatten(FLATTEN.java:26)
	at java_programs.FLATTEN.flatten(FLATTEN.java:26)
	at java_programs.FLATTEN.flatten(FLATTEN.java:26)
	at java_programs.FLATTEN.flatten(FLATTEN.java:26)
	at java_programs.FLATTEN.flatten(FLATTEN.java:26)
	at java_programs.FLATTEN.flatten(FLATTEN.java:26)
	at java_programs.FLATTEN.flatten(FLATTEN.java:26)
	at java_programs.FLATTEN.flatten(FLATTEN.java:26)
	at java_programs.FLATTEN.flatten(FLATTEN.java:26)
	at java_programs.FLATTEN.flatten(FLATTEN.java:26)
	at java_programs.FLATTEN.flatten(FLATTEN.java:26)
	at java_programs.FLATTEN.flatten(FLATTEN.java:26)
	at java_programs.FLATTEN.flatten(FLATTEN.java:26)
	at java_programs.FLATTEN.flatten(FLATTEN.java:26)
	at java_programs.FLATTEN.flatten(FLATTEN.java:26)
	at java_programs.FLATTEN.flatten(FLATTEN.java:26)
	at java_programs.FLATTEN.flatten(FLATTEN.java:26)
	at java_programs.FLATTEN.flatten(FLATTEN.java:26)
	at java_programs.FLATTEN.flatten(FLATTEN.java:26)
	at java_programs.FLATTEN.flatten(FLATTEN.java:26)
	at java_programs.FLATTEN.flatten(FLATTEN.java:26)
	at java_programs.FLATTEN.flatten(FLATTEN.java:26)
	at java_programs.FLATTEN.flatten(FLATTEN.java:26)
	at java_programs.FLATTEN.flatten(FLATTEN.java:26)
	at java_programs.FLATTEN.flatten(FLATTEN.java:26)
	at java_programs.FLATTEN.flatten(FLATTEN.java:26)
	at java_programs.FLATTEN.flatten(FLATTEN.java:26)
	at java_programs.FLATTEN.flatten(FLATTEN.java:26)
	at java_programs.FLATTEN.flatten(FLATTEN.java:26)
	at java_programs.FLATTEN.flatten(FLATTEN.java:26)
	at java_programs.FLATTEN.flatten(FLATTEN.java:26)
	at java_programs.FLATTEN.flatten(FLATTEN.java:26)
	at java_programs.FLATTEN.flatten(FLATTEN.java:26)
	at java_programs.FLATTEN.flatten(FLATTEN.java:26)
	at java_programs.FLATTEN.flatten(FLATTEN.java:26)
	at java_programs.FLATTEN.flatten(FLATTEN.java:26)
	at java_programs.FLATTEN.flatten(FLATTEN.java:26)
	at java_programs.FLATTEN.flatten(FLATTEN.java:26)
	at java_programs.FLATTEN.flatten(FLATTEN.java:26)
	at java_programs.FLATTEN.flatten(FLATTEN.java:26)
	at java_programs.FLATTEN.flatten(FLATTEN.java:26)
	at java_programs.FLATTEN.flatten(FLATTEN.java:26)
	at java_programs.FLATTEN.flatten(FLATTEN.java:26)
	at java_programs.FLATTEN.flatten(FLATTEN.java:26)
	at java_programs.FLATTEN.flatten(FLATTEN.java:26)
	at java_programs.FLATTEN.flatten(FLATTEN.java:26)
	at java_programs.FLATTEN.flatten(FLATTEN.java:26)
	at java_programs.FLATTEN.flatten(FLATTEN.java:26)
	at java_programs.FLATTEN.flatten(FLATTEN.java:26)
	at java_programs.FLATTEN.flatten(FLATTEN.java:26)
	at java_programs.FLATTEN.flatten(FLATTEN.java:26)
	at java_programs.FLATTEN.flatten(FLATTEN.java:26)
	at java_programs.FLATTEN.flatten(FLATTEN.java:26)
	at java_programs.FLATTEN.flatten(FLATTEN.java:26)
	at java_programs.FLATTEN.flatten(FLATTEN.java:26)
	at java_programs.FLATTEN.flatten(FLATTEN.java:26)
	at java_programs.FLATTEN.flatten(FLATTEN.java:26)
	at java_programs.FLATTEN.flatten(FLATTEN.java:26)
	at java_programs.FLATTEN.flatten(FLATTEN.java:26)
	at java_programs.FLATTEN.flatten(FLATTEN.java:26)
	at java_programs.FLATTEN.flatten(FLATTEN.java:26)
	at java_programs.FLATTEN.flatten(FLATTEN.java:26)
	at java_programs.FLATTEN.flatten(FLATTEN.java:26)
	at java_programs.FLATTEN.flatten(FLATTEN.java:26)
	at java_programs.FLATTEN.flatten(FLATTEN.java:26)
	at java_programs.FLATTEN.flatten(FLATTEN.java:26)
	at java_programs.FLATTEN.flatten(FLATTEN.java:26)
	at java_programs.FLATTEN.flatten(FLATTEN.java:26)
	at java_programs.FLATTEN.flatten(FLATTEN.java:26)
	at java_programs.FLATTEN.flatten(FLATTEN.java:26)
	at java_programs.FLATTEN.flatten(FLATTEN.java:26)
	at java_programs.FLATTEN.flatten(FLATTEN.java:26)
	at java_programs.FLATTEN.flatten(FLATTEN.java:26)
	at java_programs.FLATTEN.flatten(FLATTEN.java:26)
	at java_programs.FLATTEN.flatten(FLATTEN.java:26)
	at java_programs.FLATTEN.flatten(FLATTEN.java:26)
	at java_programs.FLATTEN.flatten(FLATTEN.java:26)
	at java_programs.FLATTEN.flatten(FLATTEN.java:26)
	at java_programs.FLATTEN.flatten(FLATTEN.java:26)
	at java_programs.FLATTEN.flatten(FLATTEN.java:26)
	at java_programs.FLATTEN.flatten(FLATTEN.java:26)
	at java_programs.FLATTEN.flatten(FLATTEN.java:26)
	at java_programs.FLATTEN.flatten(FLATTEN.java:26)
	at java_programs.FLATTEN.flatten(FLATTEN.java:26)
	at java_programs.FLATTEN.flatten(FLATTEN.java:26)
	at java_programs.FLATTEN.flatten(FLATTEN.java:26)
	at java_programs.FLATTEN.flatten(FLATTEN.java:26)
	at java_programs.FLATTEN.flatten(FLATTEN.java:26)
	at java_programs.FLATTEN.flatten(FLATTEN.java:26)
	at java_programs.FLATTEN.flatten(FLATTEN.java:26)
	at java_programs.FLATTEN.flatten(FLATTEN.java:26)
	at java_programs.FLATTEN.flatten(FLATTEN.java:26)
	at java_programs.FLATTEN.flatten(FLATTEN.java:26)
	at java_programs.FLATTEN.flatten(FLATTEN.java:26)
	at java_programs.FLATTEN.flatten(FLATTEN.java:26)
	at java_programs.FLATTEN.flatten(FLATTEN.java:26)
	at java_programs.FLATTEN.flatten(FLATTEN.java:26)
	at java_programs.FLATTEN.flatten(FLATTEN.java:26)
	at java_programs.FLATTEN.flatten(FLATTEN.java:26)
	at java_programs.FLATTEN.flatten(FLATTEN.java:26)
	at java_programs.FLATTEN.flatten(FLATTEN.java:26)
	at java_programs.FLATTEN.flatten(FLATTEN.java:26)
	at java_programs.FLATTEN.flatten(FLATTEN.java:26)
	at java_programs.FLATTEN.flatten(FLATTEN.java:26)
	at java_programs.FLATTEN.flatten(FLATTEN.java:26)
	at java_programs.FLATTEN.flatten(FLATTEN.java:26)
	at java_programs.FLATTEN.flatten(FLATTEN.java:26)
	at java_programs.FLATTEN.flatten(FLATTEN.java:26)
	at java_programs.FLATTEN.flatten(FLATTEN.java:26)
	at java_programs.FLATTEN.flatten(FLATTEN.java:26)
	at java_programs.FLATTEN.flatten(FLATTEN.java:26)
	at java_programs.FLATTEN.flatten(FLATTEN.java:26)
	at java_programs.FLATTEN.flatten(FLATTEN.java:26)
	at java_programs.FLATTEN.flatten(FLATTEN.java:26)
	at java_programs.FLATTEN.flatten(FLATTEN.java:26)
	at java_programs.FLATTEN.flatten(FLATTEN.java:26)
	at java_programs.FLATTEN.flatten(FLATTEN.java:26)
	at java_programs.FLATTEN.flatten(FLATTEN.java:26)
	at java_programs.FLATTEN.flatten(FLATTEN.java:26)
	at java_programs.FLATTEN.flatten(FLATTEN.java:26)
	at java_programs.FLATTEN.flatten(FLATTEN.java:26)
	at java_programs.FLATTEN.flatten(FLATTEN.java:26)
	at java_programs.FLATTEN.flatten(FLATTEN.java:26)
	at java_programs.FLATTEN.flatten(FLATTEN.java:26)
	at java_programs.FLATTEN.flatten(FLATTEN.java:26)
	at java_programs.FLATTEN.flatten(FLATTEN.java:26)
	at java_programs.FLATTEN.flatten(FLATTEN.java:26)
	at java_programs.FLATTEN.flatten(FLATTEN.java:26)
	at java_programs.FLATTEN.flatten(FLATTEN.java:26)
	at java_programs.FLATTEN.flatten(FLATTEN.java:26)
	at java_programs.FLATTEN.flatten(FLATTEN.java:26)
	at java_programs.FLATTEN.flatten(FLATTEN.java:26)
	at java_programs.FLATTEN.flatten(FLATTEN.java:26)
	at java_programs.FLATTEN.flatten(FLATTEN.java:26)
	at java_programs.FLATTEN.flatten(FLATTEN.java:26)
	at java_programs.FLATTEN.flatten(FLATTEN.java:26)
	at java_programs.FLATTEN.flatten(FLATTEN.java:26)
	at java_programs.FLATTEN.flatten(FLATTEN.java:26)
	at java_programs.FLATTEN.flatten(FLATTEN.java:26)
	at java_programs.FLATTEN.flatten(FLATTEN.java:26)
	at java_programs.FLATTEN.flatten(FLATTEN.java:26)
	at java_programs.FLATTEN.flatten(FLATTEN.java:26)
	at java_programs.FLATTEN.flatten(FLATTEN.java:26)
	at java_programs.FLATTEN.flatten(FLATTEN.java:26)
	at java_programs.FLATTEN.flatten(FLATTEN.java:26)
	at java_programs.FLATTEN.flatten(FLATTEN.java:26)
	at java_programs.FLATTEN.flatten(FLATTEN.java:26)
	at java_programs.FLATTEN.flatten(FLATTEN.java:26)
	at java_programs.FLATTEN.flatten(FLATTEN.java:26)
	at java_programs.FLATTEN.flatten(FLATTEN.java:26)
	at java_programs.FLATTEN.flatten(FLATTEN.java:26)
	at java_programs.FLATTEN.flatten(FLATTEN.java:26)
	at java_programs.FLATTEN.flatten(FLATTEN.java:26)
	at java_programs.FLATTEN.flatten(FLATTEN.java:26)
	at java_programs.FLATTEN.flatten(FLATTEN.java:26)
	at java_programs.FLATTEN.flatten(FLATTEN.java:26)
	at java_programs.FLATTEN.flatten(FLATTEN.java:26)
	at java_programs.FLATTEN.flatten(FLATTEN.java:26)
	at java_programs.FLATTEN.flatten(FLATTEN.java:26)
	at java_programs.FLATTEN.flatten(FLATTEN.java:26)
	at java_programs.FLATTEN.flatten(FLATTEN.java:26)
	at java_programs.FLATTEN.flatten(FLATTEN.java:26)
	at java_programs.FLATTEN.flatten(FLATTEN.java:26)
	at java_programs.FLATTEN.flatten(FLATTEN.java:26)
	at java_programs.FLATTEN.flatten(FLATTEN.java:26)
	at java_programs.FLATTEN.flatten(FLATTEN.java:26)
	at java_programs.FLATTEN.flatten(FLATTEN.java:26)
	at java_programs.FLATTEN.flatten(FLATTEN.java:26)
	at java_programs.FLATTEN.flatten(FLATTEN.java:26)
	at java_programs.FLATTEN.flatten(FLATTEN.java:26)
	at java_programs.FLATTEN.flatten(FLATTEN.java:26)
	at java_programs.FLATTEN.flatten(FLATTEN.java:26)
	at java_programs.FLATTEN.flatten(FLATTEN.java:26)
	at java_programs.FLATTEN.flatten(FLATTEN.java:26)
	at java_programs.FLATTEN.flatten(FLATTEN.java:26)
	at java_programs.FLATTEN.flatten(FLATTEN.java:26)
	at java_programs.FLATTEN.flatten(FLATTEN.java:26)
	at java_programs.FLATTEN.flatten(FLATTEN.java:26)
	at java_programs.FLATTEN.flatten(FLATTEN.java:26)
	at java_programs.FLATTEN.flatten(FLATTEN.java:26)
	at java_programs.FLATTEN.flatten(FLATTEN.java:26)
	at java_programs.FLATTEN.flatten(FLATTEN.java:26)
	at java_programs.FLATTEN.flatten(FLATTEN.java:26)
	at java_programs.FLATTEN.flatten(FLATTEN.java:26)
	at java_programs.FLATTEN.flatten(FLATTEN.java:26)
	at java_programs.FLATTEN.flatten(FLATTEN.java:26)
	at java_programs.FLATTEN.flatten(FLATTEN.java:26)
	at java_programs.FLATTEN.flatten(FLATTEN.java:26)
	at java_programs.FLATTEN.flatten(FLATTEN.java:26)
	at java_programs.FLATTEN.flatten(FLATTEN.java:26)
	at java_programs.FLATTEN.flatten(FLATTEN.java:26)
	at java_programs.FLATTEN.flatten(FLATTEN.java:26)
	at java_programs.FLATTEN.flatten(FLATTEN.java:26)
	at java_programs.FLATTEN.flatten(FLATTEN.java:26)
	at java_programs.FLATTEN.flatten(FLATTEN.java:26)
	at java_programs.FLATTEN.flatten(FLATTEN.java:26)
	at java_programs.FLATTEN.flatten(FLATTEN.java:26)
	at java_programs.FLATTEN.flatten(FLATTEN.java:26)
	at java_programs.FLATTEN.flatten(FLATTEN.java:26)
	at java_programs.FLATTEN.flatten(FLATTEN.java:26)
	at java_programs.FLATTEN.flatten(FLATTEN.java:26)
	at java_programs.FLATTEN.flatten(FLATTEN.java:26)
	at java_programs.FLATTEN.flatten(FLATTEN.java:26)
	at java_programs.FLATTEN.flatten(FLATTEN.java:26)
	at java_programs.FLATTEN.flatten(FLATTEN.java:26)
	at java_programs.FLATTEN.flatten(FLATTEN.java:26)
	at java_programs.FLATTEN.flatten(FLATTEN.java:26)
	at java_programs.FLATTEN.flatten(FLATTEN.java:26)
	at java_programs.FLATTEN.flatten(FLATTEN.java:26)
	at java_programs.FLATTEN.flatten(FLATTEN.java:26)
	at java_programs.FLATTEN.flatten(FLATTEN.java:26)
	at java_programs.FLATTEN.flatten(FLATTEN.java:26)
	at java_programs.FLATTEN.flatten(FLATTEN.java:26)
	at java_programs.FLATTEN.flatten(FLATTEN.java:26)
	at java_programs.FLATTEN.flatten(FLATTEN.java:26)
	at java_programs.FLATTEN.flatten(FLATTEN.java:26)
	at java_programs.FLATTEN.flatten(FLATTEN.java:26)
	at java_programs.FLATTEN.flatten(FLATTEN.java:26)
	at java_programs.FLATTEN.flatten(FLATTEN.java:26)
	at java_programs.FLATTEN.flatten(FLATTEN.java:26)
	at java_programs.FLATTEN.flatten(FLATTEN.java:26)
	at java_programs.FLATTEN.flatten(FLATTEN.java:26)
	at java_programs.FLATTEN.flatten(FLATTEN.java:26)
	at java_programs.FLATTEN.flatten(FLATTEN.java:26)
	at java_programs.FLATTEN.flatten(FLATTEN.java:26)
	at java_programs.FLATTEN.flatten(FLATTEN.java:26)
	at java_programs.FLATTEN.flatten(FLATTEN.java:26)
	at java_programs.FLATTEN.flatten(FLATTEN.java:26)
	at java_programs.FLATTEN.flatten(FLATTEN.java:26)
	at java_programs.FLATTEN.flatten(FLATTEN.java:26)
	at java_programs.FLATTEN.flatten(FLATTEN.java:26)
	at java_programs.FLATTEN.flatten(FLATTEN.java:26)
	at java_programs.FLATTEN.flatten(FLATTEN.java:26)
	at java_programs.FLATTEN.flatten(FLATTEN.java:26)
	at java_programs.FLATTEN.flatten(FLATTEN.java:26)
	at java_programs.FLATTEN.flatten(FLATTEN.java:26)
	at java_programs.FLATTEN.flatten(FLATTEN.java:26)
	at java_programs.FLATTEN.flatten(FLATTEN.java:26)
	at java_programs.FLATTEN.flatten(FLATTEN.java:26)
	at java_programs.FLATTEN.flatten(FLATTEN.java:26)
	at java_programs.FLATTEN.flatten(FLATTEN.java:26)
	at java_programs.FLATTEN.flatten(FLATTEN.java:26)
	at java_programs.FLATTEN.flatten(FLATTEN.java:26)
	at java_programs.FLATTEN.flatten(FLATTEN.java:26)
	at java_programs.FLATTEN.flatten(FLATTEN.java:26)
	at java_programs.FLATTEN.flatten(FLATTEN.java:26)
	at java_programs.FLATTEN.flatten(FLATTEN.java:26)
	at java_programs.FLATTEN.flatten(FLATTEN.java:26)
	at java_programs.FLATTEN.flatten(FLATTEN.java:26)
</failure>
  </testcase>
  <testcase name="test_5" classname="java_testcases.junit.FLATTEN_TEST" time="0.004">
    <failure message="java.lang.StackOverflowError" type="java.lang.StackOverflowError">java.lang.StackOverflowError
	at java_programs.FLATTEN.flatten(FLATTEN.java)
	at java_programs.FLATTEN.flatten(FLATTEN.java:26)
	at java_programs.FLATTEN.flatten(FLATTEN.java:26)
	at java_programs.FLATTEN.flatten(FLATTEN.java:26)
	at java_programs.FLATTEN.flatten(FLATTEN.java:26)
	at java_programs.FLATTEN.flatten(FLATTEN.java:26)
	at java_programs.FLATTEN.flatten(FLATTEN.java:26)
	at java_programs.FLATTEN.flatten(FLATTEN.java:26)
	at java_programs.FLATTEN.flatten(FLATTEN.java:26)
	at java_programs.FLATTEN.flatten(FLATTEN.java:26)
	at java_programs.FLATTEN.flatten(FLATTEN.java:26)
	at java_programs.FLATTEN.flatten(FLATTEN.java:26)
	at java_programs.FLATTEN.flatten(FLATTEN.java:26)
	at java_programs.FLATTEN.flatten(FLATTEN.java:26)
	at java_programs.FLATTEN.flatten(FLATTEN.java:26)
	at java_programs.FLATTEN.flatten(FLATTEN.java:26)
	at java_programs.FLATTEN.flatten(FLATTEN.java:26)
	at java_programs.FLATTEN.flatten(FLATTEN.java:26)
	at java_programs.FLATTEN.flatten(FLATTEN.java:26)
	at java_programs.FLATTEN.flatten(FLATTEN.java:26)
	at java_programs.FLATTEN.flatten(FLATTEN.java:26)
	at java_programs.FLATTEN.flatten(FLATTEN.java:26)
	at java_programs.FLATTEN.flatten(FLATTEN.java:26)
	at java_programs.FLATTEN.flatten(FLATTEN.java:26)
	at java_programs.FLATTEN.flatten(FLATTEN.java:26)
	at java_programs.FLATTEN.flatten(FLATTEN.java:26)
	at java_programs.FLATTEN.flatten(FLATTEN.java:26)
	at java_programs.FLATTEN.flatten(FLATTEN.java:26)
	at java_programs.FLATTEN.flatten(FLATTEN.java:26)
	at java_programs.FLATTEN.flatten(FLATTEN.java:26)
	at java_programs.FLATTEN.flatten(FLATTEN.java:26)
	at java_programs.FLATTEN.flatten(FLATTEN.java:26)
	at java_programs.FLATTEN.flatten(FLATTEN.java:26)
	at java_programs.FLATTEN.flatten(FLATTEN.java:26)
	at java_programs.FLATTEN.flatten(FLATTEN.java:26)
	at java_programs.FLATTEN.flatten(FLATTEN.java:26)
	at java_programs.FLATTEN.flatten(FLATTEN.java:26)
	at java_programs.FLATTEN.flatten(FLATTEN.java:26)
	at java_programs.FLATTEN.flatten(FLATTEN.java:26)
	at java_programs.FLATTEN.flatten(FLATTEN.java:26)
	at java_programs.FLATTEN.flatten(FLATTEN.java:26)
	at java_programs.FLATTEN.flatten(FLATTEN.java:26)
	at java_programs.FLATTEN.flatten(FLATTEN.java:26)
	at java_programs.FLATTEN.flatten(FLATTEN.java:26)
	at java_programs.FLATTEN.flatten(FLATTEN.java:26)
	at java_programs.FLATTEN.flatten(FLATTEN.java:26)
	at java_programs.FLATTEN.flatten(FLATTEN.java:26)
	at java_programs.FLATTEN.flatten(FLATTEN.java:26)
	at java_programs.FLATTEN.flatten(FLATTEN.java:26)
	at java_programs.FLATTEN.flatten(FLATTEN.java:26)
	at java_programs.FLATTEN.flatten(FLATTEN.java:26)
	at java_programs.FLATTEN.flatten(FLATTEN.java:26)
	at java_programs.FLATTEN.flatten(FLATTEN.java:26)
	at java_programs.FLATTEN.flatten(FLATTEN.java:26)
	at java_programs.FLATTEN.flatten(FLATTEN.java:26)
	at java_programs.FLATTEN.flatten(FLATTEN.java:26)
	at java_programs.FLATTEN.flatten(FLATTEN.java:26)
	at java_programs.FLATTEN.flatten(FLATTEN.java:26)
	at java_programs.FLATTEN.flatten(FLATTEN.java:26)
	at java_programs.FLATTEN.flatten(FLATTEN.java:26)
	at java_programs.FLATTEN.flatten(FLATTEN.java:26)
	at java_programs.FLATTEN.flatten(FLATTEN.java:26)
	at java_programs.FLATTEN.flatten(FLATTEN.java:26)
	at java_programs.FLATTEN.flatten(FLATTEN.java:26)
	at java_programs.FLATTEN.flatten(FLATTEN.java:26)
	at java_programs.FLATTEN.flatten(FLATTEN.java:26)
	at java_programs.FLATTEN.flatten(FLATTEN.java:26)
	at java_programs.FLATTEN.flatten(FLATTEN.java:26)
	at java_programs.FLATTEN.flatten(FLATTEN.java:26)
	at java_programs.FLATTEN.flatten(FLATTEN.java:26)
	at java_programs.FLATTEN.flatten(FLATTEN.java:26)
	at java_programs.FLATTEN.flatten(FLATTEN.java:26)
	at java_programs.FLATTEN.flatten(FLATTEN.java:26)
	at java_programs.FLATTEN.flatten(FLATTEN.java:26)
	at java_programs.FLATTEN.flatten(FLATTEN.java:26)
	at java_programs.FLATTEN.flatten(FLATTEN.java:26)
	at java_programs.FLATTEN.flatten(FLATTEN.java:26)
	at java_programs.FLATTEN.flatten(FLATTEN.java:26)
	at java_programs.FLATTEN.flatten(FLATTEN.java:26)
	at java_programs.FLATTEN.flatten(FLATTEN.java:26)
	at java_programs.FLATTEN.flatten(FLATTEN.java:26)
	at java_programs.FLATTEN.flatten(FLATTEN.java:26)
	at java_programs.FLATTEN.flatten(FLATTEN.java:26)
	at java_programs.FLATTEN.flatten(FLATTEN.java:26)
	at java_programs.FLATTEN.flatten(FLATTEN.java:26)
	at java_programs.FLATTEN.flatten(FLATTEN.java:26)
	at java_programs.FLATTEN.flatten(FLATTEN.java:26)
	at java_programs.FLATTEN.flatten(FLATTEN.java:26)
	at java_programs.FLATTEN.flatten(FLATTEN.java:26)
	at java_programs.FLATTEN.flatten(FLATTEN.java:26)
	at java_programs.FLATTEN.flatten(FLATTEN.java:26)
	at java_programs.FLATTEN.flatten(FLATTEN.java:26)
	at java_programs.FLATTEN.flatten(FLATTEN.java:26)
	at java_programs.FLATTEN.flatten(FLATTEN.java:26)
	at java_programs.FLATTEN.flatten(FLATTEN.java:26)
	at java_programs.FLATTEN.flatten(FLATTEN.java:26)
	at java_programs.FLATTEN.flatten(FLATTEN.java:26)
	at java_programs.FLATTEN.flatten(FLATTEN.java:26)
	at java_programs.FLATTEN.flatten(FLATTEN.java:26)
	at java_programs.FLATTEN.flatten(FLATTEN.java:26)
	at java_programs.FLATTEN.flatten(FLATTEN.java:26)
	at java_programs.FLATTEN.flatten(FLATTEN.java:26)
	at java_programs.FLATTEN.flatten(FLATTEN.java:26)
	at java_programs.FLATTEN.flatten(FLATTEN.java:26)
	at java_programs.FLATTEN.flatten(FLATTEN.java:26)
	at java_programs.FLATTEN.flatten(FLATTEN.java:26)
	at java_programs.FLATTEN.flatten(FLATTEN.java:26)
	at java_programs.FLATTEN.flatten(FLATTEN.java:26)
	at java_programs.FLATTEN.flatten(FLATTEN.java:26)
	at java_programs.FLATTEN.flatten(FLATTEN.java:26)
	at java_programs.FLATTEN.flatten(FLATTEN.java:26)
	at java_programs.FLATTEN.flatten(FLATTEN.java:26)
	at java_programs.FLATTEN.flatten(FLATTEN.java:26)
	at java_programs.FLATTEN.flatten(FLATTEN.java:26)
	at java_programs.FLATTEN.flatten(FLATTEN.java:26)
	at java_programs.FLATTEN.flatten(FLATTEN.java:26)
	at java_programs.FLATTEN.flatten(FLATTEN.java:26)
	at java_programs.FLATTEN.flatten(FLATTEN.java:26)
	at java_programs.FLATTEN.flatten(FLATTEN.java:26)
	at java_programs.FLATTEN.flatten(FLATTEN.java:26)
	at java_programs.FLATTEN.flatten(FLATTEN.java:26)
	at java_programs.FLATTEN.flatten(FLATTEN.java:26)
	at java_programs.FLATTEN.flatten(FLATTEN.java:26)
	at java_programs.FLATTEN.flatten(FLATTEN.java:26)
	at java_programs.FLATTEN.flatten(FLATTEN.java:26)
	at java_programs.FLATTEN.flatten(FLATTEN.java:26)
	at java_programs.FLATTEN.flatten(FLATTEN.java:26)
	at java_programs.FLATTEN.flatten(FLATTEN.java:26)
	at java_programs.FLATTEN.flatten(FLATTEN.java:26)
	at java_programs.FLATTEN.flatten(FLATTEN.java:26)
	at java_programs.FLATTEN.flatten(FLATTEN.java:26)
	at java_programs.FLATTEN.flatten(FLATTEN.java:26)
	at java_programs.FLATTEN.flatten(FLATTEN.java:26)
	at java_programs.FLATTEN.flatten(FLATTEN.java:26)
	at java_programs.FLATTEN.flatten(FLATTEN.java:26)
	at java_programs.FLATTEN.flatten(FLATTEN.java:26)
	at java_programs.FLATTEN.flatten(FLATTEN.java:26)
	at java_programs.FLATTEN.flatten(FLATTEN.java:26)
	at java_programs.FLATTEN.flatten(FLATTEN.java:26)
	at java_programs.FLATTEN.flatten(FLATTEN.java:26)
	at java_programs.FLATTEN.flatten(FLATTEN.java:26)
	at java_programs.FLATTEN.flatten(FLATTEN.java:26)
	at java_programs.FLATTEN.flatten(FLATTEN.java:26)
	at java_programs.FLATTEN.flatten(FLATTEN.java:26)
	at java_programs.FLATTEN.flatten(FLATTEN.java:26)
	at java_programs.FLATTEN.flatten(FLATTEN.java:26)
	at java_programs.FLATTEN.flatten(FLATTEN.java:26)
	at java_programs.FLATTEN.flatten(FLATTEN.java:26)
	at java_programs.FLATTEN.flatten(FLATTEN.java:26)
	at java_programs.FLATTEN.flatten(FLATTEN.java:26)
	at java_programs.FLATTEN.flatten(FLATTEN.java:26)
	at java_programs.FLATTEN.flatten(FLATTEN.java:26)
	at java_programs.FLATTEN.flatten(FLATTEN.java:26)
	at java_programs.FLATTEN.flatten(FLATTEN.java:26)
	at java_programs.FLATTEN.flatten(FLATTEN.java:26)
	at java_programs.FLATTEN.flatten(FLATTEN.java:26)
	at java_programs.FLATTEN.flatten(FLATTEN.java:26)
	at java_programs.FLATTEN.flatten(FLATTEN.java:26)
	at java_programs.FLATTEN.flatten(FLATTEN.java:26)
	at java_programs.FLATTEN.flatten(FLATTEN.java:26)
	at java_programs.FLATTEN.flatten(FLATTEN.java:26)
	at java_programs.FLATTEN.flatten(FLATTEN.java:26)
	at java_programs.FLATTEN.flatten(FLATTEN.java:26)
	at java_programs.FLATTEN.flatten(FLATTEN.java:26)
	at java_programs.FLATTEN.flatten(FLATTEN.java:26)
	at java_programs.FLATTEN.flatten(FLATTEN.java:26)
	at java_programs.FLATTEN.flatten(FLATTEN.java:26)
	at java_programs.FLATTEN.flatten(FLATTEN.java:26)
	at java_programs.FLATTEN.flatten(FLATTEN.java:26)
	at java_programs.FLATTEN.flatten(FLATTEN.java:26)
	at java_programs.FLATTEN.flatten(FLATTEN.java:26)
	at java_programs.FLATTEN.flatten(FLATTEN.java:26)
	at java_programs.FLATTEN.flatten(FLATTEN.java:26)
	at java_programs.FLATTEN.flatten(FLATTEN.java:26)
	at java_programs.FLATTEN.flatten(FLATTEN.java:26)
	at java_programs.FLATTEN.flatten(FLATTEN.java:26)
	at java_programs.FLATTEN.flatten(FLATTEN.java:26)
	at java_programs.FLATTEN.flatten(FLATTEN.java:26)
	at java_programs.FLATTEN.flatten(FLATTEN.java:26)
	at java_programs.FLATTEN.flatten(FLATTEN.java:26)
	at java_programs.FLATTEN.flatten(FLATTEN.java:26)
	at java_programs.FLATTEN.flatten(FLATTEN.java:26)
	at java_programs.FLATTEN.flatten(FLATTEN.java:26)
	at java_programs.FLATTEN.flatten(FLATTEN.java:26)
	at java_programs.FLATTEN.flatten(FLATTEN.java:26)
	at java_programs.FLATTEN.flatten(FLATTEN.java:26)
	at java_programs.FLATTEN.flatten(FLATTEN.java:26)
	at java_programs.FLATTEN.flatten(FLATTEN.java:26)
	at java_programs.FLATTEN.flatten(FLATTEN.java:26)
	at java_programs.FLATTEN.flatten(FLATTEN.java:26)
	at java_programs.FLATTEN.flatten(FLATTEN.java:26)
	at java_programs.FLATTEN.flatten(FLATTEN.java:26)
	at java_programs.FLATTEN.flatten(FLATTEN.java:26)
	at java_programs.FLATTEN.flatten(FLATTEN.java:26)
	at java_programs.FLATTEN.flatten(FLATTEN.java:26)
	at java_programs.FLATTEN.flatten(FLATTEN.java:26)
	at java_programs.FLATTEN.flatten(FLATTEN.java:26)
	at java_programs.FLATTEN.flatten(FLATTEN.java:26)
	at java_programs.FLATTEN.flatten(FLATTEN.java:26)
	at java_programs.FLATTEN.flatten(FLATTEN.java:26)
	at java_programs.FLATTEN.flatten(FLATTEN.java:26)
	at java_programs.FLATTEN.flatten(FLATTEN.java:26)
	at java_programs.FLATTEN.flatten(FLATTEN.java:26)
	at java_programs.FLATTEN.flatten(FLATTEN.java:26)
	at java_programs.FLATTEN.flatten(FLATTEN.java:26)
	at java_programs.FLATTEN.flatten(FLATTEN.java:26)
	at java_programs.FLATTEN.flatten(FLATTEN.java:26)
	at java_programs.FLATTEN.flatten(FLATTEN.java:26)
	at java_programs.FLATTEN.flatten(FLATTEN.java:26)
	at java_programs.FLATTEN.flatten(FLATTEN.java:26)
	at java_programs.FLATTEN.flatten(FLATTEN.java:26)
	at java_programs.FLATTEN.flatten(FLATTEN.java:26)
	at java_programs.FLATTEN.flatten(FLATTEN.java:26)
	at java_programs.FLATTEN.flatten(FLATTEN.java:26)
	at java_programs.FLATTEN.flatten(FLATTEN.java:26)
	at java_programs.FLATTEN.flatten(FLATTEN.java:26)
	at java_programs.FLATTEN.flatten(FLATTEN.java:26)
	at java_programs.FLATTEN.flatten(FLATTEN.java:26)
	at java_programs.FLATTEN.flatten(FLATTEN.java:26)
	at java_programs.FLATTEN.flatten(FLATTEN.java:26)
	at java_programs.FLATTEN.flatten(FLATTEN.java:26)
	at java_programs.FLATTEN.flatten(FLATTEN.java:26)
	at java_programs.FLATTEN.flatten(FLATTEN.java:26)
	at java_programs.FLATTEN.flatten(FLATTEN.java:26)
	at java_programs.FLATTEN.flatten(FLATTEN.java:26)
	at java_programs.FLATTEN.flatten(FLATTEN.java:26)
	at java_programs.FLATTEN.flatten(FLATTEN.java:26)
	at java_programs.FLATTEN.flatten(FLATTEN.java:26)
	at java_programs.FLATTEN.flatten(FLATTEN.java:26)
	at java_programs.FLATTEN.flatten(FLATTEN.java:26)
	at java_programs.FLATTEN.flatten(FLATTEN.java:26)
	at java_programs.FLATTEN.flatten(FLATTEN.java:26)
	at java_programs.FLATTEN.flatten(FLATTEN.java:26)
	at java_programs.FLATTEN.flatten(FLATTEN.java:26)
	at java_programs.FLATTEN.flatten(FLATTEN.java:26)
	at java_programs.FLATTEN.flatten(FLATTEN.java:26)
	at java_programs.FLATTEN.flatten(FLATTEN.java:26)
	at java_programs.FLATTEN.flatten(FLATTEN.java:26)
	at java_programs.FLATTEN.flatten(FLATTEN.java:26)
	at java_programs.FLATTEN.flatten(FLATTEN.java:26)
	at java_programs.FLATTEN.flatten(FLATTEN.java:26)
	at java_programs.FLATTEN.flatten(FLATTEN.java:26)
	at java_programs.FLATTEN.flatten(FLATTEN.java:26)
	at java_programs.FLATTEN.flatten(FLATTEN.java:26)
	at java_programs.FLATTEN.flatten(FLATTEN.java:26)
	at java_programs.FLATTEN.flatten(FLATTEN.java:26)
	at java_programs.FLATTEN.flatten(FLATTEN.java:26)
	at java_programs.FLATTEN.flatten(FLATTEN.java:26)
	at java_programs.FLATTEN.flatten(FLATTEN.java:26)
	at java_programs.FLATTEN.flatten(FLATTEN.java:26)
	at java_programs.FLATTEN.flatten(FLATTEN.java:26)
	at java_programs.FLATTEN.flatten(FLATTEN.java:26)
	at java_programs.FLATTEN.flatten(FLATTEN.java:26)
	at java_programs.FLATTEN.flatten(FLATTEN.java:26)
	at java_programs.FLATTEN.flatten(FLATTEN.java:26)
	at java_programs.FLATTEN.flatten(FLATTEN.java:26)
	at java_programs.FLATTEN.flatten(FLATTEN.java:26)
	at java_programs.FLATTEN.flatten(FLATTEN.java:26)
	at java_programs.FLATTEN.flatten(FLATTEN.java:26)
	at java_programs.FLATTEN.flatten(FLATTEN.java:26)
	at java_programs.FLATTEN.flatten(FLATTEN.java:26)
	at java_programs.FLATTEN.flatten(FLATTEN.java:26)
	at java_programs.FLATTEN.flatten(FLATTEN.java:26)
	at java_programs.FLATTEN.flatten(FLATTEN.java:26)
	at java_programs.FLATTEN.flatten(FLATTEN.java:26)
	at java_programs.FLATTEN.flatten(FLATTEN.java:26)
	at java_programs.FLATTEN.flatten(FLATTEN.java:26)
	at java_programs.FLATTEN.flatten(FLATTEN.java:26)
	at java_programs.FLATTEN.flatten(FLATTEN.java:26)
	at java_programs.FLATTEN.flatten(FLATTEN.java:26)
	at java_programs.FLATTEN.flatten(FLATTEN.java:26)
	at java_programs.FLATTEN.flatten(FLATTEN.java:26)
	at java_programs.FLATTEN.flatten(FLATTEN.java:26)
	at java_programs.FLATTEN.flatten(FLATTEN.java:26)
	at java_programs.FLATTEN.flatten(FLATTEN.java:26)
	at java_programs.FLATTEN.flatten(FLATTEN.java:26)
	at java_programs.FLATTEN.flatten(FLATTEN.java:26)
	at java_programs.FLATTEN.flatten(FLATTEN.java:26)
	at java_programs.FLATTEN.flatten(FLATTEN.java:26)
	at java_programs.FLATTEN.flatten(FLATTEN.java:26)
	at java_programs.FLATTEN.flatten(FLATTEN.java:26)
	at java_programs.FLATTEN.flatten(FLATTEN.java:26)
	at java_programs.FLATTEN.flatten(FLATTEN.java:26)
	at java_programs.FLATTEN.flatten(FLATTEN.java:26)
	at java_programs.FLATTEN.flatten(FLATTEN.java:26)
	at java_programs.FLATTEN.flatten(FLATTEN.java:26)
	at java_programs.FLATTEN.flatten(FLATTEN.java:26)
	at java_programs.FLATTEN.flatten(FLATTEN.java:26)
	at java_programs.FLATTEN.flatten(FLATTEN.java:26)
	at java_programs.FLATTEN.flatten(FLATTEN.java:26)
	at java_programs.FLATTEN.flatten(FLATTEN.java:26)
	at java_programs.FLATTEN.flatten(FLATTEN.java:26)
	at java_programs.FLATTEN.flatten(FLATTEN.java:26)
	at java_programs.FLATTEN.flatten(FLATTEN.java:26)
	at java_programs.FLATTEN.flatten(FLATTEN.java:26)
	at java_programs.FLATTEN.flatten(FLATTEN.java:26)
	at java_programs.FLATTEN.flatten(FLATTEN.java:26)
	at java_programs.FLATTEN.flatten(FLATTEN.java:26)
	at java_programs.FLATTEN.flatten(FLATTEN.java:26)
	at java_programs.FLATTEN.flatten(FLATTEN.java:26)
	at java_programs.FLATTEN.flatten(FLATTEN.java:26)
	at java_programs.FLATTEN.flatten(FLATTEN.java:26)
	at java_programs.FLATTEN.flatten(FLATTEN.java:26)
	at java_programs.FLATTEN.flatten(FLATTEN.java:26)
	at java_programs.FLATTEN.flatten(FLATTEN.java:26)
	at java_programs.FLATTEN.flatten(FLATTEN.java:26)
	at java_programs.FLATTEN.flatten(FLATTEN.java:26)
	at java_programs.FLATTEN.flatten(FLATTEN.java:26)
	at java_programs.FLATTEN.flatten(FLATTEN.java:26)
	at java_programs.FLATTEN.flatten(FLATTEN.java:26)
	at java_programs.FLATTEN.flatten(FLATTEN.java:26)
	at java_programs.FLATTEN.flatten(FLATTEN.java:26)
	at java_programs.FLATTEN.flatten(FLATTEN.java:26)
	at java_programs.FLATTEN.flatten(FLATTEN.java:26)
	at java_programs.FLATTEN.flatten(FLATTEN.java:26)
	at java_programs.FLATTEN.flatten(FLATTEN.java:26)
	at java_programs.FLATTEN.flatten(FLATTEN.java:26)
	at java_programs.FLATTEN.flatten(FLATTEN.java:26)
	at java_programs.FLATTEN.flatten(FLATTEN.java:26)
	at java_programs.FLATTEN.flatten(FLATTEN.java:26)
	at java_programs.FLATTEN.flatten(FLATTEN.java:26)
	at java_programs.FLATTEN.flatten(FLATTEN.java:26)
	at java_programs.FLATTEN.flatten(FLATTEN.java:26)
	at java_programs.FLATTEN.flatten(FLATTEN.java:26)
	at java_programs.FLATTEN.flatten(FLATTEN.java:26)
	at java_programs.FLATTEN.flatten(FLATTEN.java:26)
	at java_programs.FLATTEN.flatten(FLATTEN.java:26)
	at java_programs.FLATTEN.flatten(FLATTEN.java:26)
	at java_programs.FLATTEN.flatten(FLATTEN.java:26)
	at java_programs.FLATTEN.flatten(FLATTEN.java:26)
	at java_programs.FLATTEN.flatten(FLATTEN.java:26)
	at java_programs.FLATTEN.flatten(FLATTEN.java:26)
	at java_programs.FLATTEN.flatten(FLATTEN.java:26)
	at java_programs.FLATTEN.flatten(FLATTEN.java:26)
	at java_programs.FLATTEN.flatten(FLATTEN.java:26)
	at java_programs.FLATTEN.flatten(FLATTEN.java:26)
	at java_programs.FLATTEN.flatten(FLATTEN.java:26)
	at java_programs.FLATTEN.flatten(FLATTEN.java:26)
	at java_programs.FLATTEN.flatten(FLATTEN.java:26)
	at java_programs.FLATTEN.flatten(FLATTEN.java:26)
	at java_programs.FLATTEN.flatten(FLATTEN.java:26)
	at java_programs.FLATTEN.flatten(FLATTEN.java:26)
	at java_programs.FLATTEN.flatten(FLATTEN.java:26)
	at java_programs.FLATTEN.flatten(FLATTEN.java:26)
	at java_programs.FLATTEN.flatten(FLATTEN.java:26)
	at java_programs.FLATTEN.flatten(FLATTEN.java:26)
	at java_programs.FLATTEN.flatten(FLATTEN.java:26)
	at java_programs.FLATTEN.flatten(FLATTEN.java:26)
	at java_programs.FLATTEN.flatten(FLATTEN.java:26)
	at java_programs.FLATTEN.flatten(FLATTEN.java:26)
	at java_programs.FLATTEN.flatten(FLATTEN.java:26)
	at java_programs.FLATTEN.flatten(FLATTEN.java:26)
	at java_programs.FLATTEN.flatten(FLATTEN.java:26)
	at java_programs.FLATTEN.flatten(FLATTEN.java:26)
	at java_programs.FLATTEN.flatten(FLATTEN.java:26)
	at java_programs.FLATTEN.flatten(FLATTEN.java:26)
	at java_programs.FLATTEN.flatten(FLATTEN.java:26)
	at java_programs.FLATTEN.flatten(FLATTEN.java:26)
	at java_programs.FLATTEN.flatten(FLATTEN.java:26)
	at java_programs.FLATTEN.flatten(FLATTEN.java:26)
	at java_programs.FLATTEN.flatten(FLATTEN.java:26)
	at java_programs.FLATTEN.flatten(FLATTEN.java:26)
	at java_programs.FLATTEN.flatten(FLATTEN.java:26)
	at java_programs.FLATTEN.flatten(FLATTEN.java:26)
	at java_programs.FLATTEN.flatten(FLATTEN.java:26)
	at java_programs.FLATTEN.flatten(FLATTEN.java:26)
	at java_programs.FLATTEN.flatten(FLATTEN.java:26)
	at java_programs.FLATTEN.flatten(FLATTEN.java:26)
	at java_programs.FLATTEN.flatten(FLATTEN.java:26)
	at java_programs.FLATTEN.flatten(FLATTEN.java:26)
	at java_programs.FLATTEN.flatten(FLATTEN.java:26)
	at java_programs.FLATTEN.flatten(FLATTEN.java:26)
	at java_programs.FLATTEN.flatten(FLATTEN.java:26)
	at java_programs.FLATTEN.flatten(FLATTEN.java:26)
	at java_programs.FLATTEN.flatten(FLATTEN.java:26)
	at java_programs.FLATTEN.flatten(FLATTEN.java:26)
	at java_programs.FLATTEN.flatten(FLATTEN.java:26)
	at java_programs.FLATTEN.flatten(FLATTEN.java:26)
	at java_programs.FLATTEN.flatten(FLATTEN.java:26)
	at java_programs.FLATTEN.flatten(FLATTEN.java:26)
	at java_programs.FLATTEN.flatten(FLATTEN.java:26)
	at java_programs.FLATTEN.flatten(FLATTEN.java:26)
	at java_programs.FLATTEN.flatten(FLATTEN.java:26)
	at java_programs.FLATTEN.flatten(FLATTEN.java:26)
	at java_programs.FLATTEN.flatten(FLATTEN.java:26)
	at java_programs.FLATTEN.flatten(FLATTEN.java:26)
	at java_programs.FLATTEN.flatten(FLATTEN.java:26)
	at java_programs.FLATTEN.flatten(FLATTEN.java:26)
	at java_programs.FLATTEN.flatten(FLATTEN.java:26)
	at java_programs.FLATTEN.flatten(FLATTEN.java:26)
	at java_programs.FLATTEN.flatten(FLATTEN.java:26)
	at java_programs.FLATTEN.flatten(FLATTEN.java:26)
	at java_programs.FLATTEN.flatten(FLATTEN.java:26)
	at java_programs.FLATTEN.flatten(FLATTEN.java:26)
	at java_programs.FLATTEN.flatten(FLATTEN.java:26)
	at java_programs.FLATTEN.flatten(FLATTEN.java:26)
	at java_programs.FLATTEN.flatten(FLATTEN.java:26)
	at java_programs.FLATTEN.flatten(FLATTEN.java:26)
	at java_programs.FLATTEN.flatten(FLATTEN.java:26)
	at java_programs.FLATTEN.flatten(FLATTEN.java:26)
	at java_programs.FLATTEN.flatten(FLATTEN.java:26)
	at java_programs.FLATTEN.flatten(FLATTEN.java:26)
	at java_programs.FLATTEN.flatten(FLATTEN.java:26)
	at java_programs.FLATTEN.flatten(FLATTEN.java:26)
	at java_programs.FLATTEN.flatten(FLATTEN.java:26)
	at java_programs.FLATTEN.flatten(FLATTEN.java:26)
	at java_programs.FLATTEN.flatten(FLATTEN.java:26)
	at java_programs.FLATTEN.flatten(FLATTEN.java:26)
	at java_programs.FLATTEN.flatten(FLATTEN.java:26)
	at java_programs.FLATTEN.flatten(FLATTEN.java:26)
	at java_programs.FLATTEN.flatten(FLATTEN.java:26)
	at java_programs.FLATTEN.flatten(FLATTEN.java:26)
	at java_programs.FLATTEN.flatten(FLATTEN.java:26)
	at java_programs.FLATTEN.flatten(FLATTEN.java:26)
	at java_programs.FLATTEN.flatten(FLATTEN.java:26)
	at java_programs.FLATTEN.flatten(FLATTEN.java:26)
	at java_programs.FLATTEN.flatten(FLATTEN.java:26)
	at java_programs.FLATTEN.flatten(FLATTEN.java:26)
	at java_programs.FLATTEN.flatten(FLATTEN.java:26)
	at java_programs.FLATTEN.flatten(FLATTEN.java:26)
	at java_programs.FLATTEN.flatten(FLATTEN.java:26)
	at java_programs.FLATTEN.flatten(FLATTEN.java:26)
	at java_programs.FLATTEN.flatten(FLATTEN.java:26)
	at java_programs.FLATTEN.flatten(FLATTEN.java:26)
	at java_programs.FLATTEN.flatten(FLATTEN.java:26)
	at java_programs.FLATTEN.flatten(FLATTEN.java:26)
	at java_programs.FLATTEN.flatten(FLATTEN.java:26)
	at java_programs.FLATTEN.flatten(FLATTEN.java:26)
	at java_programs.FLATTEN.flatten(FLATTEN.java:26)
	at java_programs.FLATTEN.flatten(FLATTEN.java:26)
	at java_programs.FLATTEN.flatten(FLATTEN.java:26)
	at java_programs.FLATTEN.flatten(FLATTEN.java:26)
	at java_programs.FLATTEN.flatten(FLATTEN.java:26)
	at java_programs.FLATTEN.flatten(FLATTEN.java:26)
	at java_programs.FLATTEN.flatten(FLATTEN.java:26)
	at java_programs.FLATTEN.flatten(FLATTEN.java:26)
	at java_programs.FLATTEN.flatten(FLATTEN.java:26)
	at java_programs.FLATTEN.flatten(FLATTEN.java:26)
	at java_programs.FLATTEN.flatten(FLATTEN.java:26)
	at java_programs.FLATTEN.flatten(FLATTEN.java:26)
	at java_programs.FLATTEN.flatten(FLATTEN.java:26)
	at java_programs.FLATTEN.flatten(FLATTEN.java:26)
	at java_programs.FLATTEN.flatten(FLATTEN.java:26)
	at java_programs.FLATTEN.flatten(FLATTEN.java:26)
	at java_programs.FLATTEN.flatten(FLATTEN.java:26)
	at java_programs.FLATTEN.flatten(FLATTEN.java:26)
	at java_programs.FLATTEN.flatten(FLATTEN.java:26)
	at java_programs.FLATTEN.flatten(FLATTEN.java:26)
	at java_programs.FLATTEN.flatten(FLATTEN.java:26)
	at java_programs.FLATTEN.flatten(FLATTEN.java:26)
	at java_programs.FLATTEN.flatten(FLATTEN.java:26)
	at java_programs.FLATTEN.flatten(FLATTEN.java:26)
	at java_programs.FLATTEN.flatten(FLATTEN.java:26)
	at java_programs.FLATTEN.flatten(FLATTEN.java:26)
	at java_programs.FLATTEN.flatten(FLATTEN.java:26)
	at java_programs.FLATTEN.flatten(FLATTEN.java:26)
	at java_programs.FLATTEN.flatten(FLATTEN.java:26)
	at java_programs.FLATTEN.flatten(FLATTEN.java:26)
	at java_programs.FLATTEN.flatten(FLATTEN.java:26)
	at java_programs.FLATTEN.flatten(FLATTEN.java:26)
	at java_programs.FLATTEN.flatten(FLATTEN.java:26)
	at java_programs.FLATTEN.flatten(FLATTEN.java:26)
	at java_programs.FLATTEN.flatten(FLATTEN.java:26)
	at java_programs.FLATTEN.flatten(FLATTEN.java:26)
	at java_programs.FLATTEN.flatten(FLATTEN.java:26)
	at java_programs.FLATTEN.flatten(FLATTEN.java:26)
	at java_programs.FLATTEN.flatten(FLATTEN.java:26)
	at java_programs.FLATTEN.flatten(FLATTEN.java:26)
	at java_programs.FLATTEN.flatten(FLATTEN.java:26)
	at java_programs.FLATTEN.flatten(FLATTEN.java:26)
	at java_programs.FLATTEN.flatten(FLATTEN.java:26)
	at java_programs.FLATTEN.flatten(FLATTEN.java:26)
	at java_programs.FLATTEN.flatten(FLATTEN.java:26)
	at java_programs.FLATTEN.flatten(FLATTEN.java:26)
	at java_programs.FLATTEN.flatten(FLATTEN.java:26)
	at java_programs.FLATTEN.flatten(FLATTEN.java:26)
	at java_programs.FLATTEN.flatten(FLATTEN.java:26)
	at java_programs.FLATTEN.flatten(FLATTEN.java:26)
	at java_programs.FLATTEN.flatten(FLATTEN.java:26)
	at java_programs.FLATTEN.flatten(FLATTEN.java:26)
	at java_programs.FLATTEN.flatten(FLATTEN.java:26)
	at java_programs.FLATTEN.flatten(FLATTEN.java:26)
	at java_programs.FLATTEN.flatten(FLATTEN.java:26)
	at java_programs.FLATTEN.flatten(FLATTEN.java:26)
	at java_programs.FLATTEN.flatten(FLATTEN.java:26)
	at java_programs.FLATTEN.flatten(FLATTEN.java:26)
	at java_programs.FLATTEN.flatten(FLATTEN.java:26)
	at java_programs.FLATTEN.flatten(FLATTEN.java:26)
	at java_programs.FLATTEN.flatten(FLATTEN.java:26)
	at java_programs.FLATTEN.flatten(FLATTEN.java:26)
	at java_programs.FLATTEN.flatten(FLATTEN.java:26)
	at java_programs.FLATTEN.flatten(FLATTEN.java:26)
	at java_programs.FLATTEN.flatten(FLATTEN.java:26)
	at java_programs.FLATTEN.flatten(FLATTEN.java:26)
	at java_programs.FLATTEN.flatten(FLATTEN.java:26)
	at java_programs.FLATTEN.flatten(FLATTEN.java:26)
	at java_programs.FLATTEN.flatten(FLATTEN.java:26)
	at java_programs.FLATTEN.flatten(FLATTEN.java:26)
	at java_programs.FLATTEN.flatten(FLATTEN.java:26)
	at java_programs.FLATTEN.flatten(FLATTEN.java:26)
	at java_programs.FLATTEN.flatten(FLATTEN.java:26)
	at java_programs.FLATTEN.flatten(FLATTEN.java:26)
	at java_programs.FLATTEN.flatten(FLATTEN.java:26)
	at java_programs.FLATTEN.flatten(FLATTEN.java:26)
	at java_programs.FLATTEN.flatten(FLATTEN.java:26)
	at java_programs.FLATTEN.flatten(FLATTEN.java:26)
	at java_programs.FLATTEN.flatten(FLATTEN.java:26)
	at java_programs.FLATTEN.flatten(FLATTEN.java:26)
	at java_programs.FLATTEN.flatten(FLATTEN.java:26)
	at java_programs.FLATTEN.flatten(FLATTEN.java:26)
	at java_programs.FLATTEN.flatten(FLATTEN.java:26)
	at java_programs.FLATTEN.flatten(FLATTEN.java:26)
	at java_programs.FLATTEN.flatten(FLATTEN.java:26)
	at java_programs.FLATTEN.flatten(FLATTEN.java:26)
	at java_programs.FLATTEN.flatten(FLATTEN.java:26)
	at java_programs.FLATTEN.flatten(FLATTEN.java:26)
	at java_programs.FLATTEN.flatten(FLATTEN.java:26)
	at java_programs.FLATTEN.flatten(FLATTEN.java:26)
	at java_programs.FLATTEN.flatten(FLATTEN.java:26)
	at java_programs.FLATTEN.flatten(FLATTEN.java:26)
	at java_programs.FLATTEN.flatten(FLATTEN.java:26)
	at java_programs.FLATTEN.flatten(FLATTEN.java:26)
	at java_programs.FLATTEN.flatten(FLATTEN.java:26)
	at java_programs.FLATTEN.flatten(FLATTEN.java:26)
	at java_programs.FLATTEN.flatten(FLATTEN.java:26)
	at java_programs.FLATTEN.flatten(FLATTEN.java:26)
	at java_programs.FLATTEN.flatten(FLATTEN.java:26)
	at java_programs.FLATTEN.flatten(FLATTEN.java:26)
	at java_programs.FLATTEN.flatten(FLATTEN.java:26)
	at java_programs.FLATTEN.flatten(FLATTEN.java:26)
	at java_programs.FLATTEN.flatten(FLATTEN.java:26)
	at java_programs.FLATTEN.flatten(FLATTEN.java:26)
	at java_programs.FLATTEN.flatten(FLATTEN.java:26)
	at java_programs.FLATTEN.flatten(FLATTEN.java:26)
	at java_programs.FLATTEN.flatten(FLATTEN.java:26)
	at java_programs.FLATTEN.flatten(FLATTEN.java:26)
	at java_programs.FLATTEN.flatten(FLATTEN.java:26)
	at java_programs.FLATTEN.flatten(FLATTEN.java:26)
	at java_programs.FLATTEN.flatten(FLATTEN.java:26)
	at java_programs.FLATTEN.flatten(FLATTEN.java:26)
	at java_programs.FLATTEN.flatten(FLATTEN.java:26)
	at java_programs.FLATTEN.flatten(FLATTEN.java:26)
	at java_programs.FLATTEN.flatten(FLATTEN.java:26)
	at java_programs.FLATTEN.flatten(FLATTEN.java:26)
	at java_programs.FLATTEN.flatten(FLATTEN.java:26)
	at java_programs.FLATTEN.flatten(FLATTEN.java:26)
	at java_programs.FLATTEN.flatten(FLATTEN.java:26)
	at java_programs.FLATTEN.flatten(FLATTEN.java:26)
	at java_programs.FLATTEN.flatten(FLATTEN.java:26)
	at java_programs.FLATTEN.flatten(FLATTEN.java:26)
	at java_programs.FLATTEN.flatten(FLATTEN.java:26)
	at java_programs.FLATTEN.flatten(FLATTEN.java:26)
	at java_programs.FLATTEN.flatten(FLATTEN.java:26)
	at java_programs.FLATTEN.flatten(FLATTEN.java:26)
	at java_programs.FLATTEN.flatten(FLATTEN.java:26)
	at java_programs.FLATTEN.flatten(FLATTEN.java:26)
	at java_programs.FLATTEN.flatten(FLATTEN.java:26)
	at java_programs.FLATTEN.flatten(FLATTEN.java:26)
	at java_programs.FLATTEN.flatten(FLATTEN.java:26)
	at java_programs.FLATTEN.flatten(FLATTEN.java:26)
	at java_programs.FLATTEN.flatten(FLATTEN.java:26)
	at java_programs.FLATTEN.flatten(FLATTEN.java:26)
	at java_programs.FLATTEN.flatten(FLATTEN.java:26)
	at java_programs.FLATTEN.flatten(FLATTEN.java:26)
	at java_programs.FLATTEN.flatten(FLATTEN.java:26)
	at java_programs.FLATTEN.flatten(FLATTEN.java:26)
	at java_programs.FLATTEN.flatten(FLATTEN.java:26)
	at java_programs.FLATTEN.flatten(FLATTEN.java:26)
	at java_programs.FLATTEN.flatten(FLATTEN.java:26)
	at java_programs.FLATTEN.flatten(FLATTEN.java:26)
	at java_programs.FLATTEN.flatten(FLATTEN.java:26)
	at java_programs.FLATTEN.flatten(FLATTEN.java:26)
	at java_programs.FLATTEN.flatten(FLATTEN.java:26)
	at java_programs.FLATTEN.flatten(FLATTEN.java:26)
	at java_programs.FLATTEN.flatten(FLATTEN.java:26)
	at java_programs.FLATTEN.flatten(FLATTEN.java:26)
	at java_programs.FLATTEN.flatten(FLATTEN.java:26)
	at java_programs.FLATTEN.flatten(FLATTEN.java:26)
	at java_programs.FLATTEN.flatten(FLATTEN.java:26)
	at java_programs.FLATTEN.flatten(FLATTEN.java:26)
	at java_programs.FLATTEN.flatten(FLATTEN.java:26)
	at java_programs.FLATTEN.flatten(FLATTEN.java:26)
	at java_programs.FLATTEN.flatten(FLATTEN.java:26)
	at java_programs.FLATTEN.flatten(FLATTEN.java:26)
	at java_programs.FLATTEN.flatten(FLATTEN.java:26)
	at java_programs.FLATTEN.flatten(FLATTEN.java:26)
	at java_programs.FLATTEN.flatten(FLATTEN.java:26)
	at java_programs.FLATTEN.flatten(FLATTEN.java:26)
	at java_programs.FLATTEN.flatten(FLATTEN.java:26)
	at java_programs.FLATTEN.flatten(FLATTEN.java:26)
	at java_programs.FLATTEN.flatten(FLATTEN.java:26)
	at java_programs.FLATTEN.flatten(FLATTEN.java:26)
	at java_programs.FLATTEN.flatten(FLATTEN.java:26)
	at java_programs.FLATTEN.flatten(FLATTEN.java:26)
	at java_programs.FLATTEN.flatten(FLATTEN.java:26)
	at java_programs.FLATTEN.flatten(FLATTEN.java:26)
	at java_programs.FLATTEN.flatten(FLATTEN.java:26)
	at java_programs.FLATTEN.flatten(FLATTEN.java:26)
	at java_programs.FLATTEN.flatten(FLATTEN.java:26)
	at java_programs.FLATTEN.flatten(FLATTEN.java:26)
	at java_programs.FLATTEN.flatten(FLATTEN.java:26)
	at java_programs.FLATTEN.flatten(FLATTEN.java:26)
	at java_programs.FLATTEN.flatten(FLATTEN.java:26)
	at java_programs.FLATTEN.flatten(FLATTEN.java:26)
	at java_programs.FLATTEN.flatten(FLATTEN.java:26)
	at java_programs.FLATTEN.flatten(FLATTEN.java:26)
	at java_programs.FLATTEN.flatten(FLATTEN.java:26)
	at java_programs.FLATTEN.flatten(FLATTEN.java:26)
	at java_programs.FLATTEN.flatten(FLATTEN.java:26)
	at java_programs.FLATTEN.flatten(FLATTEN.java:26)
	at java_programs.FLATTEN.flatten(FLATTEN.java:26)
	at java_programs.FLATTEN.flatten(FLATTEN.java:26)
	at java_programs.FLATTEN.flatten(FLATTEN.java:26)
	at java_programs.FLATTEN.flatten(FLATTEN.java:26)
	at java_programs.FLATTEN.flatten(FLATTEN.java:26)
	at java_programs.FLATTEN.flatten(FLATTEN.java:26)
	at java_programs.FLATTEN.flatten(FLATTEN.java:26)
	at java_programs.FLATTEN.flatten(FLATTEN.java:26)
	at java_programs.FLATTEN.flatten(FLATTEN.java:26)
	at java_programs.FLATTEN.flatten(FLATTEN.java:26)
	at java_programs.FLATTEN.flatten(FLATTEN.java:26)
	at java_programs.FLATTEN.flatten(FLATTEN.java:26)
	at java_programs.FLATTEN.flatten(FLATTEN.java:26)
	at java_programs.FLATTEN.flatten(FLATTEN.java:26)
	at java_programs.FLATTEN.flatten(FLATTEN.java:26)
	at java_programs.FLATTEN.flatten(FLATTEN.java:26)
	at java_programs.FLATTEN.flatten(FLATTEN.java:26)
	at java_programs.FLATTEN.flatten(FLATTEN.java:26)
	at java_programs.FLATTEN.flatten(FLATTEN.java:26)
	at java_programs.FLATTEN.flatten(FLATTEN.java:26)
	at java_programs.FLATTEN.flatten(FLATTEN.java:26)
	at java_programs.FLATTEN.flatten(FLATTEN.java:26)
	at java_programs.FLATTEN.flatten(FLATTEN.java:26)
	at java_programs.FLATTEN.flatten(FLATTEN.java:26)
	at java_programs.FLATTEN.flatten(FLATTEN.java:26)
	at java_programs.FLATTEN.flatten(FLATTEN.java:26)
	at java_programs.FLATTEN.flatten(FLATTEN.java:26)
	at java_programs.FLATTEN.flatten(FLATTEN.java:26)
	at java_programs.FLATTEN.flatten(FLATTEN.java:26)
	at java_programs.FLATTEN.flatten(FLATTEN.java:26)
	at java_programs.FLATTEN.flatten(FLATTEN.java:26)
	at java_programs.FLATTEN.flatten(FLATTEN.java:26)
	at java_programs.FLATTEN.flatten(FLATTEN.java:26)
	at java_programs.FLATTEN.flatten(FLATTEN.java:26)
	at java_programs.FLATTEN.flatten(FLATTEN.java:26)
	at java_programs.FLATTEN.flatten(FLATTEN.java:26)
	at java_programs.FLATTEN.flatten(FLATTEN.java:26)
	at java_programs.FLATTEN.flatten(FLATTEN.java:26)
	at java_programs.FLATTEN.flatten(FLATTEN.java:26)
	at java_programs.FLATTEN.flatten(FLATTEN.java:26)
	at java_programs.FLATTEN.flatten(FLATTEN.java:26)
	at java_programs.FLATTEN.flatten(FLATTEN.java:26)
	at java_programs.FLATTEN.flatten(FLATTEN.java:26)
	at java_programs.FLATTEN.flatten(FLATTEN.java:26)
	at java_programs.FLATTEN.flatten(FLATTEN.java:26)
	at java_programs.FLATTEN.flatten(FLATTEN.java:26)
	at java_programs.FLATTEN.flatten(FLATTEN.java:26)
	at java_programs.FLATTEN.flatten(FLATTEN.java:26)
	at java_programs.FLATTEN.flatten(FLATTEN.java:26)
	at java_programs.FLATTEN.flatten(FLATTEN.java:26)
	at java_programs.FLATTEN.flatten(FLATTEN.java:26)
	at java_programs.FLATTEN.flatten(FLATTEN.java:26)
	at java_programs.FLATTEN.flatten(FLATTEN.java:26)
	at java_programs.FLATTEN.flatten(FLATTEN.java:26)
	at java_programs.FLATTEN.flatten(FLATTEN.java:26)
	at java_programs.FLATTEN.flatten(FLATTEN.java:26)
	at java_programs.FLATTEN.flatten(FLATTEN.java:26)
	at java_programs.FLATTEN.flatten(FLATTEN.java:26)
	at java_programs.FLATTEN.flatten(FLATTEN.java:26)
	at java_programs.FLATTEN.flatten(FLATTEN.java:26)
	at java_programs.FLATTEN.flatten(FLATTEN.java:26)
	at java_programs.FLATTEN.flatten(FLATTEN.java:26)
	at java_programs.FLATTEN.flatten(FLATTEN.java:26)
	at java_programs.FLATTEN.flatten(FLATTEN.java:26)
	at java_programs.FLATTEN.flatten(FLATTEN.java:26)
	at java_programs.FLATTEN.flatten(FLATTEN.java:26)
	at java_programs.FLATTEN.flatten(FLATTEN.java:26)
	at java_programs.FLATTEN.flatten(FLATTEN.java:26)
	at java_programs.FLATTEN.flatten(FLATTEN.java:26)
	at java_programs.FLATTEN.flatten(FLATTEN.java:26)
	at java_programs.FLATTEN.flatten(FLATTEN.java:26)
	at java_programs.FLATTEN.flatten(FLATTEN.java:26)
	at java_programs.FLATTEN.flatten(FLATTEN.java:26)
	at java_programs.FLATTEN.flatten(FLATTEN.java:26)
	at java_programs.FLATTEN.flatten(FLATTEN.java:26)
	at java_programs.FLATTEN.flatten(FLATTEN.java:26)
	at java_programs.FLATTEN.flatten(FLATTEN.java:26)
	at java_programs.FLATTEN.flatten(FLATTEN.java:26)
	at java_programs.FLATTEN.flatten(FLATTEN.java:26)
	at java_programs.FLATTEN.flatten(FLATTEN.java:26)
	at java_programs.FLATTEN.flatten(FLATTEN.java:26)
	at java_programs.FLATTEN.flatten(FLATTEN.java:26)
	at java_programs.FLATTEN.flatten(FLATTEN.java:26)
	at java_programs.FLATTEN.flatten(FLATTEN.java:26)
	at java_programs.FLATTEN.flatten(FLATTEN.java:26)
	at java_programs.FLATTEN.flatten(FLATTEN.java:26)
	at java_programs.FLATTEN.flatten(FLATTEN.java:26)
	at java_programs.FLATTEN.flatten(FLATTEN.java:26)
	at java_programs.FLATTEN.flatten(FLATTEN.java:26)
	at java_programs.FLATTEN.flatten(FLATTEN.java:26)
	at java_programs.FLATTEN.flatten(FLATTEN.java:26)
	at java_programs.FLATTEN.flatten(FLATTEN.java:26)
	at java_programs.FLATTEN.flatten(FLATTEN.java:26)
	at java_programs.FLATTEN.flatten(FLATTEN.java:26)
	at java_programs.FLATTEN.flatten(FLATTEN.java:26)
	at java_programs.FLATTEN.flatten(FLATTEN.java:26)
	at java_programs.FLATTEN.flatten(FLATTEN.java:26)
	at java_programs.FLATTEN.flatten(FLATTEN.java:26)
	at java_programs.FLATTEN.flatten(FLATTEN.java:26)
	at java_programs.FLATTEN.flatten(FLATTEN.java:26)
	at java_programs.FLATTEN.flatten(FLATTEN.java:26)
	at java_programs.FLATTEN.flatten(FLATTEN.java:26)
	at java_programs.FLATTEN.flatten(FLATTEN.java:26)
	at java_programs.FLATTEN.flatten(FLATTEN.java:26)
	at java_programs.FLATTEN.flatten(FLATTEN.java:26)
	at java_programs.FLATTEN.flatten(FLATTEN.java:26)
	at java_programs.FLATTEN.flatten(FLATTEN.java:26)
	at java_programs.FLATTEN.flatten(FLATTEN.java:26)
	at java_programs.FLATTEN.flatten(FLATTEN.java:26)
	at java_programs.FLATTEN.flatten(FLATTEN.java:26)
	at java_programs.FLATTEN.flatten(FLATTEN.java:26)
	at java_programs.FLATTEN.flatten(FLATTEN.java:26)
	at java_programs.FLATTEN.flatten(FLATTEN.java:26)
	at java_programs.FLATTEN.flatten(FLATTEN.java:26)
	at java_programs.FLATTEN.flatten(FLATTEN.java:26)
	at java_programs.FLATTEN.flatten(FLATTEN.java:26)
	at java_programs.FLATTEN.flatten(FLATTEN.java:26)
	at java_programs.FLATTEN.flatten(FLATTEN.java:26)
	at java_programs.FLATTEN.flatten(FLATTEN.java:26)
	at java_programs.FLATTEN.flatten(FLATTEN.java:26)
	at java_programs.FLATTEN.flatten(FLATTEN.java:26)
	at java_programs.FLATTEN.flatten(FLATTEN.java:26)
	at java_programs.FLATTEN.flatten(FLATTEN.java:26)
	at java_programs.FLATTEN.flatten(FLATTEN.java:26)
	at java_programs.FLATTEN.flatten(FLATTEN.java:26)
	at java_programs.FLATTEN.flatten(FLATTEN.java:26)
	at java_programs.FLATTEN.flatten(FLATTEN.java:26)
	at java_programs.FLATTEN.flatten(FLATTEN.java:26)
	at java_programs.FLATTEN.flatten(FLATTEN.java:26)
	at java_programs.FLATTEN.flatten(FLATTEN.java:26)
	at java_programs.FLATTEN.flatten(FLATTEN.java:26)
	at java_programs.FLATTEN.flatten(FLATTEN.java:26)
	at java_programs.FLATTEN.flatten(FLATTEN.java:26)
	at java_programs.FLATTEN.flatten(FLATTEN.java:26)
	at java_programs.FLATTEN.flatten(FLATTEN.java:26)
	at java_programs.FLATTEN.flatten(FLATTEN.java:26)
	at java_programs.FLATTEN.flatten(FLATTEN.java:26)
	at java_programs.FLATTEN.flatten(FLATTEN.java:26)
	at java_programs.FLATTEN.flatten(FLATTEN.java:26)
	at java_programs.FLATTEN.flatten(FLATTEN.java:26)
	at java_programs.FLATTEN.flatten(FLATTEN.java:26)
	at java_programs.FLATTEN.flatten(FLATTEN.java:26)
	at java_programs.FLATTEN.flatten(FLATTEN.java:26)
	at java_programs.FLATTEN.flatten(FLATTEN.java:26)
	at java_programs.FLATTEN.flatten(FLATTEN.java:26)
	at java_programs.FLATTEN.flatten(FLATTEN.java:26)
	at java_programs.FLATTEN.flatten(FLATTEN.java:26)
	at java_programs.FLATTEN.flatten(FLATTEN.java:26)
	at java_programs.FLATTEN.flatten(FLATTEN.java:26)
	at java_programs.FLATTEN.flatten(FLATTEN.java:26)
	at java_programs.FLATTEN.flatten(FLATTEN.java:26)
	at java_programs.FLATTEN.flatten(FLATTEN.java:26)
	at java_programs.FLATTEN.flatten(FLATTEN.java:26)
	at java_programs.FLATTEN.flatten(FLATTEN.java:26)
	at java_programs.FLATTEN.flatten(FLATTEN.java:26)
	at java_programs.FLATTEN.flatten(FLATTEN.java:26)
	at java_programs.FLATTEN.flatten(FLATTEN.java:26)
	at java_programs.FLATTEN.flatten(FLATTEN.java:26)
	at java_programs.FLATTEN.flatten(FLATTEN.java:26)
	at java_programs.FLATTEN.flatten(FLATTEN.java:26)
	at java_programs.FLATTEN.flatten(FLATTEN.java:26)
	at java_programs.FLATTEN.flatten(FLATTEN.java:26)
	at java_programs.FLATTEN.flatten(FLATTEN.java:26)
	at java_programs.FLATTEN.flatten(FLATTEN.java:26)
	at java_programs.FLATTEN.flatten(FLATTEN.java:26)
	at java_programs.FLATTEN.flatten(FLATTEN.java:26)
	at java_programs.FLATTEN.flatten(FLATTEN.java:26)
	at java_programs.FLATTEN.flatten(FLATTEN.java:26)
	at java_programs.FLATTEN.flatten(FLATTEN.java:26)
	at java_programs.FLATTEN.flatten(FLATTEN.java:26)
	at java_programs.FLATTEN.flatten(FLATTEN.java:26)
	at java_programs.FLATTEN.flatten(FLATTEN.java:26)
	at java_programs.FLATTEN.flatten(FLATTEN.java:26)
	at java_programs.FLATTEN.flatten(FLATTEN.java:26)
	at java_programs.FLATTEN.flatten(FLATTEN.java:26)
	at java_programs.FLATTEN.flatten(FLATTEN.java:26)
	at java_programs.FLATTEN.flatten(FLATTEN.java:26)
	at java_programs.FLATTEN.flatten(FLATTEN.java:26)
	at java_programs.FLATTEN.flatten(FLATTEN.java:26)
	at java_programs.FLATTEN.flatten(FLATTEN.java:26)
	at java_programs.FLATTEN.flatten(FLATTEN.java:26)
	at java_programs.FLATTEN.flatten(FLATTEN.java:26)
	at java_programs.FLATTEN.flatten(FLATTEN.java:26)
	at java_programs.FLATTEN.flatten(FLATTEN.java:26)
	at java_programs.FLATTEN.flatten(FLATTEN.java:26)
	at java_programs.FLATTEN.flatten(FLATTEN.java:26)
	at java_programs.FLATTEN.flatten(FLATTEN.java:26)
	at java_programs.FLATTEN.flatten(FLATTEN.java:26)
	at java_programs.FLATTEN.flatten(FLATTEN.java:26)
	at java_programs.FLATTEN.flatten(FLATTEN.java:26)
	at java_programs.FLATTEN.flatten(FLATTEN.java:26)
	at java_programs.FLATTEN.flatten(FLATTEN.java:26)
	at java_programs.FLATTEN.flatten(FLATTEN.java:26)
	at java_programs.FLATTEN.flatten(FLATTEN.java:26)
	at java_programs.FLATTEN.flatten(FLATTEN.java:26)
	at java_programs.FLATTEN.flatten(FLATTEN.java:26)
	at java_programs.FLATTEN.flatten(FLATTEN.java:26)
	at java_programs.FLATTEN.flatten(FLATTEN.java:26)
	at java_programs.FLATTEN.flatten(FLATTEN.java:26)
	at java_programs.FLATTEN.flatten(FLATTEN.java:26)
	at java_programs.FLATTEN.flatten(FLATTEN.java:26)
	at java_programs.FLATTEN.flatten(FLATTEN.java:26)
	at java_programs.FLATTEN.flatten(FLATTEN.java:26)
	at java_programs.FLATTEN.flatten(FLATTEN.java:26)
	at java_programs.FLATTEN.flatten(FLATTEN.java:26)
	at java_programs.FLATTEN.flatten(FLATTEN.java:26)
	at java_programs.FLATTEN.flatten(FLATTEN.java:26)
	at java_programs.FLATTEN.flatten(FLATTEN.java:26)
	at java_programs.FLATTEN.flatten(FLATTEN.java:26)
	at java_programs.FLATTEN.flatten(FLATTEN.java:26)
	at java_programs.FLATTEN.flatten(FLATTEN.java:26)
	at java_programs.FLATTEN.flatten(FLATTEN.java:26)
	at java_programs.FLATTEN.flatten(FLATTEN.java:26)
	at java_programs.FLATTEN.flatten(FLATTEN.java:26)
	at java_programs.FLATTEN.flatten(FLATTEN.java:26)
	at java_programs.FLATTEN.flatten(FLATTEN.java:26)
	at java_programs.FLATTEN.flatten(FLATTEN.java:26)
	at java_programs.FLATTEN.flatten(FLATTEN.java:26)
	at java_programs.FLATTEN.flatten(FLATTEN.java:26)
	at java_programs.FLATTEN.flatten(FLATTEN.java:26)
	at java_programs.FLATTEN.flatten(FLATTEN.java:26)
	at java_programs.FLATTEN.flatten(FLATTEN.java:26)
	at java_programs.FLATTEN.flatten(FLATTEN.java:26)
	at java_programs.FLATTEN.flatten(FLATTEN.java:26)
	at java_programs.FLATTEN.flatten(FLATTEN.java:26)
	at java_programs.FLATTEN.flatten(FLATTEN.java:26)
	at java_programs.FLATTEN.flatten(FLATTEN.java:26)
	at java_programs.FLATTEN.flatten(FLATTEN.java:26)
	at java_programs.FLATTEN.flatten(FLATTEN.java:26)
	at java_programs.FLATTEN.flatten(FLATTEN.java:26)
	at java_programs.FLATTEN.flatten(FLATTEN.java:26)
	at java_programs.FLATTEN.flatten(FLATTEN.java:26)
	at java_programs.FLATTEN.flatten(FLATTEN.java:26)
	at java_programs.FLATTEN.flatten(FLATTEN.java:26)
	at java_programs.FLATTEN.flatten(FLATTEN.java:26)
	at java_programs.FLATTEN.flatten(FLATTEN.java:26)
	at java_programs.FLATTEN.flatten(FLATTEN.java:26)
	at java_programs.FLATTEN.flatten(FLATTEN.java:26)
	at java_programs.FLATTEN.flatten(FLATTEN.java:26)
	at java_programs.FLATTEN.flatten(FLATTEN.java:26)
	at java_programs.FLATTEN.flatten(FLATTEN.java:26)
	at java_programs.FLATTEN.flatten(FLATTEN.java:26)
	at java_programs.FLATTEN.flatten(FLATTEN.java:26)
	at java_programs.FLATTEN.flatten(FLATTEN.java:26)
	at java_programs.FLATTEN.flatten(FLATTEN.java:26)
	at java_programs.FLATTEN.flatten(FLATTEN.java:26)
	at java_programs.FLATTEN.flatten(FLATTEN.java:26)
	at java_programs.FLATTEN.flatten(FLATTEN.java:26)
	at java_programs.FLATTEN.flatten(FLATTEN.java:26)
	at java_programs.FLATTEN.flatten(FLATTEN.java:26)
	at java_programs.FLATTEN.flatten(FLATTEN.java:26)
	at java_programs.FLATTEN.flatten(FLATTEN.java:26)
	at java_programs.FLATTEN.flatten(FLATTEN.java:26)
	at java_programs.FLATTEN.flatten(FLATTEN.java:26)
	at java_programs.FLATTEN.flatten(FLATTEN.java:26)
	at java_programs.FLATTEN.flatten(FLATTEN.java:26)
	at java_programs.FLATTEN.flatten(FLATTEN.java:26)
	at java_programs.FLATTEN.flatten(FLATTEN.java:26)
	at java_programs.FLATTEN.flatten(FLATTEN.java:26)
	at java_programs.FLATTEN.flatten(FLATTEN.java:26)
	at java_programs.FLATTEN.flatten(FLATTEN.java:26)
	at java_programs.FLATTEN.flatten(FLATTEN.java:26)
	at java_programs.FLATTEN.flatten(FLATTEN.java:26)
	at java_programs.FLATTEN.flatten(FLATTEN.java:26)
	at java_programs.FLATTEN.flatten(FLATTEN.java:26)
	at java_programs.FLATTEN.flatten(FLATTEN.java:26)
	at java_programs.FLATTEN.flatten(FLATTEN.java:26)
	at java_programs.FLATTEN.flatten(FLATTEN.java:26)
	at java_programs.FLATTEN.flatten(FLATTEN.java:26)
	at java_programs.FLATTEN.flatten(FLATTEN.java:26)
	at java_programs.FLATTEN.flatten(FLATTEN.java:26)
	at java_programs.FLATTEN.flatten(FLATTEN.java:26)
	at java_programs.FLATTEN.flatten(FLATTEN.java:26)
	at java_programs.FLATTEN.flatten(FLATTEN.java:26)
	at java_programs.FLATTEN.flatten(FLATTEN.java:26)
	at java_programs.FLATTEN.flatten(FLATTEN.java:26)
	at java_programs.FLATTEN.flatten(FLATTEN.java:26)
	at java_programs.FLATTEN.flatten(FLATTEN.java:26)
	at java_programs.FLATTEN.flatten(FLATTEN.java:26)
	at java_programs.FLATTEN.flatten(FLATTEN.java:26)
	at java_programs.FLATTEN.flatten(FLATTEN.java:26)
	at java_programs.FLATTEN.flatten(FLATTEN.java:26)
	at java_programs.FLATTEN.flatten(FLATTEN.java:26)
	at java_programs.FLATTEN.flatten(FLATTEN.java:26)
	at java_programs.FLATTEN.flatten(FLATTEN.java:26)
	at java_programs.FLATTEN.flatten(FLATTEN.java:26)
	at java_programs.FLATTEN.flatten(FLATTEN.java:26)
	at java_programs.FLATTEN.flatten(FLATTEN.java:26)
	at java_programs.FLATTEN.flatten(FLATTEN.java:26)
	at java_programs.FLATTEN.flatten(FLATTEN.java:26)
	at java_programs.FLATTEN.flatten(FLATTEN.java:26)
	at java_programs.FLATTEN.flatten(FLATTEN.java:26)
	at java_programs.FLATTEN.flatten(FLATTEN.java:26)
	at java_programs.FLATTEN.flatten(FLATTEN.java:26)
	at java_programs.FLATTEN.flatten(FLATTEN.java:26)
	at java_programs.FLATTEN.flatten(FLATTEN.java:26)
	at java_programs.FLATTEN.flatten(FLATTEN.java:26)
	at java_programs.FLATTEN.flatten(FLATTEN.java:26)
	at java_programs.FLATTEN.flatten(FLATTEN.java:26)
	at java_programs.FLATTEN.flatten(FLATTEN.java:26)
	at java_programs.FLATTEN.flatten(FLATTEN.java:26)
	at java_programs.FLATTEN.flatten(FLATTEN.java:26)
	at java_programs.FLATTEN.flatten(FLATTEN.java:26)
	at java_programs.FLATTEN.flatten(FLATTEN.java:26)
	at java_programs.FLATTEN.flatten(FLATTEN.java:26)
	at java_programs.FLATTEN.flatten(FLATTEN.java:26)
	at java_programs.FLATTEN.flatten(FLATTEN.java:26)
	at java_programs.FLATTEN.flatten(FLATTEN.java:26)
	at java_programs.FLATTEN.flatten(FLATTEN.java:26)
	at java_programs.FLATTEN.flatten(FLATTEN.java:26)
	at java_programs.FLATTEN.flatten(FLATTEN.java:26)
	at java_programs.FLATTEN.flatten(FLATTEN.java:26)
	at java_programs.FLATTEN.flatten(FLATTEN.java:26)
	at java_programs.FLATTEN.flatten(FLATTEN.java:26)
	at java_programs.FLATTEN.flatten(FLATTEN.java:26)
	at java_programs.FLATTEN.flatten(FLATTEN.java:26)
	at java_programs.FLATTEN.flatten(FLATTEN.java:26)
	at java_programs.FLATTEN.flatten(FLATTEN.java:26)
	at java_programs.FLATTEN.flatten(FLATTEN.java:26)
	at java_programs.FLATTEN.flatten(FLATTEN.java:26)
	at java_programs.FLATTEN.flatten(FLATTEN.java:26)
	at java_programs.FLATTEN.flatten(FLATTEN.java:26)
	at java_programs.FLATTEN.flatten(FLATTEN.java:26)
	at java_programs.FLATTEN.flatten(FLATTEN.java:26)
	at java_programs.FLATTEN.flatten(FLATTEN.java:26)
	at java_programs.FLATTEN.flatten(FLATTEN.java:26)
	at java_programs.FLATTEN.flatten(FLATTEN.java:26)
	at java_programs.FLATTEN.flatten(FLATTEN.java:26)
	at java_programs.FLATTEN.flatten(FLATTEN.java:26)
	at java_programs.FLATTEN.flatten(FLATTEN.java:26)
	at java_programs.FLATTEN.flatten(FLATTEN.java:26)
	at java_programs.FLATTEN.flatten(FLATTEN.java:26)
	at java_programs.FLATTEN.flatten(FLATTEN.java:26)
	at java_programs.FLATTEN.flatten(FLATTEN.java:26)
	at java_programs.FLATTEN.flatten(FLATTEN.java:26)
	at java_programs.FLATTEN.flatten(FLATTEN.java:26)
	at java_programs.FLATTEN.flatten(FLATTEN.java:26)
	at java_programs.FLATTEN.flatten(FLATTEN.java:26)
	at java_programs.FLATTEN.flatten(FLATTEN.java:26)
	at java_programs.FLATTEN.flatten(FLATTEN.java:26)
	at java_programs.FLATTEN.flatten(FLATTEN.java:26)
	at java_programs.FLATTEN.flatten(FLATTEN.java:26)
	at java_programs.FLATTEN.flatten(FLATTEN.java:26)
	at java_programs.FLATTEN.flatten(FLATTEN.java:26)
	at java_programs.FLATTEN.flatten(FLATTEN.java:26)
	at java_programs.FLATTEN.flatten(FLATTEN.java:26)
	at java_programs.FLATTEN.flatten(FLATTEN.java:26)
	at java_programs.FLATTEN.flatten(FLATTEN.java:26)
	at java_programs.FLATTEN.flatten(FLATTEN.java:26)
	at java_programs.FLATTEN.flatten(FLATTEN.java:26)
	at java_programs.FLATTEN.flatten(FLATTEN.java:26)
	at java_programs.FLATTEN.flatten(FLATTEN.java:26)
	at java_programs.FLATTEN.flatten(FLATTEN.java:26)
	at java_programs.FLATTEN.flatten(FLATTEN.java:26)
	at java_programs.FLATTEN.flatten(FLATTEN.java:26)
	at java_programs.FLATTEN.flatten(FLATTEN.java:26)
	at java_programs.FLATTEN.flatten(FLATTEN.java:26)
	at java_programs.FLATTEN.flatten(FLATTEN.java:26)
	at java_programs.FLATTEN.flatten(FLATTEN.java:26)
	at java_programs.FLATTEN.flatten(FLATTEN.java:26)
	at java_programs.FLATTEN.flatten(FLATTEN.java:26)
	at java_programs.FLATTEN.flatten(FLATTEN.java:26)
	at java_programs.FLATTEN.flatten(FLATTEN.java:26)
	at java_programs.FLATTEN.flatten(FLATTEN.java:26)
	at java_programs.FLATTEN.flatten(FLATTEN.java:26)
	at java_programs.FLATTEN.flatten(FLATTEN.java:26)
	at java_programs.FLATTEN.flatten(FLATTEN.java:26)
	at java_programs.FLATTEN.flatten(FLATTEN.java:26)
	at java_programs.FLATTEN.flatten(FLATTEN.java:26)
	at java_programs.FLATTEN.flatten(FLATTEN.java:26)
	at java_programs.FLATTEN.flatten(FLATTEN.java:26)
	at java_programs.FLATTEN.flatten(FLATTEN.java:26)
	at java_programs.FLATTEN.flatten(FLATTEN.java:26)
	at java_programs.FLATTEN.flatten(FLATTEN.java:26)
	at java_programs.FLATTEN.flatten(FLATTEN.java:26)
	at java_programs.FLATTEN.flatten(FLATTEN.java:26)
	at java_programs.FLATTEN.flatten(FLATTEN.java:26)
	at java_programs.FLATTEN.flatten(FLATTEN.java:26)
	at java_programs.FLATTEN.flatten(FLATTEN.java:26)
	at java_programs.FLATTEN.flatten(FLATTEN.java:26)
	at java_programs.FLATTEN.flatten(FLATTEN.java:26)
	at java_programs.FLATTEN.flatten(FLATTEN.java:26)
	at java_programs.FLATTEN.flatten(FLATTEN.java:26)
	at java_programs.FLATTEN.flatten(FLATTEN.java:26)
	at java_programs.FLATTEN.flatten(FLATTEN.java:26)
	at java_programs.FLATTEN.flatten(FLATTEN.java:26)
	at java_programs.FLATTEN.flatten(FLATTEN.java:26)
	at java_programs.FLATTEN.flatten(FLATTEN.java:26)
	at java_programs.FLATTEN.flatten(FLATTEN.java:26)
	at java_programs.FLATTEN.flatten(FLATTEN.java:26)
	at java_programs.FLATTEN.flatten(FLATTEN.java:26)
	at java_programs.FLATTEN.flatten(FLATTEN.java:26)
	at java_programs.FLATTEN.flatten(FLATTEN.java:26)
	at java_programs.FLATTEN.flatten(FLATTEN.java:26)
	at java_programs.FLATTEN.flatten(FLATTEN.java:26)
	at java_programs.FLATTEN.flatten(FLATTEN.java:26)
	at java_programs.FLATTEN.flatten(FLATTEN.java:26)
	at java_programs.FLATTEN.flatten(FLATTEN.java:26)
	at java_programs.FLATTEN.flatten(FLATTEN.java:26)
	at java_programs.FLATTEN.flatten(FLATTEN.java:26)
	at java_programs.FLATTEN.flatten(FLATTEN.java:26)
	at java_programs.FLATTEN.flatten(FLATTEN.java:26)
	at java_programs.FLATTEN.flatten(FLATTEN.java:26)
	at java_programs.FLATTEN.flatten(FLATTEN.java:26)
	at java_programs.FLATTEN.flatten(FLATTEN.java:26)
	at java_programs.FLATTEN.flatten(FLATTEN.java:26)
	at java_programs.FLATTEN.flatten(FLATTEN.java:26)
	at java_programs.FLATTEN.flatten(FLATTEN.java:26)
	at java_programs.FLATTEN.flatten(FLATTEN.java:26)
	at java_programs.FLATTEN.flatten(FLATTEN.java:26)
	at java_programs.FLATTEN.flatten(FLATTEN.java:26)
	at java_programs.FLATTEN.flatten(FLATTEN.java:26)
	at java_programs.FLATTEN.flatten(FLATTEN.java:26)
	at java_programs.FLATTEN.flatten(FLATTEN.java:26)
</failure>
  </testcase>
  <testcase name="test_6" classname="java_testcases.junit.FLATTEN_TEST" time="0.01">
    <failure message="java.lang.StackOverflowError" type="java.lang.StackOverflowError">java.lang.StackOverflowError
	at java_programs.FLATTEN.flatten(FLATTEN.java:26)
	at java_programs.FLATTEN.flatten(FLATTEN.java:26)
	at java_programs.FLATTEN.flatten(FLATTEN.java:26)
	at java_programs.FLATTEN.flatten(FLATTEN.java:26)
	at java_programs.FLATTEN.flatten(FLATTEN.java:26)
	at java_programs.FLATTEN.flatten(FLATTEN.java:26)
	at java_programs.FLATTEN.flatten(FLATTEN.java:26)
	at java_programs.FLATTEN.flatten(FLATTEN.java:26)
	at java_programs.FLATTEN.flatten(FLATTEN.java:26)
	at java_programs.FLATTEN.flatten(FLATTEN.java:26)
	at java_programs.FLATTEN.flatten(FLATTEN.java:26)
	at java_programs.FLATTEN.flatten(FLATTEN.java:26)
	at java_programs.FLATTEN.flatten(FLATTEN.java:26)
	at java_programs.FLATTEN.flatten(FLATTEN.java:26)
	at java_programs.FLATTEN.flatten(FLATTEN.java:26)
	at java_programs.FLATTEN.flatten(FLATTEN.java:26)
	at java_programs.FLATTEN.flatten(FLATTEN.java:26)
	at java_programs.FLATTEN.flatten(FLATTEN.java:26)
	at java_programs.FLATTEN.flatten(FLATTEN.java:26)
	at java_programs.FLATTEN.flatten(FLATTEN.java:26)
	at java_programs.FLATTEN.flatten(FLATTEN.java:26)
	at java_programs.FLATTEN.flatten(FLATTEN.java:26)
	at java_programs.FLATTEN.flatten(FLATTEN.java:26)
	at java_programs.FLATTEN.flatten(FLATTEN.java:26)
	at java_programs.FLATTEN.flatten(FLATTEN.java:26)
	at java_programs.FLATTEN.flatten(FLATTEN.java:26)
	at java_programs.FLATTEN.flatten(FLATTEN.java:26)
	at java_programs.FLATTEN.flatten(FLATTEN.java:26)
	at java_programs.FLATTEN.flatten(FLATTEN.java:26)
	at java_programs.FLATTEN.flatten(FLATTEN.java:26)
	at java_programs.FLATTEN.flatten(FLATTEN.java:26)
	at java_programs.FLATTEN.flatten(FLATTEN.java:26)
	at java_programs.FLATTEN.flatten(FLATTEN.java:26)
	at java_programs.FLATTEN.flatten(FLATTEN.java:26)
	at java_programs.FLATTEN.flatten(FLATTEN.java:26)
	at java_programs.FLATTEN.flatten(FLATTEN.java:26)
	at java_programs.FLATTEN.flatten(FLATTEN.java:26)
	at java_programs.FLATTEN.flatten(FLATTEN.java:26)
	at java_programs.FLATTEN.flatten(FLATTEN.java:26)
	at java_programs.FLATTEN.flatten(FLATTEN.java:26)
	at java_programs.FLATTEN.flatten(FLATTEN.java:26)
	at java_programs.FLATTEN.flatten(FLATTEN.java:26)
	at java_programs.FLATTEN.flatten(FLATTEN.java:26)
	at java_programs.FLATTEN.flatten(FLATTEN.java:26)
	at java_programs.FLATTEN.flatten(FLATTEN.java:26)
	at java_programs.FLATTEN.flatten(FLATTEN.java:26)
	at java_programs.FLATTEN.flatten(FLATTEN.java:26)
	at java_programs.FLATTEN.flatten(FLATTEN.java:26)
	at java_programs.FLATTEN.flatten(FLATTEN.java:26)
	at java_programs.FLATTEN.flatten(FLATTEN.java:26)
	at java_programs.FLATTEN.flatten(FLATTEN.java:26)
	at java_programs.FLATTEN.flatten(FLATTEN.java:26)
	at java_programs.FLATTEN.flatten(FLATTEN.java:26)
	at java_programs.FLATTEN.flatten(FLATTEN.java:26)
	at java_programs.FLATTEN.flatten(FLATTEN.java:26)
	at java_programs.FLATTEN.flatten(FLATTEN.java:26)
	at java_programs.FLATTEN.flatten(FLATTEN.java:26)
	at java_programs.FLATTEN.flatten(FLATTEN.java:26)
	at java_programs.FLATTEN.flatten(FLATTEN.java:26)
	at java_programs.FLATTEN.flatten(FLATTEN.java:26)
	at java_programs.FLATTEN.flatten(FLATTEN.java:26)
	at java_programs.FLATTEN.flatten(FLATTEN.java:26)
	at java_programs.FLATTEN.flatten(FLATTEN.java:26)
	at java_programs.FLATTEN.flatten(FLATTEN.java:26)
	at java_programs.FLATTEN.flatten(FLATTEN.java:26)
	at java_programs.FLATTEN.flatten(FLATTEN.java:26)
	at java_programs.FLATTEN.flatten(FLATTEN.java:26)
	at java_programs.FLATTEN.flatten(FLATTEN.java:26)
	at java_programs.FLATTEN.flatten(FLATTEN.java:26)
	at java_programs.FLATTEN.flatten(FLATTEN.java:26)
	at java_programs.FLATTEN.flatten(FLATTEN.java:26)
	at java_programs.FLATTEN.flatten(FLATTEN.java:26)
	at java_programs.FLATTEN.flatten(FLATTEN.java:26)
	at java_programs.FLATTEN.flatten(FLATTEN.java:26)
	at java_programs.FLATTEN.flatten(FLATTEN.java:26)
	at java_programs.FLATTEN.flatten(FLATTEN.java:26)
	at java_programs.FLATTEN.flatten(FLATTEN.java:26)
	at java_programs.FLATTEN.flatten(FLATTEN.java:26)
	at java_programs.FLATTEN.flatten(FLATTEN.java:26)
	at java_programs.FLATTEN.flatten(FLATTEN.java:26)
	at java_programs.FLATTEN.flatten(FLATTEN.java:26)
	at java_programs.FLATTEN.flatten(FLATTEN.java:26)
	at java_programs.FLATTEN.flatten(FLATTEN.java:26)
	at java_programs.FLATTEN.flatten(FLATTEN.java:26)
	at java_programs.FLATTEN.flatten(FLATTEN.java:26)
	at java_programs.FLATTEN.flatten(FLATTEN.java:26)
	at java_programs.FLATTEN.flatten(FLATTEN.java:26)
	at java_programs.FLATTEN.flatten(FLATTEN.java:26)
	at java_programs.FLATTEN.flatten(FLATTEN.java:26)
	at java_programs.FLATTEN.flatten(FLATTEN.java:26)
	at java_programs.FLATTEN.flatten(FLATTEN.java:26)
	at java_programs.FLATTEN.flatten(FLATTEN.java:26)
	at java_programs.FLATTEN.flatten(FLATTEN.java:26)
	at java_programs.FLATTEN.flatten(FLATTEN.java:26)
	at java_programs.FLATTEN.flatten(FLATTEN.java:26)
	at java_programs.FLATTEN.flatten(FLATTEN.java:26)
	at java_programs.FLATTEN.flatten(FLATTEN.java:26)
	at java_programs.FLATTEN.flatten(FLATTEN.java:26)
	at java_programs.FLATTEN.flatten(FLATTEN.java:26)
	at java_programs.FLATTEN.flatten(FLATTEN.java:26)
	at java_programs.FLATTEN.flatten(FLATTEN.java:26)
	at java_programs.FLATTEN.flatten(FLATTEN.java:26)
	at java_programs.FLATTEN.flatten(FLATTEN.java:26)
	at java_programs.FLATTEN.flatten(FLATTEN.java:26)
	at java_programs.FLATTEN.flatten(FLATTEN.java:26)
	at java_programs.FLATTEN.flatten(FLATTEN.java:26)
	at java_programs.FLATTEN.flatten(FLATTEN.java:26)
	at java_programs.FLATTEN.flatten(FLATTEN.java:26)
	at java_programs.FLATTEN.flatten(FLATTEN.java:26)
	at java_programs.FLATTEN.flatten(FLATTEN.java:26)
	at java_programs.FLATTEN.flatten(FLATTEN.java:26)
	at java_programs.FLATTEN.flatten(FLATTEN.java:26)
	at java_programs.FLATTEN.flatten(FLATTEN.java:26)
	at java_programs.FLATTEN.flatten(FLATTEN.java:26)
	at java_programs.FLATTEN.flatten(FLATTEN.java:26)
	at java_programs.FLATTEN.flatten(FLATTEN.java:26)
	at java_programs.FLATTEN.flatten(FLATTEN.java:26)
	at java_programs.FLATTEN.flatten(FLATTEN.java:26)
	at java_programs.FLATTEN.flatten(FLATTEN.java:26)
	at java_programs.FLATTEN.flatten(FLATTEN.java:26)
	at java_programs.FLATTEN.flatten(FLATTEN.java:26)
	at java_programs.FLATTEN.flatten(FLATTEN.java:26)
	at java_programs.FLATTEN.flatten(FLATTEN.java:26)
	at java_programs.FLATTEN.flatten(FLATTEN.java:26)
	at java_programs.FLATTEN.flatten(FLATTEN.java:26)
	at java_programs.FLATTEN.flatten(FLATTEN.java:26)
	at java_programs.FLATTEN.flatten(FLATTEN.java:26)
	at java_programs.FLATTEN.flatten(FLATTEN.java:26)
	at java_programs.FLATTEN.flatten(FLATTEN.java:26)
	at java_programs.FLATTEN.flatten(FLATTEN.java:26)
	at java_programs.FLATTEN.flatten(FLATTEN.java:26)
	at java_programs.FLATTEN.flatten(FLATTEN.java:26)
	at java_programs.FLATTEN.flatten(FLATTEN.java:26)
	at java_programs.FLATTEN.flatten(FLATTEN.java:26)
	at java_programs.FLATTEN.flatten(FLATTEN.java:26)
	at java_programs.FLATTEN.flatten(FLATTEN.java:26)
	at java_programs.FLATTEN.flatten(FLATTEN.java:26)
	at java_programs.FLATTEN.flatten(FLATTEN.java:26)
	at java_programs.FLATTEN.flatten(FLATTEN.java:26)
	at java_programs.FLATTEN.flatten(FLATTEN.java:26)
	at java_programs.FLATTEN.flatten(FLATTEN.java:26)
	at java_programs.FLATTEN.flatten(FLATTEN.java:26)
	at java_programs.FLATTEN.flatten(FLATTEN.java:26)
	at java_programs.FLATTEN.flatten(FLATTEN.java:26)
	at java_programs.FLATTEN.flatten(FLATTEN.java:26)
	at java_programs.FLATTEN.flatten(FLATTEN.java:26)
	at java_programs.FLATTEN.flatten(FLATTEN.java:26)
	at java_programs.FLATTEN.flatten(FLATTEN.java:26)
	at java_programs.FLATTEN.flatten(FLATTEN.java:26)
	at java_programs.FLATTEN.flatten(FLATTEN.java:26)
	at java_programs.FLATTEN.flatten(FLATTEN.java:26)
	at java_programs.FLATTEN.flatten(FLATTEN.java:26)
	at java_programs.FLATTEN.flatten(FLATTEN.java:26)
	at java_programs.FLATTEN.flatten(FLATTEN.java:26)
	at java_programs.FLATTEN.flatten(FLATTEN.java:26)
	at java_programs.FLATTEN.flatten(FLATTEN.java:26)
	at java_programs.FLATTEN.flatten(FLATTEN.java:26)
	at java_programs.FLATTEN.flatten(FLATTEN.java:26)
	at java_programs.FLATTEN.flatten(FLATTEN.java:26)
	at java_programs.FLATTEN.flatten(FLATTEN.java:26)
	at java_programs.FLATTEN.flatten(FLATTEN.java:26)
	at java_programs.FLATTEN.flatten(FLATTEN.java:26)
	at java_programs.FLATTEN.flatten(FLATTEN.java:26)
	at java_programs.FLATTEN.flatten(FLATTEN.java:26)
	at java_programs.FLATTEN.flatten(FLATTEN.java:26)
	at java_programs.FLATTEN.flatten(FLATTEN.java:26)
	at java_programs.FLATTEN.flatten(FLATTEN.java:26)
	at java_programs.FLATTEN.flatten(FLATTEN.java:26)
	at java_programs.FLATTEN.flatten(FLATTEN.java:26)
	at java_programs.FLATTEN.flatten(FLATTEN.java:26)
	at java_programs.FLATTEN.flatten(FLATTEN.java:26)
	at java_programs.FLATTEN.flatten(FLATTEN.java:26)
	at java_programs.FLATTEN.flatten(FLATTEN.java:26)
	at java_programs.FLATTEN.flatten(FLATTEN.java:26)
	at java_programs.FLATTEN.flatten(FLATTEN.java:26)
	at java_programs.FLATTEN.flatten(FLATTEN.java:26)
	at java_programs.FLATTEN.flatten(FLATTEN.java:26)
	at java_programs.FLATTEN.flatten(FLATTEN.java:26)
	at java_programs.FLATTEN.flatten(FLATTEN.java:26)
	at java_programs.FLATTEN.flatten(FLATTEN.java:26)
	at java_programs.FLATTEN.flatten(FLATTEN.java:26)
	at java_programs.FLATTEN.flatten(FLATTEN.java:26)
	at java_programs.FLATTEN.flatten(FLATTEN.java:26)
	at java_programs.FLATTEN.flatten(FLATTEN.java:26)
	at java_programs.FLATTEN.flatten(FLATTEN.java:26)
	at java_programs.FLATTEN.flatten(FLATTEN.java:26)
	at java_programs.FLATTEN.flatten(FLATTEN.java:26)
	at java_programs.FLATTEN.flatten(FLATTEN.java:26)
	at java_programs.FLATTEN.flatten(FLATTEN.java:26)
	at java_programs.FLATTEN.flatten(FLATTEN.java:26)
	at java_programs.FLATTEN.flatten(FLATTEN.java:26)
	at java_programs.FLATTEN.flatten(FLATTEN.java:26)
	at java_programs.FLATTEN.flatten(FLATTEN.java:26)
	at java_programs.FLATTEN.flatten(FLATTEN.java:26)
	at java_programs.FLATTEN.flatten(FLATTEN.java:26)
	at java_programs.FLATTEN.flatten(FLATTEN.java:26)
	at java_programs.FLATTEN.flatten(FLATTEN.java:26)
	at java_programs.FLATTEN.flatten(FLATTEN.java:26)
	at java_programs.FLATTEN.flatten(FLATTEN.java:26)
	at java_programs.FLATTEN.flatten(FLATTEN.java:26)
	at java_programs.FLATTEN.flatten(FLATTEN.java:26)
	at java_programs.FLATTEN.flatten(FLATTEN.java:26)
	at java_programs.FLATTEN.flatten(FLATTEN.java:26)
	at java_programs.FLATTEN.flatten(FLATTEN.java:26)
	at java_programs.FLATTEN.flatten(FLATTEN.java:26)
	at java_programs.FLATTEN.flatten(FLATTEN.java:26)
	at java_programs.FLATTEN.flatten(FLATTEN.java:26)
	at java_programs.FLATTEN.flatten(FLATTEN.java:26)
	at java_programs.FLATTEN.flatten(FLATTEN.java:26)
	at java_programs.FLATTEN.flatten(FLATTEN.java:26)
	at java_programs.FLATTEN.flatten(FLATTEN.java:26)
	at java_programs.FLATTEN.flatten(FLATTEN.java:26)
	at java_programs.FLATTEN.flatten(FLATTEN.java:26)
	at java_programs.FLATTEN.flatten(FLATTEN.java:26)
	at java_programs.FLATTEN.flatten(FLATTEN.java:26)
	at java_programs.FLATTEN.flatten(FLATTEN.java:26)
	at java_programs.FLATTEN.flatten(FLATTEN.java:26)
	at java_programs.FLATTEN.flatten(FLATTEN.java:26)
	at java_programs.FLATTEN.flatten(FLATTEN.java:26)
	at java_programs.FLATTEN.flatten(FLATTEN.java:26)
	at java_programs.FLATTEN.flatten(FLATTEN.java:26)
	at java_programs.FLATTEN.flatten(FLATTEN.java:26)
	at java_programs.FLATTEN.flatten(FLATTEN.java:26)
	at java_programs.FLATTEN.flatten(FLATTEN.java:26)
	at java_programs.FLATTEN.flatten(FLATTEN.java:26)
	at java_programs.FLATTEN.flatten(FLATTEN.java:26)
	at java_programs.FLATTEN.flatten(FLATTEN.java:26)
	at java_programs.FLATTEN.flatten(FLATTEN.java:26)
	at java_programs.FLATTEN.flatten(FLATTEN.java:26)
	at java_programs.FLATTEN.flatten(FLATTEN.java:26)
	at java_programs.FLATTEN.flatten(FLATTEN.java:26)
	at java_programs.FLATTEN.flatten(FLATTEN.java:26)
	at java_programs.FLATTEN.flatten(FLATTEN.java:26)
	at java_programs.FLATTEN.flatten(FLATTEN.java:26)
	at java_programs.FLATTEN.flatten(FLATTEN.java:26)
	at java_programs.FLATTEN.flatten(FLATTEN.java:26)
	at java_programs.FLATTEN.flatten(FLATTEN.java:26)
	at java_programs.FLATTEN.flatten(FLATTEN.java:26)
	at java_programs.FLATTEN.flatten(FLATTEN.java:26)
	at java_programs.FLATTEN.flatten(FLATTEN.java:26)
	at java_programs.FLATTEN.flatten(FLATTEN.java:26)
	at java_programs.FLATTEN.flatten(FLATTEN.java:26)
	at java_programs.FLATTEN.flatten(FLATTEN.java:26)
	at java_programs.FLATTEN.flatten(FLATTEN.java:26)
	at java_programs.FLATTEN.flatten(FLATTEN.java:26)
	at java_programs.FLATTEN.flatten(FLATTEN.java:26)
	at java_programs.FLATTEN.flatten(FLATTEN.java:26)
	at java_programs.FLATTEN.flatten(FLATTEN.java:26)
	at java_programs.FLATTEN.flatten(FLATTEN.java:26)
	at java_programs.FLATTEN.flatten(FLATTEN.java:26)
	at java_programs.FLATTEN.flatten(FLATTEN.java:26)
	at java_programs.FLATTEN.flatten(FLATTEN.java:26)
	at java_programs.FLATTEN.flatten(FLATTEN.java:26)
	at java_programs.FLATTEN.flatten(FLATTEN.java:26)
	at java_programs.FLATTEN.flatten(FLATTEN.java:26)
	at java_programs.FLATTEN.flatten(FLATTEN.java:26)
	at java_programs.FLATTEN.flatten(FLATTEN.java:26)
	at java_programs.FLATTEN.flatten(FLATTEN.java:26)
	at java_programs.FLATTEN.flatten(FLATTEN.java:26)
	at java_programs.FLATTEN.flatten(FLATTEN.java:26)
	at java_programs.FLATTEN.flatten(FLATTEN.java:26)
	at java_programs.FLATTEN.flatten(FLATTEN.java:26)
	at java_programs.FLATTEN.flatten(FLATTEN.java:26)
	at java_programs.FLATTEN.flatten(FLATTEN.java:26)
	at java_programs.FLATTEN.flatten(FLATTEN.java:26)
	at java_programs.FLATTEN.flatten(FLATTEN.java:26)
	at java_programs.FLATTEN.flatten(FLATTEN.java:26)
	at java_programs.FLATTEN.flatten(FLATTEN.java:26)
	at java_programs.FLATTEN.flatten(FLATTEN.java:26)
	at java_programs.FLATTEN.flatten(FLATTEN.java:26)
	at java_programs.FLATTEN.flatten(FLATTEN.java:26)
	at java_programs.FLATTEN.flatten(FLATTEN.java:26)
	at java_programs.FLATTEN.flatten(FLATTEN.java:26)
	at java_programs.FLATTEN.flatten(FLATTEN.java:26)
	at java_programs.FLATTEN.flatten(FLATTEN.java:26)
	at java_programs.FLATTEN.flatten(FLATTEN.java:26)
	at java_programs.FLATTEN.flatten(FLATTEN.java:26)
	at java_programs.FLATTEN.flatten(FLATTEN.java:26)
	at java_programs.FLATTEN.flatten(FLATTEN.java:26)
	at java_programs.FLATTEN.flatten(FLATTEN.java:26)
	at java_programs.FLATTEN.flatten(FLATTEN.java:26)
	at java_programs.FLATTEN.flatten(FLATTEN.java:26)
	at java_programs.FLATTEN.flatten(FLATTEN.java:26)
	at java_programs.FLATTEN.flatten(FLATTEN.java:26)
	at java_programs.FLATTEN.flatten(FLATTEN.java:26)
	at java_programs.FLATTEN.flatten(FLATTEN.java:26)
	at java_programs.FLATTEN.flatten(FLATTEN.java:26)
	at java_programs.FLATTEN.flatten(FLATTEN.java:26)
	at java_programs.FLATTEN.flatten(FLATTEN.java:26)
	at java_programs.FLATTEN.flatten(FLATTEN.java:26)
	at java_programs.FLATTEN.flatten(FLATTEN.java:26)
	at java_programs.FLATTEN.flatten(FLATTEN.java:26)
	at java_programs.FLATTEN.flatten(FLATTEN.java:26)
	at java_programs.FLATTEN.flatten(FLATTEN.java:26)
	at java_programs.FLATTEN.flatten(FLATTEN.java:26)
	at java_programs.FLATTEN.flatten(FLATTEN.java:26)
	at java_programs.FLATTEN.flatten(FLATTEN.java:26)
	at java_programs.FLATTEN.flatten(FLATTEN.java:26)
	at java_programs.FLATTEN.flatten(FLATTEN.java:26)
	at java_programs.FLATTEN.flatten(FLATTEN.java:26)
	at java_programs.FLATTEN.flatten(FLATTEN.java:26)
	at java_programs.FLATTEN.flatten(FLATTEN.java:26)
	at java_programs.FLATTEN.flatten(FLATTEN.java:26)
	at java_programs.FLATTEN.flatten(FLATTEN.java:26)
	at java_programs.FLATTEN.flatten(FLATTEN.java:26)
	at java_programs.FLATTEN.flatten(FLATTEN.java:26)
	at java_programs.FLATTEN.flatten(FLATTEN.java:26)
	at java_programs.FLATTEN.flatten(FLATTEN.java:26)
	at java_programs.FLATTEN.flatten(FLATTEN.java:26)
	at java_programs.FLATTEN.flatten(FLATTEN.java:26)
	at java_programs.FLATTEN.flatten(FLATTEN.java:26)
	at java_programs.FLATTEN.flatten(FLATTEN.java:26)
	at java_programs.FLATTEN.flatten(FLATTEN.java:26)
	at java_programs.FLATTEN.flatten(FLATTEN.java:26)
	at java_programs.FLATTEN.flatten(FLATTEN.java:26)
	at java_programs.FLATTEN.flatten(FLATTEN.java:26)
	at java_programs.FLATTEN.flatten(FLATTEN.java:26)
	at java_programs.FLATTEN.flatten(FLATTEN.java:26)
	at java_programs.FLATTEN.flatten(FLATTEN.java:26)
	at java_programs.FLATTEN.flatten(FLATTEN.java:26)
	at java_programs.FLATTEN.flatten(FLATTEN.java:26)
	at java_programs.FLATTEN.flatten(FLATTEN.java:26)
	at java_programs.FLATTEN.flatten(FLATTEN.java:26)
	at java_programs.FLATTEN.flatten(FLATTEN.java:26)
	at java_programs.FLATTEN.flatten(FLATTEN.java:26)
	at java_programs.FLATTEN.flatten(FLATTEN.java:26)
	at java_programs.FLATTEN.flatten(FLATTEN.java:26)
	at java_programs.FLATTEN.flatten(FLATTEN.java:26)
	at java_programs.FLATTEN.flatten(FLATTEN.java:26)
	at java_programs.FLATTEN.flatten(FLATTEN.java:26)
	at java_programs.FLATTEN.flatten(FLATTEN.java:26)
	at java_programs.FLATTEN.flatten(FLATTEN.java:26)
	at java_programs.FLATTEN.flatten(FLATTEN.java:26)
	at java_programs.FLATTEN.flatten(FLATTEN.java:26)
	at java_programs.FLATTEN.flatten(FLATTEN.java:26)
	at java_programs.FLATTEN.flatten(FLATTEN.java:26)
	at java_programs.FLATTEN.flatten(FLATTEN.java:26)
	at java_programs.FLATTEN.flatten(FLATTEN.java:26)
	at java_programs.FLATTEN.flatten(FLATTEN.java:26)
	at java_programs.FLATTEN.flatten(FLATTEN.java:26)
	at java_programs.FLATTEN.flatten(FLATTEN.java:26)
	at java_programs.FLATTEN.flatten(FLATTEN.java:26)
	at java_programs.FLATTEN.flatten(FLATTEN.java:26)
	at java_programs.FLATTEN.flatten(FLATTEN.java:26)
	at java_programs.FLATTEN.flatten(FLATTEN.java:26)
	at java_programs.FLATTEN.flatten(FLATTEN.java:26)
	at java_programs.FLATTEN.flatten(FLATTEN.java:26)
	at java_programs.FLATTEN.flatten(FLATTEN.java:26)
	at java_programs.FLATTEN.flatten(FLATTEN.java:26)
	at java_programs.FLATTEN.flatten(FLATTEN.java:26)
	at java_programs.FLATTEN.flatten(FLATTEN.java:26)
	at java_programs.FLATTEN.flatten(FLATTEN.java:26)
	at java_programs.FLATTEN.flatten(FLATTEN.java:26)
	at java_programs.FLATTEN.flatten(FLATTEN.java:26)
	at java_programs.FLATTEN.flatten(FLATTEN.java:26)
	at java_programs.FLATTEN.flatten(FLATTEN.java:26)
	at java_programs.FLATTEN.flatten(FLATTEN.java:26)
	at java_programs.FLATTEN.flatten(FLATTEN.java:26)
	at java_programs.FLATTEN.flatten(FLATTEN.java:26)
	at java_programs.FLATTEN.flatten(FLATTEN.java:26)
	at java_programs.FLATTEN.flatten(FLATTEN.java:26)
	at java_programs.FLATTEN.flatten(FLATTEN.java:26)
	at java_programs.FLATTEN.flatten(FLATTEN.java:26)
	at java_programs.FLATTEN.flatten(FLATTEN.java:26)
	at java_programs.FLATTEN.flatten(FLATTEN.java:26)
	at java_programs.FLATTEN.flatten(FLATTEN.java:26)
	at java_programs.FLATTEN.flatten(FLATTEN.java:26)
	at java_programs.FLATTEN.flatten(FLATTEN.java:26)
	at java_programs.FLATTEN.flatten(FLATTEN.java:26)
	at java_programs.FLATTEN.flatten(FLATTEN.java:26)
	at java_programs.FLATTEN.flatten(FLATTEN.java:26)
	at java_programs.FLATTEN.flatten(FLATTEN.java:26)
	at java_programs.FLATTEN.flatten(FLATTEN.java:26)
	at java_programs.FLATTEN.flatten(FLATTEN.java:26)
	at java_programs.FLATTEN.flatten(FLATTEN.java:26)
	at java_programs.FLATTEN.flatten(FLATTEN.java:26)
	at java_programs.FLATTEN.flatten(FLATTEN.java:26)
	at java_programs.FLATTEN.flatten(FLATTEN.java:26)
	at java_programs.FLATTEN.flatten(FLATTEN.java:26)
	at java_programs.FLATTEN.flatten(FLATTEN.java:26)
	at java_programs.FLATTEN.flatten(FLATTEN.java:26)
	at java_programs.FLATTEN.flatten(FLATTEN.java:26)
	at java_programs.FLATTEN.flatten(FLATTEN.java:26)
	at java_programs.FLATTEN.flatten(FLATTEN.java:26)
	at java_programs.FLATTEN.flatten(FLATTEN.java:26)
	at java_programs.FLATTEN.flatten(FLATTEN.java:26)
	at java_programs.FLATTEN.flatten(FLATTEN.java:26)
	at java_programs.FLATTEN.flatten(FLATTEN.java:26)
	at java_programs.FLATTEN.flatten(FLATTEN.java:26)
	at java_programs.FLATTEN.flatten(FLATTEN.java:26)
	at java_programs.FLATTEN.flatten(FLATTEN.java:26)
	at java_programs.FLATTEN.flatten(FLATTEN.java:26)
	at java_programs.FLATTEN.flatten(FLATTEN.java:26)
	at java_programs.FLATTEN.flatten(FLATTEN.java:26)
	at java_programs.FLATTEN.flatten(FLATTEN.java:26)
	at java_programs.FLATTEN.flatten(FLATTEN.java:26)
	at java_programs.FLATTEN.flatten(FLATTEN.java:26)
	at java_programs.FLATTEN.flatten(FLATTEN.java:26)
	at java_programs.FLATTEN.flatten(FLATTEN.java:26)
	at java_programs.FLATTEN.flatten(FLATTEN.java:26)
	at java_programs.FLATTEN.flatten(FLATTEN.java:26)
	at java_programs.FLATTEN.flatten(FLATTEN.java:26)
	at java_programs.FLATTEN.flatten(FLATTEN.java:26)
	at java_programs.FLATTEN.flatten(FLATTEN.java:26)
	at java_programs.FLATTEN.flatten(FLATTEN.java:26)
	at java_programs.FLATTEN.flatten(FLATTEN.java:26)
	at java_programs.FLATTEN.flatten(FLATTEN.java:26)
	at java_programs.FLATTEN.flatten(FLATTEN.java:26)
	at java_programs.FLATTEN.flatten(FLATTEN.java:26)
	at java_programs.FLATTEN.flatten(FLATTEN.java:26)
	at java_programs.FLATTEN.flatten(FLATTEN.java:26)
	at java_programs.FLATTEN.flatten(FLATTEN.java:26)
	at java_programs.FLATTEN.flatten(FLATTEN.java:26)
	at java_programs.FLATTEN.flatten(FLATTEN.java:26)
	at java_programs.FLATTEN.flatten(FLATTEN.java:26)
	at java_programs.FLATTEN.flatten(FLATTEN.java:26)
	at java_programs.FLATTEN.flatten(FLATTEN.java:26)
	at java_programs.FLATTEN.flatten(FLATTEN.java:26)
	at java_programs.FLATTEN.flatten(FLATTEN.java:26)
	at java_programs.FLATTEN.flatten(FLATTEN.java:26)
	at java_programs.FLATTEN.flatten(FLATTEN.java:26)
	at java_programs.FLATTEN.flatten(FLATTEN.java:26)
	at java_programs.FLATTEN.flatten(FLATTEN.java:26)
	at java_programs.FLATTEN.flatten(FLATTEN.java:26)
	at java_programs.FLATTEN.flatten(FLATTEN.java:26)
	at java_programs.FLATTEN.flatten(FLATTEN.java:26)
	at java_programs.FLATTEN.flatten(FLATTEN.java:26)
	at java_programs.FLATTEN.flatten(FLATTEN.java:26)
	at java_programs.FLATTEN.flatten(FLATTEN.java:26)
	at java_programs.FLATTEN.flatten(FLATTEN.java:26)
	at java_programs.FLATTEN.flatten(FLATTEN.java:26)
	at java_programs.FLATTEN.flatten(FLATTEN.java:26)
	at java_programs.FLATTEN.flatten(FLATTEN.java:26)
	at java_programs.FLATTEN.flatten(FLATTEN.java:26)
	at java_programs.FLATTEN.flatten(FLATTEN.java:26)
	at java_programs.FLATTEN.flatten(FLATTEN.java:26)
	at java_programs.FLATTEN.flatten(FLATTEN.java:26)
	at java_programs.FLATTEN.flatten(FLATTEN.java:26)
	at java_programs.FLATTEN.flatten(FLATTEN.java:26)
	at java_programs.FLATTEN.flatten(FLATTEN.java:26)
	at java_programs.FLATTEN.flatten(FLATTEN.java:26)
	at java_programs.FLATTEN.flatten(FLATTEN.java:26)
	at java_programs.FLATTEN.flatten(FLATTEN.java:26)
	at java_programs.FLATTEN.flatten(FLATTEN.java:26)
	at java_programs.FLATTEN.flatten(FLATTEN.java:26)
	at java_programs.FLATTEN.flatten(FLATTEN.java:26)
	at java_programs.FLATTEN.flatten(FLATTEN.java:26)
	at java_programs.FLATTEN.flatten(FLATTEN.java:26)
	at java_programs.FLATTEN.flatten(FLATTEN.java:26)
	at java_programs.FLATTEN.flatten(FLATTEN.java:26)
	at java_programs.FLATTEN.flatten(FLATTEN.java:26)
	at java_programs.FLATTEN.flatten(FLATTEN.java:26)
	at java_programs.FLATTEN.flatten(FLATTEN.java:26)
	at java_programs.FLATTEN.flatten(FLATTEN.java:26)
	at java_programs.FLATTEN.flatten(FLATTEN.java:26)
	at java_programs.FLATTEN.flatten(FLATTEN.java:26)
	at java_programs.FLATTEN.flatten(FLATTEN.java:26)
	at java_programs.FLATTEN.flatten(FLATTEN.java:26)
	at java_programs.FLATTEN.flatten(FLATTEN.java:26)
	at java_programs.FLATTEN.flatten(FLATTEN.java:26)
	at java_programs.FLATTEN.flatten(FLATTEN.java:26)
	at java_programs.FLATTEN.flatten(FLATTEN.java:26)
	at java_programs.FLATTEN.flatten(FLATTEN.java:26)
	at java_programs.FLATTEN.flatten(FLATTEN.java:26)
	at java_programs.FLATTEN.flatten(FLATTEN.java:26)
	at java_programs.FLATTEN.flatten(FLATTEN.java:26)
	at java_programs.FLATTEN.flatten(FLATTEN.java:26)
	at java_programs.FLATTEN.flatten(FLATTEN.java:26)
	at java_programs.FLATTEN.flatten(FLATTEN.java:26)
	at java_programs.FLATTEN.flatten(FLATTEN.java:26)
	at java_programs.FLATTEN.flatten(FLATTEN.java:26)
	at java_programs.FLATTEN.flatten(FLATTEN.java:26)
	at java_programs.FLATTEN.flatten(FLATTEN.java:26)
	at java_programs.FLATTEN.flatten(FLATTEN.java:26)
	at java_programs.FLATTEN.flatten(FLATTEN.java:26)
	at java_programs.FLATTEN.flatten(FLATTEN.java:26)
	at java_programs.FLATTEN.flatten(FLATTEN.java:26)
	at java_programs.FLATTEN.flatten(FLATTEN.java:26)
	at java_programs.FLATTEN.flatten(FLATTEN.java:26)
	at java_programs.FLATTEN.flatten(FLATTEN.java:26)
	at java_programs.FLATTEN.flatten(FLATTEN.java:26)
	at java_programs.FLATTEN.flatten(FLATTEN.java:26)
	at java_programs.FLATTEN.flatten(FLATTEN.java:26)
	at java_programs.FLATTEN.flatten(FLATTEN.java:26)
	at java_programs.FLATTEN.flatten(FLATTEN.java:26)
	at java_programs.FLATTEN.flatten(FLATTEN.java:26)
	at java_programs.FLATTEN.flatten(FLATTEN.java:26)
	at java_programs.FLATTEN.flatten(FLATTEN.java:26)
	at java_programs.FLATTEN.flatten(FLATTEN.java:26)
	at java_programs.FLATTEN.flatten(FLATTEN.java:26)
	at java_programs.FLATTEN.flatten(FLATTEN.java:26)
	at java_programs.FLATTEN.flatten(FLATTEN.java:26)
	at java_programs.FLATTEN.flatten(FLATTEN.java:26)
	at java_programs.FLATTEN.flatten(FLATTEN.java:26)
	at java_programs.FLATTEN.flatten(FLATTEN.java:26)
	at java_programs.FLATTEN.flatten(FLATTEN.java:26)
	at java_programs.FLATTEN.flatten(FLATTEN.java:26)
	at java_programs.FLATTEN.flatten(FLATTEN.java:26)
	at java_programs.FLATTEN.flatten(FLATTEN.java:26)
	at java_programs.FLATTEN.flatten(FLATTEN.java:26)
	at java_programs.FLATTEN.flatten(FLATTEN.java:26)
	at java_programs.FLATTEN.flatten(FLATTEN.java:26)
	at java_programs.FLATTEN.flatten(FLATTEN.java:26)
	at java_programs.FLATTEN.flatten(FLATTEN.java:26)
	at java_programs.FLATTEN.flatten(FLATTEN.java:26)
	at java_programs.FLATTEN.flatten(FLATTEN.java:26)
	at java_programs.FLATTEN.flatten(FLATTEN.java:26)
	at java_programs.FLATTEN.flatten(FLATTEN.java:26)
	at java_programs.FLATTEN.flatten(FLATTEN.java:26)
	at java_programs.FLATTEN.flatten(FLATTEN.java:26)
	at java_programs.FLATTEN.flatten(FLATTEN.java:26)
	at java_programs.FLATTEN.flatten(FLATTEN.java:26)
	at java_programs.FLATTEN.flatten(FLATTEN.java:26)
	at java_programs.FLATTEN.flatten(FLATTEN.java:26)
	at java_programs.FLATTEN.flatten(FLATTEN.java:26)
	at java_programs.FLATTEN.flatten(FLATTEN.java:26)
	at java_programs.FLATTEN.flatten(FLATTEN.java:26)
	at java_programs.FLATTEN.flatten(FLATTEN.java:26)
	at java_programs.FLATTEN.flatten(FLATTEN.java:26)
	at java_programs.FLATTEN.flatten(FLATTEN.java:26)
	at java_programs.FLATTEN.flatten(FLATTEN.java:26)
	at java_programs.FLATTEN.flatten(FLATTEN.java:26)
	at java_programs.FLATTEN.flatten(FLATTEN.java:26)
	at java_programs.FLATTEN.flatten(FLATTEN.java:26)
	at java_programs.FLATTEN.flatten(FLATTEN.java:26)
	at java_programs.FLATTEN.flatten(FLATTEN.java:26)
	at java_programs.FLATTEN.flatten(FLATTEN.java:26)
	at java_programs.FLATTEN.flatten(FLATTEN.java:26)
	at java_programs.FLATTEN.flatten(FLATTEN.java:26)
	at java_programs.FLATTEN.flatten(FLATTEN.java:26)
	at java_programs.FLATTEN.flatten(FLATTEN.java:26)
	at java_programs.FLATTEN.flatten(FLATTEN.java:26)
	at java_programs.FLATTEN.flatten(FLATTEN.java:26)
	at java_programs.FLATTEN.flatten(FLATTEN.java:26)
	at java_programs.FLATTEN.flatten(FLATTEN.java:26)
	at java_programs.FLATTEN.flatten(FLATTEN.java:26)
	at java_programs.FLATTEN.flatten(FLATTEN.java:26)
	at java_programs.FLATTEN.flatten(FLATTEN.java:26)
	at java_programs.FLATTEN.flatten(FLATTEN.java:26)
	at java_programs.FLATTEN.flatten(FLATTEN.java:26)
	at java_programs.FLATTEN.flatten(FLATTEN.java:26)
	at java_programs.FLATTEN.flatten(FLATTEN.java:26)
	at java_programs.FLATTEN.flatten(FLATTEN.java:26)
	at java_programs.FLATTEN.flatten(FLATTEN.java:26)
	at java_programs.FLATTEN.flatten(FLATTEN.java:26)
	at java_programs.FLATTEN.flatten(FLATTEN.java:26)
	at java_programs.FLATTEN.flatten(FLATTEN.java:26)
	at java_programs.FLATTEN.flatten(FLATTEN.java:26)
	at java_programs.FLATTEN.flatten(FLATTEN.java:26)
	at java_programs.FLATTEN.flatten(FLATTEN.java:26)
	at java_programs.FLATTEN.flatten(FLATTEN.java:26)
	at java_programs.FLATTEN.flatten(FLATTEN.java:26)
	at java_programs.FLATTEN.flatten(FLATTEN.java:26)
	at java_programs.FLATTEN.flatten(FLATTEN.java:26)
	at java_programs.FLATTEN.flatten(FLATTEN.java:26)
	at java_programs.FLATTEN.flatten(FLATTEN.java:26)
	at java_programs.FLATTEN.flatten(FLATTEN.java:26)
	at java_programs.FLATTEN.flatten(FLATTEN.java:26)
	at java_programs.FLATTEN.flatten(FLATTEN.java:26)
	at java_programs.FLATTEN.flatten(FLATTEN.java:26)
	at java_programs.FLATTEN.flatten(FLATTEN.java:26)
	at java_programs.FLATTEN.flatten(FLATTEN.java:26)
	at java_programs.FLATTEN.flatten(FLATTEN.java:26)
	at java_programs.FLATTEN.flatten(FLATTEN.java:26)
	at java_programs.FLATTEN.flatten(FLATTEN.java:26)
	at java_programs.FLATTEN.flatten(FLATTEN.java:26)
	at java_programs.FLATTEN.flatten(FLATTEN.java:26)
	at java_programs.FLATTEN.flatten(FLATTEN.java:26)
	at java_programs.FLATTEN.flatten(FLATTEN.java:26)
	at java_programs.FLATTEN.flatten(FLATTEN.java:26)
	at java_programs.FLATTEN.flatten(FLATTEN.java:26)
	at java_programs.FLATTEN.flatten(FLATTEN.java:26)
	at java_programs.FLATTEN.flatten(FLATTEN.java:26)
	at java_programs.FLATTEN.flatten(FLATTEN.java:26)
	at java_programs.FLATTEN.flatten(FLATTEN.java:26)
	at java_programs.FLATTEN.flatten(FLATTEN.java:26)
	at java_programs.FLATTEN.flatten(FLATTEN.java:26)
	at java_programs.FLATTEN.flatten(FLATTEN.java:26)
	at java_programs.FLATTEN.flatten(FLATTEN.java:26)
	at java_programs.FLATTEN.flatten(FLATTEN.java:26)
	at java_programs.FLATTEN.flatten(FLATTEN.java:26)
	at java_programs.FLATTEN.flatten(FLATTEN.java:26)
	at java_programs.FLATTEN.flatten(FLATTEN.java:26)
	at java_programs.FLATTEN.flatten(FLATTEN.java:26)
	at java_programs.FLATTEN.flatten(FLATTEN.java:26)
	at java_programs.FLATTEN.flatten(FLATTEN.java:26)
	at java_programs.FLATTEN.flatten(FLATTEN.java:26)
	at java_programs.FLATTEN.flatten(FLATTEN.java:26)
	at java_programs.FLATTEN.flatten(FLATTEN.java:26)
	at java_programs.FLATTEN.flatten(FLATTEN.java:26)
	at java_programs.FLATTEN.flatten(FLATTEN.java:26)
	at java_programs.FLATTEN.flatten(FLATTEN.java:26)
	at java_programs.FLATTEN.flatten(FLATTEN.java:26)
	at java_programs.FLATTEN.flatten(FLATTEN.java:26)
	at java_programs.FLATTEN.flatten(FLATTEN.java:26)
	at java_programs.FLATTEN.flatten(FLATTEN.java:26)
	at java_programs.FLATTEN.flatten(FLATTEN.java:26)
	at java_programs.FLATTEN.flatten(FLATTEN.java:26)
	at java_programs.FLATTEN.flatten(FLATTEN.java:26)
	at java_programs.FLATTEN.flatten(FLATTEN.java:26)
	at java_programs.FLATTEN.flatten(FLATTEN.java:26)
	at java_programs.FLATTEN.flatten(FLATTEN.java:26)
	at java_programs.FLATTEN.flatten(FLATTEN.java:26)
	at java_programs.FLATTEN.flatten(FLATTEN.java:26)
	at java_programs.FLATTEN.flatten(FLATTEN.java:26)
	at java_programs.FLATTEN.flatten(FLATTEN.java:26)
	at java_programs.FLATTEN.flatten(FLATTEN.java:26)
	at java_programs.FLATTEN.flatten(FLATTEN.java:26)
	at java_programs.FLATTEN.flatten(FLATTEN.java:26)
	at java_programs.FLATTEN.flatten(FLATTEN.java:26)
	at java_programs.FLATTEN.flatten(FLATTEN.java:26)
	at java_programs.FLATTEN.flatten(FLATTEN.java:26)
	at java_programs.FLATTEN.flatten(FLATTEN.java:26)
	at java_programs.FLATTEN.flatten(FLATTEN.java:26)
	at java_programs.FLATTEN.flatten(FLATTEN.java:26)
	at java_programs.FLATTEN.flatten(FLATTEN.java:26)
	at java_programs.FLATTEN.flatten(FLATTEN.java:26)
	at java_programs.FLATTEN.flatten(FLATTEN.java:26)
	at java_programs.FLATTEN.flatten(FLATTEN.java:26)
	at java_programs.FLATTEN.flatten(FLATTEN.java:26)
	at java_programs.FLATTEN.flatten(FLATTEN.java:26)
	at java_programs.FLATTEN.flatten(FLATTEN.java:26)
	at java_programs.FLATTEN.flatten(FLATTEN.java:26)
	at java_programs.FLATTEN.flatten(FLATTEN.java:26)
	at java_programs.FLATTEN.flatten(FLATTEN.java:26)
	at java_programs.FLATTEN.flatten(FLATTEN.java:26)
	at java_programs.FLATTEN.flatten(FLATTEN.java:26)
	at java_programs.FLATTEN.flatten(FLATTEN.java:26)
	at java_programs.FLATTEN.flatten(FLATTEN.java:26)
	at java_programs.FLATTEN.flatten(FLATTEN.java:26)
	at java_programs.FLATTEN.flatten(FLATTEN.java:26)
	at java_programs.FLATTEN.flatten(FLATTEN.java:26)
	at java_programs.FLATTEN.flatten(FLATTEN.java:26)
	at java_programs.FLATTEN.flatten(FLATTEN.java:26)
	at java_programs.FLATTEN.flatten(FLATTEN.java:26)
	at java_programs.FLATTEN.flatten(FLATTEN.java:26)
	at java_programs.FLATTEN.flatten(FLATTEN.java:26)
	at java_programs.FLATTEN.flatten(FLATTEN.java:26)
	at java_programs.FLATTEN.flatten(FLATTEN.java:26)
	at java_programs.FLATTEN.flatten(FLATTEN.java:26)
	at java_programs.FLATTEN.flatten(FLATTEN.java:26)
	at java_programs.FLATTEN.flatten(FLATTEN.java:26)
	at java_programs.FLATTEN.flatten(FLATTEN.java:26)
	at java_programs.FLATTEN.flatten(FLATTEN.java:26)
	at java_programs.FLATTEN.flatten(FLATTEN.java:26)
	at java_programs.FLATTEN.flatten(FLATTEN.java:26)
	at java_programs.FLATTEN.flatten(FLATTEN.java:26)
	at java_programs.FLATTEN.flatten(FLATTEN.java:26)
	at java_programs.FLATTEN.flatten(FLATTEN.java:26)
	at java_programs.FLATTEN.flatten(FLATTEN.java:26)
	at java_programs.FLATTEN.flatten(FLATTEN.java:26)
	at java_programs.FLATTEN.flatten(FLATTEN.java:26)
	at java_programs.FLATTEN.flatten(FLATTEN.java:26)
	at java_programs.FLATTEN.flatten(FLATTEN.java:26)
	at java_programs.FLATTEN.flatten(FLATTEN.java:26)
	at java_programs.FLATTEN.flatten(FLATTEN.java:26)
	at java_programs.FLATTEN.flatten(FLATTEN.java:26)
	at java_programs.FLATTEN.flatten(FLATTEN.java:26)
	at java_programs.FLATTEN.flatten(FLATTEN.java:26)
	at java_programs.FLATTEN.flatten(FLATTEN.java:26)
	at java_programs.FLATTEN.flatten(FLATTEN.java:26)
	at java_programs.FLATTEN.flatten(FLATTEN.java:26)
	at java_programs.FLATTEN.flatten(FLATTEN.java:26)
	at java_programs.FLATTEN.flatten(FLATTEN.java:26)
	at java_programs.FLATTEN.flatten(FLATTEN.java:26)
	at java_programs.FLATTEN.flatten(FLATTEN.java:26)
	at java_programs.FLATTEN.flatten(FLATTEN.java:26)
	at java_programs.FLATTEN.flatten(FLATTEN.java:26)
	at java_programs.FLATTEN.flatten(FLATTEN.java:26)
	at java_programs.FLATTEN.flatten(FLATTEN.java:26)
	at java_programs.FLATTEN.flatten(FLATTEN.java:26)
	at java_programs.FLATTEN.flatten(FLATTEN.java:26)
	at java_programs.FLATTEN.flatten(FLATTEN.java:26)
	at java_programs.FLATTEN.flatten(FLATTEN.java:26)
	at java_programs.FLATTEN.flatten(FLATTEN.java:26)
	at java_programs.FLATTEN.flatten(FLATTEN.java:26)
	at java_programs.FLATTEN.flatten(FLATTEN.java:26)
	at java_programs.FLATTEN.flatten(FLATTEN.java:26)
	at java_programs.FLATTEN.flatten(FLATTEN.java:26)
	at java_programs.FLATTEN.flatten(FLATTEN.java:26)
	at java_programs.FLATTEN.flatten(FLATTEN.java:26)
	at java_programs.FLATTEN.flatten(FLATTEN.java:26)
	at java_programs.FLATTEN.flatten(FLATTEN.java:26)
	at java_programs.FLATTEN.flatten(FLATTEN.java:26)
	at java_programs.FLATTEN.flatten(FLATTEN.java:26)
	at java_programs.FLATTEN.flatten(FLATTEN.java:26)
	at java_programs.FLATTEN.flatten(FLATTEN.java:26)
	at java_programs.FLATTEN.flatten(FLATTEN.java:26)
	at java_programs.FLATTEN.flatten(FLATTEN.java:26)
	at java_programs.FLATTEN.flatten(FLATTEN.java:26)
	at java_programs.FLATTEN.flatten(FLATTEN.java:26)
	at java_programs.FLATTEN.flatten(FLATTEN.java:26)
	at java_programs.FLATTEN.flatten(FLATTEN.java:26)
	at java_programs.FLATTEN.flatten(FLATTEN.java:26)
	at java_programs.FLATTEN.flatten(FLATTEN.java:26)
	at java_programs.FLATTEN.flatten(FLATTEN.java:26)
	at java_programs.FLATTEN.flatten(FLATTEN.java:26)
	at java_programs.FLATTEN.flatten(FLATTEN.java:26)
	at java_programs.FLATTEN.flatten(FLATTEN.java:26)
	at java_programs.FLATTEN.flatten(FLATTEN.java:26)
	at java_programs.FLATTEN.flatten(FLATTEN.java:26)
	at java_programs.FLATTEN.flatten(FLATTEN.java:26)
	at java_programs.FLATTEN.flatten(FLATTEN.java:26)
	at java_programs.FLATTEN.flatten(FLATTEN.java:26)
	at java_programs.FLATTEN.flatten(FLATTEN.java:26)
	at java_programs.FLATTEN.flatten(FLATTEN.java:26)
	at java_programs.FLATTEN.flatten(FLATTEN.java:26)
	at java_programs.FLATTEN.flatten(FLATTEN.java:26)
	at java_programs.FLATTEN.flatten(FLATTEN.java:26)
	at java_programs.FLATTEN.flatten(FLATTEN.java:26)
	at java_programs.FLATTEN.flatten(FLATTEN.java:26)
	at java_programs.FLATTEN.flatten(FLATTEN.java:26)
	at java_programs.FLATTEN.flatten(FLATTEN.java:26)
	at java_programs.FLATTEN.flatten(FLATTEN.java:26)
	at java_programs.FLATTEN.flatten(FLATTEN.java:26)
	at java_programs.FLATTEN.flatten(FLATTEN.java:26)
	at java_programs.FLATTEN.flatten(FLATTEN.java:26)
	at java_programs.FLATTEN.flatten(FLATTEN.java:26)
	at java_programs.FLATTEN.flatten(FLATTEN.java:26)
	at java_programs.FLATTEN.flatten(FLATTEN.java:26)
	at java_programs.FLATTEN.flatten(FLATTEN.java:26)
	at java_programs.FLATTEN.flatten(FLATTEN.java:26)
	at java_programs.FLATTEN.flatten(FLATTEN.java:26)
	at java_programs.FLATTEN.flatten(FLATTEN.java:26)
	at java_programs.FLATTEN.flatten(FLATTEN.java:26)
	at java_programs.FLATTEN.flatten(FLATTEN.java:26)
	at java_programs.FLATTEN.flatten(FLATTEN.java:26)
	at java_programs.FLATTEN.flatten(FLATTEN.java:26)
	at java_programs.FLATTEN.flatten(FLATTEN.java:26)
	at java_programs.FLATTEN.flatten(FLATTEN.java:26)
	at java_programs.FLATTEN.flatten(FLATTEN.java:26)
	at java_programs.FLATTEN.flatten(FLATTEN.java:26)
	at java_programs.FLATTEN.flatten(FLATTEN.java:26)
	at java_programs.FLATTEN.flatten(FLATTEN.java:26)
	at java_programs.FLATTEN.flatten(FLATTEN.java:26)
	at java_programs.FLATTEN.flatten(FLATTEN.java:26)
	at java_programs.FLATTEN.flatten(FLATTEN.java:26)
	at java_programs.FLATTEN.flatten(FLATTEN.java:26)
	at java_programs.FLATTEN.flatten(FLATTEN.java:26)
	at java_programs.FLATTEN.flatten(FLATTEN.java:26)
	at java_programs.FLATTEN.flatten(FLATTEN.java:26)
	at java_programs.FLATTEN.flatten(FLATTEN.java:26)
	at java_programs.FLATTEN.flatten(FLATTEN.java:26)
	at java_programs.FLATTEN.flatten(FLATTEN.java:26)
	at java_programs.FLATTEN.flatten(FLATTEN.java:26)
	at java_programs.FLATTEN.flatten(FLATTEN.java:26)
	at java_programs.FLATTEN.flatten(FLATTEN.java:26)
	at java_programs.FLATTEN.flatten(FLATTEN.java:26)
	at java_programs.FLATTEN.flatten(FLATTEN.java:26)
	at java_programs.FLATTEN.flatten(FLATTEN.java:26)
	at java_programs.FLATTEN.flatten(FLATTEN.java:26)
	at java_programs.FLATTEN.flatten(FLATTEN.java:26)
	at java_programs.FLATTEN.flatten(FLATTEN.java:26)
	at java_programs.FLATTEN.flatten(FLATTEN.java:26)
	at java_programs.FLATTEN.flatten(FLATTEN.java:26)
	at java_programs.FLATTEN.flatten(FLATTEN.java:26)
	at java_programs.FLATTEN.flatten(FLATTEN.java:26)
	at java_programs.FLATTEN.flatten(FLATTEN.java:26)
	at java_programs.FLATTEN.flatten(FLATTEN.java:26)
	at java_programs.FLATTEN.flatten(FLATTEN.java:26)
	at java_programs.FLATTEN.flatten(FLATTEN.java:26)
	at java_programs.FLATTEN.flatten(FLATTEN.java:26)
	at java_programs.FLATTEN.flatten(FLATTEN.java:26)
	at java_programs.FLATTEN.flatten(FLATTEN.java:26)
	at java_programs.FLATTEN.flatten(FLATTEN.java:26)
	at java_programs.FLATTEN.flatten(FLATTEN.java:26)
	at java_programs.FLATTEN.flatten(FLATTEN.java:26)
	at java_programs.FLATTEN.flatten(FLATTEN.java:26)
	at java_programs.FLATTEN.flatten(FLATTEN.java:26)
	at java_programs.FLATTEN.flatten(FLATTEN.java:26)
	at java_programs.FLATTEN.flatten(FLATTEN.java:26)
	at java_programs.FLATTEN.flatten(FLATTEN.java:26)
	at java_programs.FLATTEN.flatten(FLATTEN.java:26)
	at java_programs.FLATTEN.flatten(FLATTEN.java:26)
	at java_programs.FLATTEN.flatten(FLATTEN.java:26)
	at java_programs.FLATTEN.flatten(FLATTEN.java:26)
	at java_programs.FLATTEN.flatten(FLATTEN.java:26)
	at java_programs.FLATTEN.flatten(FLATTEN.java:26)
	at java_programs.FLATTEN.flatten(FLATTEN.java:26)
	at java_programs.FLATTEN.flatten(FLATTEN.java:26)
	at java_programs.FLATTEN.flatten(FLATTEN.java:26)
	at java_programs.FLATTEN.flatten(FLATTEN.java:26)
	at java_programs.FLATTEN.flatten(FLATTEN.java:26)
	at java_programs.FLATTEN.flatten(FLATTEN.java:26)
	at java_programs.FLATTEN.flatten(FLATTEN.java:26)
	at java_programs.FLATTEN.flatten(FLATTEN.java:26)
	at java_programs.FLATTEN.flatten(FLATTEN.java:26)
	at java_programs.FLATTEN.flatten(FLATTEN.java:26)
	at java_programs.FLATTEN.flatten(FLATTEN.java:26)
	at java_programs.FLATTEN.flatten(FLATTEN.java:26)
	at java_programs.FLATTEN.flatten(FLATTEN.java:26)
	at java_programs.FLATTEN.flatten(FLATTEN.java:26)
	at java_programs.FLATTEN.flatten(FLATTEN.java:26)
	at java_programs.FLATTEN.flatten(FLATTEN.java:26)
	at java_programs.FLATTEN.flatten(FLATTEN.java:26)
	at java_programs.FLATTEN.flatten(FLATTEN.java:26)
	at java_programs.FLATTEN.flatten(FLATTEN.java:26)
	at java_programs.FLATTEN.flatten(FLATTEN.java:26)
	at java_programs.FLATTEN.flatten(FLATTEN.java:26)
	at java_programs.FLATTEN.flatten(FLATTEN.java:26)
	at java_programs.FLATTEN.flatten(FLATTEN.java:26)
	at java_programs.FLATTEN.flatten(FLATTEN.java:26)
	at java_programs.FLATTEN.flatten(FLATTEN.java:26)
	at java_programs.FLATTEN.flatten(FLATTEN.java:26)
	at java_programs.FLATTEN.flatten(FLATTEN.java:26)
	at java_programs.FLATTEN.flatten(FLATTEN.java:26)
	at java_programs.FLATTEN.flatten(FLATTEN.java:26)
	at java_programs.FLATTEN.flatten(FLATTEN.java:26)
	at java_programs.FLATTEN.flatten(FLATTEN.java:26)
	at java_programs.FLATTEN.flatten(FLATTEN.java:26)
	at java_programs.FLATTEN.flatten(FLATTEN.java:26)
	at java_programs.FLATTEN.flatten(FLATTEN.java:26)
	at java_programs.FLATTEN.flatten(FLATTEN.java:26)
	at java_programs.FLATTEN.flatten(FLATTEN.java:26)
	at java_programs.FLATTEN.flatten(FLATTEN.java:26)
	at java_programs.FLATTEN.flatten(FLATTEN.java:26)
	at java_programs.FLATTEN.flatten(FLATTEN.java:26)
	at java_programs.FLATTEN.flatten(FLATTEN.java:26)
	at java_programs.FLATTEN.flatten(FLATTEN.java:26)
	at java_programs.FLATTEN.flatten(FLATTEN.java:26)
	at java_programs.FLATTEN.flatten(FLATTEN.java:26)
	at java_programs.FLATTEN.flatten(FLATTEN.java:26)
	at java_programs.FLATTEN.flatten(FLATTEN.java:26)
	at java_programs.FLATTEN.flatten(FLATTEN.java:26)
	at java_programs.FLATTEN.flatten(FLATTEN.java:26)
	at java_programs.FLATTEN.flatten(FLATTEN.java:26)
	at java_programs.FLATTEN.flatten(FLATTEN.java:26)
	at java_programs.FLATTEN.flatten(FLATTEN.java:26)
	at java_programs.FLATTEN.flatten(FLATTEN.java:26)
	at java_programs.FLATTEN.flatten(FLATTEN.java:26)
	at java_programs.FLATTEN.flatten(FLATTEN.java:26)
	at java_programs.FLATTEN.flatten(FLATTEN.java:26)
	at java_programs.FLATTEN.flatten(FLATTEN.java:26)
	at java_programs.FLATTEN.flatten(FLATTEN.java:26)
	at java_programs.FLATTEN.flatten(FLATTEN.java:26)
	at java_programs.FLATTEN.flatten(FLATTEN.java:26)
	at java_programs.FLATTEN.flatten(FLATTEN.java:26)
	at java_programs.FLATTEN.flatten(FLATTEN.java:26)
	at java_programs.FLATTEN.flatten(FLATTEN.java:26)
	at java_programs.FLATTEN.flatten(FLATTEN.java:26)
	at java_programs.FLATTEN.flatten(FLATTEN.java:26)
	at java_programs.FLATTEN.flatten(FLATTEN.java:26)
	at java_programs.FLATTEN.flatten(FLATTEN.java:26)
	at java_programs.FLATTEN.flatten(FLATTEN.java:26)
	at java_programs.FLATTEN.flatten(FLATTEN.java:26)
	at java_programs.FLATTEN.flatten(FLATTEN.java:26)
	at java_programs.FLATTEN.flatten(FLATTEN.java:26)
	at java_programs.FLATTEN.flatten(FLATTEN.java:26)
	at java_programs.FLATTEN.flatten(FLATTEN.java:26)
	at java_programs.FLATTEN.flatten(FLATTEN.java:26)
	at java_programs.FLATTEN.flatten(FLATTEN.java:26)
	at java_programs.FLATTEN.flatten(FLATTEN.java:26)
	at java_programs.FLATTEN.flatten(FLATTEN.java:26)
	at java_programs.FLATTEN.flatten(FLATTEN.java:26)
	at java_programs.FLATTEN.flatten(FLATTEN.java:26)
	at java_programs.FLATTEN.flatten(FLATTEN.java:26)
	at java_programs.FLATTEN.flatten(FLATTEN.java:26)
	at java_programs.FLATTEN.flatten(FLATTEN.java:26)
	at java_programs.FLATTEN.flatten(FLATTEN.java:26)
	at java_programs.FLATTEN.flatten(FLATTEN.java:26)
	at java_programs.FLATTEN.flatten(FLATTEN.java:26)
	at java_programs.FLATTEN.flatten(FLATTEN.java:26)
	at java_programs.FLATTEN.flatten(FLATTEN.java:26)
	at java_programs.FLATTEN.flatten(FLATTEN.java:26)
	at java_programs.FLATTEN.flatten(FLATTEN.java:26)
	at java_programs.FLATTEN.flatten(FLATTEN.java:26)
	at java_programs.FLATTEN.flatten(FLATTEN.java:26)
	at java_programs.FLATTEN.flatten(FLATTEN.java:26)
	at java_programs.FLATTEN.flatten(FLATTEN.java:26)
	at java_programs.FLATTEN.flatten(FLATTEN.java:26)
	at java_programs.FLATTEN.flatten(FLATTEN.java:26)
	at java_programs.FLATTEN.flatten(FLATTEN.java:26)
	at java_programs.FLATTEN.flatten(FLATTEN.java:26)
	at java_programs.FLATTEN.flatten(FLATTEN.java:26)
	at java_programs.FLATTEN.flatten(FLATTEN.java:26)
	at java_programs.FLATTEN.flatten(FLATTEN.java:26)
	at java_programs.FLATTEN.flatten(FLATTEN.java:26)
	at java_programs.FLATTEN.flatten(FLATTEN.java:26)
	at java_programs.FLATTEN.flatten(FLATTEN.java:26)
	at java_programs.FLATTEN.flatten(FLATTEN.java:26)
	at java_programs.FLATTEN.flatten(FLATTEN.java:26)
	at java_programs.FLATTEN.flatten(FLATTEN.java:26)
	at java_programs.FLATTEN.flatten(FLATTEN.java:26)
	at java_programs.FLATTEN.flatten(FLATTEN.java:26)
	at java_programs.FLATTEN.flatten(FLATTEN.java:26)
	at java_programs.FLATTEN.flatten(FLATTEN.java:26)
	at java_programs.FLATTEN.flatten(FLATTEN.java:26)
	at java_programs.FLATTEN.flatten(FLATTEN.java:26)
	at java_programs.FLATTEN.flatten(FLATTEN.java:26)
	at java_programs.FLATTEN.flatten(FLATTEN.java:26)
	at java_programs.FLATTEN.flatten(FLATTEN.java:26)
	at java_programs.FLATTEN.flatten(FLATTEN.java:26)
	at java_programs.FLATTEN.flatten(FLATTEN.java:26)
	at java_programs.FLATTEN.flatten(FLATTEN.java:26)
	at java_programs.FLATTEN.flatten(FLATTEN.java:26)
	at java_programs.FLATTEN.flatten(FLATTEN.java:26)
	at java_programs.FLATTEN.flatten(FLATTEN.java:26)
	at java_programs.FLATTEN.flatten(FLATTEN.java:26)
	at java_programs.FLATTEN.flatten(FLATTEN.java:26)
	at java_programs.FLATTEN.flatten(FLATTEN.java:26)
	at java_programs.FLATTEN.flatten(FLATTEN.java:26)
	at java_programs.FLATTEN.flatten(FLATTEN.java:26)
	at java_programs.FLATTEN.flatten(FLATTEN.java:26)
	at java_programs.FLATTEN.flatten(FLATTEN.java:26)
	at java_programs.FLATTEN.flatten(FLATTEN.java:26)
	at java_programs.FLATTEN.flatten(FLATTEN.java:26)
	at java_programs.FLATTEN.flatten(FLATTEN.java:26)
	at java_programs.FLATTEN.flatten(FLATTEN.java:26)
	at java_programs.FLATTEN.flatten(FLATTEN.java:26)
	at java_programs.FLATTEN.flatten(FLATTEN.java:26)
	at java_programs.FLATTEN.flatten(FLATTEN.java:26)
	at java_programs.FLATTEN.flatten(FLATTEN.java:26)
	at java_programs.FLATTEN.flatten(FLATTEN.java:26)
	at java_programs.FLATTEN.flatten(FLATTEN.java:26)
	at java_programs.FLATTEN.flatten(FLATTEN.java:26)
	at java_programs.FLATTEN.flatten(FLATTEN.java:26)
	at java_programs.FLATTEN.flatten(FLATTEN.java:26)
	at java_programs.FLATTEN.flatten(FLATTEN.java:26)
	at java_programs.FLATTEN.flatten(FLATTEN.java:26)
	at java_programs.FLATTEN.flatten(FLATTEN.java:26)
	at java_programs.FLATTEN.flatten(FLATTEN.java:26)
	at java_programs.FLATTEN.flatten(FLATTEN.java:26)
	at java_programs.FLATTEN.flatten(FLATTEN.java:26)
	at java_programs.FLATTEN.flatten(FLATTEN.java:26)
	at java_programs.FLATTEN.flatten(FLATTEN.java:26)
	at java_programs.FLATTEN.flatten(FLATTEN.java:26)
	at java_programs.FLATTEN.flatten(FLATTEN.java:26)
	at java_programs.FLATTEN.flatten(FLATTEN.java:26)
	at java_programs.FLATTEN.flatten(FLATTEN.java:26)
	at java_programs.FLATTEN.flatten(FLATTEN.java:26)
	at java_programs.FLATTEN.flatten(FLATTEN.java:26)
	at java_programs.FLATTEN.flatten(FLATTEN.java:26)
	at java_programs.FLATTEN.flatten(FLATTEN.java:26)
	at java_programs.FLATTEN.flatten(FLATTEN.java:26)
	at java_programs.FLATTEN.flatten(FLATTEN.java:26)
	at java_programs.FLATTEN.flatten(FLATTEN.java:26)
	at java_programs.FLATTEN.flatten(FLATTEN.java:26)
	at java_programs.FLATTEN.flatten(FLATTEN.java:26)
	at java_programs.FLATTEN.flatten(FLATTEN.java:26)
	at java_programs.FLATTEN.flatten(FLATTEN.java:26)
	at java_programs.FLATTEN.flatten(FLATTEN.java:26)
	at java_programs.FLATTEN.flatten(FLATTEN.java:26)
	at java_programs.FLATTEN.flatten(FLATTEN.java:26)
	at java_programs.FLATTEN.flatten(FLATTEN.java:26)
	at java_programs.FLATTEN.flatten(FLATTEN.java:26)
	at java_programs.FLATTEN.flatten(FLATTEN.java:26)
	at java_programs.FLATTEN.flatten(FLATTEN.java:26)
	at java_programs.FLATTEN.flatten(FLATTEN.java:26)
	at java_programs.FLATTEN.flatten(FLATTEN.java:26)
	at java_programs.FLATTEN.flatten(FLATTEN.java:26)
	at java_programs.FLATTEN.flatten(FLATTEN.java:26)
	at java_programs.FLATTEN.flatten(FLATTEN.java:26)
	at java_programs.FLATTEN.flatten(FLATTEN.java:26)
	at java_programs.FLATTEN.flatten(FLATTEN.java:26)
	at java_programs.FLATTEN.flatten(FLATTEN.java:26)
	at java_programs.FLATTEN.flatten(FLATTEN.java:26)
	at java_programs.FLATTEN.flatten(FLATTEN.java:26)
	at java_programs.FLATTEN.flatten(FLATTEN.java:26)
	at java_programs.FLATTEN.flatten(FLATTEN.java:26)
	at java_programs.FLATTEN.flatten(FLATTEN.java:26)
	at java_programs.FLATTEN.flatten(FLATTEN.java:26)
	at java_programs.FLATTEN.flatten(FLATTEN.java:26)
	at java_programs.FLATTEN.flatten(FLATTEN.java:26)
	at java_programs.FLATTEN.flatten(FLATTEN.java:26)
	at java_programs.FLATTEN.flatten(FLATTEN.java:26)
	at java_programs.FLATTEN.flatten(FLATTEN.java:26)
	at java_programs.FLATTEN.flatten(FLATTEN.java:26)
	at java_programs.FLATTEN.flatten(FLATTEN.java:26)
	at java_programs.FLATTEN.flatten(FLATTEN.java:26)
	at java_programs.FLATTEN.flatten(FLATTEN.java:26)
	at java_programs.FLATTEN.flatten(FLATTEN.java:26)
	at java_programs.FLATTEN.flatten(FLATTEN.java:26)
	at java_programs.FLATTEN.flatten(FLATTEN.java:26)
	at java_programs.FLATTEN.flatten(FLATTEN.java:26)
	at java_programs.FLATTEN.flatten(FLATTEN.java:26)
	at java_programs.FLATTEN.flatten(FLATTEN.java:26)
	at java_programs.FLATTEN.flatten(FLATTEN.java:26)
	at java_programs.FLATTEN.flatten(FLATTEN.java:26)
	at java_programs.FLATTEN.flatten(FLATTEN.java:26)
	at java_programs.FLATTEN.flatten(FLATTEN.java:26)
	at java_programs.FLATTEN.flatten(FLATTEN.java:26)
	at java_programs.FLATTEN.flatten(FLATTEN.java:26)
	at java_programs.FLATTEN.flatten(FLATTEN.java:26)
	at java_programs.FLATTEN.flatten(FLATTEN.java:26)
	at java_programs.FLATTEN.flatten(FLATTEN.java:26)
	at java_programs.FLATTEN.flatten(FLATTEN.java:26)
	at java_programs.FLATTEN.flatten(FLATTEN.java:26)
	at java_programs.FLATTEN.flatten(FLATTEN.java:26)
	at java_programs.FLATTEN.flatten(FLATTEN.java:26)
	at java_programs.FLATTEN.flatten(FLATTEN.java:26)
	at java_programs.FLATTEN.flatten(FLATTEN.java:26)
	at java_programs.FLATTEN.flatten(FLATTEN.java:26)
	at java_programs.FLATTEN.flatten(FLATTEN.java:26)
	at java_programs.FLATTEN.flatten(FLATTEN.java:26)
	at java_programs.FLATTEN.flatten(FLATTEN.java:26)
	at java_programs.FLATTEN.flatten(FLATTEN.java:26)
	at java_programs.FLATTEN.flatten(FLATTEN.java:26)
	at java_programs.FLATTEN.flatten(FLATTEN.java:26)
	at java_programs.FLATTEN.flatten(FLATTEN.java:26)
	at java_programs.FLATTEN.flatten(FLATTEN.java:26)
	at java_programs.FLATTEN.flatten(FLATTEN.java:26)
	at java_programs.FLATTEN.flatten(FLATTEN.java:26)
	at java_programs.FLATTEN.flatten(FLATTEN.java:26)
	at java_programs.FLATTEN.flatten(FLATTEN.java:26)
	at java_programs.FLATTEN.flatten(FLATTEN.java:26)
	at java_programs.FLATTEN.flatten(FLATTEN.java:26)
	at java_programs.FLATTEN.flatten(FLATTEN.java:26)
	at java_programs.FLATTEN.flatten(FLATTEN.java:26)
	at java_programs.FLATTEN.flatten(FLATTEN.java:26)
	at java_programs.FLATTEN.flatten(FLATTEN.java:26)
	at java_programs.FLATTEN.flatten(FLATTEN.java:26)
	at java_programs.FLATTEN.flatten(FLATTEN.java:26)
	at java_programs.FLATTEN.flatten(FLATTEN.java:26)
	at java_programs.FLATTEN.flatten(FLATTEN.java:26)
	at java_programs.FLATTEN.flatten(FLATTEN.java:26)
	at java_programs.FLATTEN.flatten(FLATTEN.java:26)
	at java_programs.FLATTEN.flatten(FLATTEN.java:26)
	at java_programs.FLATTEN.flatten(FLATTEN.java:26)
	at java_programs.FLATTEN.flatten(FLATTEN.java:26)
	at java_programs.FLATTEN.flatten(FLATTEN.java:26)
	at java_programs.FLATTEN.flatten(FLATTEN.java:26)
	at java_programs.FLATTEN.flatten(FLATTEN.java:26)
	at java_programs.FLATTEN.flatten(FLATTEN.java:26)
	at java_programs.FLATTEN.flatten(FLATTEN.java:26)
</failure>
  </testcase>
  <system-out><![CDATA[]]></system-out>
  <system-err><![CDATA[]]></system-err>
</testsuite>
