<?xml version="1.0" encoding="UTF-8"?>
<testsuite name="java_testcases.junit.QUICKSORT_TEST" tests="13" skipped="0" failures="1" errors="0" timestamp="2024-04-25T05:54:26" hostname="Sejals-MacBook-Air.local" time="0.003">
  <properties/>
  <testcase name="test_10" classname="java_testcases.junit.QUICKSORT_TEST" time="0.0"/>
  <testcase name="test_11" classname="java_testcases.junit.QUICKSORT_TEST" time="0.0"/>
  <testcase name="test_12" classname="java_testcases.junit.QUICKSORT_TEST" time="0.001"/>
  <testcase name="test_0" classname="java_testcases.junit.QUICKSORT_TEST" time="0.0"/>
  <testcase name="test_1" classname="java_testcases.junit.QUICKSORT_TEST" time="0.001">
    <failure message="org.junit.ComparisonFailure: expected:&lt;[1,[1,2,3,3,3,4,5,5,5,6,7,8,9,9],9]&gt; but was:&lt;[1,[2,3,4,5,6,7,8],9]&gt;" type="org.junit.ComparisonFailure">org.junit.ComparisonFailure: expected:&lt;[1,[1,2,3,3,3,4,5,5,5,6,7,8,9,9],9]&gt; but was:&lt;[1,[2,3,4,5,6,7,8],9]&gt;
	at org.junit.Assert.assertEquals(Assert.java:115)
	at org.junit.Assert.assertEquals(Assert.java:144)
	at java_testcases.junit.QUICKSORT_TEST.test_1(QUICKSORT_TEST.java:16)
	at sun.reflect.NativeMethodAccessorImpl.invoke0(Native Method)
	at sun.reflect.NativeMethodAccessorImpl.invoke(NativeMethodAccessorImpl.java:62)
	at sun.reflect.DelegatingMethodAccessorImpl.invoke(DelegatingMethodAccessorImpl.java:43)
	at java.lang.reflect.Method.invoke(Method.java:498)
	at org.junit.runners.model.FrameworkMethod$1.runReflectiveCall(FrameworkMethod.java:50)
	at org.junit.internal.runners.model.ReflectiveCallable.run(ReflectiveCallable.java:12)
	at org.junit.runners.model.FrameworkMethod.invokeExplosively(FrameworkMethod.java:47)
	at org.junit.internal.runners.statements.InvokeMethod.evaluate(InvokeMethod.java:17)
	at org.junit.internal.runners.statements.FailOnTimeout$CallableStatement.call(FailOnTimeout.java:298)
	at org.junit.internal.runners.statements.FailOnTimeout$CallableStatement.call(FailOnTimeout.java:292)
	at java.util.concurrent.FutureTask.run(FutureTask.java:266)
	at java.lang.Thread.run(Thread.java:750)
</failure>
  </testcase>
  <testcase name="test_2" classname="java_testcases.junit.QUICKSORT_TEST" time="0.0"/>
  <testcase name="test_3" classname="java_testcases.junit.QUICKSORT_TEST" time="0.0"/>
  <testcase name="test_4" classname="java_testcases.junit.QUICKSORT_TEST" time="0.0"/>
  <testcase name="test_5" classname="java_testcases.junit.QUICKSORT_TEST" time="0.001"/>
  <testcase name="test_6" classname="java_testcases.junit.QUICKSORT_TEST" time="0.0"/>
  <testcase name="test_7" classname="java_testcases.junit.QUICKSORT_TEST" time="0.0"/>
  <testcase name="test_8" classname="java_testcases.junit.QUICKSORT_TEST" time="0.0"/>
  <testcase name="test_9" classname="java_testcases.junit.QUICKSORT_TEST" time="0.0"/>
  <system-out><![CDATA[]]></system-out>
  <system-err><![CDATA[]]></system-err>
</testsuite>
