<?xml version="1.0" encoding="UTF-8"?>
<testsuite name="org.semanticweb.owlapi.api.test.ontology.SWRLRoundTripTestCase" time="0.351" tests="10" errors="0" skipped="1" failures="1">
  <properties>
    <property name="java.runtime.name" value="OpenJDK Runtime Environment"/>
    <property name="sun.boot.library.path" value="/Library/Java/JavaVirtualMachines/temurin-8.jdk/Contents/Home/jre/lib"/>
    <property name="java.vm.version" value="25.402-b06"/>
    <property name="gopherProxySet" value="false"/>
    <property name="java.vm.vendor" value="Temurin"/>
    <property name="maven.multiModuleProjectDirectory" value="/Users/shreyachaudhary/Desktop/extra/CS527-Project/Bugs/BugSwarm/2nd_round/owlapi-158989792/Buggy-version"/>
    <property name="java.vendor.url" value="https://adoptium.net/"/>
    <property name="path.separator" value=":"/>
    <property name="guice.disable.misplaced.annotation.check" value="true"/>
    <property name="java.vm.name" value="OpenJDK 64-Bit Server VM"/>
    <property name="file.encoding.pkg" value="sun.io"/>
    <property name="user.country" value="US"/>
    <property name="sun.java.launcher" value="SUN_STANDARD"/>
    <property name="sun.os.patch.level" value="unknown"/>
    <property name="java.vm.specification.name" value="Java Virtual Machine Specification"/>
    <property name="user.dir" value="/Users/shreyachaudhary/Desktop/extra/CS527-Project/Bugs/BugSwarm/2nd_round/owlapi-158989792/Buggy-version"/>
    <property name="java.runtime.version" value="1.8.0_402-b06"/>
    <property name="java.awt.graphicsenv" value="sun.awt.CGraphicsEnvironment"/>
    <property name="java.endorsed.dirs" value="/Library/Java/JavaVirtualMachines/temurin-8.jdk/Contents/Home/jre/lib/endorsed"/>
    <property name="os.arch" value="x86_64"/>
    <property name="java.io.tmpdir" value="/var/folders/70/9z8mmtr153x2znr25_zb57mr0000gn/T/"/>
    <property name="line.separator" value="&#10;"/>
    <property name="java.vm.specification.vendor" value="Oracle Corporation"/>
    <property name="os.name" value="Mac OS X"/>
    <property name="classworlds.conf" value="/opt/homebrew/Cellar/maven/3.9.6/libexec/bin/m2.conf"/>
    <property name="sun.jnu.encoding" value="UTF-8"/>
    <property name="java.library.path" value="/Users/shreyachaudhary/Library/Java/Extensions:/Library/Java/Extensions:/Network/Library/Java/Extensions:/System/Library/Java/Extensions:/usr/lib/java:."/>
    <property name="maven.conf" value="/opt/homebrew/Cellar/maven/3.9.6/libexec/conf"/>
    <property name="java.specification.name" value="Java Platform API Specification"/>
    <property name="java.class.version" value="52.0"/>
    <property name="sun.management.compiler" value="HotSpot 64-Bit Tiered Compilers"/>
    <property name="maven.test.failure.ignore" value="true"/>
    <property name="os.version" value="14.4.1"/>
    <property name="library.jansi.path" value="/opt/homebrew/Cellar/maven/3.9.6/libexec/lib/jansi-native"/>
    <property name="http.nonProxyHosts" value="local|*.local|169.254/16|*.169.254/16"/>
    <property name="user.home" value="/Users/shreyachaudhary"/>
    <property name="user.timezone" value="America/Chicago"/>
    <property name="java.awt.printerjob" value="sun.lwawt.macosx.CPrinterJob"/>
    <property name="java.specification.version" value="1.8"/>
    <property name="file.encoding" value="UTF-8"/>
    <property name="user.name" value="shreyachaudhary"/>
    <property name="java.class.path" value="/opt/homebrew/Cellar/maven/3.9.6/libexec/boot/plexus-classworlds-2.7.0.jar"/>
    <property name="java.vm.specification.version" value="1.8"/>
    <property name="sun.arch.data.model" value="64"/>
    <property name="java.home" value="/Library/Java/JavaVirtualMachines/temurin-8.jdk/Contents/Home/jre"/>
    <property name="sun.java.command" value="org.codehaus.plexus.classworlds.launcher.Launcher clean clover:setup test -Dmaven.test.failure.ignore=true clover:aggregate clover:clover"/>
    <property name="java.specification.vendor" value="Oracle Corporation"/>
    <property name="user.language" value="en"/>
    <property name="awt.toolkit" value="sun.lwawt.macosx.LWCToolkit"/>
    <property name="java.vm.info" value="mixed mode"/>
    <property name="java.version" value="1.8.0_402"/>
    <property name="java.ext.dirs" value="/Users/shreyachaudhary/Library/Java/Extensions:/Library/Java/JavaVirtualMachines/temurin-8.jdk/Contents/Home/jre/lib/ext:/Library/Java/Extensions:/Network/Library/Java/Extensions:/System/Library/Java/Extensions:/usr/lib/java"/>
    <property name="sun.boot.class.path" value="/Library/Java/JavaVirtualMachines/temurin-8.jdk/Contents/Home/jre/lib/resources.jar:/Library/Java/JavaVirtualMachines/temurin-8.jdk/Contents/Home/jre/lib/rt.jar:/Library/Java/JavaVirtualMachines/temurin-8.jdk/Contents/Home/jre/lib/sunrsasign.jar:/Library/Java/JavaVirtualMachines/temurin-8.jdk/Contents/Home/jre/lib/jsse.jar:/Library/Java/JavaVirtualMachines/temurin-8.jdk/Contents/Home/jre/lib/jce.jar:/Library/Java/JavaVirtualMachines/temurin-8.jdk/Contents/Home/jre/lib/charsets.jar:/Library/Java/JavaVirtualMachines/temurin-8.jdk/Contents/Home/jre/lib/jfr.jar:/Library/Java/JavaVirtualMachines/temurin-8.jdk/Contents/Home/jre/classes"/>
    <property name="java.vendor" value="Temurin"/>
    <property name="java.specification.maintenance.version" value="5"/>
    <property name="maven.home" value="/opt/homebrew/Cellar/maven/3.9.6/libexec"/>
    <property name="file.separator" value="/"/>
    <property name="java.vendor.url.bug" value="https://github.com/adoptium/adoptium-support/issues"/>
    <property name="sun.cpu.endian" value="little"/>
    <property name="sun.io.unicode.encoding" value="UnicodeBig"/>
    <property name="socksNonProxyHosts" value="local|*.local|169.254/16|*.169.254/16"/>
    <property name="ftp.nonProxyHosts" value="local|*.local|169.254/16|*.169.254/16"/>
    <property name="sun.cpu.isalist" value=""/>
  </properties>
  <testcase name="shouldParse2" classname="org.semanticweb.owlapi.api.test.ontology.SWRLRoundTripTestCase" time="0.042"/>
  <testcase name="shouldDoCompleteRoundtripWithAnnotationsDatatypeRDFXML" classname="org.semanticweb.owlapi.api.test.ontology.SWRLRoundTripTestCase" time="0.067"/>
  <testcase name="shouldDoCompleteRoundtripManchesterOWLSyntax" classname="org.semanticweb.owlapi.api.test.ontology.SWRLRoundTripTestCase" time="0.032"/>
  <testcase name="shouldDoCompleteRoundtripWithAnnotationsMan" classname="org.semanticweb.owlapi.api.test.ontology.SWRLRoundTripTestCase" time="0">
    <skipped message="man syntax does not like annotations"/>
  </testcase>
  <testcase name="shouldDoCompleteRoundtripWithAnnotationsOWLXML" classname="org.semanticweb.owlapi.api.test.ontology.SWRLRoundTripTestCase" time="0.035">
    <failure message="SWRLRoundTripTestCase roundTripOntology() Failing to match axioms: &#10;Rem axiom: DLSafeRule(Annotation(rdfs:label &quot;test&quot;)  Body(DataRangeAtom(xsd:string Variable(&lt;urn:test#Y&gt;)) DataPropertyAtom(&lt;urn:test#P&gt; Variable(&lt;urn:test#X&gt;) Variable(&lt;urn:test#Y&gt;))) Head(ClassAtom(&lt;urn:test#A&gt; Variable(&lt;urn:test#X&gt;))) )&#10;Add axiom: DLSafeRule(Annotation(rdfs:label &quot;test&quot;)  Body(DataRangeAtom(xsd:string Variable(&lt;urn:swrl#Y&gt;)) DataPropertyAtom(&lt;urn:test#P&gt; Variable(&lt;urn:swrl#X&gt;) Variable(&lt;urn:swrl#Y&gt;))) Head(ClassAtom(&lt;urn:test#A&gt; Variable(&lt;urn:swrl#X&gt;))) )&#10;" type="java.lang.AssertionError"><![CDATA[java.lang.AssertionError: SWRLRoundTripTestCase roundTripOntology() Failing to match axioms: 
Rem axiom: DLSafeRule(Annotation(rdfs:label "test")  Body(DataRangeAtom(xsd:string Variable(<urn:test#Y>)) DataPropertyAtom(<urn:test#P> Variable(<urn:test#X>) Variable(<urn:test#Y>))) Head(ClassAtom(<urn:test#A> Variable(<urn:test#X>))) )
Add axiom: DLSafeRule(Annotation(rdfs:label "test")  Body(DataRangeAtom(xsd:string Variable(<urn:swrl#Y>)) DataPropertyAtom(<urn:test#P> Variable(<urn:swrl#X>) Variable(<urn:swrl#Y>))) Head(ClassAtom(<urn:test#A> Variable(<urn:swrl#X>))) )

	at org.junit.Assert.fail(Assert.java:88)
	at org.semanticweb.owlapi.api.test.baseclasses.TestBase.equal(TestBase.java:201)
	at org.semanticweb.owlapi.api.test.ontology.SWRLRoundTripTestCase.__CLR4_5_2i2asmc7t4(SWRLRoundTripTestCase.java:101)
	at org.semanticweb.owlapi.api.test.ontology.SWRLRoundTripTestCase.shouldDoCompleteRoundtripWithAnnotationsOWLXML(SWRLRoundTripTestCase.java:97)
]]></failure>
  </testcase>
  <testcase name="shouldDoCompleteRoundtripWithAnnotationsRDFXML" classname="org.semanticweb.owlapi.api.test.ontology.SWRLRoundTripTestCase" time="0.046"/>
  <testcase name="shouldDoCompleteRoundtripWithAnnotationsTurtle" classname="org.semanticweb.owlapi.api.test.ontology.SWRLRoundTripTestCase" time="0.062"/>
  <testcase name="shouldParse" classname="org.semanticweb.owlapi.api.test.ontology.SWRLRoundTripTestCase" time="0.014"/>
  <testcase name="shouldDoCompleteRoundtrip" classname="org.semanticweb.owlapi.api.test.ontology.SWRLRoundTripTestCase" time="0.033"/>
  <testcase name="shouldDoCompleteRoundtripWithAnnotationsFunctional" classname="org.semanticweb.owlapi.api.test.ontology.SWRLRoundTripTestCase" time="0.02"/>
</testsuite>