<?xml version="1.0" encoding="UTF-8"?>
<testsuite name="org.semanticweb.owlapi.api.test.syntax.ManchesterOWLSyntaxParserErrorsTestCase" time="5.917" tests="82" errors="0" skipped="0" failures="0">
  <properties>
    <property name="java.runtime.name" value="OpenJDK Runtime Environment"/>
    <property name="sun.boot.library.path" value="/Library/Java/JavaVirtualMachines/temurin-8.jdk/Contents/Home/jre/lib"/>
    <property name="java.vm.version" value="25.402-b06"/>
    <property name="gopherProxySet" value="false"/>
    <property name="java.vm.vendor" value="Temurin"/>
    <property name="maven.multiModuleProjectDirectory" value="/Users/shreyachaudhary/Desktop/extra/CS527-Project/Bugs/BugSwarm/2nd_round/owlapi-158989792/Buggy-version"/>
    <property name="java.vendor.url" value="https://adoptium.net/"/>
    <property name="path.separator" value=":"/>
    <property name="guice.disable.misplaced.annotation.check" value="true"/>
    <property name="java.vm.name" value="OpenJDK 64-Bit Server VM"/>
    <property name="file.encoding.pkg" value="sun.io"/>
    <property name="user.country" value="US"/>
    <property name="sun.java.launcher" value="SUN_STANDARD"/>
    <property name="sun.os.patch.level" value="unknown"/>
    <property name="java.vm.specification.name" value="Java Virtual Machine Specification"/>
    <property name="user.dir" value="/Users/shreyachaudhary/Desktop/extra/CS527-Project/Bugs/BugSwarm/2nd_round/owlapi-158989792/Buggy-version"/>
    <property name="java.runtime.version" value="1.8.0_402-b06"/>
    <property name="java.awt.graphicsenv" value="sun.awt.CGraphicsEnvironment"/>
    <property name="java.endorsed.dirs" value="/Library/Java/JavaVirtualMachines/temurin-8.jdk/Contents/Home/jre/lib/endorsed"/>
    <property name="os.arch" value="x86_64"/>
    <property name="java.io.tmpdir" value="/var/folders/70/9z8mmtr153x2znr25_zb57mr0000gn/T/"/>
    <property name="line.separator" value="&#10;"/>
    <property name="java.vm.specification.vendor" value="Oracle Corporation"/>
    <property name="os.name" value="Mac OS X"/>
    <property name="classworlds.conf" value="/opt/homebrew/Cellar/maven/3.9.6/libexec/bin/m2.conf"/>
    <property name="sun.jnu.encoding" value="UTF-8"/>
    <property name="java.library.path" value="/Users/shreyachaudhary/Library/Java/Extensions:/Library/Java/Extensions:/Network/Library/Java/Extensions:/System/Library/Java/Extensions:/usr/lib/java:."/>
    <property name="maven.conf" value="/opt/homebrew/Cellar/maven/3.9.6/libexec/conf"/>
    <property name="java.specification.name" value="Java Platform API Specification"/>
    <property name="java.class.version" value="52.0"/>
    <property name="sun.management.compiler" value="HotSpot 64-Bit Tiered Compilers"/>
    <property name="maven.test.failure.ignore" value="true"/>
    <property name="os.version" value="14.4.1"/>
    <property name="library.jansi.path" value="/opt/homebrew/Cellar/maven/3.9.6/libexec/lib/jansi-native"/>
    <property name="http.nonProxyHosts" value="local|*.local|169.254/16|*.169.254/16"/>
    <property name="user.home" value="/Users/shreyachaudhary"/>
    <property name="user.timezone" value="America/Chicago"/>
    <property name="java.awt.printerjob" value="sun.lwawt.macosx.CPrinterJob"/>
    <property name="java.specification.version" value="1.8"/>
    <property name="file.encoding" value="UTF-8"/>
    <property name="user.name" value="shreyachaudhary"/>
    <property name="java.class.path" value="/opt/homebrew/Cellar/maven/3.9.6/libexec/boot/plexus-classworlds-2.7.0.jar"/>
    <property name="java.vm.specification.version" value="1.8"/>
    <property name="sun.arch.data.model" value="64"/>
    <property name="java.home" value="/Library/Java/JavaVirtualMachines/temurin-8.jdk/Contents/Home/jre"/>
    <property name="sun.java.command" value="org.codehaus.plexus.classworlds.launcher.Launcher clean clover:setup test -Dmaven.test.failure.ignore=true clover:aggregate clover:clover"/>
    <property name="java.specification.vendor" value="Oracle Corporation"/>
    <property name="user.language" value="en"/>
    <property name="awt.toolkit" value="sun.lwawt.macosx.LWCToolkit"/>
    <property name="java.vm.info" value="mixed mode"/>
    <property name="java.version" value="1.8.0_402"/>
    <property name="java.ext.dirs" value="/Users/shreyachaudhary/Library/Java/Extensions:/Library/Java/JavaVirtualMachines/temurin-8.jdk/Contents/Home/jre/lib/ext:/Library/Java/Extensions:/Network/Library/Java/Extensions:/System/Library/Java/Extensions:/usr/lib/java"/>
    <property name="sun.boot.class.path" value="/Library/Java/JavaVirtualMachines/temurin-8.jdk/Contents/Home/jre/lib/resources.jar:/Library/Java/JavaVirtualMachines/temurin-8.jdk/Contents/Home/jre/lib/rt.jar:/Library/Java/JavaVirtualMachines/temurin-8.jdk/Contents/Home/jre/lib/sunrsasign.jar:/Library/Java/JavaVirtualMachines/temurin-8.jdk/Contents/Home/jre/lib/jsse.jar:/Library/Java/JavaVirtualMachines/temurin-8.jdk/Contents/Home/jre/lib/jce.jar:/Library/Java/JavaVirtualMachines/temurin-8.jdk/Contents/Home/jre/lib/charsets.jar:/Library/Java/JavaVirtualMachines/temurin-8.jdk/Contents/Home/jre/lib/jfr.jar:/Library/Java/JavaVirtualMachines/temurin-8.jdk/Contents/Home/jre/classes"/>
    <property name="java.vendor" value="Temurin"/>
    <property name="java.specification.maintenance.version" value="5"/>
    <property name="maven.home" value="/opt/homebrew/Cellar/maven/3.9.6/libexec"/>
    <property name="file.separator" value="/"/>
    <property name="java.vendor.url.bug" value="https://github.com/adoptium/adoptium-support/issues"/>
    <property name="sun.cpu.endian" value="little"/>
    <property name="sun.io.unicode.encoding" value="UnicodeBig"/>
    <property name="socksNonProxyHosts" value="local|*.local|169.254/16|*.169.254/16"/>
    <property name="ftp.nonProxyHosts" value="local|*.local|169.254/16|*.169.254/16"/>
    <property name="sun.cpu.isalist" value=""/>
  </properties>
  <testcase name="prematureEOFAfterAnnotationPropertyAnnotationsShouldCauseParseException" classname="org.semanticweb.owlapi.api.test.syntax.ManchesterOWLSyntaxParserErrorsTestCase" time="0.285"/>
  <testcase name="unknownObjectPropertyNameShouldCauseException" classname="org.semanticweb.owlapi.api.test.syntax.ManchesterOWLSyntaxParserErrorsTestCase" time="0.023"/>
  <testcase name="prematureEOFAfterIndividualDifferentFromShouldCauseParseException" classname="org.semanticweb.owlapi.api.test.syntax.ManchesterOWLSyntaxParserErrorsTestCase" time="0.056"/>
  <testcase name="prematureEOFAfterDataPropertyRangeShouldCauseParseException" classname="org.semanticweb.owlapi.api.test.syntax.ManchesterOWLSyntaxParserErrorsTestCase" time="0.052"/>
  <testcase name="prematureEOFAfterRuleAtomShouldCauseParseException" classname="org.semanticweb.owlapi.api.test.syntax.ManchesterOWLSyntaxParserErrorsTestCase" time="0.07"/>
  <testcase name="unrecognisedAnnotationPropertyAfterAnnotationPropertyAnnotationsShouldCauseParseException" classname="org.semanticweb.owlapi.api.test.syntax.ManchesterOWLSyntaxParserErrorsTestCase" time="0.023"/>
  <testcase name="unrecognizedCharacteristicAfterDataPropertyCharacteristicsShouldCauseParseException" classname="org.semanticweb.owlapi.api.test.syntax.ManchesterOWLSyntaxParserErrorsTestCase" time="0.033"/>
  <testcase name="prematureEOFAfterClassSubClassOfAxiomAnnotationsShouldCauseParseException" classname="org.semanticweb.owlapi.api.test.syntax.ManchesterOWLSyntaxParserErrorsTestCase" time="0.046"/>
  <testcase name="prematureEOFAfterAnnotationPropertyShouldCauseParseException" classname="org.semanticweb.owlapi.api.test.syntax.ManchesterOWLSyntaxParserErrorsTestCase" time="0.055"/>
  <testcase name="unknownDataPropertyNameShouldCauseException" classname="org.semanticweb.owlapi.api.test.syntax.ManchesterOWLSyntaxParserErrorsTestCase" time="0.02"/>
  <testcase name="unrecognizedClassAfterIndividualTypesShouldCauseParseException" classname="org.semanticweb.owlapi.api.test.syntax.ManchesterOWLSyntaxParserErrorsTestCase" time="0.032"/>
  <testcase name="unknownClassNameShouldCauseException" classname="org.semanticweb.owlapi.api.test.syntax.ManchesterOWLSyntaxParserErrorsTestCase" time="0.025"/>
  <testcase name="prematureEOFAfterDisjointUnionOfShouldCauseParseException" classname="org.semanticweb.owlapi.api.test.syntax.ManchesterOWLSyntaxParserErrorsTestCase" time="0.036"/>
  <testcase name="prematureEOFAfterObjectPropertyShouldCauseParseException" classname="org.semanticweb.owlapi.api.test.syntax.ManchesterOWLSyntaxParserErrorsTestCase" time="0.036"/>
  <testcase name="prematureEOFAfterClassHasKeyAxiomAnnotationsShouldCauseParseException" classname="org.semanticweb.owlapi.api.test.syntax.ManchesterOWLSyntaxParserErrorsTestCase" time="0.033"/>
  <testcase name="prematureEOFAfterClassEquivalentToAxiomAnnotationsShouldCauseParseException" classname="org.semanticweb.owlapi.api.test.syntax.ManchesterOWLSyntaxParserErrorsTestCase" time="0.054"/>
  <testcase name="prematureEOFAfterAnnotationPropertySubPropertyOfShouldCauseParseException" classname="org.semanticweb.owlapi.api.test.syntax.ManchesterOWLSyntaxParserErrorsTestCase" time="0.047"/>
  <testcase name="prematureEOFAfterIndividualFactsShouldCauseParseException" classname="org.semanticweb.owlapi.api.test.syntax.ManchesterOWLSyntaxParserErrorsTestCase" time="0.064"/>
  <testcase name="prematureEOFAfterHasKeyShouldCauseParseException" classname="org.semanticweb.owlapi.api.test.syntax.ManchesterOWLSyntaxParserErrorsTestCase" time="0.111"/>
  <testcase name="unrecognizedPropertyAfterObjectPropertyDisjointWithToShouldCauseParseException" classname="org.semanticweb.owlapi.api.test.syntax.ManchesterOWLSyntaxParserErrorsTestCase" time="0.08"/>
  <testcase name="unrecognizedIndividualAfterIndividualDifferentFromShouldCauseParseException" classname="org.semanticweb.owlapi.api.test.syntax.ManchesterOWLSyntaxParserErrorsTestCase" time="0.031"/>
  <testcase name="prematureEOFAfterObjectPropertyAnnotationsShouldCauseParseException" classname="org.semanticweb.owlapi.api.test.syntax.ManchesterOWLSyntaxParserErrorsTestCase" time="0.076"/>
  <testcase name="unmarkedVariableInRuleAtomShouldCauseParseException" classname="org.semanticweb.owlapi.api.test.syntax.ManchesterOWLSyntaxParserErrorsTestCase" time="0.028"/>
  <testcase name="prematureEOFAfterDisjointWithShouldCauseParseException" classname="org.semanticweb.owlapi.api.test.syntax.ManchesterOWLSyntaxParserErrorsTestCase" time="0.034"/>
  <testcase name="prematureEOFAfterSubClassOfShouldCauseParseException" classname="org.semanticweb.owlapi.api.test.syntax.ManchesterOWLSyntaxParserErrorsTestCase" time="0.045"/>
  <testcase name="missingLiteralTypeShouldCauseException" classname="org.semanticweb.owlapi.api.test.syntax.ManchesterOWLSyntaxParserErrorsTestCase" time="0.044"/>
  <testcase name="prematureEOFAfterDataPropertyCharacteristicsShouldCauseParseException" classname="org.semanticweb.owlapi.api.test.syntax.ManchesterOWLSyntaxParserErrorsTestCase" time="0.034"/>
  <testcase name="prematureEOFAfterClassEquivalentToListShouldCauseParseException" classname="org.semanticweb.owlapi.api.test.syntax.ManchesterOWLSyntaxParserErrorsTestCase" time="0.047"/>
  <testcase name="unrecognizedPropertyAfterDataPropertySubPropertyOfShouldCauseParseException" classname="org.semanticweb.owlapi.api.test.syntax.ManchesterOWLSyntaxParserErrorsTestCase" time="0.021"/>
  <testcase name="unknownAnnotationPropertyNameShouldCauseException" classname="org.semanticweb.owlapi.api.test.syntax.ManchesterOWLSyntaxParserErrorsTestCase" time="0.027"/>
  <testcase name="prematureEOFAfterDataPropertyShouldCauseParseException" classname="org.semanticweb.owlapi.api.test.syntax.ManchesterOWLSyntaxParserErrorsTestCase" time="0.048"/>
  <testcase name="unrecognizedCharacteristicAfterObjectPropertyCharacteristicsShouldCauseParseException" classname="org.semanticweb.owlapi.api.test.syntax.ManchesterOWLSyntaxParserErrorsTestCase" time="0.017"/>
  <testcase name="unrecognizedPropertyAfterObjectPropertyEquivalentToShouldCauseParseException" classname="org.semanticweb.owlapi.api.test.syntax.ManchesterOWLSyntaxParserErrorsTestCase" time="0.025"/>
  <testcase name="unrecognisedAnnotationPropertyAfterDataPropertyAnnotationsShouldCauseParseException" classname="org.semanticweb.owlapi.api.test.syntax.ManchesterOWLSyntaxParserErrorsTestCase" time="0.038"/>
  <testcase name="prematureEOFAfterClassDisjointWithAxiomAnnotationsShouldCauseParseException" classname="org.semanticweb.owlapi.api.test.syntax.ManchesterOWLSyntaxParserErrorsTestCase" time="0.069"/>
  <testcase name="unrecognizedPropertyAfterDataPropertyEquivalentToShouldCauseParseException" classname="org.semanticweb.owlapi.api.test.syntax.ManchesterOWLSyntaxParserErrorsTestCase" time="0.084"/>
  <testcase name="prematureEOFAfterObjectPropertyCharacteristicsShouldCauseParseException" classname="org.semanticweb.owlapi.api.test.syntax.ManchesterOWLSyntaxParserErrorsTestCase" time="0.086"/>
  <testcase name="unrecognizedPropertyAfterObjectPropertyInverseOfShouldCauseParseException" classname="org.semanticweb.owlapi.api.test.syntax.ManchesterOWLSyntaxParserErrorsTestCase" time="0.019"/>
  <testcase name="prematureEOFAfterObjectPropertyDomainShouldCauseParseException" classname="org.semanticweb.owlapi.api.test.syntax.ManchesterOWLSyntaxParserErrorsTestCase" time="0.056"/>
  <testcase name="unrecognizedPropertyAfterObjectPropertySubPropertyOfShouldCauseParseException" classname="org.semanticweb.owlapi.api.test.syntax.ManchesterOWLSyntaxParserErrorsTestCase" time="0.034"/>
  <testcase name="prematureEOFAfterEquivalentToShouldCauseParseException" classname="org.semanticweb.owlapi.api.test.syntax.ManchesterOWLSyntaxParserErrorsTestCase" time="0.056"/>
  <testcase name="unrecognisedPropertyAfterRuleShouldCauseParseException" classname="org.semanticweb.owlapi.api.test.syntax.ManchesterOWLSyntaxParserErrorsTestCase" time="0.057"/>
  <testcase name="unrecognizedPropertyAfterIndividualFactsNotShouldCauseParseException" classname="org.semanticweb.owlapi.api.test.syntax.ManchesterOWLSyntaxParserErrorsTestCase" time="0.403"/>
  <testcase name="prematureEOFAfterClassAnnotationsShouldCauseParseException" classname="org.semanticweb.owlapi.api.test.syntax.ManchesterOWLSyntaxParserErrorsTestCase" time="0.097"/>
  <testcase name="prematureEOFAfterDataPropertyDomainShouldCauseParseException" classname="org.semanticweb.owlapi.api.test.syntax.ManchesterOWLSyntaxParserErrorsTestCase" time="0.06"/>
  <testcase name="prematureEOFAfterDataPropertyDisjointWithShouldCauseParseException" classname="org.semanticweb.owlapi.api.test.syntax.ManchesterOWLSyntaxParserErrorsTestCase" time="0.05"/>
  <testcase name="prematureEOFAfterAnnotationPropertyRangeShouldCauseParseException" classname="org.semanticweb.owlapi.api.test.syntax.ManchesterOWLSyntaxParserErrorsTestCase" time="0.105"/>
  <testcase name="prematureEOFAfterObjectPropertyDisjointWithShouldCauseParseException" classname="org.semanticweb.owlapi.api.test.syntax.ManchesterOWLSyntaxParserErrorsTestCase" time="0.06"/>
  <testcase name="unrecognizedClassAfterAnnotationPropertyRangeShouldCauseParseException" classname="org.semanticweb.owlapi.api.test.syntax.ManchesterOWLSyntaxParserErrorsTestCase" time="0.045"/>
  <testcase name="unrecognizedClassAfterObjectPropertyRangeShouldCauseParseException" classname="org.semanticweb.owlapi.api.test.syntax.ManchesterOWLSyntaxParserErrorsTestCase" time="0.072"/>
  <testcase name="prematureEOFAfterObjectPropertyInverseOfShouldCauseParseException" classname="org.semanticweb.owlapi.api.test.syntax.ManchesterOWLSyntaxParserErrorsTestCase" time="0.116"/>
  <testcase name="prematureEOFAfterClassDisjointUnionOfListShouldCauseParseException" classname="org.semanticweb.owlapi.api.test.syntax.ManchesterOWLSyntaxParserErrorsTestCase" time="0.142"/>
  <testcase name="prematureEOFAfterObjectPropertySubPropertyChainShouldCauseParseException" classname="org.semanticweb.owlapi.api.test.syntax.ManchesterOWLSyntaxParserErrorsTestCase" time="0.099"/>
  <testcase name="prematureEOFAfterDataPropertyAnnotationsShouldCauseParseException" classname="org.semanticweb.owlapi.api.test.syntax.ManchesterOWLSyntaxParserErrorsTestCase" time="0.057"/>
  <testcase name="unrecognizedClassAfterDataPropertyDomainShouldCauseParseException" classname="org.semanticweb.owlapi.api.test.syntax.ManchesterOWLSyntaxParserErrorsTestCase" time="0.097"/>
  <testcase name="prematureEOFAfterObjectPropertyRangeShouldCauseParseException" classname="org.semanticweb.owlapi.api.test.syntax.ManchesterOWLSyntaxParserErrorsTestCase" time="0.063"/>
  <testcase name="unrecognizedClassAfterDataPropertyRangeShouldCauseParseException" classname="org.semanticweb.owlapi.api.test.syntax.ManchesterOWLSyntaxParserErrorsTestCase" time="0.025"/>
  <testcase name="unrecognizedPropertyAfterAnnotationPropertySubPropertyOfShouldCauseParseException" classname="org.semanticweb.owlapi.api.test.syntax.ManchesterOWLSyntaxParserErrorsTestCase" time="0.025"/>
  <testcase name="unrecognizedPropertyAfterDataPropertyDisjointWithToShouldCauseParseException" classname="org.semanticweb.owlapi.api.test.syntax.ManchesterOWLSyntaxParserErrorsTestCase" time="0.023"/>
  <testcase name="unknownNamedIndividualShouldCauseException" classname="org.semanticweb.owlapi.api.test.syntax.ManchesterOWLSyntaxParserErrorsTestCase" time="0.028"/>
  <testcase name="unrecognizedAnnotationPropertyAfterIndividualAnnotationsShouldCauseParseException" classname="org.semanticweb.owlapi.api.test.syntax.ManchesterOWLSyntaxParserErrorsTestCase" time="0.032"/>
  <testcase name="prematureEOFAfterClassDisjointUnionOfAxiomAnnotationsShouldCauseParseException" classname="org.semanticweb.owlapi.api.test.syntax.ManchesterOWLSyntaxParserErrorsTestCase" time="0.131"/>
  <testcase name="prematureEOFAfterDataPropertyEquivalentToShouldCauseParseException" classname="org.semanticweb.owlapi.api.test.syntax.ManchesterOWLSyntaxParserErrorsTestCase" time="0.07"/>
  <testcase name="prematureEOFAfterClassDisjointWithListShouldCauseParseException" classname="org.semanticweb.owlapi.api.test.syntax.ManchesterOWLSyntaxParserErrorsTestCase" time="0.089"/>
  <testcase name="prematureEOFAfterObjectPropertyEquivalentToShouldCauseParseException" classname="org.semanticweb.owlapi.api.test.syntax.ManchesterOWLSyntaxParserErrorsTestCase" time="0.076"/>
  <testcase name="prematureEOFAfterIndividualFactsNotShouldCauseParseException" classname="org.semanticweb.owlapi.api.test.syntax.ManchesterOWLSyntaxParserErrorsTestCase" time="0.063"/>
  <testcase name="prematureEOFAfterRuleShouldCauseParseException" classname="org.semanticweb.owlapi.api.test.syntax.ManchesterOWLSyntaxParserErrorsTestCase" time="0.109"/>
  <testcase name="unrecognizedClassAfterAnnotationPropertyDomainShouldCauseParseException" classname="org.semanticweb.owlapi.api.test.syntax.ManchesterOWLSyntaxParserErrorsTestCase" time="0.084"/>
  <testcase name="unrecognizedPropertyAfterObjectPropertySubPropertyChainOfShouldCauseParseException" classname="org.semanticweb.owlapi.api.test.syntax.ManchesterOWLSyntaxParserErrorsTestCase" time="0.065"/>
  <testcase name="prematureEOFAfterObjectPropertySubPropertyOfShouldCauseParseException" classname="org.semanticweb.owlapi.api.test.syntax.ManchesterOWLSyntaxParserErrorsTestCase" time="0.133"/>
  <testcase name="prematureEOFInDeclarationShouldCauseParseException" classname="org.semanticweb.owlapi.api.test.syntax.ManchesterOWLSyntaxParserErrorsTestCase" time="0.109"/>
  <testcase name="unrecognizedClassAfterObjectPropertyDomainShouldCauseParseException" classname="org.semanticweb.owlapi.api.test.syntax.ManchesterOWLSyntaxParserErrorsTestCase" time="0.04"/>
  <testcase name="prematureEOFAfterDataPropertySubPropertyOfShouldCauseParseException" classname="org.semanticweb.owlapi.api.test.syntax.ManchesterOWLSyntaxParserErrorsTestCase" time="0.073"/>
  <testcase name="unrecognizedPropertyAfterIndividualFactsShouldCauseParseException" classname="org.semanticweb.owlapi.api.test.syntax.ManchesterOWLSyntaxParserErrorsTestCase" time="0.036"/>
  <testcase name="unrecognizedIndividualAfterIndividualSameAsShouldCauseParseException" classname="org.semanticweb.owlapi.api.test.syntax.ManchesterOWLSyntaxParserErrorsTestCase" time="0.05"/>
  <testcase name="unknownDatatypeNameShouldCauseException" classname="org.semanticweb.owlapi.api.test.syntax.ManchesterOWLSyntaxParserErrorsTestCase" time="0.054"/>
  <testcase name="prematureEOFAfterIndividualSameAsShouldCauseParseException" classname="org.semanticweb.owlapi.api.test.syntax.ManchesterOWLSyntaxParserErrorsTestCase" time="0.328"/>
  <testcase name="prematureEOFAfterIndividualTypesShouldCauseParseException" classname="org.semanticweb.owlapi.api.test.syntax.ManchesterOWLSyntaxParserErrorsTestCase" time="0.122"/>
  <testcase name="unclosedLiteralShouldCauseParseException" classname="org.semanticweb.owlapi.api.test.syntax.ManchesterOWLSyntaxParserErrorsTestCase" time="0.101"/>
  <testcase name="prematureEOFAfterIndividualAnnotationsShouldCauseParseException" classname="org.semanticweb.owlapi.api.test.syntax.ManchesterOWLSyntaxParserErrorsTestCase" time="0.089"/>
  <testcase name="prematureEOFAfterClassSubClassOfListShouldCauseParseException" classname="org.semanticweb.owlapi.api.test.syntax.ManchesterOWLSyntaxParserErrorsTestCase" time="0.191"/>
  <testcase name="prematureEOFAfterAnnotationPropertyDomainShouldCauseParseException" classname="org.semanticweb.owlapi.api.test.syntax.ManchesterOWLSyntaxParserErrorsTestCase" time="0.148"/>
</testsuite>