<?xml version="1.0" encoding="UTF-8"?>
<testsuite name="org.mockito.release.notes.vcs.GitLogProviderTest" tests="1" skipped="0" failures="0" errors="0" timestamp="2024-04-01T20:56:35" hostname="Shrushtis-MacBook-Air.local" time="0.201">
  <properties/>
  <testcase name="provides log" classname="org.mockito.release.notes.vcs.GitLogProviderTest" time="0.201"/>
  <system-out><![CDATA[]]></system-out>
  <system-err><![CDATA[]]></system-err>
</testsuite>
