<?xml version="1.0" encoding="UTF-8"?>
<testsuite name="org.mockito.release.comparison.PomComparatorTest" tests="2" skipped="0" failures="0" errors="0" timestamp="2024-03-30T06:49:25" hostname="Shrushtis-MacBook-Air.local" time="0.019">
  <properties/>
  <testcase name="compares poms" classname="org.mockito.release.comparison.PomComparatorTest" time="0.015"/>
  <testcase name="does not allow null content" classname="org.mockito.release.comparison.PomComparatorTest" time="0.003"/>
  <system-out><![CDATA[]]></system-out>
  <system-err><![CDATA[]]></system-err>
</testsuite>
