<?xml version="1.0" encoding="UTF-8"?>
<testsuite name="org.mockito.release.git.DefaultGitToolTest" tests="1" skipped="0" failures="0" errors="0" timestamp="2024-04-02T17:29:49" hostname="Shrushtis-MacBook-Air.local" time="0.004">
  <properties/>
  <testcase name="sets author" classname="org.mockito.release.git.DefaultGitToolTest" time="0.004"/>
  <system-out><![CDATA[]]></system-out>
  <system-err><![CDATA[]]></system-err>
</testsuite>
