<?xml version="1.0" encoding="UTF-8"?>
<testsuite name="org.mockito.release.version.DefaultVersionFileTest" tests="3" skipped="0" failures="0" errors="0" timestamp="2024-04-01T20:56:36" hostname="Shrushtis-MacBook-Air.local" time="0.065">
  <properties/>
  <testcase name="does not support files without 'version' property" classname="org.mockito.release.version.DefaultVersionFileTest" time="0.04"/>
  <testcase name="knows version stored in the file" classname="org.mockito.release.version.DefaultVersionFileTest" time="0.003"/>
  <testcase name="increments version in file" classname="org.mockito.release.version.DefaultVersionFileTest" time="0.022"/>
  <system-out><![CDATA[]]></system-out>
  <system-err><![CDATA[]]></system-err>
</testsuite>
