<?xml version="1.0" encoding="UTF-8"?>
<testsuite name="org.mockito.release.comparison.PomComparatorTest" tests="2" skipped="0" failures="0" errors="0" timestamp="2024-04-01T20:56:38" hostname="Shrushtis-MacBook-Air.local" time="0.083">
  <properties/>
  <testcase name="compares poms" classname="org.mockito.release.comparison.PomComparatorTest" time="0.079"/>
  <testcase name="does not allow null content" classname="org.mockito.release.comparison.PomComparatorTest" time="0.004"/>
  <system-out><![CDATA[]]></system-out>
  <system-err><![CDATA[]]></system-err>
</testsuite>
