<?xml version="1.0" encoding="UTF-8"?>
<testsuite name="org.mockito.release.comparison.ZipCompareTest" tests="2" skipped="0" failures="0" errors="0" timestamp="2024-04-01T20:56:38" hostname="Shrushtis-MacBook-Air.local" time="0.688">
  <properties/>
  <testcase name="compares zips" classname="org.mockito.release.comparison.ZipCompareTest" time="0.672"/>
  <testcase name="fails early when any of the zips cannot be opened" classname="org.mockito.release.comparison.ZipCompareTest" time="0.011"/>
  <system-out><![CDATA[13:56:38.859 [Test worker] INFO  o.m.release.comparison.ZipCompare - Comparing /var/folders/fp/r3q888xd0pq7wl45t_l61g100000gn/T/junit2589165093079045479/junit4241876817683567533/zip-1.zip with /var/folders/fp/r3q888xd0pq7wl45t_l61g100000gn/T/junit2589165093079045479/junit4241876817683567533/zip-2.zip
13:56:38.864 [Test worker] INFO  o.m.release.comparison.ZipCompare - 4 entries matched
13:56:38.865 [Test worker] INFO  o.m.release.comparison.ZipCompare - Comparing /var/folders/fp/r3q888xd0pq7wl45t_l61g100000gn/T/junit2589165093079045479/junit4241876817683567533/zip-2.zip with /var/folders/fp/r3q888xd0pq7wl45t_l61g100000gn/T/junit2589165093079045479/junit4241876817683567533/zip-1.zip
13:56:38.866 [Test worker] INFO  o.m.release.comparison.ZipCompare - 4 entries matched
13:56:38.866 [Test worker] INFO  o.m.release.comparison.ZipCompare - Comparing /var/folders/fp/r3q888xd0pq7wl45t_l61g100000gn/T/junit2589165093079045479/junit4241876817683567533/zip-1.zip with /var/folders/fp/r3q888xd0pq7wl45t_l61g100000gn/T/junit2589165093079045479/junit4241876817683567533/zip-3.zip
13:56:38.867 [Test worker] INFO  o.m.release.comparison.ZipCompare - x/y/4.txt does not match
13:56:38.867 [Test worker] INFO  o.m.release.comparison.ZipCompare - 3 entries matched
13:56:38.867 [Test worker] INFO  o.m.release.comparison.ZipCompare - 1 entries did not match
13:56:38.868 [Test worker] INFO  o.m.release.comparison.ZipCompare - Comparing /var/folders/fp/r3q888xd0pq7wl45t_l61g100000gn/T/junit2589165093079045479/junit4241876817683567533/zip-1.zip with /var/folders/fp/r3q888xd0pq7wl45t_l61g100000gn/T/junit2589165093079045479/junit4241876817683567533/zip-4.zip
13:56:38.868 [Test worker] INFO  o.m.release.comparison.ZipCompare - x/y/4.txt not found in /var/folders/fp/r3q888xd0pq7wl45t_l61g100000gn/T/junit2589165093079045479/junit4241876817683567533/zip-4.zip
13:56:38.868 [Test worker] INFO  o.m.release.comparison.ZipCompare - 3 entries matched
13:56:38.868 [Test worker] INFO  o.m.release.comparison.ZipCompare - 1 entries did not match
13:56:38.868 [Test worker] INFO  o.m.release.comparison.ZipCompare - Comparing /var/folders/fp/r3q888xd0pq7wl45t_l61g100000gn/T/junit2589165093079045479/junit4241876817683567533/zip-1.zip with /var/folders/fp/r3q888xd0pq7wl45t_l61g100000gn/T/junit2589165093079045479/junit4241876817683567533/zip-5.zip
13:56:38.869 [Test worker] INFO  o.m.release.comparison.ZipCompare - x.txt not found in /var/folders/fp/r3q888xd0pq7wl45t_l61g100000gn/T/junit2589165093079045479/junit4241876817683567533/zip-1.zip
13:56:38.869 [Test worker] INFO  o.m.release.comparison.ZipCompare - 4 entries matched
13:56:38.869 [Test worker] INFO  o.m.release.comparison.ZipCompare - 1 entries did not match
]]></system-out>
  <system-err><![CDATA[]]></system-err>
</testsuite>
