<?xml version="1.0" encoding="UTF-8"?>
<testsuite name="org.mockito.release.comparison.ZipComparatorTest" tests="2" skipped="0" failures="0" errors="0" timestamp="2024-04-01T20:56:39" hostname="Shrushtis-MacBook-Air.local" time="0.149">
  <properties/>
  <testcase name="compares files" classname="org.mockito.release.comparison.ZipComparatorTest" time="0.131"/>
  <testcase name="detects not equal zips" classname="org.mockito.release.comparison.ZipComparatorTest" time="0.018"/>
  <system-out><![CDATA[]]></system-out>
  <system-err><![CDATA[]]></system-err>
</testsuite>
