<?xml version="1.0" encoding="UTF-8"?>
<testsuite name="org.mockito.release.notes.versions.FromNotesContentTest" tests="2" skipped="0" failures="0" errors="0" timestamp="2024-04-01T20:56:35" hostname="Shrushtis-MacBook-Air.local" time="0.019">
  <properties/>
  <testcase name="gets previous version from notes content" classname="org.mockito.release.notes.versions.FromNotesContentTest" time="0.017"/>
  <testcase name="throws reasonable exception if version cannot be parsed" classname="org.mockito.release.notes.versions.FromNotesContentTest" time="0.002"/>
  <system-out><![CDATA[]]></system-out>
  <system-err><![CDATA[]]></system-err>
</testsuite>
