<?xml version="1.0" encoding="UTF-8"?>
<testsuite name="org.mockito.release.notes.vcs.GitContributionsProviderTest" tests="3" skipped="0" failures="0" errors="0" timestamp="2024-04-07T20:29:04" hostname="Shrushtis-MacBook-Air.local" time="0.127">
  <properties/>
  <testcase name="provides contributions" classname="org.mockito.release.notes.vcs.GitContributionsProviderTest" time="0.121"/>
  <testcase name="has basic handling of garbage in log" classname="org.mockito.release.notes.vcs.GitContributionsProviderTest" time="0.004"/>
  <testcase name="handles empty log" classname="org.mockito.release.notes.vcs.GitContributionsProviderTest" time="0.002"/>
  <system-out><![CDATA[13:29:04.916 [Test worker] INFO  o.m.r.n.vcs.GitContributionsProvider - Fetching v1.10.10 from the repo
13:29:04.920 [Test worker] INFO  o.m.r.n.vcs.GitContributionsProvider - Loading all commits between v1.10.10 and HEAD
13:29:04.946 [Test worker] INFO  o.m.r.n.vcs.GitContributionsProvider - Fetching v1.10.10 from the repo
13:29:04.946 [Test worker] INFO  o.m.r.n.vcs.GitContributionsProvider - Loading all commits between v1.10.10 and HEAD
13:29:04.949 [Test worker] INFO  o.m.r.n.vcs.GitContributionsProvider - Fetching v1.10.10 from the repo
13:29:04.949 [Test worker] INFO  o.m.r.n.vcs.GitContributionsProvider - Loading all commits between v1.10.10 and HEAD
]]></system-out>
  <system-err><![CDATA[]]></system-err>
</testsuite>
