<?xml version="1.0" encoding="UTF-8"?>
<testsuite name="org.mockito.release.comparison.ZipCompareTest" tests="2" skipped="0" failures="0" errors="0" timestamp="2024-04-07T05:36:18" hostname="Shrushtis-MacBook-Air.local" time="0.057">
  <properties/>
  <testcase name="compares zips" classname="org.mockito.release.comparison.ZipCompareTest" time="0.052"/>
  <testcase name="fails early when any of the zips cannot be opened" classname="org.mockito.release.comparison.ZipCompareTest" time="0.004"/>
  <system-out><![CDATA[22:36:18.546 [Test worker] INFO  o.m.release.comparison.ZipCompare - Comparing /var/folders/fp/r3q888xd0pq7wl45t_l61g100000gn/T/junit5934093294232844662/junit335827227753789388/zip-1.zip with /var/folders/fp/r3q888xd0pq7wl45t_l61g100000gn/T/junit5934093294232844662/junit335827227753789388/zip-2.zip
22:36:18.547 [Test worker] INFO  o.m.release.comparison.ZipCompare - 4 entries matched
22:36:18.548 [Test worker] INFO  o.m.release.comparison.ZipCompare - Comparing /var/folders/fp/r3q888xd0pq7wl45t_l61g100000gn/T/junit5934093294232844662/junit335827227753789388/zip-2.zip with /var/folders/fp/r3q888xd0pq7wl45t_l61g100000gn/T/junit5934093294232844662/junit335827227753789388/zip-1.zip
22:36:18.548 [Test worker] INFO  o.m.release.comparison.ZipCompare - 4 entries matched
22:36:18.548 [Test worker] INFO  o.m.release.comparison.ZipCompare - Comparing /var/folders/fp/r3q888xd0pq7wl45t_l61g100000gn/T/junit5934093294232844662/junit335827227753789388/zip-1.zip with /var/folders/fp/r3q888xd0pq7wl45t_l61g100000gn/T/junit5934093294232844662/junit335827227753789388/zip-3.zip
22:36:18.548 [Test worker] INFO  o.m.release.comparison.ZipCompare - x/y/4.txt does not match
22:36:18.548 [Test worker] INFO  o.m.release.comparison.ZipCompare - 3 entries matched
22:36:18.548 [Test worker] INFO  o.m.release.comparison.ZipCompare - 1 entries did not match
22:36:18.548 [Test worker] INFO  o.m.release.comparison.ZipCompare - Comparing /var/folders/fp/r3q888xd0pq7wl45t_l61g100000gn/T/junit5934093294232844662/junit335827227753789388/zip-1.zip with /var/folders/fp/r3q888xd0pq7wl45t_l61g100000gn/T/junit5934093294232844662/junit335827227753789388/zip-4.zip
22:36:18.548 [Test worker] INFO  o.m.release.comparison.ZipCompare - x/y/4.txt not found in /var/folders/fp/r3q888xd0pq7wl45t_l61g100000gn/T/junit5934093294232844662/junit335827227753789388/zip-4.zip
22:36:18.548 [Test worker] INFO  o.m.release.comparison.ZipCompare - 3 entries matched
22:36:18.548 [Test worker] INFO  o.m.release.comparison.ZipCompare - 1 entries did not match
22:36:18.548 [Test worker] INFO  o.m.release.comparison.ZipCompare - Comparing /var/folders/fp/r3q888xd0pq7wl45t_l61g100000gn/T/junit5934093294232844662/junit335827227753789388/zip-1.zip with /var/folders/fp/r3q888xd0pq7wl45t_l61g100000gn/T/junit5934093294232844662/junit335827227753789388/zip-5.zip
22:36:18.549 [Test worker] INFO  o.m.release.comparison.ZipCompare - x.txt not found in /var/folders/fp/r3q888xd0pq7wl45t_l61g100000gn/T/junit5934093294232844662/junit335827227753789388/zip-1.zip
22:36:18.549 [Test worker] INFO  o.m.release.comparison.ZipCompare - 4 entries matched
22:36:18.549 [Test worker] INFO  o.m.release.comparison.ZipCompare - 1 entries did not match
]]></system-out>
  <system-err><![CDATA[]]></system-err>
</testsuite>
