<?xml version="1.0" encoding="UTF-8"?>
<testsuite name="org.mockito.release.notes.vcs.DefaultContributionSetTest" tests="4" skipped="0" failures="0" errors="0" timestamp="2024-04-01T20:56:36" hostname="Shrushtis-MacBook-Air.local" time="0.029">
  <properties/>
  <testcase name="empty contributions" classname="org.mockito.release.notes.vcs.DefaultContributionSetTest" time="0.02"/>
  <testcase name="contains referenced tickets" classname="org.mockito.release.notes.vcs.DefaultContributionSetTest" time="0.002"/>
  <testcase name="many contributions" classname="org.mockito.release.notes.vcs.DefaultContributionSetTest" time="0.002"/>
  <testcase name="ignores specific commits" classname="org.mockito.release.notes.vcs.DefaultContributionSetTest" time="0.002"/>
  <system-out><![CDATA[]]></system-out>
  <system-err><![CDATA[]]></system-err>
</testsuite>
