<?xml version="1.0" encoding="UTF-8"?>
<testsuite name="java_programs.EvosuiteTO_BASE_ESTest" tests="6" skipped="0" failures="0" errors="0" timestamp="2024-04-25T22:58:08" hostname="Sejals-MacBook-Air.local" time="0.09">
  <properties/>
  <testcase name="test0" classname="java_programs.EvosuiteTO_BASE_ESTest" time="0.083"/>
  <testcase name="test1" classname="java_programs.EvosuiteTO_BASE_ESTest" time="0.003"/>
  <testcase name="test2" classname="java_programs.EvosuiteTO_BASE_ESTest" time="0.002"/>
  <testcase name="test3" classname="java_programs.EvosuiteTO_BASE_ESTest" time="0.0"/>
  <testcase name="test4" classname="java_programs.EvosuiteTO_BASE_ESTest" time="0.001"/>
  <testcase name="test5" classname="java_programs.EvosuiteTO_BASE_ESTest" time="0.001"/>
  <system-out><![CDATA[]]></system-out>
  <system-err><![CDATA[]]></system-err>
</testsuite>
