<?xml version="1.0" encoding="UTF-8"?>
<testsuite name="RandoopRegressionTest0" tests="500" skipped="0" failures="0" errors="0" timestamp="2024-04-25T05:54:05" hostname="Sejals-MacBook-Air.local" time="0.028">
  <properties/>
  <testcase name="test00001" classname="RandoopRegressionTest0" time="0.001"/>
  <testcase name="test00002" classname="RandoopRegressionTest0" time="0.0"/>
  <testcase name="test00003" classname="RandoopRegressionTest0" time="0.0"/>
  <testcase name="test00004" classname="RandoopRegressionTest0" time="0.0"/>
  <testcase name="test00005" classname="RandoopRegressionTest0" time="0.0"/>
  <testcase name="test00006" classname="RandoopRegressionTest0" time="0.0"/>
  <testcase name="test00007" classname="RandoopRegressionTest0" time="0.0"/>
  <testcase name="test00008" classname="RandoopRegressionTest0" time="0.0"/>
  <testcase name="test00009" classname="RandoopRegressionTest0" time="0.0"/>
  <testcase name="test00010" classname="RandoopRegressionTest0" time="0.0"/>
  <testcase name="test00011" classname="RandoopRegressionTest0" time="0.0"/>
  <testcase name="test00012" classname="RandoopRegressionTest0" time="0.0"/>
  <testcase name="test00013" classname="RandoopRegressionTest0" time="0.0"/>
  <testcase name="test00014" classname="RandoopRegressionTest0" time="0.0"/>
  <testcase name="test00015" classname="RandoopRegressionTest0" time="0.0"/>
  <testcase name="test00016" classname="RandoopRegressionTest0" time="0.0"/>
  <testcase name="test00017" classname="RandoopRegressionTest0" time="0.0"/>
  <testcase name="test00018" classname="RandoopRegressionTest0" time="0.001"/>
  <testcase name="test00019" classname="RandoopRegressionTest0" time="0.0"/>
  <testcase name="test00020" classname="RandoopRegressionTest0" time="0.0"/>
  <testcase name="test00021" classname="RandoopRegressionTest0" time="0.0"/>
  <testcase name="test00022" classname="RandoopRegressionTest0" time="0.0"/>
  <testcase name="test00023" classname="RandoopRegressionTest0" time="0.0"/>
  <testcase name="test00024" classname="RandoopRegressionTest0" time="0.0"/>
  <testcase name="test00025" classname="RandoopRegressionTest0" time="0.0"/>
  <testcase name="test00026" classname="RandoopRegressionTest0" time="0.0"/>
  <testcase name="test00027" classname="RandoopRegressionTest0" time="0.0"/>
  <testcase name="test00028" classname="RandoopRegressionTest0" time="0.001"/>
  <testcase name="test00029" classname="RandoopRegressionTest0" time="0.0"/>
  <testcase name="test00030" classname="RandoopRegressionTest0" time="0.0"/>
  <testcase name="test00031" classname="RandoopRegressionTest0" time="0.0"/>
  <testcase name="test00032" classname="RandoopRegressionTest0" time="0.0"/>
  <testcase name="test00033" classname="RandoopRegressionTest0" time="0.0"/>
  <testcase name="test00034" classname="RandoopRegressionTest0" time="0.0"/>
  <testcase name="test00035" classname="RandoopRegressionTest0" time="0.0"/>
  <testcase name="test00036" classname="RandoopRegressionTest0" time="0.0"/>
  <testcase name="test00037" classname="RandoopRegressionTest0" time="0.0"/>
  <testcase name="test00038" classname="RandoopRegressionTest0" time="0.0"/>
  <testcase name="test00039" classname="RandoopRegressionTest0" time="0.0"/>
  <testcase name="test00040" classname="RandoopRegressionTest0" time="0.0"/>
  <testcase name="test00041" classname="RandoopRegressionTest0" time="0.0"/>
  <testcase name="test00042" classname="RandoopRegressionTest0" time="0.0"/>
  <testcase name="test00043" classname="RandoopRegressionTest0" time="0.0"/>
  <testcase name="test00044" classname="RandoopRegressionTest0" time="0.0"/>
  <testcase name="test00045" classname="RandoopRegressionTest0" time="0.0"/>
  <testcase name="test00046" classname="RandoopRegressionTest0" time="0.0"/>
  <testcase name="test00047" classname="RandoopRegressionTest0" time="0.0"/>
  <testcase name="test00048" classname="RandoopRegressionTest0" time="0.0"/>
  <testcase name="test00049" classname="RandoopRegressionTest0" time="0.0"/>
  <testcase name="test00050" classname="RandoopRegressionTest0" time="0.0"/>
  <testcase name="test00051" classname="RandoopRegressionTest0" time="0.0"/>
  <testcase name="test00052" classname="RandoopRegressionTest0" time="0.0"/>
  <testcase name="test00053" classname="RandoopRegressionTest0" time="0.0"/>
  <testcase name="test00054" classname="RandoopRegressionTest0" time="0.0"/>
  <testcase name="test00055" classname="RandoopRegressionTest0" time="0.0"/>
  <testcase name="test00056" classname="RandoopRegressionTest0" time="0.0"/>
  <testcase name="test00057" classname="RandoopRegressionTest0" time="0.0"/>
  <testcase name="test00058" classname="RandoopRegressionTest0" time="0.0"/>
  <testcase name="test00059" classname="RandoopRegressionTest0" time="0.0"/>
  <testcase name="test00060" classname="RandoopRegressionTest0" time="0.0"/>
  <testcase name="test00061" classname="RandoopRegressionTest0" time="0.0"/>
  <testcase name="test00062" classname="RandoopRegressionTest0" time="0.0"/>
  <testcase name="test00063" classname="RandoopRegressionTest0" time="0.0"/>
  <testcase name="test00064" classname="RandoopRegressionTest0" time="0.001"/>
  <testcase name="test00065" classname="RandoopRegressionTest0" time="0.0"/>
  <testcase name="test00066" classname="RandoopRegressionTest0" time="0.0"/>
  <testcase name="test00067" classname="RandoopRegressionTest0" time="0.0"/>
  <testcase name="test00068" classname="RandoopRegressionTest0" time="0.0"/>
  <testcase name="test00069" classname="RandoopRegressionTest0" time="0.0"/>
  <testcase name="test00070" classname="RandoopRegressionTest0" time="0.0"/>
  <testcase name="test00071" classname="RandoopRegressionTest0" time="0.0"/>
  <testcase name="test00072" classname="RandoopRegressionTest0" time="0.0"/>
  <testcase name="test00073" classname="RandoopRegressionTest0" time="0.0"/>
  <testcase name="test00074" classname="RandoopRegressionTest0" time="0.0"/>
  <testcase name="test00075" classname="RandoopRegressionTest0" time="0.0"/>
  <testcase name="test00076" classname="RandoopRegressionTest0" time="0.0"/>
  <testcase name="test00077" classname="RandoopRegressionTest0" time="0.0"/>
  <testcase name="test00078" classname="RandoopRegressionTest0" time="0.0"/>
  <testcase name="test00079" classname="RandoopRegressionTest0" time="0.0"/>
  <testcase name="test00080" classname="RandoopRegressionTest0" time="0.0"/>
  <testcase name="test00081" classname="RandoopRegressionTest0" time="0.0"/>
  <testcase name="test00082" classname="RandoopRegressionTest0" time="0.0"/>
  <testcase name="test00083" classname="RandoopRegressionTest0" time="0.0"/>
  <testcase name="test00084" classname="RandoopRegressionTest0" time="0.0"/>
  <testcase name="test00085" classname="RandoopRegressionTest0" time="0.0"/>
  <testcase name="test00086" classname="RandoopRegressionTest0" time="0.0"/>
  <testcase name="test00087" classname="RandoopRegressionTest0" time="0.0"/>
  <testcase name="test00088" classname="RandoopRegressionTest0" time="0.001"/>
  <testcase name="test00089" classname="RandoopRegressionTest0" time="0.0"/>
  <testcase name="test00090" classname="RandoopRegressionTest0" time="0.0"/>
  <testcase name="test00091" classname="RandoopRegressionTest0" time="0.0"/>
  <testcase name="test00092" classname="RandoopRegressionTest0" time="0.0"/>
  <testcase name="test00093" classname="RandoopRegressionTest0" time="0.0"/>
  <testcase name="test00094" classname="RandoopRegressionTest0" time="0.0"/>
  <testcase name="test00095" classname="RandoopRegressionTest0" time="0.0"/>
  <testcase name="test00096" classname="RandoopRegressionTest0" time="0.0"/>
  <testcase name="test00097" classname="RandoopRegressionTest0" time="0.0"/>
  <testcase name="test00098" classname="RandoopRegressionTest0" time="0.0"/>
  <testcase name="test00099" classname="RandoopRegressionTest0" time="0.0"/>
  <testcase name="test00100" classname="RandoopRegressionTest0" time="0.001"/>
  <testcase name="test00101" classname="RandoopRegressionTest0" time="0.0"/>
  <testcase name="test00102" classname="RandoopRegressionTest0" time="0.0"/>
  <testcase name="test00103" classname="RandoopRegressionTest0" time="0.0"/>
  <testcase name="test00104" classname="RandoopRegressionTest0" time="0.0"/>
  <testcase name="test00105" classname="RandoopRegressionTest0" time="0.0"/>
  <testcase name="test00106" classname="RandoopRegressionTest0" time="0.0"/>
  <testcase name="test00107" classname="RandoopRegressionTest0" time="0.0"/>
  <testcase name="test00108" classname="RandoopRegressionTest0" time="0.0"/>
  <testcase name="test00109" classname="RandoopRegressionTest0" time="0.0"/>
  <testcase name="test00110" classname="RandoopRegressionTest0" time="0.0"/>
  <testcase name="test00111" classname="RandoopRegressionTest0" time="0.0"/>
  <testcase name="test00112" classname="RandoopRegressionTest0" time="0.0"/>
  <testcase name="test00113" classname="RandoopRegressionTest0" time="0.0"/>
  <testcase name="test00114" classname="RandoopRegressionTest0" time="0.0"/>
  <testcase name="test00115" classname="RandoopRegressionTest0" time="0.0"/>
  <testcase name="test00116" classname="RandoopRegressionTest0" time="0.0"/>
  <testcase name="test00117" classname="RandoopRegressionTest0" time="0.001"/>
  <testcase name="test00118" classname="RandoopRegressionTest0" time="0.0"/>
  <testcase name="test00119" classname="RandoopRegressionTest0" time="0.0"/>
  <testcase name="test00120" classname="RandoopRegressionTest0" time="0.0"/>
  <testcase name="test00121" classname="RandoopRegressionTest0" time="0.0"/>
  <testcase name="test00122" classname="RandoopRegressionTest0" time="0.0"/>
  <testcase name="test00123" classname="RandoopRegressionTest0" time="0.0"/>
  <testcase name="test00124" classname="RandoopRegressionTest0" time="0.0"/>
  <testcase name="test00125" classname="RandoopRegressionTest0" time="0.0"/>
  <testcase name="test00126" classname="RandoopRegressionTest0" time="0.0"/>
  <testcase name="test00127" classname="RandoopRegressionTest0" time="0.0"/>
  <testcase name="test00128" classname="RandoopRegressionTest0" time="0.0"/>
  <testcase name="test00129" classname="RandoopRegressionTest0" time="0.0"/>
  <testcase name="test00130" classname="RandoopRegressionTest0" time="0.0"/>
  <testcase name="test00131" classname="RandoopRegressionTest0" time="0.0"/>
  <testcase name="test00132" classname="RandoopRegressionTest0" time="0.0"/>
  <testcase name="test00133" classname="RandoopRegressionTest0" time="0.0"/>
  <testcase name="test00134" classname="RandoopRegressionTest0" time="0.0"/>
  <testcase name="test00135" classname="RandoopRegressionTest0" time="0.0"/>
  <testcase name="test00136" classname="RandoopRegressionTest0" time="0.0"/>
  <testcase name="test00137" classname="RandoopRegressionTest0" time="0.001"/>
  <testcase name="test00138" classname="RandoopRegressionTest0" time="0.0"/>
  <testcase name="test00139" classname="RandoopRegressionTest0" time="0.0"/>
  <testcase name="test00140" classname="RandoopRegressionTest0" time="0.0"/>
  <testcase name="test00141" classname="RandoopRegressionTest0" time="0.0"/>
  <testcase name="test00142" classname="RandoopRegressionTest0" time="0.0"/>
  <testcase name="test00143" classname="RandoopRegressionTest0" time="0.0"/>
  <testcase name="test00144" classname="RandoopRegressionTest0" time="0.0"/>
  <testcase name="test00145" classname="RandoopRegressionTest0" time="0.0"/>
  <testcase name="test00146" classname="RandoopRegressionTest0" time="0.0"/>
  <testcase name="test00147" classname="RandoopRegressionTest0" time="0.0"/>
  <testcase name="test00148" classname="RandoopRegressionTest0" time="0.0"/>
  <testcase name="test00149" classname="RandoopRegressionTest0" time="0.0"/>
  <testcase name="test00150" classname="RandoopRegressionTest0" time="0.0"/>
  <testcase name="test00151" classname="RandoopRegressionTest0" time="0.0"/>
  <testcase name="test00152" classname="RandoopRegressionTest0" time="0.0"/>
  <testcase name="test00153" classname="RandoopRegressionTest0" time="0.0"/>
  <testcase name="test00154" classname="RandoopRegressionTest0" time="0.0"/>
  <testcase name="test00155" classname="RandoopRegressionTest0" time="0.0"/>
  <testcase name="test00156" classname="RandoopRegressionTest0" time="0.0"/>
  <testcase name="test00157" classname="RandoopRegressionTest0" time="0.0"/>
  <testcase name="test00158" classname="RandoopRegressionTest0" time="0.0"/>
  <testcase name="test00159" classname="RandoopRegressionTest0" time="0.0"/>
  <testcase name="test00160" classname="RandoopRegressionTest0" time="0.0"/>
  <testcase name="test00161" classname="RandoopRegressionTest0" time="0.0"/>
  <testcase name="test00162" classname="RandoopRegressionTest0" time="0.0"/>
  <testcase name="test00163" classname="RandoopRegressionTest0" time="0.0"/>
  <testcase name="test00164" classname="RandoopRegressionTest0" time="0.0"/>
  <testcase name="test00165" classname="RandoopRegressionTest0" time="0.0"/>
  <testcase name="test00166" classname="RandoopRegressionTest0" time="0.0"/>
  <testcase name="test00167" classname="RandoopRegressionTest0" time="0.0"/>
  <testcase name="test00168" classname="RandoopRegressionTest0" time="0.0"/>
  <testcase name="test00169" classname="RandoopRegressionTest0" time="0.0"/>
  <testcase name="test00170" classname="RandoopRegressionTest0" time="0.0"/>
  <testcase name="test00171" classname="RandoopRegressionTest0" time="0.001"/>
  <testcase name="test00172" classname="RandoopRegressionTest0" time="0.0"/>
  <testcase name="test00173" classname="RandoopRegressionTest0" time="0.0"/>
  <testcase name="test00174" classname="RandoopRegressionTest0" time="0.0"/>
  <testcase name="test00175" classname="RandoopRegressionTest0" time="0.0"/>
  <testcase name="test00176" classname="RandoopRegressionTest0" time="0.0"/>
  <testcase name="test00177" classname="RandoopRegressionTest0" time="0.0"/>
  <testcase name="test00178" classname="RandoopRegressionTest0" time="0.0"/>
  <testcase name="test00179" classname="RandoopRegressionTest0" time="0.0"/>
  <testcase name="test00180" classname="RandoopRegressionTest0" time="0.0"/>
  <testcase name="test00181" classname="RandoopRegressionTest0" time="0.0"/>
  <testcase name="test00182" classname="RandoopRegressionTest0" time="0.0"/>
  <testcase name="test00183" classname="RandoopRegressionTest0" time="0.0"/>
  <testcase name="test00184" classname="RandoopRegressionTest0" time="0.0"/>
  <testcase name="test00185" classname="RandoopRegressionTest0" time="0.0"/>
  <testcase name="test00186" classname="RandoopRegressionTest0" time="0.0"/>
  <testcase name="test00187" classname="RandoopRegressionTest0" time="0.0"/>
  <testcase name="test00188" classname="RandoopRegressionTest0" time="0.0"/>
  <testcase name="test00189" classname="RandoopRegressionTest0" time="0.0"/>
  <testcase name="test00190" classname="RandoopRegressionTest0" time="0.0"/>
  <testcase name="test00191" classname="RandoopRegressionTest0" time="0.0"/>
  <testcase name="test00192" classname="RandoopRegressionTest0" time="0.0"/>
  <testcase name="test00193" classname="RandoopRegressionTest0" time="0.0"/>
  <testcase name="test00194" classname="RandoopRegressionTest0" time="0.001"/>
  <testcase name="test00195" classname="RandoopRegressionTest0" time="0.0"/>
  <testcase name="test00196" classname="RandoopRegressionTest0" time="0.0"/>
  <testcase name="test00197" classname="RandoopRegressionTest0" time="0.0"/>
  <testcase name="test00198" classname="RandoopRegressionTest0" time="0.0"/>
  <testcase name="test00199" classname="RandoopRegressionTest0" time="0.0"/>
  <testcase name="test00200" classname="RandoopRegressionTest0" time="0.0"/>
  <testcase name="test00201" classname="RandoopRegressionTest0" time="0.0"/>
  <testcase name="test00202" classname="RandoopRegressionTest0" time="0.0"/>
  <testcase name="test00203" classname="RandoopRegressionTest0" time="0.0"/>
  <testcase name="test00204" classname="RandoopRegressionTest0" time="0.0"/>
  <testcase name="test00205" classname="RandoopRegressionTest0" time="0.0"/>
  <testcase name="test00206" classname="RandoopRegressionTest0" time="0.0"/>
  <testcase name="test00207" classname="RandoopRegressionTest0" time="0.0"/>
  <testcase name="test00208" classname="RandoopRegressionTest0" time="0.0"/>
  <testcase name="test00209" classname="RandoopRegressionTest0" time="0.0"/>
  <testcase name="test00210" classname="RandoopRegressionTest0" time="0.0"/>
  <testcase name="test00211" classname="RandoopRegressionTest0" time="0.0"/>
  <testcase name="test00212" classname="RandoopRegressionTest0" time="0.0"/>
  <testcase name="test00213" classname="RandoopRegressionTest0" time="0.0"/>
  <testcase name="test00214" classname="RandoopRegressionTest0" time="0.0"/>
  <testcase name="test00215" classname="RandoopRegressionTest0" time="0.0"/>
  <testcase name="test00216" classname="RandoopRegressionTest0" time="0.0"/>
  <testcase name="test00217" classname="RandoopRegressionTest0" time="0.0"/>
  <testcase name="test00218" classname="RandoopRegressionTest0" time="0.0"/>
  <testcase name="test00219" classname="RandoopRegressionTest0" time="0.0"/>
  <testcase name="test00220" classname="RandoopRegressionTest0" time="0.0"/>
  <testcase name="test00221" classname="RandoopRegressionTest0" time="0.0"/>
  <testcase name="test00222" classname="RandoopRegressionTest0" time="0.0"/>
  <testcase name="test00223" classname="RandoopRegressionTest0" time="0.0"/>
  <testcase name="test00224" classname="RandoopRegressionTest0" time="0.0"/>
  <testcase name="test00225" classname="RandoopRegressionTest0" time="0.0"/>
  <testcase name="test00226" classname="RandoopRegressionTest0" time="0.0"/>
  <testcase name="test00227" classname="RandoopRegressionTest0" time="0.0"/>
  <testcase name="test00228" classname="RandoopRegressionTest0" time="0.0"/>
  <testcase name="test00229" classname="RandoopRegressionTest0" time="0.0"/>
  <testcase name="test00230" classname="RandoopRegressionTest0" time="0.0"/>
  <testcase name="test00231" classname="RandoopRegressionTest0" time="0.0"/>
  <testcase name="test00232" classname="RandoopRegressionTest0" time="0.0"/>
  <testcase name="test00233" classname="RandoopRegressionTest0" time="0.0"/>
  <testcase name="test00234" classname="RandoopRegressionTest0" time="0.0"/>
  <testcase name="test00235" classname="RandoopRegressionTest0" time="0.0"/>
  <testcase name="test00236" classname="RandoopRegressionTest0" time="0.0"/>
  <testcase name="test00237" classname="RandoopRegressionTest0" time="0.0"/>
  <testcase name="test00238" classname="RandoopRegressionTest0" time="0.0"/>
  <testcase name="test00239" classname="RandoopRegressionTest0" time="0.0"/>
  <testcase name="test00240" classname="RandoopRegressionTest0" time="0.0"/>
  <testcase name="test00241" classname="RandoopRegressionTest0" time="0.0"/>
  <testcase name="test00242" classname="RandoopRegressionTest0" time="0.0"/>
  <testcase name="test00243" classname="RandoopRegressionTest0" time="0.0"/>
  <testcase name="test00244" classname="RandoopRegressionTest0" time="0.0"/>
  <testcase name="test00245" classname="RandoopRegressionTest0" time="0.0"/>
  <testcase name="test00246" classname="RandoopRegressionTest0" time="0.0"/>
  <testcase name="test00247" classname="RandoopRegressionTest0" time="0.0"/>
  <testcase name="test00248" classname="RandoopRegressionTest0" time="0.0"/>
  <testcase name="test00249" classname="RandoopRegressionTest0" time="0.0"/>
  <testcase name="test00250" classname="RandoopRegressionTest0" time="0.0"/>
  <testcase name="test00251" classname="RandoopRegressionTest0" time="0.0"/>
  <testcase name="test00252" classname="RandoopRegressionTest0" time="0.0"/>
  <testcase name="test00253" classname="RandoopRegressionTest0" time="0.0"/>
  <testcase name="test00254" classname="RandoopRegressionTest0" time="0.0"/>
  <testcase name="test00255" classname="RandoopRegressionTest0" time="0.0"/>
  <testcase name="test00256" classname="RandoopRegressionTest0" time="0.0"/>
  <testcase name="test00257" classname="RandoopRegressionTest0" time="0.0"/>
  <testcase name="test00258" classname="RandoopRegressionTest0" time="0.0"/>
  <testcase name="test00259" classname="RandoopRegressionTest0" time="0.0"/>
  <testcase name="test00260" classname="RandoopRegressionTest0" time="0.0"/>
  <testcase name="test00261" classname="RandoopRegressionTest0" time="0.0"/>
  <testcase name="test00262" classname="RandoopRegressionTest0" time="0.0"/>
  <testcase name="test00263" classname="RandoopRegressionTest0" time="0.0"/>
  <testcase name="test00264" classname="RandoopRegressionTest0" time="0.0"/>
  <testcase name="test00265" classname="RandoopRegressionTest0" time="0.0"/>
  <testcase name="test00266" classname="RandoopRegressionTest0" time="0.0"/>
  <testcase name="test00267" classname="RandoopRegressionTest0" time="0.0"/>
  <testcase name="test00268" classname="RandoopRegressionTest0" time="0.0"/>
  <testcase name="test00269" classname="RandoopRegressionTest0" time="0.0"/>
  <testcase name="test00270" classname="RandoopRegressionTest0" time="0.001"/>
  <testcase name="test00271" classname="RandoopRegressionTest0" time="0.0"/>
  <testcase name="test00272" classname="RandoopRegressionTest0" time="0.0"/>
  <testcase name="test00273" classname="RandoopRegressionTest0" time="0.0"/>
  <testcase name="test00274" classname="RandoopRegressionTest0" time="0.0"/>
  <testcase name="test00275" classname="RandoopRegressionTest0" time="0.0"/>
  <testcase name="test00276" classname="RandoopRegressionTest0" time="0.0"/>
  <testcase name="test00277" classname="RandoopRegressionTest0" time="0.0"/>
  <testcase name="test00278" classname="RandoopRegressionTest0" time="0.0"/>
  <testcase name="test00279" classname="RandoopRegressionTest0" time="0.0"/>
  <testcase name="test00280" classname="RandoopRegressionTest0" time="0.0"/>
  <testcase name="test00281" classname="RandoopRegressionTest0" time="0.0"/>
  <testcase name="test00282" classname="RandoopRegressionTest0" time="0.0"/>
  <testcase name="test00283" classname="RandoopRegressionTest0" time="0.0"/>
  <testcase name="test00284" classname="RandoopRegressionTest0" time="0.0"/>
  <testcase name="test00285" classname="RandoopRegressionTest0" time="0.0"/>
  <testcase name="test00286" classname="RandoopRegressionTest0" time="0.0"/>
  <testcase name="test00287" classname="RandoopRegressionTest0" time="0.0"/>
  <testcase name="test00288" classname="RandoopRegressionTest0" time="0.0"/>
  <testcase name="test00289" classname="RandoopRegressionTest0" time="0.0"/>
  <testcase name="test00290" classname="RandoopRegressionTest0" time="0.0"/>
  <testcase name="test00291" classname="RandoopRegressionTest0" time="0.0"/>
  <testcase name="test00292" classname="RandoopRegressionTest0" time="0.0"/>
  <testcase name="test00293" classname="RandoopRegressionTest0" time="0.0"/>
  <testcase name="test00294" classname="RandoopRegressionTest0" time="0.0"/>
  <testcase name="test00295" classname="RandoopRegressionTest0" time="0.0"/>
  <testcase name="test00296" classname="RandoopRegressionTest0" time="0.0"/>
  <testcase name="test00297" classname="RandoopRegressionTest0" time="0.0"/>
  <testcase name="test00298" classname="RandoopRegressionTest0" time="0.0"/>
  <testcase name="test00299" classname="RandoopRegressionTest0" time="0.0"/>
  <testcase name="test00300" classname="RandoopRegressionTest0" time="0.0"/>
  <testcase name="test00301" classname="RandoopRegressionTest0" time="0.0"/>
  <testcase name="test00302" classname="RandoopRegressionTest0" time="0.0"/>
  <testcase name="test00303" classname="RandoopRegressionTest0" time="0.0"/>
  <testcase name="test00304" classname="RandoopRegressionTest0" time="0.0"/>
  <testcase name="test00305" classname="RandoopRegressionTest0" time="0.0"/>
  <testcase name="test00306" classname="RandoopRegressionTest0" time="0.0"/>
  <testcase name="test00307" classname="RandoopRegressionTest0" time="0.0"/>
  <testcase name="test00308" classname="RandoopRegressionTest0" time="0.0"/>
  <testcase name="test00309" classname="RandoopRegressionTest0" time="0.0"/>
  <testcase name="test00310" classname="RandoopRegressionTest0" time="0.0"/>
  <testcase name="test00311" classname="RandoopRegressionTest0" time="0.0"/>
  <testcase name="test00312" classname="RandoopRegressionTest0" time="0.0"/>
  <testcase name="test00313" classname="RandoopRegressionTest0" time="0.0"/>
  <testcase name="test00314" classname="RandoopRegressionTest0" time="0.0"/>
  <testcase name="test00315" classname="RandoopRegressionTest0" time="0.0"/>
  <testcase name="test00316" classname="RandoopRegressionTest0" time="0.0"/>
  <testcase name="test00317" classname="RandoopRegressionTest0" time="0.0"/>
  <testcase name="test00318" classname="RandoopRegressionTest0" time="0.0"/>
  <testcase name="test00319" classname="RandoopRegressionTest0" time="0.0"/>
  <testcase name="test00320" classname="RandoopRegressionTest0" time="0.0"/>
  <testcase name="test00321" classname="RandoopRegressionTest0" time="0.0"/>
  <testcase name="test00322" classname="RandoopRegressionTest0" time="0.0"/>
  <testcase name="test00323" classname="RandoopRegressionTest0" time="0.0"/>
  <testcase name="test00324" classname="RandoopRegressionTest0" time="0.0"/>
  <testcase name="test00325" classname="RandoopRegressionTest0" time="0.0"/>
  <testcase name="test00326" classname="RandoopRegressionTest0" time="0.0"/>
  <testcase name="test00327" classname="RandoopRegressionTest0" time="0.0"/>
  <testcase name="test00328" classname="RandoopRegressionTest0" time="0.0"/>
  <testcase name="test00329" classname="RandoopRegressionTest0" time="0.0"/>
  <testcase name="test00330" classname="RandoopRegressionTest0" time="0.0"/>
  <testcase name="test00331" classname="RandoopRegressionTest0" time="0.0"/>
  <testcase name="test00332" classname="RandoopRegressionTest0" time="0.0"/>
  <testcase name="test00333" classname="RandoopRegressionTest0" time="0.0"/>
  <testcase name="test00334" classname="RandoopRegressionTest0" time="0.0"/>
  <testcase name="test00335" classname="RandoopRegressionTest0" time="0.0"/>
  <testcase name="test00336" classname="RandoopRegressionTest0" time="0.0"/>
  <testcase name="test00337" classname="RandoopRegressionTest0" time="0.0"/>
  <testcase name="test00338" classname="RandoopRegressionTest0" time="0.0"/>
  <testcase name="test00339" classname="RandoopRegressionTest0" time="0.0"/>
  <testcase name="test00340" classname="RandoopRegressionTest0" time="0.0"/>
  <testcase name="test00341" classname="RandoopRegressionTest0" time="0.0"/>
  <testcase name="test00342" classname="RandoopRegressionTest0" time="0.0"/>
  <testcase name="test00343" classname="RandoopRegressionTest0" time="0.0"/>
  <testcase name="test00344" classname="RandoopRegressionTest0" time="0.0"/>
  <testcase name="test00345" classname="RandoopRegressionTest0" time="0.0"/>
  <testcase name="test00346" classname="RandoopRegressionTest0" time="0.0"/>
  <testcase name="test00347" classname="RandoopRegressionTest0" time="0.0"/>
  <testcase name="test00348" classname="RandoopRegressionTest0" time="0.0"/>
  <testcase name="test00349" classname="RandoopRegressionTest0" time="0.0"/>
  <testcase name="test00350" classname="RandoopRegressionTest0" time="0.0"/>
  <testcase name="test00351" classname="RandoopRegressionTest0" time="0.0"/>
  <testcase name="test00352" classname="RandoopRegressionTest0" time="0.0"/>
  <testcase name="test00353" classname="RandoopRegressionTest0" time="0.0"/>
  <testcase name="test00354" classname="RandoopRegressionTest0" time="0.0"/>
  <testcase name="test00355" classname="RandoopRegressionTest0" time="0.0"/>
  <testcase name="test00356" classname="RandoopRegressionTest0" time="0.0"/>
  <testcase name="test00357" classname="RandoopRegressionTest0" time="0.0"/>
  <testcase name="test00358" classname="RandoopRegressionTest0" time="0.001"/>
  <testcase name="test00359" classname="RandoopRegressionTest0" time="0.0"/>
  <testcase name="test00360" classname="RandoopRegressionTest0" time="0.0"/>
  <testcase name="test00361" classname="RandoopRegressionTest0" time="0.0"/>
  <testcase name="test00362" classname="RandoopRegressionTest0" time="0.0"/>
  <testcase name="test00363" classname="RandoopRegressionTest0" time="0.0"/>
  <testcase name="test00364" classname="RandoopRegressionTest0" time="0.0"/>
  <testcase name="test00365" classname="RandoopRegressionTest0" time="0.0"/>
  <testcase name="test00366" classname="RandoopRegressionTest0" time="0.0"/>
  <testcase name="test00367" classname="RandoopRegressionTest0" time="0.0"/>
  <testcase name="test00368" classname="RandoopRegressionTest0" time="0.0"/>
  <testcase name="test00369" classname="RandoopRegressionTest0" time="0.0"/>
  <testcase name="test00370" classname="RandoopRegressionTest0" time="0.0"/>
  <testcase name="test00371" classname="RandoopRegressionTest0" time="0.0"/>
  <testcase name="test00372" classname="RandoopRegressionTest0" time="0.0"/>
  <testcase name="test00373" classname="RandoopRegressionTest0" time="0.001"/>
  <testcase name="test00374" classname="RandoopRegressionTest0" time="0.0"/>
  <testcase name="test00375" classname="RandoopRegressionTest0" time="0.0"/>
  <testcase name="test00376" classname="RandoopRegressionTest0" time="0.0"/>
  <testcase name="test00377" classname="RandoopRegressionTest0" time="0.0"/>
  <testcase name="test00378" classname="RandoopRegressionTest0" time="0.0"/>
  <testcase name="test00379" classname="RandoopRegressionTest0" time="0.0"/>
  <testcase name="test00380" classname="RandoopRegressionTest0" time="0.0"/>
  <testcase name="test00381" classname="RandoopRegressionTest0" time="0.0"/>
  <testcase name="test00382" classname="RandoopRegressionTest0" time="0.0"/>
  <testcase name="test00383" classname="RandoopRegressionTest0" time="0.0"/>
  <testcase name="test00384" classname="RandoopRegressionTest0" time="0.0"/>
  <testcase name="test00385" classname="RandoopRegressionTest0" time="0.0"/>
  <testcase name="test00386" classname="RandoopRegressionTest0" time="0.0"/>
  <testcase name="test00387" classname="RandoopRegressionTest0" time="0.0"/>
  <testcase name="test00388" classname="RandoopRegressionTest0" time="0.0"/>
  <testcase name="test00389" classname="RandoopRegressionTest0" time="0.0"/>
  <testcase name="test00390" classname="RandoopRegressionTest0" time="0.0"/>
  <testcase name="test00391" classname="RandoopRegressionTest0" time="0.0"/>
  <testcase name="test00392" classname="RandoopRegressionTest0" time="0.0"/>
  <testcase name="test00393" classname="RandoopRegressionTest0" time="0.0"/>
  <testcase name="test00394" classname="RandoopRegressionTest0" time="0.0"/>
  <testcase name="test00395" classname="RandoopRegressionTest0" time="0.0"/>
  <testcase name="test00396" classname="RandoopRegressionTest0" time="0.0"/>
  <testcase name="test00397" classname="RandoopRegressionTest0" time="0.0"/>
  <testcase name="test00398" classname="RandoopRegressionTest0" time="0.0"/>
  <testcase name="test00399" classname="RandoopRegressionTest0" time="0.0"/>
  <testcase name="test00400" classname="RandoopRegressionTest0" time="0.0"/>
  <testcase name="test00401" classname="RandoopRegressionTest0" time="0.0"/>
  <testcase name="test00402" classname="RandoopRegressionTest0" time="0.0"/>
  <testcase name="test00403" classname="RandoopRegressionTest0" time="0.0"/>
  <testcase name="test00404" classname="RandoopRegressionTest0" time="0.0"/>
  <testcase name="test00405" classname="RandoopRegressionTest0" time="0.001"/>
  <testcase name="test00406" classname="RandoopRegressionTest0" time="0.0"/>
  <testcase name="test00407" classname="RandoopRegressionTest0" time="0.0"/>
  <testcase name="test00408" classname="RandoopRegressionTest0" time="0.0"/>
  <testcase name="test00409" classname="RandoopRegressionTest0" time="0.0"/>
  <testcase name="test00410" classname="RandoopRegressionTest0" time="0.0"/>
  <testcase name="test00411" classname="RandoopRegressionTest0" time="0.0"/>
  <testcase name="test00412" classname="RandoopRegressionTest0" time="0.0"/>
  <testcase name="test00413" classname="RandoopRegressionTest0" time="0.0"/>
  <testcase name="test00414" classname="RandoopRegressionTest0" time="0.0"/>
  <testcase name="test00415" classname="RandoopRegressionTest0" time="0.0"/>
  <testcase name="test00416" classname="RandoopRegressionTest0" time="0.0"/>
  <testcase name="test00417" classname="RandoopRegressionTest0" time="0.0"/>
  <testcase name="test00418" classname="RandoopRegressionTest0" time="0.0"/>
  <testcase name="test00419" classname="RandoopRegressionTest0" time="0.0"/>
  <testcase name="test00420" classname="RandoopRegressionTest0" time="0.0"/>
  <testcase name="test00421" classname="RandoopRegressionTest0" time="0.0"/>
  <testcase name="test00422" classname="RandoopRegressionTest0" time="0.0"/>
  <testcase name="test00423" classname="RandoopRegressionTest0" time="0.0"/>
  <testcase name="test00424" classname="RandoopRegressionTest0" time="0.0"/>
  <testcase name="test00425" classname="RandoopRegressionTest0" time="0.0"/>
  <testcase name="test00426" classname="RandoopRegressionTest0" time="0.0"/>
  <testcase name="test00427" classname="RandoopRegressionTest0" time="0.0"/>
  <testcase name="test00428" classname="RandoopRegressionTest0" time="0.0"/>
  <testcase name="test00429" classname="RandoopRegressionTest0" time="0.0"/>
  <testcase name="test00430" classname="RandoopRegressionTest0" time="0.0"/>
  <testcase name="test00431" classname="RandoopRegressionTest0" time="0.0"/>
  <testcase name="test00432" classname="RandoopRegressionTest0" time="0.0"/>
  <testcase name="test00433" classname="RandoopRegressionTest0" time="0.0"/>
  <testcase name="test00434" classname="RandoopRegressionTest0" time="0.0"/>
  <testcase name="test00435" classname="RandoopRegressionTest0" time="0.0"/>
  <testcase name="test00436" classname="RandoopRegressionTest0" time="0.0"/>
  <testcase name="test00437" classname="RandoopRegressionTest0" time="0.0"/>
  <testcase name="test00438" classname="RandoopRegressionTest0" time="0.0"/>
  <testcase name="test00439" classname="RandoopRegressionTest0" time="0.0"/>
  <testcase name="test00440" classname="RandoopRegressionTest0" time="0.0"/>
  <testcase name="test00441" classname="RandoopRegressionTest0" time="0.001"/>
  <testcase name="test00442" classname="RandoopRegressionTest0" time="0.0"/>
  <testcase name="test00443" classname="RandoopRegressionTest0" time="0.0"/>
  <testcase name="test00444" classname="RandoopRegressionTest0" time="0.0"/>
  <testcase name="test00445" classname="RandoopRegressionTest0" time="0.0"/>
  <testcase name="test00446" classname="RandoopRegressionTest0" time="0.0"/>
  <testcase name="test00447" classname="RandoopRegressionTest0" time="0.0"/>
  <testcase name="test00448" classname="RandoopRegressionTest0" time="0.0"/>
  <testcase name="test00449" classname="RandoopRegressionTest0" time="0.0"/>
  <testcase name="test00450" classname="RandoopRegressionTest0" time="0.0"/>
  <testcase name="test00451" classname="RandoopRegressionTest0" time="0.0"/>
  <testcase name="test00452" classname="RandoopRegressionTest0" time="0.0"/>
  <testcase name="test00453" classname="RandoopRegressionTest0" time="0.0"/>
  <testcase name="test00454" classname="RandoopRegressionTest0" time="0.0"/>
  <testcase name="test00455" classname="RandoopRegressionTest0" time="0.0"/>
  <testcase name="test00456" classname="RandoopRegressionTest0" time="0.0"/>
  <testcase name="test00457" classname="RandoopRegressionTest0" time="0.0"/>
  <testcase name="test00458" classname="RandoopRegressionTest0" time="0.0"/>
  <testcase name="test00459" classname="RandoopRegressionTest0" time="0.0"/>
  <testcase name="test00460" classname="RandoopRegressionTest0" time="0.0"/>
  <testcase name="test00461" classname="RandoopRegressionTest0" time="0.0"/>
  <testcase name="test00462" classname="RandoopRegressionTest0" time="0.0"/>
  <testcase name="test00463" classname="RandoopRegressionTest0" time="0.0"/>
  <testcase name="test00464" classname="RandoopRegressionTest0" time="0.0"/>
  <testcase name="test00465" classname="RandoopRegressionTest0" time="0.0"/>
  <testcase name="test00466" classname="RandoopRegressionTest0" time="0.0"/>
  <testcase name="test00467" classname="RandoopRegressionTest0" time="0.0"/>
  <testcase name="test00468" classname="RandoopRegressionTest0" time="0.0"/>
  <testcase name="test00469" classname="RandoopRegressionTest0" time="0.0"/>
  <testcase name="test00470" classname="RandoopRegressionTest0" time="0.0"/>
  <testcase name="test00471" classname="RandoopRegressionTest0" time="0.0"/>
  <testcase name="test00472" classname="RandoopRegressionTest0" time="0.0"/>
  <testcase name="test00473" classname="RandoopRegressionTest0" time="0.0"/>
  <testcase name="test00474" classname="RandoopRegressionTest0" time="0.0"/>
  <testcase name="test00475" classname="RandoopRegressionTest0" time="0.0"/>
  <testcase name="test00476" classname="RandoopRegressionTest0" time="0.0"/>
  <testcase name="test00477" classname="RandoopRegressionTest0" time="0.0"/>
  <testcase name="test00478" classname="RandoopRegressionTest0" time="0.0"/>
  <testcase name="test00479" classname="RandoopRegressionTest0" time="0.0"/>
  <testcase name="test00480" classname="RandoopRegressionTest0" time="0.0"/>
  <testcase name="test00481" classname="RandoopRegressionTest0" time="0.0"/>
  <testcase name="test00482" classname="RandoopRegressionTest0" time="0.0"/>
  <testcase name="test00483" classname="RandoopRegressionTest0" time="0.0"/>
  <testcase name="test00484" classname="RandoopRegressionTest0" time="0.0"/>
  <testcase name="test00485" classname="RandoopRegressionTest0" time="0.0"/>
  <testcase name="test00486" classname="RandoopRegressionTest0" time="0.0"/>
  <testcase name="test00487" classname="RandoopRegressionTest0" time="0.0"/>
  <testcase name="test00488" classname="RandoopRegressionTest0" time="0.0"/>
  <testcase name="test00489" classname="RandoopRegressionTest0" time="0.001"/>
  <testcase name="test00490" classname="RandoopRegressionTest0" time="0.0"/>
  <testcase name="test00491" classname="RandoopRegressionTest0" time="0.0"/>
  <testcase name="test00492" classname="RandoopRegressionTest0" time="0.0"/>
  <testcase name="test00493" classname="RandoopRegressionTest0" time="0.0"/>
  <testcase name="test00494" classname="RandoopRegressionTest0" time="0.0"/>
  <testcase name="test00495" classname="RandoopRegressionTest0" time="0.0"/>
  <testcase name="test00496" classname="RandoopRegressionTest0" time="0.0"/>
  <testcase name="test00497" classname="RandoopRegressionTest0" time="0.0"/>
  <testcase name="test00498" classname="RandoopRegressionTest0" time="0.0"/>
  <testcase name="test00499" classname="RandoopRegressionTest0" time="0.0"/>
  <testcase name="test00500" classname="RandoopRegressionTest0" time="0.0"/>
  <system-out><![CDATA[]]></system-out>
  <system-err><![CDATA[]]></system-err>
</testsuite>
