<?xml version="1.0" encoding="UTF-8"?>
<!-- Generated by org.testng.reporters.JUnitReportReporter -->
<testsuite hostname="Shreyas-Air" name="io.swagger.test.SimpleBuilderTest" tests="1" failures="0" timestamp="9 Apr 2024 07:58:09 GMT" time="0.280" errors="0">
  <testcase name="testBuilder" time="0.280" classname="io.swagger.test.SimpleBuilderTest"/>
</testsuite> <!-- io.swagger.test.SimpleBuilderTest -->
