<?xml version="1.0" encoding="UTF-8"?>
<testsuite xmlns:xsi="http://www.w3.org/2001/XMLSchema-instance" xsi:schemaLocation="https://maven.apache.org/surefire/maven-surefire-plugin/xsd/surefire-test-report.xsd" name="RegressionTest" time="0.102" tests="97" errors="0" skipped="0" failures="0">
  <properties>
    <property name="java.runtime.name" value="OpenJDK Runtime Environment"/>
    <property name="sun.boot.library.path" value="/Library/Java/JavaVirtualMachines/temurin-8.jdk/Contents/Home/jre/lib"/>
    <property name="java.vm.version" value="25.402-b06"/>
    <property name="gopherProxySet" value="false"/>
    <property name="java.vm.vendor" value="Temurin"/>
    <property name="maven.multiModuleProjectDirectory" value="/Users/shreyachaudhary/Desktop/extra/CS527-Project/Bugs/BugSwarm/commons-lang-224267191/Buggy-version"/>
    <property name="java.vendor.url" value="https://adoptium.net/"/>
    <property name="path.separator" value=":"/>
    <property name="guice.disable.misplaced.annotation.check" value="true"/>
    <property name="java.vm.name" value="OpenJDK 64-Bit Server VM"/>
    <property name="file.encoding.pkg" value="sun.io"/>
    <property name="user.country" value="US"/>
    <property name="sun.java.launcher" value="SUN_STANDARD"/>
    <property name="sun.os.patch.level" value="unknown"/>
    <property name="java.vm.specification.name" value="Java Virtual Machine Specification"/>
    <property name="user.dir" value="/Users/shreyachaudhary/Desktop/extra/CS527-Project/Bugs/BugSwarm/commons-lang-224267191/Buggy-version"/>
    <property name="java.runtime.version" value="1.8.0_402-b06"/>
    <property name="java.awt.graphicsenv" value="sun.awt.CGraphicsEnvironment"/>
    <property name="java.endorsed.dirs" value="/Library/Java/JavaVirtualMachines/temurin-8.jdk/Contents/Home/jre/lib/endorsed"/>
    <property name="os.arch" value="x86_64"/>
    <property name="java.io.tmpdir" value="/var/folders/70/9z8mmtr153x2znr25_zb57mr0000gn/T/"/>
    <property name="line.separator" value="&#10;"/>
    <property name="java.vm.specification.vendor" value="Oracle Corporation"/>
    <property name="os.name" value="Mac OS X"/>
    <property name="classworlds.conf" value="/opt/homebrew/Cellar/maven/3.9.6/libexec/bin/m2.conf"/>
    <property name="sun.jnu.encoding" value="UTF-8"/>
    <property name="java.library.path" value="/Users/shreyachaudhary/Library/Java/Extensions:/Library/Java/Extensions:/Network/Library/Java/Extensions:/System/Library/Java/Extensions:/usr/lib/java:."/>
    <property name="maven.conf" value="/opt/homebrew/Cellar/maven/3.9.6/libexec/conf"/>
    <property name="java.specification.name" value="Java Platform API Specification"/>
    <property name="java.class.version" value="52.0"/>
    <property name="sun.management.compiler" value="HotSpot 64-Bit Tiered Compilers"/>
    <property name="maven.test.failure.ignore" value="true"/>
    <property name="os.version" value="14.4.1"/>
    <property name="library.jansi.path" value="/opt/homebrew/Cellar/maven/3.9.6/libexec/lib/jansi-native"/>
    <property name="http.nonProxyHosts" value="local|*.local|169.254/16|*.169.254/16"/>
    <property name="user.home" value="/Users/shreyachaudhary"/>
    <property name="user.timezone" value="America/Chicago"/>
    <property name="java.awt.printerjob" value="sun.lwawt.macosx.CPrinterJob"/>
    <property name="java.specification.version" value="1.8"/>
    <property name="file.encoding" value="UTF-8"/>
    <property name="user.name" value="shreyachaudhary"/>
    <property name="java.class.path" value="/opt/homebrew/Cellar/maven/3.9.6/libexec/boot/plexus-classworlds-2.7.0.jar"/>
    <property name="java.vm.specification.version" value="1.8"/>
    <property name="sun.arch.data.model" value="64"/>
    <property name="java.home" value="/Library/Java/JavaVirtualMachines/temurin-8.jdk/Contents/Home/jre"/>
    <property name="sun.java.command" value="org.codehaus.plexus.classworlds.launcher.Launcher clean clover:setup test -Dmaven.test.failure.ignore=true clover:aggregate clover:clover"/>
    <property name="java.specification.vendor" value="Oracle Corporation"/>
    <property name="user.language" value="en"/>
    <property name="awt.toolkit" value="sun.lwawt.macosx.LWCToolkit"/>
    <property name="java.vm.info" value="mixed mode"/>
    <property name="java.version" value="1.8.0_402"/>
    <property name="java.ext.dirs" value="/Users/shreyachaudhary/Library/Java/Extensions:/Library/Java/JavaVirtualMachines/temurin-8.jdk/Contents/Home/jre/lib/ext:/Library/Java/Extensions:/Network/Library/Java/Extensions:/System/Library/Java/Extensions:/usr/lib/java"/>
    <property name="sun.boot.class.path" value="/Library/Java/JavaVirtualMachines/temurin-8.jdk/Contents/Home/jre/lib/resources.jar:/Library/Java/JavaVirtualMachines/temurin-8.jdk/Contents/Home/jre/lib/rt.jar:/Library/Java/JavaVirtualMachines/temurin-8.jdk/Contents/Home/jre/lib/sunrsasign.jar:/Library/Java/JavaVirtualMachines/temurin-8.jdk/Contents/Home/jre/lib/jsse.jar:/Library/Java/JavaVirtualMachines/temurin-8.jdk/Contents/Home/jre/lib/jce.jar:/Library/Java/JavaVirtualMachines/temurin-8.jdk/Contents/Home/jre/lib/charsets.jar:/Library/Java/JavaVirtualMachines/temurin-8.jdk/Contents/Home/jre/lib/jfr.jar:/Library/Java/JavaVirtualMachines/temurin-8.jdk/Contents/Home/jre/classes"/>
    <property name="java.vendor" value="Temurin"/>
    <property name="java.specification.maintenance.version" value="5"/>
    <property name="maven.home" value="/opt/homebrew/Cellar/maven/3.9.6/libexec"/>
    <property name="file.separator" value="/"/>
    <property name="java.vendor.url.bug" value="https://github.com/adoptium/adoptium-support/issues"/>
    <property name="sun.cpu.endian" value="little"/>
    <property name="sun.io.unicode.encoding" value="UnicodeBig"/>
    <property name="socksNonProxyHosts" value="local|*.local|169.254/16|*.169.254/16"/>
    <property name="ftp.nonProxyHosts" value="local|*.local|169.254/16|*.169.254/16"/>
    <property name="sun.cpu.isalist" value=""/>
  </properties>
  <testcase name="test01" classname="RegressionTest0" time="0.004"/>
  <testcase name="test02" classname="RegressionTest0" time="0.001"/>
  <testcase name="test03" classname="RegressionTest0" time="0.001"/>
  <testcase name="test04" classname="RegressionTest0" time="0"/>
  <testcase name="test05" classname="RegressionTest0" time="0.001"/>
  <testcase name="test06" classname="RegressionTest0" time="0.001"/>
  <testcase name="test07" classname="RegressionTest0" time="0.001"/>
  <testcase name="test08" classname="RegressionTest0" time="0"/>
  <testcase name="test09" classname="RegressionTest0" time="0.001"/>
  <testcase name="test10" classname="RegressionTest0" time="0.001"/>
  <testcase name="test11" classname="RegressionTest0" time="0"/>
  <testcase name="test12" classname="RegressionTest0" time="0.001"/>
  <testcase name="test13" classname="RegressionTest0" time="0"/>
  <testcase name="test14" classname="RegressionTest0" time="0"/>
  <testcase name="test15" classname="RegressionTest0" time="0.001"/>
  <testcase name="test16" classname="RegressionTest0" time="0"/>
  <testcase name="test17" classname="RegressionTest0" time="0.001"/>
  <testcase name="test18" classname="RegressionTest0" time="0"/>
  <testcase name="test19" classname="RegressionTest0" time="0.001"/>
  <testcase name="test20" classname="RegressionTest0" time="0"/>
  <testcase name="test21" classname="RegressionTest0" time="0.001"/>
  <testcase name="test22" classname="RegressionTest0" time="0.001"/>
  <testcase name="test23" classname="RegressionTest0" time="0"/>
  <testcase name="test24" classname="RegressionTest0" time="0.002"/>
  <testcase name="test25" classname="RegressionTest0" time="0"/>
  <testcase name="test26" classname="RegressionTest0" time="0"/>
  <testcase name="test27" classname="RegressionTest0" time="0.001"/>
  <testcase name="test28" classname="RegressionTest0" time="0.001"/>
  <testcase name="test29" classname="RegressionTest0" time="0.001"/>
  <testcase name="test30" classname="RegressionTest0" time="0"/>
  <testcase name="test31" classname="RegressionTest0" time="0"/>
  <testcase name="test32" classname="RegressionTest0" time="0.001"/>
  <testcase name="test33" classname="RegressionTest0" time="0"/>
  <testcase name="test34" classname="RegressionTest0" time="0.001"/>
  <testcase name="test35" classname="RegressionTest0" time="0"/>
  <testcase name="test36" classname="RegressionTest0" time="0.001"/>
  <testcase name="test37" classname="RegressionTest0" time="0.001"/>
  <testcase name="test38" classname="RegressionTest0" time="0"/>
  <testcase name="test39" classname="RegressionTest0" time="0.004"/>
  <testcase name="test40" classname="RegressionTest0" time="0.001"/>
  <testcase name="test41" classname="RegressionTest0" time="0"/>
  <testcase name="test42" classname="RegressionTest0" time="0.001"/>
  <testcase name="test43" classname="RegressionTest0" time="0"/>
  <testcase name="test44" classname="RegressionTest0" time="0.001"/>
  <testcase name="test45" classname="RegressionTest0" time="0"/>
  <testcase name="test46" classname="RegressionTest0" time="0"/>
  <testcase name="test47" classname="RegressionTest0" time="0.001"/>
  <testcase name="test48" classname="RegressionTest0" time="0"/>
  <testcase name="test49" classname="RegressionTest0" time="0"/>
  <testcase name="test50" classname="RegressionTest0" time="0.001"/>
  <testcase name="test51" classname="RegressionTest0" time="0.001"/>
  <testcase name="test52" classname="RegressionTest0" time="0"/>
  <testcase name="test53" classname="RegressionTest0" time="0.001"/>
  <testcase name="test54" classname="RegressionTest0" time="0"/>
  <testcase name="test55" classname="RegressionTest0" time="0.001"/>
  <testcase name="test56" classname="RegressionTest0" time="0"/>
  <testcase name="test57" classname="RegressionTest0" time="0"/>
  <testcase name="test58" classname="RegressionTest0" time="0.001"/>
  <testcase name="test59" classname="RegressionTest0" time="0"/>
  <testcase name="test60" classname="RegressionTest0" time="0"/>
  <testcase name="test61" classname="RegressionTest0" time="0.001"/>
  <testcase name="test62" classname="RegressionTest0" time="0"/>
  <testcase name="test63" classname="RegressionTest0" time="0"/>
  <testcase name="test64" classname="RegressionTest0" time="0.001"/>
  <testcase name="test65" classname="RegressionTest0" time="0.001"/>
  <testcase name="test66" classname="RegressionTest0" time="0"/>
  <testcase name="test67" classname="RegressionTest0" time="0.002"/>
  <testcase name="test68" classname="RegressionTest0" time="0.001"/>
  <testcase name="test69" classname="RegressionTest0" time="0.001"/>
  <testcase name="test70" classname="RegressionTest0" time="0.001"/>
  <testcase name="test71" classname="RegressionTest0" time="0.002"/>
  <testcase name="test72" classname="RegressionTest0" time="0.001"/>
  <testcase name="test73" classname="RegressionTest0" time="0.001"/>
  <testcase name="test74" classname="RegressionTest0" time="0.001"/>
  <testcase name="test75" classname="RegressionTest0" time="0.002"/>
  <testcase name="test76" classname="RegressionTest0" time="0.019"/>
  <testcase name="test77" classname="RegressionTest0" time="0.001"/>
  <testcase name="test78" classname="RegressionTest0" time="0"/>
  <testcase name="test79" classname="RegressionTest0" time="0"/>
  <testcase name="test80" classname="RegressionTest0" time="0"/>
  <testcase name="test81" classname="RegressionTest0" time="0"/>
  <testcase name="test82" classname="RegressionTest0" time="0"/>
  <testcase name="test83" classname="RegressionTest0" time="0"/>
  <testcase name="test84" classname="RegressionTest0" time="0.001"/>
  <testcase name="test85" classname="RegressionTest0" time="0"/>
  <testcase name="test86" classname="RegressionTest0" time="0.001"/>
  <testcase name="test87" classname="RegressionTest0" time="0"/>
  <testcase name="test88" classname="RegressionTest0" time="0.001"/>
  <testcase name="test89" classname="RegressionTest0" time="0"/>
  <testcase name="test90" classname="RegressionTest0" time="0"/>
  <testcase name="test91" classname="RegressionTest0" time="0.001"/>
  <testcase name="test92" classname="RegressionTest0" time="0"/>
  <testcase name="test93" classname="RegressionTest0" time="0"/>
  <testcase name="test94" classname="RegressionTest0" time="0"/>
  <testcase name="test95" classname="RegressionTest0" time="0"/>
  <testcase name="test96" classname="RegressionTest0" time="0"/>
  <testcase name="test97" classname="RegressionTest0" time="0"/>
</testsuite>