<?xml version="1.0" encoding="UTF-8"?>
<testsuite xmlns:xsi="http://www.w3.org/2001/XMLSchema-instance" xsi:noNamespaceSchemaLocation="https://maven.apache.org/surefire/maven-surefire-plugin/xsd/surefire-test-report-3.0.xsd" version="3.0" name="org.apache.shiro.web.mgt.CookieRememberMeManagerTest" time="0.051" tests="7" errors="0" skipped="0" failures="1">
  <properties>
    <property name="gopherProxySet" value="false"/>
    <property name="awt.toolkit" value="sun.lwawt.macosx.LWCToolkit"/>
    <property name="file.encoding.pkg" value="sun.io"/>
    <property name="java.specification.version" value="1.8"/>
    <property name="sun.cpu.isalist" value=""/>
    <property name="sun.jnu.encoding" value="UTF-8"/>
    <property name="java.class.path" value="/Users/shreyachaudhary/Desktop/cs527/CS527-Project/BugSwarm/shiro-16456433682/Buggy-version/web/target/test-classes:/Users/shreyachaudhary/Desktop/cs527/CS527-Project/BugSwarm/shiro-16456433682/Buggy-version/web/target/classes:/Users/shreyachaudhary/Desktop/cs527/CS527-Project/BugSwarm/shiro-16456433682/Buggy-version/core/target/shiro-core-1.12.1-SNAPSHOT.jar:/Users/shreyachaudhary/Desktop/cs527/CS527-Project/BugSwarm/shiro-16456433682/Buggy-version/lang/target/shiro-lang-1.12.1-SNAPSHOT.jar:/Users/shreyachaudhary/Desktop/cs527/CS527-Project/BugSwarm/shiro-16456433682/Buggy-version/cache/target/shiro-cache-1.12.1-SNAPSHOT.jar:/Users/shreyachaudhary/Desktop/cs527/CS527-Project/BugSwarm/shiro-16456433682/Buggy-version/crypto/hash/target/shiro-crypto-hash-1.12.1-SNAPSHOT.jar:/Users/shreyachaudhary/Desktop/cs527/CS527-Project/BugSwarm/shiro-16456433682/Buggy-version/crypto/core/target/shiro-crypto-core-1.12.1-SNAPSHOT.jar:/Users/shreyachaudhary/Desktop/cs527/CS527-Project/BugSwarm/shiro-16456433682/Buggy-version/crypto/cipher/target/shiro-crypto-cipher-1.12.1-SNAPSHOT.jar:/Users/shreyachaudhary/Desktop/cs527/CS527-Project/BugSwarm/shiro-16456433682/Buggy-version/config/core/target/shiro-config-core-1.12.1-SNAPSHOT.jar:/Users/shreyachaudhary/Desktop/cs527/CS527-Project/BugSwarm/shiro-16456433682/Buggy-version/config/ogdl/target/shiro-config-ogdl-1.12.1-SNAPSHOT.jar:/Users/shreyachaudhary/Desktop/cs527/CS527-Project/BugSwarm/shiro-16456433682/Buggy-version/event/target/shiro-event-1.12.1-SNAPSHOT.jar:/Users/shreyachaudhary/.m2/repository/javax/servlet/jsp/jsp-api/2.2/jsp-api-2.2.jar:/Users/shreyachaudhary/.m2/repository/org/apache/taglibs/taglibs-standard-spec/1.2.5/taglibs-standard-spec-1.2.5.jar:/Users/shreyachaudhary/.m2/repository/org/apache/taglibs/taglibs-standard-impl/1.2.5/taglibs-standard-impl-1.2.5.jar:/Users/shreyachaudhary/.m2/repository/javax/servlet/javax.servlet-api/3.1.0/javax.servlet-api-3.1.0.jar:/Users/shreyachaudhary/.m2/repository/org/owasp/encoder/encoder/1.2.3/encoder-1.2.3.jar:/Users/shreyachaudhary/Desktop/cs527/CS527-Project/BugSwarm/shiro-16456433682/Buggy-version/config/ogdl/target/shiro-config-ogdl-1.12.1-SNAPSHOT-tests.jar:/Users/shreyachaudhary/.m2/repository/commons-beanutils/commons-beanutils/1.9.4/commons-beanutils-1.9.4.jar:/Users/shreyachaudhary/.m2/repository/commons-collections/commons-collections/3.2.2/commons-collections-3.2.2.jar:/Users/shreyachaudhary/.m2/repository/org/slf4j/slf4j-api/1.7.36/slf4j-api-1.7.36.jar:/Users/shreyachaudhary/Desktop/cs527/CS527-Project/BugSwarm/shiro-16456433682/Buggy-version/core/target/shiro-core-1.12.1-SNAPSHOT-tests.jar:/Users/shreyachaudhary/.m2/repository/org/slf4j/jcl-over-slf4j/1.7.36/jcl-over-slf4j-1.7.36.jar:/Users/shreyachaudhary/.m2/repository/org/apache/logging/log4j/log4j-slf4j-impl/2.19.0/log4j-slf4j-impl-2.19.0.jar:/Users/shreyachaudhary/.m2/repository/org/apache/logging/log4j/log4j-api/2.19.0/log4j-api-2.19.0.jar:/Users/shreyachaudhary/.m2/repository/org/apache/logging/log4j/log4j-core/2.19.0/log4j-core-2.19.0.jar:/Users/shreyachaudhary/.m2/repository/junit/junit/4.13.2/junit-4.13.2.jar:/Users/shreyachaudhary/.m2/repository/org/hamcrest/hamcrest-core/2.2/hamcrest-core-2.2.jar:/Users/shreyachaudhary/.m2/repository/org/hamcrest/hamcrest/2.2/hamcrest-2.2.jar:/Users/shreyachaudhary/.m2/repository/org/easymock/easymock/5.2.0/easymock-5.2.0.jar:/Users/shreyachaudhary/.m2/repository/org/objenesis/objenesis/3.3/objenesis-3.3.jar:/Users/shreyachaudhary/.m2/repository/org/codehaus/groovy/groovy/2.5.23/groovy-2.5.23.jar:/Users/shreyachaudhary/.m2/repository/org/powermock/powermock-module-junit4/2.0.9/powermock-module-junit4-2.0.9.jar:/Users/shreyachaudhary/.m2/repository/org/powermock/powermock-module-junit4-common/2.0.9/powermock-module-junit4-common-2.0.9.jar:/Users/shreyachaudhary/.m2/repository/org/powermock/powermock-reflect/2.0.9/powermock-reflect-2.0.9.jar:/Users/shreyachaudhary/.m2/repository/net/bytebuddy/byte-buddy/1.10.14/byte-buddy-1.10.14.jar:/Users/shreyachaudhary/.m2/repository/net/bytebuddy/byte-buddy-agent/1.10.14/byte-buddy-agent-1.10.14.jar:/Users/shreyachaudhary/.m2/repository/org/powermock/powermock-core/2.0.9/powermock-core-2.0.9.jar:/Users/shreyachaudhary/.m2/repository/org/javassist/javassist/3.27.0-GA/javassist-3.27.0-GA.jar:/Users/shreyachaudhary/.m2/repository/org/powermock/powermock-api-easymock/2.0.9/powermock-api-easymock-2.0.9.jar:/Users/shreyachaudhary/.m2/repository/org/powermock/powermock-api-support/2.0.9/powermock-api-support-2.0.9.jar:/Users/shreyachaudhary/.m2/repository/cglib/cglib-nodep/3.2.9/cglib-nodep-3.2.9.jar:"/>
    <property name="java.vm.vendor" value="Temurin"/>
    <property name="sun.arch.data.model" value="64"/>
    <property name="java.vendor.url" value="https://adoptium.net/"/>
    <property name="user.timezone" value="America/Chicago"/>
    <property name="java.vm.specification.version" value="1.8"/>
    <property name="os.name" value="Mac OS X"/>
    <property name="rat.skip" value="true"/>
    <property name="user.country" value="US"/>
    <property name="sun.java.launcher" value="SUN_STANDARD"/>
    <property name="sun.boot.library.path" value="/Library/Java/JavaVirtualMachines/temurin-8.jdk/Contents/Home/jre/lib"/>
    <property name="sun.java.command" value="/Users/shreyachaudhary/Desktop/cs527/CS527-Project/BugSwarm/shiro-16456433682/Buggy-version/web/target/surefire/surefirebooter-20240408182512363_64.jar /Users/shreyachaudhary/Desktop/cs527/CS527-Project/BugSwarm/shiro-16456433682/Buggy-version/web/target/surefire 2024-04-08T18-24-01_159-jvmRun1 surefire-20240408182512363_62tmp surefire_8-20240408182512363_63tmp"/>
    <property name="http.nonProxyHosts" value="local|*.local|169.254/16|*.169.254/16"/>
    <property name="surefire.test.class.path" value="/Users/shreyachaudhary/Desktop/cs527/CS527-Project/BugSwarm/shiro-16456433682/Buggy-version/web/target/test-classes:/Users/shreyachaudhary/Desktop/cs527/CS527-Project/BugSwarm/shiro-16456433682/Buggy-version/web/target/classes:/Users/shreyachaudhary/Desktop/cs527/CS527-Project/BugSwarm/shiro-16456433682/Buggy-version/core/target/shiro-core-1.12.1-SNAPSHOT.jar:/Users/shreyachaudhary/Desktop/cs527/CS527-Project/BugSwarm/shiro-16456433682/Buggy-version/lang/target/shiro-lang-1.12.1-SNAPSHOT.jar:/Users/shreyachaudhary/Desktop/cs527/CS527-Project/BugSwarm/shiro-16456433682/Buggy-version/cache/target/shiro-cache-1.12.1-SNAPSHOT.jar:/Users/shreyachaudhary/Desktop/cs527/CS527-Project/BugSwarm/shiro-16456433682/Buggy-version/crypto/hash/target/shiro-crypto-hash-1.12.1-SNAPSHOT.jar:/Users/shreyachaudhary/Desktop/cs527/CS527-Project/BugSwarm/shiro-16456433682/Buggy-version/crypto/core/target/shiro-crypto-core-1.12.1-SNAPSHOT.jar:/Users/shreyachaudhary/Desktop/cs527/CS527-Project/BugSwarm/shiro-16456433682/Buggy-version/crypto/cipher/target/shiro-crypto-cipher-1.12.1-SNAPSHOT.jar:/Users/shreyachaudhary/Desktop/cs527/CS527-Project/BugSwarm/shiro-16456433682/Buggy-version/config/core/target/shiro-config-core-1.12.1-SNAPSHOT.jar:/Users/shreyachaudhary/Desktop/cs527/CS527-Project/BugSwarm/shiro-16456433682/Buggy-version/config/ogdl/target/shiro-config-ogdl-1.12.1-SNAPSHOT.jar:/Users/shreyachaudhary/Desktop/cs527/CS527-Project/BugSwarm/shiro-16456433682/Buggy-version/event/target/shiro-event-1.12.1-SNAPSHOT.jar:/Users/shreyachaudhary/.m2/repository/javax/servlet/jsp/jsp-api/2.2/jsp-api-2.2.jar:/Users/shreyachaudhary/.m2/repository/org/apache/taglibs/taglibs-standard-spec/1.2.5/taglibs-standard-spec-1.2.5.jar:/Users/shreyachaudhary/.m2/repository/org/apache/taglibs/taglibs-standard-impl/1.2.5/taglibs-standard-impl-1.2.5.jar:/Users/shreyachaudhary/.m2/repository/javax/servlet/javax.servlet-api/3.1.0/javax.servlet-api-3.1.0.jar:/Users/shreyachaudhary/.m2/repository/org/owasp/encoder/encoder/1.2.3/encoder-1.2.3.jar:/Users/shreyachaudhary/Desktop/cs527/CS527-Project/BugSwarm/shiro-16456433682/Buggy-version/config/ogdl/target/shiro-config-ogdl-1.12.1-SNAPSHOT-tests.jar:/Users/shreyachaudhary/.m2/repository/commons-beanutils/commons-beanutils/1.9.4/commons-beanutils-1.9.4.jar:/Users/shreyachaudhary/.m2/repository/commons-collections/commons-collections/3.2.2/commons-collections-3.2.2.jar:/Users/shreyachaudhary/.m2/repository/org/slf4j/slf4j-api/1.7.36/slf4j-api-1.7.36.jar:/Users/shreyachaudhary/Desktop/cs527/CS527-Project/BugSwarm/shiro-16456433682/Buggy-version/core/target/shiro-core-1.12.1-SNAPSHOT-tests.jar:/Users/shreyachaudhary/.m2/repository/org/slf4j/jcl-over-slf4j/1.7.36/jcl-over-slf4j-1.7.36.jar:/Users/shreyachaudhary/.m2/repository/org/apache/logging/log4j/log4j-slf4j-impl/2.19.0/log4j-slf4j-impl-2.19.0.jar:/Users/shreyachaudhary/.m2/repository/org/apache/logging/log4j/log4j-api/2.19.0/log4j-api-2.19.0.jar:/Users/shreyachaudhary/.m2/repository/org/apache/logging/log4j/log4j-core/2.19.0/log4j-core-2.19.0.jar:/Users/shreyachaudhary/.m2/repository/junit/junit/4.13.2/junit-4.13.2.jar:/Users/shreyachaudhary/.m2/repository/org/hamcrest/hamcrest-core/2.2/hamcrest-core-2.2.jar:/Users/shreyachaudhary/.m2/repository/org/hamcrest/hamcrest/2.2/hamcrest-2.2.jar:/Users/shreyachaudhary/.m2/repository/org/easymock/easymock/5.2.0/easymock-5.2.0.jar:/Users/shreyachaudhary/.m2/repository/org/objenesis/objenesis/3.3/objenesis-3.3.jar:/Users/shreyachaudhary/.m2/repository/org/codehaus/groovy/groovy/2.5.23/groovy-2.5.23.jar:/Users/shreyachaudhary/.m2/repository/org/powermock/powermock-module-junit4/2.0.9/powermock-module-junit4-2.0.9.jar:/Users/shreyachaudhary/.m2/repository/org/powermock/powermock-module-junit4-common/2.0.9/powermock-module-junit4-common-2.0.9.jar:/Users/shreyachaudhary/.m2/repository/org/powermock/powermock-reflect/2.0.9/powermock-reflect-2.0.9.jar:/Users/shreyachaudhary/.m2/repository/net/bytebuddy/byte-buddy/1.10.14/byte-buddy-1.10.14.jar:/Users/shreyachaudhary/.m2/repository/net/bytebuddy/byte-buddy-agent/1.10.14/byte-buddy-agent-1.10.14.jar:/Users/shreyachaudhary/.m2/repository/org/powermock/powermock-core/2.0.9/powermock-core-2.0.9.jar:/Users/shreyachaudhary/.m2/repository/org/javassist/javassist/3.27.0-GA/javassist-3.27.0-GA.jar:/Users/shreyachaudhary/.m2/repository/org/powermock/powermock-api-easymock/2.0.9/powermock-api-easymock-2.0.9.jar:/Users/shreyachaudhary/.m2/repository/org/powermock/powermock-api-support/2.0.9/powermock-api-support-2.0.9.jar:/Users/shreyachaudhary/.m2/repository/cglib/cglib-nodep/3.2.9/cglib-nodep-3.2.9.jar:"/>
    <property name="sun.cpu.endian" value="little"/>
    <property name="user.home" value="/Users/shreyachaudhary"/>
    <property name="user.language" value="en"/>
    <property name="java.specification.vendor" value="Oracle Corporation"/>
    <property name="java.home" value="/Library/Java/JavaVirtualMachines/temurin-8.jdk/Contents/Home/jre"/>
    <property name="basedir" value="/Users/shreyachaudhary/Desktop/cs527/CS527-Project/BugSwarm/shiro-16456433682/Buggy-version/web"/>
    <property name="file.separator" value="/"/>
    <property name="line.separator" value="&#10;"/>
    <property name="java.vm.specification.vendor" value="Oracle Corporation"/>
    <property name="java.specification.name" value="Java Platform API Specification"/>
    <property name="java.awt.graphicsenv" value="sun.awt.CGraphicsEnvironment"/>
    <property name="surefire.real.class.path" value="/Users/shreyachaudhary/Desktop/cs527/CS527-Project/BugSwarm/shiro-16456433682/Buggy-version/web/target/surefire/surefirebooter-20240408182512363_64.jar"/>
    <property name="sun.boot.class.path" value="/Library/Java/JavaVirtualMachines/temurin-8.jdk/Contents/Home/jre/lib/resources.jar:/Library/Java/JavaVirtualMachines/temurin-8.jdk/Contents/Home/jre/lib/rt.jar:/Library/Java/JavaVirtualMachines/temurin-8.jdk/Contents/Home/jre/lib/sunrsasign.jar:/Library/Java/JavaVirtualMachines/temurin-8.jdk/Contents/Home/jre/lib/jsse.jar:/Library/Java/JavaVirtualMachines/temurin-8.jdk/Contents/Home/jre/lib/jce.jar:/Library/Java/JavaVirtualMachines/temurin-8.jdk/Contents/Home/jre/lib/charsets.jar:/Library/Java/JavaVirtualMachines/temurin-8.jdk/Contents/Home/jre/lib/jfr.jar:/Library/Java/JavaVirtualMachines/temurin-8.jdk/Contents/Home/jre/classes"/>
    <property name="sun.management.compiler" value="HotSpot 64-Bit Tiered Compilers"/>
    <property name="ftp.nonProxyHosts" value="local|*.local|169.254/16|*.169.254/16"/>
    <property name="java.runtime.version" value="1.8.0_402-b06"/>
    <property name="user.name" value="shreyachaudhary"/>
    <property name="path.separator" value=":"/>
    <property name="os.version" value="14.4.1"/>
    <property name="java.endorsed.dirs" value="/Library/Java/JavaVirtualMachines/temurin-8.jdk/Contents/Home/jre/lib/endorsed"/>
    <property name="java.runtime.name" value="OpenJDK Runtime Environment"/>
    <property name="file.encoding" value="UTF-8"/>
    <property name="java.vm.name" value="OpenJDK 64-Bit Server VM"/>
    <property name="localRepository" value="/Users/shreyachaudhary/.m2/repository"/>
    <property name="java.vendor.url.bug" value="https://github.com/adoptium/adoptium-support/issues"/>
    <property name="java.io.tmpdir" value="/var/folders/70/9z8mmtr153x2znr25_zb57mr0000gn/T/"/>
    <property name="java.version" value="1.8.0_402"/>
    <property name="user.dir" value="/Users/shreyachaudhary/Desktop/cs527/CS527-Project/BugSwarm/shiro-16456433682/Buggy-version/web"/>
    <property name="os.arch" value="x86_64"/>
    <property name="java.vm.specification.name" value="Java Virtual Machine Specification"/>
    <property name="java.awt.printerjob" value="sun.lwawt.macosx.CPrinterJob"/>
    <property name="sun.os.patch.level" value="unknown"/>
    <property name="java.library.path" value="/Users/shreyachaudhary/Library/Java/Extensions:/Library/Java/Extensions:/Network/Library/Java/Extensions:/System/Library/Java/Extensions:/usr/lib/java:."/>
    <property name="java.vm.info" value="mixed mode"/>
    <property name="java.vendor" value="Temurin"/>
    <property name="java.vm.version" value="25.402-b06"/>
    <property name="java.specification.maintenance.version" value="5"/>
    <property name="java.ext.dirs" value="/Users/shreyachaudhary/Library/Java/Extensions:/Library/Java/JavaVirtualMachines/temurin-8.jdk/Contents/Home/jre/lib/ext:/Library/Java/Extensions:/Network/Library/Java/Extensions:/System/Library/Java/Extensions:/usr/lib/java"/>
    <property name="sun.io.unicode.encoding" value="UnicodeBig"/>
    <property name="java.class.version" value="52.0"/>
    <property name="socksNonProxyHosts" value="local|*.local|169.254/16|*.169.254/16"/>
  </properties>
  <testcase name="getRememberedSerializedIdentityReturnsNullForDeletedCookie" classname="org.apache.shiro.web.mgt.CookieRememberMeManagerTest" time="0"/>
  <testcase name="getRememberedPrincipalsDecryptionError" classname="org.apache.shiro.web.mgt.CookieRememberMeManagerTest" time="0.002">
    <system-out><![CDATA[18:25:15.307 [main] WARN  org.apache.shiro.mgt.AbstractRememberMeManager - There was a failure while trying to retrieve remembered principals.  This could be due to a configuration problem or corrupted principals.  This could also be due to a recently changed encryption key, if you are using a shiro.ini file, this property would be 'securityManager.rememberMeManager.cipherKey' see: http://shiro.apache.org/web.html#Web-RememberMeServices. The remembered identity will be forgotten and not used for this request.
]]></system-out>
  </testcase>
  <testcase name="getRememberedPrincipals" classname="org.apache.shiro.web.mgt.CookieRememberMeManagerTest" time="0.016"/>
  <testcase name="shouldIgnoreInvalidCookieValues" classname="org.apache.shiro.web.mgt.CookieRememberMeManagerTest" time="0.007">
    <failure message="should ignore invalid cookie values expected null, but was:&lt;[B@4f20a5e0&gt;" type="java.lang.AssertionError"><![CDATA[java.lang.AssertionError: should ignore invalid cookie values expected null, but was:<[B@4f20a5e0>
	at org.junit.Assert.fail(Assert.java:89)
	at org.junit.Assert.failNotNull(Assert.java:756)
	at org.junit.Assert.assertNull(Assert.java:738)
	at org.apache.shiro.web.mgt.CookieRememberMeManagerTest.shouldIgnoreInvalidCookieValues(CookieRememberMeManagerTest.java:273)
	at sun.reflect.NativeMethodAccessorImpl.invoke0(Native Method)
	at sun.reflect.NativeMethodAccessorImpl.invoke(NativeMethodAccessorImpl.java:62)
	at sun.reflect.DelegatingMethodAccessorImpl.invoke(DelegatingMethodAccessorImpl.java:43)
	at java.lang.reflect.Method.invoke(Method.java:498)
	at org.junit.runners.model.FrameworkMethod$1.runReflectiveCall(FrameworkMethod.java:59)
	at org.junit.internal.runners.model.ReflectiveCallable.run(ReflectiveCallable.java:12)
	at org.junit.runners.model.FrameworkMethod.invokeExplosively(FrameworkMethod.java:56)
	at org.junit.internal.runners.statements.InvokeMethod.evaluate(InvokeMethod.java:17)
	at org.junit.runners.ParentRunner$3.evaluate(ParentRunner.java:306)
	at org.junit.runners.BlockJUnit4ClassRunner$1.evaluate(BlockJUnit4ClassRunner.java:100)
	at org.junit.runners.ParentRunner.runLeaf(ParentRunner.java:366)
	at org.junit.runners.BlockJUnit4ClassRunner.runChild(BlockJUnit4ClassRunner.java:103)
	at org.junit.runners.BlockJUnit4ClassRunner.runChild(BlockJUnit4ClassRunner.java:63)
	at org.junit.runners.ParentRunner$4.run(ParentRunner.java:331)
	at org.junit.runners.ParentRunner$1.schedule(ParentRunner.java:79)
	at org.junit.runners.ParentRunner.runChildren(ParentRunner.java:329)
	at org.junit.runners.ParentRunner.access$100(ParentRunner.java:66)
	at org.junit.runners.ParentRunner$2.evaluate(ParentRunner.java:293)
	at org.junit.runners.ParentRunner$3.evaluate(ParentRunner.java:306)
	at org.junit.runners.ParentRunner.run(ParentRunner.java:413)
	at org.apache.maven.surefire.junit4.JUnit4Provider.execute(JUnit4Provider.java:316)
	at org.apache.maven.surefire.junit4.JUnit4Provider.executeWithRerun(JUnit4Provider.java:240)
	at org.apache.maven.surefire.junit4.JUnit4Provider.executeTestSet(JUnit4Provider.java:214)
	at org.apache.maven.surefire.junit4.JUnit4Provider.invoke(JUnit4Provider.java:155)
	at org.apache.maven.surefire.booter.ForkedBooter.runSuitesInProcess(ForkedBooter.java:385)
	at org.apache.maven.surefire.booter.ForkedBooter.execute(ForkedBooter.java:162)
	at org.apache.maven.surefire.booter.ForkedBooter.run(ForkedBooter.java:507)
	at org.apache.maven.surefire.booter.ForkedBooter.main(ForkedBooter.java:495)
]]></failure>
  </testcase>
  <testcase name="onSuccessfulLogin" classname="org.apache.shiro.web.mgt.CookieRememberMeManagerTest" time="0.022"/>
  <testcase name="getRememberedPrincipalsNoMoreDefaultCipher" classname="org.apache.shiro.web.mgt.CookieRememberMeManagerTest" time="0.001">
    <system-out><![CDATA[18:25:15.355 [main] WARN  org.apache.shiro.mgt.AbstractRememberMeManager - There was a failure while trying to retrieve remembered principals.  This could be due to a configuration problem or corrupted principals.  This could also be due to a recently changed encryption key, if you are using a shiro.ini file, this property would be 'securityManager.rememberMeManager.cipherKey' see: http://shiro.apache.org/web.html#Web-RememberMeServices. The remembered identity will be forgotten and not used for this request.
]]></system-out>
  </testcase>
  <testcase name="onLogout" classname="org.apache.shiro.web.mgt.CookieRememberMeManagerTest" time="0"/>
</testsuite>