<?xml version="1.0" encoding="UTF-8"?>
<testsuite xmlns:xsi="http://www.w3.org/2001/XMLSchema-instance" xsi:noNamespaceSchemaLocation="https://maven.apache.org/surefire/maven-surefire-plugin/xsd/surefire-test-report-3.0.xsd" version="3.0" name="org.apache.shiro.web.filter.authz.PortFilterTest" time="0.001" tests="2" errors="0" skipped="0" failures="0">
  <properties>
    <property name="gopherProxySet" value="false"/>
    <property name="awt.toolkit" value="sun.lwawt.macosx.LWCToolkit"/>
    <property name="file.encoding.pkg" value="sun.io"/>
    <property name="java.specification.version" value="1.8"/>
    <property name="sun.cpu.isalist" value=""/>
    <property name="sun.jnu.encoding" value="UTF-8"/>
    <property name="java.class.path" value="/Users/shreyachaudhary/Desktop/cs527/CS527-Project/BugSwarm/shiro-16456433682/Buggy-version/web/target/test-classes:/Users/shreyachaudhary/Desktop/cs527/CS527-Project/BugSwarm/shiro-16456433682/Buggy-version/web/target/classes:/Users/shreyachaudhary/Desktop/cs527/CS527-Project/BugSwarm/shiro-16456433682/Buggy-version/core/target/shiro-core-1.12.1-SNAPSHOT.jar:/Users/shreyachaudhary/Desktop/cs527/CS527-Project/BugSwarm/shiro-16456433682/Buggy-version/lang/target/shiro-lang-1.12.1-SNAPSHOT.jar:/Users/shreyachaudhary/Desktop/cs527/CS527-Project/BugSwarm/shiro-16456433682/Buggy-version/cache/target/shiro-cache-1.12.1-SNAPSHOT.jar:/Users/shreyachaudhary/Desktop/cs527/CS527-Project/BugSwarm/shiro-16456433682/Buggy-version/crypto/hash/target/shiro-crypto-hash-1.12.1-SNAPSHOT.jar:/Users/shreyachaudhary/Desktop/cs527/CS527-Project/BugSwarm/shiro-16456433682/Buggy-version/crypto/core/target/shiro-crypto-core-1.12.1-SNAPSHOT.jar:/Users/shreyachaudhary/Desktop/cs527/CS527-Project/BugSwarm/shiro-16456433682/Buggy-version/crypto/cipher/target/shiro-crypto-cipher-1.12.1-SNAPSHOT.jar:/Users/shreyachaudhary/Desktop/cs527/CS527-Project/BugSwarm/shiro-16456433682/Buggy-version/config/core/target/shiro-config-core-1.12.1-SNAPSHOT.jar:/Users/shreyachaudhary/Desktop/cs527/CS527-Project/BugSwarm/shiro-16456433682/Buggy-version/config/ogdl/target/shiro-config-ogdl-1.12.1-SNAPSHOT.jar:/Users/shreyachaudhary/Desktop/cs527/CS527-Project/BugSwarm/shiro-16456433682/Buggy-version/event/target/shiro-event-1.12.1-SNAPSHOT.jar:/Users/shreyachaudhary/.m2/repository/javax/servlet/jsp/jsp-api/2.2/jsp-api-2.2.jar:/Users/shreyachaudhary/.m2/repository/org/apache/taglibs/taglibs-standard-spec/1.2.5/taglibs-standard-spec-1.2.5.jar:/Users/shreyachaudhary/.m2/repository/org/apache/taglibs/taglibs-standard-impl/1.2.5/taglibs-standard-impl-1.2.5.jar:/Users/shreyachaudhary/.m2/repository/javax/servlet/javax.servlet-api/3.1.0/javax.servlet-api-3.1.0.jar:/Users/shreyachaudhary/.m2/repository/org/owasp/encoder/encoder/1.2.3/encoder-1.2.3.jar:/Users/shreyachaudhary/Desktop/cs527/CS527-Project/BugSwarm/shiro-16456433682/Buggy-version/config/ogdl/target/shiro-config-ogdl-1.12.1-SNAPSHOT-tests.jar:/Users/shreyachaudhary/.m2/repository/commons-beanutils/commons-beanutils/1.9.4/commons-beanutils-1.9.4.jar:/Users/shreyachaudhary/.m2/repository/commons-collections/commons-collections/3.2.2/commons-collections-3.2.2.jar:/Users/shreyachaudhary/.m2/repository/org/slf4j/slf4j-api/1.7.36/slf4j-api-1.7.36.jar:/Users/shreyachaudhary/Desktop/cs527/CS527-Project/BugSwarm/shiro-16456433682/Buggy-version/core/target/shiro-core-1.12.1-SNAPSHOT-tests.jar:/Users/shreyachaudhary/.m2/repository/org/slf4j/jcl-over-slf4j/1.7.36/jcl-over-slf4j-1.7.36.jar:/Users/shreyachaudhary/.m2/repository/org/apache/logging/log4j/log4j-slf4j-impl/2.19.0/log4j-slf4j-impl-2.19.0.jar:/Users/shreyachaudhary/.m2/repository/org/apache/logging/log4j/log4j-api/2.19.0/log4j-api-2.19.0.jar:/Users/shreyachaudhary/.m2/repository/org/apache/logging/log4j/log4j-core/2.19.0/log4j-core-2.19.0.jar:/Users/shreyachaudhary/.m2/repository/junit/junit/4.13.2/junit-4.13.2.jar:/Users/shreyachaudhary/.m2/repository/org/hamcrest/hamcrest-core/2.2/hamcrest-core-2.2.jar:/Users/shreyachaudhary/.m2/repository/org/hamcrest/hamcrest/2.2/hamcrest-2.2.jar:/Users/shreyachaudhary/.m2/repository/org/easymock/easymock/5.2.0/easymock-5.2.0.jar:/Users/shreyachaudhary/.m2/repository/org/objenesis/objenesis/3.3/objenesis-3.3.jar:/Users/shreyachaudhary/.m2/repository/org/codehaus/groovy/groovy/2.5.23/groovy-2.5.23.jar:/Users/shreyachaudhary/.m2/repository/org/powermock/powermock-module-junit4/2.0.9/powermock-module-junit4-2.0.9.jar:/Users/shreyachaudhary/.m2/repository/org/powermock/powermock-module-junit4-common/2.0.9/powermock-module-junit4-common-2.0.9.jar:/Users/shreyachaudhary/.m2/repository/org/powermock/powermock-reflect/2.0.9/powermock-reflect-2.0.9.jar:/Users/shreyachaudhary/.m2/repository/net/bytebuddy/byte-buddy/1.10.14/byte-buddy-1.10.14.jar:/Users/shreyachaudhary/.m2/repository/net/bytebuddy/byte-buddy-agent/1.10.14/byte-buddy-agent-1.10.14.jar:/Users/shreyachaudhary/.m2/repository/org/powermock/powermock-core/2.0.9/powermock-core-2.0.9.jar:/Users/shreyachaudhary/.m2/repository/org/javassist/javassist/3.27.0-GA/javassist-3.27.0-GA.jar:/Users/shreyachaudhary/.m2/repository/org/powermock/powermock-api-easymock/2.0.9/powermock-api-easymock-2.0.9.jar:/Users/shreyachaudhary/.m2/repository/org/powermock/powermock-api-support/2.0.9/powermock-api-support-2.0.9.jar:/Users/shreyachaudhary/.m2/repository/cglib/cglib-nodep/3.2.9/cglib-nodep-3.2.9.jar:"/>
    <property name="java.vm.vendor" value="Temurin"/>
    <property name="sun.arch.data.model" value="64"/>
    <property name="java.vendor.url" value="https://adoptium.net/"/>
    <property name="user.timezone" value="America/Chicago"/>
    <property name="java.vm.specification.version" value="1.8"/>
    <property name="os.name" value="Mac OS X"/>
    <property name="rat.skip" value="true"/>
    <property name="user.country" value="US"/>
    <property name="sun.java.launcher" value="SUN_STANDARD"/>
    <property name="sun.boot.library.path" value="/Library/Java/JavaVirtualMachines/temurin-8.jdk/Contents/Home/jre/lib"/>
    <property name="sun.java.command" value="/Users/shreyachaudhary/Desktop/cs527/CS527-Project/BugSwarm/shiro-16456433682/Buggy-version/web/target/surefire/surefirebooter-20240408182512363_64.jar /Users/shreyachaudhary/Desktop/cs527/CS527-Project/BugSwarm/shiro-16456433682/Buggy-version/web/target/surefire 2024-04-08T18-24-01_159-jvmRun1 surefire-20240408182512363_62tmp surefire_8-20240408182512363_63tmp"/>
    <property name="http.nonProxyHosts" value="local|*.local|169.254/16|*.169.254/16"/>
    <property name="surefire.test.class.path" value="/Users/shreyachaudhary/Desktop/cs527/CS527-Project/BugSwarm/shiro-16456433682/Buggy-version/web/target/test-classes:/Users/shreyachaudhary/Desktop/cs527/CS527-Project/BugSwarm/shiro-16456433682/Buggy-version/web/target/classes:/Users/shreyachaudhary/Desktop/cs527/CS527-Project/BugSwarm/shiro-16456433682/Buggy-version/core/target/shiro-core-1.12.1-SNAPSHOT.jar:/Users/shreyachaudhary/Desktop/cs527/CS527-Project/BugSwarm/shiro-16456433682/Buggy-version/lang/target/shiro-lang-1.12.1-SNAPSHOT.jar:/Users/shreyachaudhary/Desktop/cs527/CS527-Project/BugSwarm/shiro-16456433682/Buggy-version/cache/target/shiro-cache-1.12.1-SNAPSHOT.jar:/Users/shreyachaudhary/Desktop/cs527/CS527-Project/BugSwarm/shiro-16456433682/Buggy-version/crypto/hash/target/shiro-crypto-hash-1.12.1-SNAPSHOT.jar:/Users/shreyachaudhary/Desktop/cs527/CS527-Project/BugSwarm/shiro-16456433682/Buggy-version/crypto/core/target/shiro-crypto-core-1.12.1-SNAPSHOT.jar:/Users/shreyachaudhary/Desktop/cs527/CS527-Project/BugSwarm/shiro-16456433682/Buggy-version/crypto/cipher/target/shiro-crypto-cipher-1.12.1-SNAPSHOT.jar:/Users/shreyachaudhary/Desktop/cs527/CS527-Project/BugSwarm/shiro-16456433682/Buggy-version/config/core/target/shiro-config-core-1.12.1-SNAPSHOT.jar:/Users/shreyachaudhary/Desktop/cs527/CS527-Project/BugSwarm/shiro-16456433682/Buggy-version/config/ogdl/target/shiro-config-ogdl-1.12.1-SNAPSHOT.jar:/Users/shreyachaudhary/Desktop/cs527/CS527-Project/BugSwarm/shiro-16456433682/Buggy-version/event/target/shiro-event-1.12.1-SNAPSHOT.jar:/Users/shreyachaudhary/.m2/repository/javax/servlet/jsp/jsp-api/2.2/jsp-api-2.2.jar:/Users/shreyachaudhary/.m2/repository/org/apache/taglibs/taglibs-standard-spec/1.2.5/taglibs-standard-spec-1.2.5.jar:/Users/shreyachaudhary/.m2/repository/org/apache/taglibs/taglibs-standard-impl/1.2.5/taglibs-standard-impl-1.2.5.jar:/Users/shreyachaudhary/.m2/repository/javax/servlet/javax.servlet-api/3.1.0/javax.servlet-api-3.1.0.jar:/Users/shreyachaudhary/.m2/repository/org/owasp/encoder/encoder/1.2.3/encoder-1.2.3.jar:/Users/shreyachaudhary/Desktop/cs527/CS527-Project/BugSwarm/shiro-16456433682/Buggy-version/config/ogdl/target/shiro-config-ogdl-1.12.1-SNAPSHOT-tests.jar:/Users/shreyachaudhary/.m2/repository/commons-beanutils/commons-beanutils/1.9.4/commons-beanutils-1.9.4.jar:/Users/shreyachaudhary/.m2/repository/commons-collections/commons-collections/3.2.2/commons-collections-3.2.2.jar:/Users/shreyachaudhary/.m2/repository/org/slf4j/slf4j-api/1.7.36/slf4j-api-1.7.36.jar:/Users/shreyachaudhary/Desktop/cs527/CS527-Project/BugSwarm/shiro-16456433682/Buggy-version/core/target/shiro-core-1.12.1-SNAPSHOT-tests.jar:/Users/shreyachaudhary/.m2/repository/org/slf4j/jcl-over-slf4j/1.7.36/jcl-over-slf4j-1.7.36.jar:/Users/shreyachaudhary/.m2/repository/org/apache/logging/log4j/log4j-slf4j-impl/2.19.0/log4j-slf4j-impl-2.19.0.jar:/Users/shreyachaudhary/.m2/repository/org/apache/logging/log4j/log4j-api/2.19.0/log4j-api-2.19.0.jar:/Users/shreyachaudhary/.m2/repository/org/apache/logging/log4j/log4j-core/2.19.0/log4j-core-2.19.0.jar:/Users/shreyachaudhary/.m2/repository/junit/junit/4.13.2/junit-4.13.2.jar:/Users/shreyachaudhary/.m2/repository/org/hamcrest/hamcrest-core/2.2/hamcrest-core-2.2.jar:/Users/shreyachaudhary/.m2/repository/org/hamcrest/hamcrest/2.2/hamcrest-2.2.jar:/Users/shreyachaudhary/.m2/repository/org/easymock/easymock/5.2.0/easymock-5.2.0.jar:/Users/shreyachaudhary/.m2/repository/org/objenesis/objenesis/3.3/objenesis-3.3.jar:/Users/shreyachaudhary/.m2/repository/org/codehaus/groovy/groovy/2.5.23/groovy-2.5.23.jar:/Users/shreyachaudhary/.m2/repository/org/powermock/powermock-module-junit4/2.0.9/powermock-module-junit4-2.0.9.jar:/Users/shreyachaudhary/.m2/repository/org/powermock/powermock-module-junit4-common/2.0.9/powermock-module-junit4-common-2.0.9.jar:/Users/shreyachaudhary/.m2/repository/org/powermock/powermock-reflect/2.0.9/powermock-reflect-2.0.9.jar:/Users/shreyachaudhary/.m2/repository/net/bytebuddy/byte-buddy/1.10.14/byte-buddy-1.10.14.jar:/Users/shreyachaudhary/.m2/repository/net/bytebuddy/byte-buddy-agent/1.10.14/byte-buddy-agent-1.10.14.jar:/Users/shreyachaudhary/.m2/repository/org/powermock/powermock-core/2.0.9/powermock-core-2.0.9.jar:/Users/shreyachaudhary/.m2/repository/org/javassist/javassist/3.27.0-GA/javassist-3.27.0-GA.jar:/Users/shreyachaudhary/.m2/repository/org/powermock/powermock-api-easymock/2.0.9/powermock-api-easymock-2.0.9.jar:/Users/shreyachaudhary/.m2/repository/org/powermock/powermock-api-support/2.0.9/powermock-api-support-2.0.9.jar:/Users/shreyachaudhary/.m2/repository/cglib/cglib-nodep/3.2.9/cglib-nodep-3.2.9.jar:"/>
    <property name="sun.cpu.endian" value="little"/>
    <property name="user.home" value="/Users/shreyachaudhary"/>
    <property name="user.language" value="en"/>
    <property name="java.specification.vendor" value="Oracle Corporation"/>
    <property name="java.home" value="/Library/Java/JavaVirtualMachines/temurin-8.jdk/Contents/Home/jre"/>
    <property name="basedir" value="/Users/shreyachaudhary/Desktop/cs527/CS527-Project/BugSwarm/shiro-16456433682/Buggy-version/web"/>
    <property name="file.separator" value="/"/>
    <property name="line.separator" value="&#10;"/>
    <property name="java.vm.specification.vendor" value="Oracle Corporation"/>
    <property name="java.specification.name" value="Java Platform API Specification"/>
    <property name="java.awt.graphicsenv" value="sun.awt.CGraphicsEnvironment"/>
    <property name="surefire.real.class.path" value="/Users/shreyachaudhary/Desktop/cs527/CS527-Project/BugSwarm/shiro-16456433682/Buggy-version/web/target/surefire/surefirebooter-20240408182512363_64.jar"/>
    <property name="sun.boot.class.path" value="/Library/Java/JavaVirtualMachines/temurin-8.jdk/Contents/Home/jre/lib/resources.jar:/Library/Java/JavaVirtualMachines/temurin-8.jdk/Contents/Home/jre/lib/rt.jar:/Library/Java/JavaVirtualMachines/temurin-8.jdk/Contents/Home/jre/lib/sunrsasign.jar:/Library/Java/JavaVirtualMachines/temurin-8.jdk/Contents/Home/jre/lib/jsse.jar:/Library/Java/JavaVirtualMachines/temurin-8.jdk/Contents/Home/jre/lib/jce.jar:/Library/Java/JavaVirtualMachines/temurin-8.jdk/Contents/Home/jre/lib/charsets.jar:/Library/Java/JavaVirtualMachines/temurin-8.jdk/Contents/Home/jre/lib/jfr.jar:/Library/Java/JavaVirtualMachines/temurin-8.jdk/Contents/Home/jre/classes"/>
    <property name="sun.management.compiler" value="HotSpot 64-Bit Tiered Compilers"/>
    <property name="ftp.nonProxyHosts" value="local|*.local|169.254/16|*.169.254/16"/>
    <property name="java.runtime.version" value="1.8.0_402-b06"/>
    <property name="user.name" value="shreyachaudhary"/>
    <property name="path.separator" value=":"/>
    <property name="os.version" value="14.4.1"/>
    <property name="java.endorsed.dirs" value="/Library/Java/JavaVirtualMachines/temurin-8.jdk/Contents/Home/jre/lib/endorsed"/>
    <property name="java.runtime.name" value="OpenJDK Runtime Environment"/>
    <property name="file.encoding" value="UTF-8"/>
    <property name="java.vm.name" value="OpenJDK 64-Bit Server VM"/>
    <property name="localRepository" value="/Users/shreyachaudhary/.m2/repository"/>
    <property name="java.vendor.url.bug" value="https://github.com/adoptium/adoptium-support/issues"/>
    <property name="java.io.tmpdir" value="/var/folders/70/9z8mmtr153x2znr25_zb57mr0000gn/T/"/>
    <property name="java.version" value="1.8.0_402"/>
    <property name="user.dir" value="/Users/shreyachaudhary/Desktop/cs527/CS527-Project/BugSwarm/shiro-16456433682/Buggy-version/web"/>
    <property name="os.arch" value="x86_64"/>
    <property name="java.vm.specification.name" value="Java Virtual Machine Specification"/>
    <property name="java.awt.printerjob" value="sun.lwawt.macosx.CPrinterJob"/>
    <property name="sun.os.patch.level" value="unknown"/>
    <property name="java.library.path" value="/Users/shreyachaudhary/Library/Java/Extensions:/Library/Java/Extensions:/Network/Library/Java/Extensions:/System/Library/Java/Extensions:/usr/lib/java:."/>
    <property name="java.vm.info" value="mixed mode"/>
    <property name="java.vendor" value="Temurin"/>
    <property name="java.vm.version" value="25.402-b06"/>
    <property name="java.specification.maintenance.version" value="5"/>
    <property name="java.ext.dirs" value="/Users/shreyachaudhary/Library/Java/Extensions:/Library/Java/JavaVirtualMachines/temurin-8.jdk/Contents/Home/jre/lib/ext:/Library/Java/Extensions:/Network/Library/Java/Extensions:/System/Library/Java/Extensions:/usr/lib/java"/>
    <property name="sun.io.unicode.encoding" value="UnicodeBig"/>
    <property name="java.class.version" value="52.0"/>
    <property name="socksNonProxyHosts" value="local|*.local|169.254/16|*.169.254/16"/>
  </properties>
  <testcase name="testConfiguredPort" classname="org.apache.shiro.web.filter.authz.PortFilterTest" time="0"/>
  <testcase name="testDefault" classname="org.apache.shiro.web.filter.authz.PortFilterTest" time="0.001"/>
</testsuite>