<?xml version="1.0" encoding="UTF-8"?>
<testsuite name="java_programs.EvosuiteSUBSEQUENCES_ESTest" tests="3" skipped="0" failures="0" errors="0" timestamp="2024-04-25T22:42:59" hostname="Sejals-MacBook-Air.local" time="0.04">
  <properties/>
  <testcase name="test0" classname="java_programs.EvosuiteSUBSEQUENCES_ESTest" time="0.013"/>
  <testcase name="test1" classname="java_programs.EvosuiteSUBSEQUENCES_ESTest" time="0.003"/>
  <testcase name="test2" classname="java_programs.EvosuiteSUBSEQUENCES_ESTest" time="0.023"/>
  <system-out><![CDATA[]]></system-out>
  <system-err><![CDATA[]]></system-err>
</testsuite>
