<?xml version="1.0" encoding="UTF-8"?>
<testsuite name="RandoopRegressionTest0" tests="500" skipped="0" failures="0" errors="0" timestamp="2024-04-25T05:48:12" hostname="Sejals-MacBook-Air.local" time="0.029">
  <properties/>
  <testcase name="test0001" classname="RandoopRegressionTest0" time="0.002"/>
  <testcase name="test0002" classname="RandoopRegressionTest0" time="0.0"/>
  <testcase name="test0003" classname="RandoopRegressionTest0" time="0.0"/>
  <testcase name="test0004" classname="RandoopRegressionTest0" time="0.0"/>
  <testcase name="test0005" classname="RandoopRegressionTest0" time="0.0"/>
  <testcase name="test0006" classname="RandoopRegressionTest0" time="0.0"/>
  <testcase name="test0007" classname="RandoopRegressionTest0" time="0.0"/>
  <testcase name="test0008" classname="RandoopRegressionTest0" time="0.0"/>
  <testcase name="test0009" classname="RandoopRegressionTest0" time="0.0"/>
  <testcase name="test0010" classname="RandoopRegressionTest0" time="0.0"/>
  <testcase name="test0011" classname="RandoopRegressionTest0" time="0.001"/>
  <testcase name="test0012" classname="RandoopRegressionTest0" time="0.0"/>
  <testcase name="test0013" classname="RandoopRegressionTest0" time="0.0"/>
  <testcase name="test0014" classname="RandoopRegressionTest0" time="0.0"/>
  <testcase name="test0015" classname="RandoopRegressionTest0" time="0.0"/>
  <testcase name="test0016" classname="RandoopRegressionTest0" time="0.0"/>
  <testcase name="test0017" classname="RandoopRegressionTest0" time="0.0"/>
  <testcase name="test0018" classname="RandoopRegressionTest0" time="0.0"/>
  <testcase name="test0019" classname="RandoopRegressionTest0" time="0.0"/>
  <testcase name="test0020" classname="RandoopRegressionTest0" time="0.0"/>
  <testcase name="test0021" classname="RandoopRegressionTest0" time="0.0"/>
  <testcase name="test0022" classname="RandoopRegressionTest0" time="0.0"/>
  <testcase name="test0023" classname="RandoopRegressionTest0" time="0.0"/>
  <testcase name="test0024" classname="RandoopRegressionTest0" time="0.0"/>
  <testcase name="test0025" classname="RandoopRegressionTest0" time="0.0"/>
  <testcase name="test0026" classname="RandoopRegressionTest0" time="0.0"/>
  <testcase name="test0027" classname="RandoopRegressionTest0" time="0.0"/>
  <testcase name="test0028" classname="RandoopRegressionTest0" time="0.0"/>
  <testcase name="test0029" classname="RandoopRegressionTest0" time="0.0"/>
  <testcase name="test0030" classname="RandoopRegressionTest0" time="0.001"/>
  <testcase name="test0031" classname="RandoopRegressionTest0" time="0.0"/>
  <testcase name="test0032" classname="RandoopRegressionTest0" time="0.0"/>
  <testcase name="test0033" classname="RandoopRegressionTest0" time="0.0"/>
  <testcase name="test0034" classname="RandoopRegressionTest0" time="0.0"/>
  <testcase name="test0035" classname="RandoopRegressionTest0" time="0.0"/>
  <testcase name="test0036" classname="RandoopRegressionTest0" time="0.0"/>
  <testcase name="test0037" classname="RandoopRegressionTest0" time="0.0"/>
  <testcase name="test0038" classname="RandoopRegressionTest0" time="0.0"/>
  <testcase name="test0039" classname="RandoopRegressionTest0" time="0.0"/>
  <testcase name="test0040" classname="RandoopRegressionTest0" time="0.0"/>
  <testcase name="test0041" classname="RandoopRegressionTest0" time="0.0"/>
  <testcase name="test0042" classname="RandoopRegressionTest0" time="0.001"/>
  <testcase name="test0043" classname="RandoopRegressionTest0" time="0.0"/>
  <testcase name="test0044" classname="RandoopRegressionTest0" time="0.0"/>
  <testcase name="test0045" classname="RandoopRegressionTest0" time="0.0"/>
  <testcase name="test0046" classname="RandoopRegressionTest0" time="0.0"/>
  <testcase name="test0047" classname="RandoopRegressionTest0" time="0.0"/>
  <testcase name="test0048" classname="RandoopRegressionTest0" time="0.0"/>
  <testcase name="test0049" classname="RandoopRegressionTest0" time="0.0"/>
  <testcase name="test0050" classname="RandoopRegressionTest0" time="0.0"/>
  <testcase name="test0051" classname="RandoopRegressionTest0" time="0.0"/>
  <testcase name="test0052" classname="RandoopRegressionTest0" time="0.0"/>
  <testcase name="test0053" classname="RandoopRegressionTest0" time="0.0"/>
  <testcase name="test0054" classname="RandoopRegressionTest0" time="0.0"/>
  <testcase name="test0055" classname="RandoopRegressionTest0" time="0.0"/>
  <testcase name="test0056" classname="RandoopRegressionTest0" time="0.0"/>
  <testcase name="test0057" classname="RandoopRegressionTest0" time="0.0"/>
  <testcase name="test0058" classname="RandoopRegressionTest0" time="0.0"/>
  <testcase name="test0059" classname="RandoopRegressionTest0" time="0.0"/>
  <testcase name="test0060" classname="RandoopRegressionTest0" time="0.0"/>
  <testcase name="test0061" classname="RandoopRegressionTest0" time="0.0"/>
  <testcase name="test0062" classname="RandoopRegressionTest0" time="0.0"/>
  <testcase name="test0063" classname="RandoopRegressionTest0" time="0.0"/>
  <testcase name="test0064" classname="RandoopRegressionTest0" time="0.0"/>
  <testcase name="test0065" classname="RandoopRegressionTest0" time="0.0"/>
  <testcase name="test0066" classname="RandoopRegressionTest0" time="0.0"/>
  <testcase name="test0067" classname="RandoopRegressionTest0" time="0.0"/>
  <testcase name="test0068" classname="RandoopRegressionTest0" time="0.0"/>
  <testcase name="test0069" classname="RandoopRegressionTest0" time="0.0"/>
  <testcase name="test0070" classname="RandoopRegressionTest0" time="0.0"/>
  <testcase name="test0071" classname="RandoopRegressionTest0" time="0.0"/>
  <testcase name="test0072" classname="RandoopRegressionTest0" time="0.0"/>
  <testcase name="test0073" classname="RandoopRegressionTest0" time="0.0"/>
  <testcase name="test0074" classname="RandoopRegressionTest0" time="0.0"/>
  <testcase name="test0075" classname="RandoopRegressionTest0" time="0.0"/>
  <testcase name="test0076" classname="RandoopRegressionTest0" time="0.0"/>
  <testcase name="test0077" classname="RandoopRegressionTest0" time="0.0"/>
  <testcase name="test0078" classname="RandoopRegressionTest0" time="0.0"/>
  <testcase name="test0079" classname="RandoopRegressionTest0" time="0.0"/>
  <testcase name="test0080" classname="RandoopRegressionTest0" time="0.001"/>
  <testcase name="test0081" classname="RandoopRegressionTest0" time="0.0"/>
  <testcase name="test0082" classname="RandoopRegressionTest0" time="0.0"/>
  <testcase name="test0083" classname="RandoopRegressionTest0" time="0.0"/>
  <testcase name="test0084" classname="RandoopRegressionTest0" time="0.0"/>
  <testcase name="test0085" classname="RandoopRegressionTest0" time="0.0"/>
  <testcase name="test0086" classname="RandoopRegressionTest0" time="0.0"/>
  <testcase name="test0087" classname="RandoopRegressionTest0" time="0.0"/>
  <testcase name="test0088" classname="RandoopRegressionTest0" time="0.0"/>
  <testcase name="test0089" classname="RandoopRegressionTest0" time="0.0"/>
  <testcase name="test0090" classname="RandoopRegressionTest0" time="0.0"/>
  <testcase name="test0091" classname="RandoopRegressionTest0" time="0.0"/>
  <testcase name="test0092" classname="RandoopRegressionTest0" time="0.0"/>
  <testcase name="test0093" classname="RandoopRegressionTest0" time="0.0"/>
  <testcase name="test0094" classname="RandoopRegressionTest0" time="0.0"/>
  <testcase name="test0095" classname="RandoopRegressionTest0" time="0.0"/>
  <testcase name="test0096" classname="RandoopRegressionTest0" time="0.001"/>
  <testcase name="test0097" classname="RandoopRegressionTest0" time="0.0"/>
  <testcase name="test0098" classname="RandoopRegressionTest0" time="0.0"/>
  <testcase name="test0099" classname="RandoopRegressionTest0" time="0.0"/>
  <testcase name="test0100" classname="RandoopRegressionTest0" time="0.0"/>
  <testcase name="test0101" classname="RandoopRegressionTest0" time="0.0"/>
  <testcase name="test0102" classname="RandoopRegressionTest0" time="0.0"/>
  <testcase name="test0103" classname="RandoopRegressionTest0" time="0.0"/>
  <testcase name="test0104" classname="RandoopRegressionTest0" time="0.0"/>
  <testcase name="test0105" classname="RandoopRegressionTest0" time="0.0"/>
  <testcase name="test0106" classname="RandoopRegressionTest0" time="0.0"/>
  <testcase name="test0107" classname="RandoopRegressionTest0" time="0.0"/>
  <testcase name="test0108" classname="RandoopRegressionTest0" time="0.0"/>
  <testcase name="test0109" classname="RandoopRegressionTest0" time="0.0"/>
  <testcase name="test0110" classname="RandoopRegressionTest0" time="0.0"/>
  <testcase name="test0111" classname="RandoopRegressionTest0" time="0.001"/>
  <testcase name="test0112" classname="RandoopRegressionTest0" time="0.0"/>
  <testcase name="test0113" classname="RandoopRegressionTest0" time="0.0"/>
  <testcase name="test0114" classname="RandoopRegressionTest0" time="0.0"/>
  <testcase name="test0115" classname="RandoopRegressionTest0" time="0.0"/>
  <testcase name="test0116" classname="RandoopRegressionTest0" time="0.0"/>
  <testcase name="test0117" classname="RandoopRegressionTest0" time="0.0"/>
  <testcase name="test0118" classname="RandoopRegressionTest0" time="0.0"/>
  <testcase name="test0119" classname="RandoopRegressionTest0" time="0.0"/>
  <testcase name="test0120" classname="RandoopRegressionTest0" time="0.001"/>
  <testcase name="test0121" classname="RandoopRegressionTest0" time="0.0"/>
  <testcase name="test0122" classname="RandoopRegressionTest0" time="0.0"/>
  <testcase name="test0123" classname="RandoopRegressionTest0" time="0.0"/>
  <testcase name="test0124" classname="RandoopRegressionTest0" time="0.0"/>
  <testcase name="test0125" classname="RandoopRegressionTest0" time="0.0"/>
  <testcase name="test0126" classname="RandoopRegressionTest0" time="0.0"/>
  <testcase name="test0127" classname="RandoopRegressionTest0" time="0.0"/>
  <testcase name="test0128" classname="RandoopRegressionTest0" time="0.0"/>
  <testcase name="test0129" classname="RandoopRegressionTest0" time="0.0"/>
  <testcase name="test0130" classname="RandoopRegressionTest0" time="0.0"/>
  <testcase name="test0131" classname="RandoopRegressionTest0" time="0.0"/>
  <testcase name="test0132" classname="RandoopRegressionTest0" time="0.0"/>
  <testcase name="test0133" classname="RandoopRegressionTest0" time="0.0"/>
  <testcase name="test0134" classname="RandoopRegressionTest0" time="0.0"/>
  <testcase name="test0135" classname="RandoopRegressionTest0" time="0.0"/>
  <testcase name="test0136" classname="RandoopRegressionTest0" time="0.0"/>
  <testcase name="test0137" classname="RandoopRegressionTest0" time="0.0"/>
  <testcase name="test0138" classname="RandoopRegressionTest0" time="0.0"/>
  <testcase name="test0139" classname="RandoopRegressionTest0" time="0.0"/>
  <testcase name="test0140" classname="RandoopRegressionTest0" time="0.0"/>
  <testcase name="test0141" classname="RandoopRegressionTest0" time="0.0"/>
  <testcase name="test0142" classname="RandoopRegressionTest0" time="0.0"/>
  <testcase name="test0143" classname="RandoopRegressionTest0" time="0.0"/>
  <testcase name="test0144" classname="RandoopRegressionTest0" time="0.0"/>
  <testcase name="test0145" classname="RandoopRegressionTest0" time="0.0"/>
  <testcase name="test0146" classname="RandoopRegressionTest0" time="0.0"/>
  <testcase name="test0147" classname="RandoopRegressionTest0" time="0.0"/>
  <testcase name="test0148" classname="RandoopRegressionTest0" time="0.0"/>
  <testcase name="test0149" classname="RandoopRegressionTest0" time="0.0"/>
  <testcase name="test0150" classname="RandoopRegressionTest0" time="0.0"/>
  <testcase name="test0151" classname="RandoopRegressionTest0" time="0.0"/>
  <testcase name="test0152" classname="RandoopRegressionTest0" time="0.0"/>
  <testcase name="test0153" classname="RandoopRegressionTest0" time="0.0"/>
  <testcase name="test0154" classname="RandoopRegressionTest0" time="0.0"/>
  <testcase name="test0155" classname="RandoopRegressionTest0" time="0.0"/>
  <testcase name="test0156" classname="RandoopRegressionTest0" time="0.0"/>
  <testcase name="test0157" classname="RandoopRegressionTest0" time="0.0"/>
  <testcase name="test0158" classname="RandoopRegressionTest0" time="0.0"/>
  <testcase name="test0159" classname="RandoopRegressionTest0" time="0.0"/>
  <testcase name="test0160" classname="RandoopRegressionTest0" time="0.0"/>
  <testcase name="test0161" classname="RandoopRegressionTest0" time="0.0"/>
  <testcase name="test0162" classname="RandoopRegressionTest0" time="0.0"/>
  <testcase name="test0163" classname="RandoopRegressionTest0" time="0.0"/>
  <testcase name="test0164" classname="RandoopRegressionTest0" time="0.0"/>
  <testcase name="test0165" classname="RandoopRegressionTest0" time="0.0"/>
  <testcase name="test0166" classname="RandoopRegressionTest0" time="0.0"/>
  <testcase name="test0167" classname="RandoopRegressionTest0" time="0.0"/>
  <testcase name="test0168" classname="RandoopRegressionTest0" time="0.0"/>
  <testcase name="test0169" classname="RandoopRegressionTest0" time="0.0"/>
  <testcase name="test0170" classname="RandoopRegressionTest0" time="0.0"/>
  <testcase name="test0171" classname="RandoopRegressionTest0" time="0.0"/>
  <testcase name="test0172" classname="RandoopRegressionTest0" time="0.0"/>
  <testcase name="test0173" classname="RandoopRegressionTest0" time="0.001"/>
  <testcase name="test0174" classname="RandoopRegressionTest0" time="0.0"/>
  <testcase name="test0175" classname="RandoopRegressionTest0" time="0.0"/>
  <testcase name="test0176" classname="RandoopRegressionTest0" time="0.0"/>
  <testcase name="test0177" classname="RandoopRegressionTest0" time="0.0"/>
  <testcase name="test0178" classname="RandoopRegressionTest0" time="0.0"/>
  <testcase name="test0179" classname="RandoopRegressionTest0" time="0.0"/>
  <testcase name="test0180" classname="RandoopRegressionTest0" time="0.0"/>
  <testcase name="test0181" classname="RandoopRegressionTest0" time="0.0"/>
  <testcase name="test0182" classname="RandoopRegressionTest0" time="0.0"/>
  <testcase name="test0183" classname="RandoopRegressionTest0" time="0.0"/>
  <testcase name="test0184" classname="RandoopRegressionTest0" time="0.0"/>
  <testcase name="test0185" classname="RandoopRegressionTest0" time="0.0"/>
  <testcase name="test0186" classname="RandoopRegressionTest0" time="0.0"/>
  <testcase name="test0187" classname="RandoopRegressionTest0" time="0.0"/>
  <testcase name="test0188" classname="RandoopRegressionTest0" time="0.0"/>
  <testcase name="test0189" classname="RandoopRegressionTest0" time="0.0"/>
  <testcase name="test0190" classname="RandoopRegressionTest0" time="0.0"/>
  <testcase name="test0191" classname="RandoopRegressionTest0" time="0.0"/>
  <testcase name="test0192" classname="RandoopRegressionTest0" time="0.0"/>
  <testcase name="test0193" classname="RandoopRegressionTest0" time="0.0"/>
  <testcase name="test0194" classname="RandoopRegressionTest0" time="0.0"/>
  <testcase name="test0195" classname="RandoopRegressionTest0" time="0.0"/>
  <testcase name="test0196" classname="RandoopRegressionTest0" time="0.0"/>
  <testcase name="test0197" classname="RandoopRegressionTest0" time="0.0"/>
  <testcase name="test0198" classname="RandoopRegressionTest0" time="0.0"/>
  <testcase name="test0199" classname="RandoopRegressionTest0" time="0.0"/>
  <testcase name="test0200" classname="RandoopRegressionTest0" time="0.0"/>
  <testcase name="test0201" classname="RandoopRegressionTest0" time="0.0"/>
  <testcase name="test0202" classname="RandoopRegressionTest0" time="0.0"/>
  <testcase name="test0203" classname="RandoopRegressionTest0" time="0.0"/>
  <testcase name="test0204" classname="RandoopRegressionTest0" time="0.0"/>
  <testcase name="test0205" classname="RandoopRegressionTest0" time="0.0"/>
  <testcase name="test0206" classname="RandoopRegressionTest0" time="0.0"/>
  <testcase name="test0207" classname="RandoopRegressionTest0" time="0.0"/>
  <testcase name="test0208" classname="RandoopRegressionTest0" time="0.0"/>
  <testcase name="test0209" classname="RandoopRegressionTest0" time="0.0"/>
  <testcase name="test0210" classname="RandoopRegressionTest0" time="0.0"/>
  <testcase name="test0211" classname="RandoopRegressionTest0" time="0.0"/>
  <testcase name="test0212" classname="RandoopRegressionTest0" time="0.0"/>
  <testcase name="test0213" classname="RandoopRegressionTest0" time="0.0"/>
  <testcase name="test0214" classname="RandoopRegressionTest0" time="0.0"/>
  <testcase name="test0215" classname="RandoopRegressionTest0" time="0.0"/>
  <testcase name="test0216" classname="RandoopRegressionTest0" time="0.0"/>
  <testcase name="test0217" classname="RandoopRegressionTest0" time="0.0"/>
  <testcase name="test0218" classname="RandoopRegressionTest0" time="0.0"/>
  <testcase name="test0219" classname="RandoopRegressionTest0" time="0.0"/>
  <testcase name="test0220" classname="RandoopRegressionTest0" time="0.0"/>
  <testcase name="test0221" classname="RandoopRegressionTest0" time="0.0"/>
  <testcase name="test0222" classname="RandoopRegressionTest0" time="0.0"/>
  <testcase name="test0223" classname="RandoopRegressionTest0" time="0.0"/>
  <testcase name="test0224" classname="RandoopRegressionTest0" time="0.0"/>
  <testcase name="test0225" classname="RandoopRegressionTest0" time="0.0"/>
  <testcase name="test0226" classname="RandoopRegressionTest0" time="0.0"/>
  <testcase name="test0227" classname="RandoopRegressionTest0" time="0.0"/>
  <testcase name="test0228" classname="RandoopRegressionTest0" time="0.0"/>
  <testcase name="test0229" classname="RandoopRegressionTest0" time="0.0"/>
  <testcase name="test0230" classname="RandoopRegressionTest0" time="0.0"/>
  <testcase name="test0231" classname="RandoopRegressionTest0" time="0.0"/>
  <testcase name="test0232" classname="RandoopRegressionTest0" time="0.0"/>
  <testcase name="test0233" classname="RandoopRegressionTest0" time="0.0"/>
  <testcase name="test0234" classname="RandoopRegressionTest0" time="0.0"/>
  <testcase name="test0235" classname="RandoopRegressionTest0" time="0.0"/>
  <testcase name="test0236" classname="RandoopRegressionTest0" time="0.0"/>
  <testcase name="test0237" classname="RandoopRegressionTest0" time="0.0"/>
  <testcase name="test0238" classname="RandoopRegressionTest0" time="0.0"/>
  <testcase name="test0239" classname="RandoopRegressionTest0" time="0.0"/>
  <testcase name="test0240" classname="RandoopRegressionTest0" time="0.0"/>
  <testcase name="test0241" classname="RandoopRegressionTest0" time="0.001"/>
  <testcase name="test0242" classname="RandoopRegressionTest0" time="0.0"/>
  <testcase name="test0243" classname="RandoopRegressionTest0" time="0.0"/>
  <testcase name="test0244" classname="RandoopRegressionTest0" time="0.0"/>
  <testcase name="test0245" classname="RandoopRegressionTest0" time="0.0"/>
  <testcase name="test0246" classname="RandoopRegressionTest0" time="0.0"/>
  <testcase name="test0247" classname="RandoopRegressionTest0" time="0.0"/>
  <testcase name="test0248" classname="RandoopRegressionTest0" time="0.0"/>
  <testcase name="test0249" classname="RandoopRegressionTest0" time="0.0"/>
  <testcase name="test0250" classname="RandoopRegressionTest0" time="0.0"/>
  <testcase name="test0251" classname="RandoopRegressionTest0" time="0.0"/>
  <testcase name="test0252" classname="RandoopRegressionTest0" time="0.0"/>
  <testcase name="test0253" classname="RandoopRegressionTest0" time="0.0"/>
  <testcase name="test0254" classname="RandoopRegressionTest0" time="0.0"/>
  <testcase name="test0255" classname="RandoopRegressionTest0" time="0.0"/>
  <testcase name="test0256" classname="RandoopRegressionTest0" time="0.0"/>
  <testcase name="test0257" classname="RandoopRegressionTest0" time="0.0"/>
  <testcase name="test0258" classname="RandoopRegressionTest0" time="0.0"/>
  <testcase name="test0259" classname="RandoopRegressionTest0" time="0.001"/>
  <testcase name="test0260" classname="RandoopRegressionTest0" time="0.0"/>
  <testcase name="test0261" classname="RandoopRegressionTest0" time="0.0"/>
  <testcase name="test0262" classname="RandoopRegressionTest0" time="0.0"/>
  <testcase name="test0263" classname="RandoopRegressionTest0" time="0.0"/>
  <testcase name="test0264" classname="RandoopRegressionTest0" time="0.0"/>
  <testcase name="test0265" classname="RandoopRegressionTest0" time="0.0"/>
  <testcase name="test0266" classname="RandoopRegressionTest0" time="0.0"/>
  <testcase name="test0267" classname="RandoopRegressionTest0" time="0.0"/>
  <testcase name="test0268" classname="RandoopRegressionTest0" time="0.0"/>
  <testcase name="test0269" classname="RandoopRegressionTest0" time="0.0"/>
  <testcase name="test0270" classname="RandoopRegressionTest0" time="0.0"/>
  <testcase name="test0271" classname="RandoopRegressionTest0" time="0.0"/>
  <testcase name="test0272" classname="RandoopRegressionTest0" time="0.0"/>
  <testcase name="test0273" classname="RandoopRegressionTest0" time="0.0"/>
  <testcase name="test0274" classname="RandoopRegressionTest0" time="0.0"/>
  <testcase name="test0275" classname="RandoopRegressionTest0" time="0.0"/>
  <testcase name="test0276" classname="RandoopRegressionTest0" time="0.0"/>
  <testcase name="test0277" classname="RandoopRegressionTest0" time="0.0"/>
  <testcase name="test0278" classname="RandoopRegressionTest0" time="0.0"/>
  <testcase name="test0279" classname="RandoopRegressionTest0" time="0.0"/>
  <testcase name="test0280" classname="RandoopRegressionTest0" time="0.0"/>
  <testcase name="test0281" classname="RandoopRegressionTest0" time="0.0"/>
  <testcase name="test0282" classname="RandoopRegressionTest0" time="0.0"/>
  <testcase name="test0283" classname="RandoopRegressionTest0" time="0.0"/>
  <testcase name="test0284" classname="RandoopRegressionTest0" time="0.0"/>
  <testcase name="test0285" classname="RandoopRegressionTest0" time="0.0"/>
  <testcase name="test0286" classname="RandoopRegressionTest0" time="0.0"/>
  <testcase name="test0287" classname="RandoopRegressionTest0" time="0.0"/>
  <testcase name="test0288" classname="RandoopRegressionTest0" time="0.0"/>
  <testcase name="test0289" classname="RandoopRegressionTest0" time="0.0"/>
  <testcase name="test0290" classname="RandoopRegressionTest0" time="0.0"/>
  <testcase name="test0291" classname="RandoopRegressionTest0" time="0.0"/>
  <testcase name="test0292" classname="RandoopRegressionTest0" time="0.0"/>
  <testcase name="test0293" classname="RandoopRegressionTest0" time="0.0"/>
  <testcase name="test0294" classname="RandoopRegressionTest0" time="0.0"/>
  <testcase name="test0295" classname="RandoopRegressionTest0" time="0.0"/>
  <testcase name="test0296" classname="RandoopRegressionTest0" time="0.0"/>
  <testcase name="test0297" classname="RandoopRegressionTest0" time="0.0"/>
  <testcase name="test0298" classname="RandoopRegressionTest0" time="0.001"/>
  <testcase name="test0299" classname="RandoopRegressionTest0" time="0.0"/>
  <testcase name="test0300" classname="RandoopRegressionTest0" time="0.0"/>
  <testcase name="test0301" classname="RandoopRegressionTest0" time="0.0"/>
  <testcase name="test0302" classname="RandoopRegressionTest0" time="0.0"/>
  <testcase name="test0303" classname="RandoopRegressionTest0" time="0.0"/>
  <testcase name="test0304" classname="RandoopRegressionTest0" time="0.0"/>
  <testcase name="test0305" classname="RandoopRegressionTest0" time="0.0"/>
  <testcase name="test0306" classname="RandoopRegressionTest0" time="0.0"/>
  <testcase name="test0307" classname="RandoopRegressionTest0" time="0.0"/>
  <testcase name="test0308" classname="RandoopRegressionTest0" time="0.0"/>
  <testcase name="test0309" classname="RandoopRegressionTest0" time="0.0"/>
  <testcase name="test0310" classname="RandoopRegressionTest0" time="0.0"/>
  <testcase name="test0311" classname="RandoopRegressionTest0" time="0.0"/>
  <testcase name="test0312" classname="RandoopRegressionTest0" time="0.0"/>
  <testcase name="test0313" classname="RandoopRegressionTest0" time="0.0"/>
  <testcase name="test0314" classname="RandoopRegressionTest0" time="0.0"/>
  <testcase name="test0315" classname="RandoopRegressionTest0" time="0.0"/>
  <testcase name="test0316" classname="RandoopRegressionTest0" time="0.0"/>
  <testcase name="test0317" classname="RandoopRegressionTest0" time="0.0"/>
  <testcase name="test0318" classname="RandoopRegressionTest0" time="0.0"/>
  <testcase name="test0319" classname="RandoopRegressionTest0" time="0.0"/>
  <testcase name="test0320" classname="RandoopRegressionTest0" time="0.0"/>
  <testcase name="test0321" classname="RandoopRegressionTest0" time="0.0"/>
  <testcase name="test0322" classname="RandoopRegressionTest0" time="0.0"/>
  <testcase name="test0323" classname="RandoopRegressionTest0" time="0.0"/>
  <testcase name="test0324" classname="RandoopRegressionTest0" time="0.0"/>
  <testcase name="test0325" classname="RandoopRegressionTest0" time="0.0"/>
  <testcase name="test0326" classname="RandoopRegressionTest0" time="0.0"/>
  <testcase name="test0327" classname="RandoopRegressionTest0" time="0.0"/>
  <testcase name="test0328" classname="RandoopRegressionTest0" time="0.0"/>
  <testcase name="test0329" classname="RandoopRegressionTest0" time="0.0"/>
  <testcase name="test0330" classname="RandoopRegressionTest0" time="0.0"/>
  <testcase name="test0331" classname="RandoopRegressionTest0" time="0.0"/>
  <testcase name="test0332" classname="RandoopRegressionTest0" time="0.0"/>
  <testcase name="test0333" classname="RandoopRegressionTest0" time="0.0"/>
  <testcase name="test0334" classname="RandoopRegressionTest0" time="0.0"/>
  <testcase name="test0335" classname="RandoopRegressionTest0" time="0.0"/>
  <testcase name="test0336" classname="RandoopRegressionTest0" time="0.0"/>
  <testcase name="test0337" classname="RandoopRegressionTest0" time="0.0"/>
  <testcase name="test0338" classname="RandoopRegressionTest0" time="0.0"/>
  <testcase name="test0339" classname="RandoopRegressionTest0" time="0.0"/>
  <testcase name="test0340" classname="RandoopRegressionTest0" time="0.0"/>
  <testcase name="test0341" classname="RandoopRegressionTest0" time="0.0"/>
  <testcase name="test0342" classname="RandoopRegressionTest0" time="0.0"/>
  <testcase name="test0343" classname="RandoopRegressionTest0" time="0.0"/>
  <testcase name="test0344" classname="RandoopRegressionTest0" time="0.0"/>
  <testcase name="test0345" classname="RandoopRegressionTest0" time="0.0"/>
  <testcase name="test0346" classname="RandoopRegressionTest0" time="0.0"/>
  <testcase name="test0347" classname="RandoopRegressionTest0" time="0.0"/>
  <testcase name="test0348" classname="RandoopRegressionTest0" time="0.0"/>
  <testcase name="test0349" classname="RandoopRegressionTest0" time="0.0"/>
  <testcase name="test0350" classname="RandoopRegressionTest0" time="0.0"/>
  <testcase name="test0351" classname="RandoopRegressionTest0" time="0.0"/>
  <testcase name="test0352" classname="RandoopRegressionTest0" time="0.0"/>
  <testcase name="test0353" classname="RandoopRegressionTest0" time="0.0"/>
  <testcase name="test0354" classname="RandoopRegressionTest0" time="0.0"/>
  <testcase name="test0355" classname="RandoopRegressionTest0" time="0.0"/>
  <testcase name="test0356" classname="RandoopRegressionTest0" time="0.0"/>
  <testcase name="test0357" classname="RandoopRegressionTest0" time="0.0"/>
  <testcase name="test0358" classname="RandoopRegressionTest0" time="0.0"/>
  <testcase name="test0359" classname="RandoopRegressionTest0" time="0.0"/>
  <testcase name="test0360" classname="RandoopRegressionTest0" time="0.0"/>
  <testcase name="test0361" classname="RandoopRegressionTest0" time="0.0"/>
  <testcase name="test0362" classname="RandoopRegressionTest0" time="0.0"/>
  <testcase name="test0363" classname="RandoopRegressionTest0" time="0.0"/>
  <testcase name="test0364" classname="RandoopRegressionTest0" time="0.0"/>
  <testcase name="test0365" classname="RandoopRegressionTest0" time="0.0"/>
  <testcase name="test0366" classname="RandoopRegressionTest0" time="0.0"/>
  <testcase name="test0367" classname="RandoopRegressionTest0" time="0.0"/>
  <testcase name="test0368" classname="RandoopRegressionTest0" time="0.0"/>
  <testcase name="test0369" classname="RandoopRegressionTest0" time="0.0"/>
  <testcase name="test0370" classname="RandoopRegressionTest0" time="0.001"/>
  <testcase name="test0371" classname="RandoopRegressionTest0" time="0.0"/>
  <testcase name="test0372" classname="RandoopRegressionTest0" time="0.0"/>
  <testcase name="test0373" classname="RandoopRegressionTest0" time="0.0"/>
  <testcase name="test0374" classname="RandoopRegressionTest0" time="0.0"/>
  <testcase name="test0375" classname="RandoopRegressionTest0" time="0.0"/>
  <testcase name="test0376" classname="RandoopRegressionTest0" time="0.0"/>
  <testcase name="test0377" classname="RandoopRegressionTest0" time="0.0"/>
  <testcase name="test0378" classname="RandoopRegressionTest0" time="0.0"/>
  <testcase name="test0379" classname="RandoopRegressionTest0" time="0.0"/>
  <testcase name="test0380" classname="RandoopRegressionTest0" time="0.0"/>
  <testcase name="test0381" classname="RandoopRegressionTest0" time="0.0"/>
  <testcase name="test0382" classname="RandoopRegressionTest0" time="0.0"/>
  <testcase name="test0383" classname="RandoopRegressionTest0" time="0.0"/>
  <testcase name="test0384" classname="RandoopRegressionTest0" time="0.0"/>
  <testcase name="test0385" classname="RandoopRegressionTest0" time="0.0"/>
  <testcase name="test0386" classname="RandoopRegressionTest0" time="0.0"/>
  <testcase name="test0387" classname="RandoopRegressionTest0" time="0.0"/>
  <testcase name="test0388" classname="RandoopRegressionTest0" time="0.0"/>
  <testcase name="test0389" classname="RandoopRegressionTest0" time="0.0"/>
  <testcase name="test0390" classname="RandoopRegressionTest0" time="0.0"/>
  <testcase name="test0391" classname="RandoopRegressionTest0" time="0.0"/>
  <testcase name="test0392" classname="RandoopRegressionTest0" time="0.0"/>
  <testcase name="test0393" classname="RandoopRegressionTest0" time="0.0"/>
  <testcase name="test0394" classname="RandoopRegressionTest0" time="0.0"/>
  <testcase name="test0395" classname="RandoopRegressionTest0" time="0.0"/>
  <testcase name="test0396" classname="RandoopRegressionTest0" time="0.0"/>
  <testcase name="test0397" classname="RandoopRegressionTest0" time="0.0"/>
  <testcase name="test0398" classname="RandoopRegressionTest0" time="0.0"/>
  <testcase name="test0399" classname="RandoopRegressionTest0" time="0.0"/>
  <testcase name="test0400" classname="RandoopRegressionTest0" time="0.0"/>
  <testcase name="test0401" classname="RandoopRegressionTest0" time="0.0"/>
  <testcase name="test0402" classname="RandoopRegressionTest0" time="0.0"/>
  <testcase name="test0403" classname="RandoopRegressionTest0" time="0.0"/>
  <testcase name="test0404" classname="RandoopRegressionTest0" time="0.0"/>
  <testcase name="test0405" classname="RandoopRegressionTest0" time="0.0"/>
  <testcase name="test0406" classname="RandoopRegressionTest0" time="0.0"/>
  <testcase name="test0407" classname="RandoopRegressionTest0" time="0.0"/>
  <testcase name="test0408" classname="RandoopRegressionTest0" time="0.0"/>
  <testcase name="test0409" classname="RandoopRegressionTest0" time="0.0"/>
  <testcase name="test0410" classname="RandoopRegressionTest0" time="0.0"/>
  <testcase name="test0411" classname="RandoopRegressionTest0" time="0.0"/>
  <testcase name="test0412" classname="RandoopRegressionTest0" time="0.0"/>
  <testcase name="test0413" classname="RandoopRegressionTest0" time="0.0"/>
  <testcase name="test0414" classname="RandoopRegressionTest0" time="0.0"/>
  <testcase name="test0415" classname="RandoopRegressionTest0" time="0.0"/>
  <testcase name="test0416" classname="RandoopRegressionTest0" time="0.0"/>
  <testcase name="test0417" classname="RandoopRegressionTest0" time="0.0"/>
  <testcase name="test0418" classname="RandoopRegressionTest0" time="0.0"/>
  <testcase name="test0419" classname="RandoopRegressionTest0" time="0.0"/>
  <testcase name="test0420" classname="RandoopRegressionTest0" time="0.0"/>
  <testcase name="test0421" classname="RandoopRegressionTest0" time="0.0"/>
  <testcase name="test0422" classname="RandoopRegressionTest0" time="0.0"/>
  <testcase name="test0423" classname="RandoopRegressionTest0" time="0.0"/>
  <testcase name="test0424" classname="RandoopRegressionTest0" time="0.0"/>
  <testcase name="test0425" classname="RandoopRegressionTest0" time="0.0"/>
  <testcase name="test0426" classname="RandoopRegressionTest0" time="0.0"/>
  <testcase name="test0427" classname="RandoopRegressionTest0" time="0.0"/>
  <testcase name="test0428" classname="RandoopRegressionTest0" time="0.0"/>
  <testcase name="test0429" classname="RandoopRegressionTest0" time="0.0"/>
  <testcase name="test0430" classname="RandoopRegressionTest0" time="0.0"/>
  <testcase name="test0431" classname="RandoopRegressionTest0" time="0.0"/>
  <testcase name="test0432" classname="RandoopRegressionTest0" time="0.0"/>
  <testcase name="test0433" classname="RandoopRegressionTest0" time="0.0"/>
  <testcase name="test0434" classname="RandoopRegressionTest0" time="0.0"/>
  <testcase name="test0435" classname="RandoopRegressionTest0" time="0.0"/>
  <testcase name="test0436" classname="RandoopRegressionTest0" time="0.0"/>
  <testcase name="test0437" classname="RandoopRegressionTest0" time="0.0"/>
  <testcase name="test0438" classname="RandoopRegressionTest0" time="0.0"/>
  <testcase name="test0439" classname="RandoopRegressionTest0" time="0.0"/>
  <testcase name="test0440" classname="RandoopRegressionTest0" time="0.0"/>
  <testcase name="test0441" classname="RandoopRegressionTest0" time="0.0"/>
  <testcase name="test0442" classname="RandoopRegressionTest0" time="0.0"/>
  <testcase name="test0443" classname="RandoopRegressionTest0" time="0.0"/>
  <testcase name="test0444" classname="RandoopRegressionTest0" time="0.0"/>
  <testcase name="test0445" classname="RandoopRegressionTest0" time="0.0"/>
  <testcase name="test0446" classname="RandoopRegressionTest0" time="0.0"/>
  <testcase name="test0447" classname="RandoopRegressionTest0" time="0.0"/>
  <testcase name="test0448" classname="RandoopRegressionTest0" time="0.0"/>
  <testcase name="test0449" classname="RandoopRegressionTest0" time="0.0"/>
  <testcase name="test0450" classname="RandoopRegressionTest0" time="0.0"/>
  <testcase name="test0451" classname="RandoopRegressionTest0" time="0.0"/>
  <testcase name="test0452" classname="RandoopRegressionTest0" time="0.0"/>
  <testcase name="test0453" classname="RandoopRegressionTest0" time="0.0"/>
  <testcase name="test0454" classname="RandoopRegressionTest0" time="0.0"/>
  <testcase name="test0455" classname="RandoopRegressionTest0" time="0.0"/>
  <testcase name="test0456" classname="RandoopRegressionTest0" time="0.0"/>
  <testcase name="test0457" classname="RandoopRegressionTest0" time="0.0"/>
  <testcase name="test0458" classname="RandoopRegressionTest0" time="0.0"/>
  <testcase name="test0459" classname="RandoopRegressionTest0" time="0.0"/>
  <testcase name="test0460" classname="RandoopRegressionTest0" time="0.0"/>
  <testcase name="test0461" classname="RandoopRegressionTest0" time="0.0"/>
  <testcase name="test0462" classname="RandoopRegressionTest0" time="0.0"/>
  <testcase name="test0463" classname="RandoopRegressionTest0" time="0.0"/>
  <testcase name="test0464" classname="RandoopRegressionTest0" time="0.0"/>
  <testcase name="test0465" classname="RandoopRegressionTest0" time="0.0"/>
  <testcase name="test0466" classname="RandoopRegressionTest0" time="0.0"/>
  <testcase name="test0467" classname="RandoopRegressionTest0" time="0.0"/>
  <testcase name="test0468" classname="RandoopRegressionTest0" time="0.0"/>
  <testcase name="test0469" classname="RandoopRegressionTest0" time="0.0"/>
  <testcase name="test0470" classname="RandoopRegressionTest0" time="0.0"/>
  <testcase name="test0471" classname="RandoopRegressionTest0" time="0.0"/>
  <testcase name="test0472" classname="RandoopRegressionTest0" time="0.0"/>
  <testcase name="test0473" classname="RandoopRegressionTest0" time="0.0"/>
  <testcase name="test0474" classname="RandoopRegressionTest0" time="0.0"/>
  <testcase name="test0475" classname="RandoopRegressionTest0" time="0.0"/>
  <testcase name="test0476" classname="RandoopRegressionTest0" time="0.0"/>
  <testcase name="test0477" classname="RandoopRegressionTest0" time="0.0"/>
  <testcase name="test0478" classname="RandoopRegressionTest0" time="0.0"/>
  <testcase name="test0479" classname="RandoopRegressionTest0" time="0.0"/>
  <testcase name="test0480" classname="RandoopRegressionTest0" time="0.0"/>
  <testcase name="test0481" classname="RandoopRegressionTest0" time="0.0"/>
  <testcase name="test0482" classname="RandoopRegressionTest0" time="0.0"/>
  <testcase name="test0483" classname="RandoopRegressionTest0" time="0.0"/>
  <testcase name="test0484" classname="RandoopRegressionTest0" time="0.0"/>
  <testcase name="test0485" classname="RandoopRegressionTest0" time="0.0"/>
  <testcase name="test0486" classname="RandoopRegressionTest0" time="0.001"/>
  <testcase name="test0487" classname="RandoopRegressionTest0" time="0.0"/>
  <testcase name="test0488" classname="RandoopRegressionTest0" time="0.0"/>
  <testcase name="test0489" classname="RandoopRegressionTest0" time="0.0"/>
  <testcase name="test0490" classname="RandoopRegressionTest0" time="0.0"/>
  <testcase name="test0491" classname="RandoopRegressionTest0" time="0.0"/>
  <testcase name="test0492" classname="RandoopRegressionTest0" time="0.0"/>
  <testcase name="test0493" classname="RandoopRegressionTest0" time="0.0"/>
  <testcase name="test0494" classname="RandoopRegressionTest0" time="0.0"/>
  <testcase name="test0495" classname="RandoopRegressionTest0" time="0.0"/>
  <testcase name="test0496" classname="RandoopRegressionTest0" time="0.0"/>
  <testcase name="test0497" classname="RandoopRegressionTest0" time="0.0"/>
  <testcase name="test0498" classname="RandoopRegressionTest0" time="0.0"/>
  <testcase name="test0499" classname="RandoopRegressionTest0" time="0.0"/>
  <testcase name="test0500" classname="RandoopRegressionTest0" time="0.0"/>
  <system-out><![CDATA[]]></system-out>
  <system-err><![CDATA[]]></system-err>
</testsuite>
