<?xml version="1.0" encoding="UTF-8"?>
<testsuite name="java_testcases.junit.GCD_TEST" tests="5" skipped="0" failures="5" errors="0" timestamp="2024-04-01T03:26:42" hostname="Sejals-MacBook-Air.local" time="0.042">
  <properties/>
  <testcase name="test_0" classname="java_testcases.junit.GCD_TEST" time="0.008">
    <failure message="java.lang.StackOverflowError" type="java.lang.StackOverflowError">java.lang.StackOverflowError
	at java_programs.GCD.gcd(GCD.java:19)
	at java_programs.GCD.gcd(GCD.java:19)
	at java_programs.GCD.gcd(GCD.java:19)
	at java_programs.GCD.gcd(GCD.java:19)
	at java_programs.GCD.gcd(GCD.java:19)
	at java_programs.GCD.gcd(GCD.java:19)
	at java_programs.GCD.gcd(GCD.java:19)
	at java_programs.GCD.gcd(GCD.java:19)
	at java_programs.GCD.gcd(GCD.java:19)
	at java_programs.GCD.gcd(GCD.java:19)
	at java_programs.GCD.gcd(GCD.java:19)
	at java_programs.GCD.gcd(GCD.java:19)
	at java_programs.GCD.gcd(GCD.java:19)
	at java_programs.GCD.gcd(GCD.java:19)
	at java_programs.GCD.gcd(GCD.java:19)
	at java_programs.GCD.gcd(GCD.java:19)
	at java_programs.GCD.gcd(GCD.java:19)
	at java_programs.GCD.gcd(GCD.java:19)
	at java_programs.GCD.gcd(GCD.java:19)
	at java_programs.GCD.gcd(GCD.java:19)
	at java_programs.GCD.gcd(GCD.java:19)
	at java_programs.GCD.gcd(GCD.java:19)
	at java_programs.GCD.gcd(GCD.java:19)
	at java_programs.GCD.gcd(GCD.java:19)
	at java_programs.GCD.gcd(GCD.java:19)
	at java_programs.GCD.gcd(GCD.java:19)
	at java_programs.GCD.gcd(GCD.java:19)
	at java_programs.GCD.gcd(GCD.java:19)
	at java_programs.GCD.gcd(GCD.java:19)
	at java_programs.GCD.gcd(GCD.java:19)
	at java_programs.GCD.gcd(GCD.java:19)
	at java_programs.GCD.gcd(GCD.java:19)
	at java_programs.GCD.gcd(GCD.java:19)
	at java_programs.GCD.gcd(GCD.java:19)
	at java_programs.GCD.gcd(GCD.java:19)
	at java_programs.GCD.gcd(GCD.java:19)
	at java_programs.GCD.gcd(GCD.java:19)
	at java_programs.GCD.gcd(GCD.java:19)
	at java_programs.GCD.gcd(GCD.java:19)
	at java_programs.GCD.gcd(GCD.java:19)
	at java_programs.GCD.gcd(GCD.java:19)
	at java_programs.GCD.gcd(GCD.java:19)
	at java_programs.GCD.gcd(GCD.java:19)
	at java_programs.GCD.gcd(GCD.java:19)
	at java_programs.GCD.gcd(GCD.java:19)
	at java_programs.GCD.gcd(GCD.java:19)
	at java_programs.GCD.gcd(GCD.java:19)
	at java_programs.GCD.gcd(GCD.java:19)
	at java_programs.GCD.gcd(GCD.java:19)
	at java_programs.GCD.gcd(GCD.java:19)
	at java_programs.GCD.gcd(GCD.java:19)
	at java_programs.GCD.gcd(GCD.java:19)
	at java_programs.GCD.gcd(GCD.java:19)
	at java_programs.GCD.gcd(GCD.java:19)
	at java_programs.GCD.gcd(GCD.java:19)
	at java_programs.GCD.gcd(GCD.java:19)
	at java_programs.GCD.gcd(GCD.java:19)
	at java_programs.GCD.gcd(GCD.java:19)
	at java_programs.GCD.gcd(GCD.java:19)
	at java_programs.GCD.gcd(GCD.java:19)
	at java_programs.GCD.gcd(GCD.java:19)
	at java_programs.GCD.gcd(GCD.java:19)
	at java_programs.GCD.gcd(GCD.java:19)
	at java_programs.GCD.gcd(GCD.java:19)
	at java_programs.GCD.gcd(GCD.java:19)
	at java_programs.GCD.gcd(GCD.java:19)
	at java_programs.GCD.gcd(GCD.java:19)
	at java_programs.GCD.gcd(GCD.java:19)
	at java_programs.GCD.gcd(GCD.java:19)
	at java_programs.GCD.gcd(GCD.java:19)
	at java_programs.GCD.gcd(GCD.java:19)
	at java_programs.GCD.gcd(GCD.java:19)
	at java_programs.GCD.gcd(GCD.java:19)
	at java_programs.GCD.gcd(GCD.java:19)
	at java_programs.GCD.gcd(GCD.java:19)
	at java_programs.GCD.gcd(GCD.java:19)
	at java_programs.GCD.gcd(GCD.java:19)
	at java_programs.GCD.gcd(GCD.java:19)
	at java_programs.GCD.gcd(GCD.java:19)
	at java_programs.GCD.gcd(GCD.java:19)
	at java_programs.GCD.gcd(GCD.java:19)
	at java_programs.GCD.gcd(GCD.java:19)
	at java_programs.GCD.gcd(GCD.java:19)
	at java_programs.GCD.gcd(GCD.java:19)
	at java_programs.GCD.gcd(GCD.java:19)
	at java_programs.GCD.gcd(GCD.java:19)
	at java_programs.GCD.gcd(GCD.java:19)
	at java_programs.GCD.gcd(GCD.java:19)
	at java_programs.GCD.gcd(GCD.java:19)
	at java_programs.GCD.gcd(GCD.java:19)
	at java_programs.GCD.gcd(GCD.java:19)
	at java_programs.GCD.gcd(GCD.java:19)
	at java_programs.GCD.gcd(GCD.java:19)
	at java_programs.GCD.gcd(GCD.java:19)
	at java_programs.GCD.gcd(GCD.java:19)
	at java_programs.GCD.gcd(GCD.java:19)
	at java_programs.GCD.gcd(GCD.java:19)
	at java_programs.GCD.gcd(GCD.java:19)
	at java_programs.GCD.gcd(GCD.java:19)
	at java_programs.GCD.gcd(GCD.java:19)
	at java_programs.GCD.gcd(GCD.java:19)
	at java_programs.GCD.gcd(GCD.java:19)
	at java_programs.GCD.gcd(GCD.java:19)
	at java_programs.GCD.gcd(GCD.java:19)
	at java_programs.GCD.gcd(GCD.java:19)
	at java_programs.GCD.gcd(GCD.java:19)
	at java_programs.GCD.gcd(GCD.java:19)
	at java_programs.GCD.gcd(GCD.java:19)
	at java_programs.GCD.gcd(GCD.java:19)
	at java_programs.GCD.gcd(GCD.java:19)
	at java_programs.GCD.gcd(GCD.java:19)
	at java_programs.GCD.gcd(GCD.java:19)
	at java_programs.GCD.gcd(GCD.java:19)
	at java_programs.GCD.gcd(GCD.java:19)
	at java_programs.GCD.gcd(GCD.java:19)
	at java_programs.GCD.gcd(GCD.java:19)
	at java_programs.GCD.gcd(GCD.java:19)
	at java_programs.GCD.gcd(GCD.java:19)
	at java_programs.GCD.gcd(GCD.java:19)
	at java_programs.GCD.gcd(GCD.java:19)
	at java_programs.GCD.gcd(GCD.java:19)
	at java_programs.GCD.gcd(GCD.java:19)
	at java_programs.GCD.gcd(GCD.java:19)
	at java_programs.GCD.gcd(GCD.java:19)
	at java_programs.GCD.gcd(GCD.java:19)
	at java_programs.GCD.gcd(GCD.java:19)
	at java_programs.GCD.gcd(GCD.java:19)
	at java_programs.GCD.gcd(GCD.java:19)
	at java_programs.GCD.gcd(GCD.java:19)
	at java_programs.GCD.gcd(GCD.java:19)
	at java_programs.GCD.gcd(GCD.java:19)
	at java_programs.GCD.gcd(GCD.java:19)
	at java_programs.GCD.gcd(GCD.java:19)
	at java_programs.GCD.gcd(GCD.java:19)
	at java_programs.GCD.gcd(GCD.java:19)
	at java_programs.GCD.gcd(GCD.java:19)
	at java_programs.GCD.gcd(GCD.java:19)
	at java_programs.GCD.gcd(GCD.java:19)
	at java_programs.GCD.gcd(GCD.java:19)
	at java_programs.GCD.gcd(GCD.java:19)
	at java_programs.GCD.gcd(GCD.java:19)
	at java_programs.GCD.gcd(GCD.java:19)
	at java_programs.GCD.gcd(GCD.java:19)
	at java_programs.GCD.gcd(GCD.java:19)
	at java_programs.GCD.gcd(GCD.java:19)
	at java_programs.GCD.gcd(GCD.java:19)
	at java_programs.GCD.gcd(GCD.java:19)
	at java_programs.GCD.gcd(GCD.java:19)
	at java_programs.GCD.gcd(GCD.java:19)
	at java_programs.GCD.gcd(GCD.java:19)
	at java_programs.GCD.gcd(GCD.java:19)
	at java_programs.GCD.gcd(GCD.java:19)
	at java_programs.GCD.gcd(GCD.java:19)
	at java_programs.GCD.gcd(GCD.java:19)
	at java_programs.GCD.gcd(GCD.java:19)
	at java_programs.GCD.gcd(GCD.java:19)
	at java_programs.GCD.gcd(GCD.java:19)
	at java_programs.GCD.gcd(GCD.java:19)
	at java_programs.GCD.gcd(GCD.java:19)
	at java_programs.GCD.gcd(GCD.java:19)
	at java_programs.GCD.gcd(GCD.java:19)
	at java_programs.GCD.gcd(GCD.java:19)
	at java_programs.GCD.gcd(GCD.java:19)
	at java_programs.GCD.gcd(GCD.java:19)
	at java_programs.GCD.gcd(GCD.java:19)
	at java_programs.GCD.gcd(GCD.java:19)
	at java_programs.GCD.gcd(GCD.java:19)
	at java_programs.GCD.gcd(GCD.java:19)
	at java_programs.GCD.gcd(GCD.java:19)
	at java_programs.GCD.gcd(GCD.java:19)
	at java_programs.GCD.gcd(GCD.java:19)
	at java_programs.GCD.gcd(GCD.java:19)
	at java_programs.GCD.gcd(GCD.java:19)
	at java_programs.GCD.gcd(GCD.java:19)
	at java_programs.GCD.gcd(GCD.java:19)
	at java_programs.GCD.gcd(GCD.java:19)
	at java_programs.GCD.gcd(GCD.java:19)
	at java_programs.GCD.gcd(GCD.java:19)
	at java_programs.GCD.gcd(GCD.java:19)
	at java_programs.GCD.gcd(GCD.java:19)
	at java_programs.GCD.gcd(GCD.java:19)
	at java_programs.GCD.gcd(GCD.java:19)
	at java_programs.GCD.gcd(GCD.java:19)
	at java_programs.GCD.gcd(GCD.java:19)
	at java_programs.GCD.gcd(GCD.java:19)
	at java_programs.GCD.gcd(GCD.java:19)
	at java_programs.GCD.gcd(GCD.java:19)
	at java_programs.GCD.gcd(GCD.java:19)
	at java_programs.GCD.gcd(GCD.java:19)
	at java_programs.GCD.gcd(GCD.java:19)
	at java_programs.GCD.gcd(GCD.java:19)
	at java_programs.GCD.gcd(GCD.java:19)
	at java_programs.GCD.gcd(GCD.java:19)
	at java_programs.GCD.gcd(GCD.java:19)
	at java_programs.GCD.gcd(GCD.java:19)
	at java_programs.GCD.gcd(GCD.java:19)
	at java_programs.GCD.gcd(GCD.java:19)
	at java_programs.GCD.gcd(GCD.java:19)
	at java_programs.GCD.gcd(GCD.java:19)
	at java_programs.GCD.gcd(GCD.java:19)
	at java_programs.GCD.gcd(GCD.java:19)
	at java_programs.GCD.gcd(GCD.java:19)
	at java_programs.GCD.gcd(GCD.java:19)
	at java_programs.GCD.gcd(GCD.java:19)
	at java_programs.GCD.gcd(GCD.java:19)
	at java_programs.GCD.gcd(GCD.java:19)
	at java_programs.GCD.gcd(GCD.java:19)
	at java_programs.GCD.gcd(GCD.java:19)
	at java_programs.GCD.gcd(GCD.java:19)
	at java_programs.GCD.gcd(GCD.java:19)
	at java_programs.GCD.gcd(GCD.java:19)
	at java_programs.GCD.gcd(GCD.java:19)
	at java_programs.GCD.gcd(GCD.java:19)
	at java_programs.GCD.gcd(GCD.java:19)
	at java_programs.GCD.gcd(GCD.java:19)
	at java_programs.GCD.gcd(GCD.java:19)
	at java_programs.GCD.gcd(GCD.java:19)
	at java_programs.GCD.gcd(GCD.java:19)
	at java_programs.GCD.gcd(GCD.java:19)
	at java_programs.GCD.gcd(GCD.java:19)
	at java_programs.GCD.gcd(GCD.java:19)
	at java_programs.GCD.gcd(GCD.java:19)
	at java_programs.GCD.gcd(GCD.java:19)
	at java_programs.GCD.gcd(GCD.java:19)
	at java_programs.GCD.gcd(GCD.java:19)
	at java_programs.GCD.gcd(GCD.java:19)
	at java_programs.GCD.gcd(GCD.java:19)
	at java_programs.GCD.gcd(GCD.java:19)
	at java_programs.GCD.gcd(GCD.java:19)
	at java_programs.GCD.gcd(GCD.java:19)
	at java_programs.GCD.gcd(GCD.java:19)
	at java_programs.GCD.gcd(GCD.java:19)
	at java_programs.GCD.gcd(GCD.java:19)
	at java_programs.GCD.gcd(GCD.java:19)
	at java_programs.GCD.gcd(GCD.java:19)
	at java_programs.GCD.gcd(GCD.java:19)
	at java_programs.GCD.gcd(GCD.java:19)
	at java_programs.GCD.gcd(GCD.java:19)
	at java_programs.GCD.gcd(GCD.java:19)
	at java_programs.GCD.gcd(GCD.java:19)
	at java_programs.GCD.gcd(GCD.java:19)
	at java_programs.GCD.gcd(GCD.java:19)
	at java_programs.GCD.gcd(GCD.java:19)
	at java_programs.GCD.gcd(GCD.java:19)
	at java_programs.GCD.gcd(GCD.java:19)
	at java_programs.GCD.gcd(GCD.java:19)
	at java_programs.GCD.gcd(GCD.java:19)
	at java_programs.GCD.gcd(GCD.java:19)
	at java_programs.GCD.gcd(GCD.java:19)
	at java_programs.GCD.gcd(GCD.java:19)
	at java_programs.GCD.gcd(GCD.java:19)
	at java_programs.GCD.gcd(GCD.java:19)
	at java_programs.GCD.gcd(GCD.java:19)
	at java_programs.GCD.gcd(GCD.java:19)
	at java_programs.GCD.gcd(GCD.java:19)
	at java_programs.GCD.gcd(GCD.java:19)
	at java_programs.GCD.gcd(GCD.java:19)
	at java_programs.GCD.gcd(GCD.java:19)
	at java_programs.GCD.gcd(GCD.java:19)
	at java_programs.GCD.gcd(GCD.java:19)
	at java_programs.GCD.gcd(GCD.java:19)
	at java_programs.GCD.gcd(GCD.java:19)
	at java_programs.GCD.gcd(GCD.java:19)
	at java_programs.GCD.gcd(GCD.java:19)
	at java_programs.GCD.gcd(GCD.java:19)
	at java_programs.GCD.gcd(GCD.java:19)
	at java_programs.GCD.gcd(GCD.java:19)
	at java_programs.GCD.gcd(GCD.java:19)
	at java_programs.GCD.gcd(GCD.java:19)
	at java_programs.GCD.gcd(GCD.java:19)
	at java_programs.GCD.gcd(GCD.java:19)
	at java_programs.GCD.gcd(GCD.java:19)
	at java_programs.GCD.gcd(GCD.java:19)
	at java_programs.GCD.gcd(GCD.java:19)
	at java_programs.GCD.gcd(GCD.java:19)
	at java_programs.GCD.gcd(GCD.java:19)
	at java_programs.GCD.gcd(GCD.java:19)
	at java_programs.GCD.gcd(GCD.java:19)
	at java_programs.GCD.gcd(GCD.java:19)
	at java_programs.GCD.gcd(GCD.java:19)
	at java_programs.GCD.gcd(GCD.java:19)
	at java_programs.GCD.gcd(GCD.java:19)
	at java_programs.GCD.gcd(GCD.java:19)
	at java_programs.GCD.gcd(GCD.java:19)
	at java_programs.GCD.gcd(GCD.java:19)
	at java_programs.GCD.gcd(GCD.java:19)
	at java_programs.GCD.gcd(GCD.java:19)
	at java_programs.GCD.gcd(GCD.java:19)
	at java_programs.GCD.gcd(GCD.java:19)
	at java_programs.GCD.gcd(GCD.java:19)
	at java_programs.GCD.gcd(GCD.java:19)
	at java_programs.GCD.gcd(GCD.java:19)
	at java_programs.GCD.gcd(GCD.java:19)
	at java_programs.GCD.gcd(GCD.java:19)
	at java_programs.GCD.gcd(GCD.java:19)
	at java_programs.GCD.gcd(GCD.java:19)
	at java_programs.GCD.gcd(GCD.java:19)
	at java_programs.GCD.gcd(GCD.java:19)
	at java_programs.GCD.gcd(GCD.java:19)
	at java_programs.GCD.gcd(GCD.java:19)
	at java_programs.GCD.gcd(GCD.java:19)
	at java_programs.GCD.gcd(GCD.java:19)
	at java_programs.GCD.gcd(GCD.java:19)
	at java_programs.GCD.gcd(GCD.java:19)
	at java_programs.GCD.gcd(GCD.java:19)
	at java_programs.GCD.gcd(GCD.java:19)
	at java_programs.GCD.gcd(GCD.java:19)
	at java_programs.GCD.gcd(GCD.java:19)
	at java_programs.GCD.gcd(GCD.java:19)
	at java_programs.GCD.gcd(GCD.java:19)
	at java_programs.GCD.gcd(GCD.java:19)
	at java_programs.GCD.gcd(GCD.java:19)
	at java_programs.GCD.gcd(GCD.java:19)
	at java_programs.GCD.gcd(GCD.java:19)
	at java_programs.GCD.gcd(GCD.java:19)
	at java_programs.GCD.gcd(GCD.java:19)
	at java_programs.GCD.gcd(GCD.java:19)
	at java_programs.GCD.gcd(GCD.java:19)
	at java_programs.GCD.gcd(GCD.java:19)
	at java_programs.GCD.gcd(GCD.java:19)
	at java_programs.GCD.gcd(GCD.java:19)
	at java_programs.GCD.gcd(GCD.java:19)
	at java_programs.GCD.gcd(GCD.java:19)
	at java_programs.GCD.gcd(GCD.java:19)
	at java_programs.GCD.gcd(GCD.java:19)
	at java_programs.GCD.gcd(GCD.java:19)
	at java_programs.GCD.gcd(GCD.java:19)
	at java_programs.GCD.gcd(GCD.java:19)
	at java_programs.GCD.gcd(GCD.java:19)
	at java_programs.GCD.gcd(GCD.java:19)
	at java_programs.GCD.gcd(GCD.java:19)
	at java_programs.GCD.gcd(GCD.java:19)
	at java_programs.GCD.gcd(GCD.java:19)
	at java_programs.GCD.gcd(GCD.java:19)
	at java_programs.GCD.gcd(GCD.java:19)
	at java_programs.GCD.gcd(GCD.java:19)
	at java_programs.GCD.gcd(GCD.java:19)
	at java_programs.GCD.gcd(GCD.java:19)
	at java_programs.GCD.gcd(GCD.java:19)
	at java_programs.GCD.gcd(GCD.java:19)
	at java_programs.GCD.gcd(GCD.java:19)
	at java_programs.GCD.gcd(GCD.java:19)
	at java_programs.GCD.gcd(GCD.java:19)
	at java_programs.GCD.gcd(GCD.java:19)
	at java_programs.GCD.gcd(GCD.java:19)
	at java_programs.GCD.gcd(GCD.java:19)
	at java_programs.GCD.gcd(GCD.java:19)
	at java_programs.GCD.gcd(GCD.java:19)
	at java_programs.GCD.gcd(GCD.java:19)
	at java_programs.GCD.gcd(GCD.java:19)
	at java_programs.GCD.gcd(GCD.java:19)
	at java_programs.GCD.gcd(GCD.java:19)
	at java_programs.GCD.gcd(GCD.java:19)
	at java_programs.GCD.gcd(GCD.java:19)
	at java_programs.GCD.gcd(GCD.java:19)
	at java_programs.GCD.gcd(GCD.java:19)
	at java_programs.GCD.gcd(GCD.java:19)
	at java_programs.GCD.gcd(GCD.java:19)
	at java_programs.GCD.gcd(GCD.java:19)
	at java_programs.GCD.gcd(GCD.java:19)
	at java_programs.GCD.gcd(GCD.java:19)
	at java_programs.GCD.gcd(GCD.java:19)
	at java_programs.GCD.gcd(GCD.java:19)
	at java_programs.GCD.gcd(GCD.java:19)
	at java_programs.GCD.gcd(GCD.java:19)
	at java_programs.GCD.gcd(GCD.java:19)
	at java_programs.GCD.gcd(GCD.java:19)
	at java_programs.GCD.gcd(GCD.java:19)
	at java_programs.GCD.gcd(GCD.java:19)
	at java_programs.GCD.gcd(GCD.java:19)
	at java_programs.GCD.gcd(GCD.java:19)
	at java_programs.GCD.gcd(GCD.java:19)
	at java_programs.GCD.gcd(GCD.java:19)
	at java_programs.GCD.gcd(GCD.java:19)
	at java_programs.GCD.gcd(GCD.java:19)
	at java_programs.GCD.gcd(GCD.java:19)
	at java_programs.GCD.gcd(GCD.java:19)
	at java_programs.GCD.gcd(GCD.java:19)
	at java_programs.GCD.gcd(GCD.java:19)
	at java_programs.GCD.gcd(GCD.java:19)
	at java_programs.GCD.gcd(GCD.java:19)
	at java_programs.GCD.gcd(GCD.java:19)
	at java_programs.GCD.gcd(GCD.java:19)
	at java_programs.GCD.gcd(GCD.java:19)
	at java_programs.GCD.gcd(GCD.java:19)
	at java_programs.GCD.gcd(GCD.java:19)
	at java_programs.GCD.gcd(GCD.java:19)
	at java_programs.GCD.gcd(GCD.java:19)
	at java_programs.GCD.gcd(GCD.java:19)
	at java_programs.GCD.gcd(GCD.java:19)
	at java_programs.GCD.gcd(GCD.java:19)
	at java_programs.GCD.gcd(GCD.java:19)
	at java_programs.GCD.gcd(GCD.java:19)
	at java_programs.GCD.gcd(GCD.java:19)
	at java_programs.GCD.gcd(GCD.java:19)
	at java_programs.GCD.gcd(GCD.java:19)
	at java_programs.GCD.gcd(GCD.java:19)
	at java_programs.GCD.gcd(GCD.java:19)
	at java_programs.GCD.gcd(GCD.java:19)
	at java_programs.GCD.gcd(GCD.java:19)
	at java_programs.GCD.gcd(GCD.java:19)
	at java_programs.GCD.gcd(GCD.java:19)
	at java_programs.GCD.gcd(GCD.java:19)
	at java_programs.GCD.gcd(GCD.java:19)
	at java_programs.GCD.gcd(GCD.java:19)
	at java_programs.GCD.gcd(GCD.java:19)
	at java_programs.GCD.gcd(GCD.java:19)
	at java_programs.GCD.gcd(GCD.java:19)
	at java_programs.GCD.gcd(GCD.java:19)
	at java_programs.GCD.gcd(GCD.java:19)
	at java_programs.GCD.gcd(GCD.java:19)
	at java_programs.GCD.gcd(GCD.java:19)
	at java_programs.GCD.gcd(GCD.java:19)
	at java_programs.GCD.gcd(GCD.java:19)
	at java_programs.GCD.gcd(GCD.java:19)
	at java_programs.GCD.gcd(GCD.java:19)
	at java_programs.GCD.gcd(GCD.java:19)
	at java_programs.GCD.gcd(GCD.java:19)
	at java_programs.GCD.gcd(GCD.java:19)
	at java_programs.GCD.gcd(GCD.java:19)
	at java_programs.GCD.gcd(GCD.java:19)
	at java_programs.GCD.gcd(GCD.java:19)
	at java_programs.GCD.gcd(GCD.java:19)
	at java_programs.GCD.gcd(GCD.java:19)
	at java_programs.GCD.gcd(GCD.java:19)
	at java_programs.GCD.gcd(GCD.java:19)
	at java_programs.GCD.gcd(GCD.java:19)
	at java_programs.GCD.gcd(GCD.java:19)
	at java_programs.GCD.gcd(GCD.java:19)
	at java_programs.GCD.gcd(GCD.java:19)
	at java_programs.GCD.gcd(GCD.java:19)
	at java_programs.GCD.gcd(GCD.java:19)
	at java_programs.GCD.gcd(GCD.java:19)
	at java_programs.GCD.gcd(GCD.java:19)
	at java_programs.GCD.gcd(GCD.java:19)
	at java_programs.GCD.gcd(GCD.java:19)
	at java_programs.GCD.gcd(GCD.java:19)
	at java_programs.GCD.gcd(GCD.java:19)
	at java_programs.GCD.gcd(GCD.java:19)
	at java_programs.GCD.gcd(GCD.java:19)
	at java_programs.GCD.gcd(GCD.java:19)
	at java_programs.GCD.gcd(GCD.java:19)
	at java_programs.GCD.gcd(GCD.java:19)
	at java_programs.GCD.gcd(GCD.java:19)
	at java_programs.GCD.gcd(GCD.java:19)
	at java_programs.GCD.gcd(GCD.java:19)
	at java_programs.GCD.gcd(GCD.java:19)
	at java_programs.GCD.gcd(GCD.java:19)
	at java_programs.GCD.gcd(GCD.java:19)
	at java_programs.GCD.gcd(GCD.java:19)
	at java_programs.GCD.gcd(GCD.java:19)
	at java_programs.GCD.gcd(GCD.java:19)
	at java_programs.GCD.gcd(GCD.java:19)
	at java_programs.GCD.gcd(GCD.java:19)
	at java_programs.GCD.gcd(GCD.java:19)
	at java_programs.GCD.gcd(GCD.java:19)
	at java_programs.GCD.gcd(GCD.java:19)
	at java_programs.GCD.gcd(GCD.java:19)
	at java_programs.GCD.gcd(GCD.java:19)
	at java_programs.GCD.gcd(GCD.java:19)
	at java_programs.GCD.gcd(GCD.java:19)
	at java_programs.GCD.gcd(GCD.java:19)
	at java_programs.GCD.gcd(GCD.java:19)
	at java_programs.GCD.gcd(GCD.java:19)
	at java_programs.GCD.gcd(GCD.java:19)
	at java_programs.GCD.gcd(GCD.java:19)
	at java_programs.GCD.gcd(GCD.java:19)
	at java_programs.GCD.gcd(GCD.java:19)
	at java_programs.GCD.gcd(GCD.java:19)
	at java_programs.GCD.gcd(GCD.java:19)
	at java_programs.GCD.gcd(GCD.java:19)
	at java_programs.GCD.gcd(GCD.java:19)
	at java_programs.GCD.gcd(GCD.java:19)
	at java_programs.GCD.gcd(GCD.java:19)
	at java_programs.GCD.gcd(GCD.java:19)
	at java_programs.GCD.gcd(GCD.java:19)
	at java_programs.GCD.gcd(GCD.java:19)
	at java_programs.GCD.gcd(GCD.java:19)
	at java_programs.GCD.gcd(GCD.java:19)
	at java_programs.GCD.gcd(GCD.java:19)
	at java_programs.GCD.gcd(GCD.java:19)
	at java_programs.GCD.gcd(GCD.java:19)
	at java_programs.GCD.gcd(GCD.java:19)
	at java_programs.GCD.gcd(GCD.java:19)
	at java_programs.GCD.gcd(GCD.java:19)
	at java_programs.GCD.gcd(GCD.java:19)
	at java_programs.GCD.gcd(GCD.java:19)
	at java_programs.GCD.gcd(GCD.java:19)
	at java_programs.GCD.gcd(GCD.java:19)
	at java_programs.GCD.gcd(GCD.java:19)
	at java_programs.GCD.gcd(GCD.java:19)
	at java_programs.GCD.gcd(GCD.java:19)
	at java_programs.GCD.gcd(GCD.java:19)
	at java_programs.GCD.gcd(GCD.java:19)
	at java_programs.GCD.gcd(GCD.java:19)
	at java_programs.GCD.gcd(GCD.java:19)
	at java_programs.GCD.gcd(GCD.java:19)
	at java_programs.GCD.gcd(GCD.java:19)
	at java_programs.GCD.gcd(GCD.java:19)
	at java_programs.GCD.gcd(GCD.java:19)
	at java_programs.GCD.gcd(GCD.java:19)
	at java_programs.GCD.gcd(GCD.java:19)
	at java_programs.GCD.gcd(GCD.java:19)
	at java_programs.GCD.gcd(GCD.java:19)
	at java_programs.GCD.gcd(GCD.java:19)
	at java_programs.GCD.gcd(GCD.java:19)
	at java_programs.GCD.gcd(GCD.java:19)
	at java_programs.GCD.gcd(GCD.java:19)
	at java_programs.GCD.gcd(GCD.java:19)
	at java_programs.GCD.gcd(GCD.java:19)
	at java_programs.GCD.gcd(GCD.java:19)
	at java_programs.GCD.gcd(GCD.java:19)
	at java_programs.GCD.gcd(GCD.java:19)
	at java_programs.GCD.gcd(GCD.java:19)
	at java_programs.GCD.gcd(GCD.java:19)
	at java_programs.GCD.gcd(GCD.java:19)
	at java_programs.GCD.gcd(GCD.java:19)
	at java_programs.GCD.gcd(GCD.java:19)
	at java_programs.GCD.gcd(GCD.java:19)
	at java_programs.GCD.gcd(GCD.java:19)
	at java_programs.GCD.gcd(GCD.java:19)
	at java_programs.GCD.gcd(GCD.java:19)
	at java_programs.GCD.gcd(GCD.java:19)
	at java_programs.GCD.gcd(GCD.java:19)
	at java_programs.GCD.gcd(GCD.java:19)
	at java_programs.GCD.gcd(GCD.java:19)
	at java_programs.GCD.gcd(GCD.java:19)
	at java_programs.GCD.gcd(GCD.java:19)
	at java_programs.GCD.gcd(GCD.java:19)
	at java_programs.GCD.gcd(GCD.java:19)
	at java_programs.GCD.gcd(GCD.java:19)
	at java_programs.GCD.gcd(GCD.java:19)
	at java_programs.GCD.gcd(GCD.java:19)
	at java_programs.GCD.gcd(GCD.java:19)
	at java_programs.GCD.gcd(GCD.java:19)
	at java_programs.GCD.gcd(GCD.java:19)
	at java_programs.GCD.gcd(GCD.java:19)
	at java_programs.GCD.gcd(GCD.java:19)
	at java_programs.GCD.gcd(GCD.java:19)
	at java_programs.GCD.gcd(GCD.java:19)
	at java_programs.GCD.gcd(GCD.java:19)
	at java_programs.GCD.gcd(GCD.java:19)
	at java_programs.GCD.gcd(GCD.java:19)
	at java_programs.GCD.gcd(GCD.java:19)
	at java_programs.GCD.gcd(GCD.java:19)
	at java_programs.GCD.gcd(GCD.java:19)
	at java_programs.GCD.gcd(GCD.java:19)
	at java_programs.GCD.gcd(GCD.java:19)
	at java_programs.GCD.gcd(GCD.java:19)
	at java_programs.GCD.gcd(GCD.java:19)
	at java_programs.GCD.gcd(GCD.java:19)
	at java_programs.GCD.gcd(GCD.java:19)
	at java_programs.GCD.gcd(GCD.java:19)
	at java_programs.GCD.gcd(GCD.java:19)
	at java_programs.GCD.gcd(GCD.java:19)
	at java_programs.GCD.gcd(GCD.java:19)
	at java_programs.GCD.gcd(GCD.java:19)
	at java_programs.GCD.gcd(GCD.java:19)
	at java_programs.GCD.gcd(GCD.java:19)
	at java_programs.GCD.gcd(GCD.java:19)
	at java_programs.GCD.gcd(GCD.java:19)
	at java_programs.GCD.gcd(GCD.java:19)
	at java_programs.GCD.gcd(GCD.java:19)
	at java_programs.GCD.gcd(GCD.java:19)
	at java_programs.GCD.gcd(GCD.java:19)
	at java_programs.GCD.gcd(GCD.java:19)
	at java_programs.GCD.gcd(GCD.java:19)
	at java_programs.GCD.gcd(GCD.java:19)
	at java_programs.GCD.gcd(GCD.java:19)
	at java_programs.GCD.gcd(GCD.java:19)
	at java_programs.GCD.gcd(GCD.java:19)
	at java_programs.GCD.gcd(GCD.java:19)
	at java_programs.GCD.gcd(GCD.java:19)
	at java_programs.GCD.gcd(GCD.java:19)
	at java_programs.GCD.gcd(GCD.java:19)
	at java_programs.GCD.gcd(GCD.java:19)
	at java_programs.GCD.gcd(GCD.java:19)
	at java_programs.GCD.gcd(GCD.java:19)
	at java_programs.GCD.gcd(GCD.java:19)
	at java_programs.GCD.gcd(GCD.java:19)
	at java_programs.GCD.gcd(GCD.java:19)
	at java_programs.GCD.gcd(GCD.java:19)
	at java_programs.GCD.gcd(GCD.java:19)
	at java_programs.GCD.gcd(GCD.java:19)
	at java_programs.GCD.gcd(GCD.java:19)
	at java_programs.GCD.gcd(GCD.java:19)
	at java_programs.GCD.gcd(GCD.java:19)
	at java_programs.GCD.gcd(GCD.java:19)
	at java_programs.GCD.gcd(GCD.java:19)
	at java_programs.GCD.gcd(GCD.java:19)
	at java_programs.GCD.gcd(GCD.java:19)
	at java_programs.GCD.gcd(GCD.java:19)
	at java_programs.GCD.gcd(GCD.java:19)
	at java_programs.GCD.gcd(GCD.java:19)
	at java_programs.GCD.gcd(GCD.java:19)
	at java_programs.GCD.gcd(GCD.java:19)
	at java_programs.GCD.gcd(GCD.java:19)
	at java_programs.GCD.gcd(GCD.java:19)
	at java_programs.GCD.gcd(GCD.java:19)
	at java_programs.GCD.gcd(GCD.java:19)
	at java_programs.GCD.gcd(GCD.java:19)
	at java_programs.GCD.gcd(GCD.java:19)
	at java_programs.GCD.gcd(GCD.java:19)
	at java_programs.GCD.gcd(GCD.java:19)
	at java_programs.GCD.gcd(GCD.java:19)
	at java_programs.GCD.gcd(GCD.java:19)
	at java_programs.GCD.gcd(GCD.java:19)
	at java_programs.GCD.gcd(GCD.java:19)
	at java_programs.GCD.gcd(GCD.java:19)
	at java_programs.GCD.gcd(GCD.java:19)
	at java_programs.GCD.gcd(GCD.java:19)
	at java_programs.GCD.gcd(GCD.java:19)
	at java_programs.GCD.gcd(GCD.java:19)
	at java_programs.GCD.gcd(GCD.java:19)
	at java_programs.GCD.gcd(GCD.java:19)
	at java_programs.GCD.gcd(GCD.java:19)
	at java_programs.GCD.gcd(GCD.java:19)
	at java_programs.GCD.gcd(GCD.java:19)
	at java_programs.GCD.gcd(GCD.java:19)
	at java_programs.GCD.gcd(GCD.java:19)
	at java_programs.GCD.gcd(GCD.java:19)
	at java_programs.GCD.gcd(GCD.java:19)
	at java_programs.GCD.gcd(GCD.java:19)
	at java_programs.GCD.gcd(GCD.java:19)
	at java_programs.GCD.gcd(GCD.java:19)
	at java_programs.GCD.gcd(GCD.java:19)
	at java_programs.GCD.gcd(GCD.java:19)
	at java_programs.GCD.gcd(GCD.java:19)
	at java_programs.GCD.gcd(GCD.java:19)
	at java_programs.GCD.gcd(GCD.java:19)
	at java_programs.GCD.gcd(GCD.java:19)
	at java_programs.GCD.gcd(GCD.java:19)
	at java_programs.GCD.gcd(GCD.java:19)
	at java_programs.GCD.gcd(GCD.java:19)
	at java_programs.GCD.gcd(GCD.java:19)
	at java_programs.GCD.gcd(GCD.java:19)
	at java_programs.GCD.gcd(GCD.java:19)
	at java_programs.GCD.gcd(GCD.java:19)
	at java_programs.GCD.gcd(GCD.java:19)
	at java_programs.GCD.gcd(GCD.java:19)
	at java_programs.GCD.gcd(GCD.java:19)
	at java_programs.GCD.gcd(GCD.java:19)
	at java_programs.GCD.gcd(GCD.java:19)
	at java_programs.GCD.gcd(GCD.java:19)
	at java_programs.GCD.gcd(GCD.java:19)
	at java_programs.GCD.gcd(GCD.java:19)
	at java_programs.GCD.gcd(GCD.java:19)
	at java_programs.GCD.gcd(GCD.java:19)
	at java_programs.GCD.gcd(GCD.java:19)
	at java_programs.GCD.gcd(GCD.java:19)
	at java_programs.GCD.gcd(GCD.java:19)
	at java_programs.GCD.gcd(GCD.java:19)
	at java_programs.GCD.gcd(GCD.java:19)
	at java_programs.GCD.gcd(GCD.java:19)
	at java_programs.GCD.gcd(GCD.java:19)
	at java_programs.GCD.gcd(GCD.java:19)
	at java_programs.GCD.gcd(GCD.java:19)
	at java_programs.GCD.gcd(GCD.java:19)
	at java_programs.GCD.gcd(GCD.java:19)
	at java_programs.GCD.gcd(GCD.java:19)
	at java_programs.GCD.gcd(GCD.java:19)
	at java_programs.GCD.gcd(GCD.java:19)
	at java_programs.GCD.gcd(GCD.java:19)
	at java_programs.GCD.gcd(GCD.java:19)
	at java_programs.GCD.gcd(GCD.java:19)
	at java_programs.GCD.gcd(GCD.java:19)
	at java_programs.GCD.gcd(GCD.java:19)
	at java_programs.GCD.gcd(GCD.java:19)
	at java_programs.GCD.gcd(GCD.java:19)
	at java_programs.GCD.gcd(GCD.java:19)
	at java_programs.GCD.gcd(GCD.java:19)
	at java_programs.GCD.gcd(GCD.java:19)
	at java_programs.GCD.gcd(GCD.java:19)
	at java_programs.GCD.gcd(GCD.java:19)
	at java_programs.GCD.gcd(GCD.java:19)
	at java_programs.GCD.gcd(GCD.java:19)
	at java_programs.GCD.gcd(GCD.java:19)
	at java_programs.GCD.gcd(GCD.java:19)
	at java_programs.GCD.gcd(GCD.java:19)
	at java_programs.GCD.gcd(GCD.java:19)
	at java_programs.GCD.gcd(GCD.java:19)
	at java_programs.GCD.gcd(GCD.java:19)
	at java_programs.GCD.gcd(GCD.java:19)
	at java_programs.GCD.gcd(GCD.java:19)
	at java_programs.GCD.gcd(GCD.java:19)
	at java_programs.GCD.gcd(GCD.java:19)
	at java_programs.GCD.gcd(GCD.java:19)
	at java_programs.GCD.gcd(GCD.java:19)
	at java_programs.GCD.gcd(GCD.java:19)
	at java_programs.GCD.gcd(GCD.java:19)
	at java_programs.GCD.gcd(GCD.java:19)
	at java_programs.GCD.gcd(GCD.java:19)
	at java_programs.GCD.gcd(GCD.java:19)
	at java_programs.GCD.gcd(GCD.java:19)
	at java_programs.GCD.gcd(GCD.java:19)
	at java_programs.GCD.gcd(GCD.java:19)
	at java_programs.GCD.gcd(GCD.java:19)
	at java_programs.GCD.gcd(GCD.java:19)
	at java_programs.GCD.gcd(GCD.java:19)
	at java_programs.GCD.gcd(GCD.java:19)
	at java_programs.GCD.gcd(GCD.java:19)
	at java_programs.GCD.gcd(GCD.java:19)
	at java_programs.GCD.gcd(GCD.java:19)
	at java_programs.GCD.gcd(GCD.java:19)
	at java_programs.GCD.gcd(GCD.java:19)
	at java_programs.GCD.gcd(GCD.java:19)
	at java_programs.GCD.gcd(GCD.java:19)
	at java_programs.GCD.gcd(GCD.java:19)
	at java_programs.GCD.gcd(GCD.java:19)
	at java_programs.GCD.gcd(GCD.java:19)
	at java_programs.GCD.gcd(GCD.java:19)
	at java_programs.GCD.gcd(GCD.java:19)
	at java_programs.GCD.gcd(GCD.java:19)
	at java_programs.GCD.gcd(GCD.java:19)
	at java_programs.GCD.gcd(GCD.java:19)
	at java_programs.GCD.gcd(GCD.java:19)
	at java_programs.GCD.gcd(GCD.java:19)
	at java_programs.GCD.gcd(GCD.java:19)
	at java_programs.GCD.gcd(GCD.java:19)
	at java_programs.GCD.gcd(GCD.java:19)
	at java_programs.GCD.gcd(GCD.java:19)
	at java_programs.GCD.gcd(GCD.java:19)
	at java_programs.GCD.gcd(GCD.java:19)
	at java_programs.GCD.gcd(GCD.java:19)
	at java_programs.GCD.gcd(GCD.java:19)
	at java_programs.GCD.gcd(GCD.java:19)
	at java_programs.GCD.gcd(GCD.java:19)
	at java_programs.GCD.gcd(GCD.java:19)
	at java_programs.GCD.gcd(GCD.java:19)
	at java_programs.GCD.gcd(GCD.java:19)
	at java_programs.GCD.gcd(GCD.java:19)
	at java_programs.GCD.gcd(GCD.java:19)
	at java_programs.GCD.gcd(GCD.java:19)
	at java_programs.GCD.gcd(GCD.java:19)
	at java_programs.GCD.gcd(GCD.java:19)
	at java_programs.GCD.gcd(GCD.java:19)
	at java_programs.GCD.gcd(GCD.java:19)
	at java_programs.GCD.gcd(GCD.java:19)
	at java_programs.GCD.gcd(GCD.java:19)
	at java_programs.GCD.gcd(GCD.java:19)
	at java_programs.GCD.gcd(GCD.java:19)
	at java_programs.GCD.gcd(GCD.java:19)
	at java_programs.GCD.gcd(GCD.java:19)
	at java_programs.GCD.gcd(GCD.java:19)
	at java_programs.GCD.gcd(GCD.java:19)
	at java_programs.GCD.gcd(GCD.java:19)
	at java_programs.GCD.gcd(GCD.java:19)
	at java_programs.GCD.gcd(GCD.java:19)
	at java_programs.GCD.gcd(GCD.java:19)
	at java_programs.GCD.gcd(GCD.java:19)
	at java_programs.GCD.gcd(GCD.java:19)
	at java_programs.GCD.gcd(GCD.java:19)
	at java_programs.GCD.gcd(GCD.java:19)
	at java_programs.GCD.gcd(GCD.java:19)
	at java_programs.GCD.gcd(GCD.java:19)
	at java_programs.GCD.gcd(GCD.java:19)
	at java_programs.GCD.gcd(GCD.java:19)
	at java_programs.GCD.gcd(GCD.java:19)
	at java_programs.GCD.gcd(GCD.java:19)
	at java_programs.GCD.gcd(GCD.java:19)
	at java_programs.GCD.gcd(GCD.java:19)
	at java_programs.GCD.gcd(GCD.java:19)
	at java_programs.GCD.gcd(GCD.java:19)
	at java_programs.GCD.gcd(GCD.java:19)
	at java_programs.GCD.gcd(GCD.java:19)
	at java_programs.GCD.gcd(GCD.java:19)
	at java_programs.GCD.gcd(GCD.java:19)
	at java_programs.GCD.gcd(GCD.java:19)
	at java_programs.GCD.gcd(GCD.java:19)
	at java_programs.GCD.gcd(GCD.java:19)
	at java_programs.GCD.gcd(GCD.java:19)
	at java_programs.GCD.gcd(GCD.java:19)
	at java_programs.GCD.gcd(GCD.java:19)
	at java_programs.GCD.gcd(GCD.java:19)
	at java_programs.GCD.gcd(GCD.java:19)
	at java_programs.GCD.gcd(GCD.java:19)
	at java_programs.GCD.gcd(GCD.java:19)
	at java_programs.GCD.gcd(GCD.java:19)
	at java_programs.GCD.gcd(GCD.java:19)
	at java_programs.GCD.gcd(GCD.java:19)
	at java_programs.GCD.gcd(GCD.java:19)
	at java_programs.GCD.gcd(GCD.java:19)
	at java_programs.GCD.gcd(GCD.java:19)
	at java_programs.GCD.gcd(GCD.java:19)
	at java_programs.GCD.gcd(GCD.java:19)
	at java_programs.GCD.gcd(GCD.java:19)
	at java_programs.GCD.gcd(GCD.java:19)
	at java_programs.GCD.gcd(GCD.java:19)
	at java_programs.GCD.gcd(GCD.java:19)
	at java_programs.GCD.gcd(GCD.java:19)
	at java_programs.GCD.gcd(GCD.java:19)
	at java_programs.GCD.gcd(GCD.java:19)
	at java_programs.GCD.gcd(GCD.java:19)
	at java_programs.GCD.gcd(GCD.java:19)
	at java_programs.GCD.gcd(GCD.java:19)
	at java_programs.GCD.gcd(GCD.java:19)
	at java_programs.GCD.gcd(GCD.java:19)
	at java_programs.GCD.gcd(GCD.java:19)
	at java_programs.GCD.gcd(GCD.java:19)
	at java_programs.GCD.gcd(GCD.java:19)
	at java_programs.GCD.gcd(GCD.java:19)
	at java_programs.GCD.gcd(GCD.java:19)
	at java_programs.GCD.gcd(GCD.java:19)
	at java_programs.GCD.gcd(GCD.java:19)
	at java_programs.GCD.gcd(GCD.java:19)
	at java_programs.GCD.gcd(GCD.java:19)
	at java_programs.GCD.gcd(GCD.java:19)
	at java_programs.GCD.gcd(GCD.java:19)
	at java_programs.GCD.gcd(GCD.java:19)
	at java_programs.GCD.gcd(GCD.java:19)
	at java_programs.GCD.gcd(GCD.java:19)
	at java_programs.GCD.gcd(GCD.java:19)
	at java_programs.GCD.gcd(GCD.java:19)
	at java_programs.GCD.gcd(GCD.java:19)
	at java_programs.GCD.gcd(GCD.java:19)
	at java_programs.GCD.gcd(GCD.java:19)
	at java_programs.GCD.gcd(GCD.java:19)
	at java_programs.GCD.gcd(GCD.java:19)
	at java_programs.GCD.gcd(GCD.java:19)
	at java_programs.GCD.gcd(GCD.java:19)
	at java_programs.GCD.gcd(GCD.java:19)
	at java_programs.GCD.gcd(GCD.java:19)
	at java_programs.GCD.gcd(GCD.java:19)
	at java_programs.GCD.gcd(GCD.java:19)
	at java_programs.GCD.gcd(GCD.java:19)
	at java_programs.GCD.gcd(GCD.java:19)
	at java_programs.GCD.gcd(GCD.java:19)
	at java_programs.GCD.gcd(GCD.java:19)
	at java_programs.GCD.gcd(GCD.java:19)
	at java_programs.GCD.gcd(GCD.java:19)
	at java_programs.GCD.gcd(GCD.java:19)
	at java_programs.GCD.gcd(GCD.java:19)
	at java_programs.GCD.gcd(GCD.java:19)
	at java_programs.GCD.gcd(GCD.java:19)
	at java_programs.GCD.gcd(GCD.java:19)
	at java_programs.GCD.gcd(GCD.java:19)
	at java_programs.GCD.gcd(GCD.java:19)
	at java_programs.GCD.gcd(GCD.java:19)
	at java_programs.GCD.gcd(GCD.java:19)
	at java_programs.GCD.gcd(GCD.java:19)
	at java_programs.GCD.gcd(GCD.java:19)
	at java_programs.GCD.gcd(GCD.java:19)
	at java_programs.GCD.gcd(GCD.java:19)
	at java_programs.GCD.gcd(GCD.java:19)
	at java_programs.GCD.gcd(GCD.java:19)
	at java_programs.GCD.gcd(GCD.java:19)
	at java_programs.GCD.gcd(GCD.java:19)
	at java_programs.GCD.gcd(GCD.java:19)
	at java_programs.GCD.gcd(GCD.java:19)
	at java_programs.GCD.gcd(GCD.java:19)
	at java_programs.GCD.gcd(GCD.java:19)
	at java_programs.GCD.gcd(GCD.java:19)
	at java_programs.GCD.gcd(GCD.java:19)
	at java_programs.GCD.gcd(GCD.java:19)
	at java_programs.GCD.gcd(GCD.java:19)
	at java_programs.GCD.gcd(GCD.java:19)
	at java_programs.GCD.gcd(GCD.java:19)
	at java_programs.GCD.gcd(GCD.java:19)
	at java_programs.GCD.gcd(GCD.java:19)
	at java_programs.GCD.gcd(GCD.java:19)
	at java_programs.GCD.gcd(GCD.java:19)
	at java_programs.GCD.gcd(GCD.java:19)
	at java_programs.GCD.gcd(GCD.java:19)
	at java_programs.GCD.gcd(GCD.java:19)
	at java_programs.GCD.gcd(GCD.java:19)
	at java_programs.GCD.gcd(GCD.java:19)
	at java_programs.GCD.gcd(GCD.java:19)
	at java_programs.GCD.gcd(GCD.java:19)
	at java_programs.GCD.gcd(GCD.java:19)
	at java_programs.GCD.gcd(GCD.java:19)
	at java_programs.GCD.gcd(GCD.java:19)
	at java_programs.GCD.gcd(GCD.java:19)
	at java_programs.GCD.gcd(GCD.java:19)
	at java_programs.GCD.gcd(GCD.java:19)
	at java_programs.GCD.gcd(GCD.java:19)
	at java_programs.GCD.gcd(GCD.java:19)
	at java_programs.GCD.gcd(GCD.java:19)
	at java_programs.GCD.gcd(GCD.java:19)
	at java_programs.GCD.gcd(GCD.java:19)
	at java_programs.GCD.gcd(GCD.java:19)
	at java_programs.GCD.gcd(GCD.java:19)
	at java_programs.GCD.gcd(GCD.java:19)
	at java_programs.GCD.gcd(GCD.java:19)
	at java_programs.GCD.gcd(GCD.java:19)
	at java_programs.GCD.gcd(GCD.java:19)
	at java_programs.GCD.gcd(GCD.java:19)
	at java_programs.GCD.gcd(GCD.java:19)
	at java_programs.GCD.gcd(GCD.java:19)
	at java_programs.GCD.gcd(GCD.java:19)
	at java_programs.GCD.gcd(GCD.java:19)
	at java_programs.GCD.gcd(GCD.java:19)
	at java_programs.GCD.gcd(GCD.java:19)
	at java_programs.GCD.gcd(GCD.java:19)
	at java_programs.GCD.gcd(GCD.java:19)
	at java_programs.GCD.gcd(GCD.java:19)
	at java_programs.GCD.gcd(GCD.java:19)
	at java_programs.GCD.gcd(GCD.java:19)
	at java_programs.GCD.gcd(GCD.java:19)
	at java_programs.GCD.gcd(GCD.java:19)
	at java_programs.GCD.gcd(GCD.java:19)
	at java_programs.GCD.gcd(GCD.java:19)
	at java_programs.GCD.gcd(GCD.java:19)
	at java_programs.GCD.gcd(GCD.java:19)
	at java_programs.GCD.gcd(GCD.java:19)
	at java_programs.GCD.gcd(GCD.java:19)
	at java_programs.GCD.gcd(GCD.java:19)
	at java_programs.GCD.gcd(GCD.java:19)
	at java_programs.GCD.gcd(GCD.java:19)
	at java_programs.GCD.gcd(GCD.java:19)
	at java_programs.GCD.gcd(GCD.java:19)
	at java_programs.GCD.gcd(GCD.java:19)
	at java_programs.GCD.gcd(GCD.java:19)
	at java_programs.GCD.gcd(GCD.java:19)
	at java_programs.GCD.gcd(GCD.java:19)
	at java_programs.GCD.gcd(GCD.java:19)
	at java_programs.GCD.gcd(GCD.java:19)
	at java_programs.GCD.gcd(GCD.java:19)
	at java_programs.GCD.gcd(GCD.java:19)
	at java_programs.GCD.gcd(GCD.java:19)
	at java_programs.GCD.gcd(GCD.java:19)
	at java_programs.GCD.gcd(GCD.java:19)
	at java_programs.GCD.gcd(GCD.java:19)
	at java_programs.GCD.gcd(GCD.java:19)
	at java_programs.GCD.gcd(GCD.java:19)
	at java_programs.GCD.gcd(GCD.java:19)
	at java_programs.GCD.gcd(GCD.java:19)
	at java_programs.GCD.gcd(GCD.java:19)
	at java_programs.GCD.gcd(GCD.java:19)
	at java_programs.GCD.gcd(GCD.java:19)
	at java_programs.GCD.gcd(GCD.java:19)
	at java_programs.GCD.gcd(GCD.java:19)
	at java_programs.GCD.gcd(GCD.java:19)
	at java_programs.GCD.gcd(GCD.java:19)
	at java_programs.GCD.gcd(GCD.java:19)
	at java_programs.GCD.gcd(GCD.java:19)
	at java_programs.GCD.gcd(GCD.java:19)
	at java_programs.GCD.gcd(GCD.java:19)
	at java_programs.GCD.gcd(GCD.java:19)
	at java_programs.GCD.gcd(GCD.java:19)
	at java_programs.GCD.gcd(GCD.java:19)
	at java_programs.GCD.gcd(GCD.java:19)
	at java_programs.GCD.gcd(GCD.java:19)
	at java_programs.GCD.gcd(GCD.java:19)
	at java_programs.GCD.gcd(GCD.java:19)
	at java_programs.GCD.gcd(GCD.java:19)
	at java_programs.GCD.gcd(GCD.java:19)
	at java_programs.GCD.gcd(GCD.java:19)
	at java_programs.GCD.gcd(GCD.java:19)
	at java_programs.GCD.gcd(GCD.java:19)
	at java_programs.GCD.gcd(GCD.java:19)
	at java_programs.GCD.gcd(GCD.java:19)
	at java_programs.GCD.gcd(GCD.java:19)
	at java_programs.GCD.gcd(GCD.java:19)
	at java_programs.GCD.gcd(GCD.java:19)
	at java_programs.GCD.gcd(GCD.java:19)
	at java_programs.GCD.gcd(GCD.java:19)
	at java_programs.GCD.gcd(GCD.java:19)
	at java_programs.GCD.gcd(GCD.java:19)
	at java_programs.GCD.gcd(GCD.java:19)
	at java_programs.GCD.gcd(GCD.java:19)
	at java_programs.GCD.gcd(GCD.java:19)
	at java_programs.GCD.gcd(GCD.java:19)
	at java_programs.GCD.gcd(GCD.java:19)
	at java_programs.GCD.gcd(GCD.java:19)
	at java_programs.GCD.gcd(GCD.java:19)
	at java_programs.GCD.gcd(GCD.java:19)
	at java_programs.GCD.gcd(GCD.java:19)
	at java_programs.GCD.gcd(GCD.java:19)
	at java_programs.GCD.gcd(GCD.java:19)
	at java_programs.GCD.gcd(GCD.java:19)
	at java_programs.GCD.gcd(GCD.java:19)
	at java_programs.GCD.gcd(GCD.java:19)
	at java_programs.GCD.gcd(GCD.java:19)
	at java_programs.GCD.gcd(GCD.java:19)
	at java_programs.GCD.gcd(GCD.java:19)
	at java_programs.GCD.gcd(GCD.java:19)
	at java_programs.GCD.gcd(GCD.java:19)
	at java_programs.GCD.gcd(GCD.java:19)
	at java_programs.GCD.gcd(GCD.java:19)
	at java_programs.GCD.gcd(GCD.java:19)
	at java_programs.GCD.gcd(GCD.java:19)
	at java_programs.GCD.gcd(GCD.java:19)
	at java_programs.GCD.gcd(GCD.java:19)
	at java_programs.GCD.gcd(GCD.java:19)
	at java_programs.GCD.gcd(GCD.java:19)
	at java_programs.GCD.gcd(GCD.java:19)
	at java_programs.GCD.gcd(GCD.java:19)
	at java_programs.GCD.gcd(GCD.java:19)
	at java_programs.GCD.gcd(GCD.java:19)
	at java_programs.GCD.gcd(GCD.java:19)
	at java_programs.GCD.gcd(GCD.java:19)
	at java_programs.GCD.gcd(GCD.java:19)
	at java_programs.GCD.gcd(GCD.java:19)
	at java_programs.GCD.gcd(GCD.java:19)
	at java_programs.GCD.gcd(GCD.java:19)
	at java_programs.GCD.gcd(GCD.java:19)
	at java_programs.GCD.gcd(GCD.java:19)
	at java_programs.GCD.gcd(GCD.java:19)
	at java_programs.GCD.gcd(GCD.java:19)
	at java_programs.GCD.gcd(GCD.java:19)
	at java_programs.GCD.gcd(GCD.java:19)
	at java_programs.GCD.gcd(GCD.java:19)
	at java_programs.GCD.gcd(GCD.java:19)
	at java_programs.GCD.gcd(GCD.java:19)
	at java_programs.GCD.gcd(GCD.java:19)
	at java_programs.GCD.gcd(GCD.java:19)
	at java_programs.GCD.gcd(GCD.java:19)
	at java_programs.GCD.gcd(GCD.java:19)
	at java_programs.GCD.gcd(GCD.java:19)
	at java_programs.GCD.gcd(GCD.java:19)
	at java_programs.GCD.gcd(GCD.java:19)
	at java_programs.GCD.gcd(GCD.java:19)
	at java_programs.GCD.gcd(GCD.java:19)
	at java_programs.GCD.gcd(GCD.java:19)
	at java_programs.GCD.gcd(GCD.java:19)
	at java_programs.GCD.gcd(GCD.java:19)
	at java_programs.GCD.gcd(GCD.java:19)
	at java_programs.GCD.gcd(GCD.java:19)
	at java_programs.GCD.gcd(GCD.java:19)
	at java_programs.GCD.gcd(GCD.java:19)
	at java_programs.GCD.gcd(GCD.java:19)
	at java_programs.GCD.gcd(GCD.java:19)
	at java_programs.GCD.gcd(GCD.java:19)
	at java_programs.GCD.gcd(GCD.java:19)
</failure>
  </testcase>
  <testcase name="test_1" classname="java_testcases.junit.GCD_TEST" time="0.008">
    <failure message="java.lang.StackOverflowError" type="java.lang.StackOverflowError">java.lang.StackOverflowError
	at java_programs.GCD.gcd(GCD.java:19)
	at java_programs.GCD.gcd(GCD.java:19)
	at java_programs.GCD.gcd(GCD.java:19)
	at java_programs.GCD.gcd(GCD.java:19)
	at java_programs.GCD.gcd(GCD.java:19)
	at java_programs.GCD.gcd(GCD.java:19)
	at java_programs.GCD.gcd(GCD.java:19)
	at java_programs.GCD.gcd(GCD.java:19)
	at java_programs.GCD.gcd(GCD.java:19)
	at java_programs.GCD.gcd(GCD.java:19)
	at java_programs.GCD.gcd(GCD.java:19)
	at java_programs.GCD.gcd(GCD.java:19)
	at java_programs.GCD.gcd(GCD.java:19)
	at java_programs.GCD.gcd(GCD.java:19)
	at java_programs.GCD.gcd(GCD.java:19)
	at java_programs.GCD.gcd(GCD.java:19)
	at java_programs.GCD.gcd(GCD.java:19)
	at java_programs.GCD.gcd(GCD.java:19)
	at java_programs.GCD.gcd(GCD.java:19)
	at java_programs.GCD.gcd(GCD.java:19)
	at java_programs.GCD.gcd(GCD.java:19)
	at java_programs.GCD.gcd(GCD.java:19)
	at java_programs.GCD.gcd(GCD.java:19)
	at java_programs.GCD.gcd(GCD.java:19)
	at java_programs.GCD.gcd(GCD.java:19)
	at java_programs.GCD.gcd(GCD.java:19)
	at java_programs.GCD.gcd(GCD.java:19)
	at java_programs.GCD.gcd(GCD.java:19)
	at java_programs.GCD.gcd(GCD.java:19)
	at java_programs.GCD.gcd(GCD.java:19)
	at java_programs.GCD.gcd(GCD.java:19)
	at java_programs.GCD.gcd(GCD.java:19)
	at java_programs.GCD.gcd(GCD.java:19)
	at java_programs.GCD.gcd(GCD.java:19)
	at java_programs.GCD.gcd(GCD.java:19)
	at java_programs.GCD.gcd(GCD.java:19)
	at java_programs.GCD.gcd(GCD.java:19)
	at java_programs.GCD.gcd(GCD.java:19)
	at java_programs.GCD.gcd(GCD.java:19)
	at java_programs.GCD.gcd(GCD.java:19)
	at java_programs.GCD.gcd(GCD.java:19)
	at java_programs.GCD.gcd(GCD.java:19)
	at java_programs.GCD.gcd(GCD.java:19)
	at java_programs.GCD.gcd(GCD.java:19)
	at java_programs.GCD.gcd(GCD.java:19)
	at java_programs.GCD.gcd(GCD.java:19)
	at java_programs.GCD.gcd(GCD.java:19)
	at java_programs.GCD.gcd(GCD.java:19)
	at java_programs.GCD.gcd(GCD.java:19)
	at java_programs.GCD.gcd(GCD.java:19)
	at java_programs.GCD.gcd(GCD.java:19)
	at java_programs.GCD.gcd(GCD.java:19)
	at java_programs.GCD.gcd(GCD.java:19)
	at java_programs.GCD.gcd(GCD.java:19)
	at java_programs.GCD.gcd(GCD.java:19)
	at java_programs.GCD.gcd(GCD.java:19)
	at java_programs.GCD.gcd(GCD.java:19)
	at java_programs.GCD.gcd(GCD.java:19)
	at java_programs.GCD.gcd(GCD.java:19)
	at java_programs.GCD.gcd(GCD.java:19)
	at java_programs.GCD.gcd(GCD.java:19)
	at java_programs.GCD.gcd(GCD.java:19)
	at java_programs.GCD.gcd(GCD.java:19)
	at java_programs.GCD.gcd(GCD.java:19)
	at java_programs.GCD.gcd(GCD.java:19)
	at java_programs.GCD.gcd(GCD.java:19)
	at java_programs.GCD.gcd(GCD.java:19)
	at java_programs.GCD.gcd(GCD.java:19)
	at java_programs.GCD.gcd(GCD.java:19)
	at java_programs.GCD.gcd(GCD.java:19)
	at java_programs.GCD.gcd(GCD.java:19)
	at java_programs.GCD.gcd(GCD.java:19)
	at java_programs.GCD.gcd(GCD.java:19)
	at java_programs.GCD.gcd(GCD.java:19)
	at java_programs.GCD.gcd(GCD.java:19)
	at java_programs.GCD.gcd(GCD.java:19)
	at java_programs.GCD.gcd(GCD.java:19)
	at java_programs.GCD.gcd(GCD.java:19)
	at java_programs.GCD.gcd(GCD.java:19)
	at java_programs.GCD.gcd(GCD.java:19)
	at java_programs.GCD.gcd(GCD.java:19)
	at java_programs.GCD.gcd(GCD.java:19)
	at java_programs.GCD.gcd(GCD.java:19)
	at java_programs.GCD.gcd(GCD.java:19)
	at java_programs.GCD.gcd(GCD.java:19)
	at java_programs.GCD.gcd(GCD.java:19)
	at java_programs.GCD.gcd(GCD.java:19)
	at java_programs.GCD.gcd(GCD.java:19)
	at java_programs.GCD.gcd(GCD.java:19)
	at java_programs.GCD.gcd(GCD.java:19)
	at java_programs.GCD.gcd(GCD.java:19)
	at java_programs.GCD.gcd(GCD.java:19)
	at java_programs.GCD.gcd(GCD.java:19)
	at java_programs.GCD.gcd(GCD.java:19)
	at java_programs.GCD.gcd(GCD.java:19)
	at java_programs.GCD.gcd(GCD.java:19)
	at java_programs.GCD.gcd(GCD.java:19)
	at java_programs.GCD.gcd(GCD.java:19)
	at java_programs.GCD.gcd(GCD.java:19)
	at java_programs.GCD.gcd(GCD.java:19)
	at java_programs.GCD.gcd(GCD.java:19)
	at java_programs.GCD.gcd(GCD.java:19)
	at java_programs.GCD.gcd(GCD.java:19)
	at java_programs.GCD.gcd(GCD.java:19)
	at java_programs.GCD.gcd(GCD.java:19)
	at java_programs.GCD.gcd(GCD.java:19)
	at java_programs.GCD.gcd(GCD.java:19)
	at java_programs.GCD.gcd(GCD.java:19)
	at java_programs.GCD.gcd(GCD.java:19)
	at java_programs.GCD.gcd(GCD.java:19)
	at java_programs.GCD.gcd(GCD.java:19)
	at java_programs.GCD.gcd(GCD.java:19)
	at java_programs.GCD.gcd(GCD.java:19)
	at java_programs.GCD.gcd(GCD.java:19)
	at java_programs.GCD.gcd(GCD.java:19)
	at java_programs.GCD.gcd(GCD.java:19)
	at java_programs.GCD.gcd(GCD.java:19)
	at java_programs.GCD.gcd(GCD.java:19)
	at java_programs.GCD.gcd(GCD.java:19)
	at java_programs.GCD.gcd(GCD.java:19)
	at java_programs.GCD.gcd(GCD.java:19)
	at java_programs.GCD.gcd(GCD.java:19)
	at java_programs.GCD.gcd(GCD.java:19)
	at java_programs.GCD.gcd(GCD.java:19)
	at java_programs.GCD.gcd(GCD.java:19)
	at java_programs.GCD.gcd(GCD.java:19)
	at java_programs.GCD.gcd(GCD.java:19)
	at java_programs.GCD.gcd(GCD.java:19)
	at java_programs.GCD.gcd(GCD.java:19)
	at java_programs.GCD.gcd(GCD.java:19)
	at java_programs.GCD.gcd(GCD.java:19)
	at java_programs.GCD.gcd(GCD.java:19)
	at java_programs.GCD.gcd(GCD.java:19)
	at java_programs.GCD.gcd(GCD.java:19)
	at java_programs.GCD.gcd(GCD.java:19)
	at java_programs.GCD.gcd(GCD.java:19)
	at java_programs.GCD.gcd(GCD.java:19)
	at java_programs.GCD.gcd(GCD.java:19)
	at java_programs.GCD.gcd(GCD.java:19)
	at java_programs.GCD.gcd(GCD.java:19)
	at java_programs.GCD.gcd(GCD.java:19)
	at java_programs.GCD.gcd(GCD.java:19)
	at java_programs.GCD.gcd(GCD.java:19)
	at java_programs.GCD.gcd(GCD.java:19)
	at java_programs.GCD.gcd(GCD.java:19)
	at java_programs.GCD.gcd(GCD.java:19)
	at java_programs.GCD.gcd(GCD.java:19)
	at java_programs.GCD.gcd(GCD.java:19)
	at java_programs.GCD.gcd(GCD.java:19)
	at java_programs.GCD.gcd(GCD.java:19)
	at java_programs.GCD.gcd(GCD.java:19)
	at java_programs.GCD.gcd(GCD.java:19)
	at java_programs.GCD.gcd(GCD.java:19)
	at java_programs.GCD.gcd(GCD.java:19)
	at java_programs.GCD.gcd(GCD.java:19)
	at java_programs.GCD.gcd(GCD.java:19)
	at java_programs.GCD.gcd(GCD.java:19)
	at java_programs.GCD.gcd(GCD.java:19)
	at java_programs.GCD.gcd(GCD.java:19)
	at java_programs.GCD.gcd(GCD.java:19)
	at java_programs.GCD.gcd(GCD.java:19)
	at java_programs.GCD.gcd(GCD.java:19)
	at java_programs.GCD.gcd(GCD.java:19)
	at java_programs.GCD.gcd(GCD.java:19)
	at java_programs.GCD.gcd(GCD.java:19)
	at java_programs.GCD.gcd(GCD.java:19)
	at java_programs.GCD.gcd(GCD.java:19)
	at java_programs.GCD.gcd(GCD.java:19)
	at java_programs.GCD.gcd(GCD.java:19)
	at java_programs.GCD.gcd(GCD.java:19)
	at java_programs.GCD.gcd(GCD.java:19)
	at java_programs.GCD.gcd(GCD.java:19)
	at java_programs.GCD.gcd(GCD.java:19)
	at java_programs.GCD.gcd(GCD.java:19)
	at java_programs.GCD.gcd(GCD.java:19)
	at java_programs.GCD.gcd(GCD.java:19)
	at java_programs.GCD.gcd(GCD.java:19)
	at java_programs.GCD.gcd(GCD.java:19)
	at java_programs.GCD.gcd(GCD.java:19)
	at java_programs.GCD.gcd(GCD.java:19)
	at java_programs.GCD.gcd(GCD.java:19)
	at java_programs.GCD.gcd(GCD.java:19)
	at java_programs.GCD.gcd(GCD.java:19)
	at java_programs.GCD.gcd(GCD.java:19)
	at java_programs.GCD.gcd(GCD.java:19)
	at java_programs.GCD.gcd(GCD.java:19)
	at java_programs.GCD.gcd(GCD.java:19)
	at java_programs.GCD.gcd(GCD.java:19)
	at java_programs.GCD.gcd(GCD.java:19)
	at java_programs.GCD.gcd(GCD.java:19)
	at java_programs.GCD.gcd(GCD.java:19)
	at java_programs.GCD.gcd(GCD.java:19)
	at java_programs.GCD.gcd(GCD.java:19)
	at java_programs.GCD.gcd(GCD.java:19)
	at java_programs.GCD.gcd(GCD.java:19)
	at java_programs.GCD.gcd(GCD.java:19)
	at java_programs.GCD.gcd(GCD.java:19)
	at java_programs.GCD.gcd(GCD.java:19)
	at java_programs.GCD.gcd(GCD.java:19)
	at java_programs.GCD.gcd(GCD.java:19)
	at java_programs.GCD.gcd(GCD.java:19)
	at java_programs.GCD.gcd(GCD.java:19)
	at java_programs.GCD.gcd(GCD.java:19)
	at java_programs.GCD.gcd(GCD.java:19)
	at java_programs.GCD.gcd(GCD.java:19)
	at java_programs.GCD.gcd(GCD.java:19)
	at java_programs.GCD.gcd(GCD.java:19)
	at java_programs.GCD.gcd(GCD.java:19)
	at java_programs.GCD.gcd(GCD.java:19)
	at java_programs.GCD.gcd(GCD.java:19)
	at java_programs.GCD.gcd(GCD.java:19)
	at java_programs.GCD.gcd(GCD.java:19)
	at java_programs.GCD.gcd(GCD.java:19)
	at java_programs.GCD.gcd(GCD.java:19)
	at java_programs.GCD.gcd(GCD.java:19)
	at java_programs.GCD.gcd(GCD.java:19)
	at java_programs.GCD.gcd(GCD.java:19)
	at java_programs.GCD.gcd(GCD.java:19)
	at java_programs.GCD.gcd(GCD.java:19)
	at java_programs.GCD.gcd(GCD.java:19)
	at java_programs.GCD.gcd(GCD.java:19)
	at java_programs.GCD.gcd(GCD.java:19)
	at java_programs.GCD.gcd(GCD.java:19)
	at java_programs.GCD.gcd(GCD.java:19)
	at java_programs.GCD.gcd(GCD.java:19)
	at java_programs.GCD.gcd(GCD.java:19)
	at java_programs.GCD.gcd(GCD.java:19)
	at java_programs.GCD.gcd(GCD.java:19)
	at java_programs.GCD.gcd(GCD.java:19)
	at java_programs.GCD.gcd(GCD.java:19)
	at java_programs.GCD.gcd(GCD.java:19)
	at java_programs.GCD.gcd(GCD.java:19)
	at java_programs.GCD.gcd(GCD.java:19)
	at java_programs.GCD.gcd(GCD.java:19)
	at java_programs.GCD.gcd(GCD.java:19)
	at java_programs.GCD.gcd(GCD.java:19)
	at java_programs.GCD.gcd(GCD.java:19)
	at java_programs.GCD.gcd(GCD.java:19)
	at java_programs.GCD.gcd(GCD.java:19)
	at java_programs.GCD.gcd(GCD.java:19)
	at java_programs.GCD.gcd(GCD.java:19)
	at java_programs.GCD.gcd(GCD.java:19)
	at java_programs.GCD.gcd(GCD.java:19)
	at java_programs.GCD.gcd(GCD.java:19)
	at java_programs.GCD.gcd(GCD.java:19)
	at java_programs.GCD.gcd(GCD.java:19)
	at java_programs.GCD.gcd(GCD.java:19)
	at java_programs.GCD.gcd(GCD.java:19)
	at java_programs.GCD.gcd(GCD.java:19)
	at java_programs.GCD.gcd(GCD.java:19)
	at java_programs.GCD.gcd(GCD.java:19)
	at java_programs.GCD.gcd(GCD.java:19)
	at java_programs.GCD.gcd(GCD.java:19)
	at java_programs.GCD.gcd(GCD.java:19)
	at java_programs.GCD.gcd(GCD.java:19)
	at java_programs.GCD.gcd(GCD.java:19)
	at java_programs.GCD.gcd(GCD.java:19)
	at java_programs.GCD.gcd(GCD.java:19)
	at java_programs.GCD.gcd(GCD.java:19)
	at java_programs.GCD.gcd(GCD.java:19)
	at java_programs.GCD.gcd(GCD.java:19)
	at java_programs.GCD.gcd(GCD.java:19)
	at java_programs.GCD.gcd(GCD.java:19)
	at java_programs.GCD.gcd(GCD.java:19)
	at java_programs.GCD.gcd(GCD.java:19)
	at java_programs.GCD.gcd(GCD.java:19)
	at java_programs.GCD.gcd(GCD.java:19)
	at java_programs.GCD.gcd(GCD.java:19)
	at java_programs.GCD.gcd(GCD.java:19)
	at java_programs.GCD.gcd(GCD.java:19)
	at java_programs.GCD.gcd(GCD.java:19)
	at java_programs.GCD.gcd(GCD.java:19)
	at java_programs.GCD.gcd(GCD.java:19)
	at java_programs.GCD.gcd(GCD.java:19)
	at java_programs.GCD.gcd(GCD.java:19)
	at java_programs.GCD.gcd(GCD.java:19)
	at java_programs.GCD.gcd(GCD.java:19)
	at java_programs.GCD.gcd(GCD.java:19)
	at java_programs.GCD.gcd(GCD.java:19)
	at java_programs.GCD.gcd(GCD.java:19)
	at java_programs.GCD.gcd(GCD.java:19)
	at java_programs.GCD.gcd(GCD.java:19)
	at java_programs.GCD.gcd(GCD.java:19)
	at java_programs.GCD.gcd(GCD.java:19)
	at java_programs.GCD.gcd(GCD.java:19)
	at java_programs.GCD.gcd(GCD.java:19)
	at java_programs.GCD.gcd(GCD.java:19)
	at java_programs.GCD.gcd(GCD.java:19)
	at java_programs.GCD.gcd(GCD.java:19)
	at java_programs.GCD.gcd(GCD.java:19)
	at java_programs.GCD.gcd(GCD.java:19)
	at java_programs.GCD.gcd(GCD.java:19)
	at java_programs.GCD.gcd(GCD.java:19)
	at java_programs.GCD.gcd(GCD.java:19)
	at java_programs.GCD.gcd(GCD.java:19)
	at java_programs.GCD.gcd(GCD.java:19)
	at java_programs.GCD.gcd(GCD.java:19)
	at java_programs.GCD.gcd(GCD.java:19)
	at java_programs.GCD.gcd(GCD.java:19)
	at java_programs.GCD.gcd(GCD.java:19)
	at java_programs.GCD.gcd(GCD.java:19)
	at java_programs.GCD.gcd(GCD.java:19)
	at java_programs.GCD.gcd(GCD.java:19)
	at java_programs.GCD.gcd(GCD.java:19)
	at java_programs.GCD.gcd(GCD.java:19)
	at java_programs.GCD.gcd(GCD.java:19)
	at java_programs.GCD.gcd(GCD.java:19)
	at java_programs.GCD.gcd(GCD.java:19)
	at java_programs.GCD.gcd(GCD.java:19)
	at java_programs.GCD.gcd(GCD.java:19)
	at java_programs.GCD.gcd(GCD.java:19)
	at java_programs.GCD.gcd(GCD.java:19)
	at java_programs.GCD.gcd(GCD.java:19)
	at java_programs.GCD.gcd(GCD.java:19)
	at java_programs.GCD.gcd(GCD.java:19)
	at java_programs.GCD.gcd(GCD.java:19)
	at java_programs.GCD.gcd(GCD.java:19)
	at java_programs.GCD.gcd(GCD.java:19)
	at java_programs.GCD.gcd(GCD.java:19)
	at java_programs.GCD.gcd(GCD.java:19)
	at java_programs.GCD.gcd(GCD.java:19)
	at java_programs.GCD.gcd(GCD.java:19)
	at java_programs.GCD.gcd(GCD.java:19)
	at java_programs.GCD.gcd(GCD.java:19)
	at java_programs.GCD.gcd(GCD.java:19)
	at java_programs.GCD.gcd(GCD.java:19)
	at java_programs.GCD.gcd(GCD.java:19)
	at java_programs.GCD.gcd(GCD.java:19)
	at java_programs.GCD.gcd(GCD.java:19)
	at java_programs.GCD.gcd(GCD.java:19)
	at java_programs.GCD.gcd(GCD.java:19)
	at java_programs.GCD.gcd(GCD.java:19)
	at java_programs.GCD.gcd(GCD.java:19)
	at java_programs.GCD.gcd(GCD.java:19)
	at java_programs.GCD.gcd(GCD.java:19)
	at java_programs.GCD.gcd(GCD.java:19)
	at java_programs.GCD.gcd(GCD.java:19)
	at java_programs.GCD.gcd(GCD.java:19)
	at java_programs.GCD.gcd(GCD.java:19)
	at java_programs.GCD.gcd(GCD.java:19)
	at java_programs.GCD.gcd(GCD.java:19)
	at java_programs.GCD.gcd(GCD.java:19)
	at java_programs.GCD.gcd(GCD.java:19)
	at java_programs.GCD.gcd(GCD.java:19)
	at java_programs.GCD.gcd(GCD.java:19)
	at java_programs.GCD.gcd(GCD.java:19)
	at java_programs.GCD.gcd(GCD.java:19)
	at java_programs.GCD.gcd(GCD.java:19)
	at java_programs.GCD.gcd(GCD.java:19)
	at java_programs.GCD.gcd(GCD.java:19)
	at java_programs.GCD.gcd(GCD.java:19)
	at java_programs.GCD.gcd(GCD.java:19)
	at java_programs.GCD.gcd(GCD.java:19)
	at java_programs.GCD.gcd(GCD.java:19)
	at java_programs.GCD.gcd(GCD.java:19)
	at java_programs.GCD.gcd(GCD.java:19)
	at java_programs.GCD.gcd(GCD.java:19)
	at java_programs.GCD.gcd(GCD.java:19)
	at java_programs.GCD.gcd(GCD.java:19)
	at java_programs.GCD.gcd(GCD.java:19)
	at java_programs.GCD.gcd(GCD.java:19)
	at java_programs.GCD.gcd(GCD.java:19)
	at java_programs.GCD.gcd(GCD.java:19)
	at java_programs.GCD.gcd(GCD.java:19)
	at java_programs.GCD.gcd(GCD.java:19)
	at java_programs.GCD.gcd(GCD.java:19)
	at java_programs.GCD.gcd(GCD.java:19)
	at java_programs.GCD.gcd(GCD.java:19)
	at java_programs.GCD.gcd(GCD.java:19)
	at java_programs.GCD.gcd(GCD.java:19)
	at java_programs.GCD.gcd(GCD.java:19)
	at java_programs.GCD.gcd(GCD.java:19)
	at java_programs.GCD.gcd(GCD.java:19)
	at java_programs.GCD.gcd(GCD.java:19)
	at java_programs.GCD.gcd(GCD.java:19)
	at java_programs.GCD.gcd(GCD.java:19)
	at java_programs.GCD.gcd(GCD.java:19)
	at java_programs.GCD.gcd(GCD.java:19)
	at java_programs.GCD.gcd(GCD.java:19)
	at java_programs.GCD.gcd(GCD.java:19)
	at java_programs.GCD.gcd(GCD.java:19)
	at java_programs.GCD.gcd(GCD.java:19)
	at java_programs.GCD.gcd(GCD.java:19)
	at java_programs.GCD.gcd(GCD.java:19)
	at java_programs.GCD.gcd(GCD.java:19)
	at java_programs.GCD.gcd(GCD.java:19)
	at java_programs.GCD.gcd(GCD.java:19)
	at java_programs.GCD.gcd(GCD.java:19)
	at java_programs.GCD.gcd(GCD.java:19)
	at java_programs.GCD.gcd(GCD.java:19)
	at java_programs.GCD.gcd(GCD.java:19)
	at java_programs.GCD.gcd(GCD.java:19)
	at java_programs.GCD.gcd(GCD.java:19)
	at java_programs.GCD.gcd(GCD.java:19)
	at java_programs.GCD.gcd(GCD.java:19)
	at java_programs.GCD.gcd(GCD.java:19)
	at java_programs.GCD.gcd(GCD.java:19)
	at java_programs.GCD.gcd(GCD.java:19)
	at java_programs.GCD.gcd(GCD.java:19)
	at java_programs.GCD.gcd(GCD.java:19)
	at java_programs.GCD.gcd(GCD.java:19)
	at java_programs.GCD.gcd(GCD.java:19)
	at java_programs.GCD.gcd(GCD.java:19)
	at java_programs.GCD.gcd(GCD.java:19)
	at java_programs.GCD.gcd(GCD.java:19)
	at java_programs.GCD.gcd(GCD.java:19)
	at java_programs.GCD.gcd(GCD.java:19)
	at java_programs.GCD.gcd(GCD.java:19)
	at java_programs.GCD.gcd(GCD.java:19)
	at java_programs.GCD.gcd(GCD.java:19)
	at java_programs.GCD.gcd(GCD.java:19)
	at java_programs.GCD.gcd(GCD.java:19)
	at java_programs.GCD.gcd(GCD.java:19)
	at java_programs.GCD.gcd(GCD.java:19)
	at java_programs.GCD.gcd(GCD.java:19)
	at java_programs.GCD.gcd(GCD.java:19)
	at java_programs.GCD.gcd(GCD.java:19)
	at java_programs.GCD.gcd(GCD.java:19)
	at java_programs.GCD.gcd(GCD.java:19)
	at java_programs.GCD.gcd(GCD.java:19)
	at java_programs.GCD.gcd(GCD.java:19)
	at java_programs.GCD.gcd(GCD.java:19)
	at java_programs.GCD.gcd(GCD.java:19)
	at java_programs.GCD.gcd(GCD.java:19)
	at java_programs.GCD.gcd(GCD.java:19)
	at java_programs.GCD.gcd(GCD.java:19)
	at java_programs.GCD.gcd(GCD.java:19)
	at java_programs.GCD.gcd(GCD.java:19)
	at java_programs.GCD.gcd(GCD.java:19)
	at java_programs.GCD.gcd(GCD.java:19)
	at java_programs.GCD.gcd(GCD.java:19)
	at java_programs.GCD.gcd(GCD.java:19)
	at java_programs.GCD.gcd(GCD.java:19)
	at java_programs.GCD.gcd(GCD.java:19)
	at java_programs.GCD.gcd(GCD.java:19)
	at java_programs.GCD.gcd(GCD.java:19)
	at java_programs.GCD.gcd(GCD.java:19)
	at java_programs.GCD.gcd(GCD.java:19)
	at java_programs.GCD.gcd(GCD.java:19)
	at java_programs.GCD.gcd(GCD.java:19)
	at java_programs.GCD.gcd(GCD.java:19)
	at java_programs.GCD.gcd(GCD.java:19)
	at java_programs.GCD.gcd(GCD.java:19)
	at java_programs.GCD.gcd(GCD.java:19)
	at java_programs.GCD.gcd(GCD.java:19)
	at java_programs.GCD.gcd(GCD.java:19)
	at java_programs.GCD.gcd(GCD.java:19)
	at java_programs.GCD.gcd(GCD.java:19)
	at java_programs.GCD.gcd(GCD.java:19)
	at java_programs.GCD.gcd(GCD.java:19)
	at java_programs.GCD.gcd(GCD.java:19)
	at java_programs.GCD.gcd(GCD.java:19)
	at java_programs.GCD.gcd(GCD.java:19)
	at java_programs.GCD.gcd(GCD.java:19)
	at java_programs.GCD.gcd(GCD.java:19)
	at java_programs.GCD.gcd(GCD.java:19)
	at java_programs.GCD.gcd(GCD.java:19)
	at java_programs.GCD.gcd(GCD.java:19)
	at java_programs.GCD.gcd(GCD.java:19)
	at java_programs.GCD.gcd(GCD.java:19)
	at java_programs.GCD.gcd(GCD.java:19)
	at java_programs.GCD.gcd(GCD.java:19)
	at java_programs.GCD.gcd(GCD.java:19)
	at java_programs.GCD.gcd(GCD.java:19)
	at java_programs.GCD.gcd(GCD.java:19)
	at java_programs.GCD.gcd(GCD.java:19)
	at java_programs.GCD.gcd(GCD.java:19)
	at java_programs.GCD.gcd(GCD.java:19)
	at java_programs.GCD.gcd(GCD.java:19)
	at java_programs.GCD.gcd(GCD.java:19)
	at java_programs.GCD.gcd(GCD.java:19)
	at java_programs.GCD.gcd(GCD.java:19)
	at java_programs.GCD.gcd(GCD.java:19)
	at java_programs.GCD.gcd(GCD.java:19)
	at java_programs.GCD.gcd(GCD.java:19)
	at java_programs.GCD.gcd(GCD.java:19)
	at java_programs.GCD.gcd(GCD.java:19)
	at java_programs.GCD.gcd(GCD.java:19)
	at java_programs.GCD.gcd(GCD.java:19)
	at java_programs.GCD.gcd(GCD.java:19)
	at java_programs.GCD.gcd(GCD.java:19)
	at java_programs.GCD.gcd(GCD.java:19)
	at java_programs.GCD.gcd(GCD.java:19)
	at java_programs.GCD.gcd(GCD.java:19)
	at java_programs.GCD.gcd(GCD.java:19)
	at java_programs.GCD.gcd(GCD.java:19)
	at java_programs.GCD.gcd(GCD.java:19)
	at java_programs.GCD.gcd(GCD.java:19)
	at java_programs.GCD.gcd(GCD.java:19)
	at java_programs.GCD.gcd(GCD.java:19)
	at java_programs.GCD.gcd(GCD.java:19)
	at java_programs.GCD.gcd(GCD.java:19)
	at java_programs.GCD.gcd(GCD.java:19)
	at java_programs.GCD.gcd(GCD.java:19)
	at java_programs.GCD.gcd(GCD.java:19)
	at java_programs.GCD.gcd(GCD.java:19)
	at java_programs.GCD.gcd(GCD.java:19)
	at java_programs.GCD.gcd(GCD.java:19)
	at java_programs.GCD.gcd(GCD.java:19)
	at java_programs.GCD.gcd(GCD.java:19)
	at java_programs.GCD.gcd(GCD.java:19)
	at java_programs.GCD.gcd(GCD.java:19)
	at java_programs.GCD.gcd(GCD.java:19)
	at java_programs.GCD.gcd(GCD.java:19)
	at java_programs.GCD.gcd(GCD.java:19)
	at java_programs.GCD.gcd(GCD.java:19)
	at java_programs.GCD.gcd(GCD.java:19)
	at java_programs.GCD.gcd(GCD.java:19)
	at java_programs.GCD.gcd(GCD.java:19)
	at java_programs.GCD.gcd(GCD.java:19)
	at java_programs.GCD.gcd(GCD.java:19)
	at java_programs.GCD.gcd(GCD.java:19)
	at java_programs.GCD.gcd(GCD.java:19)
	at java_programs.GCD.gcd(GCD.java:19)
	at java_programs.GCD.gcd(GCD.java:19)
	at java_programs.GCD.gcd(GCD.java:19)
	at java_programs.GCD.gcd(GCD.java:19)
	at java_programs.GCD.gcd(GCD.java:19)
	at java_programs.GCD.gcd(GCD.java:19)
	at java_programs.GCD.gcd(GCD.java:19)
	at java_programs.GCD.gcd(GCD.java:19)
	at java_programs.GCD.gcd(GCD.java:19)
	at java_programs.GCD.gcd(GCD.java:19)
	at java_programs.GCD.gcd(GCD.java:19)
	at java_programs.GCD.gcd(GCD.java:19)
	at java_programs.GCD.gcd(GCD.java:19)
	at java_programs.GCD.gcd(GCD.java:19)
	at java_programs.GCD.gcd(GCD.java:19)
	at java_programs.GCD.gcd(GCD.java:19)
	at java_programs.GCD.gcd(GCD.java:19)
	at java_programs.GCD.gcd(GCD.java:19)
	at java_programs.GCD.gcd(GCD.java:19)
	at java_programs.GCD.gcd(GCD.java:19)
	at java_programs.GCD.gcd(GCD.java:19)
	at java_programs.GCD.gcd(GCD.java:19)
	at java_programs.GCD.gcd(GCD.java:19)
	at java_programs.GCD.gcd(GCD.java:19)
	at java_programs.GCD.gcd(GCD.java:19)
	at java_programs.GCD.gcd(GCD.java:19)
	at java_programs.GCD.gcd(GCD.java:19)
	at java_programs.GCD.gcd(GCD.java:19)
	at java_programs.GCD.gcd(GCD.java:19)
	at java_programs.GCD.gcd(GCD.java:19)
	at java_programs.GCD.gcd(GCD.java:19)
	at java_programs.GCD.gcd(GCD.java:19)
	at java_programs.GCD.gcd(GCD.java:19)
	at java_programs.GCD.gcd(GCD.java:19)
	at java_programs.GCD.gcd(GCD.java:19)
	at java_programs.GCD.gcd(GCD.java:19)
	at java_programs.GCD.gcd(GCD.java:19)
	at java_programs.GCD.gcd(GCD.java:19)
	at java_programs.GCD.gcd(GCD.java:19)
	at java_programs.GCD.gcd(GCD.java:19)
	at java_programs.GCD.gcd(GCD.java:19)
	at java_programs.GCD.gcd(GCD.java:19)
	at java_programs.GCD.gcd(GCD.java:19)
	at java_programs.GCD.gcd(GCD.java:19)
	at java_programs.GCD.gcd(GCD.java:19)
	at java_programs.GCD.gcd(GCD.java:19)
	at java_programs.GCD.gcd(GCD.java:19)
	at java_programs.GCD.gcd(GCD.java:19)
	at java_programs.GCD.gcd(GCD.java:19)
	at java_programs.GCD.gcd(GCD.java:19)
	at java_programs.GCD.gcd(GCD.java:19)
	at java_programs.GCD.gcd(GCD.java:19)
	at java_programs.GCD.gcd(GCD.java:19)
	at java_programs.GCD.gcd(GCD.java:19)
	at java_programs.GCD.gcd(GCD.java:19)
	at java_programs.GCD.gcd(GCD.java:19)
	at java_programs.GCD.gcd(GCD.java:19)
	at java_programs.GCD.gcd(GCD.java:19)
	at java_programs.GCD.gcd(GCD.java:19)
	at java_programs.GCD.gcd(GCD.java:19)
	at java_programs.GCD.gcd(GCD.java:19)
	at java_programs.GCD.gcd(GCD.java:19)
	at java_programs.GCD.gcd(GCD.java:19)
	at java_programs.GCD.gcd(GCD.java:19)
	at java_programs.GCD.gcd(GCD.java:19)
	at java_programs.GCD.gcd(GCD.java:19)
	at java_programs.GCD.gcd(GCD.java:19)
	at java_programs.GCD.gcd(GCD.java:19)
	at java_programs.GCD.gcd(GCD.java:19)
	at java_programs.GCD.gcd(GCD.java:19)
	at java_programs.GCD.gcd(GCD.java:19)
	at java_programs.GCD.gcd(GCD.java:19)
	at java_programs.GCD.gcd(GCD.java:19)
	at java_programs.GCD.gcd(GCD.java:19)
	at java_programs.GCD.gcd(GCD.java:19)
	at java_programs.GCD.gcd(GCD.java:19)
	at java_programs.GCD.gcd(GCD.java:19)
	at java_programs.GCD.gcd(GCD.java:19)
	at java_programs.GCD.gcd(GCD.java:19)
	at java_programs.GCD.gcd(GCD.java:19)
	at java_programs.GCD.gcd(GCD.java:19)
	at java_programs.GCD.gcd(GCD.java:19)
	at java_programs.GCD.gcd(GCD.java:19)
	at java_programs.GCD.gcd(GCD.java:19)
	at java_programs.GCD.gcd(GCD.java:19)
	at java_programs.GCD.gcd(GCD.java:19)
	at java_programs.GCD.gcd(GCD.java:19)
	at java_programs.GCD.gcd(GCD.java:19)
	at java_programs.GCD.gcd(GCD.java:19)
	at java_programs.GCD.gcd(GCD.java:19)
	at java_programs.GCD.gcd(GCD.java:19)
	at java_programs.GCD.gcd(GCD.java:19)
	at java_programs.GCD.gcd(GCD.java:19)
	at java_programs.GCD.gcd(GCD.java:19)
	at java_programs.GCD.gcd(GCD.java:19)
	at java_programs.GCD.gcd(GCD.java:19)
	at java_programs.GCD.gcd(GCD.java:19)
	at java_programs.GCD.gcd(GCD.java:19)
	at java_programs.GCD.gcd(GCD.java:19)
	at java_programs.GCD.gcd(GCD.java:19)
	at java_programs.GCD.gcd(GCD.java:19)
	at java_programs.GCD.gcd(GCD.java:19)
	at java_programs.GCD.gcd(GCD.java:19)
	at java_programs.GCD.gcd(GCD.java:19)
	at java_programs.GCD.gcd(GCD.java:19)
	at java_programs.GCD.gcd(GCD.java:19)
	at java_programs.GCD.gcd(GCD.java:19)
	at java_programs.GCD.gcd(GCD.java:19)
	at java_programs.GCD.gcd(GCD.java:19)
	at java_programs.GCD.gcd(GCD.java:19)
	at java_programs.GCD.gcd(GCD.java:19)
	at java_programs.GCD.gcd(GCD.java:19)
	at java_programs.GCD.gcd(GCD.java:19)
	at java_programs.GCD.gcd(GCD.java:19)
	at java_programs.GCD.gcd(GCD.java:19)
	at java_programs.GCD.gcd(GCD.java:19)
	at java_programs.GCD.gcd(GCD.java:19)
	at java_programs.GCD.gcd(GCD.java:19)
	at java_programs.GCD.gcd(GCD.java:19)
	at java_programs.GCD.gcd(GCD.java:19)
	at java_programs.GCD.gcd(GCD.java:19)
	at java_programs.GCD.gcd(GCD.java:19)
	at java_programs.GCD.gcd(GCD.java:19)
	at java_programs.GCD.gcd(GCD.java:19)
	at java_programs.GCD.gcd(GCD.java:19)
	at java_programs.GCD.gcd(GCD.java:19)
	at java_programs.GCD.gcd(GCD.java:19)
	at java_programs.GCD.gcd(GCD.java:19)
	at java_programs.GCD.gcd(GCD.java:19)
	at java_programs.GCD.gcd(GCD.java:19)
	at java_programs.GCD.gcd(GCD.java:19)
	at java_programs.GCD.gcd(GCD.java:19)
	at java_programs.GCD.gcd(GCD.java:19)
	at java_programs.GCD.gcd(GCD.java:19)
	at java_programs.GCD.gcd(GCD.java:19)
	at java_programs.GCD.gcd(GCD.java:19)
	at java_programs.GCD.gcd(GCD.java:19)
	at java_programs.GCD.gcd(GCD.java:19)
	at java_programs.GCD.gcd(GCD.java:19)
	at java_programs.GCD.gcd(GCD.java:19)
	at java_programs.GCD.gcd(GCD.java:19)
	at java_programs.GCD.gcd(GCD.java:19)
	at java_programs.GCD.gcd(GCD.java:19)
	at java_programs.GCD.gcd(GCD.java:19)
	at java_programs.GCD.gcd(GCD.java:19)
	at java_programs.GCD.gcd(GCD.java:19)
	at java_programs.GCD.gcd(GCD.java:19)
	at java_programs.GCD.gcd(GCD.java:19)
	at java_programs.GCD.gcd(GCD.java:19)
	at java_programs.GCD.gcd(GCD.java:19)
	at java_programs.GCD.gcd(GCD.java:19)
	at java_programs.GCD.gcd(GCD.java:19)
	at java_programs.GCD.gcd(GCD.java:19)
	at java_programs.GCD.gcd(GCD.java:19)
	at java_programs.GCD.gcd(GCD.java:19)
	at java_programs.GCD.gcd(GCD.java:19)
	at java_programs.GCD.gcd(GCD.java:19)
	at java_programs.GCD.gcd(GCD.java:19)
	at java_programs.GCD.gcd(GCD.java:19)
	at java_programs.GCD.gcd(GCD.java:19)
	at java_programs.GCD.gcd(GCD.java:19)
	at java_programs.GCD.gcd(GCD.java:19)
	at java_programs.GCD.gcd(GCD.java:19)
	at java_programs.GCD.gcd(GCD.java:19)
	at java_programs.GCD.gcd(GCD.java:19)
	at java_programs.GCD.gcd(GCD.java:19)
	at java_programs.GCD.gcd(GCD.java:19)
	at java_programs.GCD.gcd(GCD.java:19)
	at java_programs.GCD.gcd(GCD.java:19)
	at java_programs.GCD.gcd(GCD.java:19)
	at java_programs.GCD.gcd(GCD.java:19)
	at java_programs.GCD.gcd(GCD.java:19)
	at java_programs.GCD.gcd(GCD.java:19)
	at java_programs.GCD.gcd(GCD.java:19)
	at java_programs.GCD.gcd(GCD.java:19)
	at java_programs.GCD.gcd(GCD.java:19)
	at java_programs.GCD.gcd(GCD.java:19)
	at java_programs.GCD.gcd(GCD.java:19)
	at java_programs.GCD.gcd(GCD.java:19)
	at java_programs.GCD.gcd(GCD.java:19)
	at java_programs.GCD.gcd(GCD.java:19)
	at java_programs.GCD.gcd(GCD.java:19)
	at java_programs.GCD.gcd(GCD.java:19)
	at java_programs.GCD.gcd(GCD.java:19)
	at java_programs.GCD.gcd(GCD.java:19)
	at java_programs.GCD.gcd(GCD.java:19)
	at java_programs.GCD.gcd(GCD.java:19)
	at java_programs.GCD.gcd(GCD.java:19)
	at java_programs.GCD.gcd(GCD.java:19)
	at java_programs.GCD.gcd(GCD.java:19)
	at java_programs.GCD.gcd(GCD.java:19)
	at java_programs.GCD.gcd(GCD.java:19)
	at java_programs.GCD.gcd(GCD.java:19)
	at java_programs.GCD.gcd(GCD.java:19)
	at java_programs.GCD.gcd(GCD.java:19)
	at java_programs.GCD.gcd(GCD.java:19)
	at java_programs.GCD.gcd(GCD.java:19)
	at java_programs.GCD.gcd(GCD.java:19)
	at java_programs.GCD.gcd(GCD.java:19)
	at java_programs.GCD.gcd(GCD.java:19)
	at java_programs.GCD.gcd(GCD.java:19)
	at java_programs.GCD.gcd(GCD.java:19)
	at java_programs.GCD.gcd(GCD.java:19)
	at java_programs.GCD.gcd(GCD.java:19)
	at java_programs.GCD.gcd(GCD.java:19)
	at java_programs.GCD.gcd(GCD.java:19)
	at java_programs.GCD.gcd(GCD.java:19)
	at java_programs.GCD.gcd(GCD.java:19)
	at java_programs.GCD.gcd(GCD.java:19)
	at java_programs.GCD.gcd(GCD.java:19)
	at java_programs.GCD.gcd(GCD.java:19)
	at java_programs.GCD.gcd(GCD.java:19)
	at java_programs.GCD.gcd(GCD.java:19)
	at java_programs.GCD.gcd(GCD.java:19)
	at java_programs.GCD.gcd(GCD.java:19)
	at java_programs.GCD.gcd(GCD.java:19)
	at java_programs.GCD.gcd(GCD.java:19)
	at java_programs.GCD.gcd(GCD.java:19)
	at java_programs.GCD.gcd(GCD.java:19)
	at java_programs.GCD.gcd(GCD.java:19)
	at java_programs.GCD.gcd(GCD.java:19)
	at java_programs.GCD.gcd(GCD.java:19)
	at java_programs.GCD.gcd(GCD.java:19)
	at java_programs.GCD.gcd(GCD.java:19)
	at java_programs.GCD.gcd(GCD.java:19)
	at java_programs.GCD.gcd(GCD.java:19)
	at java_programs.GCD.gcd(GCD.java:19)
	at java_programs.GCD.gcd(GCD.java:19)
	at java_programs.GCD.gcd(GCD.java:19)
	at java_programs.GCD.gcd(GCD.java:19)
	at java_programs.GCD.gcd(GCD.java:19)
	at java_programs.GCD.gcd(GCD.java:19)
	at java_programs.GCD.gcd(GCD.java:19)
	at java_programs.GCD.gcd(GCD.java:19)
	at java_programs.GCD.gcd(GCD.java:19)
	at java_programs.GCD.gcd(GCD.java:19)
	at java_programs.GCD.gcd(GCD.java:19)
	at java_programs.GCD.gcd(GCD.java:19)
	at java_programs.GCD.gcd(GCD.java:19)
	at java_programs.GCD.gcd(GCD.java:19)
	at java_programs.GCD.gcd(GCD.java:19)
	at java_programs.GCD.gcd(GCD.java:19)
	at java_programs.GCD.gcd(GCD.java:19)
	at java_programs.GCD.gcd(GCD.java:19)
	at java_programs.GCD.gcd(GCD.java:19)
	at java_programs.GCD.gcd(GCD.java:19)
	at java_programs.GCD.gcd(GCD.java:19)
	at java_programs.GCD.gcd(GCD.java:19)
	at java_programs.GCD.gcd(GCD.java:19)
	at java_programs.GCD.gcd(GCD.java:19)
	at java_programs.GCD.gcd(GCD.java:19)
	at java_programs.GCD.gcd(GCD.java:19)
	at java_programs.GCD.gcd(GCD.java:19)
	at java_programs.GCD.gcd(GCD.java:19)
	at java_programs.GCD.gcd(GCD.java:19)
	at java_programs.GCD.gcd(GCD.java:19)
	at java_programs.GCD.gcd(GCD.java:19)
	at java_programs.GCD.gcd(GCD.java:19)
	at java_programs.GCD.gcd(GCD.java:19)
	at java_programs.GCD.gcd(GCD.java:19)
	at java_programs.GCD.gcd(GCD.java:19)
	at java_programs.GCD.gcd(GCD.java:19)
	at java_programs.GCD.gcd(GCD.java:19)
	at java_programs.GCD.gcd(GCD.java:19)
	at java_programs.GCD.gcd(GCD.java:19)
	at java_programs.GCD.gcd(GCD.java:19)
	at java_programs.GCD.gcd(GCD.java:19)
	at java_programs.GCD.gcd(GCD.java:19)
	at java_programs.GCD.gcd(GCD.java:19)
	at java_programs.GCD.gcd(GCD.java:19)
	at java_programs.GCD.gcd(GCD.java:19)
	at java_programs.GCD.gcd(GCD.java:19)
	at java_programs.GCD.gcd(GCD.java:19)
	at java_programs.GCD.gcd(GCD.java:19)
	at java_programs.GCD.gcd(GCD.java:19)
	at java_programs.GCD.gcd(GCD.java:19)
	at java_programs.GCD.gcd(GCD.java:19)
	at java_programs.GCD.gcd(GCD.java:19)
	at java_programs.GCD.gcd(GCD.java:19)
	at java_programs.GCD.gcd(GCD.java:19)
	at java_programs.GCD.gcd(GCD.java:19)
	at java_programs.GCD.gcd(GCD.java:19)
	at java_programs.GCD.gcd(GCD.java:19)
	at java_programs.GCD.gcd(GCD.java:19)
	at java_programs.GCD.gcd(GCD.java:19)
	at java_programs.GCD.gcd(GCD.java:19)
	at java_programs.GCD.gcd(GCD.java:19)
	at java_programs.GCD.gcd(GCD.java:19)
	at java_programs.GCD.gcd(GCD.java:19)
	at java_programs.GCD.gcd(GCD.java:19)
	at java_programs.GCD.gcd(GCD.java:19)
	at java_programs.GCD.gcd(GCD.java:19)
	at java_programs.GCD.gcd(GCD.java:19)
	at java_programs.GCD.gcd(GCD.java:19)
	at java_programs.GCD.gcd(GCD.java:19)
	at java_programs.GCD.gcd(GCD.java:19)
	at java_programs.GCD.gcd(GCD.java:19)
	at java_programs.GCD.gcd(GCD.java:19)
	at java_programs.GCD.gcd(GCD.java:19)
	at java_programs.GCD.gcd(GCD.java:19)
	at java_programs.GCD.gcd(GCD.java:19)
	at java_programs.GCD.gcd(GCD.java:19)
	at java_programs.GCD.gcd(GCD.java:19)
	at java_programs.GCD.gcd(GCD.java:19)
	at java_programs.GCD.gcd(GCD.java:19)
	at java_programs.GCD.gcd(GCD.java:19)
	at java_programs.GCD.gcd(GCD.java:19)
	at java_programs.GCD.gcd(GCD.java:19)
	at java_programs.GCD.gcd(GCD.java:19)
	at java_programs.GCD.gcd(GCD.java:19)
	at java_programs.GCD.gcd(GCD.java:19)
	at java_programs.GCD.gcd(GCD.java:19)
	at java_programs.GCD.gcd(GCD.java:19)
	at java_programs.GCD.gcd(GCD.java:19)
	at java_programs.GCD.gcd(GCD.java:19)
	at java_programs.GCD.gcd(GCD.java:19)
	at java_programs.GCD.gcd(GCD.java:19)
	at java_programs.GCD.gcd(GCD.java:19)
	at java_programs.GCD.gcd(GCD.java:19)
	at java_programs.GCD.gcd(GCD.java:19)
	at java_programs.GCD.gcd(GCD.java:19)
	at java_programs.GCD.gcd(GCD.java:19)
	at java_programs.GCD.gcd(GCD.java:19)
	at java_programs.GCD.gcd(GCD.java:19)
	at java_programs.GCD.gcd(GCD.java:19)
	at java_programs.GCD.gcd(GCD.java:19)
	at java_programs.GCD.gcd(GCD.java:19)
	at java_programs.GCD.gcd(GCD.java:19)
	at java_programs.GCD.gcd(GCD.java:19)
	at java_programs.GCD.gcd(GCD.java:19)
	at java_programs.GCD.gcd(GCD.java:19)
	at java_programs.GCD.gcd(GCD.java:19)
	at java_programs.GCD.gcd(GCD.java:19)
	at java_programs.GCD.gcd(GCD.java:19)
	at java_programs.GCD.gcd(GCD.java:19)
	at java_programs.GCD.gcd(GCD.java:19)
	at java_programs.GCD.gcd(GCD.java:19)
	at java_programs.GCD.gcd(GCD.java:19)
	at java_programs.GCD.gcd(GCD.java:19)
	at java_programs.GCD.gcd(GCD.java:19)
	at java_programs.GCD.gcd(GCD.java:19)
	at java_programs.GCD.gcd(GCD.java:19)
	at java_programs.GCD.gcd(GCD.java:19)
	at java_programs.GCD.gcd(GCD.java:19)
	at java_programs.GCD.gcd(GCD.java:19)
	at java_programs.GCD.gcd(GCD.java:19)
	at java_programs.GCD.gcd(GCD.java:19)
	at java_programs.GCD.gcd(GCD.java:19)
	at java_programs.GCD.gcd(GCD.java:19)
	at java_programs.GCD.gcd(GCD.java:19)
	at java_programs.GCD.gcd(GCD.java:19)
	at java_programs.GCD.gcd(GCD.java:19)
	at java_programs.GCD.gcd(GCD.java:19)
	at java_programs.GCD.gcd(GCD.java:19)
	at java_programs.GCD.gcd(GCD.java:19)
	at java_programs.GCD.gcd(GCD.java:19)
	at java_programs.GCD.gcd(GCD.java:19)
	at java_programs.GCD.gcd(GCD.java:19)
	at java_programs.GCD.gcd(GCD.java:19)
	at java_programs.GCD.gcd(GCD.java:19)
	at java_programs.GCD.gcd(GCD.java:19)
	at java_programs.GCD.gcd(GCD.java:19)
	at java_programs.GCD.gcd(GCD.java:19)
	at java_programs.GCD.gcd(GCD.java:19)
	at java_programs.GCD.gcd(GCD.java:19)
	at java_programs.GCD.gcd(GCD.java:19)
	at java_programs.GCD.gcd(GCD.java:19)
	at java_programs.GCD.gcd(GCD.java:19)
	at java_programs.GCD.gcd(GCD.java:19)
	at java_programs.GCD.gcd(GCD.java:19)
	at java_programs.GCD.gcd(GCD.java:19)
	at java_programs.GCD.gcd(GCD.java:19)
	at java_programs.GCD.gcd(GCD.java:19)
	at java_programs.GCD.gcd(GCD.java:19)
	at java_programs.GCD.gcd(GCD.java:19)
	at java_programs.GCD.gcd(GCD.java:19)
	at java_programs.GCD.gcd(GCD.java:19)
	at java_programs.GCD.gcd(GCD.java:19)
	at java_programs.GCD.gcd(GCD.java:19)
	at java_programs.GCD.gcd(GCD.java:19)
	at java_programs.GCD.gcd(GCD.java:19)
	at java_programs.GCD.gcd(GCD.java:19)
	at java_programs.GCD.gcd(GCD.java:19)
	at java_programs.GCD.gcd(GCD.java:19)
	at java_programs.GCD.gcd(GCD.java:19)
	at java_programs.GCD.gcd(GCD.java:19)
	at java_programs.GCD.gcd(GCD.java:19)
	at java_programs.GCD.gcd(GCD.java:19)
	at java_programs.GCD.gcd(GCD.java:19)
	at java_programs.GCD.gcd(GCD.java:19)
	at java_programs.GCD.gcd(GCD.java:19)
	at java_programs.GCD.gcd(GCD.java:19)
	at java_programs.GCD.gcd(GCD.java:19)
	at java_programs.GCD.gcd(GCD.java:19)
	at java_programs.GCD.gcd(GCD.java:19)
	at java_programs.GCD.gcd(GCD.java:19)
	at java_programs.GCD.gcd(GCD.java:19)
	at java_programs.GCD.gcd(GCD.java:19)
	at java_programs.GCD.gcd(GCD.java:19)
	at java_programs.GCD.gcd(GCD.java:19)
	at java_programs.GCD.gcd(GCD.java:19)
	at java_programs.GCD.gcd(GCD.java:19)
	at java_programs.GCD.gcd(GCD.java:19)
	at java_programs.GCD.gcd(GCD.java:19)
	at java_programs.GCD.gcd(GCD.java:19)
	at java_programs.GCD.gcd(GCD.java:19)
	at java_programs.GCD.gcd(GCD.java:19)
	at java_programs.GCD.gcd(GCD.java:19)
	at java_programs.GCD.gcd(GCD.java:19)
	at java_programs.GCD.gcd(GCD.java:19)
	at java_programs.GCD.gcd(GCD.java:19)
	at java_programs.GCD.gcd(GCD.java:19)
	at java_programs.GCD.gcd(GCD.java:19)
	at java_programs.GCD.gcd(GCD.java:19)
	at java_programs.GCD.gcd(GCD.java:19)
	at java_programs.GCD.gcd(GCD.java:19)
	at java_programs.GCD.gcd(GCD.java:19)
	at java_programs.GCD.gcd(GCD.java:19)
	at java_programs.GCD.gcd(GCD.java:19)
	at java_programs.GCD.gcd(GCD.java:19)
	at java_programs.GCD.gcd(GCD.java:19)
	at java_programs.GCD.gcd(GCD.java:19)
	at java_programs.GCD.gcd(GCD.java:19)
	at java_programs.GCD.gcd(GCD.java:19)
	at java_programs.GCD.gcd(GCD.java:19)
	at java_programs.GCD.gcd(GCD.java:19)
	at java_programs.GCD.gcd(GCD.java:19)
	at java_programs.GCD.gcd(GCD.java:19)
	at java_programs.GCD.gcd(GCD.java:19)
	at java_programs.GCD.gcd(GCD.java:19)
	at java_programs.GCD.gcd(GCD.java:19)
	at java_programs.GCD.gcd(GCD.java:19)
	at java_programs.GCD.gcd(GCD.java:19)
	at java_programs.GCD.gcd(GCD.java:19)
	at java_programs.GCD.gcd(GCD.java:19)
	at java_programs.GCD.gcd(GCD.java:19)
	at java_programs.GCD.gcd(GCD.java:19)
	at java_programs.GCD.gcd(GCD.java:19)
	at java_programs.GCD.gcd(GCD.java:19)
	at java_programs.GCD.gcd(GCD.java:19)
	at java_programs.GCD.gcd(GCD.java:19)
	at java_programs.GCD.gcd(GCD.java:19)
	at java_programs.GCD.gcd(GCD.java:19)
	at java_programs.GCD.gcd(GCD.java:19)
	at java_programs.GCD.gcd(GCD.java:19)
	at java_programs.GCD.gcd(GCD.java:19)
	at java_programs.GCD.gcd(GCD.java:19)
	at java_programs.GCD.gcd(GCD.java:19)
	at java_programs.GCD.gcd(GCD.java:19)
	at java_programs.GCD.gcd(GCD.java:19)
	at java_programs.GCD.gcd(GCD.java:19)
	at java_programs.GCD.gcd(GCD.java:19)
	at java_programs.GCD.gcd(GCD.java:19)
	at java_programs.GCD.gcd(GCD.java:19)
	at java_programs.GCD.gcd(GCD.java:19)
	at java_programs.GCD.gcd(GCD.java:19)
	at java_programs.GCD.gcd(GCD.java:19)
	at java_programs.GCD.gcd(GCD.java:19)
	at java_programs.GCD.gcd(GCD.java:19)
	at java_programs.GCD.gcd(GCD.java:19)
	at java_programs.GCD.gcd(GCD.java:19)
	at java_programs.GCD.gcd(GCD.java:19)
	at java_programs.GCD.gcd(GCD.java:19)
	at java_programs.GCD.gcd(GCD.java:19)
	at java_programs.GCD.gcd(GCD.java:19)
	at java_programs.GCD.gcd(GCD.java:19)
	at java_programs.GCD.gcd(GCD.java:19)
	at java_programs.GCD.gcd(GCD.java:19)
	at java_programs.GCD.gcd(GCD.java:19)
	at java_programs.GCD.gcd(GCD.java:19)
	at java_programs.GCD.gcd(GCD.java:19)
	at java_programs.GCD.gcd(GCD.java:19)
	at java_programs.GCD.gcd(GCD.java:19)
	at java_programs.GCD.gcd(GCD.java:19)
	at java_programs.GCD.gcd(GCD.java:19)
	at java_programs.GCD.gcd(GCD.java:19)
	at java_programs.GCD.gcd(GCD.java:19)
	at java_programs.GCD.gcd(GCD.java:19)
	at java_programs.GCD.gcd(GCD.java:19)
	at java_programs.GCD.gcd(GCD.java:19)
	at java_programs.GCD.gcd(GCD.java:19)
	at java_programs.GCD.gcd(GCD.java:19)
	at java_programs.GCD.gcd(GCD.java:19)
	at java_programs.GCD.gcd(GCD.java:19)
	at java_programs.GCD.gcd(GCD.java:19)
	at java_programs.GCD.gcd(GCD.java:19)
	at java_programs.GCD.gcd(GCD.java:19)
	at java_programs.GCD.gcd(GCD.java:19)
	at java_programs.GCD.gcd(GCD.java:19)
	at java_programs.GCD.gcd(GCD.java:19)
	at java_programs.GCD.gcd(GCD.java:19)
	at java_programs.GCD.gcd(GCD.java:19)
	at java_programs.GCD.gcd(GCD.java:19)
	at java_programs.GCD.gcd(GCD.java:19)
	at java_programs.GCD.gcd(GCD.java:19)
	at java_programs.GCD.gcd(GCD.java:19)
	at java_programs.GCD.gcd(GCD.java:19)
	at java_programs.GCD.gcd(GCD.java:19)
	at java_programs.GCD.gcd(GCD.java:19)
	at java_programs.GCD.gcd(GCD.java:19)
	at java_programs.GCD.gcd(GCD.java:19)
	at java_programs.GCD.gcd(GCD.java:19)
	at java_programs.GCD.gcd(GCD.java:19)
	at java_programs.GCD.gcd(GCD.java:19)
	at java_programs.GCD.gcd(GCD.java:19)
	at java_programs.GCD.gcd(GCD.java:19)
	at java_programs.GCD.gcd(GCD.java:19)
	at java_programs.GCD.gcd(GCD.java:19)
	at java_programs.GCD.gcd(GCD.java:19)
	at java_programs.GCD.gcd(GCD.java:19)
	at java_programs.GCD.gcd(GCD.java:19)
</failure>
  </testcase>
  <testcase name="test_2" classname="java_testcases.junit.GCD_TEST" time="0.007">
    <failure message="java.lang.StackOverflowError" type="java.lang.StackOverflowError">java.lang.StackOverflowError
	at java_programs.GCD.gcd(GCD.java:19)
	at java_programs.GCD.gcd(GCD.java:19)
	at java_programs.GCD.gcd(GCD.java:19)
	at java_programs.GCD.gcd(GCD.java:19)
	at java_programs.GCD.gcd(GCD.java:19)
	at java_programs.GCD.gcd(GCD.java:19)
	at java_programs.GCD.gcd(GCD.java:19)
	at java_programs.GCD.gcd(GCD.java:19)
	at java_programs.GCD.gcd(GCD.java:19)
	at java_programs.GCD.gcd(GCD.java:19)
	at java_programs.GCD.gcd(GCD.java:19)
	at java_programs.GCD.gcd(GCD.java:19)
	at java_programs.GCD.gcd(GCD.java:19)
	at java_programs.GCD.gcd(GCD.java:19)
	at java_programs.GCD.gcd(GCD.java:19)
	at java_programs.GCD.gcd(GCD.java:19)
	at java_programs.GCD.gcd(GCD.java:19)
	at java_programs.GCD.gcd(GCD.java:19)
	at java_programs.GCD.gcd(GCD.java:19)
	at java_programs.GCD.gcd(GCD.java:19)
	at java_programs.GCD.gcd(GCD.java:19)
	at java_programs.GCD.gcd(GCD.java:19)
	at java_programs.GCD.gcd(GCD.java:19)
	at java_programs.GCD.gcd(GCD.java:19)
	at java_programs.GCD.gcd(GCD.java:19)
	at java_programs.GCD.gcd(GCD.java:19)
	at java_programs.GCD.gcd(GCD.java:19)
	at java_programs.GCD.gcd(GCD.java:19)
	at java_programs.GCD.gcd(GCD.java:19)
	at java_programs.GCD.gcd(GCD.java:19)
	at java_programs.GCD.gcd(GCD.java:19)
	at java_programs.GCD.gcd(GCD.java:19)
	at java_programs.GCD.gcd(GCD.java:19)
	at java_programs.GCD.gcd(GCD.java:19)
	at java_programs.GCD.gcd(GCD.java:19)
	at java_programs.GCD.gcd(GCD.java:19)
	at java_programs.GCD.gcd(GCD.java:19)
	at java_programs.GCD.gcd(GCD.java:19)
	at java_programs.GCD.gcd(GCD.java:19)
	at java_programs.GCD.gcd(GCD.java:19)
	at java_programs.GCD.gcd(GCD.java:19)
	at java_programs.GCD.gcd(GCD.java:19)
	at java_programs.GCD.gcd(GCD.java:19)
	at java_programs.GCD.gcd(GCD.java:19)
	at java_programs.GCD.gcd(GCD.java:19)
	at java_programs.GCD.gcd(GCD.java:19)
	at java_programs.GCD.gcd(GCD.java:19)
	at java_programs.GCD.gcd(GCD.java:19)
	at java_programs.GCD.gcd(GCD.java:19)
	at java_programs.GCD.gcd(GCD.java:19)
	at java_programs.GCD.gcd(GCD.java:19)
	at java_programs.GCD.gcd(GCD.java:19)
	at java_programs.GCD.gcd(GCD.java:19)
	at java_programs.GCD.gcd(GCD.java:19)
	at java_programs.GCD.gcd(GCD.java:19)
	at java_programs.GCD.gcd(GCD.java:19)
	at java_programs.GCD.gcd(GCD.java:19)
	at java_programs.GCD.gcd(GCD.java:19)
	at java_programs.GCD.gcd(GCD.java:19)
	at java_programs.GCD.gcd(GCD.java:19)
	at java_programs.GCD.gcd(GCD.java:19)
	at java_programs.GCD.gcd(GCD.java:19)
	at java_programs.GCD.gcd(GCD.java:19)
	at java_programs.GCD.gcd(GCD.java:19)
	at java_programs.GCD.gcd(GCD.java:19)
	at java_programs.GCD.gcd(GCD.java:19)
	at java_programs.GCD.gcd(GCD.java:19)
	at java_programs.GCD.gcd(GCD.java:19)
	at java_programs.GCD.gcd(GCD.java:19)
	at java_programs.GCD.gcd(GCD.java:19)
	at java_programs.GCD.gcd(GCD.java:19)
	at java_programs.GCD.gcd(GCD.java:19)
	at java_programs.GCD.gcd(GCD.java:19)
	at java_programs.GCD.gcd(GCD.java:19)
	at java_programs.GCD.gcd(GCD.java:19)
	at java_programs.GCD.gcd(GCD.java:19)
	at java_programs.GCD.gcd(GCD.java:19)
	at java_programs.GCD.gcd(GCD.java:19)
	at java_programs.GCD.gcd(GCD.java:19)
	at java_programs.GCD.gcd(GCD.java:19)
	at java_programs.GCD.gcd(GCD.java:19)
	at java_programs.GCD.gcd(GCD.java:19)
	at java_programs.GCD.gcd(GCD.java:19)
	at java_programs.GCD.gcd(GCD.java:19)
	at java_programs.GCD.gcd(GCD.java:19)
	at java_programs.GCD.gcd(GCD.java:19)
	at java_programs.GCD.gcd(GCD.java:19)
	at java_programs.GCD.gcd(GCD.java:19)
	at java_programs.GCD.gcd(GCD.java:19)
	at java_programs.GCD.gcd(GCD.java:19)
	at java_programs.GCD.gcd(GCD.java:19)
	at java_programs.GCD.gcd(GCD.java:19)
	at java_programs.GCD.gcd(GCD.java:19)
	at java_programs.GCD.gcd(GCD.java:19)
	at java_programs.GCD.gcd(GCD.java:19)
	at java_programs.GCD.gcd(GCD.java:19)
	at java_programs.GCD.gcd(GCD.java:19)
	at java_programs.GCD.gcd(GCD.java:19)
	at java_programs.GCD.gcd(GCD.java:19)
	at java_programs.GCD.gcd(GCD.java:19)
	at java_programs.GCD.gcd(GCD.java:19)
	at java_programs.GCD.gcd(GCD.java:19)
	at java_programs.GCD.gcd(GCD.java:19)
	at java_programs.GCD.gcd(GCD.java:19)
	at java_programs.GCD.gcd(GCD.java:19)
	at java_programs.GCD.gcd(GCD.java:19)
	at java_programs.GCD.gcd(GCD.java:19)
	at java_programs.GCD.gcd(GCD.java:19)
	at java_programs.GCD.gcd(GCD.java:19)
	at java_programs.GCD.gcd(GCD.java:19)
	at java_programs.GCD.gcd(GCD.java:19)
	at java_programs.GCD.gcd(GCD.java:19)
	at java_programs.GCD.gcd(GCD.java:19)
	at java_programs.GCD.gcd(GCD.java:19)
	at java_programs.GCD.gcd(GCD.java:19)
	at java_programs.GCD.gcd(GCD.java:19)
	at java_programs.GCD.gcd(GCD.java:19)
	at java_programs.GCD.gcd(GCD.java:19)
	at java_programs.GCD.gcd(GCD.java:19)
	at java_programs.GCD.gcd(GCD.java:19)
	at java_programs.GCD.gcd(GCD.java:19)
	at java_programs.GCD.gcd(GCD.java:19)
	at java_programs.GCD.gcd(GCD.java:19)
	at java_programs.GCD.gcd(GCD.java:19)
	at java_programs.GCD.gcd(GCD.java:19)
	at java_programs.GCD.gcd(GCD.java:19)
	at java_programs.GCD.gcd(GCD.java:19)
	at java_programs.GCD.gcd(GCD.java:19)
	at java_programs.GCD.gcd(GCD.java:19)
	at java_programs.GCD.gcd(GCD.java:19)
	at java_programs.GCD.gcd(GCD.java:19)
	at java_programs.GCD.gcd(GCD.java:19)
	at java_programs.GCD.gcd(GCD.java:19)
	at java_programs.GCD.gcd(GCD.java:19)
	at java_programs.GCD.gcd(GCD.java:19)
	at java_programs.GCD.gcd(GCD.java:19)
	at java_programs.GCD.gcd(GCD.java:19)
	at java_programs.GCD.gcd(GCD.java:19)
	at java_programs.GCD.gcd(GCD.java:19)
	at java_programs.GCD.gcd(GCD.java:19)
	at java_programs.GCD.gcd(GCD.java:19)
	at java_programs.GCD.gcd(GCD.java:19)
	at java_programs.GCD.gcd(GCD.java:19)
	at java_programs.GCD.gcd(GCD.java:19)
	at java_programs.GCD.gcd(GCD.java:19)
	at java_programs.GCD.gcd(GCD.java:19)
	at java_programs.GCD.gcd(GCD.java:19)
	at java_programs.GCD.gcd(GCD.java:19)
	at java_programs.GCD.gcd(GCD.java:19)
	at java_programs.GCD.gcd(GCD.java:19)
	at java_programs.GCD.gcd(GCD.java:19)
	at java_programs.GCD.gcd(GCD.java:19)
	at java_programs.GCD.gcd(GCD.java:19)
	at java_programs.GCD.gcd(GCD.java:19)
	at java_programs.GCD.gcd(GCD.java:19)
	at java_programs.GCD.gcd(GCD.java:19)
	at java_programs.GCD.gcd(GCD.java:19)
	at java_programs.GCD.gcd(GCD.java:19)
	at java_programs.GCD.gcd(GCD.java:19)
	at java_programs.GCD.gcd(GCD.java:19)
	at java_programs.GCD.gcd(GCD.java:19)
	at java_programs.GCD.gcd(GCD.java:19)
	at java_programs.GCD.gcd(GCD.java:19)
	at java_programs.GCD.gcd(GCD.java:19)
	at java_programs.GCD.gcd(GCD.java:19)
	at java_programs.GCD.gcd(GCD.java:19)
	at java_programs.GCD.gcd(GCD.java:19)
	at java_programs.GCD.gcd(GCD.java:19)
	at java_programs.GCD.gcd(GCD.java:19)
	at java_programs.GCD.gcd(GCD.java:19)
	at java_programs.GCD.gcd(GCD.java:19)
	at java_programs.GCD.gcd(GCD.java:19)
	at java_programs.GCD.gcd(GCD.java:19)
	at java_programs.GCD.gcd(GCD.java:19)
	at java_programs.GCD.gcd(GCD.java:19)
	at java_programs.GCD.gcd(GCD.java:19)
	at java_programs.GCD.gcd(GCD.java:19)
	at java_programs.GCD.gcd(GCD.java:19)
	at java_programs.GCD.gcd(GCD.java:19)
	at java_programs.GCD.gcd(GCD.java:19)
	at java_programs.GCD.gcd(GCD.java:19)
	at java_programs.GCD.gcd(GCD.java:19)
	at java_programs.GCD.gcd(GCD.java:19)
	at java_programs.GCD.gcd(GCD.java:19)
	at java_programs.GCD.gcd(GCD.java:19)
	at java_programs.GCD.gcd(GCD.java:19)
	at java_programs.GCD.gcd(GCD.java:19)
	at java_programs.GCD.gcd(GCD.java:19)
	at java_programs.GCD.gcd(GCD.java:19)
	at java_programs.GCD.gcd(GCD.java:19)
	at java_programs.GCD.gcd(GCD.java:19)
	at java_programs.GCD.gcd(GCD.java:19)
	at java_programs.GCD.gcd(GCD.java:19)
	at java_programs.GCD.gcd(GCD.java:19)
	at java_programs.GCD.gcd(GCD.java:19)
	at java_programs.GCD.gcd(GCD.java:19)
	at java_programs.GCD.gcd(GCD.java:19)
	at java_programs.GCD.gcd(GCD.java:19)
	at java_programs.GCD.gcd(GCD.java:19)
	at java_programs.GCD.gcd(GCD.java:19)
	at java_programs.GCD.gcd(GCD.java:19)
	at java_programs.GCD.gcd(GCD.java:19)
	at java_programs.GCD.gcd(GCD.java:19)
	at java_programs.GCD.gcd(GCD.java:19)
	at java_programs.GCD.gcd(GCD.java:19)
	at java_programs.GCD.gcd(GCD.java:19)
	at java_programs.GCD.gcd(GCD.java:19)
	at java_programs.GCD.gcd(GCD.java:19)
	at java_programs.GCD.gcd(GCD.java:19)
	at java_programs.GCD.gcd(GCD.java:19)
	at java_programs.GCD.gcd(GCD.java:19)
	at java_programs.GCD.gcd(GCD.java:19)
	at java_programs.GCD.gcd(GCD.java:19)
	at java_programs.GCD.gcd(GCD.java:19)
	at java_programs.GCD.gcd(GCD.java:19)
	at java_programs.GCD.gcd(GCD.java:19)
	at java_programs.GCD.gcd(GCD.java:19)
	at java_programs.GCD.gcd(GCD.java:19)
	at java_programs.GCD.gcd(GCD.java:19)
	at java_programs.GCD.gcd(GCD.java:19)
	at java_programs.GCD.gcd(GCD.java:19)
	at java_programs.GCD.gcd(GCD.java:19)
	at java_programs.GCD.gcd(GCD.java:19)
	at java_programs.GCD.gcd(GCD.java:19)
	at java_programs.GCD.gcd(GCD.java:19)
	at java_programs.GCD.gcd(GCD.java:19)
	at java_programs.GCD.gcd(GCD.java:19)
	at java_programs.GCD.gcd(GCD.java:19)
	at java_programs.GCD.gcd(GCD.java:19)
	at java_programs.GCD.gcd(GCD.java:19)
	at java_programs.GCD.gcd(GCD.java:19)
	at java_programs.GCD.gcd(GCD.java:19)
	at java_programs.GCD.gcd(GCD.java:19)
	at java_programs.GCD.gcd(GCD.java:19)
	at java_programs.GCD.gcd(GCD.java:19)
	at java_programs.GCD.gcd(GCD.java:19)
	at java_programs.GCD.gcd(GCD.java:19)
	at java_programs.GCD.gcd(GCD.java:19)
	at java_programs.GCD.gcd(GCD.java:19)
	at java_programs.GCD.gcd(GCD.java:19)
	at java_programs.GCD.gcd(GCD.java:19)
	at java_programs.GCD.gcd(GCD.java:19)
	at java_programs.GCD.gcd(GCD.java:19)
	at java_programs.GCD.gcd(GCD.java:19)
	at java_programs.GCD.gcd(GCD.java:19)
	at java_programs.GCD.gcd(GCD.java:19)
	at java_programs.GCD.gcd(GCD.java:19)
	at java_programs.GCD.gcd(GCD.java:19)
	at java_programs.GCD.gcd(GCD.java:19)
	at java_programs.GCD.gcd(GCD.java:19)
	at java_programs.GCD.gcd(GCD.java:19)
	at java_programs.GCD.gcd(GCD.java:19)
	at java_programs.GCD.gcd(GCD.java:19)
	at java_programs.GCD.gcd(GCD.java:19)
	at java_programs.GCD.gcd(GCD.java:19)
	at java_programs.GCD.gcd(GCD.java:19)
	at java_programs.GCD.gcd(GCD.java:19)
	at java_programs.GCD.gcd(GCD.java:19)
	at java_programs.GCD.gcd(GCD.java:19)
	at java_programs.GCD.gcd(GCD.java:19)
	at java_programs.GCD.gcd(GCD.java:19)
	at java_programs.GCD.gcd(GCD.java:19)
	at java_programs.GCD.gcd(GCD.java:19)
	at java_programs.GCD.gcd(GCD.java:19)
	at java_programs.GCD.gcd(GCD.java:19)
	at java_programs.GCD.gcd(GCD.java:19)
	at java_programs.GCD.gcd(GCD.java:19)
	at java_programs.GCD.gcd(GCD.java:19)
	at java_programs.GCD.gcd(GCD.java:19)
	at java_programs.GCD.gcd(GCD.java:19)
	at java_programs.GCD.gcd(GCD.java:19)
	at java_programs.GCD.gcd(GCD.java:19)
	at java_programs.GCD.gcd(GCD.java:19)
	at java_programs.GCD.gcd(GCD.java:19)
	at java_programs.GCD.gcd(GCD.java:19)
	at java_programs.GCD.gcd(GCD.java:19)
	at java_programs.GCD.gcd(GCD.java:19)
	at java_programs.GCD.gcd(GCD.java:19)
	at java_programs.GCD.gcd(GCD.java:19)
	at java_programs.GCD.gcd(GCD.java:19)
	at java_programs.GCD.gcd(GCD.java:19)
	at java_programs.GCD.gcd(GCD.java:19)
	at java_programs.GCD.gcd(GCD.java:19)
	at java_programs.GCD.gcd(GCD.java:19)
	at java_programs.GCD.gcd(GCD.java:19)
	at java_programs.GCD.gcd(GCD.java:19)
	at java_programs.GCD.gcd(GCD.java:19)
	at java_programs.GCD.gcd(GCD.java:19)
	at java_programs.GCD.gcd(GCD.java:19)
	at java_programs.GCD.gcd(GCD.java:19)
	at java_programs.GCD.gcd(GCD.java:19)
	at java_programs.GCD.gcd(GCD.java:19)
	at java_programs.GCD.gcd(GCD.java:19)
	at java_programs.GCD.gcd(GCD.java:19)
	at java_programs.GCD.gcd(GCD.java:19)
	at java_programs.GCD.gcd(GCD.java:19)
	at java_programs.GCD.gcd(GCD.java:19)
	at java_programs.GCD.gcd(GCD.java:19)
	at java_programs.GCD.gcd(GCD.java:19)
	at java_programs.GCD.gcd(GCD.java:19)
	at java_programs.GCD.gcd(GCD.java:19)
	at java_programs.GCD.gcd(GCD.java:19)
	at java_programs.GCD.gcd(GCD.java:19)
	at java_programs.GCD.gcd(GCD.java:19)
	at java_programs.GCD.gcd(GCD.java:19)
	at java_programs.GCD.gcd(GCD.java:19)
	at java_programs.GCD.gcd(GCD.java:19)
	at java_programs.GCD.gcd(GCD.java:19)
	at java_programs.GCD.gcd(GCD.java:19)
	at java_programs.GCD.gcd(GCD.java:19)
	at java_programs.GCD.gcd(GCD.java:19)
	at java_programs.GCD.gcd(GCD.java:19)
	at java_programs.GCD.gcd(GCD.java:19)
	at java_programs.GCD.gcd(GCD.java:19)
	at java_programs.GCD.gcd(GCD.java:19)
	at java_programs.GCD.gcd(GCD.java:19)
	at java_programs.GCD.gcd(GCD.java:19)
	at java_programs.GCD.gcd(GCD.java:19)
	at java_programs.GCD.gcd(GCD.java:19)
	at java_programs.GCD.gcd(GCD.java:19)
	at java_programs.GCD.gcd(GCD.java:19)
	at java_programs.GCD.gcd(GCD.java:19)
	at java_programs.GCD.gcd(GCD.java:19)
	at java_programs.GCD.gcd(GCD.java:19)
	at java_programs.GCD.gcd(GCD.java:19)
	at java_programs.GCD.gcd(GCD.java:19)
	at java_programs.GCD.gcd(GCD.java:19)
	at java_programs.GCD.gcd(GCD.java:19)
	at java_programs.GCD.gcd(GCD.java:19)
	at java_programs.GCD.gcd(GCD.java:19)
	at java_programs.GCD.gcd(GCD.java:19)
	at java_programs.GCD.gcd(GCD.java:19)
	at java_programs.GCD.gcd(GCD.java:19)
	at java_programs.GCD.gcd(GCD.java:19)
	at java_programs.GCD.gcd(GCD.java:19)
	at java_programs.GCD.gcd(GCD.java:19)
	at java_programs.GCD.gcd(GCD.java:19)
	at java_programs.GCD.gcd(GCD.java:19)
	at java_programs.GCD.gcd(GCD.java:19)
	at java_programs.GCD.gcd(GCD.java:19)
	at java_programs.GCD.gcd(GCD.java:19)
	at java_programs.GCD.gcd(GCD.java:19)
	at java_programs.GCD.gcd(GCD.java:19)
	at java_programs.GCD.gcd(GCD.java:19)
	at java_programs.GCD.gcd(GCD.java:19)
	at java_programs.GCD.gcd(GCD.java:19)
	at java_programs.GCD.gcd(GCD.java:19)
	at java_programs.GCD.gcd(GCD.java:19)
	at java_programs.GCD.gcd(GCD.java:19)
	at java_programs.GCD.gcd(GCD.java:19)
	at java_programs.GCD.gcd(GCD.java:19)
	at java_programs.GCD.gcd(GCD.java:19)
	at java_programs.GCD.gcd(GCD.java:19)
	at java_programs.GCD.gcd(GCD.java:19)
	at java_programs.GCD.gcd(GCD.java:19)
	at java_programs.GCD.gcd(GCD.java:19)
	at java_programs.GCD.gcd(GCD.java:19)
	at java_programs.GCD.gcd(GCD.java:19)
	at java_programs.GCD.gcd(GCD.java:19)
	at java_programs.GCD.gcd(GCD.java:19)
	at java_programs.GCD.gcd(GCD.java:19)
	at java_programs.GCD.gcd(GCD.java:19)
	at java_programs.GCD.gcd(GCD.java:19)
	at java_programs.GCD.gcd(GCD.java:19)
	at java_programs.GCD.gcd(GCD.java:19)
	at java_programs.GCD.gcd(GCD.java:19)
	at java_programs.GCD.gcd(GCD.java:19)
	at java_programs.GCD.gcd(GCD.java:19)
	at java_programs.GCD.gcd(GCD.java:19)
	at java_programs.GCD.gcd(GCD.java:19)
	at java_programs.GCD.gcd(GCD.java:19)
	at java_programs.GCD.gcd(GCD.java:19)
	at java_programs.GCD.gcd(GCD.java:19)
	at java_programs.GCD.gcd(GCD.java:19)
	at java_programs.GCD.gcd(GCD.java:19)
	at java_programs.GCD.gcd(GCD.java:19)
	at java_programs.GCD.gcd(GCD.java:19)
	at java_programs.GCD.gcd(GCD.java:19)
	at java_programs.GCD.gcd(GCD.java:19)
	at java_programs.GCD.gcd(GCD.java:19)
	at java_programs.GCD.gcd(GCD.java:19)
	at java_programs.GCD.gcd(GCD.java:19)
	at java_programs.GCD.gcd(GCD.java:19)
	at java_programs.GCD.gcd(GCD.java:19)
	at java_programs.GCD.gcd(GCD.java:19)
	at java_programs.GCD.gcd(GCD.java:19)
	at java_programs.GCD.gcd(GCD.java:19)
	at java_programs.GCD.gcd(GCD.java:19)
	at java_programs.GCD.gcd(GCD.java:19)
	at java_programs.GCD.gcd(GCD.java:19)
	at java_programs.GCD.gcd(GCD.java:19)
	at java_programs.GCD.gcd(GCD.java:19)
	at java_programs.GCD.gcd(GCD.java:19)
	at java_programs.GCD.gcd(GCD.java:19)
	at java_programs.GCD.gcd(GCD.java:19)
	at java_programs.GCD.gcd(GCD.java:19)
	at java_programs.GCD.gcd(GCD.java:19)
	at java_programs.GCD.gcd(GCD.java:19)
	at java_programs.GCD.gcd(GCD.java:19)
	at java_programs.GCD.gcd(GCD.java:19)
	at java_programs.GCD.gcd(GCD.java:19)
	at java_programs.GCD.gcd(GCD.java:19)
	at java_programs.GCD.gcd(GCD.java:19)
	at java_programs.GCD.gcd(GCD.java:19)
	at java_programs.GCD.gcd(GCD.java:19)
	at java_programs.GCD.gcd(GCD.java:19)
	at java_programs.GCD.gcd(GCD.java:19)
	at java_programs.GCD.gcd(GCD.java:19)
	at java_programs.GCD.gcd(GCD.java:19)
	at java_programs.GCD.gcd(GCD.java:19)
	at java_programs.GCD.gcd(GCD.java:19)
	at java_programs.GCD.gcd(GCD.java:19)
	at java_programs.GCD.gcd(GCD.java:19)
	at java_programs.GCD.gcd(GCD.java:19)
	at java_programs.GCD.gcd(GCD.java:19)
	at java_programs.GCD.gcd(GCD.java:19)
	at java_programs.GCD.gcd(GCD.java:19)
	at java_programs.GCD.gcd(GCD.java:19)
	at java_programs.GCD.gcd(GCD.java:19)
	at java_programs.GCD.gcd(GCD.java:19)
	at java_programs.GCD.gcd(GCD.java:19)
	at java_programs.GCD.gcd(GCD.java:19)
	at java_programs.GCD.gcd(GCD.java:19)
	at java_programs.GCD.gcd(GCD.java:19)
	at java_programs.GCD.gcd(GCD.java:19)
	at java_programs.GCD.gcd(GCD.java:19)
	at java_programs.GCD.gcd(GCD.java:19)
	at java_programs.GCD.gcd(GCD.java:19)
	at java_programs.GCD.gcd(GCD.java:19)
	at java_programs.GCD.gcd(GCD.java:19)
	at java_programs.GCD.gcd(GCD.java:19)
	at java_programs.GCD.gcd(GCD.java:19)
	at java_programs.GCD.gcd(GCD.java:19)
	at java_programs.GCD.gcd(GCD.java:19)
	at java_programs.GCD.gcd(GCD.java:19)
	at java_programs.GCD.gcd(GCD.java:19)
	at java_programs.GCD.gcd(GCD.java:19)
	at java_programs.GCD.gcd(GCD.java:19)
	at java_programs.GCD.gcd(GCD.java:19)
	at java_programs.GCD.gcd(GCD.java:19)
	at java_programs.GCD.gcd(GCD.java:19)
	at java_programs.GCD.gcd(GCD.java:19)
	at java_programs.GCD.gcd(GCD.java:19)
	at java_programs.GCD.gcd(GCD.java:19)
	at java_programs.GCD.gcd(GCD.java:19)
	at java_programs.GCD.gcd(GCD.java:19)
	at java_programs.GCD.gcd(GCD.java:19)
	at java_programs.GCD.gcd(GCD.java:19)
	at java_programs.GCD.gcd(GCD.java:19)
	at java_programs.GCD.gcd(GCD.java:19)
	at java_programs.GCD.gcd(GCD.java:19)
	at java_programs.GCD.gcd(GCD.java:19)
	at java_programs.GCD.gcd(GCD.java:19)
	at java_programs.GCD.gcd(GCD.java:19)
	at java_programs.GCD.gcd(GCD.java:19)
	at java_programs.GCD.gcd(GCD.java:19)
	at java_programs.GCD.gcd(GCD.java:19)
	at java_programs.GCD.gcd(GCD.java:19)
	at java_programs.GCD.gcd(GCD.java:19)
	at java_programs.GCD.gcd(GCD.java:19)
	at java_programs.GCD.gcd(GCD.java:19)
	at java_programs.GCD.gcd(GCD.java:19)
	at java_programs.GCD.gcd(GCD.java:19)
	at java_programs.GCD.gcd(GCD.java:19)
	at java_programs.GCD.gcd(GCD.java:19)
	at java_programs.GCD.gcd(GCD.java:19)
	at java_programs.GCD.gcd(GCD.java:19)
	at java_programs.GCD.gcd(GCD.java:19)
	at java_programs.GCD.gcd(GCD.java:19)
	at java_programs.GCD.gcd(GCD.java:19)
	at java_programs.GCD.gcd(GCD.java:19)
	at java_programs.GCD.gcd(GCD.java:19)
	at java_programs.GCD.gcd(GCD.java:19)
	at java_programs.GCD.gcd(GCD.java:19)
	at java_programs.GCD.gcd(GCD.java:19)
	at java_programs.GCD.gcd(GCD.java:19)
	at java_programs.GCD.gcd(GCD.java:19)
	at java_programs.GCD.gcd(GCD.java:19)
	at java_programs.GCD.gcd(GCD.java:19)
	at java_programs.GCD.gcd(GCD.java:19)
	at java_programs.GCD.gcd(GCD.java:19)
	at java_programs.GCD.gcd(GCD.java:19)
	at java_programs.GCD.gcd(GCD.java:19)
	at java_programs.GCD.gcd(GCD.java:19)
	at java_programs.GCD.gcd(GCD.java:19)
	at java_programs.GCD.gcd(GCD.java:19)
	at java_programs.GCD.gcd(GCD.java:19)
	at java_programs.GCD.gcd(GCD.java:19)
	at java_programs.GCD.gcd(GCD.java:19)
	at java_programs.GCD.gcd(GCD.java:19)
	at java_programs.GCD.gcd(GCD.java:19)
	at java_programs.GCD.gcd(GCD.java:19)
	at java_programs.GCD.gcd(GCD.java:19)
	at java_programs.GCD.gcd(GCD.java:19)
	at java_programs.GCD.gcd(GCD.java:19)
	at java_programs.GCD.gcd(GCD.java:19)
	at java_programs.GCD.gcd(GCD.java:19)
	at java_programs.GCD.gcd(GCD.java:19)
	at java_programs.GCD.gcd(GCD.java:19)
	at java_programs.GCD.gcd(GCD.java:19)
	at java_programs.GCD.gcd(GCD.java:19)
	at java_programs.GCD.gcd(GCD.java:19)
	at java_programs.GCD.gcd(GCD.java:19)
	at java_programs.GCD.gcd(GCD.java:19)
	at java_programs.GCD.gcd(GCD.java:19)
	at java_programs.GCD.gcd(GCD.java:19)
	at java_programs.GCD.gcd(GCD.java:19)
	at java_programs.GCD.gcd(GCD.java:19)
	at java_programs.GCD.gcd(GCD.java:19)
	at java_programs.GCD.gcd(GCD.java:19)
	at java_programs.GCD.gcd(GCD.java:19)
	at java_programs.GCD.gcd(GCD.java:19)
	at java_programs.GCD.gcd(GCD.java:19)
	at java_programs.GCD.gcd(GCD.java:19)
	at java_programs.GCD.gcd(GCD.java:19)
	at java_programs.GCD.gcd(GCD.java:19)
	at java_programs.GCD.gcd(GCD.java:19)
	at java_programs.GCD.gcd(GCD.java:19)
	at java_programs.GCD.gcd(GCD.java:19)
	at java_programs.GCD.gcd(GCD.java:19)
	at java_programs.GCD.gcd(GCD.java:19)
	at java_programs.GCD.gcd(GCD.java:19)
	at java_programs.GCD.gcd(GCD.java:19)
	at java_programs.GCD.gcd(GCD.java:19)
	at java_programs.GCD.gcd(GCD.java:19)
	at java_programs.GCD.gcd(GCD.java:19)
	at java_programs.GCD.gcd(GCD.java:19)
	at java_programs.GCD.gcd(GCD.java:19)
	at java_programs.GCD.gcd(GCD.java:19)
	at java_programs.GCD.gcd(GCD.java:19)
	at java_programs.GCD.gcd(GCD.java:19)
	at java_programs.GCD.gcd(GCD.java:19)
	at java_programs.GCD.gcd(GCD.java:19)
	at java_programs.GCD.gcd(GCD.java:19)
	at java_programs.GCD.gcd(GCD.java:19)
	at java_programs.GCD.gcd(GCD.java:19)
	at java_programs.GCD.gcd(GCD.java:19)
	at java_programs.GCD.gcd(GCD.java:19)
	at java_programs.GCD.gcd(GCD.java:19)
	at java_programs.GCD.gcd(GCD.java:19)
	at java_programs.GCD.gcd(GCD.java:19)
	at java_programs.GCD.gcd(GCD.java:19)
	at java_programs.GCD.gcd(GCD.java:19)
	at java_programs.GCD.gcd(GCD.java:19)
	at java_programs.GCD.gcd(GCD.java:19)
	at java_programs.GCD.gcd(GCD.java:19)
	at java_programs.GCD.gcd(GCD.java:19)
	at java_programs.GCD.gcd(GCD.java:19)
	at java_programs.GCD.gcd(GCD.java:19)
	at java_programs.GCD.gcd(GCD.java:19)
	at java_programs.GCD.gcd(GCD.java:19)
	at java_programs.GCD.gcd(GCD.java:19)
	at java_programs.GCD.gcd(GCD.java:19)
	at java_programs.GCD.gcd(GCD.java:19)
	at java_programs.GCD.gcd(GCD.java:19)
	at java_programs.GCD.gcd(GCD.java:19)
	at java_programs.GCD.gcd(GCD.java:19)
	at java_programs.GCD.gcd(GCD.java:19)
	at java_programs.GCD.gcd(GCD.java:19)
	at java_programs.GCD.gcd(GCD.java:19)
	at java_programs.GCD.gcd(GCD.java:19)
	at java_programs.GCD.gcd(GCD.java:19)
	at java_programs.GCD.gcd(GCD.java:19)
	at java_programs.GCD.gcd(GCD.java:19)
	at java_programs.GCD.gcd(GCD.java:19)
	at java_programs.GCD.gcd(GCD.java:19)
	at java_programs.GCD.gcd(GCD.java:19)
	at java_programs.GCD.gcd(GCD.java:19)
	at java_programs.GCD.gcd(GCD.java:19)
	at java_programs.GCD.gcd(GCD.java:19)
	at java_programs.GCD.gcd(GCD.java:19)
	at java_programs.GCD.gcd(GCD.java:19)
	at java_programs.GCD.gcd(GCD.java:19)
	at java_programs.GCD.gcd(GCD.java:19)
	at java_programs.GCD.gcd(GCD.java:19)
	at java_programs.GCD.gcd(GCD.java:19)
	at java_programs.GCD.gcd(GCD.java:19)
	at java_programs.GCD.gcd(GCD.java:19)
	at java_programs.GCD.gcd(GCD.java:19)
	at java_programs.GCD.gcd(GCD.java:19)
	at java_programs.GCD.gcd(GCD.java:19)
	at java_programs.GCD.gcd(GCD.java:19)
	at java_programs.GCD.gcd(GCD.java:19)
	at java_programs.GCD.gcd(GCD.java:19)
	at java_programs.GCD.gcd(GCD.java:19)
	at java_programs.GCD.gcd(GCD.java:19)
	at java_programs.GCD.gcd(GCD.java:19)
	at java_programs.GCD.gcd(GCD.java:19)
	at java_programs.GCD.gcd(GCD.java:19)
	at java_programs.GCD.gcd(GCD.java:19)
	at java_programs.GCD.gcd(GCD.java:19)
	at java_programs.GCD.gcd(GCD.java:19)
	at java_programs.GCD.gcd(GCD.java:19)
	at java_programs.GCD.gcd(GCD.java:19)
	at java_programs.GCD.gcd(GCD.java:19)
	at java_programs.GCD.gcd(GCD.java:19)
	at java_programs.GCD.gcd(GCD.java:19)
	at java_programs.GCD.gcd(GCD.java:19)
	at java_programs.GCD.gcd(GCD.java:19)
	at java_programs.GCD.gcd(GCD.java:19)
	at java_programs.GCD.gcd(GCD.java:19)
	at java_programs.GCD.gcd(GCD.java:19)
	at java_programs.GCD.gcd(GCD.java:19)
	at java_programs.GCD.gcd(GCD.java:19)
	at java_programs.GCD.gcd(GCD.java:19)
	at java_programs.GCD.gcd(GCD.java:19)
	at java_programs.GCD.gcd(GCD.java:19)
	at java_programs.GCD.gcd(GCD.java:19)
	at java_programs.GCD.gcd(GCD.java:19)
	at java_programs.GCD.gcd(GCD.java:19)
	at java_programs.GCD.gcd(GCD.java:19)
	at java_programs.GCD.gcd(GCD.java:19)
	at java_programs.GCD.gcd(GCD.java:19)
	at java_programs.GCD.gcd(GCD.java:19)
	at java_programs.GCD.gcd(GCD.java:19)
	at java_programs.GCD.gcd(GCD.java:19)
	at java_programs.GCD.gcd(GCD.java:19)
	at java_programs.GCD.gcd(GCD.java:19)
	at java_programs.GCD.gcd(GCD.java:19)
	at java_programs.GCD.gcd(GCD.java:19)
	at java_programs.GCD.gcd(GCD.java:19)
	at java_programs.GCD.gcd(GCD.java:19)
	at java_programs.GCD.gcd(GCD.java:19)
	at java_programs.GCD.gcd(GCD.java:19)
	at java_programs.GCD.gcd(GCD.java:19)
	at java_programs.GCD.gcd(GCD.java:19)
	at java_programs.GCD.gcd(GCD.java:19)
	at java_programs.GCD.gcd(GCD.java:19)
	at java_programs.GCD.gcd(GCD.java:19)
	at java_programs.GCD.gcd(GCD.java:19)
	at java_programs.GCD.gcd(GCD.java:19)
	at java_programs.GCD.gcd(GCD.java:19)
	at java_programs.GCD.gcd(GCD.java:19)
	at java_programs.GCD.gcd(GCD.java:19)
	at java_programs.GCD.gcd(GCD.java:19)
	at java_programs.GCD.gcd(GCD.java:19)
	at java_programs.GCD.gcd(GCD.java:19)
	at java_programs.GCD.gcd(GCD.java:19)
	at java_programs.GCD.gcd(GCD.java:19)
	at java_programs.GCD.gcd(GCD.java:19)
	at java_programs.GCD.gcd(GCD.java:19)
	at java_programs.GCD.gcd(GCD.java:19)
	at java_programs.GCD.gcd(GCD.java:19)
	at java_programs.GCD.gcd(GCD.java:19)
	at java_programs.GCD.gcd(GCD.java:19)
	at java_programs.GCD.gcd(GCD.java:19)
	at java_programs.GCD.gcd(GCD.java:19)
	at java_programs.GCD.gcd(GCD.java:19)
	at java_programs.GCD.gcd(GCD.java:19)
	at java_programs.GCD.gcd(GCD.java:19)
	at java_programs.GCD.gcd(GCD.java:19)
	at java_programs.GCD.gcd(GCD.java:19)
	at java_programs.GCD.gcd(GCD.java:19)
	at java_programs.GCD.gcd(GCD.java:19)
	at java_programs.GCD.gcd(GCD.java:19)
	at java_programs.GCD.gcd(GCD.java:19)
	at java_programs.GCD.gcd(GCD.java:19)
	at java_programs.GCD.gcd(GCD.java:19)
	at java_programs.GCD.gcd(GCD.java:19)
	at java_programs.GCD.gcd(GCD.java:19)
	at java_programs.GCD.gcd(GCD.java:19)
	at java_programs.GCD.gcd(GCD.java:19)
	at java_programs.GCD.gcd(GCD.java:19)
	at java_programs.GCD.gcd(GCD.java:19)
	at java_programs.GCD.gcd(GCD.java:19)
	at java_programs.GCD.gcd(GCD.java:19)
	at java_programs.GCD.gcd(GCD.java:19)
	at java_programs.GCD.gcd(GCD.java:19)
	at java_programs.GCD.gcd(GCD.java:19)
	at java_programs.GCD.gcd(GCD.java:19)
	at java_programs.GCD.gcd(GCD.java:19)
	at java_programs.GCD.gcd(GCD.java:19)
	at java_programs.GCD.gcd(GCD.java:19)
	at java_programs.GCD.gcd(GCD.java:19)
	at java_programs.GCD.gcd(GCD.java:19)
	at java_programs.GCD.gcd(GCD.java:19)
	at java_programs.GCD.gcd(GCD.java:19)
	at java_programs.GCD.gcd(GCD.java:19)
	at java_programs.GCD.gcd(GCD.java:19)
	at java_programs.GCD.gcd(GCD.java:19)
	at java_programs.GCD.gcd(GCD.java:19)
	at java_programs.GCD.gcd(GCD.java:19)
	at java_programs.GCD.gcd(GCD.java:19)
	at java_programs.GCD.gcd(GCD.java:19)
	at java_programs.GCD.gcd(GCD.java:19)
	at java_programs.GCD.gcd(GCD.java:19)
	at java_programs.GCD.gcd(GCD.java:19)
	at java_programs.GCD.gcd(GCD.java:19)
	at java_programs.GCD.gcd(GCD.java:19)
	at java_programs.GCD.gcd(GCD.java:19)
	at java_programs.GCD.gcd(GCD.java:19)
	at java_programs.GCD.gcd(GCD.java:19)
	at java_programs.GCD.gcd(GCD.java:19)
	at java_programs.GCD.gcd(GCD.java:19)
	at java_programs.GCD.gcd(GCD.java:19)
	at java_programs.GCD.gcd(GCD.java:19)
	at java_programs.GCD.gcd(GCD.java:19)
	at java_programs.GCD.gcd(GCD.java:19)
	at java_programs.GCD.gcd(GCD.java:19)
	at java_programs.GCD.gcd(GCD.java:19)
	at java_programs.GCD.gcd(GCD.java:19)
	at java_programs.GCD.gcd(GCD.java:19)
	at java_programs.GCD.gcd(GCD.java:19)
	at java_programs.GCD.gcd(GCD.java:19)
	at java_programs.GCD.gcd(GCD.java:19)
	at java_programs.GCD.gcd(GCD.java:19)
	at java_programs.GCD.gcd(GCD.java:19)
	at java_programs.GCD.gcd(GCD.java:19)
	at java_programs.GCD.gcd(GCD.java:19)
	at java_programs.GCD.gcd(GCD.java:19)
	at java_programs.GCD.gcd(GCD.java:19)
	at java_programs.GCD.gcd(GCD.java:19)
	at java_programs.GCD.gcd(GCD.java:19)
	at java_programs.GCD.gcd(GCD.java:19)
	at java_programs.GCD.gcd(GCD.java:19)
	at java_programs.GCD.gcd(GCD.java:19)
	at java_programs.GCD.gcd(GCD.java:19)
	at java_programs.GCD.gcd(GCD.java:19)
	at java_programs.GCD.gcd(GCD.java:19)
	at java_programs.GCD.gcd(GCD.java:19)
	at java_programs.GCD.gcd(GCD.java:19)
	at java_programs.GCD.gcd(GCD.java:19)
	at java_programs.GCD.gcd(GCD.java:19)
	at java_programs.GCD.gcd(GCD.java:19)
	at java_programs.GCD.gcd(GCD.java:19)
	at java_programs.GCD.gcd(GCD.java:19)
	at java_programs.GCD.gcd(GCD.java:19)
	at java_programs.GCD.gcd(GCD.java:19)
	at java_programs.GCD.gcd(GCD.java:19)
	at java_programs.GCD.gcd(GCD.java:19)
	at java_programs.GCD.gcd(GCD.java:19)
	at java_programs.GCD.gcd(GCD.java:19)
	at java_programs.GCD.gcd(GCD.java:19)
	at java_programs.GCD.gcd(GCD.java:19)
	at java_programs.GCD.gcd(GCD.java:19)
	at java_programs.GCD.gcd(GCD.java:19)
	at java_programs.GCD.gcd(GCD.java:19)
	at java_programs.GCD.gcd(GCD.java:19)
	at java_programs.GCD.gcd(GCD.java:19)
	at java_programs.GCD.gcd(GCD.java:19)
	at java_programs.GCD.gcd(GCD.java:19)
	at java_programs.GCD.gcd(GCD.java:19)
	at java_programs.GCD.gcd(GCD.java:19)
	at java_programs.GCD.gcd(GCD.java:19)
	at java_programs.GCD.gcd(GCD.java:19)
	at java_programs.GCD.gcd(GCD.java:19)
	at java_programs.GCD.gcd(GCD.java:19)
	at java_programs.GCD.gcd(GCD.java:19)
	at java_programs.GCD.gcd(GCD.java:19)
	at java_programs.GCD.gcd(GCD.java:19)
	at java_programs.GCD.gcd(GCD.java:19)
	at java_programs.GCD.gcd(GCD.java:19)
	at java_programs.GCD.gcd(GCD.java:19)
	at java_programs.GCD.gcd(GCD.java:19)
	at java_programs.GCD.gcd(GCD.java:19)
	at java_programs.GCD.gcd(GCD.java:19)
	at java_programs.GCD.gcd(GCD.java:19)
	at java_programs.GCD.gcd(GCD.java:19)
	at java_programs.GCD.gcd(GCD.java:19)
	at java_programs.GCD.gcd(GCD.java:19)
	at java_programs.GCD.gcd(GCD.java:19)
	at java_programs.GCD.gcd(GCD.java:19)
	at java_programs.GCD.gcd(GCD.java:19)
	at java_programs.GCD.gcd(GCD.java:19)
	at java_programs.GCD.gcd(GCD.java:19)
	at java_programs.GCD.gcd(GCD.java:19)
	at java_programs.GCD.gcd(GCD.java:19)
	at java_programs.GCD.gcd(GCD.java:19)
	at java_programs.GCD.gcd(GCD.java:19)
	at java_programs.GCD.gcd(GCD.java:19)
	at java_programs.GCD.gcd(GCD.java:19)
	at java_programs.GCD.gcd(GCD.java:19)
	at java_programs.GCD.gcd(GCD.java:19)
	at java_programs.GCD.gcd(GCD.java:19)
	at java_programs.GCD.gcd(GCD.java:19)
	at java_programs.GCD.gcd(GCD.java:19)
	at java_programs.GCD.gcd(GCD.java:19)
	at java_programs.GCD.gcd(GCD.java:19)
	at java_programs.GCD.gcd(GCD.java:19)
	at java_programs.GCD.gcd(GCD.java:19)
	at java_programs.GCD.gcd(GCD.java:19)
	at java_programs.GCD.gcd(GCD.java:19)
	at java_programs.GCD.gcd(GCD.java:19)
	at java_programs.GCD.gcd(GCD.java:19)
	at java_programs.GCD.gcd(GCD.java:19)
	at java_programs.GCD.gcd(GCD.java:19)
	at java_programs.GCD.gcd(GCD.java:19)
	at java_programs.GCD.gcd(GCD.java:19)
	at java_programs.GCD.gcd(GCD.java:19)
	at java_programs.GCD.gcd(GCD.java:19)
	at java_programs.GCD.gcd(GCD.java:19)
	at java_programs.GCD.gcd(GCD.java:19)
	at java_programs.GCD.gcd(GCD.java:19)
	at java_programs.GCD.gcd(GCD.java:19)
	at java_programs.GCD.gcd(GCD.java:19)
	at java_programs.GCD.gcd(GCD.java:19)
	at java_programs.GCD.gcd(GCD.java:19)
	at java_programs.GCD.gcd(GCD.java:19)
	at java_programs.GCD.gcd(GCD.java:19)
	at java_programs.GCD.gcd(GCD.java:19)
	at java_programs.GCD.gcd(GCD.java:19)
	at java_programs.GCD.gcd(GCD.java:19)
	at java_programs.GCD.gcd(GCD.java:19)
	at java_programs.GCD.gcd(GCD.java:19)
	at java_programs.GCD.gcd(GCD.java:19)
	at java_programs.GCD.gcd(GCD.java:19)
	at java_programs.GCD.gcd(GCD.java:19)
	at java_programs.GCD.gcd(GCD.java:19)
	at java_programs.GCD.gcd(GCD.java:19)
	at java_programs.GCD.gcd(GCD.java:19)
	at java_programs.GCD.gcd(GCD.java:19)
	at java_programs.GCD.gcd(GCD.java:19)
	at java_programs.GCD.gcd(GCD.java:19)
	at java_programs.GCD.gcd(GCD.java:19)
	at java_programs.GCD.gcd(GCD.java:19)
	at java_programs.GCD.gcd(GCD.java:19)
	at java_programs.GCD.gcd(GCD.java:19)
	at java_programs.GCD.gcd(GCD.java:19)
	at java_programs.GCD.gcd(GCD.java:19)
	at java_programs.GCD.gcd(GCD.java:19)
	at java_programs.GCD.gcd(GCD.java:19)
	at java_programs.GCD.gcd(GCD.java:19)
	at java_programs.GCD.gcd(GCD.java:19)
	at java_programs.GCD.gcd(GCD.java:19)
	at java_programs.GCD.gcd(GCD.java:19)
	at java_programs.GCD.gcd(GCD.java:19)
	at java_programs.GCD.gcd(GCD.java:19)
	at java_programs.GCD.gcd(GCD.java:19)
	at java_programs.GCD.gcd(GCD.java:19)
	at java_programs.GCD.gcd(GCD.java:19)
	at java_programs.GCD.gcd(GCD.java:19)
	at java_programs.GCD.gcd(GCD.java:19)
	at java_programs.GCD.gcd(GCD.java:19)
	at java_programs.GCD.gcd(GCD.java:19)
	at java_programs.GCD.gcd(GCD.java:19)
	at java_programs.GCD.gcd(GCD.java:19)
	at java_programs.GCD.gcd(GCD.java:19)
	at java_programs.GCD.gcd(GCD.java:19)
	at java_programs.GCD.gcd(GCD.java:19)
	at java_programs.GCD.gcd(GCD.java:19)
	at java_programs.GCD.gcd(GCD.java:19)
	at java_programs.GCD.gcd(GCD.java:19)
	at java_programs.GCD.gcd(GCD.java:19)
	at java_programs.GCD.gcd(GCD.java:19)
	at java_programs.GCD.gcd(GCD.java:19)
	at java_programs.GCD.gcd(GCD.java:19)
	at java_programs.GCD.gcd(GCD.java:19)
	at java_programs.GCD.gcd(GCD.java:19)
	at java_programs.GCD.gcd(GCD.java:19)
	at java_programs.GCD.gcd(GCD.java:19)
	at java_programs.GCD.gcd(GCD.java:19)
	at java_programs.GCD.gcd(GCD.java:19)
	at java_programs.GCD.gcd(GCD.java:19)
	at java_programs.GCD.gcd(GCD.java:19)
	at java_programs.GCD.gcd(GCD.java:19)
	at java_programs.GCD.gcd(GCD.java:19)
	at java_programs.GCD.gcd(GCD.java:19)
	at java_programs.GCD.gcd(GCD.java:19)
	at java_programs.GCD.gcd(GCD.java:19)
	at java_programs.GCD.gcd(GCD.java:19)
	at java_programs.GCD.gcd(GCD.java:19)
	at java_programs.GCD.gcd(GCD.java:19)
	at java_programs.GCD.gcd(GCD.java:19)
	at java_programs.GCD.gcd(GCD.java:19)
	at java_programs.GCD.gcd(GCD.java:19)
	at java_programs.GCD.gcd(GCD.java:19)
	at java_programs.GCD.gcd(GCD.java:19)
	at java_programs.GCD.gcd(GCD.java:19)
	at java_programs.GCD.gcd(GCD.java:19)
	at java_programs.GCD.gcd(GCD.java:19)
	at java_programs.GCD.gcd(GCD.java:19)
	at java_programs.GCD.gcd(GCD.java:19)
	at java_programs.GCD.gcd(GCD.java:19)
	at java_programs.GCD.gcd(GCD.java:19)
	at java_programs.GCD.gcd(GCD.java:19)
	at java_programs.GCD.gcd(GCD.java:19)
	at java_programs.GCD.gcd(GCD.java:19)
	at java_programs.GCD.gcd(GCD.java:19)
	at java_programs.GCD.gcd(GCD.java:19)
	at java_programs.GCD.gcd(GCD.java:19)
	at java_programs.GCD.gcd(GCD.java:19)
	at java_programs.GCD.gcd(GCD.java:19)
	at java_programs.GCD.gcd(GCD.java:19)
	at java_programs.GCD.gcd(GCD.java:19)
	at java_programs.GCD.gcd(GCD.java:19)
	at java_programs.GCD.gcd(GCD.java:19)
	at java_programs.GCD.gcd(GCD.java:19)
	at java_programs.GCD.gcd(GCD.java:19)
	at java_programs.GCD.gcd(GCD.java:19)
	at java_programs.GCD.gcd(GCD.java:19)
	at java_programs.GCD.gcd(GCD.java:19)
	at java_programs.GCD.gcd(GCD.java:19)
	at java_programs.GCD.gcd(GCD.java:19)
	at java_programs.GCD.gcd(GCD.java:19)
	at java_programs.GCD.gcd(GCD.java:19)
	at java_programs.GCD.gcd(GCD.java:19)
	at java_programs.GCD.gcd(GCD.java:19)
	at java_programs.GCD.gcd(GCD.java:19)
	at java_programs.GCD.gcd(GCD.java:19)
	at java_programs.GCD.gcd(GCD.java:19)
	at java_programs.GCD.gcd(GCD.java:19)
	at java_programs.GCD.gcd(GCD.java:19)
	at java_programs.GCD.gcd(GCD.java:19)
	at java_programs.GCD.gcd(GCD.java:19)
	at java_programs.GCD.gcd(GCD.java:19)
	at java_programs.GCD.gcd(GCD.java:19)
	at java_programs.GCD.gcd(GCD.java:19)
	at java_programs.GCD.gcd(GCD.java:19)
	at java_programs.GCD.gcd(GCD.java:19)
	at java_programs.GCD.gcd(GCD.java:19)
	at java_programs.GCD.gcd(GCD.java:19)
	at java_programs.GCD.gcd(GCD.java:19)
	at java_programs.GCD.gcd(GCD.java:19)
	at java_programs.GCD.gcd(GCD.java:19)
	at java_programs.GCD.gcd(GCD.java:19)
	at java_programs.GCD.gcd(GCD.java:19)
	at java_programs.GCD.gcd(GCD.java:19)
	at java_programs.GCD.gcd(GCD.java:19)
	at java_programs.GCD.gcd(GCD.java:19)
	at java_programs.GCD.gcd(GCD.java:19)
	at java_programs.GCD.gcd(GCD.java:19)
	at java_programs.GCD.gcd(GCD.java:19)
	at java_programs.GCD.gcd(GCD.java:19)
	at java_programs.GCD.gcd(GCD.java:19)
	at java_programs.GCD.gcd(GCD.java:19)
	at java_programs.GCD.gcd(GCD.java:19)
	at java_programs.GCD.gcd(GCD.java:19)
	at java_programs.GCD.gcd(GCD.java:19)
	at java_programs.GCD.gcd(GCD.java:19)
	at java_programs.GCD.gcd(GCD.java:19)
	at java_programs.GCD.gcd(GCD.java:19)
	at java_programs.GCD.gcd(GCD.java:19)
	at java_programs.GCD.gcd(GCD.java:19)
	at java_programs.GCD.gcd(GCD.java:19)
	at java_programs.GCD.gcd(GCD.java:19)
	at java_programs.GCD.gcd(GCD.java:19)
	at java_programs.GCD.gcd(GCD.java:19)
	at java_programs.GCD.gcd(GCD.java:19)
	at java_programs.GCD.gcd(GCD.java:19)
	at java_programs.GCD.gcd(GCD.java:19)
	at java_programs.GCD.gcd(GCD.java:19)
	at java_programs.GCD.gcd(GCD.java:19)
	at java_programs.GCD.gcd(GCD.java:19)
	at java_programs.GCD.gcd(GCD.java:19)
	at java_programs.GCD.gcd(GCD.java:19)
	at java_programs.GCD.gcd(GCD.java:19)
	at java_programs.GCD.gcd(GCD.java:19)
	at java_programs.GCD.gcd(GCD.java:19)
	at java_programs.GCD.gcd(GCD.java:19)
	at java_programs.GCD.gcd(GCD.java:19)
	at java_programs.GCD.gcd(GCD.java:19)
	at java_programs.GCD.gcd(GCD.java:19)
	at java_programs.GCD.gcd(GCD.java:19)
	at java_programs.GCD.gcd(GCD.java:19)
	at java_programs.GCD.gcd(GCD.java:19)
	at java_programs.GCD.gcd(GCD.java:19)
	at java_programs.GCD.gcd(GCD.java:19)
	at java_programs.GCD.gcd(GCD.java:19)
	at java_programs.GCD.gcd(GCD.java:19)
	at java_programs.GCD.gcd(GCD.java:19)
	at java_programs.GCD.gcd(GCD.java:19)
	at java_programs.GCD.gcd(GCD.java:19)
	at java_programs.GCD.gcd(GCD.java:19)
	at java_programs.GCD.gcd(GCD.java:19)
	at java_programs.GCD.gcd(GCD.java:19)
	at java_programs.GCD.gcd(GCD.java:19)
	at java_programs.GCD.gcd(GCD.java:19)
	at java_programs.GCD.gcd(GCD.java:19)
	at java_programs.GCD.gcd(GCD.java:19)
	at java_programs.GCD.gcd(GCD.java:19)
	at java_programs.GCD.gcd(GCD.java:19)
	at java_programs.GCD.gcd(GCD.java:19)
	at java_programs.GCD.gcd(GCD.java:19)
	at java_programs.GCD.gcd(GCD.java:19)
	at java_programs.GCD.gcd(GCD.java:19)
	at java_programs.GCD.gcd(GCD.java:19)
	at java_programs.GCD.gcd(GCD.java:19)
	at java_programs.GCD.gcd(GCD.java:19)
	at java_programs.GCD.gcd(GCD.java:19)
	at java_programs.GCD.gcd(GCD.java:19)
	at java_programs.GCD.gcd(GCD.java:19)
	at java_programs.GCD.gcd(GCD.java:19)
	at java_programs.GCD.gcd(GCD.java:19)
	at java_programs.GCD.gcd(GCD.java:19)
	at java_programs.GCD.gcd(GCD.java:19)
	at java_programs.GCD.gcd(GCD.java:19)
	at java_programs.GCD.gcd(GCD.java:19)
	at java_programs.GCD.gcd(GCD.java:19)
	at java_programs.GCD.gcd(GCD.java:19)
	at java_programs.GCD.gcd(GCD.java:19)
	at java_programs.GCD.gcd(GCD.java:19)
	at java_programs.GCD.gcd(GCD.java:19)
	at java_programs.GCD.gcd(GCD.java:19)
	at java_programs.GCD.gcd(GCD.java:19)
	at java_programs.GCD.gcd(GCD.java:19)
	at java_programs.GCD.gcd(GCD.java:19)
	at java_programs.GCD.gcd(GCD.java:19)
	at java_programs.GCD.gcd(GCD.java:19)
	at java_programs.GCD.gcd(GCD.java:19)
	at java_programs.GCD.gcd(GCD.java:19)
	at java_programs.GCD.gcd(GCD.java:19)
	at java_programs.GCD.gcd(GCD.java:19)
	at java_programs.GCD.gcd(GCD.java:19)
	at java_programs.GCD.gcd(GCD.java:19)
	at java_programs.GCD.gcd(GCD.java:19)
	at java_programs.GCD.gcd(GCD.java:19)
	at java_programs.GCD.gcd(GCD.java:19)
	at java_programs.GCD.gcd(GCD.java:19)
	at java_programs.GCD.gcd(GCD.java:19)
	at java_programs.GCD.gcd(GCD.java:19)
	at java_programs.GCD.gcd(GCD.java:19)
	at java_programs.GCD.gcd(GCD.java:19)
	at java_programs.GCD.gcd(GCD.java:19)
	at java_programs.GCD.gcd(GCD.java:19)
	at java_programs.GCD.gcd(GCD.java:19)
	at java_programs.GCD.gcd(GCD.java:19)
	at java_programs.GCD.gcd(GCD.java:19)
	at java_programs.GCD.gcd(GCD.java:19)
	at java_programs.GCD.gcd(GCD.java:19)
	at java_programs.GCD.gcd(GCD.java:19)
	at java_programs.GCD.gcd(GCD.java:19)
	at java_programs.GCD.gcd(GCD.java:19)
	at java_programs.GCD.gcd(GCD.java:19)
	at java_programs.GCD.gcd(GCD.java:19)
</failure>
  </testcase>
  <testcase name="test_3" classname="java_testcases.junit.GCD_TEST" time="0.009">
    <failure message="java.lang.StackOverflowError" type="java.lang.StackOverflowError">java.lang.StackOverflowError
	at java_programs.GCD.gcd(GCD.java:19)
	at java_programs.GCD.gcd(GCD.java:19)
	at java_programs.GCD.gcd(GCD.java:19)
	at java_programs.GCD.gcd(GCD.java:19)
	at java_programs.GCD.gcd(GCD.java:19)
	at java_programs.GCD.gcd(GCD.java:19)
	at java_programs.GCD.gcd(GCD.java:19)
	at java_programs.GCD.gcd(GCD.java:19)
	at java_programs.GCD.gcd(GCD.java:19)
	at java_programs.GCD.gcd(GCD.java:19)
	at java_programs.GCD.gcd(GCD.java:19)
	at java_programs.GCD.gcd(GCD.java:19)
	at java_programs.GCD.gcd(GCD.java:19)
	at java_programs.GCD.gcd(GCD.java:19)
	at java_programs.GCD.gcd(GCD.java:19)
	at java_programs.GCD.gcd(GCD.java:19)
	at java_programs.GCD.gcd(GCD.java:19)
	at java_programs.GCD.gcd(GCD.java:19)
	at java_programs.GCD.gcd(GCD.java:19)
	at java_programs.GCD.gcd(GCD.java:19)
	at java_programs.GCD.gcd(GCD.java:19)
	at java_programs.GCD.gcd(GCD.java:19)
	at java_programs.GCD.gcd(GCD.java:19)
	at java_programs.GCD.gcd(GCD.java:19)
	at java_programs.GCD.gcd(GCD.java:19)
	at java_programs.GCD.gcd(GCD.java:19)
	at java_programs.GCD.gcd(GCD.java:19)
	at java_programs.GCD.gcd(GCD.java:19)
	at java_programs.GCD.gcd(GCD.java:19)
	at java_programs.GCD.gcd(GCD.java:19)
	at java_programs.GCD.gcd(GCD.java:19)
	at java_programs.GCD.gcd(GCD.java:19)
	at java_programs.GCD.gcd(GCD.java:19)
	at java_programs.GCD.gcd(GCD.java:19)
	at java_programs.GCD.gcd(GCD.java:19)
	at java_programs.GCD.gcd(GCD.java:19)
	at java_programs.GCD.gcd(GCD.java:19)
	at java_programs.GCD.gcd(GCD.java:19)
	at java_programs.GCD.gcd(GCD.java:19)
	at java_programs.GCD.gcd(GCD.java:19)
	at java_programs.GCD.gcd(GCD.java:19)
	at java_programs.GCD.gcd(GCD.java:19)
	at java_programs.GCD.gcd(GCD.java:19)
	at java_programs.GCD.gcd(GCD.java:19)
	at java_programs.GCD.gcd(GCD.java:19)
	at java_programs.GCD.gcd(GCD.java:19)
	at java_programs.GCD.gcd(GCD.java:19)
	at java_programs.GCD.gcd(GCD.java:19)
	at java_programs.GCD.gcd(GCD.java:19)
	at java_programs.GCD.gcd(GCD.java:19)
	at java_programs.GCD.gcd(GCD.java:19)
	at java_programs.GCD.gcd(GCD.java:19)
	at java_programs.GCD.gcd(GCD.java:19)
	at java_programs.GCD.gcd(GCD.java:19)
	at java_programs.GCD.gcd(GCD.java:19)
	at java_programs.GCD.gcd(GCD.java:19)
	at java_programs.GCD.gcd(GCD.java:19)
	at java_programs.GCD.gcd(GCD.java:19)
	at java_programs.GCD.gcd(GCD.java:19)
	at java_programs.GCD.gcd(GCD.java:19)
	at java_programs.GCD.gcd(GCD.java:19)
	at java_programs.GCD.gcd(GCD.java:19)
	at java_programs.GCD.gcd(GCD.java:19)
	at java_programs.GCD.gcd(GCD.java:19)
	at java_programs.GCD.gcd(GCD.java:19)
	at java_programs.GCD.gcd(GCD.java:19)
	at java_programs.GCD.gcd(GCD.java:19)
	at java_programs.GCD.gcd(GCD.java:19)
	at java_programs.GCD.gcd(GCD.java:19)
	at java_programs.GCD.gcd(GCD.java:19)
	at java_programs.GCD.gcd(GCD.java:19)
	at java_programs.GCD.gcd(GCD.java:19)
	at java_programs.GCD.gcd(GCD.java:19)
	at java_programs.GCD.gcd(GCD.java:19)
	at java_programs.GCD.gcd(GCD.java:19)
	at java_programs.GCD.gcd(GCD.java:19)
	at java_programs.GCD.gcd(GCD.java:19)
	at java_programs.GCD.gcd(GCD.java:19)
	at java_programs.GCD.gcd(GCD.java:19)
	at java_programs.GCD.gcd(GCD.java:19)
	at java_programs.GCD.gcd(GCD.java:19)
	at java_programs.GCD.gcd(GCD.java:19)
	at java_programs.GCD.gcd(GCD.java:19)
	at java_programs.GCD.gcd(GCD.java:19)
	at java_programs.GCD.gcd(GCD.java:19)
	at java_programs.GCD.gcd(GCD.java:19)
	at java_programs.GCD.gcd(GCD.java:19)
	at java_programs.GCD.gcd(GCD.java:19)
	at java_programs.GCD.gcd(GCD.java:19)
	at java_programs.GCD.gcd(GCD.java:19)
	at java_programs.GCD.gcd(GCD.java:19)
	at java_programs.GCD.gcd(GCD.java:19)
	at java_programs.GCD.gcd(GCD.java:19)
	at java_programs.GCD.gcd(GCD.java:19)
	at java_programs.GCD.gcd(GCD.java:19)
	at java_programs.GCD.gcd(GCD.java:19)
	at java_programs.GCD.gcd(GCD.java:19)
	at java_programs.GCD.gcd(GCD.java:19)
	at java_programs.GCD.gcd(GCD.java:19)
	at java_programs.GCD.gcd(GCD.java:19)
	at java_programs.GCD.gcd(GCD.java:19)
	at java_programs.GCD.gcd(GCD.java:19)
	at java_programs.GCD.gcd(GCD.java:19)
	at java_programs.GCD.gcd(GCD.java:19)
	at java_programs.GCD.gcd(GCD.java:19)
	at java_programs.GCD.gcd(GCD.java:19)
	at java_programs.GCD.gcd(GCD.java:19)
	at java_programs.GCD.gcd(GCD.java:19)
	at java_programs.GCD.gcd(GCD.java:19)
	at java_programs.GCD.gcd(GCD.java:19)
	at java_programs.GCD.gcd(GCD.java:19)
	at java_programs.GCD.gcd(GCD.java:19)
	at java_programs.GCD.gcd(GCD.java:19)
	at java_programs.GCD.gcd(GCD.java:19)
	at java_programs.GCD.gcd(GCD.java:19)
	at java_programs.GCD.gcd(GCD.java:19)
	at java_programs.GCD.gcd(GCD.java:19)
	at java_programs.GCD.gcd(GCD.java:19)
	at java_programs.GCD.gcd(GCD.java:19)
	at java_programs.GCD.gcd(GCD.java:19)
	at java_programs.GCD.gcd(GCD.java:19)
	at java_programs.GCD.gcd(GCD.java:19)
	at java_programs.GCD.gcd(GCD.java:19)
	at java_programs.GCD.gcd(GCD.java:19)
	at java_programs.GCD.gcd(GCD.java:19)
	at java_programs.GCD.gcd(GCD.java:19)
	at java_programs.GCD.gcd(GCD.java:19)
	at java_programs.GCD.gcd(GCD.java:19)
	at java_programs.GCD.gcd(GCD.java:19)
	at java_programs.GCD.gcd(GCD.java:19)
	at java_programs.GCD.gcd(GCD.java:19)
	at java_programs.GCD.gcd(GCD.java:19)
	at java_programs.GCD.gcd(GCD.java:19)
	at java_programs.GCD.gcd(GCD.java:19)
	at java_programs.GCD.gcd(GCD.java:19)
	at java_programs.GCD.gcd(GCD.java:19)
	at java_programs.GCD.gcd(GCD.java:19)
	at java_programs.GCD.gcd(GCD.java:19)
	at java_programs.GCD.gcd(GCD.java:19)
	at java_programs.GCD.gcd(GCD.java:19)
	at java_programs.GCD.gcd(GCD.java:19)
	at java_programs.GCD.gcd(GCD.java:19)
	at java_programs.GCD.gcd(GCD.java:19)
	at java_programs.GCD.gcd(GCD.java:19)
	at java_programs.GCD.gcd(GCD.java:19)
	at java_programs.GCD.gcd(GCD.java:19)
	at java_programs.GCD.gcd(GCD.java:19)
	at java_programs.GCD.gcd(GCD.java:19)
	at java_programs.GCD.gcd(GCD.java:19)
	at java_programs.GCD.gcd(GCD.java:19)
	at java_programs.GCD.gcd(GCD.java:19)
	at java_programs.GCD.gcd(GCD.java:19)
	at java_programs.GCD.gcd(GCD.java:19)
	at java_programs.GCD.gcd(GCD.java:19)
	at java_programs.GCD.gcd(GCD.java:19)
	at java_programs.GCD.gcd(GCD.java:19)
	at java_programs.GCD.gcd(GCD.java:19)
	at java_programs.GCD.gcd(GCD.java:19)
	at java_programs.GCD.gcd(GCD.java:19)
	at java_programs.GCD.gcd(GCD.java:19)
	at java_programs.GCD.gcd(GCD.java:19)
	at java_programs.GCD.gcd(GCD.java:19)
	at java_programs.GCD.gcd(GCD.java:19)
	at java_programs.GCD.gcd(GCD.java:19)
	at java_programs.GCD.gcd(GCD.java:19)
	at java_programs.GCD.gcd(GCD.java:19)
	at java_programs.GCD.gcd(GCD.java:19)
	at java_programs.GCD.gcd(GCD.java:19)
	at java_programs.GCD.gcd(GCD.java:19)
	at java_programs.GCD.gcd(GCD.java:19)
	at java_programs.GCD.gcd(GCD.java:19)
	at java_programs.GCD.gcd(GCD.java:19)
	at java_programs.GCD.gcd(GCD.java:19)
	at java_programs.GCD.gcd(GCD.java:19)
	at java_programs.GCD.gcd(GCD.java:19)
	at java_programs.GCD.gcd(GCD.java:19)
	at java_programs.GCD.gcd(GCD.java:19)
	at java_programs.GCD.gcd(GCD.java:19)
	at java_programs.GCD.gcd(GCD.java:19)
	at java_programs.GCD.gcd(GCD.java:19)
	at java_programs.GCD.gcd(GCD.java:19)
	at java_programs.GCD.gcd(GCD.java:19)
	at java_programs.GCD.gcd(GCD.java:19)
	at java_programs.GCD.gcd(GCD.java:19)
	at java_programs.GCD.gcd(GCD.java:19)
	at java_programs.GCD.gcd(GCD.java:19)
	at java_programs.GCD.gcd(GCD.java:19)
	at java_programs.GCD.gcd(GCD.java:19)
	at java_programs.GCD.gcd(GCD.java:19)
	at java_programs.GCD.gcd(GCD.java:19)
	at java_programs.GCD.gcd(GCD.java:19)
	at java_programs.GCD.gcd(GCD.java:19)
	at java_programs.GCD.gcd(GCD.java:19)
	at java_programs.GCD.gcd(GCD.java:19)
	at java_programs.GCD.gcd(GCD.java:19)
	at java_programs.GCD.gcd(GCD.java:19)
	at java_programs.GCD.gcd(GCD.java:19)
	at java_programs.GCD.gcd(GCD.java:19)
	at java_programs.GCD.gcd(GCD.java:19)
	at java_programs.GCD.gcd(GCD.java:19)
	at java_programs.GCD.gcd(GCD.java:19)
	at java_programs.GCD.gcd(GCD.java:19)
	at java_programs.GCD.gcd(GCD.java:19)
	at java_programs.GCD.gcd(GCD.java:19)
	at java_programs.GCD.gcd(GCD.java:19)
	at java_programs.GCD.gcd(GCD.java:19)
	at java_programs.GCD.gcd(GCD.java:19)
	at java_programs.GCD.gcd(GCD.java:19)
	at java_programs.GCD.gcd(GCD.java:19)
	at java_programs.GCD.gcd(GCD.java:19)
	at java_programs.GCD.gcd(GCD.java:19)
	at java_programs.GCD.gcd(GCD.java:19)
	at java_programs.GCD.gcd(GCD.java:19)
	at java_programs.GCD.gcd(GCD.java:19)
	at java_programs.GCD.gcd(GCD.java:19)
	at java_programs.GCD.gcd(GCD.java:19)
	at java_programs.GCD.gcd(GCD.java:19)
	at java_programs.GCD.gcd(GCD.java:19)
	at java_programs.GCD.gcd(GCD.java:19)
	at java_programs.GCD.gcd(GCD.java:19)
	at java_programs.GCD.gcd(GCD.java:19)
	at java_programs.GCD.gcd(GCD.java:19)
	at java_programs.GCD.gcd(GCD.java:19)
	at java_programs.GCD.gcd(GCD.java:19)
	at java_programs.GCD.gcd(GCD.java:19)
	at java_programs.GCD.gcd(GCD.java:19)
	at java_programs.GCD.gcd(GCD.java:19)
	at java_programs.GCD.gcd(GCD.java:19)
	at java_programs.GCD.gcd(GCD.java:19)
	at java_programs.GCD.gcd(GCD.java:19)
	at java_programs.GCD.gcd(GCD.java:19)
	at java_programs.GCD.gcd(GCD.java:19)
	at java_programs.GCD.gcd(GCD.java:19)
	at java_programs.GCD.gcd(GCD.java:19)
	at java_programs.GCD.gcd(GCD.java:19)
	at java_programs.GCD.gcd(GCD.java:19)
	at java_programs.GCD.gcd(GCD.java:19)
	at java_programs.GCD.gcd(GCD.java:19)
	at java_programs.GCD.gcd(GCD.java:19)
	at java_programs.GCD.gcd(GCD.java:19)
	at java_programs.GCD.gcd(GCD.java:19)
	at java_programs.GCD.gcd(GCD.java:19)
	at java_programs.GCD.gcd(GCD.java:19)
	at java_programs.GCD.gcd(GCD.java:19)
	at java_programs.GCD.gcd(GCD.java:19)
	at java_programs.GCD.gcd(GCD.java:19)
	at java_programs.GCD.gcd(GCD.java:19)
	at java_programs.GCD.gcd(GCD.java:19)
	at java_programs.GCD.gcd(GCD.java:19)
	at java_programs.GCD.gcd(GCD.java:19)
	at java_programs.GCD.gcd(GCD.java:19)
	at java_programs.GCD.gcd(GCD.java:19)
	at java_programs.GCD.gcd(GCD.java:19)
	at java_programs.GCD.gcd(GCD.java:19)
	at java_programs.GCD.gcd(GCD.java:19)
	at java_programs.GCD.gcd(GCD.java:19)
	at java_programs.GCD.gcd(GCD.java:19)
	at java_programs.GCD.gcd(GCD.java:19)
	at java_programs.GCD.gcd(GCD.java:19)
	at java_programs.GCD.gcd(GCD.java:19)
	at java_programs.GCD.gcd(GCD.java:19)
	at java_programs.GCD.gcd(GCD.java:19)
	at java_programs.GCD.gcd(GCD.java:19)
	at java_programs.GCD.gcd(GCD.java:19)
	at java_programs.GCD.gcd(GCD.java:19)
	at java_programs.GCD.gcd(GCD.java:19)
	at java_programs.GCD.gcd(GCD.java:19)
	at java_programs.GCD.gcd(GCD.java:19)
	at java_programs.GCD.gcd(GCD.java:19)
	at java_programs.GCD.gcd(GCD.java:19)
	at java_programs.GCD.gcd(GCD.java:19)
	at java_programs.GCD.gcd(GCD.java:19)
	at java_programs.GCD.gcd(GCD.java:19)
	at java_programs.GCD.gcd(GCD.java:19)
	at java_programs.GCD.gcd(GCD.java:19)
	at java_programs.GCD.gcd(GCD.java:19)
	at java_programs.GCD.gcd(GCD.java:19)
	at java_programs.GCD.gcd(GCD.java:19)
	at java_programs.GCD.gcd(GCD.java:19)
	at java_programs.GCD.gcd(GCD.java:19)
	at java_programs.GCD.gcd(GCD.java:19)
	at java_programs.GCD.gcd(GCD.java:19)
	at java_programs.GCD.gcd(GCD.java:19)
	at java_programs.GCD.gcd(GCD.java:19)
	at java_programs.GCD.gcd(GCD.java:19)
	at java_programs.GCD.gcd(GCD.java:19)
	at java_programs.GCD.gcd(GCD.java:19)
	at java_programs.GCD.gcd(GCD.java:19)
	at java_programs.GCD.gcd(GCD.java:19)
	at java_programs.GCD.gcd(GCD.java:19)
	at java_programs.GCD.gcd(GCD.java:19)
	at java_programs.GCD.gcd(GCD.java:19)
	at java_programs.GCD.gcd(GCD.java:19)
	at java_programs.GCD.gcd(GCD.java:19)
	at java_programs.GCD.gcd(GCD.java:19)
	at java_programs.GCD.gcd(GCD.java:19)
	at java_programs.GCD.gcd(GCD.java:19)
	at java_programs.GCD.gcd(GCD.java:19)
	at java_programs.GCD.gcd(GCD.java:19)
	at java_programs.GCD.gcd(GCD.java:19)
	at java_programs.GCD.gcd(GCD.java:19)
	at java_programs.GCD.gcd(GCD.java:19)
	at java_programs.GCD.gcd(GCD.java:19)
	at java_programs.GCD.gcd(GCD.java:19)
	at java_programs.GCD.gcd(GCD.java:19)
	at java_programs.GCD.gcd(GCD.java:19)
	at java_programs.GCD.gcd(GCD.java:19)
	at java_programs.GCD.gcd(GCD.java:19)
	at java_programs.GCD.gcd(GCD.java:19)
	at java_programs.GCD.gcd(GCD.java:19)
	at java_programs.GCD.gcd(GCD.java:19)
	at java_programs.GCD.gcd(GCD.java:19)
	at java_programs.GCD.gcd(GCD.java:19)
	at java_programs.GCD.gcd(GCD.java:19)
	at java_programs.GCD.gcd(GCD.java:19)
	at java_programs.GCD.gcd(GCD.java:19)
	at java_programs.GCD.gcd(GCD.java:19)
	at java_programs.GCD.gcd(GCD.java:19)
	at java_programs.GCD.gcd(GCD.java:19)
	at java_programs.GCD.gcd(GCD.java:19)
	at java_programs.GCD.gcd(GCD.java:19)
	at java_programs.GCD.gcd(GCD.java:19)
	at java_programs.GCD.gcd(GCD.java:19)
	at java_programs.GCD.gcd(GCD.java:19)
	at java_programs.GCD.gcd(GCD.java:19)
	at java_programs.GCD.gcd(GCD.java:19)
	at java_programs.GCD.gcd(GCD.java:19)
	at java_programs.GCD.gcd(GCD.java:19)
	at java_programs.GCD.gcd(GCD.java:19)
	at java_programs.GCD.gcd(GCD.java:19)
	at java_programs.GCD.gcd(GCD.java:19)
	at java_programs.GCD.gcd(GCD.java:19)
	at java_programs.GCD.gcd(GCD.java:19)
	at java_programs.GCD.gcd(GCD.java:19)
	at java_programs.GCD.gcd(GCD.java:19)
	at java_programs.GCD.gcd(GCD.java:19)
	at java_programs.GCD.gcd(GCD.java:19)
	at java_programs.GCD.gcd(GCD.java:19)
	at java_programs.GCD.gcd(GCD.java:19)
	at java_programs.GCD.gcd(GCD.java:19)
	at java_programs.GCD.gcd(GCD.java:19)
	at java_programs.GCD.gcd(GCD.java:19)
	at java_programs.GCD.gcd(GCD.java:19)
	at java_programs.GCD.gcd(GCD.java:19)
	at java_programs.GCD.gcd(GCD.java:19)
	at java_programs.GCD.gcd(GCD.java:19)
	at java_programs.GCD.gcd(GCD.java:19)
	at java_programs.GCD.gcd(GCD.java:19)
	at java_programs.GCD.gcd(GCD.java:19)
	at java_programs.GCD.gcd(GCD.java:19)
	at java_programs.GCD.gcd(GCD.java:19)
	at java_programs.GCD.gcd(GCD.java:19)
	at java_programs.GCD.gcd(GCD.java:19)
	at java_programs.GCD.gcd(GCD.java:19)
	at java_programs.GCD.gcd(GCD.java:19)
	at java_programs.GCD.gcd(GCD.java:19)
	at java_programs.GCD.gcd(GCD.java:19)
	at java_programs.GCD.gcd(GCD.java:19)
	at java_programs.GCD.gcd(GCD.java:19)
	at java_programs.GCD.gcd(GCD.java:19)
	at java_programs.GCD.gcd(GCD.java:19)
	at java_programs.GCD.gcd(GCD.java:19)
	at java_programs.GCD.gcd(GCD.java:19)
	at java_programs.GCD.gcd(GCD.java:19)
	at java_programs.GCD.gcd(GCD.java:19)
	at java_programs.GCD.gcd(GCD.java:19)
	at java_programs.GCD.gcd(GCD.java:19)
	at java_programs.GCD.gcd(GCD.java:19)
	at java_programs.GCD.gcd(GCD.java:19)
	at java_programs.GCD.gcd(GCD.java:19)
	at java_programs.GCD.gcd(GCD.java:19)
	at java_programs.GCD.gcd(GCD.java:19)
	at java_programs.GCD.gcd(GCD.java:19)
	at java_programs.GCD.gcd(GCD.java:19)
	at java_programs.GCD.gcd(GCD.java:19)
	at java_programs.GCD.gcd(GCD.java:19)
	at java_programs.GCD.gcd(GCD.java:19)
	at java_programs.GCD.gcd(GCD.java:19)
	at java_programs.GCD.gcd(GCD.java:19)
	at java_programs.GCD.gcd(GCD.java:19)
	at java_programs.GCD.gcd(GCD.java:19)
	at java_programs.GCD.gcd(GCD.java:19)
	at java_programs.GCD.gcd(GCD.java:19)
	at java_programs.GCD.gcd(GCD.java:19)
	at java_programs.GCD.gcd(GCD.java:19)
	at java_programs.GCD.gcd(GCD.java:19)
	at java_programs.GCD.gcd(GCD.java:19)
	at java_programs.GCD.gcd(GCD.java:19)
	at java_programs.GCD.gcd(GCD.java:19)
	at java_programs.GCD.gcd(GCD.java:19)
	at java_programs.GCD.gcd(GCD.java:19)
	at java_programs.GCD.gcd(GCD.java:19)
	at java_programs.GCD.gcd(GCD.java:19)
	at java_programs.GCD.gcd(GCD.java:19)
	at java_programs.GCD.gcd(GCD.java:19)
	at java_programs.GCD.gcd(GCD.java:19)
	at java_programs.GCD.gcd(GCD.java:19)
	at java_programs.GCD.gcd(GCD.java:19)
	at java_programs.GCD.gcd(GCD.java:19)
	at java_programs.GCD.gcd(GCD.java:19)
	at java_programs.GCD.gcd(GCD.java:19)
	at java_programs.GCD.gcd(GCD.java:19)
	at java_programs.GCD.gcd(GCD.java:19)
	at java_programs.GCD.gcd(GCD.java:19)
	at java_programs.GCD.gcd(GCD.java:19)
	at java_programs.GCD.gcd(GCD.java:19)
	at java_programs.GCD.gcd(GCD.java:19)
	at java_programs.GCD.gcd(GCD.java:19)
	at java_programs.GCD.gcd(GCD.java:19)
	at java_programs.GCD.gcd(GCD.java:19)
	at java_programs.GCD.gcd(GCD.java:19)
	at java_programs.GCD.gcd(GCD.java:19)
	at java_programs.GCD.gcd(GCD.java:19)
	at java_programs.GCD.gcd(GCD.java:19)
	at java_programs.GCD.gcd(GCD.java:19)
	at java_programs.GCD.gcd(GCD.java:19)
	at java_programs.GCD.gcd(GCD.java:19)
	at java_programs.GCD.gcd(GCD.java:19)
	at java_programs.GCD.gcd(GCD.java:19)
	at java_programs.GCD.gcd(GCD.java:19)
	at java_programs.GCD.gcd(GCD.java:19)
	at java_programs.GCD.gcd(GCD.java:19)
	at java_programs.GCD.gcd(GCD.java:19)
	at java_programs.GCD.gcd(GCD.java:19)
	at java_programs.GCD.gcd(GCD.java:19)
	at java_programs.GCD.gcd(GCD.java:19)
	at java_programs.GCD.gcd(GCD.java:19)
	at java_programs.GCD.gcd(GCD.java:19)
	at java_programs.GCD.gcd(GCD.java:19)
	at java_programs.GCD.gcd(GCD.java:19)
	at java_programs.GCD.gcd(GCD.java:19)
	at java_programs.GCD.gcd(GCD.java:19)
	at java_programs.GCD.gcd(GCD.java:19)
	at java_programs.GCD.gcd(GCD.java:19)
	at java_programs.GCD.gcd(GCD.java:19)
	at java_programs.GCD.gcd(GCD.java:19)
	at java_programs.GCD.gcd(GCD.java:19)
	at java_programs.GCD.gcd(GCD.java:19)
	at java_programs.GCD.gcd(GCD.java:19)
	at java_programs.GCD.gcd(GCD.java:19)
	at java_programs.GCD.gcd(GCD.java:19)
	at java_programs.GCD.gcd(GCD.java:19)
	at java_programs.GCD.gcd(GCD.java:19)
	at java_programs.GCD.gcd(GCD.java:19)
	at java_programs.GCD.gcd(GCD.java:19)
	at java_programs.GCD.gcd(GCD.java:19)
	at java_programs.GCD.gcd(GCD.java:19)
	at java_programs.GCD.gcd(GCD.java:19)
	at java_programs.GCD.gcd(GCD.java:19)
	at java_programs.GCD.gcd(GCD.java:19)
	at java_programs.GCD.gcd(GCD.java:19)
	at java_programs.GCD.gcd(GCD.java:19)
	at java_programs.GCD.gcd(GCD.java:19)
	at java_programs.GCD.gcd(GCD.java:19)
	at java_programs.GCD.gcd(GCD.java:19)
	at java_programs.GCD.gcd(GCD.java:19)
	at java_programs.GCD.gcd(GCD.java:19)
	at java_programs.GCD.gcd(GCD.java:19)
	at java_programs.GCD.gcd(GCD.java:19)
	at java_programs.GCD.gcd(GCD.java:19)
	at java_programs.GCD.gcd(GCD.java:19)
	at java_programs.GCD.gcd(GCD.java:19)
	at java_programs.GCD.gcd(GCD.java:19)
	at java_programs.GCD.gcd(GCD.java:19)
	at java_programs.GCD.gcd(GCD.java:19)
	at java_programs.GCD.gcd(GCD.java:19)
	at java_programs.GCD.gcd(GCD.java:19)
	at java_programs.GCD.gcd(GCD.java:19)
	at java_programs.GCD.gcd(GCD.java:19)
	at java_programs.GCD.gcd(GCD.java:19)
	at java_programs.GCD.gcd(GCD.java:19)
	at java_programs.GCD.gcd(GCD.java:19)
	at java_programs.GCD.gcd(GCD.java:19)
	at java_programs.GCD.gcd(GCD.java:19)
	at java_programs.GCD.gcd(GCD.java:19)
	at java_programs.GCD.gcd(GCD.java:19)
	at java_programs.GCD.gcd(GCD.java:19)
	at java_programs.GCD.gcd(GCD.java:19)
	at java_programs.GCD.gcd(GCD.java:19)
	at java_programs.GCD.gcd(GCD.java:19)
	at java_programs.GCD.gcd(GCD.java:19)
	at java_programs.GCD.gcd(GCD.java:19)
	at java_programs.GCD.gcd(GCD.java:19)
	at java_programs.GCD.gcd(GCD.java:19)
	at java_programs.GCD.gcd(GCD.java:19)
	at java_programs.GCD.gcd(GCD.java:19)
	at java_programs.GCD.gcd(GCD.java:19)
	at java_programs.GCD.gcd(GCD.java:19)
	at java_programs.GCD.gcd(GCD.java:19)
	at java_programs.GCD.gcd(GCD.java:19)
	at java_programs.GCD.gcd(GCD.java:19)
	at java_programs.GCD.gcd(GCD.java:19)
	at java_programs.GCD.gcd(GCD.java:19)
	at java_programs.GCD.gcd(GCD.java:19)
	at java_programs.GCD.gcd(GCD.java:19)
	at java_programs.GCD.gcd(GCD.java:19)
	at java_programs.GCD.gcd(GCD.java:19)
	at java_programs.GCD.gcd(GCD.java:19)
	at java_programs.GCD.gcd(GCD.java:19)
	at java_programs.GCD.gcd(GCD.java:19)
	at java_programs.GCD.gcd(GCD.java:19)
	at java_programs.GCD.gcd(GCD.java:19)
	at java_programs.GCD.gcd(GCD.java:19)
	at java_programs.GCD.gcd(GCD.java:19)
	at java_programs.GCD.gcd(GCD.java:19)
	at java_programs.GCD.gcd(GCD.java:19)
	at java_programs.GCD.gcd(GCD.java:19)
	at java_programs.GCD.gcd(GCD.java:19)
	at java_programs.GCD.gcd(GCD.java:19)
	at java_programs.GCD.gcd(GCD.java:19)
	at java_programs.GCD.gcd(GCD.java:19)
	at java_programs.GCD.gcd(GCD.java:19)
	at java_programs.GCD.gcd(GCD.java:19)
	at java_programs.GCD.gcd(GCD.java:19)
	at java_programs.GCD.gcd(GCD.java:19)
	at java_programs.GCD.gcd(GCD.java:19)
	at java_programs.GCD.gcd(GCD.java:19)
	at java_programs.GCD.gcd(GCD.java:19)
	at java_programs.GCD.gcd(GCD.java:19)
	at java_programs.GCD.gcd(GCD.java:19)
	at java_programs.GCD.gcd(GCD.java:19)
	at java_programs.GCD.gcd(GCD.java:19)
	at java_programs.GCD.gcd(GCD.java:19)
	at java_programs.GCD.gcd(GCD.java:19)
	at java_programs.GCD.gcd(GCD.java:19)
	at java_programs.GCD.gcd(GCD.java:19)
	at java_programs.GCD.gcd(GCD.java:19)
	at java_programs.GCD.gcd(GCD.java:19)
	at java_programs.GCD.gcd(GCD.java:19)
	at java_programs.GCD.gcd(GCD.java:19)
	at java_programs.GCD.gcd(GCD.java:19)
	at java_programs.GCD.gcd(GCD.java:19)
	at java_programs.GCD.gcd(GCD.java:19)
	at java_programs.GCD.gcd(GCD.java:19)
	at java_programs.GCD.gcd(GCD.java:19)
	at java_programs.GCD.gcd(GCD.java:19)
	at java_programs.GCD.gcd(GCD.java:19)
	at java_programs.GCD.gcd(GCD.java:19)
	at java_programs.GCD.gcd(GCD.java:19)
	at java_programs.GCD.gcd(GCD.java:19)
	at java_programs.GCD.gcd(GCD.java:19)
	at java_programs.GCD.gcd(GCD.java:19)
	at java_programs.GCD.gcd(GCD.java:19)
	at java_programs.GCD.gcd(GCD.java:19)
	at java_programs.GCD.gcd(GCD.java:19)
	at java_programs.GCD.gcd(GCD.java:19)
	at java_programs.GCD.gcd(GCD.java:19)
	at java_programs.GCD.gcd(GCD.java:19)
	at java_programs.GCD.gcd(GCD.java:19)
	at java_programs.GCD.gcd(GCD.java:19)
	at java_programs.GCD.gcd(GCD.java:19)
	at java_programs.GCD.gcd(GCD.java:19)
	at java_programs.GCD.gcd(GCD.java:19)
	at java_programs.GCD.gcd(GCD.java:19)
	at java_programs.GCD.gcd(GCD.java:19)
	at java_programs.GCD.gcd(GCD.java:19)
	at java_programs.GCD.gcd(GCD.java:19)
	at java_programs.GCD.gcd(GCD.java:19)
	at java_programs.GCD.gcd(GCD.java:19)
	at java_programs.GCD.gcd(GCD.java:19)
	at java_programs.GCD.gcd(GCD.java:19)
	at java_programs.GCD.gcd(GCD.java:19)
	at java_programs.GCD.gcd(GCD.java:19)
	at java_programs.GCD.gcd(GCD.java:19)
	at java_programs.GCD.gcd(GCD.java:19)
	at java_programs.GCD.gcd(GCD.java:19)
	at java_programs.GCD.gcd(GCD.java:19)
	at java_programs.GCD.gcd(GCD.java:19)
	at java_programs.GCD.gcd(GCD.java:19)
	at java_programs.GCD.gcd(GCD.java:19)
	at java_programs.GCD.gcd(GCD.java:19)
	at java_programs.GCD.gcd(GCD.java:19)
	at java_programs.GCD.gcd(GCD.java:19)
	at java_programs.GCD.gcd(GCD.java:19)
	at java_programs.GCD.gcd(GCD.java:19)
	at java_programs.GCD.gcd(GCD.java:19)
	at java_programs.GCD.gcd(GCD.java:19)
	at java_programs.GCD.gcd(GCD.java:19)
	at java_programs.GCD.gcd(GCD.java:19)
	at java_programs.GCD.gcd(GCD.java:19)
	at java_programs.GCD.gcd(GCD.java:19)
	at java_programs.GCD.gcd(GCD.java:19)
	at java_programs.GCD.gcd(GCD.java:19)
	at java_programs.GCD.gcd(GCD.java:19)
	at java_programs.GCD.gcd(GCD.java:19)
	at java_programs.GCD.gcd(GCD.java:19)
	at java_programs.GCD.gcd(GCD.java:19)
	at java_programs.GCD.gcd(GCD.java:19)
	at java_programs.GCD.gcd(GCD.java:19)
	at java_programs.GCD.gcd(GCD.java:19)
	at java_programs.GCD.gcd(GCD.java:19)
	at java_programs.GCD.gcd(GCD.java:19)
	at java_programs.GCD.gcd(GCD.java:19)
	at java_programs.GCD.gcd(GCD.java:19)
	at java_programs.GCD.gcd(GCD.java:19)
	at java_programs.GCD.gcd(GCD.java:19)
	at java_programs.GCD.gcd(GCD.java:19)
	at java_programs.GCD.gcd(GCD.java:19)
	at java_programs.GCD.gcd(GCD.java:19)
	at java_programs.GCD.gcd(GCD.java:19)
	at java_programs.GCD.gcd(GCD.java:19)
	at java_programs.GCD.gcd(GCD.java:19)
	at java_programs.GCD.gcd(GCD.java:19)
	at java_programs.GCD.gcd(GCD.java:19)
	at java_programs.GCD.gcd(GCD.java:19)
	at java_programs.GCD.gcd(GCD.java:19)
	at java_programs.GCD.gcd(GCD.java:19)
	at java_programs.GCD.gcd(GCD.java:19)
	at java_programs.GCD.gcd(GCD.java:19)
	at java_programs.GCD.gcd(GCD.java:19)
	at java_programs.GCD.gcd(GCD.java:19)
	at java_programs.GCD.gcd(GCD.java:19)
	at java_programs.GCD.gcd(GCD.java:19)
	at java_programs.GCD.gcd(GCD.java:19)
	at java_programs.GCD.gcd(GCD.java:19)
	at java_programs.GCD.gcd(GCD.java:19)
	at java_programs.GCD.gcd(GCD.java:19)
	at java_programs.GCD.gcd(GCD.java:19)
	at java_programs.GCD.gcd(GCD.java:19)
	at java_programs.GCD.gcd(GCD.java:19)
	at java_programs.GCD.gcd(GCD.java:19)
	at java_programs.GCD.gcd(GCD.java:19)
	at java_programs.GCD.gcd(GCD.java:19)
	at java_programs.GCD.gcd(GCD.java:19)
	at java_programs.GCD.gcd(GCD.java:19)
	at java_programs.GCD.gcd(GCD.java:19)
	at java_programs.GCD.gcd(GCD.java:19)
	at java_programs.GCD.gcd(GCD.java:19)
	at java_programs.GCD.gcd(GCD.java:19)
	at java_programs.GCD.gcd(GCD.java:19)
	at java_programs.GCD.gcd(GCD.java:19)
	at java_programs.GCD.gcd(GCD.java:19)
	at java_programs.GCD.gcd(GCD.java:19)
	at java_programs.GCD.gcd(GCD.java:19)
	at java_programs.GCD.gcd(GCD.java:19)
	at java_programs.GCD.gcd(GCD.java:19)
	at java_programs.GCD.gcd(GCD.java:19)
	at java_programs.GCD.gcd(GCD.java:19)
	at java_programs.GCD.gcd(GCD.java:19)
	at java_programs.GCD.gcd(GCD.java:19)
	at java_programs.GCD.gcd(GCD.java:19)
	at java_programs.GCD.gcd(GCD.java:19)
	at java_programs.GCD.gcd(GCD.java:19)
	at java_programs.GCD.gcd(GCD.java:19)
	at java_programs.GCD.gcd(GCD.java:19)
	at java_programs.GCD.gcd(GCD.java:19)
	at java_programs.GCD.gcd(GCD.java:19)
	at java_programs.GCD.gcd(GCD.java:19)
	at java_programs.GCD.gcd(GCD.java:19)
	at java_programs.GCD.gcd(GCD.java:19)
	at java_programs.GCD.gcd(GCD.java:19)
	at java_programs.GCD.gcd(GCD.java:19)
	at java_programs.GCD.gcd(GCD.java:19)
	at java_programs.GCD.gcd(GCD.java:19)
	at java_programs.GCD.gcd(GCD.java:19)
	at java_programs.GCD.gcd(GCD.java:19)
	at java_programs.GCD.gcd(GCD.java:19)
	at java_programs.GCD.gcd(GCD.java:19)
	at java_programs.GCD.gcd(GCD.java:19)
	at java_programs.GCD.gcd(GCD.java:19)
	at java_programs.GCD.gcd(GCD.java:19)
	at java_programs.GCD.gcd(GCD.java:19)
	at java_programs.GCD.gcd(GCD.java:19)
	at java_programs.GCD.gcd(GCD.java:19)
	at java_programs.GCD.gcd(GCD.java:19)
	at java_programs.GCD.gcd(GCD.java:19)
	at java_programs.GCD.gcd(GCD.java:19)
	at java_programs.GCD.gcd(GCD.java:19)
	at java_programs.GCD.gcd(GCD.java:19)
	at java_programs.GCD.gcd(GCD.java:19)
	at java_programs.GCD.gcd(GCD.java:19)
	at java_programs.GCD.gcd(GCD.java:19)
	at java_programs.GCD.gcd(GCD.java:19)
	at java_programs.GCD.gcd(GCD.java:19)
	at java_programs.GCD.gcd(GCD.java:19)
	at java_programs.GCD.gcd(GCD.java:19)
	at java_programs.GCD.gcd(GCD.java:19)
	at java_programs.GCD.gcd(GCD.java:19)
	at java_programs.GCD.gcd(GCD.java:19)
	at java_programs.GCD.gcd(GCD.java:19)
	at java_programs.GCD.gcd(GCD.java:19)
	at java_programs.GCD.gcd(GCD.java:19)
	at java_programs.GCD.gcd(GCD.java:19)
	at java_programs.GCD.gcd(GCD.java:19)
	at java_programs.GCD.gcd(GCD.java:19)
	at java_programs.GCD.gcd(GCD.java:19)
	at java_programs.GCD.gcd(GCD.java:19)
	at java_programs.GCD.gcd(GCD.java:19)
	at java_programs.GCD.gcd(GCD.java:19)
	at java_programs.GCD.gcd(GCD.java:19)
	at java_programs.GCD.gcd(GCD.java:19)
	at java_programs.GCD.gcd(GCD.java:19)
	at java_programs.GCD.gcd(GCD.java:19)
	at java_programs.GCD.gcd(GCD.java:19)
	at java_programs.GCD.gcd(GCD.java:19)
	at java_programs.GCD.gcd(GCD.java:19)
	at java_programs.GCD.gcd(GCD.java:19)
	at java_programs.GCD.gcd(GCD.java:19)
	at java_programs.GCD.gcd(GCD.java:19)
	at java_programs.GCD.gcd(GCD.java:19)
	at java_programs.GCD.gcd(GCD.java:19)
	at java_programs.GCD.gcd(GCD.java:19)
	at java_programs.GCD.gcd(GCD.java:19)
	at java_programs.GCD.gcd(GCD.java:19)
	at java_programs.GCD.gcd(GCD.java:19)
	at java_programs.GCD.gcd(GCD.java:19)
	at java_programs.GCD.gcd(GCD.java:19)
	at java_programs.GCD.gcd(GCD.java:19)
	at java_programs.GCD.gcd(GCD.java:19)
	at java_programs.GCD.gcd(GCD.java:19)
	at java_programs.GCD.gcd(GCD.java:19)
	at java_programs.GCD.gcd(GCD.java:19)
	at java_programs.GCD.gcd(GCD.java:19)
	at java_programs.GCD.gcd(GCD.java:19)
	at java_programs.GCD.gcd(GCD.java:19)
	at java_programs.GCD.gcd(GCD.java:19)
	at java_programs.GCD.gcd(GCD.java:19)
	at java_programs.GCD.gcd(GCD.java:19)
	at java_programs.GCD.gcd(GCD.java:19)
	at java_programs.GCD.gcd(GCD.java:19)
	at java_programs.GCD.gcd(GCD.java:19)
	at java_programs.GCD.gcd(GCD.java:19)
	at java_programs.GCD.gcd(GCD.java:19)
	at java_programs.GCD.gcd(GCD.java:19)
	at java_programs.GCD.gcd(GCD.java:19)
	at java_programs.GCD.gcd(GCD.java:19)
	at java_programs.GCD.gcd(GCD.java:19)
	at java_programs.GCD.gcd(GCD.java:19)
	at java_programs.GCD.gcd(GCD.java:19)
	at java_programs.GCD.gcd(GCD.java:19)
	at java_programs.GCD.gcd(GCD.java:19)
	at java_programs.GCD.gcd(GCD.java:19)
	at java_programs.GCD.gcd(GCD.java:19)
	at java_programs.GCD.gcd(GCD.java:19)
	at java_programs.GCD.gcd(GCD.java:19)
	at java_programs.GCD.gcd(GCD.java:19)
	at java_programs.GCD.gcd(GCD.java:19)
	at java_programs.GCD.gcd(GCD.java:19)
	at java_programs.GCD.gcd(GCD.java:19)
	at java_programs.GCD.gcd(GCD.java:19)
	at java_programs.GCD.gcd(GCD.java:19)
	at java_programs.GCD.gcd(GCD.java:19)
	at java_programs.GCD.gcd(GCD.java:19)
	at java_programs.GCD.gcd(GCD.java:19)
	at java_programs.GCD.gcd(GCD.java:19)
	at java_programs.GCD.gcd(GCD.java:19)
	at java_programs.GCD.gcd(GCD.java:19)
	at java_programs.GCD.gcd(GCD.java:19)
	at java_programs.GCD.gcd(GCD.java:19)
	at java_programs.GCD.gcd(GCD.java:19)
	at java_programs.GCD.gcd(GCD.java:19)
	at java_programs.GCD.gcd(GCD.java:19)
	at java_programs.GCD.gcd(GCD.java:19)
	at java_programs.GCD.gcd(GCD.java:19)
	at java_programs.GCD.gcd(GCD.java:19)
	at java_programs.GCD.gcd(GCD.java:19)
	at java_programs.GCD.gcd(GCD.java:19)
	at java_programs.GCD.gcd(GCD.java:19)
	at java_programs.GCD.gcd(GCD.java:19)
	at java_programs.GCD.gcd(GCD.java:19)
	at java_programs.GCD.gcd(GCD.java:19)
	at java_programs.GCD.gcd(GCD.java:19)
	at java_programs.GCD.gcd(GCD.java:19)
	at java_programs.GCD.gcd(GCD.java:19)
	at java_programs.GCD.gcd(GCD.java:19)
	at java_programs.GCD.gcd(GCD.java:19)
	at java_programs.GCD.gcd(GCD.java:19)
	at java_programs.GCD.gcd(GCD.java:19)
	at java_programs.GCD.gcd(GCD.java:19)
	at java_programs.GCD.gcd(GCD.java:19)
	at java_programs.GCD.gcd(GCD.java:19)
	at java_programs.GCD.gcd(GCD.java:19)
	at java_programs.GCD.gcd(GCD.java:19)
	at java_programs.GCD.gcd(GCD.java:19)
	at java_programs.GCD.gcd(GCD.java:19)
	at java_programs.GCD.gcd(GCD.java:19)
	at java_programs.GCD.gcd(GCD.java:19)
	at java_programs.GCD.gcd(GCD.java:19)
	at java_programs.GCD.gcd(GCD.java:19)
	at java_programs.GCD.gcd(GCD.java:19)
	at java_programs.GCD.gcd(GCD.java:19)
	at java_programs.GCD.gcd(GCD.java:19)
	at java_programs.GCD.gcd(GCD.java:19)
	at java_programs.GCD.gcd(GCD.java:19)
	at java_programs.GCD.gcd(GCD.java:19)
	at java_programs.GCD.gcd(GCD.java:19)
	at java_programs.GCD.gcd(GCD.java:19)
	at java_programs.GCD.gcd(GCD.java:19)
	at java_programs.GCD.gcd(GCD.java:19)
	at java_programs.GCD.gcd(GCD.java:19)
	at java_programs.GCD.gcd(GCD.java:19)
	at java_programs.GCD.gcd(GCD.java:19)
	at java_programs.GCD.gcd(GCD.java:19)
	at java_programs.GCD.gcd(GCD.java:19)
	at java_programs.GCD.gcd(GCD.java:19)
	at java_programs.GCD.gcd(GCD.java:19)
	at java_programs.GCD.gcd(GCD.java:19)
	at java_programs.GCD.gcd(GCD.java:19)
	at java_programs.GCD.gcd(GCD.java:19)
	at java_programs.GCD.gcd(GCD.java:19)
	at java_programs.GCD.gcd(GCD.java:19)
	at java_programs.GCD.gcd(GCD.java:19)
	at java_programs.GCD.gcd(GCD.java:19)
	at java_programs.GCD.gcd(GCD.java:19)
	at java_programs.GCD.gcd(GCD.java:19)
	at java_programs.GCD.gcd(GCD.java:19)
	at java_programs.GCD.gcd(GCD.java:19)
	at java_programs.GCD.gcd(GCD.java:19)
	at java_programs.GCD.gcd(GCD.java:19)
	at java_programs.GCD.gcd(GCD.java:19)
	at java_programs.GCD.gcd(GCD.java:19)
	at java_programs.GCD.gcd(GCD.java:19)
	at java_programs.GCD.gcd(GCD.java:19)
	at java_programs.GCD.gcd(GCD.java:19)
	at java_programs.GCD.gcd(GCD.java:19)
	at java_programs.GCD.gcd(GCD.java:19)
	at java_programs.GCD.gcd(GCD.java:19)
	at java_programs.GCD.gcd(GCD.java:19)
	at java_programs.GCD.gcd(GCD.java:19)
	at java_programs.GCD.gcd(GCD.java:19)
	at java_programs.GCD.gcd(GCD.java:19)
	at java_programs.GCD.gcd(GCD.java:19)
	at java_programs.GCD.gcd(GCD.java:19)
	at java_programs.GCD.gcd(GCD.java:19)
	at java_programs.GCD.gcd(GCD.java:19)
	at java_programs.GCD.gcd(GCD.java:19)
	at java_programs.GCD.gcd(GCD.java:19)
	at java_programs.GCD.gcd(GCD.java:19)
	at java_programs.GCD.gcd(GCD.java:19)
	at java_programs.GCD.gcd(GCD.java:19)
	at java_programs.GCD.gcd(GCD.java:19)
	at java_programs.GCD.gcd(GCD.java:19)
	at java_programs.GCD.gcd(GCD.java:19)
	at java_programs.GCD.gcd(GCD.java:19)
	at java_programs.GCD.gcd(GCD.java:19)
	at java_programs.GCD.gcd(GCD.java:19)
	at java_programs.GCD.gcd(GCD.java:19)
	at java_programs.GCD.gcd(GCD.java:19)
	at java_programs.GCD.gcd(GCD.java:19)
	at java_programs.GCD.gcd(GCD.java:19)
	at java_programs.GCD.gcd(GCD.java:19)
	at java_programs.GCD.gcd(GCD.java:19)
	at java_programs.GCD.gcd(GCD.java:19)
	at java_programs.GCD.gcd(GCD.java:19)
	at java_programs.GCD.gcd(GCD.java:19)
	at java_programs.GCD.gcd(GCD.java:19)
	at java_programs.GCD.gcd(GCD.java:19)
	at java_programs.GCD.gcd(GCD.java:19)
	at java_programs.GCD.gcd(GCD.java:19)
	at java_programs.GCD.gcd(GCD.java:19)
	at java_programs.GCD.gcd(GCD.java:19)
	at java_programs.GCD.gcd(GCD.java:19)
	at java_programs.GCD.gcd(GCD.java:19)
	at java_programs.GCD.gcd(GCD.java:19)
	at java_programs.GCD.gcd(GCD.java:19)
	at java_programs.GCD.gcd(GCD.java:19)
	at java_programs.GCD.gcd(GCD.java:19)
	at java_programs.GCD.gcd(GCD.java:19)
	at java_programs.GCD.gcd(GCD.java:19)
	at java_programs.GCD.gcd(GCD.java:19)
	at java_programs.GCD.gcd(GCD.java:19)
	at java_programs.GCD.gcd(GCD.java:19)
	at java_programs.GCD.gcd(GCD.java:19)
	at java_programs.GCD.gcd(GCD.java:19)
	at java_programs.GCD.gcd(GCD.java:19)
	at java_programs.GCD.gcd(GCD.java:19)
	at java_programs.GCD.gcd(GCD.java:19)
	at java_programs.GCD.gcd(GCD.java:19)
	at java_programs.GCD.gcd(GCD.java:19)
	at java_programs.GCD.gcd(GCD.java:19)
	at java_programs.GCD.gcd(GCD.java:19)
	at java_programs.GCD.gcd(GCD.java:19)
	at java_programs.GCD.gcd(GCD.java:19)
	at java_programs.GCD.gcd(GCD.java:19)
	at java_programs.GCD.gcd(GCD.java:19)
	at java_programs.GCD.gcd(GCD.java:19)
	at java_programs.GCD.gcd(GCD.java:19)
	at java_programs.GCD.gcd(GCD.java:19)
	at java_programs.GCD.gcd(GCD.java:19)
	at java_programs.GCD.gcd(GCD.java:19)
	at java_programs.GCD.gcd(GCD.java:19)
	at java_programs.GCD.gcd(GCD.java:19)
	at java_programs.GCD.gcd(GCD.java:19)
	at java_programs.GCD.gcd(GCD.java:19)
	at java_programs.GCD.gcd(GCD.java:19)
	at java_programs.GCD.gcd(GCD.java:19)
	at java_programs.GCD.gcd(GCD.java:19)
	at java_programs.GCD.gcd(GCD.java:19)
	at java_programs.GCD.gcd(GCD.java:19)
	at java_programs.GCD.gcd(GCD.java:19)
	at java_programs.GCD.gcd(GCD.java:19)
	at java_programs.GCD.gcd(GCD.java:19)
	at java_programs.GCD.gcd(GCD.java:19)
	at java_programs.GCD.gcd(GCD.java:19)
	at java_programs.GCD.gcd(GCD.java:19)
	at java_programs.GCD.gcd(GCD.java:19)
	at java_programs.GCD.gcd(GCD.java:19)
	at java_programs.GCD.gcd(GCD.java:19)
	at java_programs.GCD.gcd(GCD.java:19)
	at java_programs.GCD.gcd(GCD.java:19)
	at java_programs.GCD.gcd(GCD.java:19)
	at java_programs.GCD.gcd(GCD.java:19)
	at java_programs.GCD.gcd(GCD.java:19)
	at java_programs.GCD.gcd(GCD.java:19)
	at java_programs.GCD.gcd(GCD.java:19)
	at java_programs.GCD.gcd(GCD.java:19)
	at java_programs.GCD.gcd(GCD.java:19)
	at java_programs.GCD.gcd(GCD.java:19)
	at java_programs.GCD.gcd(GCD.java:19)
	at java_programs.GCD.gcd(GCD.java:19)
	at java_programs.GCD.gcd(GCD.java:19)
	at java_programs.GCD.gcd(GCD.java:19)
	at java_programs.GCD.gcd(GCD.java:19)
	at java_programs.GCD.gcd(GCD.java:19)
	at java_programs.GCD.gcd(GCD.java:19)
	at java_programs.GCD.gcd(GCD.java:19)
	at java_programs.GCD.gcd(GCD.java:19)
	at java_programs.GCD.gcd(GCD.java:19)
	at java_programs.GCD.gcd(GCD.java:19)
	at java_programs.GCD.gcd(GCD.java:19)
	at java_programs.GCD.gcd(GCD.java:19)
	at java_programs.GCD.gcd(GCD.java:19)
	at java_programs.GCD.gcd(GCD.java:19)
	at java_programs.GCD.gcd(GCD.java:19)
	at java_programs.GCD.gcd(GCD.java:19)
	at java_programs.GCD.gcd(GCD.java:19)
	at java_programs.GCD.gcd(GCD.java:19)
	at java_programs.GCD.gcd(GCD.java:19)
	at java_programs.GCD.gcd(GCD.java:19)
	at java_programs.GCD.gcd(GCD.java:19)
	at java_programs.GCD.gcd(GCD.java:19)
	at java_programs.GCD.gcd(GCD.java:19)
	at java_programs.GCD.gcd(GCD.java:19)
	at java_programs.GCD.gcd(GCD.java:19)
	at java_programs.GCD.gcd(GCD.java:19)
	at java_programs.GCD.gcd(GCD.java:19)
	at java_programs.GCD.gcd(GCD.java:19)
	at java_programs.GCD.gcd(GCD.java:19)
	at java_programs.GCD.gcd(GCD.java:19)
	at java_programs.GCD.gcd(GCD.java:19)
	at java_programs.GCD.gcd(GCD.java:19)
	at java_programs.GCD.gcd(GCD.java:19)
	at java_programs.GCD.gcd(GCD.java:19)
	at java_programs.GCD.gcd(GCD.java:19)
	at java_programs.GCD.gcd(GCD.java:19)
	at java_programs.GCD.gcd(GCD.java:19)
	at java_programs.GCD.gcd(GCD.java:19)
	at java_programs.GCD.gcd(GCD.java:19)
	at java_programs.GCD.gcd(GCD.java:19)
	at java_programs.GCD.gcd(GCD.java:19)
	at java_programs.GCD.gcd(GCD.java:19)
	at java_programs.GCD.gcd(GCD.java:19)
	at java_programs.GCD.gcd(GCD.java:19)
	at java_programs.GCD.gcd(GCD.java:19)
	at java_programs.GCD.gcd(GCD.java:19)
	at java_programs.GCD.gcd(GCD.java:19)
	at java_programs.GCD.gcd(GCD.java:19)
	at java_programs.GCD.gcd(GCD.java:19)
	at java_programs.GCD.gcd(GCD.java:19)
	at java_programs.GCD.gcd(GCD.java:19)
	at java_programs.GCD.gcd(GCD.java:19)
	at java_programs.GCD.gcd(GCD.java:19)
	at java_programs.GCD.gcd(GCD.java:19)
	at java_programs.GCD.gcd(GCD.java:19)
	at java_programs.GCD.gcd(GCD.java:19)
	at java_programs.GCD.gcd(GCD.java:19)
	at java_programs.GCD.gcd(GCD.java:19)
	at java_programs.GCD.gcd(GCD.java:19)
	at java_programs.GCD.gcd(GCD.java:19)
	at java_programs.GCD.gcd(GCD.java:19)
	at java_programs.GCD.gcd(GCD.java:19)
	at java_programs.GCD.gcd(GCD.java:19)
	at java_programs.GCD.gcd(GCD.java:19)
	at java_programs.GCD.gcd(GCD.java:19)
	at java_programs.GCD.gcd(GCD.java:19)
	at java_programs.GCD.gcd(GCD.java:19)
	at java_programs.GCD.gcd(GCD.java:19)
	at java_programs.GCD.gcd(GCD.java:19)
	at java_programs.GCD.gcd(GCD.java:19)
	at java_programs.GCD.gcd(GCD.java:19)
	at java_programs.GCD.gcd(GCD.java:19)
	at java_programs.GCD.gcd(GCD.java:19)
	at java_programs.GCD.gcd(GCD.java:19)
	at java_programs.GCD.gcd(GCD.java:19)
	at java_programs.GCD.gcd(GCD.java:19)
	at java_programs.GCD.gcd(GCD.java:19)
	at java_programs.GCD.gcd(GCD.java:19)
	at java_programs.GCD.gcd(GCD.java:19)
	at java_programs.GCD.gcd(GCD.java:19)
	at java_programs.GCD.gcd(GCD.java:19)
	at java_programs.GCD.gcd(GCD.java:19)
	at java_programs.GCD.gcd(GCD.java:19)
	at java_programs.GCD.gcd(GCD.java:19)
	at java_programs.GCD.gcd(GCD.java:19)
	at java_programs.GCD.gcd(GCD.java:19)
	at java_programs.GCD.gcd(GCD.java:19)
	at java_programs.GCD.gcd(GCD.java:19)
	at java_programs.GCD.gcd(GCD.java:19)
	at java_programs.GCD.gcd(GCD.java:19)
	at java_programs.GCD.gcd(GCD.java:19)
	at java_programs.GCD.gcd(GCD.java:19)
	at java_programs.GCD.gcd(GCD.java:19)
	at java_programs.GCD.gcd(GCD.java:19)
	at java_programs.GCD.gcd(GCD.java:19)
	at java_programs.GCD.gcd(GCD.java:19)
	at java_programs.GCD.gcd(GCD.java:19)
	at java_programs.GCD.gcd(GCD.java:19)
	at java_programs.GCD.gcd(GCD.java:19)
	at java_programs.GCD.gcd(GCD.java:19)
	at java_programs.GCD.gcd(GCD.java:19)
	at java_programs.GCD.gcd(GCD.java:19)
	at java_programs.GCD.gcd(GCD.java:19)
	at java_programs.GCD.gcd(GCD.java:19)
	at java_programs.GCD.gcd(GCD.java:19)
	at java_programs.GCD.gcd(GCD.java:19)
	at java_programs.GCD.gcd(GCD.java:19)
	at java_programs.GCD.gcd(GCD.java:19)
	at java_programs.GCD.gcd(GCD.java:19)
	at java_programs.GCD.gcd(GCD.java:19)
	at java_programs.GCD.gcd(GCD.java:19)
	at java_programs.GCD.gcd(GCD.java:19)
	at java_programs.GCD.gcd(GCD.java:19)
	at java_programs.GCD.gcd(GCD.java:19)
	at java_programs.GCD.gcd(GCD.java:19)
</failure>
  </testcase>
  <testcase name="test_4" classname="java_testcases.junit.GCD_TEST" time="0.01">
    <failure message="java.lang.StackOverflowError" type="java.lang.StackOverflowError">java.lang.StackOverflowError
	at java_programs.GCD.gcd(GCD.java:19)
	at java_programs.GCD.gcd(GCD.java:19)
	at java_programs.GCD.gcd(GCD.java:19)
	at java_programs.GCD.gcd(GCD.java:19)
	at java_programs.GCD.gcd(GCD.java:19)
	at java_programs.GCD.gcd(GCD.java:19)
	at java_programs.GCD.gcd(GCD.java:19)
	at java_programs.GCD.gcd(GCD.java:19)
	at java_programs.GCD.gcd(GCD.java:19)
	at java_programs.GCD.gcd(GCD.java:19)
	at java_programs.GCD.gcd(GCD.java:19)
	at java_programs.GCD.gcd(GCD.java:19)
	at java_programs.GCD.gcd(GCD.java:19)
	at java_programs.GCD.gcd(GCD.java:19)
	at java_programs.GCD.gcd(GCD.java:19)
	at java_programs.GCD.gcd(GCD.java:19)
	at java_programs.GCD.gcd(GCD.java:19)
	at java_programs.GCD.gcd(GCD.java:19)
	at java_programs.GCD.gcd(GCD.java:19)
	at java_programs.GCD.gcd(GCD.java:19)
	at java_programs.GCD.gcd(GCD.java:19)
	at java_programs.GCD.gcd(GCD.java:19)
	at java_programs.GCD.gcd(GCD.java:19)
	at java_programs.GCD.gcd(GCD.java:19)
	at java_programs.GCD.gcd(GCD.java:19)
	at java_programs.GCD.gcd(GCD.java:19)
	at java_programs.GCD.gcd(GCD.java:19)
	at java_programs.GCD.gcd(GCD.java:19)
	at java_programs.GCD.gcd(GCD.java:19)
	at java_programs.GCD.gcd(GCD.java:19)
	at java_programs.GCD.gcd(GCD.java:19)
	at java_programs.GCD.gcd(GCD.java:19)
	at java_programs.GCD.gcd(GCD.java:19)
	at java_programs.GCD.gcd(GCD.java:19)
	at java_programs.GCD.gcd(GCD.java:19)
	at java_programs.GCD.gcd(GCD.java:19)
	at java_programs.GCD.gcd(GCD.java:19)
	at java_programs.GCD.gcd(GCD.java:19)
	at java_programs.GCD.gcd(GCD.java:19)
	at java_programs.GCD.gcd(GCD.java:19)
	at java_programs.GCD.gcd(GCD.java:19)
	at java_programs.GCD.gcd(GCD.java:19)
	at java_programs.GCD.gcd(GCD.java:19)
	at java_programs.GCD.gcd(GCD.java:19)
	at java_programs.GCD.gcd(GCD.java:19)
	at java_programs.GCD.gcd(GCD.java:19)
	at java_programs.GCD.gcd(GCD.java:19)
	at java_programs.GCD.gcd(GCD.java:19)
	at java_programs.GCD.gcd(GCD.java:19)
	at java_programs.GCD.gcd(GCD.java:19)
	at java_programs.GCD.gcd(GCD.java:19)
	at java_programs.GCD.gcd(GCD.java:19)
	at java_programs.GCD.gcd(GCD.java:19)
	at java_programs.GCD.gcd(GCD.java:19)
	at java_programs.GCD.gcd(GCD.java:19)
	at java_programs.GCD.gcd(GCD.java:19)
	at java_programs.GCD.gcd(GCD.java:19)
	at java_programs.GCD.gcd(GCD.java:19)
	at java_programs.GCD.gcd(GCD.java:19)
	at java_programs.GCD.gcd(GCD.java:19)
	at java_programs.GCD.gcd(GCD.java:19)
	at java_programs.GCD.gcd(GCD.java:19)
	at java_programs.GCD.gcd(GCD.java:19)
	at java_programs.GCD.gcd(GCD.java:19)
	at java_programs.GCD.gcd(GCD.java:19)
	at java_programs.GCD.gcd(GCD.java:19)
	at java_programs.GCD.gcd(GCD.java:19)
	at java_programs.GCD.gcd(GCD.java:19)
	at java_programs.GCD.gcd(GCD.java:19)
	at java_programs.GCD.gcd(GCD.java:19)
	at java_programs.GCD.gcd(GCD.java:19)
	at java_programs.GCD.gcd(GCD.java:19)
	at java_programs.GCD.gcd(GCD.java:19)
	at java_programs.GCD.gcd(GCD.java:19)
	at java_programs.GCD.gcd(GCD.java:19)
	at java_programs.GCD.gcd(GCD.java:19)
	at java_programs.GCD.gcd(GCD.java:19)
	at java_programs.GCD.gcd(GCD.java:19)
	at java_programs.GCD.gcd(GCD.java:19)
	at java_programs.GCD.gcd(GCD.java:19)
	at java_programs.GCD.gcd(GCD.java:19)
	at java_programs.GCD.gcd(GCD.java:19)
	at java_programs.GCD.gcd(GCD.java:19)
	at java_programs.GCD.gcd(GCD.java:19)
	at java_programs.GCD.gcd(GCD.java:19)
	at java_programs.GCD.gcd(GCD.java:19)
	at java_programs.GCD.gcd(GCD.java:19)
	at java_programs.GCD.gcd(GCD.java:19)
	at java_programs.GCD.gcd(GCD.java:19)
	at java_programs.GCD.gcd(GCD.java:19)
	at java_programs.GCD.gcd(GCD.java:19)
	at java_programs.GCD.gcd(GCD.java:19)
	at java_programs.GCD.gcd(GCD.java:19)
	at java_programs.GCD.gcd(GCD.java:19)
	at java_programs.GCD.gcd(GCD.java:19)
	at java_programs.GCD.gcd(GCD.java:19)
	at java_programs.GCD.gcd(GCD.java:19)
	at java_programs.GCD.gcd(GCD.java:19)
	at java_programs.GCD.gcd(GCD.java:19)
	at java_programs.GCD.gcd(GCD.java:19)
	at java_programs.GCD.gcd(GCD.java:19)
	at java_programs.GCD.gcd(GCD.java:19)
	at java_programs.GCD.gcd(GCD.java:19)
	at java_programs.GCD.gcd(GCD.java:19)
	at java_programs.GCD.gcd(GCD.java:19)
	at java_programs.GCD.gcd(GCD.java:19)
	at java_programs.GCD.gcd(GCD.java:19)
	at java_programs.GCD.gcd(GCD.java:19)
	at java_programs.GCD.gcd(GCD.java:19)
	at java_programs.GCD.gcd(GCD.java:19)
	at java_programs.GCD.gcd(GCD.java:19)
	at java_programs.GCD.gcd(GCD.java:19)
	at java_programs.GCD.gcd(GCD.java:19)
	at java_programs.GCD.gcd(GCD.java:19)
	at java_programs.GCD.gcd(GCD.java:19)
	at java_programs.GCD.gcd(GCD.java:19)
	at java_programs.GCD.gcd(GCD.java:19)
	at java_programs.GCD.gcd(GCD.java:19)
	at java_programs.GCD.gcd(GCD.java:19)
	at java_programs.GCD.gcd(GCD.java:19)
	at java_programs.GCD.gcd(GCD.java:19)
	at java_programs.GCD.gcd(GCD.java:19)
	at java_programs.GCD.gcd(GCD.java:19)
	at java_programs.GCD.gcd(GCD.java:19)
	at java_programs.GCD.gcd(GCD.java:19)
	at java_programs.GCD.gcd(GCD.java:19)
	at java_programs.GCD.gcd(GCD.java:19)
	at java_programs.GCD.gcd(GCD.java:19)
	at java_programs.GCD.gcd(GCD.java:19)
	at java_programs.GCD.gcd(GCD.java:19)
	at java_programs.GCD.gcd(GCD.java:19)
	at java_programs.GCD.gcd(GCD.java:19)
	at java_programs.GCD.gcd(GCD.java:19)
	at java_programs.GCD.gcd(GCD.java:19)
	at java_programs.GCD.gcd(GCD.java:19)
	at java_programs.GCD.gcd(GCD.java:19)
	at java_programs.GCD.gcd(GCD.java:19)
	at java_programs.GCD.gcd(GCD.java:19)
	at java_programs.GCD.gcd(GCD.java:19)
	at java_programs.GCD.gcd(GCD.java:19)
	at java_programs.GCD.gcd(GCD.java:19)
	at java_programs.GCD.gcd(GCD.java:19)
	at java_programs.GCD.gcd(GCD.java:19)
	at java_programs.GCD.gcd(GCD.java:19)
	at java_programs.GCD.gcd(GCD.java:19)
	at java_programs.GCD.gcd(GCD.java:19)
	at java_programs.GCD.gcd(GCD.java:19)
	at java_programs.GCD.gcd(GCD.java:19)
	at java_programs.GCD.gcd(GCD.java:19)
	at java_programs.GCD.gcd(GCD.java:19)
	at java_programs.GCD.gcd(GCD.java:19)
	at java_programs.GCD.gcd(GCD.java:19)
	at java_programs.GCD.gcd(GCD.java:19)
	at java_programs.GCD.gcd(GCD.java:19)
	at java_programs.GCD.gcd(GCD.java:19)
	at java_programs.GCD.gcd(GCD.java:19)
	at java_programs.GCD.gcd(GCD.java:19)
	at java_programs.GCD.gcd(GCD.java:19)
	at java_programs.GCD.gcd(GCD.java:19)
	at java_programs.GCD.gcd(GCD.java:19)
	at java_programs.GCD.gcd(GCD.java:19)
	at java_programs.GCD.gcd(GCD.java:19)
	at java_programs.GCD.gcd(GCD.java:19)
	at java_programs.GCD.gcd(GCD.java:19)
	at java_programs.GCD.gcd(GCD.java:19)
	at java_programs.GCD.gcd(GCD.java:19)
	at java_programs.GCD.gcd(GCD.java:19)
	at java_programs.GCD.gcd(GCD.java:19)
	at java_programs.GCD.gcd(GCD.java:19)
	at java_programs.GCD.gcd(GCD.java:19)
	at java_programs.GCD.gcd(GCD.java:19)
	at java_programs.GCD.gcd(GCD.java:19)
	at java_programs.GCD.gcd(GCD.java:19)
	at java_programs.GCD.gcd(GCD.java:19)
	at java_programs.GCD.gcd(GCD.java:19)
	at java_programs.GCD.gcd(GCD.java:19)
	at java_programs.GCD.gcd(GCD.java:19)
	at java_programs.GCD.gcd(GCD.java:19)
	at java_programs.GCD.gcd(GCD.java:19)
	at java_programs.GCD.gcd(GCD.java:19)
	at java_programs.GCD.gcd(GCD.java:19)
	at java_programs.GCD.gcd(GCD.java:19)
	at java_programs.GCD.gcd(GCD.java:19)
	at java_programs.GCD.gcd(GCD.java:19)
	at java_programs.GCD.gcd(GCD.java:19)
	at java_programs.GCD.gcd(GCD.java:19)
	at java_programs.GCD.gcd(GCD.java:19)
	at java_programs.GCD.gcd(GCD.java:19)
	at java_programs.GCD.gcd(GCD.java:19)
	at java_programs.GCD.gcd(GCD.java:19)
	at java_programs.GCD.gcd(GCD.java:19)
	at java_programs.GCD.gcd(GCD.java:19)
	at java_programs.GCD.gcd(GCD.java:19)
	at java_programs.GCD.gcd(GCD.java:19)
	at java_programs.GCD.gcd(GCD.java:19)
	at java_programs.GCD.gcd(GCD.java:19)
	at java_programs.GCD.gcd(GCD.java:19)
	at java_programs.GCD.gcd(GCD.java:19)
	at java_programs.GCD.gcd(GCD.java:19)
	at java_programs.GCD.gcd(GCD.java:19)
	at java_programs.GCD.gcd(GCD.java:19)
	at java_programs.GCD.gcd(GCD.java:19)
	at java_programs.GCD.gcd(GCD.java:19)
	at java_programs.GCD.gcd(GCD.java:19)
	at java_programs.GCD.gcd(GCD.java:19)
	at java_programs.GCD.gcd(GCD.java:19)
	at java_programs.GCD.gcd(GCD.java:19)
	at java_programs.GCD.gcd(GCD.java:19)
	at java_programs.GCD.gcd(GCD.java:19)
	at java_programs.GCD.gcd(GCD.java:19)
	at java_programs.GCD.gcd(GCD.java:19)
	at java_programs.GCD.gcd(GCD.java:19)
	at java_programs.GCD.gcd(GCD.java:19)
	at java_programs.GCD.gcd(GCD.java:19)
	at java_programs.GCD.gcd(GCD.java:19)
	at java_programs.GCD.gcd(GCD.java:19)
	at java_programs.GCD.gcd(GCD.java:19)
	at java_programs.GCD.gcd(GCD.java:19)
	at java_programs.GCD.gcd(GCD.java:19)
	at java_programs.GCD.gcd(GCD.java:19)
	at java_programs.GCD.gcd(GCD.java:19)
	at java_programs.GCD.gcd(GCD.java:19)
	at java_programs.GCD.gcd(GCD.java:19)
	at java_programs.GCD.gcd(GCD.java:19)
	at java_programs.GCD.gcd(GCD.java:19)
	at java_programs.GCD.gcd(GCD.java:19)
	at java_programs.GCD.gcd(GCD.java:19)
	at java_programs.GCD.gcd(GCD.java:19)
	at java_programs.GCD.gcd(GCD.java:19)
	at java_programs.GCD.gcd(GCD.java:19)
	at java_programs.GCD.gcd(GCD.java:19)
	at java_programs.GCD.gcd(GCD.java:19)
	at java_programs.GCD.gcd(GCD.java:19)
	at java_programs.GCD.gcd(GCD.java:19)
	at java_programs.GCD.gcd(GCD.java:19)
	at java_programs.GCD.gcd(GCD.java:19)
	at java_programs.GCD.gcd(GCD.java:19)
	at java_programs.GCD.gcd(GCD.java:19)
	at java_programs.GCD.gcd(GCD.java:19)
	at java_programs.GCD.gcd(GCD.java:19)
	at java_programs.GCD.gcd(GCD.java:19)
	at java_programs.GCD.gcd(GCD.java:19)
	at java_programs.GCD.gcd(GCD.java:19)
	at java_programs.GCD.gcd(GCD.java:19)
	at java_programs.GCD.gcd(GCD.java:19)
	at java_programs.GCD.gcd(GCD.java:19)
	at java_programs.GCD.gcd(GCD.java:19)
	at java_programs.GCD.gcd(GCD.java:19)
	at java_programs.GCD.gcd(GCD.java:19)
	at java_programs.GCD.gcd(GCD.java:19)
	at java_programs.GCD.gcd(GCD.java:19)
	at java_programs.GCD.gcd(GCD.java:19)
	at java_programs.GCD.gcd(GCD.java:19)
	at java_programs.GCD.gcd(GCD.java:19)
	at java_programs.GCD.gcd(GCD.java:19)
	at java_programs.GCD.gcd(GCD.java:19)
	at java_programs.GCD.gcd(GCD.java:19)
	at java_programs.GCD.gcd(GCD.java:19)
	at java_programs.GCD.gcd(GCD.java:19)
	at java_programs.GCD.gcd(GCD.java:19)
	at java_programs.GCD.gcd(GCD.java:19)
	at java_programs.GCD.gcd(GCD.java:19)
	at java_programs.GCD.gcd(GCD.java:19)
	at java_programs.GCD.gcd(GCD.java:19)
	at java_programs.GCD.gcd(GCD.java:19)
	at java_programs.GCD.gcd(GCD.java:19)
	at java_programs.GCD.gcd(GCD.java:19)
	at java_programs.GCD.gcd(GCD.java:19)
	at java_programs.GCD.gcd(GCD.java:19)
	at java_programs.GCD.gcd(GCD.java:19)
	at java_programs.GCD.gcd(GCD.java:19)
	at java_programs.GCD.gcd(GCD.java:19)
	at java_programs.GCD.gcd(GCD.java:19)
	at java_programs.GCD.gcd(GCD.java:19)
	at java_programs.GCD.gcd(GCD.java:19)
	at java_programs.GCD.gcd(GCD.java:19)
	at java_programs.GCD.gcd(GCD.java:19)
	at java_programs.GCD.gcd(GCD.java:19)
	at java_programs.GCD.gcd(GCD.java:19)
	at java_programs.GCD.gcd(GCD.java:19)
	at java_programs.GCD.gcd(GCD.java:19)
	at java_programs.GCD.gcd(GCD.java:19)
	at java_programs.GCD.gcd(GCD.java:19)
	at java_programs.GCD.gcd(GCD.java:19)
	at java_programs.GCD.gcd(GCD.java:19)
	at java_programs.GCD.gcd(GCD.java:19)
	at java_programs.GCD.gcd(GCD.java:19)
	at java_programs.GCD.gcd(GCD.java:19)
	at java_programs.GCD.gcd(GCD.java:19)
	at java_programs.GCD.gcd(GCD.java:19)
	at java_programs.GCD.gcd(GCD.java:19)
	at java_programs.GCD.gcd(GCD.java:19)
	at java_programs.GCD.gcd(GCD.java:19)
	at java_programs.GCD.gcd(GCD.java:19)
	at java_programs.GCD.gcd(GCD.java:19)
	at java_programs.GCD.gcd(GCD.java:19)
	at java_programs.GCD.gcd(GCD.java:19)
	at java_programs.GCD.gcd(GCD.java:19)
	at java_programs.GCD.gcd(GCD.java:19)
	at java_programs.GCD.gcd(GCD.java:19)
	at java_programs.GCD.gcd(GCD.java:19)
	at java_programs.GCD.gcd(GCD.java:19)
	at java_programs.GCD.gcd(GCD.java:19)
	at java_programs.GCD.gcd(GCD.java:19)
	at java_programs.GCD.gcd(GCD.java:19)
	at java_programs.GCD.gcd(GCD.java:19)
	at java_programs.GCD.gcd(GCD.java:19)
	at java_programs.GCD.gcd(GCD.java:19)
	at java_programs.GCD.gcd(GCD.java:19)
	at java_programs.GCD.gcd(GCD.java:19)
	at java_programs.GCD.gcd(GCD.java:19)
	at java_programs.GCD.gcd(GCD.java:19)
	at java_programs.GCD.gcd(GCD.java:19)
	at java_programs.GCD.gcd(GCD.java:19)
	at java_programs.GCD.gcd(GCD.java:19)
	at java_programs.GCD.gcd(GCD.java:19)
	at java_programs.GCD.gcd(GCD.java:19)
	at java_programs.GCD.gcd(GCD.java:19)
	at java_programs.GCD.gcd(GCD.java:19)
	at java_programs.GCD.gcd(GCD.java:19)
	at java_programs.GCD.gcd(GCD.java:19)
	at java_programs.GCD.gcd(GCD.java:19)
	at java_programs.GCD.gcd(GCD.java:19)
	at java_programs.GCD.gcd(GCD.java:19)
	at java_programs.GCD.gcd(GCD.java:19)
	at java_programs.GCD.gcd(GCD.java:19)
	at java_programs.GCD.gcd(GCD.java:19)
	at java_programs.GCD.gcd(GCD.java:19)
	at java_programs.GCD.gcd(GCD.java:19)
	at java_programs.GCD.gcd(GCD.java:19)
	at java_programs.GCD.gcd(GCD.java:19)
	at java_programs.GCD.gcd(GCD.java:19)
	at java_programs.GCD.gcd(GCD.java:19)
	at java_programs.GCD.gcd(GCD.java:19)
	at java_programs.GCD.gcd(GCD.java:19)
	at java_programs.GCD.gcd(GCD.java:19)
	at java_programs.GCD.gcd(GCD.java:19)
	at java_programs.GCD.gcd(GCD.java:19)
	at java_programs.GCD.gcd(GCD.java:19)
	at java_programs.GCD.gcd(GCD.java:19)
	at java_programs.GCD.gcd(GCD.java:19)
	at java_programs.GCD.gcd(GCD.java:19)
	at java_programs.GCD.gcd(GCD.java:19)
	at java_programs.GCD.gcd(GCD.java:19)
	at java_programs.GCD.gcd(GCD.java:19)
	at java_programs.GCD.gcd(GCD.java:19)
	at java_programs.GCD.gcd(GCD.java:19)
	at java_programs.GCD.gcd(GCD.java:19)
	at java_programs.GCD.gcd(GCD.java:19)
	at java_programs.GCD.gcd(GCD.java:19)
	at java_programs.GCD.gcd(GCD.java:19)
	at java_programs.GCD.gcd(GCD.java:19)
	at java_programs.GCD.gcd(GCD.java:19)
	at java_programs.GCD.gcd(GCD.java:19)
	at java_programs.GCD.gcd(GCD.java:19)
	at java_programs.GCD.gcd(GCD.java:19)
	at java_programs.GCD.gcd(GCD.java:19)
	at java_programs.GCD.gcd(GCD.java:19)
	at java_programs.GCD.gcd(GCD.java:19)
	at java_programs.GCD.gcd(GCD.java:19)
	at java_programs.GCD.gcd(GCD.java:19)
	at java_programs.GCD.gcd(GCD.java:19)
	at java_programs.GCD.gcd(GCD.java:19)
	at java_programs.GCD.gcd(GCD.java:19)
	at java_programs.GCD.gcd(GCD.java:19)
	at java_programs.GCD.gcd(GCD.java:19)
	at java_programs.GCD.gcd(GCD.java:19)
	at java_programs.GCD.gcd(GCD.java:19)
	at java_programs.GCD.gcd(GCD.java:19)
	at java_programs.GCD.gcd(GCD.java:19)
	at java_programs.GCD.gcd(GCD.java:19)
	at java_programs.GCD.gcd(GCD.java:19)
	at java_programs.GCD.gcd(GCD.java:19)
	at java_programs.GCD.gcd(GCD.java:19)
	at java_programs.GCD.gcd(GCD.java:19)
	at java_programs.GCD.gcd(GCD.java:19)
	at java_programs.GCD.gcd(GCD.java:19)
	at java_programs.GCD.gcd(GCD.java:19)
	at java_programs.GCD.gcd(GCD.java:19)
	at java_programs.GCD.gcd(GCD.java:19)
	at java_programs.GCD.gcd(GCD.java:19)
	at java_programs.GCD.gcd(GCD.java:19)
	at java_programs.GCD.gcd(GCD.java:19)
	at java_programs.GCD.gcd(GCD.java:19)
	at java_programs.GCD.gcd(GCD.java:19)
	at java_programs.GCD.gcd(GCD.java:19)
	at java_programs.GCD.gcd(GCD.java:19)
	at java_programs.GCD.gcd(GCD.java:19)
	at java_programs.GCD.gcd(GCD.java:19)
	at java_programs.GCD.gcd(GCD.java:19)
	at java_programs.GCD.gcd(GCD.java:19)
	at java_programs.GCD.gcd(GCD.java:19)
	at java_programs.GCD.gcd(GCD.java:19)
	at java_programs.GCD.gcd(GCD.java:19)
	at java_programs.GCD.gcd(GCD.java:19)
	at java_programs.GCD.gcd(GCD.java:19)
	at java_programs.GCD.gcd(GCD.java:19)
	at java_programs.GCD.gcd(GCD.java:19)
	at java_programs.GCD.gcd(GCD.java:19)
	at java_programs.GCD.gcd(GCD.java:19)
	at java_programs.GCD.gcd(GCD.java:19)
	at java_programs.GCD.gcd(GCD.java:19)
	at java_programs.GCD.gcd(GCD.java:19)
	at java_programs.GCD.gcd(GCD.java:19)
	at java_programs.GCD.gcd(GCD.java:19)
	at java_programs.GCD.gcd(GCD.java:19)
	at java_programs.GCD.gcd(GCD.java:19)
	at java_programs.GCD.gcd(GCD.java:19)
	at java_programs.GCD.gcd(GCD.java:19)
	at java_programs.GCD.gcd(GCD.java:19)
	at java_programs.GCD.gcd(GCD.java:19)
	at java_programs.GCD.gcd(GCD.java:19)
	at java_programs.GCD.gcd(GCD.java:19)
	at java_programs.GCD.gcd(GCD.java:19)
	at java_programs.GCD.gcd(GCD.java:19)
	at java_programs.GCD.gcd(GCD.java:19)
	at java_programs.GCD.gcd(GCD.java:19)
	at java_programs.GCD.gcd(GCD.java:19)
	at java_programs.GCD.gcd(GCD.java:19)
	at java_programs.GCD.gcd(GCD.java:19)
	at java_programs.GCD.gcd(GCD.java:19)
	at java_programs.GCD.gcd(GCD.java:19)
	at java_programs.GCD.gcd(GCD.java:19)
	at java_programs.GCD.gcd(GCD.java:19)
	at java_programs.GCD.gcd(GCD.java:19)
	at java_programs.GCD.gcd(GCD.java:19)
	at java_programs.GCD.gcd(GCD.java:19)
	at java_programs.GCD.gcd(GCD.java:19)
	at java_programs.GCD.gcd(GCD.java:19)
	at java_programs.GCD.gcd(GCD.java:19)
	at java_programs.GCD.gcd(GCD.java:19)
	at java_programs.GCD.gcd(GCD.java:19)
	at java_programs.GCD.gcd(GCD.java:19)
	at java_programs.GCD.gcd(GCD.java:19)
	at java_programs.GCD.gcd(GCD.java:19)
	at java_programs.GCD.gcd(GCD.java:19)
	at java_programs.GCD.gcd(GCD.java:19)
	at java_programs.GCD.gcd(GCD.java:19)
	at java_programs.GCD.gcd(GCD.java:19)
	at java_programs.GCD.gcd(GCD.java:19)
	at java_programs.GCD.gcd(GCD.java:19)
	at java_programs.GCD.gcd(GCD.java:19)
	at java_programs.GCD.gcd(GCD.java:19)
	at java_programs.GCD.gcd(GCD.java:19)
	at java_programs.GCD.gcd(GCD.java:19)
	at java_programs.GCD.gcd(GCD.java:19)
	at java_programs.GCD.gcd(GCD.java:19)
	at java_programs.GCD.gcd(GCD.java:19)
	at java_programs.GCD.gcd(GCD.java:19)
	at java_programs.GCD.gcd(GCD.java:19)
	at java_programs.GCD.gcd(GCD.java:19)
	at java_programs.GCD.gcd(GCD.java:19)
	at java_programs.GCD.gcd(GCD.java:19)
	at java_programs.GCD.gcd(GCD.java:19)
	at java_programs.GCD.gcd(GCD.java:19)
	at java_programs.GCD.gcd(GCD.java:19)
	at java_programs.GCD.gcd(GCD.java:19)
	at java_programs.GCD.gcd(GCD.java:19)
	at java_programs.GCD.gcd(GCD.java:19)
	at java_programs.GCD.gcd(GCD.java:19)
	at java_programs.GCD.gcd(GCD.java:19)
	at java_programs.GCD.gcd(GCD.java:19)
	at java_programs.GCD.gcd(GCD.java:19)
	at java_programs.GCD.gcd(GCD.java:19)
	at java_programs.GCD.gcd(GCD.java:19)
	at java_programs.GCD.gcd(GCD.java:19)
	at java_programs.GCD.gcd(GCD.java:19)
	at java_programs.GCD.gcd(GCD.java:19)
	at java_programs.GCD.gcd(GCD.java:19)
	at java_programs.GCD.gcd(GCD.java:19)
	at java_programs.GCD.gcd(GCD.java:19)
	at java_programs.GCD.gcd(GCD.java:19)
	at java_programs.GCD.gcd(GCD.java:19)
	at java_programs.GCD.gcd(GCD.java:19)
	at java_programs.GCD.gcd(GCD.java:19)
	at java_programs.GCD.gcd(GCD.java:19)
	at java_programs.GCD.gcd(GCD.java:19)
	at java_programs.GCD.gcd(GCD.java:19)
	at java_programs.GCD.gcd(GCD.java:19)
	at java_programs.GCD.gcd(GCD.java:19)
	at java_programs.GCD.gcd(GCD.java:19)
	at java_programs.GCD.gcd(GCD.java:19)
	at java_programs.GCD.gcd(GCD.java:19)
	at java_programs.GCD.gcd(GCD.java:19)
	at java_programs.GCD.gcd(GCD.java:19)
	at java_programs.GCD.gcd(GCD.java:19)
	at java_programs.GCD.gcd(GCD.java:19)
	at java_programs.GCD.gcd(GCD.java:19)
	at java_programs.GCD.gcd(GCD.java:19)
	at java_programs.GCD.gcd(GCD.java:19)
	at java_programs.GCD.gcd(GCD.java:19)
	at java_programs.GCD.gcd(GCD.java:19)
	at java_programs.GCD.gcd(GCD.java:19)
	at java_programs.GCD.gcd(GCD.java:19)
	at java_programs.GCD.gcd(GCD.java:19)
	at java_programs.GCD.gcd(GCD.java:19)
	at java_programs.GCD.gcd(GCD.java:19)
	at java_programs.GCD.gcd(GCD.java:19)
	at java_programs.GCD.gcd(GCD.java:19)
	at java_programs.GCD.gcd(GCD.java:19)
	at java_programs.GCD.gcd(GCD.java:19)
	at java_programs.GCD.gcd(GCD.java:19)
	at java_programs.GCD.gcd(GCD.java:19)
	at java_programs.GCD.gcd(GCD.java:19)
	at java_programs.GCD.gcd(GCD.java:19)
	at java_programs.GCD.gcd(GCD.java:19)
	at java_programs.GCD.gcd(GCD.java:19)
	at java_programs.GCD.gcd(GCD.java:19)
	at java_programs.GCD.gcd(GCD.java:19)
	at java_programs.GCD.gcd(GCD.java:19)
	at java_programs.GCD.gcd(GCD.java:19)
	at java_programs.GCD.gcd(GCD.java:19)
	at java_programs.GCD.gcd(GCD.java:19)
	at java_programs.GCD.gcd(GCD.java:19)
	at java_programs.GCD.gcd(GCD.java:19)
	at java_programs.GCD.gcd(GCD.java:19)
	at java_programs.GCD.gcd(GCD.java:19)
	at java_programs.GCD.gcd(GCD.java:19)
	at java_programs.GCD.gcd(GCD.java:19)
	at java_programs.GCD.gcd(GCD.java:19)
	at java_programs.GCD.gcd(GCD.java:19)
	at java_programs.GCD.gcd(GCD.java:19)
	at java_programs.GCD.gcd(GCD.java:19)
	at java_programs.GCD.gcd(GCD.java:19)
	at java_programs.GCD.gcd(GCD.java:19)
	at java_programs.GCD.gcd(GCD.java:19)
	at java_programs.GCD.gcd(GCD.java:19)
	at java_programs.GCD.gcd(GCD.java:19)
	at java_programs.GCD.gcd(GCD.java:19)
	at java_programs.GCD.gcd(GCD.java:19)
	at java_programs.GCD.gcd(GCD.java:19)
	at java_programs.GCD.gcd(GCD.java:19)
	at java_programs.GCD.gcd(GCD.java:19)
	at java_programs.GCD.gcd(GCD.java:19)
	at java_programs.GCD.gcd(GCD.java:19)
	at java_programs.GCD.gcd(GCD.java:19)
	at java_programs.GCD.gcd(GCD.java:19)
	at java_programs.GCD.gcd(GCD.java:19)
	at java_programs.GCD.gcd(GCD.java:19)
	at java_programs.GCD.gcd(GCD.java:19)
	at java_programs.GCD.gcd(GCD.java:19)
	at java_programs.GCD.gcd(GCD.java:19)
	at java_programs.GCD.gcd(GCD.java:19)
	at java_programs.GCD.gcd(GCD.java:19)
	at java_programs.GCD.gcd(GCD.java:19)
	at java_programs.GCD.gcd(GCD.java:19)
	at java_programs.GCD.gcd(GCD.java:19)
	at java_programs.GCD.gcd(GCD.java:19)
	at java_programs.GCD.gcd(GCD.java:19)
	at java_programs.GCD.gcd(GCD.java:19)
	at java_programs.GCD.gcd(GCD.java:19)
	at java_programs.GCD.gcd(GCD.java:19)
	at java_programs.GCD.gcd(GCD.java:19)
	at java_programs.GCD.gcd(GCD.java:19)
	at java_programs.GCD.gcd(GCD.java:19)
	at java_programs.GCD.gcd(GCD.java:19)
	at java_programs.GCD.gcd(GCD.java:19)
	at java_programs.GCD.gcd(GCD.java:19)
	at java_programs.GCD.gcd(GCD.java:19)
	at java_programs.GCD.gcd(GCD.java:19)
	at java_programs.GCD.gcd(GCD.java:19)
	at java_programs.GCD.gcd(GCD.java:19)
	at java_programs.GCD.gcd(GCD.java:19)
	at java_programs.GCD.gcd(GCD.java:19)
	at java_programs.GCD.gcd(GCD.java:19)
	at java_programs.GCD.gcd(GCD.java:19)
	at java_programs.GCD.gcd(GCD.java:19)
	at java_programs.GCD.gcd(GCD.java:19)
	at java_programs.GCD.gcd(GCD.java:19)
	at java_programs.GCD.gcd(GCD.java:19)
	at java_programs.GCD.gcd(GCD.java:19)
	at java_programs.GCD.gcd(GCD.java:19)
	at java_programs.GCD.gcd(GCD.java:19)
	at java_programs.GCD.gcd(GCD.java:19)
	at java_programs.GCD.gcd(GCD.java:19)
	at java_programs.GCD.gcd(GCD.java:19)
	at java_programs.GCD.gcd(GCD.java:19)
	at java_programs.GCD.gcd(GCD.java:19)
	at java_programs.GCD.gcd(GCD.java:19)
	at java_programs.GCD.gcd(GCD.java:19)
	at java_programs.GCD.gcd(GCD.java:19)
	at java_programs.GCD.gcd(GCD.java:19)
	at java_programs.GCD.gcd(GCD.java:19)
	at java_programs.GCD.gcd(GCD.java:19)
	at java_programs.GCD.gcd(GCD.java:19)
	at java_programs.GCD.gcd(GCD.java:19)
	at java_programs.GCD.gcd(GCD.java:19)
	at java_programs.GCD.gcd(GCD.java:19)
	at java_programs.GCD.gcd(GCD.java:19)
	at java_programs.GCD.gcd(GCD.java:19)
	at java_programs.GCD.gcd(GCD.java:19)
	at java_programs.GCD.gcd(GCD.java:19)
	at java_programs.GCD.gcd(GCD.java:19)
	at java_programs.GCD.gcd(GCD.java:19)
	at java_programs.GCD.gcd(GCD.java:19)
	at java_programs.GCD.gcd(GCD.java:19)
	at java_programs.GCD.gcd(GCD.java:19)
	at java_programs.GCD.gcd(GCD.java:19)
	at java_programs.GCD.gcd(GCD.java:19)
	at java_programs.GCD.gcd(GCD.java:19)
	at java_programs.GCD.gcd(GCD.java:19)
	at java_programs.GCD.gcd(GCD.java:19)
	at java_programs.GCD.gcd(GCD.java:19)
	at java_programs.GCD.gcd(GCD.java:19)
	at java_programs.GCD.gcd(GCD.java:19)
	at java_programs.GCD.gcd(GCD.java:19)
	at java_programs.GCD.gcd(GCD.java:19)
	at java_programs.GCD.gcd(GCD.java:19)
	at java_programs.GCD.gcd(GCD.java:19)
	at java_programs.GCD.gcd(GCD.java:19)
	at java_programs.GCD.gcd(GCD.java:19)
	at java_programs.GCD.gcd(GCD.java:19)
	at java_programs.GCD.gcd(GCD.java:19)
	at java_programs.GCD.gcd(GCD.java:19)
	at java_programs.GCD.gcd(GCD.java:19)
	at java_programs.GCD.gcd(GCD.java:19)
	at java_programs.GCD.gcd(GCD.java:19)
	at java_programs.GCD.gcd(GCD.java:19)
	at java_programs.GCD.gcd(GCD.java:19)
	at java_programs.GCD.gcd(GCD.java:19)
	at java_programs.GCD.gcd(GCD.java:19)
	at java_programs.GCD.gcd(GCD.java:19)
	at java_programs.GCD.gcd(GCD.java:19)
	at java_programs.GCD.gcd(GCD.java:19)
	at java_programs.GCD.gcd(GCD.java:19)
	at java_programs.GCD.gcd(GCD.java:19)
	at java_programs.GCD.gcd(GCD.java:19)
	at java_programs.GCD.gcd(GCD.java:19)
	at java_programs.GCD.gcd(GCD.java:19)
	at java_programs.GCD.gcd(GCD.java:19)
	at java_programs.GCD.gcd(GCD.java:19)
	at java_programs.GCD.gcd(GCD.java:19)
	at java_programs.GCD.gcd(GCD.java:19)
	at java_programs.GCD.gcd(GCD.java:19)
	at java_programs.GCD.gcd(GCD.java:19)
	at java_programs.GCD.gcd(GCD.java:19)
	at java_programs.GCD.gcd(GCD.java:19)
	at java_programs.GCD.gcd(GCD.java:19)
	at java_programs.GCD.gcd(GCD.java:19)
	at java_programs.GCD.gcd(GCD.java:19)
	at java_programs.GCD.gcd(GCD.java:19)
	at java_programs.GCD.gcd(GCD.java:19)
	at java_programs.GCD.gcd(GCD.java:19)
	at java_programs.GCD.gcd(GCD.java:19)
	at java_programs.GCD.gcd(GCD.java:19)
	at java_programs.GCD.gcd(GCD.java:19)
	at java_programs.GCD.gcd(GCD.java:19)
	at java_programs.GCD.gcd(GCD.java:19)
	at java_programs.GCD.gcd(GCD.java:19)
	at java_programs.GCD.gcd(GCD.java:19)
	at java_programs.GCD.gcd(GCD.java:19)
	at java_programs.GCD.gcd(GCD.java:19)
	at java_programs.GCD.gcd(GCD.java:19)
	at java_programs.GCD.gcd(GCD.java:19)
	at java_programs.GCD.gcd(GCD.java:19)
	at java_programs.GCD.gcd(GCD.java:19)
	at java_programs.GCD.gcd(GCD.java:19)
	at java_programs.GCD.gcd(GCD.java:19)
	at java_programs.GCD.gcd(GCD.java:19)
	at java_programs.GCD.gcd(GCD.java:19)
	at java_programs.GCD.gcd(GCD.java:19)
	at java_programs.GCD.gcd(GCD.java:19)
	at java_programs.GCD.gcd(GCD.java:19)
	at java_programs.GCD.gcd(GCD.java:19)
	at java_programs.GCD.gcd(GCD.java:19)
	at java_programs.GCD.gcd(GCD.java:19)
	at java_programs.GCD.gcd(GCD.java:19)
	at java_programs.GCD.gcd(GCD.java:19)
	at java_programs.GCD.gcd(GCD.java:19)
	at java_programs.GCD.gcd(GCD.java:19)
	at java_programs.GCD.gcd(GCD.java:19)
	at java_programs.GCD.gcd(GCD.java:19)
	at java_programs.GCD.gcd(GCD.java:19)
	at java_programs.GCD.gcd(GCD.java:19)
	at java_programs.GCD.gcd(GCD.java:19)
	at java_programs.GCD.gcd(GCD.java:19)
	at java_programs.GCD.gcd(GCD.java:19)
	at java_programs.GCD.gcd(GCD.java:19)
	at java_programs.GCD.gcd(GCD.java:19)
	at java_programs.GCD.gcd(GCD.java:19)
	at java_programs.GCD.gcd(GCD.java:19)
	at java_programs.GCD.gcd(GCD.java:19)
	at java_programs.GCD.gcd(GCD.java:19)
	at java_programs.GCD.gcd(GCD.java:19)
	at java_programs.GCD.gcd(GCD.java:19)
	at java_programs.GCD.gcd(GCD.java:19)
	at java_programs.GCD.gcd(GCD.java:19)
	at java_programs.GCD.gcd(GCD.java:19)
	at java_programs.GCD.gcd(GCD.java:19)
	at java_programs.GCD.gcd(GCD.java:19)
	at java_programs.GCD.gcd(GCD.java:19)
	at java_programs.GCD.gcd(GCD.java:19)
	at java_programs.GCD.gcd(GCD.java:19)
	at java_programs.GCD.gcd(GCD.java:19)
	at java_programs.GCD.gcd(GCD.java:19)
	at java_programs.GCD.gcd(GCD.java:19)
	at java_programs.GCD.gcd(GCD.java:19)
	at java_programs.GCD.gcd(GCD.java:19)
	at java_programs.GCD.gcd(GCD.java:19)
	at java_programs.GCD.gcd(GCD.java:19)
	at java_programs.GCD.gcd(GCD.java:19)
	at java_programs.GCD.gcd(GCD.java:19)
	at java_programs.GCD.gcd(GCD.java:19)
	at java_programs.GCD.gcd(GCD.java:19)
	at java_programs.GCD.gcd(GCD.java:19)
	at java_programs.GCD.gcd(GCD.java:19)
	at java_programs.GCD.gcd(GCD.java:19)
	at java_programs.GCD.gcd(GCD.java:19)
	at java_programs.GCD.gcd(GCD.java:19)
	at java_programs.GCD.gcd(GCD.java:19)
	at java_programs.GCD.gcd(GCD.java:19)
	at java_programs.GCD.gcd(GCD.java:19)
	at java_programs.GCD.gcd(GCD.java:19)
	at java_programs.GCD.gcd(GCD.java:19)
	at java_programs.GCD.gcd(GCD.java:19)
	at java_programs.GCD.gcd(GCD.java:19)
	at java_programs.GCD.gcd(GCD.java:19)
	at java_programs.GCD.gcd(GCD.java:19)
	at java_programs.GCD.gcd(GCD.java:19)
	at java_programs.GCD.gcd(GCD.java:19)
	at java_programs.GCD.gcd(GCD.java:19)
	at java_programs.GCD.gcd(GCD.java:19)
	at java_programs.GCD.gcd(GCD.java:19)
	at java_programs.GCD.gcd(GCD.java:19)
	at java_programs.GCD.gcd(GCD.java:19)
	at java_programs.GCD.gcd(GCD.java:19)
	at java_programs.GCD.gcd(GCD.java:19)
	at java_programs.GCD.gcd(GCD.java:19)
	at java_programs.GCD.gcd(GCD.java:19)
	at java_programs.GCD.gcd(GCD.java:19)
	at java_programs.GCD.gcd(GCD.java:19)
	at java_programs.GCD.gcd(GCD.java:19)
	at java_programs.GCD.gcd(GCD.java:19)
	at java_programs.GCD.gcd(GCD.java:19)
	at java_programs.GCD.gcd(GCD.java:19)
	at java_programs.GCD.gcd(GCD.java:19)
	at java_programs.GCD.gcd(GCD.java:19)
	at java_programs.GCD.gcd(GCD.java:19)
	at java_programs.GCD.gcd(GCD.java:19)
	at java_programs.GCD.gcd(GCD.java:19)
	at java_programs.GCD.gcd(GCD.java:19)
	at java_programs.GCD.gcd(GCD.java:19)
	at java_programs.GCD.gcd(GCD.java:19)
	at java_programs.GCD.gcd(GCD.java:19)
	at java_programs.GCD.gcd(GCD.java:19)
	at java_programs.GCD.gcd(GCD.java:19)
	at java_programs.GCD.gcd(GCD.java:19)
	at java_programs.GCD.gcd(GCD.java:19)
	at java_programs.GCD.gcd(GCD.java:19)
	at java_programs.GCD.gcd(GCD.java:19)
	at java_programs.GCD.gcd(GCD.java:19)
	at java_programs.GCD.gcd(GCD.java:19)
	at java_programs.GCD.gcd(GCD.java:19)
	at java_programs.GCD.gcd(GCD.java:19)
	at java_programs.GCD.gcd(GCD.java:19)
	at java_programs.GCD.gcd(GCD.java:19)
	at java_programs.GCD.gcd(GCD.java:19)
	at java_programs.GCD.gcd(GCD.java:19)
	at java_programs.GCD.gcd(GCD.java:19)
	at java_programs.GCD.gcd(GCD.java:19)
	at java_programs.GCD.gcd(GCD.java:19)
	at java_programs.GCD.gcd(GCD.java:19)
	at java_programs.GCD.gcd(GCD.java:19)
	at java_programs.GCD.gcd(GCD.java:19)
	at java_programs.GCD.gcd(GCD.java:19)
	at java_programs.GCD.gcd(GCD.java:19)
	at java_programs.GCD.gcd(GCD.java:19)
	at java_programs.GCD.gcd(GCD.java:19)
	at java_programs.GCD.gcd(GCD.java:19)
	at java_programs.GCD.gcd(GCD.java:19)
	at java_programs.GCD.gcd(GCD.java:19)
	at java_programs.GCD.gcd(GCD.java:19)
	at java_programs.GCD.gcd(GCD.java:19)
	at java_programs.GCD.gcd(GCD.java:19)
	at java_programs.GCD.gcd(GCD.java:19)
	at java_programs.GCD.gcd(GCD.java:19)
	at java_programs.GCD.gcd(GCD.java:19)
	at java_programs.GCD.gcd(GCD.java:19)
	at java_programs.GCD.gcd(GCD.java:19)
	at java_programs.GCD.gcd(GCD.java:19)
	at java_programs.GCD.gcd(GCD.java:19)
	at java_programs.GCD.gcd(GCD.java:19)
	at java_programs.GCD.gcd(GCD.java:19)
	at java_programs.GCD.gcd(GCD.java:19)
	at java_programs.GCD.gcd(GCD.java:19)
	at java_programs.GCD.gcd(GCD.java:19)
	at java_programs.GCD.gcd(GCD.java:19)
	at java_programs.GCD.gcd(GCD.java:19)
	at java_programs.GCD.gcd(GCD.java:19)
	at java_programs.GCD.gcd(GCD.java:19)
	at java_programs.GCD.gcd(GCD.java:19)
	at java_programs.GCD.gcd(GCD.java:19)
	at java_programs.GCD.gcd(GCD.java:19)
	at java_programs.GCD.gcd(GCD.java:19)
	at java_programs.GCD.gcd(GCD.java:19)
	at java_programs.GCD.gcd(GCD.java:19)
	at java_programs.GCD.gcd(GCD.java:19)
	at java_programs.GCD.gcd(GCD.java:19)
	at java_programs.GCD.gcd(GCD.java:19)
	at java_programs.GCD.gcd(GCD.java:19)
	at java_programs.GCD.gcd(GCD.java:19)
	at java_programs.GCD.gcd(GCD.java:19)
	at java_programs.GCD.gcd(GCD.java:19)
	at java_programs.GCD.gcd(GCD.java:19)
	at java_programs.GCD.gcd(GCD.java:19)
	at java_programs.GCD.gcd(GCD.java:19)
	at java_programs.GCD.gcd(GCD.java:19)
	at java_programs.GCD.gcd(GCD.java:19)
	at java_programs.GCD.gcd(GCD.java:19)
	at java_programs.GCD.gcd(GCD.java:19)
	at java_programs.GCD.gcd(GCD.java:19)
	at java_programs.GCD.gcd(GCD.java:19)
	at java_programs.GCD.gcd(GCD.java:19)
	at java_programs.GCD.gcd(GCD.java:19)
	at java_programs.GCD.gcd(GCD.java:19)
	at java_programs.GCD.gcd(GCD.java:19)
	at java_programs.GCD.gcd(GCD.java:19)
	at java_programs.GCD.gcd(GCD.java:19)
	at java_programs.GCD.gcd(GCD.java:19)
	at java_programs.GCD.gcd(GCD.java:19)
	at java_programs.GCD.gcd(GCD.java:19)
	at java_programs.GCD.gcd(GCD.java:19)
	at java_programs.GCD.gcd(GCD.java:19)
	at java_programs.GCD.gcd(GCD.java:19)
	at java_programs.GCD.gcd(GCD.java:19)
	at java_programs.GCD.gcd(GCD.java:19)
	at java_programs.GCD.gcd(GCD.java:19)
	at java_programs.GCD.gcd(GCD.java:19)
	at java_programs.GCD.gcd(GCD.java:19)
	at java_programs.GCD.gcd(GCD.java:19)
	at java_programs.GCD.gcd(GCD.java:19)
	at java_programs.GCD.gcd(GCD.java:19)
	at java_programs.GCD.gcd(GCD.java:19)
	at java_programs.GCD.gcd(GCD.java:19)
	at java_programs.GCD.gcd(GCD.java:19)
	at java_programs.GCD.gcd(GCD.java:19)
	at java_programs.GCD.gcd(GCD.java:19)
	at java_programs.GCD.gcd(GCD.java:19)
	at java_programs.GCD.gcd(GCD.java:19)
	at java_programs.GCD.gcd(GCD.java:19)
	at java_programs.GCD.gcd(GCD.java:19)
	at java_programs.GCD.gcd(GCD.java:19)
	at java_programs.GCD.gcd(GCD.java:19)
	at java_programs.GCD.gcd(GCD.java:19)
	at java_programs.GCD.gcd(GCD.java:19)
	at java_programs.GCD.gcd(GCD.java:19)
	at java_programs.GCD.gcd(GCD.java:19)
	at java_programs.GCD.gcd(GCD.java:19)
	at java_programs.GCD.gcd(GCD.java:19)
	at java_programs.GCD.gcd(GCD.java:19)
	at java_programs.GCD.gcd(GCD.java:19)
	at java_programs.GCD.gcd(GCD.java:19)
	at java_programs.GCD.gcd(GCD.java:19)
	at java_programs.GCD.gcd(GCD.java:19)
	at java_programs.GCD.gcd(GCD.java:19)
	at java_programs.GCD.gcd(GCD.java:19)
	at java_programs.GCD.gcd(GCD.java:19)
	at java_programs.GCD.gcd(GCD.java:19)
	at java_programs.GCD.gcd(GCD.java:19)
	at java_programs.GCD.gcd(GCD.java:19)
	at java_programs.GCD.gcd(GCD.java:19)
	at java_programs.GCD.gcd(GCD.java:19)
	at java_programs.GCD.gcd(GCD.java:19)
	at java_programs.GCD.gcd(GCD.java:19)
	at java_programs.GCD.gcd(GCD.java:19)
	at java_programs.GCD.gcd(GCD.java:19)
	at java_programs.GCD.gcd(GCD.java:19)
	at java_programs.GCD.gcd(GCD.java:19)
	at java_programs.GCD.gcd(GCD.java:19)
	at java_programs.GCD.gcd(GCD.java:19)
	at java_programs.GCD.gcd(GCD.java:19)
	at java_programs.GCD.gcd(GCD.java:19)
	at java_programs.GCD.gcd(GCD.java:19)
	at java_programs.GCD.gcd(GCD.java:19)
	at java_programs.GCD.gcd(GCD.java:19)
	at java_programs.GCD.gcd(GCD.java:19)
	at java_programs.GCD.gcd(GCD.java:19)
	at java_programs.GCD.gcd(GCD.java:19)
	at java_programs.GCD.gcd(GCD.java:19)
	at java_programs.GCD.gcd(GCD.java:19)
	at java_programs.GCD.gcd(GCD.java:19)
	at java_programs.GCD.gcd(GCD.java:19)
	at java_programs.GCD.gcd(GCD.java:19)
	at java_programs.GCD.gcd(GCD.java:19)
	at java_programs.GCD.gcd(GCD.java:19)
	at java_programs.GCD.gcd(GCD.java:19)
	at java_programs.GCD.gcd(GCD.java:19)
	at java_programs.GCD.gcd(GCD.java:19)
	at java_programs.GCD.gcd(GCD.java:19)
	at java_programs.GCD.gcd(GCD.java:19)
	at java_programs.GCD.gcd(GCD.java:19)
	at java_programs.GCD.gcd(GCD.java:19)
	at java_programs.GCD.gcd(GCD.java:19)
	at java_programs.GCD.gcd(GCD.java:19)
	at java_programs.GCD.gcd(GCD.java:19)
	at java_programs.GCD.gcd(GCD.java:19)
	at java_programs.GCD.gcd(GCD.java:19)
	at java_programs.GCD.gcd(GCD.java:19)
	at java_programs.GCD.gcd(GCD.java:19)
	at java_programs.GCD.gcd(GCD.java:19)
	at java_programs.GCD.gcd(GCD.java:19)
	at java_programs.GCD.gcd(GCD.java:19)
	at java_programs.GCD.gcd(GCD.java:19)
	at java_programs.GCD.gcd(GCD.java:19)
	at java_programs.GCD.gcd(GCD.java:19)
	at java_programs.GCD.gcd(GCD.java:19)
	at java_programs.GCD.gcd(GCD.java:19)
	at java_programs.GCD.gcd(GCD.java:19)
	at java_programs.GCD.gcd(GCD.java:19)
	at java_programs.GCD.gcd(GCD.java:19)
	at java_programs.GCD.gcd(GCD.java:19)
	at java_programs.GCD.gcd(GCD.java:19)
	at java_programs.GCD.gcd(GCD.java:19)
	at java_programs.GCD.gcd(GCD.java:19)
	at java_programs.GCD.gcd(GCD.java:19)
	at java_programs.GCD.gcd(GCD.java:19)
	at java_programs.GCD.gcd(GCD.java:19)
	at java_programs.GCD.gcd(GCD.java:19)
	at java_programs.GCD.gcd(GCD.java:19)
	at java_programs.GCD.gcd(GCD.java:19)
	at java_programs.GCD.gcd(GCD.java:19)
	at java_programs.GCD.gcd(GCD.java:19)
	at java_programs.GCD.gcd(GCD.java:19)
	at java_programs.GCD.gcd(GCD.java:19)
	at java_programs.GCD.gcd(GCD.java:19)
	at java_programs.GCD.gcd(GCD.java:19)
	at java_programs.GCD.gcd(GCD.java:19)
	at java_programs.GCD.gcd(GCD.java:19)
	at java_programs.GCD.gcd(GCD.java:19)
	at java_programs.GCD.gcd(GCD.java:19)
	at java_programs.GCD.gcd(GCD.java:19)
	at java_programs.GCD.gcd(GCD.java:19)
	at java_programs.GCD.gcd(GCD.java:19)
	at java_programs.GCD.gcd(GCD.java:19)
	at java_programs.GCD.gcd(GCD.java:19)
	at java_programs.GCD.gcd(GCD.java:19)
	at java_programs.GCD.gcd(GCD.java:19)
	at java_programs.GCD.gcd(GCD.java:19)
	at java_programs.GCD.gcd(GCD.java:19)
	at java_programs.GCD.gcd(GCD.java:19)
	at java_programs.GCD.gcd(GCD.java:19)
	at java_programs.GCD.gcd(GCD.java:19)
	at java_programs.GCD.gcd(GCD.java:19)
	at java_programs.GCD.gcd(GCD.java:19)
	at java_programs.GCD.gcd(GCD.java:19)
	at java_programs.GCD.gcd(GCD.java:19)
	at java_programs.GCD.gcd(GCD.java:19)
	at java_programs.GCD.gcd(GCD.java:19)
	at java_programs.GCD.gcd(GCD.java:19)
	at java_programs.GCD.gcd(GCD.java:19)
	at java_programs.GCD.gcd(GCD.java:19)
	at java_programs.GCD.gcd(GCD.java:19)
	at java_programs.GCD.gcd(GCD.java:19)
	at java_programs.GCD.gcd(GCD.java:19)
	at java_programs.GCD.gcd(GCD.java:19)
	at java_programs.GCD.gcd(GCD.java:19)
	at java_programs.GCD.gcd(GCD.java:19)
	at java_programs.GCD.gcd(GCD.java:19)
	at java_programs.GCD.gcd(GCD.java:19)
	at java_programs.GCD.gcd(GCD.java:19)
	at java_programs.GCD.gcd(GCD.java:19)
	at java_programs.GCD.gcd(GCD.java:19)
	at java_programs.GCD.gcd(GCD.java:19)
	at java_programs.GCD.gcd(GCD.java:19)
	at java_programs.GCD.gcd(GCD.java:19)
	at java_programs.GCD.gcd(GCD.java:19)
	at java_programs.GCD.gcd(GCD.java:19)
	at java_programs.GCD.gcd(GCD.java:19)
	at java_programs.GCD.gcd(GCD.java:19)
	at java_programs.GCD.gcd(GCD.java:19)
	at java_programs.GCD.gcd(GCD.java:19)
	at java_programs.GCD.gcd(GCD.java:19)
	at java_programs.GCD.gcd(GCD.java:19)
	at java_programs.GCD.gcd(GCD.java:19)
	at java_programs.GCD.gcd(GCD.java:19)
	at java_programs.GCD.gcd(GCD.java:19)
	at java_programs.GCD.gcd(GCD.java:19)
	at java_programs.GCD.gcd(GCD.java:19)
	at java_programs.GCD.gcd(GCD.java:19)
	at java_programs.GCD.gcd(GCD.java:19)
	at java_programs.GCD.gcd(GCD.java:19)
	at java_programs.GCD.gcd(GCD.java:19)
	at java_programs.GCD.gcd(GCD.java:19)
	at java_programs.GCD.gcd(GCD.java:19)
	at java_programs.GCD.gcd(GCD.java:19)
	at java_programs.GCD.gcd(GCD.java:19)
	at java_programs.GCD.gcd(GCD.java:19)
	at java_programs.GCD.gcd(GCD.java:19)
	at java_programs.GCD.gcd(GCD.java:19)
	at java_programs.GCD.gcd(GCD.java:19)
	at java_programs.GCD.gcd(GCD.java:19)
	at java_programs.GCD.gcd(GCD.java:19)
	at java_programs.GCD.gcd(GCD.java:19)
	at java_programs.GCD.gcd(GCD.java:19)
	at java_programs.GCD.gcd(GCD.java:19)
	at java_programs.GCD.gcd(GCD.java:19)
	at java_programs.GCD.gcd(GCD.java:19)
	at java_programs.GCD.gcd(GCD.java:19)
	at java_programs.GCD.gcd(GCD.java:19)
	at java_programs.GCD.gcd(GCD.java:19)
	at java_programs.GCD.gcd(GCD.java:19)
	at java_programs.GCD.gcd(GCD.java:19)
	at java_programs.GCD.gcd(GCD.java:19)
	at java_programs.GCD.gcd(GCD.java:19)
	at java_programs.GCD.gcd(GCD.java:19)
	at java_programs.GCD.gcd(GCD.java:19)
	at java_programs.GCD.gcd(GCD.java:19)
	at java_programs.GCD.gcd(GCD.java:19)
	at java_programs.GCD.gcd(GCD.java:19)
	at java_programs.GCD.gcd(GCD.java:19)
	at java_programs.GCD.gcd(GCD.java:19)
	at java_programs.GCD.gcd(GCD.java:19)
	at java_programs.GCD.gcd(GCD.java:19)
	at java_programs.GCD.gcd(GCD.java:19)
	at java_programs.GCD.gcd(GCD.java:19)
	at java_programs.GCD.gcd(GCD.java:19)
	at java_programs.GCD.gcd(GCD.java:19)
	at java_programs.GCD.gcd(GCD.java:19)
	at java_programs.GCD.gcd(GCD.java:19)
	at java_programs.GCD.gcd(GCD.java:19)
	at java_programs.GCD.gcd(GCD.java:19)
	at java_programs.GCD.gcd(GCD.java:19)
	at java_programs.GCD.gcd(GCD.java:19)
	at java_programs.GCD.gcd(GCD.java:19)
</failure>
  </testcase>
  <system-out><![CDATA[]]></system-out>
  <system-err><![CDATA[]]></system-err>
</testsuite>
