<?xml version="1.0" encoding="UTF-8"?>
<testsuite xmlns:xsi="http://www.w3.org/2001/XMLSchema-instance" xsi:noNamespaceSchemaLocation="https://maven.apache.org/surefire/maven-surefire-plugin/xsd/surefire-test-report-3.0.xsd" version="3.0" name="com.alibaba.json.bvt.bug.Issue215_double_array" time="0.02" tests="1" errors="0" skipped="0" failures="0">
  <properties>
    <property name="gopherProxySet" value="false"/>
    <property name="awt.toolkit" value="sun.lwawt.macosx.LWCToolkit"/>
    <property name="file.encoding.pkg" value="sun.io"/>
    <property name="java.specification.version" value="1.8"/>
    <property name="sun.cpu.isalist" value=""/>
    <property name="sun.jnu.encoding" value="UTF-8"/>
    <property name="java.class.path" value="/Users/shreyachaudhary/Desktop/cs527/CS527-Project/BugSwarm/fastjson-587105906/Buggy-version/target/test-classes:/Users/shreyachaudhary/Desktop/cs527/CS527-Project/BugSwarm/fastjson-587105906/Buggy-version/target/classes:/Users/shreyachaudhary/.m2/repository/javax/servlet/javax.servlet-api/3.1.0/javax.servlet-api-3.1.0.jar:/Users/shreyachaudhary/.m2/repository/javax/ws/rs/javax.ws.rs-api/2.0.1/javax.ws.rs-api-2.0.1.jar:/Users/shreyachaudhary/.m2/repository/org/apache/cxf/cxf-rt-transports-http/3.1.2/cxf-rt-transports-http-3.1.2.jar:/Users/shreyachaudhary/.m2/repository/org/apache/cxf/cxf-core/3.1.2/cxf-core-3.1.2.jar:/Users/shreyachaudhary/.m2/repository/org/codehaus/woodstox/woodstox-core-asl/4.4.1/woodstox-core-asl-4.4.1.jar:/Users/shreyachaudhary/.m2/repository/org/codehaus/woodstox/stax2-api/3.1.4/stax2-api-3.1.4.jar:/Users/shreyachaudhary/.m2/repository/org/apache/ws/xmlschema/xmlschema-core/2.2.1/xmlschema-core-2.2.1.jar:/Users/shreyachaudhary/.m2/repository/org/apache/cxf/cxf-rt-frontend-jaxrs/3.1.2/cxf-rt-frontend-jaxrs-3.1.2.jar:/Users/shreyachaudhary/.m2/repository/javax/annotation/javax.annotation-api/1.2/javax.annotation-api-1.2.jar:/Users/shreyachaudhary/.m2/repository/org/springframework/spring-websocket/4.3.7.RELEASE/spring-websocket-4.3.7.RELEASE.jar:/Users/shreyachaudhary/.m2/repository/org/springframework/spring-context/4.3.7.RELEASE/spring-context-4.3.7.RELEASE.jar:/Users/shreyachaudhary/.m2/repository/org/springframework/spring-core/4.3.7.RELEASE/spring-core-4.3.7.RELEASE.jar:/Users/shreyachaudhary/.m2/repository/org/springframework/spring-web/4.3.7.RELEASE/spring-web-4.3.7.RELEASE.jar:/Users/shreyachaudhary/.m2/repository/org/springframework/spring-webmvc/4.3.7.RELEASE/spring-webmvc-4.3.7.RELEASE.jar:/Users/shreyachaudhary/.m2/repository/org/springframework/spring-aop/4.3.7.RELEASE/spring-aop-4.3.7.RELEASE.jar:/Users/shreyachaudhary/.m2/repository/org/springframework/spring-beans/4.3.7.RELEASE/spring-beans-4.3.7.RELEASE.jar:/Users/shreyachaudhary/.m2/repository/org/springframework/spring-expression/4.3.7.RELEASE/spring-expression-4.3.7.RELEASE.jar:/Users/shreyachaudhary/.m2/repository/org/springframework/spring-messaging/4.3.7.RELEASE/spring-messaging-4.3.7.RELEASE.jar:/Users/shreyachaudhary/.m2/repository/org/springframework/data/spring-data-redis/1.8.6.RELEASE/spring-data-redis-1.8.6.RELEASE.jar:/Users/shreyachaudhary/.m2/repository/org/springframework/data/spring-data-keyvalue/1.2.6.RELEASE/spring-data-keyvalue-1.2.6.RELEASE.jar:/Users/shreyachaudhary/.m2/repository/org/springframework/data/spring-data-commons/1.13.6.RELEASE/spring-data-commons-1.13.6.RELEASE.jar:/Users/shreyachaudhary/.m2/repository/org/springframework/spring-tx/4.3.10.RELEASE/spring-tx-4.3.10.RELEASE.jar:/Users/shreyachaudhary/.m2/repository/org/springframework/spring-oxm/4.3.10.RELEASE/spring-oxm-4.3.10.RELEASE.jar:/Users/shreyachaudhary/.m2/repository/org/springframework/spring-context-support/4.3.10.RELEASE/spring-context-support-4.3.10.RELEASE.jar:/Users/shreyachaudhary/.m2/repository/org/slf4j/slf4j-api/1.7.25/slf4j-api-1.7.25.jar:/Users/shreyachaudhary/.m2/repository/org/slf4j/jcl-over-slf4j/1.7.25/jcl-over-slf4j-1.7.25.jar:/Users/shreyachaudhary/.m2/repository/com/squareup/retrofit2/retrofit/2.5.0/retrofit-2.5.0.jar:/Users/shreyachaudhary/.m2/repository/com/squareup/okhttp3/okhttp/3.6.0/okhttp-3.6.0.jar:/Users/shreyachaudhary/.m2/repository/com/squareup/okio/okio/1.11.0/okio-1.11.0.jar:/Users/shreyachaudhary/.m2/repository/io/springfox/springfox-spring-web/2.6.1/springfox-spring-web-2.6.1.jar:/Users/shreyachaudhary/.m2/repository/com/google/guava/guava/18.0/guava-18.0.jar:/Users/shreyachaudhary/.m2/repository/com/fasterxml/classmate/1.3.1/classmate-1.3.1.jar:/Users/shreyachaudhary/.m2/repository/org/springframework/plugin/spring-plugin-core/1.2.0.RELEASE/spring-plugin-core-1.2.0.RELEASE.jar:/Users/shreyachaudhary/.m2/repository/org/springframework/plugin/spring-plugin-metadata/1.2.0.RELEASE/spring-plugin-metadata-1.2.0.RELEASE.jar:/Users/shreyachaudhary/.m2/repository/io/springfox/springfox-spi/2.6.1/springfox-spi-2.6.1.jar:/Users/shreyachaudhary/.m2/repository/io/springfox/springfox-core/2.6.1/springfox-core-2.6.1.jar:/Users/shreyachaudhary/.m2/repository/io/javaslang/javaslang/2.0.6/javaslang-2.0.6.jar:/Users/shreyachaudhary/.m2/repository/io/javaslang/javaslang-match/2.0.6/javaslang-match-2.0.6.jar:/Users/shreyachaudhary/.m2/repository/org/glassfish/jersey/core/jersey-common/2.23.2/jersey-common-2.23.2.jar:/Users/shreyachaudhary/.m2/repository/org/glassfish/jersey/bundles/repackaged/jersey-guava/2.23.2/jersey-guava-2.23.2.jar:/Users/shreyachaudhary/.m2/repository/org/glassfish/hk2/hk2-api/2.5.0-b05/hk2-api-2.5.0-b05.jar:/Users/shreyachaudhary/.m2/repository/org/glassfish/hk2/hk2-utils/2.5.0-b05/hk2-utils-2.5.0-b05.jar:/Users/shreyachaudhary/.m2/repository/org/glassfish/hk2/external/aopalliance-repackaged/2.5.0-b05/aopalliance-repackaged-2.5.0-b05.jar:/Users/shreyachaudhary/.m2/repository/org/glassfish/hk2/external/javax.inject/2.5.0-b05/javax.inject-2.5.0-b05.jar:/Users/shreyachaudhary/.m2/repository/org/glassfish/hk2/hk2-locator/2.5.0-b05/hk2-locator-2.5.0-b05.jar:/Users/shreyachaudhary/.m2/repository/org/glassfish/hk2/osgi-resource-locator/1.0.1/osgi-resource-locator-1.0.1.jar:/Users/shreyachaudhary/.m2/repository/joda-time/joda-time/2.10/joda-time-2.10.jar:/Users/shreyachaudhary/.m2/repository/net/sf/trove4j/core/3.1.0/core-3.1.0.jar:/Users/shreyachaudhary/.m2/repository/org/javamoney/moneta/moneta-core/1.3/moneta-core-1.3.jar:/Users/shreyachaudhary/.m2/repository/javax/money/money-api/1.0.3/money-api-1.0.3.jar:/Users/shreyachaudhary/.m2/repository/io/airlift/slice/0.36/slice-0.36.jar:/Users/shreyachaudhary/.m2/repository/org/openjdk/jol/jol-core/0.2/jol-core-0.2.jar:/Users/shreyachaudhary/.m2/repository/org/eclipse/jetty/jetty-server/9.4.17.v20190418/jetty-server-9.4.17.v20190418.jar:/Users/shreyachaudhary/.m2/repository/org/eclipse/jetty/jetty-http/9.4.17.v20190418/jetty-http-9.4.17.v20190418.jar:/Users/shreyachaudhary/.m2/repository/org/eclipse/jetty/jetty-util/9.4.17.v20190418/jetty-util-9.4.17.v20190418.jar:/Users/shreyachaudhary/.m2/repository/org/eclipse/jetty/jetty-io/9.4.17.v20190418/jetty-io-9.4.17.v20190418.jar:/Users/shreyachaudhary/.m2/repository/org/eclipse/jetty/jetty-webapp/9.4.17.v20190418/jetty-webapp-9.4.17.v20190418.jar:/Users/shreyachaudhary/.m2/repository/org/eclipse/jetty/jetty-xml/9.4.17.v20190418/jetty-xml-9.4.17.v20190418.jar:/Users/shreyachaudhary/.m2/repository/org/eclipse/jetty/jetty-servlet/9.4.17.v20190418/jetty-servlet-9.4.17.v20190418.jar:/Users/shreyachaudhary/.m2/repository/org/eclipse/jetty/jetty-security/9.4.17.v20190418/jetty-security-9.4.17.v20190418.jar:/Users/shreyachaudhary/.m2/repository/junit/junit/4.12/junit-4.12.jar:/Users/shreyachaudhary/.m2/repository/org/hamcrest/hamcrest-core/1.3/hamcrest-core-1.3.jar:/Users/shreyachaudhary/.m2/repository/com/fasterxml/jackson/core/jackson-databind/2.9.9.3/jackson-databind-2.9.9.3.jar:/Users/shreyachaudhary/.m2/repository/com/fasterxml/jackson/core/jackson-annotations/2.9.0/jackson-annotations-2.9.0.jar:/Users/shreyachaudhary/.m2/repository/com/fasterxml/jackson/core/jackson-core/2.9.9/jackson-core-2.9.9.jar:/Users/shreyachaudhary/.m2/repository/com/fasterxml/jackson/module/jackson-module-afterburner/2.9.9/jackson-module-afterburner-2.9.9.jar:/Users/shreyachaudhary/.m2/repository/com/fasterxml/jackson/module/jackson-module-kotlin/2.9.9/jackson-module-kotlin-2.9.9.jar:/Users/shreyachaudhary/.m2/repository/cglib/cglib-nodep/2.2.2/cglib-nodep-2.2.2.jar:/Users/shreyachaudhary/.m2/repository/com/fasterxml/jackson/jaxrs/jackson-jaxrs-json-provider/2.9.9/jackson-jaxrs-json-provider-2.9.9.jar:/Users/shreyachaudhary/.m2/repository/com/fasterxml/jackson/jaxrs/jackson-jaxrs-base/2.9.9/jackson-jaxrs-base-2.9.9.jar:/Users/shreyachaudhary/.m2/repository/com/fasterxml/jackson/module/jackson-module-jaxb-annotations/2.9.9/jackson-module-jaxb-annotations-2.9.9.jar:/Users/shreyachaudhary/.m2/repository/com/googlecode/json-simple/json-simple/1.1.1/json-simple-1.1.1.jar:/Users/shreyachaudhary/.m2/repository/commons-io/commons-io/1.4/commons-io-1.4.jar:/Users/shreyachaudhary/.m2/repository/net/sf/json-lib/json-lib/2.4/json-lib-2.4-jdk15.jar:/Users/shreyachaudhary/.m2/repository/commons-beanutils/commons-beanutils/1.8.0/commons-beanutils-1.8.0.jar:/Users/shreyachaudhary/.m2/repository/commons-collections/commons-collections/3.2.1/commons-collections-3.2.1.jar:/Users/shreyachaudhary/.m2/repository/commons-lang/commons-lang/2.5/commons-lang-2.5.jar:/Users/shreyachaudhary/.m2/repository/commons-logging/commons-logging/1.1.1/commons-logging-1.1.1.jar:/Users/shreyachaudhary/.m2/repository/net/sf/ezmorph/ezmorph/1.0.6/ezmorph-1.0.6.jar:/Users/shreyachaudhary/.m2/repository/com/google/code/gson/gson/2.6.2/gson-2.6.2.jar:/Users/shreyachaudhary/.m2/repository/net/minidev/json-smart/2.2.1/json-smart-2.2.1.jar:/Users/shreyachaudhary/.m2/repository/net/minidev/accessors-smart/1.1/accessors-smart-1.1.jar:/Users/shreyachaudhary/.m2/repository/org/clojure/clojure/1.5.1/clojure-1.5.1.jar:/Users/shreyachaudhary/.m2/repository/org/codehaus/groovy/groovy/2.1.5/groovy-2.1.5.jar:/Users/shreyachaudhary/.m2/repository/antlr/antlr/2.7.7/antlr-2.7.7.jar:/Users/shreyachaudhary/.m2/repository/org/ow2/asm/asm-tree/4.0/asm-tree-4.0.jar:/Users/shreyachaudhary/.m2/repository/org/ow2/asm/asm-commons/4.0/asm-commons-4.0.jar:/Users/shreyachaudhary/.m2/repository/org/ow2/asm/asm/4.0/asm-4.0.jar:/Users/shreyachaudhary/.m2/repository/org/ow2/asm/asm-util/4.0/asm-util-4.0.jar:/Users/shreyachaudhary/.m2/repository/org/ow2/asm/asm-analysis/4.0/asm-analysis-4.0.jar:/Users/shreyachaudhary/.m2/repository/org/springframework/spring-test/4.3.7.RELEASE/spring-test-4.3.7.RELEASE.jar:/Users/shreyachaudhary/.m2/repository/org/javassist/javassist/3.18.0-GA/javassist-3.18.0-GA.jar:/Users/shreyachaudhary/.m2/repository/org/apache/cxf/cxf-rt-rs-client/3.1.2/cxf-rt-rs-client-3.1.2.jar:/Users/shreyachaudhary/.m2/repository/org/springframework/data/spring-data-commons-core/1.4.1.RELEASE/spring-data-commons-core-1.4.1.RELEASE.jar:/Users/shreyachaudhary/.m2/repository/org/glassfish/jersey/containers/jersey-container-servlet/2.23.2/jersey-container-servlet-2.23.2.jar:/Users/shreyachaudhary/.m2/repository/org/glassfish/jersey/containers/jersey-container-servlet-core/2.23.2/jersey-container-servlet-core-2.23.2.jar:/Users/shreyachaudhary/.m2/repository/org/glassfish/jersey/core/jersey-server/2.23.2/jersey-server-2.23.2.jar:/Users/shreyachaudhary/.m2/repository/org/glassfish/jersey/media/jersey-media-jaxb/2.23.2/jersey-media-jaxb-2.23.2.jar:/Users/shreyachaudhary/.m2/repository/javax/validation/validation-api/1.1.0.Final/validation-api-1.1.0.Final.jar:/Users/shreyachaudhary/.m2/repository/org/glassfish/jersey/core/jersey-client/2.23.2/jersey-client-2.23.2.jar:/Users/shreyachaudhary/.m2/repository/org/glassfish/jersey/test-framework/providers/jersey-test-framework-provider-jdk-http/2.23.2/jersey-test-framework-provider-jdk-http-2.23.2.jar:/Users/shreyachaudhary/.m2/repository/org/glassfish/jersey/test-framework/jersey-test-framework-core/2.23.2/jersey-test-framework-core-2.23.2.jar:/Users/shreyachaudhary/.m2/repository/org/glassfish/jersey/containers/jersey-container-jdk-http/2.23.2/jersey-container-jdk-http-2.23.2.jar:/Users/shreyachaudhary/.m2/repository/org/ow2/asm/asm-debug-all/5.0.4/asm-debug-all-5.0.4.jar:/Users/shreyachaudhary/.m2/repository/org/glassfish/jersey/media/jersey-media-json-jackson/2.23.2/jersey-media-json-jackson-2.23.2.jar:/Users/shreyachaudhary/.m2/repository/org/glassfish/jersey/ext/jersey-entity-filtering/2.23.2/jersey-entity-filtering-2.23.2.jar:/Users/shreyachaudhary/.m2/repository/com/jsoniter/jsoniter/0.9.8/jsoniter-0.9.8.jar:/Users/shreyachaudhary/.m2/repository/org/apache/commons/commons-lang3/3.4/commons-lang3-3.4.jar:/Users/shreyachaudhary/.m2/repository/org/hibernate/hibernate-core/5.2.10.Final/hibernate-core-5.2.10.Final.jar:/Users/shreyachaudhary/.m2/repository/org/jboss/logging/jboss-logging/3.3.0.Final/jboss-logging-3.3.0.Final.jar:/Users/shreyachaudhary/.m2/repository/org/hibernate/javax/persistence/hibernate-jpa-2.1-api/1.0.0.Final/hibernate-jpa-2.1-api-1.0.0.Final.jar:/Users/shreyachaudhary/.m2/repository/org/jboss/spec/javax/transaction/jboss-transaction-api_1.2_spec/1.0.1.Final/jboss-transaction-api_1.2_spec-1.0.1.Final.jar:/Users/shreyachaudhary/.m2/repository/org/jboss/jandex/2.0.3.Final/jandex-2.0.3.Final.jar:/Users/shreyachaudhary/.m2/repository/dom4j/dom4j/1.6.1/dom4j-1.6.1.jar:/Users/shreyachaudhary/.m2/repository/org/hibernate/common/hibernate-commons-annotations/5.0.1.Final/hibernate-commons-annotations-5.0.1.Final.jar:/Users/shreyachaudhary/.m2/repository/com/jayway/jsonpath/json-path/2.3.0/json-path-2.3.0.jar:/Users/shreyachaudhary/.m2/repository/org/jetbrains/kotlin/kotlin-stdlib/1.1.51/kotlin-stdlib-1.1.51.jar:/Users/shreyachaudhary/.m2/repository/org/jetbrains/annotations/13.0/annotations-13.0.jar:/Users/shreyachaudhary/.m2/repository/org/jetbrains/kotlin/kotlin-reflect/1.1.51/kotlin-reflect-1.1.51.jar:/Users/shreyachaudhary/.m2/repository/org/springframework/security/spring-security-web/4.2.3.RELEASE/spring-security-web-4.2.3.RELEASE.jar:/Users/shreyachaudhary/.m2/repository/aopalliance/aopalliance/1.0/aopalliance-1.0.jar:/Users/shreyachaudhary/.m2/repository/org/springframework/security/spring-security-core/4.2.3.RELEASE/spring-security-core-4.2.3.RELEASE.jar:/Users/shreyachaudhary/.m2/repository/org/apache/commons/commons-collections4/4.1/commons-collections4-4.1.jar:/Users/shreyachaudhary/.m2/repository/org/mockito/mockito-all/1.10.19/mockito-all-1.10.19.jar:/Users/shreyachaudhary/.m2/repository/org/powermock/powermock-module-junit4/1.6.6/powermock-module-junit4-1.6.6.jar:/Users/shreyachaudhary/.m2/repository/org/powermock/powermock-module-junit4-common/1.6.6/powermock-module-junit4-common-1.6.6.jar:/Users/shreyachaudhary/.m2/repository/org/powermock/powermock-core/1.6.6/powermock-core-1.6.6.jar:/Users/shreyachaudhary/.m2/repository/org/powermock/powermock-reflect/1.6.6/powermock-reflect-1.6.6.jar:/Users/shreyachaudhary/.m2/repository/com/diffblue/deeptestutils/1.1.0/deeptestutils-1.1.0.jar:/Users/shreyachaudhary/.m2/repository/org/objenesis/objenesis/2.5.1/objenesis-2.5.1.jar:/Users/shreyachaudhary/.m2/repository/org/powermock/powermock-api-mockito/1.6.6/powermock-api-mockito-1.6.6.jar:/Users/shreyachaudhary/.m2/repository/org/mockito/mockito-core/1.10.19/mockito-core-1.10.19.jar:/Users/shreyachaudhary/.m2/repository/org/powermock/powermock-api-mockito-common/1.6.6/powermock-api-mockito-common-1.6.6.jar:/Users/shreyachaudhary/.m2/repository/org/powermock/powermock-api-support/1.6.6/powermock-api-support-1.6.6.jar:/Users/shreyachaudhary/.m2/repository/org/projectlombok/lombok/1.18.4/lombok-1.18.4.jar:/Users/shreyachaudhary/.m2/repository/org/openjdk/jmh/jmh-core/1.21/jmh-core-1.21.jar:/Users/shreyachaudhary/.m2/repository/net/sf/jopt-simple/jopt-simple/4.6/jopt-simple-4.6.jar:/Users/shreyachaudhary/.m2/repository/org/apache/commons/commons-math3/3.2/commons-math3-3.2.jar:/Users/shreyachaudhary/.m2/repository/org/openjdk/jmh/jmh-generator-annprocess/1.21/jmh-generator-annprocess-1.21.jar:/Users/shreyachaudhary/Desktop/cs527/CS527-Project/BugSwarm/fastjson-587105906/Buggy-version/../../evosuite-standalone-runtime-1.2.0.jar:/Users/shreyachaudhary/.m2/repository/org/springframework/security/oauth/spring-security-oauth2/2.3.5.RELEASE/spring-security-oauth2-2.3.5.RELEASE.jar:/Users/shreyachaudhary/.m2/repository/org/springframework/security/spring-security-config/3.2.10.RELEASE/spring-security-config-3.2.10.RELEASE.jar:/Users/shreyachaudhary/.m2/repository/org/codehaus/jackson/jackson-mapper-asl/1.9.13/jackson-mapper-asl-1.9.13.jar:/Users/shreyachaudhary/.m2/repository/org/codehaus/jackson/jackson-core-asl/1.9.13/jackson-core-asl-1.9.13.jar:/Users/shreyachaudhary/.m2/repository/org/gitlab4j/gitlab4j-api/4.8.42/gitlab4j-api-4.8.42.jar:/Users/shreyachaudhary/.m2/repository/javax/xml/bind/jaxb-api/2.3.0/jaxb-api-2.3.0.jar:/Users/shreyachaudhary/.m2/repository/com/sun/activation/javax.activation/1.2.0/javax.activation-1.2.0.jar:/Users/shreyachaudhary/.m2/repository/org/glassfish/jersey/inject/jersey-hk2/2.27/jersey-hk2-2.27.jar:/Users/shreyachaudhary/.m2/repository/org/glassfish/jersey/connectors/jersey-apache-connector/2.27/jersey-apache-connector-2.27.jar:/Users/shreyachaudhary/.m2/repository/org/apache/httpcomponents/httpclient/4.5/httpclient-4.5.jar:/Users/shreyachaudhary/.m2/repository/org/apache/httpcomponents/httpcore/4.4.1/httpcore-4.4.1.jar:/Users/shreyachaudhary/.m2/repository/commons-codec/commons-codec/1.9/commons-codec-1.9.jar:/Users/shreyachaudhary/.m2/repository/org/glassfish/jersey/media/jersey-media-multipart/2.27/jersey-media-multipart-2.27.jar:/Users/shreyachaudhary/.m2/repository/org/jvnet/mimepull/mimepull/1.9.6/mimepull-1.9.6.jar:/Users/shreyachaudhary/.m2/repository/org/json/json/20180130/json-20180130.jar:/Users/shreyachaudhary/.m2/repository/com/atlassian/clover/clover/4.1.10/clover-4.1.10.jar:/var/folders/70/9z8mmtr153x2znr25_zb57mr0000gn/T/grover7825519723282166461.jar:"/>
    <property name="java.vm.vendor" value="Temurin"/>
    <property name="sun.arch.data.model" value="64"/>
    <property name="sun.font.fontmanager" value="sun.font.CFontManager"/>
    <property name="java.vendor.url" value="https://adoptium.net/"/>
    <property name="user.timezone" value="America/Chicago"/>
    <property name="java.vm.specification.version" value="1.8"/>
    <property name="os.name" value="Mac OS X"/>
    <property name="user.country" value="US"/>
    <property name="sun.java.launcher" value="SUN_STANDARD"/>
    <property name="sun.boot.library.path" value="/Library/Java/JavaVirtualMachines/temurin-8.jdk/Contents/Home/jre/lib"/>
    <property name="sun.java.command" value="/Users/shreyachaudhary/Desktop/cs527/CS527-Project/BugSwarm/fastjson-587105906/Buggy-version/target/surefire/surefirebooter-20240409181326026_3.jar /Users/shreyachaudhary/Desktop/cs527/CS527-Project/BugSwarm/fastjson-587105906/Buggy-version/target/surefire 2024-04-09T18-13-25_036-jvmRun1 surefire-20240409181326026_1tmp surefire_0-20240409181326026_2tmp"/>
    <property name="http.nonProxyHosts" value="local|*.local|169.254/16|*.169.254/16"/>
    <property name="surefire.test.class.path" value="/Users/shreyachaudhary/Desktop/cs527/CS527-Project/BugSwarm/fastjson-587105906/Buggy-version/target/test-classes:/Users/shreyachaudhary/Desktop/cs527/CS527-Project/BugSwarm/fastjson-587105906/Buggy-version/target/classes:/Users/shreyachaudhary/.m2/repository/javax/servlet/javax.servlet-api/3.1.0/javax.servlet-api-3.1.0.jar:/Users/shreyachaudhary/.m2/repository/javax/ws/rs/javax.ws.rs-api/2.0.1/javax.ws.rs-api-2.0.1.jar:/Users/shreyachaudhary/.m2/repository/org/apache/cxf/cxf-rt-transports-http/3.1.2/cxf-rt-transports-http-3.1.2.jar:/Users/shreyachaudhary/.m2/repository/org/apache/cxf/cxf-core/3.1.2/cxf-core-3.1.2.jar:/Users/shreyachaudhary/.m2/repository/org/codehaus/woodstox/woodstox-core-asl/4.4.1/woodstox-core-asl-4.4.1.jar:/Users/shreyachaudhary/.m2/repository/org/codehaus/woodstox/stax2-api/3.1.4/stax2-api-3.1.4.jar:/Users/shreyachaudhary/.m2/repository/org/apache/ws/xmlschema/xmlschema-core/2.2.1/xmlschema-core-2.2.1.jar:/Users/shreyachaudhary/.m2/repository/org/apache/cxf/cxf-rt-frontend-jaxrs/3.1.2/cxf-rt-frontend-jaxrs-3.1.2.jar:/Users/shreyachaudhary/.m2/repository/javax/annotation/javax.annotation-api/1.2/javax.annotation-api-1.2.jar:/Users/shreyachaudhary/.m2/repository/org/springframework/spring-websocket/4.3.7.RELEASE/spring-websocket-4.3.7.RELEASE.jar:/Users/shreyachaudhary/.m2/repository/org/springframework/spring-context/4.3.7.RELEASE/spring-context-4.3.7.RELEASE.jar:/Users/shreyachaudhary/.m2/repository/org/springframework/spring-core/4.3.7.RELEASE/spring-core-4.3.7.RELEASE.jar:/Users/shreyachaudhary/.m2/repository/org/springframework/spring-web/4.3.7.RELEASE/spring-web-4.3.7.RELEASE.jar:/Users/shreyachaudhary/.m2/repository/org/springframework/spring-webmvc/4.3.7.RELEASE/spring-webmvc-4.3.7.RELEASE.jar:/Users/shreyachaudhary/.m2/repository/org/springframework/spring-aop/4.3.7.RELEASE/spring-aop-4.3.7.RELEASE.jar:/Users/shreyachaudhary/.m2/repository/org/springframework/spring-beans/4.3.7.RELEASE/spring-beans-4.3.7.RELEASE.jar:/Users/shreyachaudhary/.m2/repository/org/springframework/spring-expression/4.3.7.RELEASE/spring-expression-4.3.7.RELEASE.jar:/Users/shreyachaudhary/.m2/repository/org/springframework/spring-messaging/4.3.7.RELEASE/spring-messaging-4.3.7.RELEASE.jar:/Users/shreyachaudhary/.m2/repository/org/springframework/data/spring-data-redis/1.8.6.RELEASE/spring-data-redis-1.8.6.RELEASE.jar:/Users/shreyachaudhary/.m2/repository/org/springframework/data/spring-data-keyvalue/1.2.6.RELEASE/spring-data-keyvalue-1.2.6.RELEASE.jar:/Users/shreyachaudhary/.m2/repository/org/springframework/data/spring-data-commons/1.13.6.RELEASE/spring-data-commons-1.13.6.RELEASE.jar:/Users/shreyachaudhary/.m2/repository/org/springframework/spring-tx/4.3.10.RELEASE/spring-tx-4.3.10.RELEASE.jar:/Users/shreyachaudhary/.m2/repository/org/springframework/spring-oxm/4.3.10.RELEASE/spring-oxm-4.3.10.RELEASE.jar:/Users/shreyachaudhary/.m2/repository/org/springframework/spring-context-support/4.3.10.RELEASE/spring-context-support-4.3.10.RELEASE.jar:/Users/shreyachaudhary/.m2/repository/org/slf4j/slf4j-api/1.7.25/slf4j-api-1.7.25.jar:/Users/shreyachaudhary/.m2/repository/org/slf4j/jcl-over-slf4j/1.7.25/jcl-over-slf4j-1.7.25.jar:/Users/shreyachaudhary/.m2/repository/com/squareup/retrofit2/retrofit/2.5.0/retrofit-2.5.0.jar:/Users/shreyachaudhary/.m2/repository/com/squareup/okhttp3/okhttp/3.6.0/okhttp-3.6.0.jar:/Users/shreyachaudhary/.m2/repository/com/squareup/okio/okio/1.11.0/okio-1.11.0.jar:/Users/shreyachaudhary/.m2/repository/io/springfox/springfox-spring-web/2.6.1/springfox-spring-web-2.6.1.jar:/Users/shreyachaudhary/.m2/repository/com/google/guava/guava/18.0/guava-18.0.jar:/Users/shreyachaudhary/.m2/repository/com/fasterxml/classmate/1.3.1/classmate-1.3.1.jar:/Users/shreyachaudhary/.m2/repository/org/springframework/plugin/spring-plugin-core/1.2.0.RELEASE/spring-plugin-core-1.2.0.RELEASE.jar:/Users/shreyachaudhary/.m2/repository/org/springframework/plugin/spring-plugin-metadata/1.2.0.RELEASE/spring-plugin-metadata-1.2.0.RELEASE.jar:/Users/shreyachaudhary/.m2/repository/io/springfox/springfox-spi/2.6.1/springfox-spi-2.6.1.jar:/Users/shreyachaudhary/.m2/repository/io/springfox/springfox-core/2.6.1/springfox-core-2.6.1.jar:/Users/shreyachaudhary/.m2/repository/io/javaslang/javaslang/2.0.6/javaslang-2.0.6.jar:/Users/shreyachaudhary/.m2/repository/io/javaslang/javaslang-match/2.0.6/javaslang-match-2.0.6.jar:/Users/shreyachaudhary/.m2/repository/org/glassfish/jersey/core/jersey-common/2.23.2/jersey-common-2.23.2.jar:/Users/shreyachaudhary/.m2/repository/org/glassfish/jersey/bundles/repackaged/jersey-guava/2.23.2/jersey-guava-2.23.2.jar:/Users/shreyachaudhary/.m2/repository/org/glassfish/hk2/hk2-api/2.5.0-b05/hk2-api-2.5.0-b05.jar:/Users/shreyachaudhary/.m2/repository/org/glassfish/hk2/hk2-utils/2.5.0-b05/hk2-utils-2.5.0-b05.jar:/Users/shreyachaudhary/.m2/repository/org/glassfish/hk2/external/aopalliance-repackaged/2.5.0-b05/aopalliance-repackaged-2.5.0-b05.jar:/Users/shreyachaudhary/.m2/repository/org/glassfish/hk2/external/javax.inject/2.5.0-b05/javax.inject-2.5.0-b05.jar:/Users/shreyachaudhary/.m2/repository/org/glassfish/hk2/hk2-locator/2.5.0-b05/hk2-locator-2.5.0-b05.jar:/Users/shreyachaudhary/.m2/repository/org/glassfish/hk2/osgi-resource-locator/1.0.1/osgi-resource-locator-1.0.1.jar:/Users/shreyachaudhary/.m2/repository/joda-time/joda-time/2.10/joda-time-2.10.jar:/Users/shreyachaudhary/.m2/repository/net/sf/trove4j/core/3.1.0/core-3.1.0.jar:/Users/shreyachaudhary/.m2/repository/org/javamoney/moneta/moneta-core/1.3/moneta-core-1.3.jar:/Users/shreyachaudhary/.m2/repository/javax/money/money-api/1.0.3/money-api-1.0.3.jar:/Users/shreyachaudhary/.m2/repository/io/airlift/slice/0.36/slice-0.36.jar:/Users/shreyachaudhary/.m2/repository/org/openjdk/jol/jol-core/0.2/jol-core-0.2.jar:/Users/shreyachaudhary/.m2/repository/org/eclipse/jetty/jetty-server/9.4.17.v20190418/jetty-server-9.4.17.v20190418.jar:/Users/shreyachaudhary/.m2/repository/org/eclipse/jetty/jetty-http/9.4.17.v20190418/jetty-http-9.4.17.v20190418.jar:/Users/shreyachaudhary/.m2/repository/org/eclipse/jetty/jetty-util/9.4.17.v20190418/jetty-util-9.4.17.v20190418.jar:/Users/shreyachaudhary/.m2/repository/org/eclipse/jetty/jetty-io/9.4.17.v20190418/jetty-io-9.4.17.v20190418.jar:/Users/shreyachaudhary/.m2/repository/org/eclipse/jetty/jetty-webapp/9.4.17.v20190418/jetty-webapp-9.4.17.v20190418.jar:/Users/shreyachaudhary/.m2/repository/org/eclipse/jetty/jetty-xml/9.4.17.v20190418/jetty-xml-9.4.17.v20190418.jar:/Users/shreyachaudhary/.m2/repository/org/eclipse/jetty/jetty-servlet/9.4.17.v20190418/jetty-servlet-9.4.17.v20190418.jar:/Users/shreyachaudhary/.m2/repository/org/eclipse/jetty/jetty-security/9.4.17.v20190418/jetty-security-9.4.17.v20190418.jar:/Users/shreyachaudhary/.m2/repository/junit/junit/4.12/junit-4.12.jar:/Users/shreyachaudhary/.m2/repository/org/hamcrest/hamcrest-core/1.3/hamcrest-core-1.3.jar:/Users/shreyachaudhary/.m2/repository/com/fasterxml/jackson/core/jackson-databind/2.9.9.3/jackson-databind-2.9.9.3.jar:/Users/shreyachaudhary/.m2/repository/com/fasterxml/jackson/core/jackson-annotations/2.9.0/jackson-annotations-2.9.0.jar:/Users/shreyachaudhary/.m2/repository/com/fasterxml/jackson/core/jackson-core/2.9.9/jackson-core-2.9.9.jar:/Users/shreyachaudhary/.m2/repository/com/fasterxml/jackson/module/jackson-module-afterburner/2.9.9/jackson-module-afterburner-2.9.9.jar:/Users/shreyachaudhary/.m2/repository/com/fasterxml/jackson/module/jackson-module-kotlin/2.9.9/jackson-module-kotlin-2.9.9.jar:/Users/shreyachaudhary/.m2/repository/cglib/cglib-nodep/2.2.2/cglib-nodep-2.2.2.jar:/Users/shreyachaudhary/.m2/repository/com/fasterxml/jackson/jaxrs/jackson-jaxrs-json-provider/2.9.9/jackson-jaxrs-json-provider-2.9.9.jar:/Users/shreyachaudhary/.m2/repository/com/fasterxml/jackson/jaxrs/jackson-jaxrs-base/2.9.9/jackson-jaxrs-base-2.9.9.jar:/Users/shreyachaudhary/.m2/repository/com/fasterxml/jackson/module/jackson-module-jaxb-annotations/2.9.9/jackson-module-jaxb-annotations-2.9.9.jar:/Users/shreyachaudhary/.m2/repository/com/googlecode/json-simple/json-simple/1.1.1/json-simple-1.1.1.jar:/Users/shreyachaudhary/.m2/repository/commons-io/commons-io/1.4/commons-io-1.4.jar:/Users/shreyachaudhary/.m2/repository/net/sf/json-lib/json-lib/2.4/json-lib-2.4-jdk15.jar:/Users/shreyachaudhary/.m2/repository/commons-beanutils/commons-beanutils/1.8.0/commons-beanutils-1.8.0.jar:/Users/shreyachaudhary/.m2/repository/commons-collections/commons-collections/3.2.1/commons-collections-3.2.1.jar:/Users/shreyachaudhary/.m2/repository/commons-lang/commons-lang/2.5/commons-lang-2.5.jar:/Users/shreyachaudhary/.m2/repository/commons-logging/commons-logging/1.1.1/commons-logging-1.1.1.jar:/Users/shreyachaudhary/.m2/repository/net/sf/ezmorph/ezmorph/1.0.6/ezmorph-1.0.6.jar:/Users/shreyachaudhary/.m2/repository/com/google/code/gson/gson/2.6.2/gson-2.6.2.jar:/Users/shreyachaudhary/.m2/repository/net/minidev/json-smart/2.2.1/json-smart-2.2.1.jar:/Users/shreyachaudhary/.m2/repository/net/minidev/accessors-smart/1.1/accessors-smart-1.1.jar:/Users/shreyachaudhary/.m2/repository/org/clojure/clojure/1.5.1/clojure-1.5.1.jar:/Users/shreyachaudhary/.m2/repository/org/codehaus/groovy/groovy/2.1.5/groovy-2.1.5.jar:/Users/shreyachaudhary/.m2/repository/antlr/antlr/2.7.7/antlr-2.7.7.jar:/Users/shreyachaudhary/.m2/repository/org/ow2/asm/asm-tree/4.0/asm-tree-4.0.jar:/Users/shreyachaudhary/.m2/repository/org/ow2/asm/asm-commons/4.0/asm-commons-4.0.jar:/Users/shreyachaudhary/.m2/repository/org/ow2/asm/asm/4.0/asm-4.0.jar:/Users/shreyachaudhary/.m2/repository/org/ow2/asm/asm-util/4.0/asm-util-4.0.jar:/Users/shreyachaudhary/.m2/repository/org/ow2/asm/asm-analysis/4.0/asm-analysis-4.0.jar:/Users/shreyachaudhary/.m2/repository/org/springframework/spring-test/4.3.7.RELEASE/spring-test-4.3.7.RELEASE.jar:/Users/shreyachaudhary/.m2/repository/org/javassist/javassist/3.18.0-GA/javassist-3.18.0-GA.jar:/Users/shreyachaudhary/.m2/repository/org/apache/cxf/cxf-rt-rs-client/3.1.2/cxf-rt-rs-client-3.1.2.jar:/Users/shreyachaudhary/.m2/repository/org/springframework/data/spring-data-commons-core/1.4.1.RELEASE/spring-data-commons-core-1.4.1.RELEASE.jar:/Users/shreyachaudhary/.m2/repository/org/glassfish/jersey/containers/jersey-container-servlet/2.23.2/jersey-container-servlet-2.23.2.jar:/Users/shreyachaudhary/.m2/repository/org/glassfish/jersey/containers/jersey-container-servlet-core/2.23.2/jersey-container-servlet-core-2.23.2.jar:/Users/shreyachaudhary/.m2/repository/org/glassfish/jersey/core/jersey-server/2.23.2/jersey-server-2.23.2.jar:/Users/shreyachaudhary/.m2/repository/org/glassfish/jersey/media/jersey-media-jaxb/2.23.2/jersey-media-jaxb-2.23.2.jar:/Users/shreyachaudhary/.m2/repository/javax/validation/validation-api/1.1.0.Final/validation-api-1.1.0.Final.jar:/Users/shreyachaudhary/.m2/repository/org/glassfish/jersey/core/jersey-client/2.23.2/jersey-client-2.23.2.jar:/Users/shreyachaudhary/.m2/repository/org/glassfish/jersey/test-framework/providers/jersey-test-framework-provider-jdk-http/2.23.2/jersey-test-framework-provider-jdk-http-2.23.2.jar:/Users/shreyachaudhary/.m2/repository/org/glassfish/jersey/test-framework/jersey-test-framework-core/2.23.2/jersey-test-framework-core-2.23.2.jar:/Users/shreyachaudhary/.m2/repository/org/glassfish/jersey/containers/jersey-container-jdk-http/2.23.2/jersey-container-jdk-http-2.23.2.jar:/Users/shreyachaudhary/.m2/repository/org/ow2/asm/asm-debug-all/5.0.4/asm-debug-all-5.0.4.jar:/Users/shreyachaudhary/.m2/repository/org/glassfish/jersey/media/jersey-media-json-jackson/2.23.2/jersey-media-json-jackson-2.23.2.jar:/Users/shreyachaudhary/.m2/repository/org/glassfish/jersey/ext/jersey-entity-filtering/2.23.2/jersey-entity-filtering-2.23.2.jar:/Users/shreyachaudhary/.m2/repository/com/jsoniter/jsoniter/0.9.8/jsoniter-0.9.8.jar:/Users/shreyachaudhary/.m2/repository/org/apache/commons/commons-lang3/3.4/commons-lang3-3.4.jar:/Users/shreyachaudhary/.m2/repository/org/hibernate/hibernate-core/5.2.10.Final/hibernate-core-5.2.10.Final.jar:/Users/shreyachaudhary/.m2/repository/org/jboss/logging/jboss-logging/3.3.0.Final/jboss-logging-3.3.0.Final.jar:/Users/shreyachaudhary/.m2/repository/org/hibernate/javax/persistence/hibernate-jpa-2.1-api/1.0.0.Final/hibernate-jpa-2.1-api-1.0.0.Final.jar:/Users/shreyachaudhary/.m2/repository/org/jboss/spec/javax/transaction/jboss-transaction-api_1.2_spec/1.0.1.Final/jboss-transaction-api_1.2_spec-1.0.1.Final.jar:/Users/shreyachaudhary/.m2/repository/org/jboss/jandex/2.0.3.Final/jandex-2.0.3.Final.jar:/Users/shreyachaudhary/.m2/repository/dom4j/dom4j/1.6.1/dom4j-1.6.1.jar:/Users/shreyachaudhary/.m2/repository/org/hibernate/common/hibernate-commons-annotations/5.0.1.Final/hibernate-commons-annotations-5.0.1.Final.jar:/Users/shreyachaudhary/.m2/repository/com/jayway/jsonpath/json-path/2.3.0/json-path-2.3.0.jar:/Users/shreyachaudhary/.m2/repository/org/jetbrains/kotlin/kotlin-stdlib/1.1.51/kotlin-stdlib-1.1.51.jar:/Users/shreyachaudhary/.m2/repository/org/jetbrains/annotations/13.0/annotations-13.0.jar:/Users/shreyachaudhary/.m2/repository/org/jetbrains/kotlin/kotlin-reflect/1.1.51/kotlin-reflect-1.1.51.jar:/Users/shreyachaudhary/.m2/repository/org/springframework/security/spring-security-web/4.2.3.RELEASE/spring-security-web-4.2.3.RELEASE.jar:/Users/shreyachaudhary/.m2/repository/aopalliance/aopalliance/1.0/aopalliance-1.0.jar:/Users/shreyachaudhary/.m2/repository/org/springframework/security/spring-security-core/4.2.3.RELEASE/spring-security-core-4.2.3.RELEASE.jar:/Users/shreyachaudhary/.m2/repository/org/apache/commons/commons-collections4/4.1/commons-collections4-4.1.jar:/Users/shreyachaudhary/.m2/repository/org/mockito/mockito-all/1.10.19/mockito-all-1.10.19.jar:/Users/shreyachaudhary/.m2/repository/org/powermock/powermock-module-junit4/1.6.6/powermock-module-junit4-1.6.6.jar:/Users/shreyachaudhary/.m2/repository/org/powermock/powermock-module-junit4-common/1.6.6/powermock-module-junit4-common-1.6.6.jar:/Users/shreyachaudhary/.m2/repository/org/powermock/powermock-core/1.6.6/powermock-core-1.6.6.jar:/Users/shreyachaudhary/.m2/repository/org/powermock/powermock-reflect/1.6.6/powermock-reflect-1.6.6.jar:/Users/shreyachaudhary/.m2/repository/com/diffblue/deeptestutils/1.1.0/deeptestutils-1.1.0.jar:/Users/shreyachaudhary/.m2/repository/org/objenesis/objenesis/2.5.1/objenesis-2.5.1.jar:/Users/shreyachaudhary/.m2/repository/org/powermock/powermock-api-mockito/1.6.6/powermock-api-mockito-1.6.6.jar:/Users/shreyachaudhary/.m2/repository/org/mockito/mockito-core/1.10.19/mockito-core-1.10.19.jar:/Users/shreyachaudhary/.m2/repository/org/powermock/powermock-api-mockito-common/1.6.6/powermock-api-mockito-common-1.6.6.jar:/Users/shreyachaudhary/.m2/repository/org/powermock/powermock-api-support/1.6.6/powermock-api-support-1.6.6.jar:/Users/shreyachaudhary/.m2/repository/org/projectlombok/lombok/1.18.4/lombok-1.18.4.jar:/Users/shreyachaudhary/.m2/repository/org/openjdk/jmh/jmh-core/1.21/jmh-core-1.21.jar:/Users/shreyachaudhary/.m2/repository/net/sf/jopt-simple/jopt-simple/4.6/jopt-simple-4.6.jar:/Users/shreyachaudhary/.m2/repository/org/apache/commons/commons-math3/3.2/commons-math3-3.2.jar:/Users/shreyachaudhary/.m2/repository/org/openjdk/jmh/jmh-generator-annprocess/1.21/jmh-generator-annprocess-1.21.jar:/Users/shreyachaudhary/Desktop/cs527/CS527-Project/BugSwarm/fastjson-587105906/Buggy-version/../../evosuite-standalone-runtime-1.2.0.jar:/Users/shreyachaudhary/.m2/repository/org/springframework/security/oauth/spring-security-oauth2/2.3.5.RELEASE/spring-security-oauth2-2.3.5.RELEASE.jar:/Users/shreyachaudhary/.m2/repository/org/springframework/security/spring-security-config/3.2.10.RELEASE/spring-security-config-3.2.10.RELEASE.jar:/Users/shreyachaudhary/.m2/repository/org/codehaus/jackson/jackson-mapper-asl/1.9.13/jackson-mapper-asl-1.9.13.jar:/Users/shreyachaudhary/.m2/repository/org/codehaus/jackson/jackson-core-asl/1.9.13/jackson-core-asl-1.9.13.jar:/Users/shreyachaudhary/.m2/repository/org/gitlab4j/gitlab4j-api/4.8.42/gitlab4j-api-4.8.42.jar:/Users/shreyachaudhary/.m2/repository/javax/xml/bind/jaxb-api/2.3.0/jaxb-api-2.3.0.jar:/Users/shreyachaudhary/.m2/repository/com/sun/activation/javax.activation/1.2.0/javax.activation-1.2.0.jar:/Users/shreyachaudhary/.m2/repository/org/glassfish/jersey/inject/jersey-hk2/2.27/jersey-hk2-2.27.jar:/Users/shreyachaudhary/.m2/repository/org/glassfish/jersey/connectors/jersey-apache-connector/2.27/jersey-apache-connector-2.27.jar:/Users/shreyachaudhary/.m2/repository/org/apache/httpcomponents/httpclient/4.5/httpclient-4.5.jar:/Users/shreyachaudhary/.m2/repository/org/apache/httpcomponents/httpcore/4.4.1/httpcore-4.4.1.jar:/Users/shreyachaudhary/.m2/repository/commons-codec/commons-codec/1.9/commons-codec-1.9.jar:/Users/shreyachaudhary/.m2/repository/org/glassfish/jersey/media/jersey-media-multipart/2.27/jersey-media-multipart-2.27.jar:/Users/shreyachaudhary/.m2/repository/org/jvnet/mimepull/mimepull/1.9.6/mimepull-1.9.6.jar:/Users/shreyachaudhary/.m2/repository/org/json/json/20180130/json-20180130.jar:/Users/shreyachaudhary/.m2/repository/com/atlassian/clover/clover/4.1.10/clover-4.1.10.jar:/var/folders/70/9z8mmtr153x2znr25_zb57mr0000gn/T/grover7825519723282166461.jar:"/>
    <property name="sun.cpu.endian" value="little"/>
    <property name="user.home" value="/Users/shreyachaudhary"/>
    <property name="user.language" value="en"/>
    <property name="java.specification.vendor" value="Oracle Corporation"/>
    <property name="java.home" value="/Library/Java/JavaVirtualMachines/temurin-8.jdk/Contents/Home/jre"/>
    <property name="basedir" value="/Users/shreyachaudhary/Desktop/cs527/CS527-Project/BugSwarm/fastjson-587105906/Buggy-version"/>
    <property name="file.separator" value="/"/>
    <property name="line.separator" value="&#10;"/>
    <property name="java.vm.specification.vendor" value="Oracle Corporation"/>
    <property name="java.specification.name" value="Java Platform API Specification"/>
    <property name="java.awt.graphicsenv" value="sun.awt.CGraphicsEnvironment"/>
    <property name="surefire.real.class.path" value="/Users/shreyachaudhary/Desktop/cs527/CS527-Project/BugSwarm/fastjson-587105906/Buggy-version/target/surefire/surefirebooter-20240409181326026_3.jar"/>
    <property name="sun.boot.class.path" value="/Library/Java/JavaVirtualMachines/temurin-8.jdk/Contents/Home/jre/lib/resources.jar:/Library/Java/JavaVirtualMachines/temurin-8.jdk/Contents/Home/jre/lib/rt.jar:/Library/Java/JavaVirtualMachines/temurin-8.jdk/Contents/Home/jre/lib/sunrsasign.jar:/Library/Java/JavaVirtualMachines/temurin-8.jdk/Contents/Home/jre/lib/jsse.jar:/Library/Java/JavaVirtualMachines/temurin-8.jdk/Contents/Home/jre/lib/jce.jar:/Library/Java/JavaVirtualMachines/temurin-8.jdk/Contents/Home/jre/lib/charsets.jar:/Library/Java/JavaVirtualMachines/temurin-8.jdk/Contents/Home/jre/lib/jfr.jar:/Library/Java/JavaVirtualMachines/temurin-8.jdk/Contents/Home/jre/classes"/>
    <property name="sun.management.compiler" value="HotSpot 64-Bit Tiered Compilers"/>
    <property name="ftp.nonProxyHosts" value="local|*.local|169.254/16|*.169.254/16"/>
    <property name="java.runtime.version" value="1.8.0_402-b06"/>
    <property name="user.name" value="shreyachaudhary"/>
    <property name="path.separator" value=":"/>
    <property name="os.version" value="14.4.1"/>
    <property name="java.endorsed.dirs" value="/Library/Java/JavaVirtualMachines/temurin-8.jdk/Contents/Home/jre/lib/endorsed"/>
    <property name="java.runtime.name" value="OpenJDK Runtime Environment"/>
    <property name="file.encoding" value="UTF-8"/>
    <property name="java.vm.name" value="OpenJDK 64-Bit Server VM"/>
    <property name="localRepository" value="/Users/shreyachaudhary/.m2/repository"/>
    <property name="java.vendor.url.bug" value="https://github.com/adoptium/adoptium-support/issues"/>
    <property name="java.io.tmpdir" value="/var/folders/70/9z8mmtr153x2znr25_zb57mr0000gn/T/"/>
    <property name="java.version" value="1.8.0_402"/>
    <property name="user.dir" value="/Users/shreyachaudhary/Desktop/cs527/CS527-Project/BugSwarm/fastjson-587105906/Buggy-version"/>
    <property name="os.arch" value="x86_64"/>
    <property name="java.vm.specification.name" value="Java Virtual Machine Specification"/>
    <property name="java.awt.printerjob" value="sun.lwawt.macosx.CPrinterJob"/>
    <property name="sun.os.patch.level" value="unknown"/>
    <property name="java.library.path" value="/Users/shreyachaudhary/Library/Java/Extensions:/Library/Java/Extensions:/Network/Library/Java/Extensions:/System/Library/Java/Extensions:/usr/lib/java:."/>
    <property name="java.vm.info" value="mixed mode"/>
    <property name="java.vendor" value="Temurin"/>
    <property name="java.vm.version" value="25.402-b06"/>
    <property name="java.specification.maintenance.version" value="5"/>
    <property name="java.ext.dirs" value="/Users/shreyachaudhary/Library/Java/Extensions:/Library/Java/JavaVirtualMachines/temurin-8.jdk/Contents/Home/jre/lib/ext:/Library/Java/Extensions:/Network/Library/Java/Extensions:/System/Library/Java/Extensions:/usr/lib/java"/>
    <property name="sun.io.unicode.encoding" value="UnicodeBig"/>
    <property name="java.class.version" value="52.0"/>
    <property name="maven.test.failure.ignore" value="true"/>
    <property name="socksNonProxyHosts" value="local|*.local|169.254/16|*.169.254/16"/>
  </properties>
  <testcase name="test_for_issue" classname="com.alibaba.json.bvt.bug.Issue215_double_array" time="0.02">
    <system-out><![CDATA[{"val":[0.5244834284876807,0.5732237012102551,0.6137786273789254,0.4918073663494027,0.4570161287177934,0.929914969831705,0.36707668068279276,0.5565263137296712,0.7060905508503136,0.5590702131533866,0.8757707551741987,0.4576847390517248,0.8189839354971107,0.08636908502984697,0.7563167143227746,0.0560499039275153,0.19315171584960877,0.8446816756457132,0.44180140392926626,0.7350209868047547,0.16287987063409282,0.7402887561538469,0.09676822496380133,0.34832215477654294,0.03931894619447951,0.8809020823806392,0.7285424575867866,0.8397283085511852,0.11674740795793137,0.20513891091148784,0.17440841544174523,0.007387663178169412,0.029982741902980337,0.920488264750448,0.7191851616326699,0.2808140427908967,0.8761787051688262,0.030439031904343383,0.3291935861977021,0.18037901226736663,0.1988174690075758,0.6113229701731284,0.8763021491339212,0.3371418880938386,0.27252619629537367,0.7855583949781004,0.26968490077716467,0.5651140413260942,0.12441692753383704,0.5303629081404563,0.11311968789884064,0.4985605220064617,0.380970104869809,0.5596370272159409,0.3621003900331218,0.733701381961748,0.3390515155175168,0.5216026429134925,0.46773223700810707,0.24718134012479487,0.6254731027336028,0.665913220660306,0.6633244655803902,0.10293553715152504,0.4315784095502416,0.9513361393889439,0.3747898549697959,0.10458616166403456,0.5876535964309388,0.28873909722475133,0.21740623167493323,0.10226272387425417,0.6765355751217401,0.24399677400732367,0.6791900932614378,0.12074667545180673,0.976608501024123,0.06156547066314433,0.38507782881256747,0.34009891239278267,0.27145121351336265,0.311857207444423,0.7863055955150065,0.2304362119046488,0.4667171397506441,0.8141770614736605,0.22582392685746044,0.8192809625335031,0.5143999278973886,0.7418704003436101,0.5932785071167191,0.1529156819700943,0.3604573007192895,0.9774596607821175,0.2020339958755918,0.5024324911917877,0.503836447987075,0.8529330123682748,0.09591305703856678,0.7606745740677157,0.28326464948078156,0.38398003831178085,0.7247679881958411,0.7780254086628144,0.19273863547619863,0.9868523689743871,0.8156975731356542,0.09300845513073386,0.36746710236504365,0.45266024263824667,0.3106674100511636,0.6279186164655254,0.8790907809763969,0.6462983032377139,0.4414870319559433,0.4402140679472266,0.6323248304293388,0.9958273645080161,0.3695423641684529,0.5471549309190673,0.46473850490913016,0.34302113909204723,0.3303776948691236,0.1741834187484803,0.5172077745808724,0.13692003143975728,0.8921663106915524,0.5167975239737813]}
]]></system-out>
  </testcase>
</testsuite>