<?xml version="1.0" encoding="UTF-8"?>
<testsuite name="java_testcases.junit.crt_program.SUBSEQUENCES_TEST" tests="12" skipped="0" failures="0" errors="0" timestamp="2024-04-01T06:39:07" hostname="Sejals-MacBook-Air.local" time="0.009">
  <properties/>
  <testcase name="test_10" classname="java_testcases.junit.crt_program.SUBSEQUENCES_TEST" time="0.002"/>
  <testcase name="test_11" classname="java_testcases.junit.crt_program.SUBSEQUENCES_TEST" time="0.0"/>
  <testcase name="test_0" classname="java_testcases.junit.crt_program.SUBSEQUENCES_TEST" time="0.0"/>
  <testcase name="test_1" classname="java_testcases.junit.crt_program.SUBSEQUENCES_TEST" time="0.001"/>
  <testcase name="test_2" classname="java_testcases.junit.crt_program.SUBSEQUENCES_TEST" time="0.0"/>
  <testcase name="test_3" classname="java_testcases.junit.crt_program.SUBSEQUENCES_TEST" time="0.003"/>
  <testcase name="test_4" classname="java_testcases.junit.crt_program.SUBSEQUENCES_TEST" time="0.0"/>
  <testcase name="test_5" classname="java_testcases.junit.crt_program.SUBSEQUENCES_TEST" time="0.0"/>
  <testcase name="test_6" classname="java_testcases.junit.crt_program.SUBSEQUENCES_TEST" time="0.001"/>
  <testcase name="test_7" classname="java_testcases.junit.crt_program.SUBSEQUENCES_TEST" time="0.001"/>
  <testcase name="test_8" classname="java_testcases.junit.crt_program.SUBSEQUENCES_TEST" time="0.001"/>
  <testcase name="test_9" classname="java_testcases.junit.crt_program.SUBSEQUENCES_TEST" time="0.0"/>
  <system-out><![CDATA[]]></system-out>
  <system-err><![CDATA[]]></system-err>
</testsuite>
