<?xml version="1.0" encoding="UTF-8"?>
<testsuite name="correct_java_programs.EvosuiteBUCKETSORT_ESTest" tests="7" skipped="0" failures="0" errors="0" timestamp="2024-04-02T01:59:03" hostname="Sejals-MacBook-Air.local" time="0.013">
  <properties/>
  <testcase name="test6" classname="correct_java_programs.EvosuiteBUCKETSORT_ESTest" time="0.003"/>
  <testcase name="test5" classname="correct_java_programs.EvosuiteBUCKETSORT_ESTest" time="0.004"/>
  <testcase name="test4" classname="correct_java_programs.EvosuiteBUCKETSORT_ESTest" time="0.001"/>
  <testcase name="test3" classname="correct_java_programs.EvosuiteBUCKETSORT_ESTest" time="0.002"/>
  <testcase name="test2" classname="correct_java_programs.EvosuiteBUCKETSORT_ESTest" time="0.001"/>
  <testcase name="test1" classname="correct_java_programs.EvosuiteBUCKETSORT_ESTest" time="0.001"/>
  <testcase name="test0" classname="correct_java_programs.EvosuiteBUCKETSORT_ESTest" time="0.001"/>
  <system-out><![CDATA[]]></system-out>
  <system-err><![CDATA[]]></system-err>
</testsuite>
