<?xml version="1.0" encoding="UTF-8"?>
<testsuite name="org.mockito.release.comparison.ZipCompareTest" tests="2" skipped="0" failures="0" errors="0" timestamp="2024-04-07T05:39:16" hostname="Shrushtis-MacBook-Air.local" time="0.052">
  <properties/>
  <testcase name="compares zips" classname="org.mockito.release.comparison.ZipCompareTest" time="0.05"/>
  <testcase name="fails early when any of the zips cannot be opened" classname="org.mockito.release.comparison.ZipCompareTest" time="0.002"/>
  <system-out><![CDATA[22:39:16.358 [Test worker] INFO  o.m.release.comparison.ZipCompare - Comparing /var/folders/fp/r3q888xd0pq7wl45t_l61g100000gn/T/junit431591199984207000/junit7079918706875394955/zip-1.zip with /var/folders/fp/r3q888xd0pq7wl45t_l61g100000gn/T/junit431591199984207000/junit7079918706875394955/zip-2.zip
22:39:16.358 [Test worker] INFO  o.m.release.comparison.ZipCompare - 4 entries matched
22:39:16.359 [Test worker] INFO  o.m.release.comparison.ZipCompare - Comparing /var/folders/fp/r3q888xd0pq7wl45t_l61g100000gn/T/junit431591199984207000/junit7079918706875394955/zip-2.zip with /var/folders/fp/r3q888xd0pq7wl45t_l61g100000gn/T/junit431591199984207000/junit7079918706875394955/zip-1.zip
22:39:16.359 [Test worker] INFO  o.m.release.comparison.ZipCompare - 4 entries matched
22:39:16.359 [Test worker] INFO  o.m.release.comparison.ZipCompare - Comparing /var/folders/fp/r3q888xd0pq7wl45t_l61g100000gn/T/junit431591199984207000/junit7079918706875394955/zip-1.zip with /var/folders/fp/r3q888xd0pq7wl45t_l61g100000gn/T/junit431591199984207000/junit7079918706875394955/zip-3.zip
22:39:16.359 [Test worker] INFO  o.m.release.comparison.ZipCompare - x/y/4.txt does not match
22:39:16.359 [Test worker] INFO  o.m.release.comparison.ZipCompare - 3 entries matched
22:39:16.359 [Test worker] INFO  o.m.release.comparison.ZipCompare - 1 entries did not match
22:39:16.359 [Test worker] INFO  o.m.release.comparison.ZipCompare - Comparing /var/folders/fp/r3q888xd0pq7wl45t_l61g100000gn/T/junit431591199984207000/junit7079918706875394955/zip-1.zip with /var/folders/fp/r3q888xd0pq7wl45t_l61g100000gn/T/junit431591199984207000/junit7079918706875394955/zip-4.zip
22:39:16.359 [Test worker] INFO  o.m.release.comparison.ZipCompare - x/y/4.txt not found in /var/folders/fp/r3q888xd0pq7wl45t_l61g100000gn/T/junit431591199984207000/junit7079918706875394955/zip-4.zip
22:39:16.359 [Test worker] INFO  o.m.release.comparison.ZipCompare - 3 entries matched
22:39:16.359 [Test worker] INFO  o.m.release.comparison.ZipCompare - 1 entries did not match
22:39:16.359 [Test worker] INFO  o.m.release.comparison.ZipCompare - Comparing /var/folders/fp/r3q888xd0pq7wl45t_l61g100000gn/T/junit431591199984207000/junit7079918706875394955/zip-1.zip with /var/folders/fp/r3q888xd0pq7wl45t_l61g100000gn/T/junit431591199984207000/junit7079918706875394955/zip-5.zip
22:39:16.360 [Test worker] INFO  o.m.release.comparison.ZipCompare - x.txt not found in /var/folders/fp/r3q888xd0pq7wl45t_l61g100000gn/T/junit431591199984207000/junit7079918706875394955/zip-1.zip
22:39:16.360 [Test worker] INFO  o.m.release.comparison.ZipCompare - 4 entries matched
22:39:16.360 [Test worker] INFO  o.m.release.comparison.ZipCompare - 1 entries did not match
]]></system-out>
  <system-err><![CDATA[]]></system-err>
</testsuite>
