<?xml version="1.0" encoding="UTF-8"?>
<testsuite name="org.mockito.release.exec.DefaultProcessRunnerTest" tests="1" skipped="0" failures="0" errors="0" timestamp="2024-04-02T18:30:41" hostname="Shrushtis-MacBook-Air.local" time="0.021">
  <properties/>
  <testcase name="runs processes" classname="org.mockito.release.exec.DefaultProcessRunnerTest" time="0.021"/>
  <system-out><![CDATA[11:30:41.681 [Test worker] INFO  o.m.r.exec.DefaultProcessRunner - Executing command: [ls]
]]></system-out>
  <system-err><![CDATA[]]></system-err>
</testsuite>
