<?xml version="1.0" encoding="UTF-8"?>
<testsuite name="org.mockito.release.notes.vcs.GitContributionsProviderTest" tests="3" skipped="0" failures="0" errors="0" timestamp="2024-03-30T06:54:36" hostname="Shrushtis-MacBook-Air.local" time="0.132">
  <properties/>
  <testcase name="provides contributions" classname="org.mockito.release.notes.vcs.GitContributionsProviderTest" time="0.127"/>
  <testcase name="has basic handling of garbage in log" classname="org.mockito.release.notes.vcs.GitContributionsProviderTest" time="0.003"/>
  <testcase name="handles empty log" classname="org.mockito.release.notes.vcs.GitContributionsProviderTest" time="0.002"/>
  <system-out><![CDATA[23:54:36.683 [Test worker] INFO  o.m.r.n.vcs.GitContributionsProvider - Fetching v1.10.10 from the repo
23:54:36.686 [Test worker] INFO  o.m.r.n.vcs.GitContributionsProvider - Loading all commits between v1.10.10 and HEAD
23:54:36.717 [Test worker] INFO  o.m.r.n.vcs.GitContributionsProvider - Fetching v1.10.10 from the repo
23:54:36.717 [Test worker] INFO  o.m.r.n.vcs.GitContributionsProvider - Loading all commits between v1.10.10 and HEAD
23:54:36.719 [Test worker] INFO  o.m.r.n.vcs.GitContributionsProvider - Fetching v1.10.10 from the repo
23:54:36.720 [Test worker] INFO  o.m.r.n.vcs.GitContributionsProvider - Loading all commits between v1.10.10 and HEAD
]]></system-out>
  <system-err><![CDATA[]]></system-err>
</testsuite>
