<?xml version="1.0" encoding="UTF-8"?>
<testsuite name="org.mockito.release.comparison.ZipCompareTest" tests="2" skipped="0" failures="0" errors="0" timestamp="2024-04-01T21:05:49" hostname="Shrushtis-MacBook-Air.local" time="0.168">
  <properties/>
  <testcase name="compares zips" classname="org.mockito.release.comparison.ZipCompareTest" time="0.162"/>
  <testcase name="fails early when any of the zips cannot be opened" classname="org.mockito.release.comparison.ZipCompareTest" time="0.004"/>
  <system-out><![CDATA[14:05:49.692 [Test worker] INFO  o.m.release.comparison.ZipCompare - Comparing /var/folders/fp/r3q888xd0pq7wl45t_l61g100000gn/T/junit6791775551789843968/junit2639571646628481008/zip-1.zip with /var/folders/fp/r3q888xd0pq7wl45t_l61g100000gn/T/junit6791775551789843968/junit2639571646628481008/zip-2.zip
14:05:49.695 [Test worker] INFO  o.m.release.comparison.ZipCompare - 4 entries matched
14:05:49.696 [Test worker] INFO  o.m.release.comparison.ZipCompare - Comparing /var/folders/fp/r3q888xd0pq7wl45t_l61g100000gn/T/junit6791775551789843968/junit2639571646628481008/zip-2.zip with /var/folders/fp/r3q888xd0pq7wl45t_l61g100000gn/T/junit6791775551789843968/junit2639571646628481008/zip-1.zip
14:05:49.696 [Test worker] INFO  o.m.release.comparison.ZipCompare - 4 entries matched
14:05:49.697 [Test worker] INFO  o.m.release.comparison.ZipCompare - Comparing /var/folders/fp/r3q888xd0pq7wl45t_l61g100000gn/T/junit6791775551789843968/junit2639571646628481008/zip-1.zip with /var/folders/fp/r3q888xd0pq7wl45t_l61g100000gn/T/junit6791775551789843968/junit2639571646628481008/zip-3.zip
14:05:49.697 [Test worker] INFO  o.m.release.comparison.ZipCompare - x/y/4.txt does not match
14:05:49.697 [Test worker] INFO  o.m.release.comparison.ZipCompare - 3 entries matched
14:05:49.697 [Test worker] INFO  o.m.release.comparison.ZipCompare - 1 entries did not match
14:05:49.698 [Test worker] INFO  o.m.release.comparison.ZipCompare - Comparing /var/folders/fp/r3q888xd0pq7wl45t_l61g100000gn/T/junit6791775551789843968/junit2639571646628481008/zip-1.zip with /var/folders/fp/r3q888xd0pq7wl45t_l61g100000gn/T/junit6791775551789843968/junit2639571646628481008/zip-4.zip
14:05:49.699 [Test worker] INFO  o.m.release.comparison.ZipCompare - x/y/4.txt not found in /var/folders/fp/r3q888xd0pq7wl45t_l61g100000gn/T/junit6791775551789843968/junit2639571646628481008/zip-4.zip
14:05:49.699 [Test worker] INFO  o.m.release.comparison.ZipCompare - 3 entries matched
14:05:49.699 [Test worker] INFO  o.m.release.comparison.ZipCompare - 1 entries did not match
14:05:49.699 [Test worker] INFO  o.m.release.comparison.ZipCompare - Comparing /var/folders/fp/r3q888xd0pq7wl45t_l61g100000gn/T/junit6791775551789843968/junit2639571646628481008/zip-1.zip with /var/folders/fp/r3q888xd0pq7wl45t_l61g100000gn/T/junit6791775551789843968/junit2639571646628481008/zip-5.zip
14:05:49.700 [Test worker] INFO  o.m.release.comparison.ZipCompare - x.txt not found in /var/folders/fp/r3q888xd0pq7wl45t_l61g100000gn/T/junit6791775551789843968/junit2639571646628481008/zip-1.zip
14:05:49.700 [Test worker] INFO  o.m.release.comparison.ZipCompare - 4 entries matched
14:05:49.700 [Test worker] INFO  o.m.release.comparison.ZipCompare - 1 entries did not match
]]></system-out>
  <system-err><![CDATA[]]></system-err>
</testsuite>
