<?xml version="1.0" encoding="UTF-8"?>
<testsuite name="org.mockito.release.notes.vcs.GitContributionsProviderTest" tests="3" skipped="0" failures="0" errors="0" timestamp="2024-04-07T21:28:44" hostname="Shrushtis-MacBook-Air.local" time="0.139">
  <properties/>
  <testcase name="provides contributions" classname="org.mockito.release.notes.vcs.GitContributionsProviderTest" time="0.133"/>
  <testcase name="has basic handling of garbage in log" classname="org.mockito.release.notes.vcs.GitContributionsProviderTest" time="0.004"/>
  <testcase name="handles empty log" classname="org.mockito.release.notes.vcs.GitContributionsProviderTest" time="0.002"/>
  <system-out><![CDATA[14:28:45.056 [Test worker] INFO  o.m.r.n.vcs.GitContributionsProvider - Fetching v1.10.10 from the repo
14:28:45.058 [Test worker] INFO  o.m.r.n.vcs.GitContributionsProvider - Loading all commits between v1.10.10 and HEAD
14:28:45.095 [Test worker] INFO  o.m.r.n.vcs.GitContributionsProvider - Fetching v1.10.10 from the repo
14:28:45.096 [Test worker] INFO  o.m.r.n.vcs.GitContributionsProvider - Loading all commits between v1.10.10 and HEAD
14:28:45.098 [Test worker] INFO  o.m.r.n.vcs.GitContributionsProvider - Fetching v1.10.10 from the repo
14:28:45.098 [Test worker] INFO  o.m.r.n.vcs.GitContributionsProvider - Loading all commits between v1.10.10 and HEAD
]]></system-out>
  <system-err><![CDATA[]]></system-err>
</testsuite>
