<?xml version="1.0" encoding="UTF-8"?>
<testsuite xmlns:xsi="http://www.w3.org/2001/XMLSchema-instance" xsi:noNamespaceSchemaLocation="https://maven.apache.org/surefire/maven-surefire-plugin/xsd/surefire-test-report-3.0.xsd" version="3.0" name="com.alibaba.fastjson2.springdoc.OpenApiJsonWriterTest" time="2.044" tests="1" errors="0" skipped="0" failures="0">
  <properties>
    <property name="gopherProxySet" value="false"/>
    <property name="awt.toolkit" value="sun.lwawt.macosx.LWCToolkit"/>
    <property name="file.encoding.pkg" value="sun.io"/>
    <property name="java.specification.version" value="1.8"/>
    <property name="sun.cpu.isalist" value=""/>
    <property name="sun.jnu.encoding" value="UTF-8"/>
    <property name="java.class.path" value="/Users/shreyachaudhary/Desktop/cs527/CS527-Project/BugSwarm/fastjson2-13283643223/Patched-Version/extension-spring5/target/test-classes:/Users/shreyachaudhary/Desktop/cs527/CS527-Project/BugSwarm/fastjson2-13283643223/Patched-Version/extension-spring5/target/classes:/Users/shreyachaudhary/Desktop/cs527/CS527-Project/BugSwarm/fastjson2-13283643223/Patched-Version/extension/target/classes:/Users/shreyachaudhary/Desktop/cs527/CS527-Project/BugSwarm/fastjson2-13283643223/Patched-Version/core/target/classes:/Users/shreyachaudhary/.m2/repository/com/aliyun/odps/odps-sdk-udf/0.43.3-public/odps-sdk-udf-0.43.3-public.jar:/Users/shreyachaudhary/.m2/repository/com/aliyun/odps/odps-sdk-commons/0.43.3-public/odps-sdk-commons-0.43.3-public.jar:/Users/shreyachaudhary/.m2/repository/commons-logging/commons-logging/1.2/commons-logging-1.2.jar:/Users/shreyachaudhary/.m2/repository/org/aspectj/aspectjrt/1.8.9/aspectjrt-1.8.9.jar:/Users/shreyachaudhary/.m2/repository/com/squareup/retrofit2/retrofit/2.9.0/retrofit-2.9.0.jar:/Users/shreyachaudhary/.m2/repository/com/squareup/okhttp3/okhttp/3.14.9/okhttp-3.14.9.jar:/Users/shreyachaudhary/.m2/repository/com/squareup/okio/okio/1.17.2/okio-1.17.2.jar:/Users/shreyachaudhary/.m2/repository/io/airlift/slice/0.41/slice-0.41.jar:/Users/shreyachaudhary/.m2/repository/org/openjdk/jol/jol-core/0.2/jol-core-0.2.jar:/Users/shreyachaudhary/.m2/repository/io/springfox/springfox-spring-web/3.0.0/springfox-spring-web-3.0.0.jar:/Users/shreyachaudhary/.m2/repository/io/springfox/springfox-spi/3.0.0/springfox-spi-3.0.0.jar:/Users/shreyachaudhary/.m2/repository/io/springfox/springfox-schema/3.0.0/springfox-schema-3.0.0.jar:/Users/shreyachaudhary/.m2/repository/io/springfox/springfox-core/3.0.0/springfox-core-3.0.0.jar:/Users/shreyachaudhary/.m2/repository/net/bytebuddy/byte-buddy/1.10.11/byte-buddy-1.10.11.jar:/Users/shreyachaudhary/.m2/repository/io/github/classgraph/classgraph/4.8.83/classgraph-4.8.83.jar:/Users/shreyachaudhary/.m2/repository/com/fasterxml/classmate/1.5.1/classmate-1.5.1.jar:/Users/shreyachaudhary/.m2/repository/org/slf4j/slf4j-api/1.7.25/slf4j-api-1.7.25.jar:/Users/shreyachaudhary/.m2/repository/org/springframework/plugin/spring-plugin-core/2.0.0.RELEASE/spring-plugin-core-2.0.0.RELEASE.jar:/Users/shreyachaudhary/.m2/repository/org/springframework/plugin/spring-plugin-metadata/2.0.0.RELEASE/spring-plugin-metadata-2.0.0.RELEASE.jar:/Users/shreyachaudhary/.m2/repository/javax/servlet/javax.servlet-api/4.0.1/javax.servlet-api-4.0.1.jar:/Users/shreyachaudhary/.m2/repository/org/springframework/spring-messaging/5.3.27/spring-messaging-5.3.27.jar:/Users/shreyachaudhary/.m2/repository/org/springframework/spring-beans/5.3.27/spring-beans-5.3.27.jar:/Users/shreyachaudhary/.m2/repository/org/springframework/spring-core/5.3.27/spring-core-5.3.27.jar:/Users/shreyachaudhary/.m2/repository/org/springframework/spring-jcl/5.3.27/spring-jcl-5.3.27.jar:/Users/shreyachaudhary/.m2/repository/org/springframework/spring-webflux/5.3.27/spring-webflux-5.3.27.jar:/Users/shreyachaudhary/.m2/repository/org/springframework/spring-web/5.3.27/spring-web-5.3.27.jar:/Users/shreyachaudhary/.m2/repository/io/projectreactor/reactor-core/3.5.5/reactor-core-3.5.5.jar:/Users/shreyachaudhary/.m2/repository/org/reactivestreams/reactive-streams/1.0.4/reactive-streams-1.0.4.jar:/Users/shreyachaudhary/.m2/repository/org/springframework/spring-webmvc/5.3.27/spring-webmvc-5.3.27.jar:/Users/shreyachaudhary/.m2/repository/org/springframework/spring-aop/5.3.27/spring-aop-5.3.27.jar:/Users/shreyachaudhary/.m2/repository/org/springframework/spring-context/5.3.27/spring-context-5.3.27.jar:/Users/shreyachaudhary/.m2/repository/org/springframework/spring-expression/5.3.27/spring-expression-5.3.27.jar:/Users/shreyachaudhary/.m2/repository/org/springframework/spring-websocket/5.3.27/spring-websocket-5.3.27.jar:/Users/shreyachaudhary/.m2/repository/org/springframework/data/spring-data-elasticsearch/4.4.11/spring-data-elasticsearch-4.4.11.jar:/Users/shreyachaudhary/.m2/repository/org/springframework/spring-tx/5.3.27/spring-tx-5.3.27.jar:/Users/shreyachaudhary/.m2/repository/org/springframework/data/spring-data-commons/2.7.11/spring-data-commons-2.7.11.jar:/Users/shreyachaudhary/.m2/repository/org/elasticsearch/client/elasticsearch-rest-high-level-client/7.17.9/elasticsearch-rest-high-level-client-7.17.9.jar:/Users/shreyachaudhary/.m2/repository/org/elasticsearch/elasticsearch/7.17.9/elasticsearch-7.17.9.jar:/Users/shreyachaudhary/.m2/repository/org/elasticsearch/elasticsearch-core/7.17.9/elasticsearch-core-7.17.9.jar:/Users/shreyachaudhary/.m2/repository/org/elasticsearch/elasticsearch-secure-sm/7.17.9/elasticsearch-secure-sm-7.17.9.jar:/Users/shreyachaudhary/.m2/repository/org/elasticsearch/elasticsearch-x-content/7.17.9/elasticsearch-x-content-7.17.9.jar:/Users/shreyachaudhary/.m2/repository/com/fasterxml/jackson/dataformat/jackson-dataformat-smile/2.15.0/jackson-dataformat-smile-2.15.0.jar:/Users/shreyachaudhary/.m2/repository/com/fasterxml/jackson/dataformat/jackson-dataformat-yaml/2.15.0/jackson-dataformat-yaml-2.15.0.jar:/Users/shreyachaudhary/.m2/repository/com/fasterxml/jackson/dataformat/jackson-dataformat-cbor/2.15.0/jackson-dataformat-cbor-2.15.0.jar:/Users/shreyachaudhary/.m2/repository/org/elasticsearch/elasticsearch-geo/7.17.9/elasticsearch-geo-7.17.9.jar:/Users/shreyachaudhary/.m2/repository/org/elasticsearch/elasticsearch-lz4/7.17.9/elasticsearch-lz4-7.17.9.jar:/Users/shreyachaudhary/.m2/repository/org/lz4/lz4-java/1.8.0/lz4-java-1.8.0.jar:/Users/shreyachaudhary/.m2/repository/org/apache/lucene/lucene-core/8.11.1/lucene-core-8.11.1.jar:/Users/shreyachaudhary/.m2/repository/org/apache/lucene/lucene-analyzers-common/8.11.1/lucene-analyzers-common-8.11.1.jar:/Users/shreyachaudhary/.m2/repository/org/apache/lucene/lucene-backward-codecs/8.11.1/lucene-backward-codecs-8.11.1.jar:/Users/shreyachaudhary/.m2/repository/org/apache/lucene/lucene-grouping/8.11.1/lucene-grouping-8.11.1.jar:/Users/shreyachaudhary/.m2/repository/org/apache/lucene/lucene-highlighter/8.11.1/lucene-highlighter-8.11.1.jar:/Users/shreyachaudhary/.m2/repository/org/apache/lucene/lucene-join/8.11.1/lucene-join-8.11.1.jar:/Users/shreyachaudhary/.m2/repository/org/apache/lucene/lucene-memory/8.11.1/lucene-memory-8.11.1.jar:/Users/shreyachaudhary/.m2/repository/org/apache/lucene/lucene-misc/8.11.1/lucene-misc-8.11.1.jar:/Users/shreyachaudhary/.m2/repository/org/apache/lucene/lucene-queries/8.11.1/lucene-queries-8.11.1.jar:/Users/shreyachaudhary/.m2/repository/org/apache/lucene/lucene-queryparser/8.11.1/lucene-queryparser-8.11.1.jar:/Users/shreyachaudhary/.m2/repository/org/apache/lucene/lucene-sandbox/8.11.1/lucene-sandbox-8.11.1.jar:/Users/shreyachaudhary/.m2/repository/org/apache/lucene/lucene-spatial3d/8.11.1/lucene-spatial3d-8.11.1.jar:/Users/shreyachaudhary/.m2/repository/org/apache/lucene/lucene-suggest/8.11.1/lucene-suggest-8.11.1.jar:/Users/shreyachaudhary/.m2/repository/org/elasticsearch/elasticsearch-cli/7.17.9/elasticsearch-cli-7.17.9.jar:/Users/shreyachaudhary/.m2/repository/net/sf/jopt-simple/jopt-simple/5.0.2/jopt-simple-5.0.2.jar:/Users/shreyachaudhary/.m2/repository/com/carrotsearch/hppc/0.9.1/hppc-0.9.1.jar:/Users/shreyachaudhary/.m2/repository/joda-time/joda-time/2.12.5/joda-time-2.12.5.jar:/Users/shreyachaudhary/.m2/repository/com/tdunning/t-digest/3.2/t-digest-3.2.jar:/Users/shreyachaudhary/.m2/repository/org/hdrhistogram/HdrHistogram/2.1.9/HdrHistogram-2.1.9.jar:/Users/shreyachaudhary/.m2/repository/org/apache/logging/log4j/log4j-api/2.17.1/log4j-api-2.17.1.jar:/Users/shreyachaudhary/.m2/repository/net/java/dev/jna/jna/5.10.0/jna-5.10.0.jar:/Users/shreyachaudhary/.m2/repository/org/elasticsearch/elasticsearch-plugin-classloader/7.17.9/elasticsearch-plugin-classloader-7.17.9.jar:/Users/shreyachaudhary/.m2/repository/org/elasticsearch/plugin/mapper-extras-client/7.17.9/mapper-extras-client-7.17.9.jar:/Users/shreyachaudhary/.m2/repository/org/elasticsearch/plugin/parent-join-client/7.17.9/parent-join-client-7.17.9.jar:/Users/shreyachaudhary/.m2/repository/org/elasticsearch/plugin/aggs-matrix-stats-client/7.17.9/aggs-matrix-stats-client-7.17.9.jar:/Users/shreyachaudhary/.m2/repository/org/elasticsearch/plugin/rank-eval-client/7.17.9/rank-eval-client-7.17.9.jar:/Users/shreyachaudhary/.m2/repository/org/elasticsearch/plugin/lang-mustache-client/7.17.9/lang-mustache-client-7.17.9.jar:/Users/shreyachaudhary/.m2/repository/com/github/spullara/mustache/java/compiler/0.9.6/compiler-0.9.6.jar:/Users/shreyachaudhary/.m2/repository/co/elastic/clients/elasticsearch-java/7.17.9/elasticsearch-java-7.17.9.jar:/Users/shreyachaudhary/.m2/repository/com/google/code/findbugs/jsr305/3.0.2/jsr305-3.0.2.jar:/Users/shreyachaudhary/.m2/repository/jakarta/json/jakarta.json-api/2.0.1/jakarta.json-api-2.0.1.jar:/Users/shreyachaudhary/.m2/repository/org/eclipse/parsson/parsson/1.0.0/parsson-1.0.0.jar:/Users/shreyachaudhary/.m2/repository/org/elasticsearch/client/elasticsearch-rest-client/7.17.9/elasticsearch-rest-client-7.17.9.jar:/Users/shreyachaudhary/.m2/repository/org/apache/httpcomponents/httpclient/4.5.10/httpclient-4.5.10.jar:/Users/shreyachaudhary/.m2/repository/org/apache/httpcomponents/httpcore/4.4.12/httpcore-4.4.12.jar:/Users/shreyachaudhary/.m2/repository/org/apache/httpcomponents/httpasyncclient/4.1.4/httpasyncclient-4.1.4.jar:/Users/shreyachaudhary/.m2/repository/org/apache/httpcomponents/httpcore-nio/4.4.12/httpcore-nio-4.4.12.jar:/Users/shreyachaudhary/.m2/repository/commons-codec/commons-codec/1.11/commons-codec-1.11.jar:/Users/shreyachaudhary/.m2/repository/com/fasterxml/jackson/core/jackson-core/2.15.0/jackson-core-2.15.0.jar:/Users/shreyachaudhary/.m2/repository/com/fasterxml/jackson/core/jackson-databind/2.15.0/jackson-databind-2.15.0.jar:/Users/shreyachaudhary/.m2/repository/org/springframework/data/spring-data-mongodb/3.4.11/spring-data-mongodb-3.4.11.jar:/Users/shreyachaudhary/.m2/repository/org/mongodb/mongodb-driver-core/4.6.1/mongodb-driver-core-4.6.1.jar:/Users/shreyachaudhary/.m2/repository/org/mongodb/bson/4.6.1/bson-4.6.1.jar:/Users/shreyachaudhary/.m2/repository/org/mongodb/bson-record-codec/4.6.1/bson-record-codec-4.6.1.jar:/Users/shreyachaudhary/.m2/repository/org/springframework/data/spring-data-redis/2.7.11/spring-data-redis-2.7.11.jar:/Users/shreyachaudhary/.m2/repository/org/springframework/data/spring-data-keyvalue/2.7.11/spring-data-keyvalue-2.7.11.jar:/Users/shreyachaudhary/.m2/repository/org/springframework/spring-oxm/5.3.27/spring-oxm-5.3.27.jar:/Users/shreyachaudhary/.m2/repository/org/springframework/spring-context-support/5.3.27/spring-context-support-5.3.27.jar:/Users/shreyachaudhary/.m2/repository/com/alibaba/fastjson/1.2.83/fastjson-1.2.83.jar:/Users/shreyachaudhary/.m2/repository/com/fasterxml/jackson/datatype/jackson-datatype-jsr310/2.15.0/jackson-datatype-jsr310-2.15.0.jar:/Users/shreyachaudhary/.m2/repository/com/fasterxml/jackson/core/jackson-annotations/2.15.0/jackson-annotations-2.15.0.jar:/Users/shreyachaudhary/.m2/repository/com/opencsv/opencsv/5.7.1/opencsv-5.7.1.jar:/Users/shreyachaudhary/.m2/repository/org/apache/commons/commons-lang3/3.12.0/commons-lang3-3.12.0.jar:/Users/shreyachaudhary/.m2/repository/org/apache/commons/commons-text/1.10.0/commons-text-1.10.0.jar:/Users/shreyachaudhary/.m2/repository/commons-beanutils/commons-beanutils/1.9.4/commons-beanutils-1.9.4.jar:/Users/shreyachaudhary/.m2/repository/commons-collections/commons-collections/3.2.2/commons-collections-3.2.2.jar:/Users/shreyachaudhary/.m2/repository/org/apache/commons/commons-collections4/4.4/commons-collections4-4.4.jar:/Users/shreyachaudhary/.m2/repository/commons-io/commons-io/2.11.0/commons-io-2.11.0.jar:/Users/shreyachaudhary/.m2/repository/org/springframework/spring-test/5.3.27/spring-test-5.3.27.jar:/Users/shreyachaudhary/.m2/repository/org/springframework/boot/spring-boot/2.7.11/spring-boot-2.7.11.jar:/Users/shreyachaudhary/.m2/repository/org/springframework/boot/spring-boot-starter-web/2.7.11/spring-boot-starter-web-2.7.11.jar:/Users/shreyachaudhary/.m2/repository/org/springframework/boot/spring-boot-starter/2.7.11/spring-boot-starter-2.7.11.jar:/Users/shreyachaudhary/.m2/repository/org/springframework/boot/spring-boot-autoconfigure/2.7.11/spring-boot-autoconfigure-2.7.11.jar:/Users/shreyachaudhary/.m2/repository/org/springframework/boot/spring-boot-starter-logging/2.7.11/spring-boot-starter-logging-2.7.11.jar:/Users/shreyachaudhary/.m2/repository/ch/qos/logback/logback-classic/1.2.12/logback-classic-1.2.12.jar:/Users/shreyachaudhary/.m2/repository/ch/qos/logback/logback-core/1.2.12/logback-core-1.2.12.jar:/Users/shreyachaudhary/.m2/repository/org/apache/logging/log4j/log4j-to-slf4j/2.17.2/log4j-to-slf4j-2.17.2.jar:/Users/shreyachaudhary/.m2/repository/org/slf4j/jul-to-slf4j/1.7.36/jul-to-slf4j-1.7.36.jar:/Users/shreyachaudhary/.m2/repository/jakarta/annotation/jakarta.annotation-api/1.3.5/jakarta.annotation-api-1.3.5.jar:/Users/shreyachaudhary/.m2/repository/org/yaml/snakeyaml/1.30/snakeyaml-1.30.jar:/Users/shreyachaudhary/.m2/repository/org/springframework/boot/spring-boot-starter-json/2.7.11/spring-boot-starter-json-2.7.11.jar:/Users/shreyachaudhary/.m2/repository/com/fasterxml/jackson/datatype/jackson-datatype-jdk8/2.15.0/jackson-datatype-jdk8-2.15.0.jar:/Users/shreyachaudhary/.m2/repository/com/fasterxml/jackson/module/jackson-module-parameter-names/2.15.0/jackson-module-parameter-names-2.15.0.jar:/Users/shreyachaudhary/.m2/repository/org/springframework/boot/spring-boot-starter-tomcat/2.7.11/spring-boot-starter-tomcat-2.7.11.jar:/Users/shreyachaudhary/.m2/repository/org/apache/tomcat/embed/tomcat-embed-core/9.0.74/tomcat-embed-core-9.0.74.jar:/Users/shreyachaudhary/.m2/repository/org/apache/tomcat/embed/tomcat-embed-el/9.0.74/tomcat-embed-el-9.0.74.jar:/Users/shreyachaudhary/.m2/repository/org/apache/tomcat/embed/tomcat-embed-websocket/9.0.74/tomcat-embed-websocket-9.0.74.jar:/Users/shreyachaudhary/.m2/repository/org/springframework/boot/spring-boot-test/2.7.11/spring-boot-test-2.7.11.jar:/Users/shreyachaudhary/.m2/repository/org/springframework/security/spring-security-core/5.7.5/spring-security-core-5.7.5.jar:/Users/shreyachaudhary/.m2/repository/org/springframework/security/spring-security-crypto/5.7.5/spring-security-crypto-5.7.5.jar:/Users/shreyachaudhary/.m2/repository/io/kotest/kotest-assertions-core-jvm/5.6.1/kotest-assertions-core-jvm-5.6.1.jar:/Users/shreyachaudhary/.m2/repository/org/jetbrains/kotlin/kotlin-stdlib-jdk8/1.8.21/kotlin-stdlib-jdk8-1.8.21.jar:/Users/shreyachaudhary/.m2/repository/org/jetbrains/kotlin/kotlin-stdlib/1.8.21/kotlin-stdlib-1.8.21.jar:/Users/shreyachaudhary/.m2/repository/org/jetbrains/annotations/13.0/annotations-13.0.jar:/Users/shreyachaudhary/.m2/repository/org/jetbrains/kotlin/kotlin-stdlib-jdk7/1.8.21/kotlin-stdlib-jdk7-1.8.21.jar:/Users/shreyachaudhary/.m2/repository/io/kotest/kotest-assertions-shared-jvm/5.6.1/kotest-assertions-shared-jvm-5.6.1.jar:/Users/shreyachaudhary/.m2/repository/org/opentest4j/opentest4j/1.2.0/opentest4j-1.2.0.jar:/Users/shreyachaudhary/.m2/repository/org/jetbrains/kotlin/kotlin-stdlib-common/1.8.21/kotlin-stdlib-common-1.8.21.jar:/Users/shreyachaudhary/.m2/repository/org/jetbrains/kotlinx/kotlinx-coroutines-jdk8/1.6.4/kotlinx-coroutines-jdk8-1.6.4.jar:/Users/shreyachaudhary/.m2/repository/org/jetbrains/kotlin/kotlin-reflect/1.8.21/kotlin-reflect-1.8.21.jar:/Users/shreyachaudhary/.m2/repository/io/kotest/kotest-common-jvm/5.6.1/kotest-common-jvm-5.6.1.jar:/Users/shreyachaudhary/.m2/repository/io/kotest/kotest-assertions-api-jvm/5.6.1/kotest-assertions-api-jvm-5.6.1.jar:/Users/shreyachaudhary/.m2/repository/org/jetbrains/kotlinx/kotlinx-coroutines-core-jvm/1.6.4/kotlinx-coroutines-core-jvm-1.6.4.jar:/Users/shreyachaudhary/.m2/repository/io/kotest/kotest-property-jvm/5.6.1/kotest-property-jvm-5.6.1.jar:/Users/shreyachaudhary/.m2/repository/com/github/curious-odd-man/rgxgen/1.4/rgxgen-1.4.jar:/Users/shreyachaudhary/.m2/repository/io/github/java-diff-utils/java-diff-utils/4.12/java-diff-utils-4.12.jar:/Users/shreyachaudhary/.m2/repository/io/kotest/kotest-runner-junit5-jvm/5.6.1/kotest-runner-junit5-jvm-5.6.1.jar:/Users/shreyachaudhary/.m2/repository/io/kotest/kotest-framework-api-jvm/5.6.1/kotest-framework-api-jvm-5.6.1.jar:/Users/shreyachaudhary/.m2/repository/org/jetbrains/kotlinx/kotlinx-coroutines-test-jvm/1.6.4/kotlinx-coroutines-test-jvm-1.6.4.jar:/Users/shreyachaudhary/.m2/repository/io/kotest/kotest-framework-engine-jvm/5.6.1/kotest-framework-engine-jvm-5.6.1.jar:/Users/shreyachaudhary/.m2/repository/com/github/ajalt/mordant/1.2.1/mordant-1.2.1.jar:/Users/shreyachaudhary/.m2/repository/com/github/ajalt/colormath/1.2.0/colormath-1.2.0.jar:/Users/shreyachaudhary/.m2/repository/org/jetbrains/kotlinx/kotlinx-coroutines-debug/1.6.4/kotlinx-coroutines-debug-1.6.4.jar:/Users/shreyachaudhary/.m2/repository/net/java/dev/jna/jna-platform/5.9.0/jna-platform-5.9.0.jar:/Users/shreyachaudhary/.m2/repository/net/bytebuddy/byte-buddy-agent/1.10.9/byte-buddy-agent-1.10.9.jar:/Users/shreyachaudhary/.m2/repository/io/kotest/kotest-framework-discovery-jvm/5.6.1/kotest-framework-discovery-jvm-5.6.1.jar:/Users/shreyachaudhary/.m2/repository/io/kotest/kotest-extensions-jvm/5.6.1/kotest-extensions-jvm-5.6.1.jar:/Users/shreyachaudhary/.m2/repository/io/kotest/kotest-framework-concurrency-jvm/5.6.1/kotest-framework-concurrency-jvm-5.6.1.jar:/Users/shreyachaudhary/.m2/repository/org/junit/platform/junit-platform-engine/1.9.3/junit-platform-engine-1.9.3.jar:/Users/shreyachaudhary/.m2/repository/org/junit/platform/junit-platform-commons/1.9.3/junit-platform-commons-1.9.3.jar:/Users/shreyachaudhary/.m2/repository/org/apiguardian/apiguardian-api/1.1.2/apiguardian-api-1.1.2.jar:/Users/shreyachaudhary/.m2/repository/org/junit/platform/junit-platform-suite-api/1.9.3/junit-platform-suite-api-1.9.3.jar:/Users/shreyachaudhary/.m2/repository/org/junit/platform/junit-platform-launcher/1.9.3/junit-platform-launcher-1.9.3.jar:/Users/shreyachaudhary/.m2/repository/org/junit/jupiter/junit-jupiter-api/5.9.3/junit-jupiter-api-5.9.3.jar:/Users/shreyachaudhary/.m2/repository/org/hamcrest/hamcrest/2.2/hamcrest-2.2.jar:/Users/shreyachaudhary/.m2/repository/org/junit/jupiter/junit-jupiter/5.9.3/junit-jupiter-5.9.3.jar:/Users/shreyachaudhary/.m2/repository/org/junit/jupiter/junit-jupiter-params/5.9.3/junit-jupiter-params-5.9.3.jar:/Users/shreyachaudhary/.m2/repository/org/junit/jupiter/junit-jupiter-engine/5.9.3/junit-jupiter-engine-5.9.3.jar:/Users/shreyachaudhary/.m2/repository/org/mockito/mockito-all/1.10.19/mockito-all-1.10.19.jar:/Users/shreyachaudhary/.m2/repository/org/projectlombok/lombok/1.18.26/lombok-1.18.26.jar:"/>
    <property name="java.vm.vendor" value="Temurin"/>
    <property name="sun.arch.data.model" value="64"/>
    <property name="java.vendor.url" value="https://adoptium.net/"/>
    <property name="user.timezone" value="Asia/Shanghai"/>
    <property name="java.vm.specification.version" value="1.8"/>
    <property name="os.name" value="Mac OS X"/>
    <property name="user.country" value="US"/>
    <property name="sun.java.launcher" value="SUN_STANDARD"/>
    <property name="sun.boot.library.path" value="/Library/Java/JavaVirtualMachines/temurin-8.jdk/Contents/Home/jre/lib"/>
    <property name="sun.java.command" value="/Users/shreyachaudhary/Desktop/cs527/CS527-Project/BugSwarm/fastjson2-13283643223/Patched-Version/extension-spring5/target/surefire/surefirebooter-20240407215657219_341.jar /Users/shreyachaudhary/Desktop/cs527/CS527-Project/BugSwarm/fastjson2-13283643223/Patched-Version/extension-spring5/target/surefire 2024-04-07T21-55-39_214-jvmRun1 surefire-20240407215657219_339tmp surefire_2-20240407215657219_340tmp"/>
    <property name="http.nonProxyHosts" value="local|*.local|169.254/16|*.169.254/16"/>
    <property name="surefire.test.class.path" value="/Users/shreyachaudhary/Desktop/cs527/CS527-Project/BugSwarm/fastjson2-13283643223/Patched-Version/extension-spring5/target/test-classes:/Users/shreyachaudhary/Desktop/cs527/CS527-Project/BugSwarm/fastjson2-13283643223/Patched-Version/extension-spring5/target/classes:/Users/shreyachaudhary/Desktop/cs527/CS527-Project/BugSwarm/fastjson2-13283643223/Patched-Version/extension/target/classes:/Users/shreyachaudhary/Desktop/cs527/CS527-Project/BugSwarm/fastjson2-13283643223/Patched-Version/core/target/classes:/Users/shreyachaudhary/.m2/repository/com/aliyun/odps/odps-sdk-udf/0.43.3-public/odps-sdk-udf-0.43.3-public.jar:/Users/shreyachaudhary/.m2/repository/com/aliyun/odps/odps-sdk-commons/0.43.3-public/odps-sdk-commons-0.43.3-public.jar:/Users/shreyachaudhary/.m2/repository/commons-logging/commons-logging/1.2/commons-logging-1.2.jar:/Users/shreyachaudhary/.m2/repository/org/aspectj/aspectjrt/1.8.9/aspectjrt-1.8.9.jar:/Users/shreyachaudhary/.m2/repository/com/squareup/retrofit2/retrofit/2.9.0/retrofit-2.9.0.jar:/Users/shreyachaudhary/.m2/repository/com/squareup/okhttp3/okhttp/3.14.9/okhttp-3.14.9.jar:/Users/shreyachaudhary/.m2/repository/com/squareup/okio/okio/1.17.2/okio-1.17.2.jar:/Users/shreyachaudhary/.m2/repository/io/airlift/slice/0.41/slice-0.41.jar:/Users/shreyachaudhary/.m2/repository/org/openjdk/jol/jol-core/0.2/jol-core-0.2.jar:/Users/shreyachaudhary/.m2/repository/io/springfox/springfox-spring-web/3.0.0/springfox-spring-web-3.0.0.jar:/Users/shreyachaudhary/.m2/repository/io/springfox/springfox-spi/3.0.0/springfox-spi-3.0.0.jar:/Users/shreyachaudhary/.m2/repository/io/springfox/springfox-schema/3.0.0/springfox-schema-3.0.0.jar:/Users/shreyachaudhary/.m2/repository/io/springfox/springfox-core/3.0.0/springfox-core-3.0.0.jar:/Users/shreyachaudhary/.m2/repository/net/bytebuddy/byte-buddy/1.10.11/byte-buddy-1.10.11.jar:/Users/shreyachaudhary/.m2/repository/io/github/classgraph/classgraph/4.8.83/classgraph-4.8.83.jar:/Users/shreyachaudhary/.m2/repository/com/fasterxml/classmate/1.5.1/classmate-1.5.1.jar:/Users/shreyachaudhary/.m2/repository/org/slf4j/slf4j-api/1.7.25/slf4j-api-1.7.25.jar:/Users/shreyachaudhary/.m2/repository/org/springframework/plugin/spring-plugin-core/2.0.0.RELEASE/spring-plugin-core-2.0.0.RELEASE.jar:/Users/shreyachaudhary/.m2/repository/org/springframework/plugin/spring-plugin-metadata/2.0.0.RELEASE/spring-plugin-metadata-2.0.0.RELEASE.jar:/Users/shreyachaudhary/.m2/repository/javax/servlet/javax.servlet-api/4.0.1/javax.servlet-api-4.0.1.jar:/Users/shreyachaudhary/.m2/repository/org/springframework/spring-messaging/5.3.27/spring-messaging-5.3.27.jar:/Users/shreyachaudhary/.m2/repository/org/springframework/spring-beans/5.3.27/spring-beans-5.3.27.jar:/Users/shreyachaudhary/.m2/repository/org/springframework/spring-core/5.3.27/spring-core-5.3.27.jar:/Users/shreyachaudhary/.m2/repository/org/springframework/spring-jcl/5.3.27/spring-jcl-5.3.27.jar:/Users/shreyachaudhary/.m2/repository/org/springframework/spring-webflux/5.3.27/spring-webflux-5.3.27.jar:/Users/shreyachaudhary/.m2/repository/org/springframework/spring-web/5.3.27/spring-web-5.3.27.jar:/Users/shreyachaudhary/.m2/repository/io/projectreactor/reactor-core/3.5.5/reactor-core-3.5.5.jar:/Users/shreyachaudhary/.m2/repository/org/reactivestreams/reactive-streams/1.0.4/reactive-streams-1.0.4.jar:/Users/shreyachaudhary/.m2/repository/org/springframework/spring-webmvc/5.3.27/spring-webmvc-5.3.27.jar:/Users/shreyachaudhary/.m2/repository/org/springframework/spring-aop/5.3.27/spring-aop-5.3.27.jar:/Users/shreyachaudhary/.m2/repository/org/springframework/spring-context/5.3.27/spring-context-5.3.27.jar:/Users/shreyachaudhary/.m2/repository/org/springframework/spring-expression/5.3.27/spring-expression-5.3.27.jar:/Users/shreyachaudhary/.m2/repository/org/springframework/spring-websocket/5.3.27/spring-websocket-5.3.27.jar:/Users/shreyachaudhary/.m2/repository/org/springframework/data/spring-data-elasticsearch/4.4.11/spring-data-elasticsearch-4.4.11.jar:/Users/shreyachaudhary/.m2/repository/org/springframework/spring-tx/5.3.27/spring-tx-5.3.27.jar:/Users/shreyachaudhary/.m2/repository/org/springframework/data/spring-data-commons/2.7.11/spring-data-commons-2.7.11.jar:/Users/shreyachaudhary/.m2/repository/org/elasticsearch/client/elasticsearch-rest-high-level-client/7.17.9/elasticsearch-rest-high-level-client-7.17.9.jar:/Users/shreyachaudhary/.m2/repository/org/elasticsearch/elasticsearch/7.17.9/elasticsearch-7.17.9.jar:/Users/shreyachaudhary/.m2/repository/org/elasticsearch/elasticsearch-core/7.17.9/elasticsearch-core-7.17.9.jar:/Users/shreyachaudhary/.m2/repository/org/elasticsearch/elasticsearch-secure-sm/7.17.9/elasticsearch-secure-sm-7.17.9.jar:/Users/shreyachaudhary/.m2/repository/org/elasticsearch/elasticsearch-x-content/7.17.9/elasticsearch-x-content-7.17.9.jar:/Users/shreyachaudhary/.m2/repository/com/fasterxml/jackson/dataformat/jackson-dataformat-smile/2.15.0/jackson-dataformat-smile-2.15.0.jar:/Users/shreyachaudhary/.m2/repository/com/fasterxml/jackson/dataformat/jackson-dataformat-yaml/2.15.0/jackson-dataformat-yaml-2.15.0.jar:/Users/shreyachaudhary/.m2/repository/com/fasterxml/jackson/dataformat/jackson-dataformat-cbor/2.15.0/jackson-dataformat-cbor-2.15.0.jar:/Users/shreyachaudhary/.m2/repository/org/elasticsearch/elasticsearch-geo/7.17.9/elasticsearch-geo-7.17.9.jar:/Users/shreyachaudhary/.m2/repository/org/elasticsearch/elasticsearch-lz4/7.17.9/elasticsearch-lz4-7.17.9.jar:/Users/shreyachaudhary/.m2/repository/org/lz4/lz4-java/1.8.0/lz4-java-1.8.0.jar:/Users/shreyachaudhary/.m2/repository/org/apache/lucene/lucene-core/8.11.1/lucene-core-8.11.1.jar:/Users/shreyachaudhary/.m2/repository/org/apache/lucene/lucene-analyzers-common/8.11.1/lucene-analyzers-common-8.11.1.jar:/Users/shreyachaudhary/.m2/repository/org/apache/lucene/lucene-backward-codecs/8.11.1/lucene-backward-codecs-8.11.1.jar:/Users/shreyachaudhary/.m2/repository/org/apache/lucene/lucene-grouping/8.11.1/lucene-grouping-8.11.1.jar:/Users/shreyachaudhary/.m2/repository/org/apache/lucene/lucene-highlighter/8.11.1/lucene-highlighter-8.11.1.jar:/Users/shreyachaudhary/.m2/repository/org/apache/lucene/lucene-join/8.11.1/lucene-join-8.11.1.jar:/Users/shreyachaudhary/.m2/repository/org/apache/lucene/lucene-memory/8.11.1/lucene-memory-8.11.1.jar:/Users/shreyachaudhary/.m2/repository/org/apache/lucene/lucene-misc/8.11.1/lucene-misc-8.11.1.jar:/Users/shreyachaudhary/.m2/repository/org/apache/lucene/lucene-queries/8.11.1/lucene-queries-8.11.1.jar:/Users/shreyachaudhary/.m2/repository/org/apache/lucene/lucene-queryparser/8.11.1/lucene-queryparser-8.11.1.jar:/Users/shreyachaudhary/.m2/repository/org/apache/lucene/lucene-sandbox/8.11.1/lucene-sandbox-8.11.1.jar:/Users/shreyachaudhary/.m2/repository/org/apache/lucene/lucene-spatial3d/8.11.1/lucene-spatial3d-8.11.1.jar:/Users/shreyachaudhary/.m2/repository/org/apache/lucene/lucene-suggest/8.11.1/lucene-suggest-8.11.1.jar:/Users/shreyachaudhary/.m2/repository/org/elasticsearch/elasticsearch-cli/7.17.9/elasticsearch-cli-7.17.9.jar:/Users/shreyachaudhary/.m2/repository/net/sf/jopt-simple/jopt-simple/5.0.2/jopt-simple-5.0.2.jar:/Users/shreyachaudhary/.m2/repository/com/carrotsearch/hppc/0.9.1/hppc-0.9.1.jar:/Users/shreyachaudhary/.m2/repository/joda-time/joda-time/2.12.5/joda-time-2.12.5.jar:/Users/shreyachaudhary/.m2/repository/com/tdunning/t-digest/3.2/t-digest-3.2.jar:/Users/shreyachaudhary/.m2/repository/org/hdrhistogram/HdrHistogram/2.1.9/HdrHistogram-2.1.9.jar:/Users/shreyachaudhary/.m2/repository/org/apache/logging/log4j/log4j-api/2.17.1/log4j-api-2.17.1.jar:/Users/shreyachaudhary/.m2/repository/net/java/dev/jna/jna/5.10.0/jna-5.10.0.jar:/Users/shreyachaudhary/.m2/repository/org/elasticsearch/elasticsearch-plugin-classloader/7.17.9/elasticsearch-plugin-classloader-7.17.9.jar:/Users/shreyachaudhary/.m2/repository/org/elasticsearch/plugin/mapper-extras-client/7.17.9/mapper-extras-client-7.17.9.jar:/Users/shreyachaudhary/.m2/repository/org/elasticsearch/plugin/parent-join-client/7.17.9/parent-join-client-7.17.9.jar:/Users/shreyachaudhary/.m2/repository/org/elasticsearch/plugin/aggs-matrix-stats-client/7.17.9/aggs-matrix-stats-client-7.17.9.jar:/Users/shreyachaudhary/.m2/repository/org/elasticsearch/plugin/rank-eval-client/7.17.9/rank-eval-client-7.17.9.jar:/Users/shreyachaudhary/.m2/repository/org/elasticsearch/plugin/lang-mustache-client/7.17.9/lang-mustache-client-7.17.9.jar:/Users/shreyachaudhary/.m2/repository/com/github/spullara/mustache/java/compiler/0.9.6/compiler-0.9.6.jar:/Users/shreyachaudhary/.m2/repository/co/elastic/clients/elasticsearch-java/7.17.9/elasticsearch-java-7.17.9.jar:/Users/shreyachaudhary/.m2/repository/com/google/code/findbugs/jsr305/3.0.2/jsr305-3.0.2.jar:/Users/shreyachaudhary/.m2/repository/jakarta/json/jakarta.json-api/2.0.1/jakarta.json-api-2.0.1.jar:/Users/shreyachaudhary/.m2/repository/org/eclipse/parsson/parsson/1.0.0/parsson-1.0.0.jar:/Users/shreyachaudhary/.m2/repository/org/elasticsearch/client/elasticsearch-rest-client/7.17.9/elasticsearch-rest-client-7.17.9.jar:/Users/shreyachaudhary/.m2/repository/org/apache/httpcomponents/httpclient/4.5.10/httpclient-4.5.10.jar:/Users/shreyachaudhary/.m2/repository/org/apache/httpcomponents/httpcore/4.4.12/httpcore-4.4.12.jar:/Users/shreyachaudhary/.m2/repository/org/apache/httpcomponents/httpasyncclient/4.1.4/httpasyncclient-4.1.4.jar:/Users/shreyachaudhary/.m2/repository/org/apache/httpcomponents/httpcore-nio/4.4.12/httpcore-nio-4.4.12.jar:/Users/shreyachaudhary/.m2/repository/commons-codec/commons-codec/1.11/commons-codec-1.11.jar:/Users/shreyachaudhary/.m2/repository/com/fasterxml/jackson/core/jackson-core/2.15.0/jackson-core-2.15.0.jar:/Users/shreyachaudhary/.m2/repository/com/fasterxml/jackson/core/jackson-databind/2.15.0/jackson-databind-2.15.0.jar:/Users/shreyachaudhary/.m2/repository/org/springframework/data/spring-data-mongodb/3.4.11/spring-data-mongodb-3.4.11.jar:/Users/shreyachaudhary/.m2/repository/org/mongodb/mongodb-driver-core/4.6.1/mongodb-driver-core-4.6.1.jar:/Users/shreyachaudhary/.m2/repository/org/mongodb/bson/4.6.1/bson-4.6.1.jar:/Users/shreyachaudhary/.m2/repository/org/mongodb/bson-record-codec/4.6.1/bson-record-codec-4.6.1.jar:/Users/shreyachaudhary/.m2/repository/org/springframework/data/spring-data-redis/2.7.11/spring-data-redis-2.7.11.jar:/Users/shreyachaudhary/.m2/repository/org/springframework/data/spring-data-keyvalue/2.7.11/spring-data-keyvalue-2.7.11.jar:/Users/shreyachaudhary/.m2/repository/org/springframework/spring-oxm/5.3.27/spring-oxm-5.3.27.jar:/Users/shreyachaudhary/.m2/repository/org/springframework/spring-context-support/5.3.27/spring-context-support-5.3.27.jar:/Users/shreyachaudhary/.m2/repository/com/alibaba/fastjson/1.2.83/fastjson-1.2.83.jar:/Users/shreyachaudhary/.m2/repository/com/fasterxml/jackson/datatype/jackson-datatype-jsr310/2.15.0/jackson-datatype-jsr310-2.15.0.jar:/Users/shreyachaudhary/.m2/repository/com/fasterxml/jackson/core/jackson-annotations/2.15.0/jackson-annotations-2.15.0.jar:/Users/shreyachaudhary/.m2/repository/com/opencsv/opencsv/5.7.1/opencsv-5.7.1.jar:/Users/shreyachaudhary/.m2/repository/org/apache/commons/commons-lang3/3.12.0/commons-lang3-3.12.0.jar:/Users/shreyachaudhary/.m2/repository/org/apache/commons/commons-text/1.10.0/commons-text-1.10.0.jar:/Users/shreyachaudhary/.m2/repository/commons-beanutils/commons-beanutils/1.9.4/commons-beanutils-1.9.4.jar:/Users/shreyachaudhary/.m2/repository/commons-collections/commons-collections/3.2.2/commons-collections-3.2.2.jar:/Users/shreyachaudhary/.m2/repository/org/apache/commons/commons-collections4/4.4/commons-collections4-4.4.jar:/Users/shreyachaudhary/.m2/repository/commons-io/commons-io/2.11.0/commons-io-2.11.0.jar:/Users/shreyachaudhary/.m2/repository/org/springframework/spring-test/5.3.27/spring-test-5.3.27.jar:/Users/shreyachaudhary/.m2/repository/org/springframework/boot/spring-boot/2.7.11/spring-boot-2.7.11.jar:/Users/shreyachaudhary/.m2/repository/org/springframework/boot/spring-boot-starter-web/2.7.11/spring-boot-starter-web-2.7.11.jar:/Users/shreyachaudhary/.m2/repository/org/springframework/boot/spring-boot-starter/2.7.11/spring-boot-starter-2.7.11.jar:/Users/shreyachaudhary/.m2/repository/org/springframework/boot/spring-boot-autoconfigure/2.7.11/spring-boot-autoconfigure-2.7.11.jar:/Users/shreyachaudhary/.m2/repository/org/springframework/boot/spring-boot-starter-logging/2.7.11/spring-boot-starter-logging-2.7.11.jar:/Users/shreyachaudhary/.m2/repository/ch/qos/logback/logback-classic/1.2.12/logback-classic-1.2.12.jar:/Users/shreyachaudhary/.m2/repository/ch/qos/logback/logback-core/1.2.12/logback-core-1.2.12.jar:/Users/shreyachaudhary/.m2/repository/org/apache/logging/log4j/log4j-to-slf4j/2.17.2/log4j-to-slf4j-2.17.2.jar:/Users/shreyachaudhary/.m2/repository/org/slf4j/jul-to-slf4j/1.7.36/jul-to-slf4j-1.7.36.jar:/Users/shreyachaudhary/.m2/repository/jakarta/annotation/jakarta.annotation-api/1.3.5/jakarta.annotation-api-1.3.5.jar:/Users/shreyachaudhary/.m2/repository/org/yaml/snakeyaml/1.30/snakeyaml-1.30.jar:/Users/shreyachaudhary/.m2/repository/org/springframework/boot/spring-boot-starter-json/2.7.11/spring-boot-starter-json-2.7.11.jar:/Users/shreyachaudhary/.m2/repository/com/fasterxml/jackson/datatype/jackson-datatype-jdk8/2.15.0/jackson-datatype-jdk8-2.15.0.jar:/Users/shreyachaudhary/.m2/repository/com/fasterxml/jackson/module/jackson-module-parameter-names/2.15.0/jackson-module-parameter-names-2.15.0.jar:/Users/shreyachaudhary/.m2/repository/org/springframework/boot/spring-boot-starter-tomcat/2.7.11/spring-boot-starter-tomcat-2.7.11.jar:/Users/shreyachaudhary/.m2/repository/org/apache/tomcat/embed/tomcat-embed-core/9.0.74/tomcat-embed-core-9.0.74.jar:/Users/shreyachaudhary/.m2/repository/org/apache/tomcat/embed/tomcat-embed-el/9.0.74/tomcat-embed-el-9.0.74.jar:/Users/shreyachaudhary/.m2/repository/org/apache/tomcat/embed/tomcat-embed-websocket/9.0.74/tomcat-embed-websocket-9.0.74.jar:/Users/shreyachaudhary/.m2/repository/org/springframework/boot/spring-boot-test/2.7.11/spring-boot-test-2.7.11.jar:/Users/shreyachaudhary/.m2/repository/org/springframework/security/spring-security-core/5.7.5/spring-security-core-5.7.5.jar:/Users/shreyachaudhary/.m2/repository/org/springframework/security/spring-security-crypto/5.7.5/spring-security-crypto-5.7.5.jar:/Users/shreyachaudhary/.m2/repository/io/kotest/kotest-assertions-core-jvm/5.6.1/kotest-assertions-core-jvm-5.6.1.jar:/Users/shreyachaudhary/.m2/repository/org/jetbrains/kotlin/kotlin-stdlib-jdk8/1.8.21/kotlin-stdlib-jdk8-1.8.21.jar:/Users/shreyachaudhary/.m2/repository/org/jetbrains/kotlin/kotlin-stdlib/1.8.21/kotlin-stdlib-1.8.21.jar:/Users/shreyachaudhary/.m2/repository/org/jetbrains/annotations/13.0/annotations-13.0.jar:/Users/shreyachaudhary/.m2/repository/org/jetbrains/kotlin/kotlin-stdlib-jdk7/1.8.21/kotlin-stdlib-jdk7-1.8.21.jar:/Users/shreyachaudhary/.m2/repository/io/kotest/kotest-assertions-shared-jvm/5.6.1/kotest-assertions-shared-jvm-5.6.1.jar:/Users/shreyachaudhary/.m2/repository/org/opentest4j/opentest4j/1.2.0/opentest4j-1.2.0.jar:/Users/shreyachaudhary/.m2/repository/org/jetbrains/kotlin/kotlin-stdlib-common/1.8.21/kotlin-stdlib-common-1.8.21.jar:/Users/shreyachaudhary/.m2/repository/org/jetbrains/kotlinx/kotlinx-coroutines-jdk8/1.6.4/kotlinx-coroutines-jdk8-1.6.4.jar:/Users/shreyachaudhary/.m2/repository/org/jetbrains/kotlin/kotlin-reflect/1.8.21/kotlin-reflect-1.8.21.jar:/Users/shreyachaudhary/.m2/repository/io/kotest/kotest-common-jvm/5.6.1/kotest-common-jvm-5.6.1.jar:/Users/shreyachaudhary/.m2/repository/io/kotest/kotest-assertions-api-jvm/5.6.1/kotest-assertions-api-jvm-5.6.1.jar:/Users/shreyachaudhary/.m2/repository/org/jetbrains/kotlinx/kotlinx-coroutines-core-jvm/1.6.4/kotlinx-coroutines-core-jvm-1.6.4.jar:/Users/shreyachaudhary/.m2/repository/io/kotest/kotest-property-jvm/5.6.1/kotest-property-jvm-5.6.1.jar:/Users/shreyachaudhary/.m2/repository/com/github/curious-odd-man/rgxgen/1.4/rgxgen-1.4.jar:/Users/shreyachaudhary/.m2/repository/io/github/java-diff-utils/java-diff-utils/4.12/java-diff-utils-4.12.jar:/Users/shreyachaudhary/.m2/repository/io/kotest/kotest-runner-junit5-jvm/5.6.1/kotest-runner-junit5-jvm-5.6.1.jar:/Users/shreyachaudhary/.m2/repository/io/kotest/kotest-framework-api-jvm/5.6.1/kotest-framework-api-jvm-5.6.1.jar:/Users/shreyachaudhary/.m2/repository/org/jetbrains/kotlinx/kotlinx-coroutines-test-jvm/1.6.4/kotlinx-coroutines-test-jvm-1.6.4.jar:/Users/shreyachaudhary/.m2/repository/io/kotest/kotest-framework-engine-jvm/5.6.1/kotest-framework-engine-jvm-5.6.1.jar:/Users/shreyachaudhary/.m2/repository/com/github/ajalt/mordant/1.2.1/mordant-1.2.1.jar:/Users/shreyachaudhary/.m2/repository/com/github/ajalt/colormath/1.2.0/colormath-1.2.0.jar:/Users/shreyachaudhary/.m2/repository/org/jetbrains/kotlinx/kotlinx-coroutines-debug/1.6.4/kotlinx-coroutines-debug-1.6.4.jar:/Users/shreyachaudhary/.m2/repository/net/java/dev/jna/jna-platform/5.9.0/jna-platform-5.9.0.jar:/Users/shreyachaudhary/.m2/repository/net/bytebuddy/byte-buddy-agent/1.10.9/byte-buddy-agent-1.10.9.jar:/Users/shreyachaudhary/.m2/repository/io/kotest/kotest-framework-discovery-jvm/5.6.1/kotest-framework-discovery-jvm-5.6.1.jar:/Users/shreyachaudhary/.m2/repository/io/kotest/kotest-extensions-jvm/5.6.1/kotest-extensions-jvm-5.6.1.jar:/Users/shreyachaudhary/.m2/repository/io/kotest/kotest-framework-concurrency-jvm/5.6.1/kotest-framework-concurrency-jvm-5.6.1.jar:/Users/shreyachaudhary/.m2/repository/org/junit/platform/junit-platform-engine/1.9.3/junit-platform-engine-1.9.3.jar:/Users/shreyachaudhary/.m2/repository/org/junit/platform/junit-platform-commons/1.9.3/junit-platform-commons-1.9.3.jar:/Users/shreyachaudhary/.m2/repository/org/apiguardian/apiguardian-api/1.1.2/apiguardian-api-1.1.2.jar:/Users/shreyachaudhary/.m2/repository/org/junit/platform/junit-platform-suite-api/1.9.3/junit-platform-suite-api-1.9.3.jar:/Users/shreyachaudhary/.m2/repository/org/junit/platform/junit-platform-launcher/1.9.3/junit-platform-launcher-1.9.3.jar:/Users/shreyachaudhary/.m2/repository/org/junit/jupiter/junit-jupiter-api/5.9.3/junit-jupiter-api-5.9.3.jar:/Users/shreyachaudhary/.m2/repository/org/hamcrest/hamcrest/2.2/hamcrest-2.2.jar:/Users/shreyachaudhary/.m2/repository/org/junit/jupiter/junit-jupiter/5.9.3/junit-jupiter-5.9.3.jar:/Users/shreyachaudhary/.m2/repository/org/junit/jupiter/junit-jupiter-params/5.9.3/junit-jupiter-params-5.9.3.jar:/Users/shreyachaudhary/.m2/repository/org/junit/jupiter/junit-jupiter-engine/5.9.3/junit-jupiter-engine-5.9.3.jar:/Users/shreyachaudhary/.m2/repository/org/mockito/mockito-all/1.10.19/mockito-all-1.10.19.jar:/Users/shreyachaudhary/.m2/repository/org/projectlombok/lombok/1.18.26/lombok-1.18.26.jar:"/>
    <property name="sun.cpu.endian" value="little"/>
    <property name="user.home" value="/Users/shreyachaudhary"/>
    <property name="user.language" value="en"/>
    <property name="java.specification.vendor" value="Oracle Corporation"/>
    <property name="java.home" value="/Library/Java/JavaVirtualMachines/temurin-8.jdk/Contents/Home/jre"/>
    <property name="basedir" value="/Users/shreyachaudhary/Desktop/cs527/CS527-Project/BugSwarm/fastjson2-13283643223/Patched-Version/extension-spring5"/>
    <property name="file.separator" value="/"/>
    <property name="line.separator" value="&#10;"/>
    <property name="java.vm.specification.vendor" value="Oracle Corporation"/>
    <property name="java.specification.name" value="Java Platform API Specification"/>
    <property name="java.awt.graphicsenv" value="sun.awt.CGraphicsEnvironment"/>
    <property name="surefire.real.class.path" value="/Users/shreyachaudhary/Desktop/cs527/CS527-Project/BugSwarm/fastjson2-13283643223/Patched-Version/extension-spring5/target/surefire/surefirebooter-20240407215657219_341.jar"/>
    <property name="sun.boot.class.path" value="/Library/Java/JavaVirtualMachines/temurin-8.jdk/Contents/Home/jre/lib/resources.jar:/Library/Java/JavaVirtualMachines/temurin-8.jdk/Contents/Home/jre/lib/rt.jar:/Library/Java/JavaVirtualMachines/temurin-8.jdk/Contents/Home/jre/lib/sunrsasign.jar:/Library/Java/JavaVirtualMachines/temurin-8.jdk/Contents/Home/jre/lib/jsse.jar:/Library/Java/JavaVirtualMachines/temurin-8.jdk/Contents/Home/jre/lib/jce.jar:/Library/Java/JavaVirtualMachines/temurin-8.jdk/Contents/Home/jre/lib/charsets.jar:/Library/Java/JavaVirtualMachines/temurin-8.jdk/Contents/Home/jre/lib/jfr.jar:/Library/Java/JavaVirtualMachines/temurin-8.jdk/Contents/Home/jre/classes"/>
    <property name="sun.management.compiler" value="HotSpot 64-Bit Tiered Compilers"/>
    <property name="ftp.nonProxyHosts" value="local|*.local|169.254/16|*.169.254/16"/>
    <property name="java.runtime.version" value="1.8.0_402-b06"/>
    <property name="user.name" value="shreyachaudhary"/>
    <property name="path.separator" value=":"/>
    <property name="os.version" value="14.4.1"/>
    <property name="java.endorsed.dirs" value="/Library/Java/JavaVirtualMachines/temurin-8.jdk/Contents/Home/jre/lib/endorsed"/>
    <property name="java.runtime.name" value="OpenJDK Runtime Environment"/>
    <property name="file.encoding" value="UTF-8"/>
    <property name="java.vm.name" value="OpenJDK 64-Bit Server VM"/>
    <property name="localRepository" value="/Users/shreyachaudhary/.m2/repository"/>
    <property name="java.vendor.url.bug" value="https://github.com/adoptium/adoptium-support/issues"/>
    <property name="java.io.tmpdir" value="/var/folders/70/9z8mmtr153x2znr25_zb57mr0000gn/T/"/>
    <property name="java.version" value="1.8.0_402"/>
    <property name="user.dir" value="/Users/shreyachaudhary/Desktop/cs527/CS527-Project/BugSwarm/fastjson2-13283643223/Patched-Version/extension-spring5"/>
    <property name="os.arch" value="x86_64"/>
    <property name="java.vm.specification.name" value="Java Virtual Machine Specification"/>
    <property name="java.awt.printerjob" value="sun.lwawt.macosx.CPrinterJob"/>
    <property name="sun.os.patch.level" value="unknown"/>
    <property name="java.library.path" value="/Users/shreyachaudhary/Library/Java/Extensions:/Library/Java/Extensions:/Network/Library/Java/Extensions:/System/Library/Java/Extensions:/usr/lib/java:."/>
    <property name="java.vm.info" value="mixed mode"/>
    <property name="java.vendor" value="Temurin"/>
    <property name="java.vm.version" value="25.402-b06"/>
    <property name="java.specification.maintenance.version" value="5"/>
    <property name="java.ext.dirs" value="/Users/shreyachaudhary/Library/Java/Extensions:/Library/Java/JavaVirtualMachines/temurin-8.jdk/Contents/Home/jre/lib/ext:/Library/Java/Extensions:/Network/Library/Java/Extensions:/System/Library/Java/Extensions:/usr/lib/java"/>
    <property name="sun.io.unicode.encoding" value="UnicodeBig"/>
    <property name="java.class.version" value="52.0"/>
    <property name="socksNonProxyHosts" value="local|*.local|169.254/16|*.169.254/16"/>
  </properties>
  <testcase name="test" classname="com.alibaba.fastjson2.springdoc.OpenApiJsonWriterTest" time="0.35">
    <system-out><![CDATA[10:57:03.518 [main] DEBUG org.springframework.test.context.BootstrapUtils - Instantiating CacheAwareContextLoaderDelegate from class [org.springframework.test.context.cache.DefaultCacheAwareContextLoaderDelegate]
10:57:03.528 [main] DEBUG org.springframework.test.context.BootstrapUtils - Instantiating BootstrapContext using constructor [public org.springframework.test.context.support.DefaultBootstrapContext(java.lang.Class,org.springframework.test.context.CacheAwareContextLoaderDelegate)]
10:57:03.570 [main] DEBUG org.springframework.test.context.BootstrapUtils - Instantiating TestContextBootstrapper for test class [com.alibaba.fastjson2.springdoc.OpenApiJsonWriterTest] from class [org.springframework.test.context.web.WebTestContextBootstrapper]
10:57:03.588 [main] DEBUG org.springframework.test.context.support.AbstractDelegatingSmartContextLoader - Delegating to GenericXmlWebContextLoader to process context configuration [ContextConfigurationAttributes@57c03d88 declaringClass = 'com.alibaba.fastjson2.springdoc.OpenApiJsonWriterTest', classes = '{}', locations = '{}', inheritLocations = true, initializers = '{}', inheritInitializers = true, name = [null], contextLoaderClass = 'org.springframework.test.context.ContextLoader'].
10:57:03.593 [main] DEBUG org.springframework.test.context.support.AbstractContextLoader - Did not detect default resource location for test class [com.alibaba.fastjson2.springdoc.OpenApiJsonWriterTest]: class path resource [com/alibaba/fastjson2/springdoc/OpenApiJsonWriterTest-context.xml] does not exist
10:57:03.594 [main] INFO org.springframework.test.context.support.AbstractContextLoader - Could not detect default resource locations for test class [com.alibaba.fastjson2.springdoc.OpenApiJsonWriterTest]: no resource found for suffixes {-context.xml}.
10:57:03.594 [main] DEBUG org.springframework.test.context.support.AbstractDelegatingSmartContextLoader - Delegating to AnnotationConfigWebContextLoader to process context configuration [ContextConfigurationAttributes@57c03d88 declaringClass = 'com.alibaba.fastjson2.springdoc.OpenApiJsonWriterTest', classes = '{}', locations = '{}', inheritLocations = true, initializers = '{}', inheritInitializers = true, name = [null], contextLoaderClass = 'org.springframework.test.context.ContextLoader'].
10:57:03.643 [main] DEBUG org.springframework.test.context.support.AnnotationConfigContextLoaderUtils - Ignoring class [com.alibaba.fastjson2.springdoc.OpenApiJsonWriterTest$TestController]; it must be static, non-private, non-final, and annotated with @Configuration to be considered a default configuration class.
10:57:03.643 [main] INFO org.springframework.test.context.support.AbstractDelegatingSmartContextLoader - AnnotationConfigWebContextLoader detected default configuration classes for context configuration [ContextConfigurationAttributes@57c03d88 declaringClass = 'com.alibaba.fastjson2.springdoc.OpenApiJsonWriterTest', classes = '{class com.alibaba.fastjson2.springdoc.OpenApiJsonWriterTest$WebMvcConfig}', locations = '{}', inheritLocations = true, initializers = '{}', inheritInitializers = true, name = [null], contextLoaderClass = 'org.springframework.test.context.ContextLoader'].
10:57:03.682 [main] DEBUG org.springframework.test.context.support.ActiveProfilesUtils - Could not find an 'annotation declaring class' for annotation type [org.springframework.test.context.ActiveProfiles] and class [com.alibaba.fastjson2.springdoc.OpenApiJsonWriterTest]
10:57:03.683 [main] DEBUG org.springframework.test.context.web.WebTestContextBootstrapper - @TestExecutionListeners is not present for class [com.alibaba.fastjson2.springdoc.OpenApiJsonWriterTest]: using defaults.
10:57:03.683 [main] INFO org.springframework.test.context.web.WebTestContextBootstrapper - Loaded default TestExecutionListener class names from location [META-INF/spring.factories]: [org.springframework.test.context.web.ServletTestExecutionListener, org.springframework.test.context.support.DirtiesContextBeforeModesTestExecutionListener, org.springframework.test.context.event.ApplicationEventsTestExecutionListener, org.springframework.test.context.support.DependencyInjectionTestExecutionListener, org.springframework.test.context.support.DirtiesContextTestExecutionListener, org.springframework.test.context.transaction.TransactionalTestExecutionListener, org.springframework.test.context.jdbc.SqlScriptsTestExecutionListener, org.springframework.test.context.event.EventPublishingTestExecutionListener, org.springframework.boot.test.mock.mockito.MockitoTestExecutionListener, org.springframework.boot.test.mock.mockito.ResetMocksTestExecutionListener]
10:57:03.692 [main] INFO org.springframework.test.context.web.WebTestContextBootstrapper - Using TestExecutionListeners: [org.springframework.test.context.web.ServletTestExecutionListener@67545b57, org.springframework.test.context.support.DirtiesContextBeforeModesTestExecutionListener@6c2c1385, org.springframework.test.context.event.ApplicationEventsTestExecutionListener@5f354bcf, org.springframework.boot.test.mock.mockito.MockitoTestExecutionListener@3daf7722, org.springframework.test.context.support.DependencyInjectionTestExecutionListener@78641d23, org.springframework.test.context.support.DirtiesContextTestExecutionListener@74589991, org.springframework.test.context.transaction.TransactionalTestExecutionListener@146dfe6, org.springframework.test.context.jdbc.SqlScriptsTestExecutionListener@4716be8b, org.springframework.test.context.event.EventPublishingTestExecutionListener@1fc32e4f, org.springframework.boot.test.mock.mockito.ResetMocksTestExecutionListener@2f67b837]
10:57:03.694 [main] DEBUG org.springframework.test.context.support.AbstractDirtiesContextTestExecutionListener - Before test class: context [DefaultTestContext@1046d517 testClass = OpenApiJsonWriterTest, testInstance = [null], testMethod = [null], testException = [null], mergedContextConfiguration = [WebMergedContextConfiguration@3b7d3a38 testClass = OpenApiJsonWriterTest, locations = '{}', classes = '{class com.alibaba.fastjson2.springdoc.OpenApiJsonWriterTest$WebMvcConfig}', contextInitializerClasses = '[]', activeProfiles = '{}', propertySourceLocations = '{}', propertySourceProperties = '{}', contextCustomizers = set[org.springframework.test.context.web.socket.MockServerContainerContextCustomizer@436c81a3, org.springframework.boot.test.context.filter.ExcludeFilterContextCustomizer@455b6df1, org.springframework.boot.test.json.DuplicateJsonObjectContextCustomizerFactory$DuplicateJsonObjectContextCustomizer@1ab06251, org.springframework.boot.test.mock.mockito.MockitoContextCustomizer@0], resourceBasePath = 'src/main/webapp', contextLoader = 'org.springframework.test.context.web.WebDelegatingSmartContextLoader', parent = [null]], attributes = map[[empty]]], class annotated with @DirtiesContext [false] with mode [null].
10:57:03.705 [main] DEBUG org.springframework.test.context.support.AbstractDelegatingSmartContextLoader - Delegating to AnnotationConfigWebContextLoader to load context from [WebMergedContextConfiguration@3b7d3a38 testClass = OpenApiJsonWriterTest, locations = '{}', classes = '{class com.alibaba.fastjson2.springdoc.OpenApiJsonWriterTest$WebMvcConfig}', contextInitializerClasses = '[]', activeProfiles = '{}', propertySourceLocations = '{}', propertySourceProperties = '{}', contextCustomizers = set[org.springframework.test.context.web.socket.MockServerContainerContextCustomizer@436c81a3, org.springframework.boot.test.context.filter.ExcludeFilterContextCustomizer@455b6df1, org.springframework.boot.test.json.DuplicateJsonObjectContextCustomizerFactory$DuplicateJsonObjectContextCustomizer@1ab06251, org.springframework.boot.test.mock.mockito.MockitoContextCustomizer@0], resourceBasePath = 'src/main/webapp', contextLoader = 'org.springframework.test.context.web.WebDelegatingSmartContextLoader', parent = [null]].
10:57:03.707 [main] DEBUG org.springframework.test.context.web.AbstractGenericWebContextLoader - Loading WebApplicationContext for merged context configuration [WebMergedContextConfiguration@3b7d3a38 testClass = OpenApiJsonWriterTest, locations = '{}', classes = '{class com.alibaba.fastjson2.springdoc.OpenApiJsonWriterTest$WebMvcConfig}', contextInitializerClasses = '[]', activeProfiles = '{}', propertySourceLocations = '{}', propertySourceProperties = '{}', contextCustomizers = set[org.springframework.test.context.web.socket.MockServerContainerContextCustomizer@436c81a3, org.springframework.boot.test.context.filter.ExcludeFilterContextCustomizer@455b6df1, org.springframework.boot.test.json.DuplicateJsonObjectContextCustomizerFactory$DuplicateJsonObjectContextCustomizer@1ab06251, org.springframework.boot.test.mock.mockito.MockitoContextCustomizer@0], resourceBasePath = 'src/main/webapp', contextLoader = 'org.springframework.test.context.web.WebDelegatingSmartContextLoader', parent = [null]].
10:57:03.740 [main] DEBUG org.springframework.web.context.support.StandardServletEnvironment - Activating profiles []
10:57:03.740 [main] DEBUG org.springframework.test.context.web.AnnotationConfigWebContextLoader - Registering annotated classes: {class com.alibaba.fastjson2.springdoc.OpenApiJsonWriterTest$WebMvcConfig}
10:57:03.776 [main] DEBUG org.springframework.web.context.support.GenericWebApplicationContext - Refreshing org.springframework.web.context.support.GenericWebApplicationContext@7749bf93
10:57:03.790 [main] DEBUG org.springframework.beans.factory.support.DefaultListableBeanFactory - Creating shared instance of singleton bean 'org.springframework.context.annotation.internalConfigurationAnnotationProcessor'
10:57:03.847 [main] DEBUG org.springframework.context.annotation.ClassPathBeanDefinitionScanner - Identified candidate component class: file [/Users/shreyachaudhary/Desktop/cs527/CS527-Project/BugSwarm/fastjson2-13283643223/Patched-Version/extension-spring5/target/test-classes/com/alibaba/fastjson2/springdoc/OpenApiJsonWriterTest$TestController.class]
10:57:03.991 [main] DEBUG org.springframework.beans.factory.support.DefaultListableBeanFactory - Creating shared instance of singleton bean 'org.springframework.boot.test.mock.mockito.MockitoPostProcessor'
10:57:04.014 [main] DEBUG org.springframework.beans.factory.support.DefaultListableBeanFactory - Creating shared instance of singleton bean 'org.springframework.context.event.internalEventListenerProcessor'
10:57:04.016 [main] DEBUG org.springframework.beans.factory.support.DefaultListableBeanFactory - Creating shared instance of singleton bean 'org.springframework.context.event.internalEventListenerFactory'
10:57:04.019 [main] DEBUG org.springframework.beans.factory.support.DefaultListableBeanFactory - Creating shared instance of singleton bean 'org.springframework.context.annotation.internalAutowiredAnnotationProcessor'
10:57:04.020 [main] DEBUG org.springframework.beans.factory.support.DefaultListableBeanFactory - Creating shared instance of singleton bean 'org.springframework.context.annotation.internalCommonAnnotationProcessor'
10:57:04.023 [main] DEBUG org.springframework.beans.factory.support.DefaultListableBeanFactory - Creating shared instance of singleton bean 'org.springframework.boot.test.mock.mockito.MockitoPostProcessor$SpyPostProcessor'
10:57:04.028 [main] DEBUG org.springframework.ui.context.support.UiApplicationContextUtils - Unable to locate ThemeSource with name 'themeSource': using default [org.springframework.ui.context.support.ResourceBundleThemeSource@117e0fe5]
10:57:04.030 [main] DEBUG org.springframework.beans.factory.support.DefaultListableBeanFactory - Creating shared instance of singleton bean 'openApiJsonWriterTest.WebMvcConfig'
10:57:04.052 [main] DEBUG org.springframework.beans.factory.support.DefaultListableBeanFactory - Creating shared instance of singleton bean 'openApiJsonWriterTest.TestController'
10:57:04.058 [main] DEBUG org.springframework.beans.factory.support.DefaultListableBeanFactory - Creating shared instance of singleton bean 'org.springframework.web.servlet.config.annotation.DelegatingWebMvcConfiguration'
10:57:04.083 [main] DEBUG org.springframework.beans.factory.support.DefaultListableBeanFactory - Creating shared instance of singleton bean 'requestMappingHandlerMapping'
10:57:04.086 [main] DEBUG org.springframework.beans.factory.support.DefaultListableBeanFactory - Creating shared instance of singleton bean 'mvcContentNegotiationManager'
10:57:04.106 [main] DEBUG org.springframework.beans.factory.support.DefaultListableBeanFactory - Creating shared instance of singleton bean 'mvcConversionService'
10:57:04.330 [main] DEBUG org.springframework.beans.factory.support.DefaultListableBeanFactory - Creating shared instance of singleton bean 'mvcResourceUrlProvider'
10:57:04.353 [main] DEBUG org.springframework.beans.factory.support.DefaultListableBeanFactory - Autowiring by type from bean name 'requestMappingHandlerMapping' via factory method to bean named 'mvcContentNegotiationManager'
10:57:04.353 [main] DEBUG org.springframework.beans.factory.support.DefaultListableBeanFactory - Autowiring by type from bean name 'requestMappingHandlerMapping' via factory method to bean named 'mvcConversionService'
10:57:04.354 [main] DEBUG org.springframework.beans.factory.support.DefaultListableBeanFactory - Autowiring by type from bean name 'requestMappingHandlerMapping' via factory method to bean named 'mvcResourceUrlProvider'
10:57:04.439 [main] DEBUG _org.springframework.web.servlet.HandlerMapping.Mappings - 
	c.a.f.s.TestController:
	{POST [/test], consumes [application/json], produces [application/json]}: test(String)
10:57:04.450 [main] DEBUG org.springframework.web.servlet.mvc.method.annotation.RequestMappingHandlerMapping - 1 mappings in 'requestMappingHandlerMapping'
10:57:04.451 [main] DEBUG org.springframework.beans.factory.support.DefaultListableBeanFactory - Creating shared instance of singleton bean 'mvcPatternParser'
10:57:04.458 [main] DEBUG org.springframework.beans.factory.support.DefaultListableBeanFactory - Creating shared instance of singleton bean 'mvcUrlPathHelper'
10:57:04.463 [main] DEBUG org.springframework.beans.factory.support.DefaultListableBeanFactory - Creating shared instance of singleton bean 'mvcPathMatcher'
10:57:04.469 [main] DEBUG org.springframework.beans.factory.support.DefaultListableBeanFactory - Creating shared instance of singleton bean 'viewControllerHandlerMapping'
10:57:04.470 [main] DEBUG org.springframework.beans.factory.support.DefaultListableBeanFactory - Autowiring by type from bean name 'viewControllerHandlerMapping' via factory method to bean named 'mvcConversionService'
10:57:04.471 [main] DEBUG org.springframework.beans.factory.support.DefaultListableBeanFactory - Autowiring by type from bean name 'viewControllerHandlerMapping' via factory method to bean named 'mvcResourceUrlProvider'
10:57:04.479 [main] DEBUG org.springframework.beans.factory.support.DefaultListableBeanFactory - Creating shared instance of singleton bean 'beanNameHandlerMapping'
10:57:04.482 [main] DEBUG org.springframework.beans.factory.support.DefaultListableBeanFactory - Autowiring by type from bean name 'beanNameHandlerMapping' via factory method to bean named 'mvcConversionService'
10:57:04.482 [main] DEBUG org.springframework.beans.factory.support.DefaultListableBeanFactory - Autowiring by type from bean name 'beanNameHandlerMapping' via factory method to bean named 'mvcResourceUrlProvider'
10:57:04.496 [main] DEBUG _org.springframework.web.servlet.HandlerMapping.Mappings - 'beanNameHandlerMapping' {}
10:57:04.497 [main] DEBUG org.springframework.beans.factory.support.DefaultListableBeanFactory - Creating shared instance of singleton bean 'routerFunctionMapping'
10:57:04.499 [main] DEBUG org.springframework.beans.factory.support.DefaultListableBeanFactory - Autowiring by type from bean name 'routerFunctionMapping' via factory method to bean named 'mvcConversionService'
10:57:04.499 [main] DEBUG org.springframework.beans.factory.support.DefaultListableBeanFactory - Autowiring by type from bean name 'routerFunctionMapping' via factory method to bean named 'mvcResourceUrlProvider'
10:57:04.528 [main] DEBUG org.springframework.beans.factory.support.DefaultListableBeanFactory - Creating shared instance of singleton bean 'resourceHandlerMapping'
10:57:04.529 [main] DEBUG org.springframework.beans.factory.support.DefaultListableBeanFactory - Autowiring by type from bean name 'resourceHandlerMapping' via factory method to bean named 'mvcContentNegotiationManager'
10:57:04.529 [main] DEBUG org.springframework.beans.factory.support.DefaultListableBeanFactory - Autowiring by type from bean name 'resourceHandlerMapping' via factory method to bean named 'mvcConversionService'
10:57:04.529 [main] DEBUG org.springframework.beans.factory.support.DefaultListableBeanFactory - Autowiring by type from bean name 'resourceHandlerMapping' via factory method to bean named 'mvcResourceUrlProvider'
10:57:04.531 [main] DEBUG org.springframework.beans.factory.support.DefaultListableBeanFactory - Creating shared instance of singleton bean 'defaultServletHandlerMapping'
10:57:04.531 [main] DEBUG org.springframework.beans.factory.support.DefaultListableBeanFactory - Creating shared instance of singleton bean 'requestMappingHandlerAdapter'
10:57:04.532 [main] DEBUG org.springframework.beans.factory.support.DefaultListableBeanFactory - Creating shared instance of singleton bean 'mvcValidator'
10:57:04.537 [main] DEBUG org.springframework.beans.factory.support.DefaultListableBeanFactory - Autowiring by type from bean name 'requestMappingHandlerAdapter' via factory method to bean named 'mvcContentNegotiationManager'
10:57:04.537 [main] DEBUG org.springframework.beans.factory.support.DefaultListableBeanFactory - Autowiring by type from bean name 'requestMappingHandlerAdapter' via factory method to bean named 'mvcConversionService'
10:57:04.537 [main] DEBUG org.springframework.beans.factory.support.DefaultListableBeanFactory - Autowiring by type from bean name 'requestMappingHandlerAdapter' via factory method to bean named 'mvcValidator'
10:57:04.903 [main] DEBUG org.springframework.web.servlet.mvc.method.annotation.RequestMappingHandlerAdapter - ControllerAdvice beans: 0 @ModelAttribute, 0 @InitBinder, 1 RequestBodyAdvice, 1 ResponseBodyAdvice
10:57:04.932 [main] DEBUG org.springframework.beans.factory.support.DefaultListableBeanFactory - Creating shared instance of singleton bean 'handlerFunctionAdapter'
10:57:04.947 [main] DEBUG org.springframework.beans.factory.support.DefaultListableBeanFactory - Creating shared instance of singleton bean 'mvcUriComponentsContributor'
10:57:04.949 [main] DEBUG org.springframework.beans.factory.support.DefaultListableBeanFactory - Autowiring by type from bean name 'mvcUriComponentsContributor' via factory method to bean named 'mvcConversionService'
10:57:04.950 [main] DEBUG org.springframework.beans.factory.support.DefaultListableBeanFactory - Autowiring by type from bean name 'mvcUriComponentsContributor' via factory method to bean named 'requestMappingHandlerAdapter'
10:57:04.956 [main] DEBUG org.springframework.beans.factory.support.DefaultListableBeanFactory - Creating shared instance of singleton bean 'httpRequestHandlerAdapter'
10:57:04.957 [main] DEBUG org.springframework.beans.factory.support.DefaultListableBeanFactory - Creating shared instance of singleton bean 'simpleControllerHandlerAdapter'
10:57:04.958 [main] DEBUG org.springframework.beans.factory.support.DefaultListableBeanFactory - Creating shared instance of singleton bean 'handlerExceptionResolver'
10:57:04.959 [main] DEBUG org.springframework.beans.factory.support.DefaultListableBeanFactory - Autowiring by type from bean name 'handlerExceptionResolver' via factory method to bean named 'mvcContentNegotiationManager'
10:57:04.963 [main] DEBUG org.springframework.web.servlet.mvc.method.annotation.ExceptionHandlerExceptionResolver - ControllerAdvice beans: 0 @ExceptionHandler, 1 ResponseBodyAdvice
10:57:04.967 [main] DEBUG org.springframework.beans.factory.support.DefaultListableBeanFactory - Creating shared instance of singleton bean 'mvcViewResolver'
10:57:04.968 [main] DEBUG org.springframework.beans.factory.support.DefaultListableBeanFactory - Autowiring by type from bean name 'mvcViewResolver' via factory method to bean named 'mvcContentNegotiationManager'
10:57:04.979 [main] DEBUG org.springframework.beans.factory.support.DefaultListableBeanFactory - Creating shared instance of singleton bean 'localeResolver'
10:57:04.983 [main] DEBUG org.springframework.beans.factory.support.DefaultListableBeanFactory - Creating shared instance of singleton bean 'themeResolver'
10:57:04.989 [main] DEBUG org.springframework.beans.factory.support.DefaultListableBeanFactory - Creating shared instance of singleton bean 'flashMapManager'
10:57:04.996 [main] DEBUG org.springframework.beans.factory.support.DefaultListableBeanFactory - Creating shared instance of singleton bean 'viewNameTranslator'
10:57:05.032 [main] DEBUG org.springframework.test.context.cache.DefaultCacheAwareContextLoaderDelegate - Storing ApplicationContext [2001321875] in cache under key [[WebMergedContextConfiguration@3b7d3a38 testClass = OpenApiJsonWriterTest, locations = '{}', classes = '{class com.alibaba.fastjson2.springdoc.OpenApiJsonWriterTest$WebMvcConfig}', contextInitializerClasses = '[]', activeProfiles = '{}', propertySourceLocations = '{}', propertySourceProperties = '{}', contextCustomizers = set[org.springframework.test.context.web.socket.MockServerContainerContextCustomizer@436c81a3, org.springframework.boot.test.context.filter.ExcludeFilterContextCustomizer@455b6df1, org.springframework.boot.test.json.DuplicateJsonObjectContextCustomizerFactory$DuplicateJsonObjectContextCustomizer@1ab06251, org.springframework.boot.test.mock.mockito.MockitoContextCustomizer@0], resourceBasePath = 'src/main/webapp', contextLoader = 'org.springframework.test.context.web.WebDelegatingSmartContextLoader', parent = [null]]]
10:57:05.032 [main] DEBUG org.springframework.test.context.cache - Spring test ApplicationContext cache statistics: [DefaultContextCache@49cf9028 size = 1, maxSize = 32, parentContextCount = 0, hitCount = 0, missCount = 1]
10:57:05.033 [main] DEBUG org.springframework.test.context.web.ServletTestExecutionListener - Setting up MockHttpServletRequest, MockHttpServletResponse, ServletWebRequest, and RequestContextHolder for test context [DefaultTestContext@1046d517 testClass = OpenApiJsonWriterTest, testInstance = com.alibaba.fastjson2.springdoc.OpenApiJsonWriterTest@4992613f, testMethod = [null], testException = [null], mergedContextConfiguration = [WebMergedContextConfiguration@3b7d3a38 testClass = OpenApiJsonWriterTest, locations = '{}', classes = '{class com.alibaba.fastjson2.springdoc.OpenApiJsonWriterTest$WebMvcConfig}', contextInitializerClasses = '[]', activeProfiles = '{}', propertySourceLocations = '{}', propertySourceProperties = '{}', contextCustomizers = set[org.springframework.test.context.web.socket.MockServerContainerContextCustomizer@436c81a3, org.springframework.boot.test.context.filter.ExcludeFilterContextCustomizer@455b6df1, org.springframework.boot.test.json.DuplicateJsonObjectContextCustomizerFactory$DuplicateJsonObjectContextCustomizer@1ab06251, org.springframework.boot.test.mock.mockito.MockitoContextCustomizer@0], resourceBasePath = 'src/main/webapp', contextLoader = 'org.springframework.test.context.web.WebDelegatingSmartContextLoader', parent = [null]], attributes = map[[empty]]].
10:57:05.050 [main] DEBUG org.springframework.test.context.support.DependencyInjectionTestExecutionListener - Performing dependency injection for test context [[DefaultTestContext@1046d517 testClass = OpenApiJsonWriterTest, testInstance = com.alibaba.fastjson2.springdoc.OpenApiJsonWriterTest@4992613f, testMethod = [null], testException = [null], mergedContextConfiguration = [WebMergedContextConfiguration@3b7d3a38 testClass = OpenApiJsonWriterTest, locations = '{}', classes = '{class com.alibaba.fastjson2.springdoc.OpenApiJsonWriterTest$WebMvcConfig}', contextInitializerClasses = '[]', activeProfiles = '{}', propertySourceLocations = '{}', propertySourceProperties = '{}', contextCustomizers = set[org.springframework.test.context.web.socket.MockServerContainerContextCustomizer@436c81a3, org.springframework.boot.test.context.filter.ExcludeFilterContextCustomizer@455b6df1, org.springframework.boot.test.json.DuplicateJsonObjectContextCustomizerFactory$DuplicateJsonObjectContextCustomizer@1ab06251, org.springframework.boot.test.mock.mockito.MockitoContextCustomizer@0], resourceBasePath = 'src/main/webapp', contextLoader = 'org.springframework.test.context.web.WebDelegatingSmartContextLoader', parent = [null]], attributes = map['org.springframework.test.context.web.ServletTestExecutionListener.populatedRequestContextHolder' -> true, 'org.springframework.test.context.web.ServletTestExecutionListener.resetRequestContextHolder' -> true, 'org.springframework.test.context.event.ApplicationEventsTestExecutionListener.recordApplicationEvents' -> false]]].
10:57:05.051 [main] DEBUG org.springframework.test.context.cache.DefaultCacheAwareContextLoaderDelegate - Retrieved ApplicationContext [2001321875] from cache with key [[WebMergedContextConfiguration@3b7d3a38 testClass = OpenApiJsonWriterTest, locations = '{}', classes = '{class com.alibaba.fastjson2.springdoc.OpenApiJsonWriterTest$WebMvcConfig}', contextInitializerClasses = '[]', activeProfiles = '{}', propertySourceLocations = '{}', propertySourceProperties = '{}', contextCustomizers = set[org.springframework.test.context.web.socket.MockServerContainerContextCustomizer@436c81a3, org.springframework.boot.test.context.filter.ExcludeFilterContextCustomizer@455b6df1, org.springframework.boot.test.json.DuplicateJsonObjectContextCustomizerFactory$DuplicateJsonObjectContextCustomizer@1ab06251, org.springframework.boot.test.mock.mockito.MockitoContextCustomizer@0], resourceBasePath = 'src/main/webapp', contextLoader = 'org.springframework.test.context.web.WebDelegatingSmartContextLoader', parent = [null]]]
10:57:05.051 [main] DEBUG org.springframework.test.context.cache - Spring test ApplicationContext cache statistics: [DefaultContextCache@49cf9028 size = 1, maxSize = 32, parentContextCount = 0, hitCount = 1, missCount = 1]
10:57:05.060 [main] DEBUG org.springframework.test.context.cache.DefaultCacheAwareContextLoaderDelegate - Retrieved ApplicationContext [2001321875] from cache with key [[WebMergedContextConfiguration@3b7d3a38 testClass = OpenApiJsonWriterTest, locations = '{}', classes = '{class com.alibaba.fastjson2.springdoc.OpenApiJsonWriterTest$WebMvcConfig}', contextInitializerClasses = '[]', activeProfiles = '{}', propertySourceLocations = '{}', propertySourceProperties = '{}', contextCustomizers = set[org.springframework.test.context.web.socket.MockServerContainerContextCustomizer@436c81a3, org.springframework.boot.test.context.filter.ExcludeFilterContextCustomizer@455b6df1, org.springframework.boot.test.json.DuplicateJsonObjectContextCustomizerFactory$DuplicateJsonObjectContextCustomizer@1ab06251, org.springframework.boot.test.mock.mockito.MockitoContextCustomizer@0], resourceBasePath = 'src/main/webapp', contextLoader = 'org.springframework.test.context.web.WebDelegatingSmartContextLoader', parent = [null]]]
10:57:05.062 [main] DEBUG org.springframework.test.context.cache - Spring test ApplicationContext cache statistics: [DefaultContextCache@49cf9028 size = 1, maxSize = 32, parentContextCount = 0, hitCount = 2, missCount = 1]
10:57:05.080 [main] DEBUG org.springframework.test.context.support.AbstractDirtiesContextTestExecutionListener - Before test method: context [DefaultTestContext@1046d517 testClass = OpenApiJsonWriterTest, testInstance = com.alibaba.fastjson2.springdoc.OpenApiJsonWriterTest@4992613f, testMethod = test@OpenApiJsonWriterTest, testException = [null], mergedContextConfiguration = [WebMergedContextConfiguration@3b7d3a38 testClass = OpenApiJsonWriterTest, locations = '{}', classes = '{class com.alibaba.fastjson2.springdoc.OpenApiJsonWriterTest$WebMvcConfig}', contextInitializerClasses = '[]', activeProfiles = '{}', propertySourceLocations = '{}', propertySourceProperties = '{}', contextCustomizers = set[org.springframework.test.context.web.socket.MockServerContainerContextCustomizer@436c81a3, org.springframework.boot.test.context.filter.ExcludeFilterContextCustomizer@455b6df1, org.springframework.boot.test.json.DuplicateJsonObjectContextCustomizerFactory$DuplicateJsonObjectContextCustomizer@1ab06251, org.springframework.boot.test.mock.mockito.MockitoContextCustomizer@0], resourceBasePath = 'src/main/webapp', contextLoader = 'org.springframework.test.context.web.WebDelegatingSmartContextLoader', parent = [null]], attributes = map['org.springframework.test.context.web.ServletTestExecutionListener.populatedRequestContextHolder' -> true, 'org.springframework.test.context.web.ServletTestExecutionListener.resetRequestContextHolder' -> true, 'org.springframework.test.context.event.ApplicationEventsTestExecutionListener.recordApplicationEvents' -> false]], class annotated with @DirtiesContext [false] with mode [null], method annotated with @DirtiesContext [false] with mode [null].
10:57:05.086 [main] DEBUG org.springframework.test.context.cache.DefaultCacheAwareContextLoaderDelegate - Retrieved ApplicationContext [2001321875] from cache with key [[WebMergedContextConfiguration@3b7d3a38 testClass = OpenApiJsonWriterTest, locations = '{}', classes = '{class com.alibaba.fastjson2.springdoc.OpenApiJsonWriterTest$WebMvcConfig}', contextInitializerClasses = '[]', activeProfiles = '{}', propertySourceLocations = '{}', propertySourceProperties = '{}', contextCustomizers = set[org.springframework.test.context.web.socket.MockServerContainerContextCustomizer@436c81a3, org.springframework.boot.test.context.filter.ExcludeFilterContextCustomizer@455b6df1, org.springframework.boot.test.json.DuplicateJsonObjectContextCustomizerFactory$DuplicateJsonObjectContextCustomizer@1ab06251, org.springframework.boot.test.mock.mockito.MockitoContextCustomizer@0], resourceBasePath = 'src/main/webapp', contextLoader = 'org.springframework.test.context.web.WebDelegatingSmartContextLoader', parent = [null]]]
10:57:05.087 [main] DEBUG org.springframework.test.context.cache - Spring test ApplicationContext cache statistics: [DefaultContextCache@49cf9028 size = 1, maxSize = 32, parentContextCount = 0, hitCount = 3, missCount = 1]
10:57:05.087 [main] DEBUG org.springframework.test.context.cache.DefaultCacheAwareContextLoaderDelegate - Retrieved ApplicationContext [2001321875] from cache with key [[WebMergedContextConfiguration@3b7d3a38 testClass = OpenApiJsonWriterTest, locations = '{}', classes = '{class com.alibaba.fastjson2.springdoc.OpenApiJsonWriterTest$WebMvcConfig}', contextInitializerClasses = '[]', activeProfiles = '{}', propertySourceLocations = '{}', propertySourceProperties = '{}', contextCustomizers = set[org.springframework.test.context.web.socket.MockServerContainerContextCustomizer@436c81a3, org.springframework.boot.test.context.filter.ExcludeFilterContextCustomizer@455b6df1, org.springframework.boot.test.json.DuplicateJsonObjectContextCustomizerFactory$DuplicateJsonObjectContextCustomizer@1ab06251, org.springframework.boot.test.mock.mockito.MockitoContextCustomizer@0], resourceBasePath = 'src/main/webapp', contextLoader = 'org.springframework.test.context.web.WebDelegatingSmartContextLoader', parent = [null]]]
10:57:05.088 [main] DEBUG org.springframework.test.context.cache - Spring test ApplicationContext cache statistics: [DefaultContextCache@49cf9028 size = 1, maxSize = 32, parentContextCount = 0, hitCount = 4, missCount = 1]
10:57:05.139 [main] INFO org.springframework.mock.web.MockServletContext - Initializing Spring TestDispatcherServlet ''
10:57:05.139 [main] INFO org.springframework.test.web.servlet.TestDispatcherServlet - Initializing Servlet ''
10:57:05.141 [main] DEBUG org.springframework.test.web.servlet.TestDispatcherServlet - Detected AcceptHeaderLocaleResolver
10:57:05.141 [main] DEBUG org.springframework.test.web.servlet.TestDispatcherServlet - Detected FixedThemeResolver
10:57:05.142 [main] DEBUG org.springframework.test.web.servlet.TestDispatcherServlet - Detected org.springframework.web.servlet.view.DefaultRequestToViewNameTranslator@72ee5d84
10:57:05.142 [main] DEBUG org.springframework.test.web.servlet.TestDispatcherServlet - Detected org.springframework.web.servlet.support.SessionFlashMapManager@68c7ef83
10:57:05.142 [main] DEBUG org.springframework.test.web.servlet.TestDispatcherServlet - enableLoggingRequestDetails='false': request parameters and headers will be masked to prevent unsafe logging of potentially sensitive data
10:57:05.142 [main] INFO org.springframework.test.web.servlet.TestDispatcherServlet - Completed initialization in 3 ms
10:57:05.146 [main] DEBUG org.springframework.test.context.cache.DefaultCacheAwareContextLoaderDelegate - Retrieved ApplicationContext [2001321875] from cache with key [[WebMergedContextConfiguration@3b7d3a38 testClass = OpenApiJsonWriterTest, locations = '{}', classes = '{class com.alibaba.fastjson2.springdoc.OpenApiJsonWriterTest$WebMvcConfig}', contextInitializerClasses = '[]', activeProfiles = '{}', propertySourceLocations = '{}', propertySourceProperties = '{}', contextCustomizers = set[org.springframework.test.context.web.socket.MockServerContainerContextCustomizer@436c81a3, org.springframework.boot.test.context.filter.ExcludeFilterContextCustomizer@455b6df1, org.springframework.boot.test.json.DuplicateJsonObjectContextCustomizerFactory$DuplicateJsonObjectContextCustomizer@1ab06251, org.springframework.boot.test.mock.mockito.MockitoContextCustomizer@0], resourceBasePath = 'src/main/webapp', contextLoader = 'org.springframework.test.context.web.WebDelegatingSmartContextLoader', parent = [null]]]
10:57:05.146 [main] DEBUG org.springframework.test.context.cache - Spring test ApplicationContext cache statistics: [DefaultContextCache@49cf9028 size = 1, maxSize = 32, parentContextCount = 0, hitCount = 5, missCount = 1]
10:57:05.170 [main] DEBUG org.springframework.test.web.servlet.TestDispatcherServlet - POST "/test", parameters={}
10:57:05.173 [main] DEBUG org.springframework.web.servlet.mvc.method.annotation.RequestMappingHandlerMapping - Mapped to com.alibaba.fastjson2.springdoc.OpenApiJsonWriterTest$TestController#test(String)
10:57:05.353 [main] DEBUG org.springframework.web.servlet.mvc.method.annotation.RequestResponseBodyMethodProcessor - Read "application/json;charset=UTF-8" to ["{"openapi":"3.0.1","info":{"title":"OpenAPI definition","version":"v0"},"servers":[{"url":"http://lo (truncated)..."]
10:57:05.365 [main] DEBUG org.springframework.web.servlet.mvc.method.annotation.RequestResponseBodyMethodProcessor - Using 'application/json', given [*/*] and supported [application/json]
10:57:05.366 [main] DEBUG org.springframework.web.servlet.mvc.method.annotation.RequestResponseBodyMethodProcessor - Writing ["{"openapi":"3.0.1","info":{"title":"OpenAPI definition","version":"v0"},"servers":[{"url":"http://lo (truncated)..."]
10:57:05.371 [main] DEBUG org.springframework.test.web.servlet.TestDispatcherServlet - Completed 200 OK

MockHttpServletRequest:
      HTTP Method = POST
      Request URI = /test
       Parameters = {}
          Headers = [Content-Type:"application/json;charset=UTF-8", Content-Length:"180"]
             Body = {"openapi":"3.0.1","info":{"title":"OpenAPI definition","version":"v0"},"servers":[{"url":"http://localhost:8099","description":"Generated server url"}],"paths":{},"components":{}}
    Session Attrs = {}

Handler:
             Type = com.alibaba.fastjson2.springdoc.OpenApiJsonWriterTest$TestController
           Method = com.alibaba.fastjson2.springdoc.OpenApiJsonWriterTest$TestController#test(String)

Async:
    Async started = false
     Async result = null

Resolved Exception:
             Type = null

ModelAndView:
        View name = null
             View = null
            Model = null

FlashMap:
       Attributes = null

MockHttpServletResponse:
           Status = 200
    Error message = null
          Headers = [Content-Type:"application/json;charset=UTF-8"]
     Content type = application/json;charset=UTF-8
             Body = {"openapi":"3.0.1","info":{"title":"OpenAPI definition","version":"v0"},"servers":[{"url":"http://localhost:8099","description":"Generated server url"}],"paths":{},"components":{}}
    Forwarded URL = null
   Redirected URL = null
          Cookies = []
10:57:05.396 [main] DEBUG org.springframework.test.context.cache.DefaultCacheAwareContextLoaderDelegate - Retrieved ApplicationContext [2001321875] from cache with key [[WebMergedContextConfiguration@3b7d3a38 testClass = OpenApiJsonWriterTest, locations = '{}', classes = '{class com.alibaba.fastjson2.springdoc.OpenApiJsonWriterTest$WebMvcConfig}', contextInitializerClasses = '[]', activeProfiles = '{}', propertySourceLocations = '{}', propertySourceProperties = '{}', contextCustomizers = set[org.springframework.test.context.web.socket.MockServerContainerContextCustomizer@436c81a3, org.springframework.boot.test.context.filter.ExcludeFilterContextCustomizer@455b6df1, org.springframework.boot.test.json.DuplicateJsonObjectContextCustomizerFactory$DuplicateJsonObjectContextCustomizer@1ab06251, org.springframework.boot.test.mock.mockito.MockitoContextCustomizer@0], resourceBasePath = 'src/main/webapp', contextLoader = 'org.springframework.test.context.web.WebDelegatingSmartContextLoader', parent = [null]]]
10:57:05.397 [main] DEBUG org.springframework.test.context.cache - Spring test ApplicationContext cache statistics: [DefaultContextCache@49cf9028 size = 1, maxSize = 32, parentContextCount = 0, hitCount = 6, missCount = 1]
10:57:05.400 [main] DEBUG org.springframework.test.context.cache.DefaultCacheAwareContextLoaderDelegate - Retrieved ApplicationContext [2001321875] from cache with key [[WebMergedContextConfiguration@3b7d3a38 testClass = OpenApiJsonWriterTest, locations = '{}', classes = '{class com.alibaba.fastjson2.springdoc.OpenApiJsonWriterTest$WebMvcConfig}', contextInitializerClasses = '[]', activeProfiles = '{}', propertySourceLocations = '{}', propertySourceProperties = '{}', contextCustomizers = set[org.springframework.test.context.web.socket.MockServerContainerContextCustomizer@436c81a3, org.springframework.boot.test.context.filter.ExcludeFilterContextCustomizer@455b6df1, org.springframework.boot.test.json.DuplicateJsonObjectContextCustomizerFactory$DuplicateJsonObjectContextCustomizer@1ab06251, org.springframework.boot.test.mock.mockito.MockitoContextCustomizer@0], resourceBasePath = 'src/main/webapp', contextLoader = 'org.springframework.test.context.web.WebDelegatingSmartContextLoader', parent = [null]]]
10:57:05.400 [main] DEBUG org.springframework.test.context.cache - Spring test ApplicationContext cache statistics: [DefaultContextCache@49cf9028 size = 1, maxSize = 32, parentContextCount = 0, hitCount = 7, missCount = 1]
10:57:05.405 [main] DEBUG org.springframework.test.context.cache.DefaultCacheAwareContextLoaderDelegate - Retrieved ApplicationContext [2001321875] from cache with key [[WebMergedContextConfiguration@3b7d3a38 testClass = OpenApiJsonWriterTest, locations = '{}', classes = '{class com.alibaba.fastjson2.springdoc.OpenApiJsonWriterTest$WebMvcConfig}', contextInitializerClasses = '[]', activeProfiles = '{}', propertySourceLocations = '{}', propertySourceProperties = '{}', contextCustomizers = set[org.springframework.test.context.web.socket.MockServerContainerContextCustomizer@436c81a3, org.springframework.boot.test.context.filter.ExcludeFilterContextCustomizer@455b6df1, org.springframework.boot.test.json.DuplicateJsonObjectContextCustomizerFactory$DuplicateJsonObjectContextCustomizer@1ab06251, org.springframework.boot.test.mock.mockito.MockitoContextCustomizer@0], resourceBasePath = 'src/main/webapp', contextLoader = 'org.springframework.test.context.web.WebDelegatingSmartContextLoader', parent = [null]]]
10:57:05.406 [main] DEBUG org.springframework.test.context.cache - Spring test ApplicationContext cache statistics: [DefaultContextCache@49cf9028 size = 1, maxSize = 32, parentContextCount = 0, hitCount = 8, missCount = 1]
10:57:05.412 [main] DEBUG org.springframework.test.context.support.AbstractDirtiesContextTestExecutionListener - After test method: context [DefaultTestContext@1046d517 testClass = OpenApiJsonWriterTest, testInstance = com.alibaba.fastjson2.springdoc.OpenApiJsonWriterTest@4992613f, testMethod = test@OpenApiJsonWriterTest, testException = [null], mergedContextConfiguration = [WebMergedContextConfiguration@3b7d3a38 testClass = OpenApiJsonWriterTest, locations = '{}', classes = '{class com.alibaba.fastjson2.springdoc.OpenApiJsonWriterTest$WebMvcConfig}', contextInitializerClasses = '[]', activeProfiles = '{}', propertySourceLocations = '{}', propertySourceProperties = '{}', contextCustomizers = set[org.springframework.test.context.web.socket.MockServerContainerContextCustomizer@436c81a3, org.springframework.boot.test.context.filter.ExcludeFilterContextCustomizer@455b6df1, org.springframework.boot.test.json.DuplicateJsonObjectContextCustomizerFactory$DuplicateJsonObjectContextCustomizer@1ab06251, org.springframework.boot.test.mock.mockito.MockitoContextCustomizer@0], resourceBasePath = 'src/main/webapp', contextLoader = 'org.springframework.test.context.web.WebDelegatingSmartContextLoader', parent = [null]], attributes = map['org.springframework.test.context.web.ServletTestExecutionListener.populatedRequestContextHolder' -> true, 'org.springframework.test.context.web.ServletTestExecutionListener.resetRequestContextHolder' -> true, 'org.springframework.test.context.event.ApplicationEventsTestExecutionListener.recordApplicationEvents' -> false]], class annotated with @DirtiesContext [false] with mode [null], method annotated with @DirtiesContext [false] with mode [null].
10:57:05.412 [main] DEBUG org.springframework.test.context.web.ServletTestExecutionListener - Resetting RequestContextHolder for test context [DefaultTestContext@1046d517 testClass = OpenApiJsonWriterTest, testInstance = com.alibaba.fastjson2.springdoc.OpenApiJsonWriterTest@4992613f, testMethod = test@OpenApiJsonWriterTest, testException = [null], mergedContextConfiguration = [WebMergedContextConfiguration@3b7d3a38 testClass = OpenApiJsonWriterTest, locations = '{}', classes = '{class com.alibaba.fastjson2.springdoc.OpenApiJsonWriterTest$WebMvcConfig}', contextInitializerClasses = '[]', activeProfiles = '{}', propertySourceLocations = '{}', propertySourceProperties = '{}', contextCustomizers = set[org.springframework.test.context.web.socket.MockServerContainerContextCustomizer@436c81a3, org.springframework.boot.test.context.filter.ExcludeFilterContextCustomizer@455b6df1, org.springframework.boot.test.json.DuplicateJsonObjectContextCustomizerFactory$DuplicateJsonObjectContextCustomizer@1ab06251, org.springframework.boot.test.mock.mockito.MockitoContextCustomizer@0], resourceBasePath = 'src/main/webapp', contextLoader = 'org.springframework.test.context.web.WebDelegatingSmartContextLoader', parent = [null]], attributes = map['org.springframework.test.context.web.ServletTestExecutionListener.populatedRequestContextHolder' -> true, 'org.springframework.test.context.web.ServletTestExecutionListener.resetRequestContextHolder' -> true, 'org.springframework.test.context.event.ApplicationEventsTestExecutionListener.recordApplicationEvents' -> false]].
]]></system-out>
  </testcase>
</testsuite>