<?xml version="1.0" encoding="UTF-8"?>
<testsuite name="uk.ac.manchester.cs.owl.owlapi.concurrent.ConcurrentOWLOntologyImpl_TestCase" time="0.375" tests="179" errors="0" skipped="0" failures="0">
  <properties>
    <property name="java.runtime.name" value="OpenJDK Runtime Environment"/>
    <property name="sun.boot.library.path" value="/Library/Java/JavaVirtualMachines/temurin-8.jdk/Contents/Home/jre/lib"/>
    <property name="java.vm.version" value="25.402-b06"/>
    <property name="gopherProxySet" value="false"/>
    <property name="java.vm.vendor" value="Temurin"/>
    <property name="maven.multiModuleProjectDirectory" value="/Users/shreyachaudhary/Desktop/extra/CS527-Project/Bugs/BugSwarm/2nd_round/owlapi-158989792/Buggy-version"/>
    <property name="java.vendor.url" value="https://adoptium.net/"/>
    <property name="path.separator" value=":"/>
    <property name="guice.disable.misplaced.annotation.check" value="true"/>
    <property name="java.vm.name" value="OpenJDK 64-Bit Server VM"/>
    <property name="file.encoding.pkg" value="sun.io"/>
    <property name="user.country" value="US"/>
    <property name="sun.java.launcher" value="SUN_STANDARD"/>
    <property name="sun.os.patch.level" value="unknown"/>
    <property name="java.vm.specification.name" value="Java Virtual Machine Specification"/>
    <property name="user.dir" value="/Users/shreyachaudhary/Desktop/extra/CS527-Project/Bugs/BugSwarm/2nd_round/owlapi-158989792/Buggy-version"/>
    <property name="java.runtime.version" value="1.8.0_402-b06"/>
    <property name="java.awt.graphicsenv" value="sun.awt.CGraphicsEnvironment"/>
    <property name="java.endorsed.dirs" value="/Library/Java/JavaVirtualMachines/temurin-8.jdk/Contents/Home/jre/lib/endorsed"/>
    <property name="os.arch" value="x86_64"/>
    <property name="java.io.tmpdir" value="/var/folders/70/9z8mmtr153x2znr25_zb57mr0000gn/T/"/>
    <property name="line.separator" value="&#10;"/>
    <property name="java.vm.specification.vendor" value="Oracle Corporation"/>
    <property name="os.name" value="Mac OS X"/>
    <property name="classworlds.conf" value="/opt/homebrew/Cellar/maven/3.9.6/libexec/bin/m2.conf"/>
    <property name="sun.jnu.encoding" value="UTF-8"/>
    <property name="java.library.path" value="/Users/shreyachaudhary/Library/Java/Extensions:/Library/Java/Extensions:/Network/Library/Java/Extensions:/System/Library/Java/Extensions:/usr/lib/java:."/>
    <property name="maven.conf" value="/opt/homebrew/Cellar/maven/3.9.6/libexec/conf"/>
    <property name="java.specification.name" value="Java Platform API Specification"/>
    <property name="java.class.version" value="52.0"/>
    <property name="sun.management.compiler" value="HotSpot 64-Bit Tiered Compilers"/>
    <property name="maven.test.failure.ignore" value="true"/>
    <property name="os.version" value="14.4.1"/>
    <property name="library.jansi.path" value="/opt/homebrew/Cellar/maven/3.9.6/libexec/lib/jansi-native"/>
    <property name="http.nonProxyHosts" value="local|*.local|169.254/16|*.169.254/16"/>
    <property name="user.home" value="/Users/shreyachaudhary"/>
    <property name="user.timezone" value="America/Chicago"/>
    <property name="java.awt.printerjob" value="sun.lwawt.macosx.CPrinterJob"/>
    <property name="java.specification.version" value="1.8"/>
    <property name="file.encoding" value="UTF-8"/>
    <property name="user.name" value="shreyachaudhary"/>
    <property name="java.class.path" value="/opt/homebrew/Cellar/maven/3.9.6/libexec/boot/plexus-classworlds-2.7.0.jar"/>
    <property name="java.vm.specification.version" value="1.8"/>
    <property name="sun.arch.data.model" value="64"/>
    <property name="java.home" value="/Library/Java/JavaVirtualMachines/temurin-8.jdk/Contents/Home/jre"/>
    <property name="sun.java.command" value="org.codehaus.plexus.classworlds.launcher.Launcher clean clover:setup test -Dmaven.test.failure.ignore=true clover:aggregate clover:clover"/>
    <property name="java.specification.vendor" value="Oracle Corporation"/>
    <property name="user.language" value="en"/>
    <property name="awt.toolkit" value="sun.lwawt.macosx.LWCToolkit"/>
    <property name="java.vm.info" value="mixed mode"/>
    <property name="java.version" value="1.8.0_402"/>
    <property name="java.ext.dirs" value="/Users/shreyachaudhary/Library/Java/Extensions:/Library/Java/JavaVirtualMachines/temurin-8.jdk/Contents/Home/jre/lib/ext:/Library/Java/Extensions:/Network/Library/Java/Extensions:/System/Library/Java/Extensions:/usr/lib/java"/>
    <property name="sun.boot.class.path" value="/Library/Java/JavaVirtualMachines/temurin-8.jdk/Contents/Home/jre/lib/resources.jar:/Library/Java/JavaVirtualMachines/temurin-8.jdk/Contents/Home/jre/lib/rt.jar:/Library/Java/JavaVirtualMachines/temurin-8.jdk/Contents/Home/jre/lib/sunrsasign.jar:/Library/Java/JavaVirtualMachines/temurin-8.jdk/Contents/Home/jre/lib/jsse.jar:/Library/Java/JavaVirtualMachines/temurin-8.jdk/Contents/Home/jre/lib/jce.jar:/Library/Java/JavaVirtualMachines/temurin-8.jdk/Contents/Home/jre/lib/charsets.jar:/Library/Java/JavaVirtualMachines/temurin-8.jdk/Contents/Home/jre/lib/jfr.jar:/Library/Java/JavaVirtualMachines/temurin-8.jdk/Contents/Home/jre/classes"/>
    <property name="java.vendor" value="Temurin"/>
    <property name="java.specification.maintenance.version" value="5"/>
    <property name="maven.home" value="/opt/homebrew/Cellar/maven/3.9.6/libexec"/>
    <property name="file.separator" value="/"/>
    <property name="java.vendor.url.bug" value="https://github.com/adoptium/adoptium-support/issues"/>
    <property name="sun.cpu.endian" value="little"/>
    <property name="sun.io.unicode.encoding" value="UnicodeBig"/>
    <property name="socksNonProxyHosts" value="local|*.local|169.254/16|*.169.254/16"/>
    <property name="ftp.nonProxyHosts" value="local|*.local|169.254/16|*.169.254/16"/>
    <property name="sun.cpu.isalist" value=""/>
  </properties>
  <testcase name="shouldDelegateTo_containsIndividualInSignature_withReadLock_2" classname="uk.ac.manchester.cs.owl.owlapi.concurrent.ConcurrentOWLOntologyImpl_TestCase" time="0.099"/>
  <testcase name="shouldDelegateTo_containsIndividualInSignature_withReadLock_3" classname="uk.ac.manchester.cs.owl.owlapi.concurrent.ConcurrentOWLOntologyImpl_TestCase" time="0.002"/>
  <testcase name="shouldDelegateTo_getLogicalAxioms_withReadLock" classname="uk.ac.manchester.cs.owl.owlapi.concurrent.ConcurrentOWLOntologyImpl_TestCase" time="0.003"/>
  <testcase name="shouldDelegateTo_getObjectPropertyAssertionAxioms_withReadLock" classname="uk.ac.manchester.cs.owl.owlapi.concurrent.ConcurrentOWLOntologyImpl_TestCase" time="0.011"/>
  <testcase name="shouldDelegateTo_getDataPropertiesInSignature_withReadLock_2" classname="uk.ac.manchester.cs.owl.owlapi.concurrent.ConcurrentOWLOntologyImpl_TestCase" time="0"/>
  <testcase name="shouldDelegateTo_getDataPropertiesInSignature_withReadLock_3" classname="uk.ac.manchester.cs.owl.owlapi.concurrent.ConcurrentOWLOntologyImpl_TestCase" time="0.002"/>
  <testcase name="shouldDelegateTo_getDatatypesInSignature_withReadLock_2" classname="uk.ac.manchester.cs.owl.owlapi.concurrent.ConcurrentOWLOntologyImpl_TestCase" time="0"/>
  <testcase name="shouldDelegateTo_getDatatypesInSignature_withReadLock_3" classname="uk.ac.manchester.cs.owl.owlapi.concurrent.ConcurrentOWLOntologyImpl_TestCase" time="0.001"/>
  <testcase name="shouldDelegateTo_isDeclared_withReadLock" classname="uk.ac.manchester.cs.owl.owlapi.concurrent.ConcurrentOWLOntologyImpl_TestCase" time="0.024"/>
  <testcase name="shouldDelegateTo_saveOntology_withReadLock_2" classname="uk.ac.manchester.cs.owl.owlapi.concurrent.ConcurrentOWLOntologyImpl_TestCase" time="0"/>
  <testcase name="shouldDelegateTo_saveOntology_withReadLock_3" classname="uk.ac.manchester.cs.owl.owlapi.concurrent.ConcurrentOWLOntologyImpl_TestCase" time="0.001"/>
  <testcase name="shouldDelegateTo_saveOntology_withReadLock_4" classname="uk.ac.manchester.cs.owl.owlapi.concurrent.ConcurrentOWLOntologyImpl_TestCase" time="0.002"/>
  <testcase name="shouldDelegateTo_saveOntology_withReadLock_5" classname="uk.ac.manchester.cs.owl.owlapi.concurrent.ConcurrentOWLOntologyImpl_TestCase" time="0"/>
  <testcase name="shouldDelegateTo_saveOntology_withReadLock_6" classname="uk.ac.manchester.cs.owl.owlapi.concurrent.ConcurrentOWLOntologyImpl_TestCase" time="0.001"/>
  <testcase name="shouldDelegateTo_saveOntology_withReadLock_7" classname="uk.ac.manchester.cs.owl.owlapi.concurrent.ConcurrentOWLOntologyImpl_TestCase" time="0"/>
  <testcase name="shouldDelegateTo_saveOntology_withReadLock_8" classname="uk.ac.manchester.cs.owl.owlapi.concurrent.ConcurrentOWLOntologyImpl_TestCase" time="0.004"/>
  <testcase name="shouldDelegateTo_containsEntityInSignature_withReadLock" classname="uk.ac.manchester.cs.owl.owlapi.concurrent.ConcurrentOWLOntologyImpl_TestCase" time="0.001"/>
  <testcase name="shouldDelegateTo_getReferencedAnonymousIndividuals_withReadLock" classname="uk.ac.manchester.cs.owl.owlapi.concurrent.ConcurrentOWLOntologyImpl_TestCase" time="0.001"/>
  <testcase name="shouldDelegateTo_getAnnotationPropertiesInSignature_withReadLock_2" classname="uk.ac.manchester.cs.owl.owlapi.concurrent.ConcurrentOWLOntologyImpl_TestCase" time="0.002"/>
  <testcase name="shouldDelegateTo_getAnnotationPropertiesInSignature_withReadLock_3" classname="uk.ac.manchester.cs.owl.owlapi.concurrent.ConcurrentOWLOntologyImpl_TestCase" time="0.001"/>
  <testcase name="shouldDelegateTo_getLogicalAxioms_withReadLock_2" classname="uk.ac.manchester.cs.owl.owlapi.concurrent.ConcurrentOWLOntologyImpl_TestCase" time="0"/>
  <testcase name="shouldDelegateTo_getLogicalAxioms_withReadLock_3" classname="uk.ac.manchester.cs.owl.owlapi.concurrent.ConcurrentOWLOntologyImpl_TestCase" time="0.001"/>
  <testcase name="shouldDelegateTo_getHasKeyAxioms_withReadLock" classname="uk.ac.manchester.cs.owl.owlapi.concurrent.ConcurrentOWLOntologyImpl_TestCase" time="0.011"/>
  <testcase name="shouldDelegateTo_getReferencingAxioms_withReadLock" classname="uk.ac.manchester.cs.owl.owlapi.concurrent.ConcurrentOWLOntologyImpl_TestCase" time="0.009"/>
  <testcase name="shouldDelegateTo_getAxioms_withReadLock_10" classname="uk.ac.manchester.cs.owl.owlapi.concurrent.ConcurrentOWLOntologyImpl_TestCase" time="0.003"/>
  <testcase name="shouldDelegateTo_getAxioms_withReadLock_11" classname="uk.ac.manchester.cs.owl.owlapi.concurrent.ConcurrentOWLOntologyImpl_TestCase" time="0.02"/>
  <testcase name="shouldDelegateTo_getAxioms_withReadLock_12" classname="uk.ac.manchester.cs.owl.owlapi.concurrent.ConcurrentOWLOntologyImpl_TestCase" time="0.001"/>
  <testcase name="shouldDelegateTo_getAxioms_withReadLock_13" classname="uk.ac.manchester.cs.owl.owlapi.concurrent.ConcurrentOWLOntologyImpl_TestCase" time="0.007"/>
  <testcase name="shouldDelegateTo_getAxioms_withReadLock_14" classname="uk.ac.manchester.cs.owl.owlapi.concurrent.ConcurrentOWLOntologyImpl_TestCase" time="0.004"/>
  <testcase name="shouldDelegateTo_getAxioms_withReadLock_15" classname="uk.ac.manchester.cs.owl.owlapi.concurrent.ConcurrentOWLOntologyImpl_TestCase" time="0"/>
  <testcase name="shouldDelegateTo_getAxioms_withReadLock_16" classname="uk.ac.manchester.cs.owl.owlapi.concurrent.ConcurrentOWLOntologyImpl_TestCase" time="0.005"/>
  <testcase name="shouldDelegateTo_getAxioms_withReadLock_17" classname="uk.ac.manchester.cs.owl.owlapi.concurrent.ConcurrentOWLOntologyImpl_TestCase" time="0.001"/>
  <testcase name="shouldDelegateTo_getAxioms_withReadLock_18" classname="uk.ac.manchester.cs.owl.owlapi.concurrent.ConcurrentOWLOntologyImpl_TestCase" time="0.001"/>
  <testcase name="shouldDelegateTo_getAxioms_withReadLock_19" classname="uk.ac.manchester.cs.owl.owlapi.concurrent.ConcurrentOWLOntologyImpl_TestCase" time="0.001"/>
  <testcase name="shouldDelegateTo_getAxioms_withReadLock_20" classname="uk.ac.manchester.cs.owl.owlapi.concurrent.ConcurrentOWLOntologyImpl_TestCase" time="0"/>
  <testcase name="shouldDelegateTo_getAxioms_withReadLock_21" classname="uk.ac.manchester.cs.owl.owlapi.concurrent.ConcurrentOWLOntologyImpl_TestCase" time="0.001"/>
  <testcase name="shouldDelegateTo_getAxioms_withReadLock_22" classname="uk.ac.manchester.cs.owl.owlapi.concurrent.ConcurrentOWLOntologyImpl_TestCase" time="0.001"/>
  <testcase name="shouldDelegateTo_getAxioms_withReadLock_23" classname="uk.ac.manchester.cs.owl.owlapi.concurrent.ConcurrentOWLOntologyImpl_TestCase" time="0"/>
  <testcase name="shouldDelegateTo_getAxioms_withReadLock_24" classname="uk.ac.manchester.cs.owl.owlapi.concurrent.ConcurrentOWLOntologyImpl_TestCase" time="0.001"/>
  <testcase name="shouldDelegateTo_getAxioms_withReadLock_25" classname="uk.ac.manchester.cs.owl.owlapi.concurrent.ConcurrentOWLOntologyImpl_TestCase" time="0.003"/>
  <testcase name="shouldDelegateTo_getAxioms_withReadLock_26" classname="uk.ac.manchester.cs.owl.owlapi.concurrent.ConcurrentOWLOntologyImpl_TestCase" time="0.001"/>
  <testcase name="shouldDelegateTo_getDataSubPropertyAxiomsForSuperProperty_withReadLock" classname="uk.ac.manchester.cs.owl.owlapi.concurrent.ConcurrentOWLOntologyImpl_TestCase" time="0.003"/>
  <testcase name="shouldDelegateTo_getAxiomCount_withReadLock_2" classname="uk.ac.manchester.cs.owl.owlapi.concurrent.ConcurrentOWLOntologyImpl_TestCase" time="0"/>
  <testcase name="shouldDelegateTo_getAxiomCount_withReadLock_3" classname="uk.ac.manchester.cs.owl.owlapi.concurrent.ConcurrentOWLOntologyImpl_TestCase" time="0"/>
  <testcase name="shouldDelegateTo_getAxiomCount_withReadLock_4" classname="uk.ac.manchester.cs.owl.owlapi.concurrent.ConcurrentOWLOntologyImpl_TestCase" time="0.001"/>
  <testcase name="shouldDelegateTo_getAxiomCount_withReadLock_5" classname="uk.ac.manchester.cs.owl.owlapi.concurrent.ConcurrentOWLOntologyImpl_TestCase" time="0"/>
  <testcase name="shouldDelegateTo_getAxiomCount_withReadLock_6" classname="uk.ac.manchester.cs.owl.owlapi.concurrent.ConcurrentOWLOntologyImpl_TestCase" time="0.001"/>
  <testcase name="shouldDelegateTo_getDifferentIndividualAxioms_withReadLock" classname="uk.ac.manchester.cs.owl.owlapi.concurrent.ConcurrentOWLOntologyImpl_TestCase" time="0.001"/>
  <testcase name="shouldDelegateTo_getImports_withReadLock" classname="uk.ac.manchester.cs.owl.owlapi.concurrent.ConcurrentOWLOntologyImpl_TestCase" time="0.001"/>
  <testcase name="shouldDelegateTo_containsEntityInSignature_withReadLock_2" classname="uk.ac.manchester.cs.owl.owlapi.concurrent.ConcurrentOWLOntologyImpl_TestCase" time="0.003"/>
  <testcase name="shouldDelegateTo_containsEntityInSignature_withReadLock_3" classname="uk.ac.manchester.cs.owl.owlapi.concurrent.ConcurrentOWLOntologyImpl_TestCase" time="0"/>
  <testcase name="shouldDelegateTo_containsEntityInSignature_withReadLock_4" classname="uk.ac.manchester.cs.owl.owlapi.concurrent.ConcurrentOWLOntologyImpl_TestCase" time="0.001"/>
  <testcase name="shouldDelegateTo_containsEntityInSignature_withReadLock_5" classname="uk.ac.manchester.cs.owl.owlapi.concurrent.ConcurrentOWLOntologyImpl_TestCase" time="0"/>
  <testcase name="shouldDelegateTo_containsEntityInSignature_withReadLock_6" classname="uk.ac.manchester.cs.owl.owlapi.concurrent.ConcurrentOWLOntologyImpl_TestCase" time="0.001"/>
  <testcase name="shouldDelegateTo_getDataPropertiesInSignature_withReadLock" classname="uk.ac.manchester.cs.owl.owlapi.concurrent.ConcurrentOWLOntologyImpl_TestCase" time="0.001"/>
  <testcase name="shouldDelegateTo_getClassAssertionAxioms_withReadLock_2" classname="uk.ac.manchester.cs.owl.owlapi.concurrent.ConcurrentOWLOntologyImpl_TestCase" time="0"/>
  <testcase name="shouldDelegateTo_containsAxiom_withReadLock" classname="uk.ac.manchester.cs.owl.owlapi.concurrent.ConcurrentOWLOntologyImpl_TestCase" time="0.001"/>
  <testcase name="shouldDelegateTo_getAxioms_withReadLock" classname="uk.ac.manchester.cs.owl.owlapi.concurrent.ConcurrentOWLOntologyImpl_TestCase" time="0"/>
  <testcase name="shouldDelegateTo_getDisjointClassesAxioms_withReadLock" classname="uk.ac.manchester.cs.owl.owlapi.concurrent.ConcurrentOWLOntologyImpl_TestCase" time="0.001"/>
  <testcase name="shouldDelegateTo_getObjectPropertyRangeAxioms_withReadLock" classname="uk.ac.manchester.cs.owl.owlapi.concurrent.ConcurrentOWLOntologyImpl_TestCase" time="0"/>
  <testcase name="shouldDelegateTo_getImportsDeclarations_withReadLock" classname="uk.ac.manchester.cs.owl.owlapi.concurrent.ConcurrentOWLOntologyImpl_TestCase" time="0.001"/>
  <testcase name="shouldDelegateTo_getDisjointObjectPropertiesAxioms_withReadLock" classname="uk.ac.manchester.cs.owl.owlapi.concurrent.ConcurrentOWLOntologyImpl_TestCase" time="0.001"/>
  <testcase name="shouldDelegateTo_isAnonymous_withReadLock" classname="uk.ac.manchester.cs.owl.owlapi.concurrent.ConcurrentOWLOntologyImpl_TestCase" time="0"/>
  <testcase name="shouldDelegateTo_containsDatatypeInSignature_withReadLock" classname="uk.ac.manchester.cs.owl.owlapi.concurrent.ConcurrentOWLOntologyImpl_TestCase" time="0.001"/>
  <testcase name="shouldDelegateTo_containsAxiomIgnoreAnnotations_withReadLock" classname="uk.ac.manchester.cs.owl.owlapi.concurrent.ConcurrentOWLOntologyImpl_TestCase" time="0.001"/>
  <testcase name="shouldDelegateTo_getDataPropertyRangeAxioms_withReadLock" classname="uk.ac.manchester.cs.owl.owlapi.concurrent.ConcurrentOWLOntologyImpl_TestCase" time="0.002"/>
  <testcase name="shouldDelegateTo_getRBoxAxioms_withReadLock" classname="uk.ac.manchester.cs.owl.owlapi.concurrent.ConcurrentOWLOntologyImpl_TestCase" time="0.003"/>
  <testcase name="shouldDelegateTo_containsClassInSignature_withReadLock" classname="uk.ac.manchester.cs.owl.owlapi.concurrent.ConcurrentOWLOntologyImpl_TestCase" time="0.006"/>
  <testcase name="shouldDelegateTo_containsAxiom_withReadLock_2" classname="uk.ac.manchester.cs.owl.owlapi.concurrent.ConcurrentOWLOntologyImpl_TestCase" time="0.001"/>
  <testcase name="shouldDelegateTo_containsAxiom_withReadLock_3" classname="uk.ac.manchester.cs.owl.owlapi.concurrent.ConcurrentOWLOntologyImpl_TestCase" time="0"/>
  <testcase name="shouldDelegateTo_containsAnnotationPropertyInSignature_withReadLock_2" classname="uk.ac.manchester.cs.owl.owlapi.concurrent.ConcurrentOWLOntologyImpl_TestCase" time="0.001"/>
  <testcase name="shouldDelegateTo_containsAnnotationPropertyInSignature_withReadLock_3" classname="uk.ac.manchester.cs.owl.owlapi.concurrent.ConcurrentOWLOntologyImpl_TestCase" time="0"/>
  <testcase name="shouldDelegateTo_getReflexiveObjectPropertyAxioms_withReadLock" classname="uk.ac.manchester.cs.owl.owlapi.concurrent.ConcurrentOWLOntologyImpl_TestCase" time="0.001"/>
  <testcase name="shouldDelegateTo_filterAxioms_withReadLock" classname="uk.ac.manchester.cs.owl.owlapi.concurrent.ConcurrentOWLOntologyImpl_TestCase" time="0.005"/>
  <testcase name="shouldDelegateTo_getSubClassAxiomsForSuperClass_withReadLock" classname="uk.ac.manchester.cs.owl.owlapi.concurrent.ConcurrentOWLOntologyImpl_TestCase" time="0"/>
  <testcase name="shouldDelegateTo_getAnnotationAssertionAxioms_withReadLock" classname="uk.ac.manchester.cs.owl.owlapi.concurrent.ConcurrentOWLOntologyImpl_TestCase" time="0.004"/>
  <testcase name="shouldDelegateTo_getEntitiesInSignature_withReadLock" classname="uk.ac.manchester.cs.owl.owlapi.concurrent.ConcurrentOWLOntologyImpl_TestCase" time="0.001"/>
  <testcase name="shouldDelegateTo_getOntologyID_withReadLock" classname="uk.ac.manchester.cs.owl.owlapi.concurrent.ConcurrentOWLOntologyImpl_TestCase" time="0"/>
  <testcase name="shouldDelegateTo_getABoxAxioms_withReadLock" classname="uk.ac.manchester.cs.owl.owlapi.concurrent.ConcurrentOWLOntologyImpl_TestCase" time="0"/>
  <testcase name="shouldDelegateTo_getSignature_withReadLock_2" classname="uk.ac.manchester.cs.owl.owlapi.concurrent.ConcurrentOWLOntologyImpl_TestCase" time="0"/>
  <testcase name="shouldDelegateTo_getEntitiesInSignature_withReadLock_2" classname="uk.ac.manchester.cs.owl.owlapi.concurrent.ConcurrentOWLOntologyImpl_TestCase" time="0.001"/>
  <testcase name="shouldDelegateTo_getEntitiesInSignature_withReadLock_3" classname="uk.ac.manchester.cs.owl.owlapi.concurrent.ConcurrentOWLOntologyImpl_TestCase" time="0.004"/>
  <testcase name="shouldDelegateTo_getAxiomCount_withReadLock" classname="uk.ac.manchester.cs.owl.owlapi.concurrent.ConcurrentOWLOntologyImpl_TestCase" time="0.001"/>
  <testcase name="shouldDelegateTo_containsAxiomIgnoreAnnotations_withReadLock_2" classname="uk.ac.manchester.cs.owl.owlapi.concurrent.ConcurrentOWLOntologyImpl_TestCase" time="0.001"/>
  <testcase name="shouldDelegateTo_getEquivalentObjectPropertiesAxioms_withReadLock" classname="uk.ac.manchester.cs.owl.owlapi.concurrent.ConcurrentOWLOntologyImpl_TestCase" time="0"/>
  <testcase name="shouldDelegateTo_getDataPropertyAssertionAxioms_withReadLock" classname="uk.ac.manchester.cs.owl.owlapi.concurrent.ConcurrentOWLOntologyImpl_TestCase" time="0.001"/>
  <testcase name="shouldDelegateTo_containsReference_withReadLock_2" classname="uk.ac.manchester.cs.owl.owlapi.concurrent.ConcurrentOWLOntologyImpl_TestCase" time="0"/>
  <testcase name="shouldDelegateTo_containsReference_withReadLock_3" classname="uk.ac.manchester.cs.owl.owlapi.concurrent.ConcurrentOWLOntologyImpl_TestCase" time="0.001"/>
  <testcase name="shouldDelegateTo_getEquivalentClassesAxioms_withReadLock" classname="uk.ac.manchester.cs.owl.owlapi.concurrent.ConcurrentOWLOntologyImpl_TestCase" time="0.001"/>
  <testcase name="shouldDelegateTo_getLogicalAxiomCount_withReadLock" classname="uk.ac.manchester.cs.owl.owlapi.concurrent.ConcurrentOWLOntologyImpl_TestCase" time="0"/>
  <testcase name="shouldDelegateTo_getDatatypeDefinitions_withReadLock" classname="uk.ac.manchester.cs.owl.owlapi.concurrent.ConcurrentOWLOntologyImpl_TestCase" time="0.001"/>
  <testcase name="shouldDelegateTo_getGeneralClassAxioms_withReadLock" classname="uk.ac.manchester.cs.owl.owlapi.concurrent.ConcurrentOWLOntologyImpl_TestCase" time="0.001"/>
  <testcase name="shouldDelegateTo_getReferencingAxioms_withReadLock_2" classname="uk.ac.manchester.cs.owl.owlapi.concurrent.ConcurrentOWLOntologyImpl_TestCase" time="0.001"/>
  <testcase name="shouldDelegateTo_getReferencingAxioms_withReadLock_3" classname="uk.ac.manchester.cs.owl.owlapi.concurrent.ConcurrentOWLOntologyImpl_TestCase" time="0"/>
  <testcase name="shouldDelegateTo_getObjectSubPropertyAxiomsForSuperProperty_withReadLock" classname="uk.ac.manchester.cs.owl.owlapi.concurrent.ConcurrentOWLOntologyImpl_TestCase" time="0.001"/>
  <testcase name="shouldDelegateTo_containsObjectPropertyInSignature_withReadLock" classname="uk.ac.manchester.cs.owl.owlapi.concurrent.ConcurrentOWLOntologyImpl_TestCase" time="0.001"/>
  <testcase name="shouldDelegateTo_getObjectPropertyDomainAxioms_withReadLock" classname="uk.ac.manchester.cs.owl.owlapi.concurrent.ConcurrentOWLOntologyImpl_TestCase" time="0.001"/>
  <testcase name="shouldDelegateTo_getAnnotations_withReadLock" classname="uk.ac.manchester.cs.owl.owlapi.concurrent.ConcurrentOWLOntologyImpl_TestCase" time="0"/>
  <testcase name="shouldDelegateTo_getDirectImportsDocuments_withReadLock" classname="uk.ac.manchester.cs.owl.owlapi.concurrent.ConcurrentOWLOntologyImpl_TestCase" time="0"/>
  <testcase name="shouldDelegateTo_getDatatypesInSignature_withReadLock" classname="uk.ac.manchester.cs.owl.owlapi.concurrent.ConcurrentOWLOntologyImpl_TestCase" time="0.001"/>
  <testcase name="shouldDelegateTo_getNegativeObjectPropertyAssertionAxioms_withReadLock" classname="uk.ac.manchester.cs.owl.owlapi.concurrent.ConcurrentOWLOntologyImpl_TestCase" time="0.001"/>
  <testcase name="shouldDelegateTo_getFunctionalObjectPropertyAxioms_withReadLock" classname="uk.ac.manchester.cs.owl.owlapi.concurrent.ConcurrentOWLOntologyImpl_TestCase" time="0"/>
  <testcase name="shouldDelegateTo_containsIndividualInSignature_withReadLock" classname="uk.ac.manchester.cs.owl.owlapi.concurrent.ConcurrentOWLOntologyImpl_TestCase" time="0"/>
  <testcase name="shouldDelegateTo_containsDatatypeInSignature_withReadLock_2" classname="uk.ac.manchester.cs.owl.owlapi.concurrent.ConcurrentOWLOntologyImpl_TestCase" time="0.001"/>
  <testcase name="shouldDelegateTo_containsDatatypeInSignature_withReadLock_3" classname="uk.ac.manchester.cs.owl.owlapi.concurrent.ConcurrentOWLOntologyImpl_TestCase" time="0"/>
  <testcase name="shouldDelegateTo_getClassesInSignature_withReadLock" classname="uk.ac.manchester.cs.owl.owlapi.concurrent.ConcurrentOWLOntologyImpl_TestCase" time="0.001"/>
  <testcase name="shouldDelegateTo_getLogicalAxiomCount_withReadLock_2" classname="uk.ac.manchester.cs.owl.owlapi.concurrent.ConcurrentOWLOntologyImpl_TestCase" time="0"/>
  <testcase name="shouldDelegateTo_getLogicalAxiomCount_withReadLock_3" classname="uk.ac.manchester.cs.owl.owlapi.concurrent.ConcurrentOWLOntologyImpl_TestCase" time="0"/>
  <testcase name="shouldDelegateTo_getAnnotationPropertyRangeAxioms_withReadLock" classname="uk.ac.manchester.cs.owl.owlapi.concurrent.ConcurrentOWLOntologyImpl_TestCase" time="0.002"/>
  <testcase name="shouldDelegateTo_getObjectPropertiesInSignature_withReadLock_2" classname="uk.ac.manchester.cs.owl.owlapi.concurrent.ConcurrentOWLOntologyImpl_TestCase" time="0.002"/>
  <testcase name="shouldDelegateTo_getObjectPropertiesInSignature_withReadLock_3" classname="uk.ac.manchester.cs.owl.owlapi.concurrent.ConcurrentOWLOntologyImpl_TestCase" time="0"/>
  <testcase name="shouldDelegateTo_isBottomEntity_withReadLock" classname="uk.ac.manchester.cs.owl.owlapi.concurrent.ConcurrentOWLOntologyImpl_TestCase" time="0.001"/>
  <testcase name="shouldDelegateTo_containsDataPropertyInSignature_withReadLock_2" classname="uk.ac.manchester.cs.owl.owlapi.concurrent.ConcurrentOWLOntologyImpl_TestCase" time="0"/>
  <testcase name="shouldDelegateTo_containsDataPropertyInSignature_withReadLock_3" classname="uk.ac.manchester.cs.owl.owlapi.concurrent.ConcurrentOWLOntologyImpl_TestCase" time="0"/>
  <testcase name="shouldDelegateTo_getImportsClosure_withReadLock" classname="uk.ac.manchester.cs.owl.owlapi.concurrent.ConcurrentOWLOntologyImpl_TestCase" time="0"/>
  <testcase name="shouldDelegateTo_getSymmetricObjectPropertyAxioms_withReadLock" classname="uk.ac.manchester.cs.owl.owlapi.concurrent.ConcurrentOWLOntologyImpl_TestCase" time="0.001"/>
  <testcase name="shouldDelegateTo_getDataSubPropertyAxiomsForSubProperty_withReadLock" classname="uk.ac.manchester.cs.owl.owlapi.concurrent.ConcurrentOWLOntologyImpl_TestCase" time="0.001"/>
  <testcase name="shouldDelegateTo_getIrreflexiveObjectPropertyAxioms_withReadLock" classname="uk.ac.manchester.cs.owl.owlapi.concurrent.ConcurrentOWLOntologyImpl_TestCase" time="0"/>
  <testcase name="shouldDelegateTo_getNegativeDataPropertyAssertionAxioms_withReadLock" classname="uk.ac.manchester.cs.owl.owlapi.concurrent.ConcurrentOWLOntologyImpl_TestCase" time="0.001"/>
  <testcase name="shouldDelegateTo_containsDataPropertyInSignature_withReadLock" classname="uk.ac.manchester.cs.owl.owlapi.concurrent.ConcurrentOWLOntologyImpl_TestCase" time="0"/>
  <testcase name="shouldDelegateTo_setOWLOntologyManager_withReadLock" classname="uk.ac.manchester.cs.owl.owlapi.concurrent.ConcurrentOWLOntologyImpl_TestCase" time="0.001"/>
  <testcase name="shouldDelegateTo_isTopEntity_withReadLock" classname="uk.ac.manchester.cs.owl.owlapi.concurrent.ConcurrentOWLOntologyImpl_TestCase" time="0.001"/>
  <testcase name="shouldDelegateTo_getAxiomsIgnoreAnnotations_withReadLock_2" classname="uk.ac.manchester.cs.owl.owlapi.concurrent.ConcurrentOWLOntologyImpl_TestCase" time="0"/>
  <testcase name="shouldDelegateTo_getAxiomsIgnoreAnnotations_withReadLock_3" classname="uk.ac.manchester.cs.owl.owlapi.concurrent.ConcurrentOWLOntologyImpl_TestCase" time="0.009"/>
  <testcase name="shouldDelegateTo_getObjectPropertiesInSignature_withReadLock" classname="uk.ac.manchester.cs.owl.owlapi.concurrent.ConcurrentOWLOntologyImpl_TestCase" time="0.009"/>
  <testcase name="shouldDelegateTo_getTransitiveObjectPropertyAxioms_withReadLock" classname="uk.ac.manchester.cs.owl.owlapi.concurrent.ConcurrentOWLOntologyImpl_TestCase" time="0.003"/>
  <testcase name="shouldDelegateTo_getFunctionalDataPropertyAxioms_withReadLock" classname="uk.ac.manchester.cs.owl.owlapi.concurrent.ConcurrentOWLOntologyImpl_TestCase" time="0"/>
  <testcase name="shouldDelegateTo_containsClassInSignature_withReadLock_2" classname="uk.ac.manchester.cs.owl.owlapi.concurrent.ConcurrentOWLOntologyImpl_TestCase" time="0.002"/>
  <testcase name="shouldDelegateTo_containsClassInSignature_withReadLock_3" classname="uk.ac.manchester.cs.owl.owlapi.concurrent.ConcurrentOWLOntologyImpl_TestCase" time="0"/>
  <testcase name="shouldDelegateTo_getInverseObjectPropertyAxioms_withReadLock" classname="uk.ac.manchester.cs.owl.owlapi.concurrent.ConcurrentOWLOntologyImpl_TestCase" time="0.005"/>
  <testcase name="shouldDelegateTo_saveOntology_withReadLock" classname="uk.ac.manchester.cs.owl.owlapi.concurrent.ConcurrentOWLOntologyImpl_TestCase" time="0.001"/>
  <testcase name="shouldDelegateTo_getAsymmetricObjectPropertyAxioms_withReadLock" classname="uk.ac.manchester.cs.owl.owlapi.concurrent.ConcurrentOWLOntologyImpl_TestCase" time="0.001"/>
  <testcase name="shouldDelegateTo_isDeclared_withReadLock_2" classname="uk.ac.manchester.cs.owl.owlapi.concurrent.ConcurrentOWLOntologyImpl_TestCase" time="0"/>
  <testcase name="shouldDelegateTo_containsReference_withReadLock" classname="uk.ac.manchester.cs.owl.owlapi.concurrent.ConcurrentOWLOntologyImpl_TestCase" time="0.001"/>
  <testcase name="shouldDelegateTo_contains_withReadLock" classname="uk.ac.manchester.cs.owl.owlapi.concurrent.ConcurrentOWLOntologyImpl_TestCase" time="0"/>
  <testcase name="shouldDelegateTo_getClassAssertionAxioms_withReadLock" classname="uk.ac.manchester.cs.owl.owlapi.concurrent.ConcurrentOWLOntologyImpl_TestCase" time="0.005"/>
  <testcase name="shouldDelegateTo_getAnonymousIndividuals_withReadLock" classname="uk.ac.manchester.cs.owl.owlapi.concurrent.ConcurrentOWLOntologyImpl_TestCase" time="0"/>
  <testcase name="shouldDelegateTo_getPunnedIRIs_withReadLock" classname="uk.ac.manchester.cs.owl.owlapi.concurrent.ConcurrentOWLOntologyImpl_TestCase" time="0.001"/>
  <testcase name="shouldDelegateTo_getNestedClassExpressions_withReadLock" classname="uk.ac.manchester.cs.owl.owlapi.concurrent.ConcurrentOWLOntologyImpl_TestCase" time="0"/>
  <testcase name="shouldDelegateTo_getObjectSubPropertyAxiomsForSubProperty_withReadLock" classname="uk.ac.manchester.cs.owl.owlapi.concurrent.ConcurrentOWLOntologyImpl_TestCase" time="0.001"/>
  <testcase name="shouldDelegateTo_getOWLOntologyManager_withReadLock" classname="uk.ac.manchester.cs.owl.owlapi.concurrent.ConcurrentOWLOntologyImpl_TestCase" time="0.001"/>
  <testcase name="shouldDelegateTo_getAxioms_withReadLock_2" classname="uk.ac.manchester.cs.owl.owlapi.concurrent.ConcurrentOWLOntologyImpl_TestCase" time="0"/>
  <testcase name="shouldDelegateTo_getAxioms_withReadLock_3" classname="uk.ac.manchester.cs.owl.owlapi.concurrent.ConcurrentOWLOntologyImpl_TestCase" time="0.001"/>
  <testcase name="shouldDelegateTo_getAxioms_withReadLock_4" classname="uk.ac.manchester.cs.owl.owlapi.concurrent.ConcurrentOWLOntologyImpl_TestCase" time="0"/>
  <testcase name="shouldDelegateTo_getAxioms_withReadLock_5" classname="uk.ac.manchester.cs.owl.owlapi.concurrent.ConcurrentOWLOntologyImpl_TestCase" time="0.001"/>
  <testcase name="shouldDelegateTo_getAxioms_withReadLock_6" classname="uk.ac.manchester.cs.owl.owlapi.concurrent.ConcurrentOWLOntologyImpl_TestCase" time="0"/>
  <testcase name="shouldDelegateTo_getAxioms_withReadLock_7" classname="uk.ac.manchester.cs.owl.owlapi.concurrent.ConcurrentOWLOntologyImpl_TestCase" time="0.001"/>
  <testcase name="shouldDelegateTo_getAxioms_withReadLock_8" classname="uk.ac.manchester.cs.owl.owlapi.concurrent.ConcurrentOWLOntologyImpl_TestCase" time="0"/>
  <testcase name="shouldDelegateTo_getAxioms_withReadLock_9" classname="uk.ac.manchester.cs.owl.owlapi.concurrent.ConcurrentOWLOntologyImpl_TestCase" time="0.001"/>
  <testcase name="shouldDelegateTo_applyChange_withWriteLock" classname="uk.ac.manchester.cs.owl.owlapi.concurrent.ConcurrentOWLOntologyImpl_TestCase" time="0.005"/>
  <testcase name="shouldDelegateTo_addAxiom_withWriteLock" classname="uk.ac.manchester.cs.owl.owlapi.concurrent.ConcurrentOWLOntologyImpl_TestCase" time="0"/>
  <testcase name="shouldDelegateTo_getSignature_withReadLock" classname="uk.ac.manchester.cs.owl.owlapi.concurrent.ConcurrentOWLOntologyImpl_TestCase" time="0.001"/>
  <testcase name="shouldDelegateTo_getSubAnnotationPropertyOfAxioms_withReadLock" classname="uk.ac.manchester.cs.owl.owlapi.concurrent.ConcurrentOWLOntologyImpl_TestCase" time="0.001"/>
  <testcase name="shouldDelegateTo_getInverseFunctionalObjectPropertyAxioms_withReadLock" classname="uk.ac.manchester.cs.owl.owlapi.concurrent.ConcurrentOWLOntologyImpl_TestCase" time="0"/>
  <testcase name="shouldDelegateTo_getAnnotationPropertyDomainAxioms_withReadLock" classname="uk.ac.manchester.cs.owl.owlapi.concurrent.ConcurrentOWLOntologyImpl_TestCase" time="0.002"/>
  <testcase name="shouldDelegateTo_isEmpty_withReadLock" classname="uk.ac.manchester.cs.owl.owlapi.concurrent.ConcurrentOWLOntologyImpl_TestCase" time="0.001"/>
  <testcase name="shouldDelegateTo_getOWLOntologyManager_withWriteLock" classname="uk.ac.manchester.cs.owl.owlapi.concurrent.ConcurrentOWLOntologyImpl_TestCase" time="0.001"/>
  <testcase name="shouldDelegateTo_getDisjointUnionAxioms_withReadLock" classname="uk.ac.manchester.cs.owl.owlapi.concurrent.ConcurrentOWLOntologyImpl_TestCase" time="0.002"/>
  <testcase name="shouldDelegateTo_getAxiomsIgnoreAnnotations_withReadLock" classname="uk.ac.manchester.cs.owl.owlapi.concurrent.ConcurrentOWLOntologyImpl_TestCase" time="0"/>
  <testcase name="shouldDelegateTo_getReferencedAnonymousIndividuals_withReadLock_2" classname="uk.ac.manchester.cs.owl.owlapi.concurrent.ConcurrentOWLOntologyImpl_TestCase" time="0"/>
  <testcase name="shouldDelegateTo_getAnnotationPropertiesInSignature_withReadLock" classname="uk.ac.manchester.cs.owl.owlapi.concurrent.ConcurrentOWLOntologyImpl_TestCase" time="0.001"/>
  <testcase name="shouldDelegateTo_applyChanges_withWriteLock" classname="uk.ac.manchester.cs.owl.owlapi.concurrent.ConcurrentOWLOntologyImpl_TestCase" time="0.005"/>
  <testcase name="shouldDelegateTo_getSubClassAxiomsForSubClass_withReadLock" classname="uk.ac.manchester.cs.owl.owlapi.concurrent.ConcurrentOWLOntologyImpl_TestCase" time="0"/>
  <testcase name="shouldDelegateTo_addAxioms_withWriteLock" classname="uk.ac.manchester.cs.owl.owlapi.concurrent.ConcurrentOWLOntologyImpl_TestCase" time="0.003"/>
  <testcase name="shouldDelegateTo_containsAnnotationPropertyInSignature_withReadLock" classname="uk.ac.manchester.cs.owl.owlapi.concurrent.ConcurrentOWLOntologyImpl_TestCase" time="0.001"/>
  <testcase name="shouldDelegateTo_getEquivalentDataPropertiesAxioms_withReadLock" classname="uk.ac.manchester.cs.owl.owlapi.concurrent.ConcurrentOWLOntologyImpl_TestCase" time="0.001"/>
  <testcase name="shouldDelegateTo_getClassesInSignature_withReadLock_2" classname="uk.ac.manchester.cs.owl.owlapi.concurrent.ConcurrentOWLOntologyImpl_TestCase" time="0"/>
  <testcase name="shouldDelegateTo_getClassesInSignature_withReadLock_3" classname="uk.ac.manchester.cs.owl.owlapi.concurrent.ConcurrentOWLOntologyImpl_TestCase" time="0.001"/>
  <testcase name="shouldDelegateTo_getDeclarationAxioms_withReadLock" classname="uk.ac.manchester.cs.owl.owlapi.concurrent.ConcurrentOWLOntologyImpl_TestCase" time="0"/>
  <testcase name="shouldDelegateTo_getSameIndividualAxioms_withReadLock" classname="uk.ac.manchester.cs.owl.owlapi.concurrent.ConcurrentOWLOntologyImpl_TestCase" time="0.001"/>
  <testcase name="shouldDelegateTo_getTBoxAxioms_withReadLock" classname="uk.ac.manchester.cs.owl.owlapi.concurrent.ConcurrentOWLOntologyImpl_TestCase" time="0.001"/>
  <testcase name="shouldDelegateTo_getDisjointDataPropertiesAxioms_withReadLock" classname="uk.ac.manchester.cs.owl.owlapi.concurrent.ConcurrentOWLOntologyImpl_TestCase" time="0.001"/>
  <testcase name="shouldDelegateTo_getDataPropertyDomainAxioms_withReadLock" classname="uk.ac.manchester.cs.owl.owlapi.concurrent.ConcurrentOWLOntologyImpl_TestCase" time="0.001"/>
  <testcase name="shouldDelegateTo_getIndividualsInSignature_withReadLock" classname="uk.ac.manchester.cs.owl.owlapi.concurrent.ConcurrentOWLOntologyImpl_TestCase" time="0.001"/>
  <testcase name="shouldDelegateTo_getIndividualsInSignature_withReadLock_2" classname="uk.ac.manchester.cs.owl.owlapi.concurrent.ConcurrentOWLOntologyImpl_TestCase" time="0"/>
  <testcase name="shouldDelegateTo_getIndividualsInSignature_withReadLock_3" classname="uk.ac.manchester.cs.owl.owlapi.concurrent.ConcurrentOWLOntologyImpl_TestCase" time="0"/>
  <testcase name="shouldDelegateTo_containsObjectPropertyInSignature_withReadLock_2" classname="uk.ac.manchester.cs.owl.owlapi.concurrent.ConcurrentOWLOntologyImpl_TestCase" time="0.002"/>
  <testcase name="shouldDelegateTo_containsObjectPropertyInSignature_withReadLock_3" classname="uk.ac.manchester.cs.owl.owlapi.concurrent.ConcurrentOWLOntologyImpl_TestCase" time="0.001"/>
  <testcase name="shouldDelegateTo_getDirectImports_withReadLock" classname="uk.ac.manchester.cs.owl.owlapi.concurrent.ConcurrentOWLOntologyImpl_TestCase" time="0"/>
</testsuite>