<?xml version="1.0" encoding="UTF-8"?>
<testsuite name="java_programs.EvosuiteIS_VALID_PARENTHESIZATION_ESTest" tests="4" skipped="0" failures="0" errors="0" timestamp="2024-04-25T22:00:39" hostname="Sejals-MacBook-Air.local" time="0.011">
  <properties/>
  <testcase name="test1" classname="java_programs.EvosuiteIS_VALID_PARENTHESIZATION_ESTest" time="0.005"/>
  <testcase name="test0" classname="java_programs.EvosuiteIS_VALID_PARENTHESIZATION_ESTest" time="0.002"/>
  <testcase name="test3" classname="java_programs.EvosuiteIS_VALID_PARENTHESIZATION_ESTest" time="0.003"/>
  <testcase name="test2" classname="java_programs.EvosuiteIS_VALID_PARENTHESIZATION_ESTest" time="0.001"/>
  <system-out><![CDATA[]]></system-out>
  <system-err><![CDATA[]]></system-err>
</testsuite>
