<?xml version="1.0" encoding="UTF-8"?>
<testsuite xmlns:xsi="http://www.w3.org/2001/XMLSchema-instance" xsi:schemaLocation="https://maven.apache.org/surefire/maven-surefire-plugin/xsd/surefire-test-report.xsd" name="net.bytebuddy.implementation.bytecode.assign.primitive.PrimitiveTypeAwareAssignerPrimitiveTest" time="0.018" tests="64" errors="0" skipped="0" failures="0">
  <properties>
    <property name="java.runtime.name" value="OpenJDK Runtime Environment"/>
    <property name="sun.boot.library.path" value="/Library/Java/JavaVirtualMachines/temurin-8.jdk/Contents/Home/jre/lib"/>
    <property name="java.vm.version" value="25.402-b06"/>
    <property name="gopherProxySet" value="false"/>
    <property name="java.vm.vendor" value="Temurin"/>
    <property name="maven.multiModuleProjectDirectory" value="/Users/shreyachaudhary/Desktop/extra/CS527-Project/Bugs/BugSwarm/extras/byte-buddy-140517155/Buggy-version"/>
    <property name="java.vendor.url" value="https://adoptium.net/"/>
    <property name="path.separator" value=":"/>
    <property name="guice.disable.misplaced.annotation.check" value="true"/>
    <property name="java.vm.name" value="OpenJDK 64-Bit Server VM"/>
    <property name="file.encoding.pkg" value="sun.io"/>
    <property name="user.country" value="US"/>
    <property name="sun.java.launcher" value="SUN_STANDARD"/>
    <property name="sun.os.patch.level" value="unknown"/>
    <property name="java.vm.specification.name" value="Java Virtual Machine Specification"/>
    <property name="user.dir" value="/Users/shreyachaudhary/Desktop/extra/CS527-Project/Bugs/BugSwarm/extras/byte-buddy-140517155/Buggy-version"/>
    <property name="java.runtime.version" value="1.8.0_402-b06"/>
    <property name="java.awt.graphicsenv" value="sun.awt.CGraphicsEnvironment"/>
    <property name="java.endorsed.dirs" value="/Library/Java/JavaVirtualMachines/temurin-8.jdk/Contents/Home/jre/lib/endorsed"/>
    <property name="os.arch" value="x86_64"/>
    <property name="java.io.tmpdir" value="/var/folders/70/9z8mmtr153x2znr25_zb57mr0000gn/T/"/>
    <property name="line.separator" value="&#10;"/>
    <property name="java.vm.specification.vendor" value="Oracle Corporation"/>
    <property name="os.name" value="Mac OS X"/>
    <property name="classworlds.conf" value="/opt/homebrew/Cellar/maven/3.9.6/libexec/bin/m2.conf"/>
    <property name="sun.jnu.encoding" value="UTF-8"/>
    <property name="java.library.path" value="/Users/shreyachaudhary/Library/Java/Extensions:/Library/Java/Extensions:/Network/Library/Java/Extensions:/System/Library/Java/Extensions:/usr/lib/java:."/>
    <property name="maven.conf" value="/opt/homebrew/Cellar/maven/3.9.6/libexec/conf"/>
    <property name="java.specification.name" value="Java Platform API Specification"/>
    <property name="java.class.version" value="52.0"/>
    <property name="sun.management.compiler" value="HotSpot 64-Bit Tiered Compilers"/>
    <property name="os.version" value="14.4.1"/>
    <property name="library.jansi.path" value="/opt/homebrew/Cellar/maven/3.9.6/libexec/lib/jansi-native"/>
    <property name="http.nonProxyHosts" value="local|*.local|169.254/16|*.169.254/16"/>
    <property name="user.home" value="/Users/shreyachaudhary"/>
    <property name="user.timezone" value="America/Chicago"/>
    <property name="java.awt.printerjob" value="sun.lwawt.macosx.CPrinterJob"/>
    <property name="java.specification.version" value="1.8"/>
    <property name="file.encoding" value="UTF-8"/>
    <property name="user.name" value="shreyachaudhary"/>
    <property name="java.class.path" value="/opt/homebrew/Cellar/maven/3.9.6/libexec/boot/plexus-classworlds-2.7.0.jar"/>
    <property name="java.vm.specification.version" value="1.8"/>
    <property name="sun.arch.data.model" value="64"/>
    <property name="java.home" value="/Library/Java/JavaVirtualMachines/temurin-8.jdk/Contents/Home/jre"/>
    <property name="sun.java.command" value="org.codehaus.plexus.classworlds.launcher.Launcher test"/>
    <property name="java.specification.vendor" value="Oracle Corporation"/>
    <property name="user.language" value="en"/>
    <property name="awt.toolkit" value="sun.lwawt.macosx.LWCToolkit"/>
    <property name="java.vm.info" value="mixed mode"/>
    <property name="java.version" value="1.8.0_402"/>
    <property name="java.ext.dirs" value="/Users/shreyachaudhary/Library/Java/Extensions:/Library/Java/JavaVirtualMachines/temurin-8.jdk/Contents/Home/jre/lib/ext:/Library/Java/Extensions:/Network/Library/Java/Extensions:/System/Library/Java/Extensions:/usr/lib/java"/>
    <property name="sun.boot.class.path" value="/Library/Java/JavaVirtualMachines/temurin-8.jdk/Contents/Home/jre/lib/resources.jar:/Library/Java/JavaVirtualMachines/temurin-8.jdk/Contents/Home/jre/lib/rt.jar:/Library/Java/JavaVirtualMachines/temurin-8.jdk/Contents/Home/jre/lib/sunrsasign.jar:/Library/Java/JavaVirtualMachines/temurin-8.jdk/Contents/Home/jre/lib/jsse.jar:/Library/Java/JavaVirtualMachines/temurin-8.jdk/Contents/Home/jre/lib/jce.jar:/Library/Java/JavaVirtualMachines/temurin-8.jdk/Contents/Home/jre/lib/charsets.jar:/Library/Java/JavaVirtualMachines/temurin-8.jdk/Contents/Home/jre/lib/jfr.jar:/Library/Java/JavaVirtualMachines/temurin-8.jdk/Contents/Home/jre/classes"/>
    <property name="java.vendor" value="Temurin"/>
    <property name="java.specification.maintenance.version" value="5"/>
    <property name="maven.home" value="/opt/homebrew/Cellar/maven/3.9.6/libexec"/>
    <property name="file.separator" value="/"/>
    <property name="java.vendor.url.bug" value="https://github.com/adoptium/adoptium-support/issues"/>
    <property name="sun.cpu.endian" value="little"/>
    <property name="sun.io.unicode.encoding" value="UnicodeBig"/>
    <property name="socksNonProxyHosts" value="local|*.local|169.254/16|*.169.254/16"/>
    <property name="ftp.nonProxyHosts" value="local|*.local|169.254/16|*.169.254/16"/>
    <property name="sun.cpu.isalist" value=""/>
  </properties>
  <testcase name="testPrimitiveToPrimitiveAssignment[0]" classname="net.bytebuddy.implementation.bytecode.assign.primitive.PrimitiveTypeAwareAssignerPrimitiveTest" time="0.001"/>
  <testcase name="testPrimitiveToPrimitiveAssignment[1]" classname="net.bytebuddy.implementation.bytecode.assign.primitive.PrimitiveTypeAwareAssignerPrimitiveTest" time="0"/>
  <testcase name="testPrimitiveToPrimitiveAssignment[2]" classname="net.bytebuddy.implementation.bytecode.assign.primitive.PrimitiveTypeAwareAssignerPrimitiveTest" time="0"/>
  <testcase name="testPrimitiveToPrimitiveAssignment[3]" classname="net.bytebuddy.implementation.bytecode.assign.primitive.PrimitiveTypeAwareAssignerPrimitiveTest" time="0"/>
  <testcase name="testPrimitiveToPrimitiveAssignment[4]" classname="net.bytebuddy.implementation.bytecode.assign.primitive.PrimitiveTypeAwareAssignerPrimitiveTest" time="0"/>
  <testcase name="testPrimitiveToPrimitiveAssignment[5]" classname="net.bytebuddy.implementation.bytecode.assign.primitive.PrimitiveTypeAwareAssignerPrimitiveTest" time="0.001"/>
  <testcase name="testPrimitiveToPrimitiveAssignment[6]" classname="net.bytebuddy.implementation.bytecode.assign.primitive.PrimitiveTypeAwareAssignerPrimitiveTest" time="0"/>
  <testcase name="testPrimitiveToPrimitiveAssignment[7]" classname="net.bytebuddy.implementation.bytecode.assign.primitive.PrimitiveTypeAwareAssignerPrimitiveTest" time="0"/>
  <testcase name="testPrimitiveToPrimitiveAssignment[8]" classname="net.bytebuddy.implementation.bytecode.assign.primitive.PrimitiveTypeAwareAssignerPrimitiveTest" time="0"/>
  <testcase name="testPrimitiveToPrimitiveAssignment[9]" classname="net.bytebuddy.implementation.bytecode.assign.primitive.PrimitiveTypeAwareAssignerPrimitiveTest" time="0"/>
  <testcase name="testPrimitiveToPrimitiveAssignment[10]" classname="net.bytebuddy.implementation.bytecode.assign.primitive.PrimitiveTypeAwareAssignerPrimitiveTest" time="0"/>
  <testcase name="testPrimitiveToPrimitiveAssignment[11]" classname="net.bytebuddy.implementation.bytecode.assign.primitive.PrimitiveTypeAwareAssignerPrimitiveTest" time="0.001"/>
  <testcase name="testPrimitiveToPrimitiveAssignment[12]" classname="net.bytebuddy.implementation.bytecode.assign.primitive.PrimitiveTypeAwareAssignerPrimitiveTest" time="0"/>
  <testcase name="testPrimitiveToPrimitiveAssignment[13]" classname="net.bytebuddy.implementation.bytecode.assign.primitive.PrimitiveTypeAwareAssignerPrimitiveTest" time="0"/>
  <testcase name="testPrimitiveToPrimitiveAssignment[14]" classname="net.bytebuddy.implementation.bytecode.assign.primitive.PrimitiveTypeAwareAssignerPrimitiveTest" time="0"/>
  <testcase name="testPrimitiveToPrimitiveAssignment[15]" classname="net.bytebuddy.implementation.bytecode.assign.primitive.PrimitiveTypeAwareAssignerPrimitiveTest" time="0"/>
  <testcase name="testPrimitiveToPrimitiveAssignment[16]" classname="net.bytebuddy.implementation.bytecode.assign.primitive.PrimitiveTypeAwareAssignerPrimitiveTest" time="0.001"/>
  <testcase name="testPrimitiveToPrimitiveAssignment[17]" classname="net.bytebuddy.implementation.bytecode.assign.primitive.PrimitiveTypeAwareAssignerPrimitiveTest" time="0"/>
  <testcase name="testPrimitiveToPrimitiveAssignment[18]" classname="net.bytebuddy.implementation.bytecode.assign.primitive.PrimitiveTypeAwareAssignerPrimitiveTest" time="0"/>
  <testcase name="testPrimitiveToPrimitiveAssignment[19]" classname="net.bytebuddy.implementation.bytecode.assign.primitive.PrimitiveTypeAwareAssignerPrimitiveTest" time="0"/>
  <testcase name="testPrimitiveToPrimitiveAssignment[20]" classname="net.bytebuddy.implementation.bytecode.assign.primitive.PrimitiveTypeAwareAssignerPrimitiveTest" time="0"/>
  <testcase name="testPrimitiveToPrimitiveAssignment[21]" classname="net.bytebuddy.implementation.bytecode.assign.primitive.PrimitiveTypeAwareAssignerPrimitiveTest" time="0"/>
  <testcase name="testPrimitiveToPrimitiveAssignment[22]" classname="net.bytebuddy.implementation.bytecode.assign.primitive.PrimitiveTypeAwareAssignerPrimitiveTest" time="0"/>
  <testcase name="testPrimitiveToPrimitiveAssignment[23]" classname="net.bytebuddy.implementation.bytecode.assign.primitive.PrimitiveTypeAwareAssignerPrimitiveTest" time="0"/>
  <testcase name="testPrimitiveToPrimitiveAssignment[24]" classname="net.bytebuddy.implementation.bytecode.assign.primitive.PrimitiveTypeAwareAssignerPrimitiveTest" time="0"/>
  <testcase name="testPrimitiveToPrimitiveAssignment[25]" classname="net.bytebuddy.implementation.bytecode.assign.primitive.PrimitiveTypeAwareAssignerPrimitiveTest" time="0"/>
  <testcase name="testPrimitiveToPrimitiveAssignment[26]" classname="net.bytebuddy.implementation.bytecode.assign.primitive.PrimitiveTypeAwareAssignerPrimitiveTest" time="0"/>
  <testcase name="testPrimitiveToPrimitiveAssignment[27]" classname="net.bytebuddy.implementation.bytecode.assign.primitive.PrimitiveTypeAwareAssignerPrimitiveTest" time="0"/>
  <testcase name="testPrimitiveToPrimitiveAssignment[28]" classname="net.bytebuddy.implementation.bytecode.assign.primitive.PrimitiveTypeAwareAssignerPrimitiveTest" time="0"/>
  <testcase name="testPrimitiveToPrimitiveAssignment[29]" classname="net.bytebuddy.implementation.bytecode.assign.primitive.PrimitiveTypeAwareAssignerPrimitiveTest" time="0"/>
  <testcase name="testPrimitiveToPrimitiveAssignment[30]" classname="net.bytebuddy.implementation.bytecode.assign.primitive.PrimitiveTypeAwareAssignerPrimitiveTest" time="0.001"/>
  <testcase name="testPrimitiveToPrimitiveAssignment[31]" classname="net.bytebuddy.implementation.bytecode.assign.primitive.PrimitiveTypeAwareAssignerPrimitiveTest" time="0"/>
  <testcase name="testPrimitiveToPrimitiveAssignment[32]" classname="net.bytebuddy.implementation.bytecode.assign.primitive.PrimitiveTypeAwareAssignerPrimitiveTest" time="0"/>
  <testcase name="testPrimitiveToPrimitiveAssignment[33]" classname="net.bytebuddy.implementation.bytecode.assign.primitive.PrimitiveTypeAwareAssignerPrimitiveTest" time="0.001"/>
  <testcase name="testPrimitiveToPrimitiveAssignment[34]" classname="net.bytebuddy.implementation.bytecode.assign.primitive.PrimitiveTypeAwareAssignerPrimitiveTest" time="0"/>
  <testcase name="testPrimitiveToPrimitiveAssignment[35]" classname="net.bytebuddy.implementation.bytecode.assign.primitive.PrimitiveTypeAwareAssignerPrimitiveTest" time="0"/>
  <testcase name="testPrimitiveToPrimitiveAssignment[36]" classname="net.bytebuddy.implementation.bytecode.assign.primitive.PrimitiveTypeAwareAssignerPrimitiveTest" time="0"/>
  <testcase name="testPrimitiveToPrimitiveAssignment[37]" classname="net.bytebuddy.implementation.bytecode.assign.primitive.PrimitiveTypeAwareAssignerPrimitiveTest" time="0"/>
  <testcase name="testPrimitiveToPrimitiveAssignment[38]" classname="net.bytebuddy.implementation.bytecode.assign.primitive.PrimitiveTypeAwareAssignerPrimitiveTest" time="0"/>
  <testcase name="testPrimitiveToPrimitiveAssignment[39]" classname="net.bytebuddy.implementation.bytecode.assign.primitive.PrimitiveTypeAwareAssignerPrimitiveTest" time="0.001"/>
  <testcase name="testPrimitiveToPrimitiveAssignment[40]" classname="net.bytebuddy.implementation.bytecode.assign.primitive.PrimitiveTypeAwareAssignerPrimitiveTest" time="0"/>
  <testcase name="testPrimitiveToPrimitiveAssignment[41]" classname="net.bytebuddy.implementation.bytecode.assign.primitive.PrimitiveTypeAwareAssignerPrimitiveTest" time="0.001"/>
  <testcase name="testPrimitiveToPrimitiveAssignment[42]" classname="net.bytebuddy.implementation.bytecode.assign.primitive.PrimitiveTypeAwareAssignerPrimitiveTest" time="0"/>
  <testcase name="testPrimitiveToPrimitiveAssignment[43]" classname="net.bytebuddy.implementation.bytecode.assign.primitive.PrimitiveTypeAwareAssignerPrimitiveTest" time="0"/>
  <testcase name="testPrimitiveToPrimitiveAssignment[44]" classname="net.bytebuddy.implementation.bytecode.assign.primitive.PrimitiveTypeAwareAssignerPrimitiveTest" time="0"/>
  <testcase name="testPrimitiveToPrimitiveAssignment[45]" classname="net.bytebuddy.implementation.bytecode.assign.primitive.PrimitiveTypeAwareAssignerPrimitiveTest" time="0"/>
  <testcase name="testPrimitiveToPrimitiveAssignment[46]" classname="net.bytebuddy.implementation.bytecode.assign.primitive.PrimitiveTypeAwareAssignerPrimitiveTest" time="0"/>
  <testcase name="testPrimitiveToPrimitiveAssignment[47]" classname="net.bytebuddy.implementation.bytecode.assign.primitive.PrimitiveTypeAwareAssignerPrimitiveTest" time="0"/>
  <testcase name="testPrimitiveToPrimitiveAssignment[48]" classname="net.bytebuddy.implementation.bytecode.assign.primitive.PrimitiveTypeAwareAssignerPrimitiveTest" time="0.001"/>
  <testcase name="testPrimitiveToPrimitiveAssignment[49]" classname="net.bytebuddy.implementation.bytecode.assign.primitive.PrimitiveTypeAwareAssignerPrimitiveTest" time="0"/>
  <testcase name="testPrimitiveToPrimitiveAssignment[50]" classname="net.bytebuddy.implementation.bytecode.assign.primitive.PrimitiveTypeAwareAssignerPrimitiveTest" time="0"/>
  <testcase name="testPrimitiveToPrimitiveAssignment[51]" classname="net.bytebuddy.implementation.bytecode.assign.primitive.PrimitiveTypeAwareAssignerPrimitiveTest" time="0"/>
  <testcase name="testPrimitiveToPrimitiveAssignment[52]" classname="net.bytebuddy.implementation.bytecode.assign.primitive.PrimitiveTypeAwareAssignerPrimitiveTest" time="0"/>
  <testcase name="testPrimitiveToPrimitiveAssignment[53]" classname="net.bytebuddy.implementation.bytecode.assign.primitive.PrimitiveTypeAwareAssignerPrimitiveTest" time="0"/>
  <testcase name="testPrimitiveToPrimitiveAssignment[54]" classname="net.bytebuddy.implementation.bytecode.assign.primitive.PrimitiveTypeAwareAssignerPrimitiveTest" time="0"/>
  <testcase name="testPrimitiveToPrimitiveAssignment[55]" classname="net.bytebuddy.implementation.bytecode.assign.primitive.PrimitiveTypeAwareAssignerPrimitiveTest" time="0"/>
  <testcase name="testPrimitiveToPrimitiveAssignment[56]" classname="net.bytebuddy.implementation.bytecode.assign.primitive.PrimitiveTypeAwareAssignerPrimitiveTest" time="0"/>
  <testcase name="testPrimitiveToPrimitiveAssignment[57]" classname="net.bytebuddy.implementation.bytecode.assign.primitive.PrimitiveTypeAwareAssignerPrimitiveTest" time="0.001"/>
  <testcase name="testPrimitiveToPrimitiveAssignment[58]" classname="net.bytebuddy.implementation.bytecode.assign.primitive.PrimitiveTypeAwareAssignerPrimitiveTest" time="0"/>
  <testcase name="testPrimitiveToPrimitiveAssignment[59]" classname="net.bytebuddy.implementation.bytecode.assign.primitive.PrimitiveTypeAwareAssignerPrimitiveTest" time="0"/>
  <testcase name="testPrimitiveToPrimitiveAssignment[60]" classname="net.bytebuddy.implementation.bytecode.assign.primitive.PrimitiveTypeAwareAssignerPrimitiveTest" time="0.001"/>
  <testcase name="testPrimitiveToPrimitiveAssignment[61]" classname="net.bytebuddy.implementation.bytecode.assign.primitive.PrimitiveTypeAwareAssignerPrimitiveTest" time="0.002"/>
  <testcase name="testPrimitiveToPrimitiveAssignment[62]" classname="net.bytebuddy.implementation.bytecode.assign.primitive.PrimitiveTypeAwareAssignerPrimitiveTest" time="0"/>
  <testcase name="testPrimitiveToPrimitiveAssignment[63]" classname="net.bytebuddy.implementation.bytecode.assign.primitive.PrimitiveTypeAwareAssignerPrimitiveTest" time="0"/>
</testsuite>