<?xml version="1.0" encoding="UTF-8"?>
<testsuite xmlns:xsi="http://www.w3.org/2001/XMLSchema-instance" xsi:schemaLocation="https://maven.apache.org/surefire/maven-surefire-plugin/xsd/surefire-test-report.xsd" name="net.bytebuddy.implementation.bind.ArgumentTypeResolverPrimitiveTest" time="0.094" tests="140" errors="0" skipped="0" failures="0">
  <properties>
    <property name="java.runtime.name" value="OpenJDK Runtime Environment"/>
    <property name="sun.boot.library.path" value="/Library/Java/JavaVirtualMachines/temurin-8.jdk/Contents/Home/jre/lib"/>
    <property name="java.vm.version" value="25.402-b06"/>
    <property name="gopherProxySet" value="false"/>
    <property name="java.vm.vendor" value="Temurin"/>
    <property name="maven.multiModuleProjectDirectory" value="/Users/shreyachaudhary/Desktop/extra/CS527-Project/Bugs/BugSwarm/extras/byte-buddy-140517155/Buggy-version"/>
    <property name="java.vendor.url" value="https://adoptium.net/"/>
    <property name="path.separator" value=":"/>
    <property name="guice.disable.misplaced.annotation.check" value="true"/>
    <property name="java.vm.name" value="OpenJDK 64-Bit Server VM"/>
    <property name="file.encoding.pkg" value="sun.io"/>
    <property name="user.country" value="US"/>
    <property name="sun.java.launcher" value="SUN_STANDARD"/>
    <property name="sun.os.patch.level" value="unknown"/>
    <property name="java.vm.specification.name" value="Java Virtual Machine Specification"/>
    <property name="user.dir" value="/Users/shreyachaudhary/Desktop/extra/CS527-Project/Bugs/BugSwarm/extras/byte-buddy-140517155/Buggy-version"/>
    <property name="java.runtime.version" value="1.8.0_402-b06"/>
    <property name="java.awt.graphicsenv" value="sun.awt.CGraphicsEnvironment"/>
    <property name="java.endorsed.dirs" value="/Library/Java/JavaVirtualMachines/temurin-8.jdk/Contents/Home/jre/lib/endorsed"/>
    <property name="os.arch" value="x86_64"/>
    <property name="java.io.tmpdir" value="/var/folders/70/9z8mmtr153x2znr25_zb57mr0000gn/T/"/>
    <property name="line.separator" value="&#10;"/>
    <property name="java.vm.specification.vendor" value="Oracle Corporation"/>
    <property name="os.name" value="Mac OS X"/>
    <property name="classworlds.conf" value="/opt/homebrew/Cellar/maven/3.9.6/libexec/bin/m2.conf"/>
    <property name="sun.jnu.encoding" value="UTF-8"/>
    <property name="java.library.path" value="/Users/shreyachaudhary/Library/Java/Extensions:/Library/Java/Extensions:/Network/Library/Java/Extensions:/System/Library/Java/Extensions:/usr/lib/java:."/>
    <property name="maven.conf" value="/opt/homebrew/Cellar/maven/3.9.6/libexec/conf"/>
    <property name="java.specification.name" value="Java Platform API Specification"/>
    <property name="java.class.version" value="52.0"/>
    <property name="sun.management.compiler" value="HotSpot 64-Bit Tiered Compilers"/>
    <property name="os.version" value="14.4.1"/>
    <property name="library.jansi.path" value="/opt/homebrew/Cellar/maven/3.9.6/libexec/lib/jansi-native"/>
    <property name="http.nonProxyHosts" value="local|*.local|169.254/16|*.169.254/16"/>
    <property name="user.home" value="/Users/shreyachaudhary"/>
    <property name="user.timezone" value="America/Chicago"/>
    <property name="java.awt.printerjob" value="sun.lwawt.macosx.CPrinterJob"/>
    <property name="java.specification.version" value="1.8"/>
    <property name="file.encoding" value="UTF-8"/>
    <property name="user.name" value="shreyachaudhary"/>
    <property name="java.class.path" value="/opt/homebrew/Cellar/maven/3.9.6/libexec/boot/plexus-classworlds-2.7.0.jar"/>
    <property name="java.vm.specification.version" value="1.8"/>
    <property name="sun.arch.data.model" value="64"/>
    <property name="java.home" value="/Library/Java/JavaVirtualMachines/temurin-8.jdk/Contents/Home/jre"/>
    <property name="sun.java.command" value="org.codehaus.plexus.classworlds.launcher.Launcher test"/>
    <property name="java.specification.vendor" value="Oracle Corporation"/>
    <property name="user.language" value="en"/>
    <property name="awt.toolkit" value="sun.lwawt.macosx.LWCToolkit"/>
    <property name="java.vm.info" value="mixed mode"/>
    <property name="java.version" value="1.8.0_402"/>
    <property name="java.ext.dirs" value="/Users/shreyachaudhary/Library/Java/Extensions:/Library/Java/JavaVirtualMachines/temurin-8.jdk/Contents/Home/jre/lib/ext:/Library/Java/Extensions:/Network/Library/Java/Extensions:/System/Library/Java/Extensions:/usr/lib/java"/>
    <property name="sun.boot.class.path" value="/Library/Java/JavaVirtualMachines/temurin-8.jdk/Contents/Home/jre/lib/resources.jar:/Library/Java/JavaVirtualMachines/temurin-8.jdk/Contents/Home/jre/lib/rt.jar:/Library/Java/JavaVirtualMachines/temurin-8.jdk/Contents/Home/jre/lib/sunrsasign.jar:/Library/Java/JavaVirtualMachines/temurin-8.jdk/Contents/Home/jre/lib/jsse.jar:/Library/Java/JavaVirtualMachines/temurin-8.jdk/Contents/Home/jre/lib/jce.jar:/Library/Java/JavaVirtualMachines/temurin-8.jdk/Contents/Home/jre/lib/charsets.jar:/Library/Java/JavaVirtualMachines/temurin-8.jdk/Contents/Home/jre/lib/jfr.jar:/Library/Java/JavaVirtualMachines/temurin-8.jdk/Contents/Home/jre/classes"/>
    <property name="java.vendor" value="Temurin"/>
    <property name="java.specification.maintenance.version" value="5"/>
    <property name="maven.home" value="/opt/homebrew/Cellar/maven/3.9.6/libexec"/>
    <property name="file.separator" value="/"/>
    <property name="java.vendor.url.bug" value="https://github.com/adoptium/adoptium-support/issues"/>
    <property name="sun.cpu.endian" value="little"/>
    <property name="sun.io.unicode.encoding" value="UnicodeBig"/>
    <property name="socksNonProxyHosts" value="local|*.local|169.254/16|*.169.254/16"/>
    <property name="ftp.nonProxyHosts" value="local|*.local|169.254/16|*.169.254/16"/>
    <property name="sun.cpu.isalist" value=""/>
  </properties>
  <testcase name="testNonDominance[0]" classname="net.bytebuddy.implementation.bind.ArgumentTypeResolverPrimitiveTest" time="0.009"/>
  <testcase name="testLeftDominance[0]" classname="net.bytebuddy.implementation.bind.ArgumentTypeResolverPrimitiveTest" time="0.002"/>
  <testcase name="testLeftNonDominance[0]" classname="net.bytebuddy.implementation.bind.ArgumentTypeResolverPrimitiveTest" time="0"/>
  <testcase name="testRightDominance[0]" classname="net.bytebuddy.implementation.bind.ArgumentTypeResolverPrimitiveTest" time="0.001"/>
  <testcase name="testRightNonDominance[0]" classname="net.bytebuddy.implementation.bind.ArgumentTypeResolverPrimitiveTest" time="0"/>
  <testcase name="testNonDominance[1]" classname="net.bytebuddy.implementation.bind.ArgumentTypeResolverPrimitiveTest" time="0.001"/>
  <testcase name="testLeftDominance[1]" classname="net.bytebuddy.implementation.bind.ArgumentTypeResolverPrimitiveTest" time="0.001"/>
  <testcase name="testLeftNonDominance[1]" classname="net.bytebuddy.implementation.bind.ArgumentTypeResolverPrimitiveTest" time="0"/>
  <testcase name="testRightDominance[1]" classname="net.bytebuddy.implementation.bind.ArgumentTypeResolverPrimitiveTest" time="0"/>
  <testcase name="testRightNonDominance[1]" classname="net.bytebuddy.implementation.bind.ArgumentTypeResolverPrimitiveTest" time="0.002"/>
  <testcase name="testNonDominance[2]" classname="net.bytebuddy.implementation.bind.ArgumentTypeResolverPrimitiveTest" time="0.001"/>
  <testcase name="testLeftDominance[2]" classname="net.bytebuddy.implementation.bind.ArgumentTypeResolverPrimitiveTest" time="0"/>
  <testcase name="testLeftNonDominance[2]" classname="net.bytebuddy.implementation.bind.ArgumentTypeResolverPrimitiveTest" time="0"/>
  <testcase name="testRightDominance[2]" classname="net.bytebuddy.implementation.bind.ArgumentTypeResolverPrimitiveTest" time="0"/>
  <testcase name="testRightNonDominance[2]" classname="net.bytebuddy.implementation.bind.ArgumentTypeResolverPrimitiveTest" time="0"/>
  <testcase name="testNonDominance[3]" classname="net.bytebuddy.implementation.bind.ArgumentTypeResolverPrimitiveTest" time="0.001"/>
  <testcase name="testLeftDominance[3]" classname="net.bytebuddy.implementation.bind.ArgumentTypeResolverPrimitiveTest" time="0.001"/>
  <testcase name="testLeftNonDominance[3]" classname="net.bytebuddy.implementation.bind.ArgumentTypeResolverPrimitiveTest" time="0"/>
  <testcase name="testRightDominance[3]" classname="net.bytebuddy.implementation.bind.ArgumentTypeResolverPrimitiveTest" time="0.001"/>
  <testcase name="testRightNonDominance[3]" classname="net.bytebuddy.implementation.bind.ArgumentTypeResolverPrimitiveTest" time="0.001"/>
  <testcase name="testNonDominance[4]" classname="net.bytebuddy.implementation.bind.ArgumentTypeResolverPrimitiveTest" time="0.001"/>
  <testcase name="testLeftDominance[4]" classname="net.bytebuddy.implementation.bind.ArgumentTypeResolverPrimitiveTest" time="0.001"/>
  <testcase name="testLeftNonDominance[4]" classname="net.bytebuddy.implementation.bind.ArgumentTypeResolverPrimitiveTest" time="0.001"/>
  <testcase name="testRightDominance[4]" classname="net.bytebuddy.implementation.bind.ArgumentTypeResolverPrimitiveTest" time="0.001"/>
  <testcase name="testRightNonDominance[4]" classname="net.bytebuddy.implementation.bind.ArgumentTypeResolverPrimitiveTest" time="0.001"/>
  <testcase name="testNonDominance[5]" classname="net.bytebuddy.implementation.bind.ArgumentTypeResolverPrimitiveTest" time="0.001"/>
  <testcase name="testLeftDominance[5]" classname="net.bytebuddy.implementation.bind.ArgumentTypeResolverPrimitiveTest" time="0.001"/>
  <testcase name="testLeftNonDominance[5]" classname="net.bytebuddy.implementation.bind.ArgumentTypeResolverPrimitiveTest" time="0.001"/>
  <testcase name="testRightDominance[5]" classname="net.bytebuddy.implementation.bind.ArgumentTypeResolverPrimitiveTest" time="0"/>
  <testcase name="testRightNonDominance[5]" classname="net.bytebuddy.implementation.bind.ArgumentTypeResolverPrimitiveTest" time="0.001"/>
  <testcase name="testNonDominance[6]" classname="net.bytebuddy.implementation.bind.ArgumentTypeResolverPrimitiveTest" time="0.001"/>
  <testcase name="testLeftDominance[6]" classname="net.bytebuddy.implementation.bind.ArgumentTypeResolverPrimitiveTest" time="0.001"/>
  <testcase name="testLeftNonDominance[6]" classname="net.bytebuddy.implementation.bind.ArgumentTypeResolverPrimitiveTest" time="0"/>
  <testcase name="testRightDominance[6]" classname="net.bytebuddy.implementation.bind.ArgumentTypeResolverPrimitiveTest" time="0.002"/>
  <testcase name="testRightNonDominance[6]" classname="net.bytebuddy.implementation.bind.ArgumentTypeResolverPrimitiveTest" time="0.003"/>
  <testcase name="testNonDominance[7]" classname="net.bytebuddy.implementation.bind.ArgumentTypeResolverPrimitiveTest" time="0.001"/>
  <testcase name="testLeftDominance[7]" classname="net.bytebuddy.implementation.bind.ArgumentTypeResolverPrimitiveTest" time="0.001"/>
  <testcase name="testLeftNonDominance[7]" classname="net.bytebuddy.implementation.bind.ArgumentTypeResolverPrimitiveTest" time="0.001"/>
  <testcase name="testRightDominance[7]" classname="net.bytebuddy.implementation.bind.ArgumentTypeResolverPrimitiveTest" time="0"/>
  <testcase name="testRightNonDominance[7]" classname="net.bytebuddy.implementation.bind.ArgumentTypeResolverPrimitiveTest" time="0.001"/>
  <testcase name="testNonDominance[8]" classname="net.bytebuddy.implementation.bind.ArgumentTypeResolverPrimitiveTest" time="0.003"/>
  <testcase name="testLeftDominance[8]" classname="net.bytebuddy.implementation.bind.ArgumentTypeResolverPrimitiveTest" time="0.001"/>
  <testcase name="testLeftNonDominance[8]" classname="net.bytebuddy.implementation.bind.ArgumentTypeResolverPrimitiveTest" time="0.001"/>
  <testcase name="testRightDominance[8]" classname="net.bytebuddy.implementation.bind.ArgumentTypeResolverPrimitiveTest" time="0.001"/>
  <testcase name="testRightNonDominance[8]" classname="net.bytebuddy.implementation.bind.ArgumentTypeResolverPrimitiveTest" time="0.001"/>
  <testcase name="testNonDominance[9]" classname="net.bytebuddy.implementation.bind.ArgumentTypeResolverPrimitiveTest" time="0"/>
  <testcase name="testLeftDominance[9]" classname="net.bytebuddy.implementation.bind.ArgumentTypeResolverPrimitiveTest" time="0.001"/>
  <testcase name="testLeftNonDominance[9]" classname="net.bytebuddy.implementation.bind.ArgumentTypeResolverPrimitiveTest" time="0.001"/>
  <testcase name="testRightDominance[9]" classname="net.bytebuddy.implementation.bind.ArgumentTypeResolverPrimitiveTest" time="0"/>
  <testcase name="testRightNonDominance[9]" classname="net.bytebuddy.implementation.bind.ArgumentTypeResolverPrimitiveTest" time="0.001"/>
  <testcase name="testNonDominance[10]" classname="net.bytebuddy.implementation.bind.ArgumentTypeResolverPrimitiveTest" time="0"/>
  <testcase name="testLeftDominance[10]" classname="net.bytebuddy.implementation.bind.ArgumentTypeResolverPrimitiveTest" time="0.001"/>
  <testcase name="testLeftNonDominance[10]" classname="net.bytebuddy.implementation.bind.ArgumentTypeResolverPrimitiveTest" time="0"/>
  <testcase name="testRightDominance[10]" classname="net.bytebuddy.implementation.bind.ArgumentTypeResolverPrimitiveTest" time="0"/>
  <testcase name="testRightNonDominance[10]" classname="net.bytebuddy.implementation.bind.ArgumentTypeResolverPrimitiveTest" time="0.001"/>
  <testcase name="testNonDominance[11]" classname="net.bytebuddy.implementation.bind.ArgumentTypeResolverPrimitiveTest" time="0"/>
  <testcase name="testLeftDominance[11]" classname="net.bytebuddy.implementation.bind.ArgumentTypeResolverPrimitiveTest" time="0"/>
  <testcase name="testLeftNonDominance[11]" classname="net.bytebuddy.implementation.bind.ArgumentTypeResolverPrimitiveTest" time="0.001"/>
  <testcase name="testRightDominance[11]" classname="net.bytebuddy.implementation.bind.ArgumentTypeResolverPrimitiveTest" time="0"/>
  <testcase name="testRightNonDominance[11]" classname="net.bytebuddy.implementation.bind.ArgumentTypeResolverPrimitiveTest" time="0.001"/>
  <testcase name="testNonDominance[12]" classname="net.bytebuddy.implementation.bind.ArgumentTypeResolverPrimitiveTest" time="0"/>
  <testcase name="testLeftDominance[12]" classname="net.bytebuddy.implementation.bind.ArgumentTypeResolverPrimitiveTest" time="0"/>
  <testcase name="testLeftNonDominance[12]" classname="net.bytebuddy.implementation.bind.ArgumentTypeResolverPrimitiveTest" time="0.001"/>
  <testcase name="testRightDominance[12]" classname="net.bytebuddy.implementation.bind.ArgumentTypeResolverPrimitiveTest" time="0.001"/>
  <testcase name="testRightNonDominance[12]" classname="net.bytebuddy.implementation.bind.ArgumentTypeResolverPrimitiveTest" time="0"/>
  <testcase name="testNonDominance[13]" classname="net.bytebuddy.implementation.bind.ArgumentTypeResolverPrimitiveTest" time="0.001"/>
  <testcase name="testLeftDominance[13]" classname="net.bytebuddy.implementation.bind.ArgumentTypeResolverPrimitiveTest" time="0.001"/>
  <testcase name="testLeftNonDominance[13]" classname="net.bytebuddy.implementation.bind.ArgumentTypeResolverPrimitiveTest" time="0"/>
  <testcase name="testRightDominance[13]" classname="net.bytebuddy.implementation.bind.ArgumentTypeResolverPrimitiveTest" time="0"/>
  <testcase name="testRightNonDominance[13]" classname="net.bytebuddy.implementation.bind.ArgumentTypeResolverPrimitiveTest" time="0.001"/>
  <testcase name="testNonDominance[14]" classname="net.bytebuddy.implementation.bind.ArgumentTypeResolverPrimitiveTest" time="0"/>
  <testcase name="testLeftDominance[14]" classname="net.bytebuddy.implementation.bind.ArgumentTypeResolverPrimitiveTest" time="0.001"/>
  <testcase name="testLeftNonDominance[14]" classname="net.bytebuddy.implementation.bind.ArgumentTypeResolverPrimitiveTest" time="0"/>
  <testcase name="testRightDominance[14]" classname="net.bytebuddy.implementation.bind.ArgumentTypeResolverPrimitiveTest" time="0"/>
  <testcase name="testRightNonDominance[14]" classname="net.bytebuddy.implementation.bind.ArgumentTypeResolverPrimitiveTest" time="0.001"/>
  <testcase name="testNonDominance[15]" classname="net.bytebuddy.implementation.bind.ArgumentTypeResolverPrimitiveTest" time="0.001"/>
  <testcase name="testLeftDominance[15]" classname="net.bytebuddy.implementation.bind.ArgumentTypeResolverPrimitiveTest" time="0.001"/>
  <testcase name="testLeftNonDominance[15]" classname="net.bytebuddy.implementation.bind.ArgumentTypeResolverPrimitiveTest" time="0"/>
  <testcase name="testRightDominance[15]" classname="net.bytebuddy.implementation.bind.ArgumentTypeResolverPrimitiveTest" time="0.001"/>
  <testcase name="testRightNonDominance[15]" classname="net.bytebuddy.implementation.bind.ArgumentTypeResolverPrimitiveTest" time="0"/>
  <testcase name="testNonDominance[16]" classname="net.bytebuddy.implementation.bind.ArgumentTypeResolverPrimitiveTest" time="0.001"/>
  <testcase name="testLeftDominance[16]" classname="net.bytebuddy.implementation.bind.ArgumentTypeResolverPrimitiveTest" time="0"/>
  <testcase name="testLeftNonDominance[16]" classname="net.bytebuddy.implementation.bind.ArgumentTypeResolverPrimitiveTest" time="0"/>
  <testcase name="testRightDominance[16]" classname="net.bytebuddy.implementation.bind.ArgumentTypeResolverPrimitiveTest" time="0.001"/>
  <testcase name="testRightNonDominance[16]" classname="net.bytebuddy.implementation.bind.ArgumentTypeResolverPrimitiveTest" time="0"/>
  <testcase name="testNonDominance[17]" classname="net.bytebuddy.implementation.bind.ArgumentTypeResolverPrimitiveTest" time="0"/>
  <testcase name="testLeftDominance[17]" classname="net.bytebuddy.implementation.bind.ArgumentTypeResolverPrimitiveTest" time="0.001"/>
  <testcase name="testLeftNonDominance[17]" classname="net.bytebuddy.implementation.bind.ArgumentTypeResolverPrimitiveTest" time="0"/>
  <testcase name="testRightDominance[17]" classname="net.bytebuddy.implementation.bind.ArgumentTypeResolverPrimitiveTest" time="0.001"/>
  <testcase name="testRightNonDominance[17]" classname="net.bytebuddy.implementation.bind.ArgumentTypeResolverPrimitiveTest" time="0"/>
  <testcase name="testNonDominance[18]" classname="net.bytebuddy.implementation.bind.ArgumentTypeResolverPrimitiveTest" time="0"/>
  <testcase name="testLeftDominance[18]" classname="net.bytebuddy.implementation.bind.ArgumentTypeResolverPrimitiveTest" time="0.001"/>
  <testcase name="testLeftNonDominance[18]" classname="net.bytebuddy.implementation.bind.ArgumentTypeResolverPrimitiveTest" time="0"/>
  <testcase name="testRightDominance[18]" classname="net.bytebuddy.implementation.bind.ArgumentTypeResolverPrimitiveTest" time="0"/>
  <testcase name="testRightNonDominance[18]" classname="net.bytebuddy.implementation.bind.ArgumentTypeResolverPrimitiveTest" time="0.001"/>
  <testcase name="testNonDominance[19]" classname="net.bytebuddy.implementation.bind.ArgumentTypeResolverPrimitiveTest" time="0"/>
  <testcase name="testLeftDominance[19]" classname="net.bytebuddy.implementation.bind.ArgumentTypeResolverPrimitiveTest" time="0"/>
  <testcase name="testLeftNonDominance[19]" classname="net.bytebuddy.implementation.bind.ArgumentTypeResolverPrimitiveTest" time="0.001"/>
  <testcase name="testRightDominance[19]" classname="net.bytebuddy.implementation.bind.ArgumentTypeResolverPrimitiveTest" time="0"/>
  <testcase name="testRightNonDominance[19]" classname="net.bytebuddy.implementation.bind.ArgumentTypeResolverPrimitiveTest" time="0.001"/>
  <testcase name="testNonDominance[20]" classname="net.bytebuddy.implementation.bind.ArgumentTypeResolverPrimitiveTest" time="0"/>
  <testcase name="testLeftDominance[20]" classname="net.bytebuddy.implementation.bind.ArgumentTypeResolverPrimitiveTest" time="0"/>
  <testcase name="testLeftNonDominance[20]" classname="net.bytebuddy.implementation.bind.ArgumentTypeResolverPrimitiveTest" time="0.001"/>
  <testcase name="testRightDominance[20]" classname="net.bytebuddy.implementation.bind.ArgumentTypeResolverPrimitiveTest" time="0"/>
  <testcase name="testRightNonDominance[20]" classname="net.bytebuddy.implementation.bind.ArgumentTypeResolverPrimitiveTest" time="0"/>
  <testcase name="testNonDominance[21]" classname="net.bytebuddy.implementation.bind.ArgumentTypeResolverPrimitiveTest" time="0.001"/>
  <testcase name="testLeftDominance[21]" classname="net.bytebuddy.implementation.bind.ArgumentTypeResolverPrimitiveTest" time="0"/>
  <testcase name="testLeftNonDominance[21]" classname="net.bytebuddy.implementation.bind.ArgumentTypeResolverPrimitiveTest" time="0.001"/>
  <testcase name="testRightDominance[21]" classname="net.bytebuddy.implementation.bind.ArgumentTypeResolverPrimitiveTest" time="0"/>
  <testcase name="testRightNonDominance[21]" classname="net.bytebuddy.implementation.bind.ArgumentTypeResolverPrimitiveTest" time="0"/>
  <testcase name="testNonDominance[22]" classname="net.bytebuddy.implementation.bind.ArgumentTypeResolverPrimitiveTest" time="0.001"/>
  <testcase name="testLeftDominance[22]" classname="net.bytebuddy.implementation.bind.ArgumentTypeResolverPrimitiveTest" time="0"/>
  <testcase name="testLeftNonDominance[22]" classname="net.bytebuddy.implementation.bind.ArgumentTypeResolverPrimitiveTest" time="0"/>
  <testcase name="testRightDominance[22]" classname="net.bytebuddy.implementation.bind.ArgumentTypeResolverPrimitiveTest" time="0.001"/>
  <testcase name="testRightNonDominance[22]" classname="net.bytebuddy.implementation.bind.ArgumentTypeResolverPrimitiveTest" time="0"/>
  <testcase name="testNonDominance[23]" classname="net.bytebuddy.implementation.bind.ArgumentTypeResolverPrimitiveTest" time="0"/>
  <testcase name="testLeftDominance[23]" classname="net.bytebuddy.implementation.bind.ArgumentTypeResolverPrimitiveTest" time="0.001"/>
  <testcase name="testLeftNonDominance[23]" classname="net.bytebuddy.implementation.bind.ArgumentTypeResolverPrimitiveTest" time="0"/>
  <testcase name="testRightDominance[23]" classname="net.bytebuddy.implementation.bind.ArgumentTypeResolverPrimitiveTest" time="0.001"/>
  <testcase name="testRightNonDominance[23]" classname="net.bytebuddy.implementation.bind.ArgumentTypeResolverPrimitiveTest" time="0"/>
  <testcase name="testNonDominance[24]" classname="net.bytebuddy.implementation.bind.ArgumentTypeResolverPrimitiveTest" time="0"/>
  <testcase name="testLeftDominance[24]" classname="net.bytebuddy.implementation.bind.ArgumentTypeResolverPrimitiveTest" time="0.001"/>
  <testcase name="testLeftNonDominance[24]" classname="net.bytebuddy.implementation.bind.ArgumentTypeResolverPrimitiveTest" time="0"/>
  <testcase name="testRightDominance[24]" classname="net.bytebuddy.implementation.bind.ArgumentTypeResolverPrimitiveTest" time="0"/>
  <testcase name="testRightNonDominance[24]" classname="net.bytebuddy.implementation.bind.ArgumentTypeResolverPrimitiveTest" time="0.001"/>
  <testcase name="testNonDominance[25]" classname="net.bytebuddy.implementation.bind.ArgumentTypeResolverPrimitiveTest" time="0"/>
  <testcase name="testLeftDominance[25]" classname="net.bytebuddy.implementation.bind.ArgumentTypeResolverPrimitiveTest" time="0.001"/>
  <testcase name="testLeftNonDominance[25]" classname="net.bytebuddy.implementation.bind.ArgumentTypeResolverPrimitiveTest" time="0"/>
  <testcase name="testRightDominance[25]" classname="net.bytebuddy.implementation.bind.ArgumentTypeResolverPrimitiveTest" time="0.001"/>
  <testcase name="testRightNonDominance[25]" classname="net.bytebuddy.implementation.bind.ArgumentTypeResolverPrimitiveTest" time="0.001"/>
  <testcase name="testNonDominance[26]" classname="net.bytebuddy.implementation.bind.ArgumentTypeResolverPrimitiveTest" time="0"/>
  <testcase name="testLeftDominance[26]" classname="net.bytebuddy.implementation.bind.ArgumentTypeResolverPrimitiveTest" time="0"/>
  <testcase name="testLeftNonDominance[26]" classname="net.bytebuddy.implementation.bind.ArgumentTypeResolverPrimitiveTest" time="0.001"/>
  <testcase name="testRightDominance[26]" classname="net.bytebuddy.implementation.bind.ArgumentTypeResolverPrimitiveTest" time="0"/>
  <testcase name="testRightNonDominance[26]" classname="net.bytebuddy.implementation.bind.ArgumentTypeResolverPrimitiveTest" time="0.001"/>
  <testcase name="testNonDominance[27]" classname="net.bytebuddy.implementation.bind.ArgumentTypeResolverPrimitiveTest" time="0"/>
  <testcase name="testLeftDominance[27]" classname="net.bytebuddy.implementation.bind.ArgumentTypeResolverPrimitiveTest" time="0"/>
  <testcase name="testLeftNonDominance[27]" classname="net.bytebuddy.implementation.bind.ArgumentTypeResolverPrimitiveTest" time="0.001"/>
  <testcase name="testRightDominance[27]" classname="net.bytebuddy.implementation.bind.ArgumentTypeResolverPrimitiveTest" time="0"/>
  <testcase name="testRightNonDominance[27]" classname="net.bytebuddy.implementation.bind.ArgumentTypeResolverPrimitiveTest" time="0"/>
</testsuite>