<?xml version="1.0" encoding="UTF-8"?>
<testsuite xmlns:xsi="http://www.w3.org/2001/XMLSchema-instance" xsi:schemaLocation="https://maven.apache.org/surefire/maven-surefire-plugin/xsd/surefire-test-report.xsd" name="net.bytebuddy.asm.AdviceTest" time="0.957" tests="128" errors="0" skipped="0" failures="0">
  <properties>
    <property name="java.runtime.name" value="OpenJDK Runtime Environment"/>
    <property name="sun.boot.library.path" value="/Library/Java/JavaVirtualMachines/temurin-8.jdk/Contents/Home/jre/lib"/>
    <property name="java.vm.version" value="25.402-b06"/>
    <property name="gopherProxySet" value="false"/>
    <property name="java.vm.vendor" value="Temurin"/>
    <property name="maven.multiModuleProjectDirectory" value="/Users/shreyachaudhary/Desktop/extra/CS527-Project/Bugs/BugSwarm/extras/byte-buddy-140517155/Buggy-version"/>
    <property name="java.vendor.url" value="https://adoptium.net/"/>
    <property name="path.separator" value=":"/>
    <property name="guice.disable.misplaced.annotation.check" value="true"/>
    <property name="java.vm.name" value="OpenJDK 64-Bit Server VM"/>
    <property name="file.encoding.pkg" value="sun.io"/>
    <property name="user.country" value="US"/>
    <property name="sun.java.launcher" value="SUN_STANDARD"/>
    <property name="sun.os.patch.level" value="unknown"/>
    <property name="java.vm.specification.name" value="Java Virtual Machine Specification"/>
    <property name="user.dir" value="/Users/shreyachaudhary/Desktop/extra/CS527-Project/Bugs/BugSwarm/extras/byte-buddy-140517155/Buggy-version"/>
    <property name="java.runtime.version" value="1.8.0_402-b06"/>
    <property name="java.awt.graphicsenv" value="sun.awt.CGraphicsEnvironment"/>
    <property name="java.endorsed.dirs" value="/Library/Java/JavaVirtualMachines/temurin-8.jdk/Contents/Home/jre/lib/endorsed"/>
    <property name="os.arch" value="x86_64"/>
    <property name="java.io.tmpdir" value="/var/folders/70/9z8mmtr153x2znr25_zb57mr0000gn/T/"/>
    <property name="line.separator" value="&#10;"/>
    <property name="java.vm.specification.vendor" value="Oracle Corporation"/>
    <property name="os.name" value="Mac OS X"/>
    <property name="classworlds.conf" value="/opt/homebrew/Cellar/maven/3.9.6/libexec/bin/m2.conf"/>
    <property name="sun.jnu.encoding" value="UTF-8"/>
    <property name="java.library.path" value="/Users/shreyachaudhary/Library/Java/Extensions:/Library/Java/Extensions:/Network/Library/Java/Extensions:/System/Library/Java/Extensions:/usr/lib/java:."/>
    <property name="maven.conf" value="/opt/homebrew/Cellar/maven/3.9.6/libexec/conf"/>
    <property name="java.specification.name" value="Java Platform API Specification"/>
    <property name="java.class.version" value="52.0"/>
    <property name="sun.management.compiler" value="HotSpot 64-Bit Tiered Compilers"/>
    <property name="os.version" value="14.4.1"/>
    <property name="library.jansi.path" value="/opt/homebrew/Cellar/maven/3.9.6/libexec/lib/jansi-native"/>
    <property name="http.nonProxyHosts" value="local|*.local|169.254/16|*.169.254/16"/>
    <property name="user.home" value="/Users/shreyachaudhary"/>
    <property name="user.timezone" value="America/Chicago"/>
    <property name="java.awt.printerjob" value="sun.lwawt.macosx.CPrinterJob"/>
    <property name="java.specification.version" value="1.8"/>
    <property name="file.encoding" value="UTF-8"/>
    <property name="user.name" value="shreyachaudhary"/>
    <property name="java.class.path" value="/opt/homebrew/Cellar/maven/3.9.6/libexec/boot/plexus-classworlds-2.7.0.jar"/>
    <property name="java.vm.specification.version" value="1.8"/>
    <property name="sun.arch.data.model" value="64"/>
    <property name="java.home" value="/Library/Java/JavaVirtualMachines/temurin-8.jdk/Contents/Home/jre"/>
    <property name="sun.java.command" value="org.codehaus.plexus.classworlds.launcher.Launcher test"/>
    <property name="java.specification.vendor" value="Oracle Corporation"/>
    <property name="user.language" value="en"/>
    <property name="awt.toolkit" value="sun.lwawt.macosx.LWCToolkit"/>
    <property name="java.vm.info" value="mixed mode"/>
    <property name="java.version" value="1.8.0_402"/>
    <property name="java.ext.dirs" value="/Users/shreyachaudhary/Library/Java/Extensions:/Library/Java/JavaVirtualMachines/temurin-8.jdk/Contents/Home/jre/lib/ext:/Library/Java/Extensions:/Network/Library/Java/Extensions:/System/Library/Java/Extensions:/usr/lib/java"/>
    <property name="sun.boot.class.path" value="/Library/Java/JavaVirtualMachines/temurin-8.jdk/Contents/Home/jre/lib/resources.jar:/Library/Java/JavaVirtualMachines/temurin-8.jdk/Contents/Home/jre/lib/rt.jar:/Library/Java/JavaVirtualMachines/temurin-8.jdk/Contents/Home/jre/lib/sunrsasign.jar:/Library/Java/JavaVirtualMachines/temurin-8.jdk/Contents/Home/jre/lib/jsse.jar:/Library/Java/JavaVirtualMachines/temurin-8.jdk/Contents/Home/jre/lib/jce.jar:/Library/Java/JavaVirtualMachines/temurin-8.jdk/Contents/Home/jre/lib/charsets.jar:/Library/Java/JavaVirtualMachines/temurin-8.jdk/Contents/Home/jre/lib/jfr.jar:/Library/Java/JavaVirtualMachines/temurin-8.jdk/Contents/Home/jre/classes"/>
    <property name="java.vendor" value="Temurin"/>
    <property name="java.specification.maintenance.version" value="5"/>
    <property name="maven.home" value="/opt/homebrew/Cellar/maven/3.9.6/libexec"/>
    <property name="file.separator" value="/"/>
    <property name="java.vendor.url.bug" value="https://github.com/adoptium/adoptium-support/issues"/>
    <property name="sun.cpu.endian" value="little"/>
    <property name="sun.io.unicode.encoding" value="UnicodeBig"/>
    <property name="socksNonProxyHosts" value="local|*.local|169.254/16|*.169.254/16"/>
    <property name="ftp.nonProxyHosts" value="local|*.local|169.254/16|*.169.254/16"/>
    <property name="sun.cpu.isalist" value=""/>
  </properties>
  <testcase name="testIOExceptionOnRead" classname="net.bytebuddy.asm.AdviceTest" time="0.047"/>
  <testcase name="testAdviceNativeMethodIsSkipped" classname="net.bytebuddy.asm.AdviceTest" time="0.015"/>
  <testcase name="testNonResolvedAdvice" classname="net.bytebuddy.asm.AdviceTest" time="0.001"/>
  <testcase name="testAdviceWithoutAnnotations" classname="net.bytebuddy.asm.AdviceTest" time="0.001"/>
  <testcase name="testAdviceNotSkipExceptionImplicitNested" classname="net.bytebuddy.asm.AdviceTest" time="0.21"/>
  <testcase name="testOriginAdvice" classname="net.bytebuddy.asm.AdviceTest" time="0.038"/>
  <testcase name="testThisValueSubstitution" classname="net.bytebuddy.asm.AdviceTest" time="0.007"/>
  <testcase name="testAdviceWithNonAssignableParameter" classname="net.bytebuddy.asm.AdviceTest" time="0.004"/>
  <testcase name="testOriginCustomAdvice" classname="net.bytebuddy.asm.AdviceTest" time="0.015"/>
  <testcase name="testFrameAdviceSimpleShiftExpanded" classname="net.bytebuddy.asm.AdviceTest" time="0.009"/>
  <testcase name="testTrivialAdvice" classname="net.bytebuddy.asm.AdviceTest" time="0.004"/>
  <testcase name="testTrivialAdviceNested" classname="net.bytebuddy.asm.AdviceTest" time="0.005"/>
  <testcase name="testAdviceThisReferenceNonExistent" classname="net.bytebuddy.asm.AdviceTest" time="0.002"/>
  <testcase name="testVariableMappingInstrumentedLarger" classname="net.bytebuddy.asm.AdviceTest" time="0.006"/>
  <testcase name="testUserSerializableTypeValue" classname="net.bytebuddy.asm.AdviceTest" time="0.041"/>
  <testcase name="testAdviceWithExceptionCatchOnConstructor" classname="net.bytebuddy.asm.AdviceTest" time="0.01"/>
  <testcase name="testTrivialAdviceWithSuppression" classname="net.bytebuddy.asm.AdviceTest" time="0.009"/>
  <testcase name="testAdviceWithFieldOnConstructor" classname="net.bytebuddy.asm.AdviceTest" time="0.005"/>
  <testcase name="testInlineAdviceCannotWriteField" classname="net.bytebuddy.asm.AdviceTest" time="0.002"/>
  <testcase name="testInlineAdviceCannotWriteThrow" classname="net.bytebuddy.asm.AdviceTest" time="0.001"/>
  <testcase name="testTrivialAdviceNestedWithSuppression" classname="net.bytebuddy.asm.AdviceTest" time="0.003"/>
  <testcase name="testAdviceWithOptionalThisReferenceOptional" classname="net.bytebuddy.asm.AdviceTest" time="0.002"/>
  <testcase name="testAdviceOnConstructorWithSuppressionNotLegal" classname="net.bytebuddy.asm.AdviceTest" time="0.002"/>
  <testcase name="testAdviceNotSkipExceptionImplicit" classname="net.bytebuddy.asm.AdviceTest" time="0.003"/>
  <testcase name="testAdviceWithExceptionHandlerNested" classname="net.bytebuddy.asm.AdviceTest" time="0.004"/>
  <testcase name="testInlineAdviceCannotWriteParameter" classname="net.bytebuddy.asm.AdviceTest" time="0"/>
  <testcase name="testParameterValueSubstitution" classname="net.bytebuddy.asm.AdviceTest" time="0.003"/>
  <testcase name="testAdviceWithNonAssignableEnterValue" classname="net.bytebuddy.asm.AdviceTest" time="0.001"/>
  <testcase name="testIllegalUserValue" classname="net.bytebuddy.asm.AdviceTest" time="0.006"/>
  <testcase name="testTrivialAdviceWithHandler" classname="net.bytebuddy.asm.AdviceTest" time="0.002"/>
  <testcase name="testTrivialAdviceWithHandlerAndSuppression" classname="net.bytebuddy.asm.AdviceTest" time="0.002"/>
  <testcase name="testAdviceSkipExceptionDoesNotSkipNonException" classname="net.bytebuddy.asm.AdviceTest" time="0.003"/>
  <testcase name="testEmptyAdviceExitAndSuppression" classname="net.bytebuddy.asm.AdviceTest" time="0.004"/>
  <testcase name="testAdviceOnConstructorExitAdviceWithSuppression" classname="net.bytebuddy.asm.AdviceTest" time="0.003"/>
  <testcase name="testFieldNonExistent" classname="net.bytebuddy.asm.AdviceTest" time="0.002"/>
  <testcase name="testEmptyAdviceExitWithExceptionHandlingAndSuppression" classname="net.bytebuddy.asm.AdviceTest" time="0.001"/>
  <testcase name="testAmbiguousAdviceDelegation" classname="net.bytebuddy.asm.AdviceTest" time="0"/>
  <testcase name="testNotAnnotationType" classname="net.bytebuddy.asm.AdviceTest" time="0"/>
  <testcase name="testIllegalPrimitiveNullUserValue" classname="net.bytebuddy.asm.AdviceTest" time="0.002"/>
  <testcase name="testIllegalOriginPatternEnd" classname="net.bytebuddy.asm.AdviceTest" time="0"/>
  <testcase name="testAdviceWithNonAssignableReturnValue" classname="net.bytebuddy.asm.AdviceTest" time="0.002"/>
  <testcase name="testReturnValueSubstitution" classname="net.bytebuddy.asm.AdviceTest" time="0.005"/>
  <testcase name="testAdviceWithEntranceValue" classname="net.bytebuddy.asm.AdviceTest" time="0.005"/>
  <testcase name="testTrivialDelegation" classname="net.bytebuddy.asm.AdviceTest" time="0.005"/>
  <testcase name="testAdviceThrowOnExit" classname="net.bytebuddy.asm.AdviceTest" time="0.002"/>
  <testcase name="testAdviceSkipExceptionImplicit" classname="net.bytebuddy.asm.AdviceTest" time="0.002"/>
  <testcase name="testAdviceOnConstructor" classname="net.bytebuddy.asm.AdviceTest" time="0.003"/>
  <testcase name="testInvisibleDelegationAdvice" classname="net.bytebuddy.asm.AdviceTest" time="0.002"/>
  <testcase name="testFieldNonAssignable" classname="net.bytebuddy.asm.AdviceTest" time="0.002"/>
  <testcase name="testEmptyAdviceEntry" classname="net.bytebuddy.asm.AdviceTest" time="0.001"/>
  <testcase name="testExceptionTypeAdvice" classname="net.bytebuddy.asm.AdviceTest" time="0.004"/>
  <testcase name="testNonAssignableCasting" classname="net.bytebuddy.asm.AdviceTest" time="0.006"/>
  <testcase name="testAdviceWithNonEqualThisReference" classname="net.bytebuddy.asm.AdviceTest" time="0.004"/>
  <testcase name="testFieldAdviceExplicit" classname="net.bytebuddy.asm.AdviceTest" time="0.004"/>
  <testcase name="testUnusedReturnValue" classname="net.bytebuddy.asm.AdviceTest" time="0.003"/>
  <testcase name="testAdviceWithThisReferenceOnConstructor" classname="net.bytebuddy.asm.AdviceTest" time="0"/>
  <testcase name="testIllegalThisValueSubstitution" classname="net.bytebuddy.asm.AdviceTest" time="0.001"/>
  <testcase name="testAdviceWithIncrement" classname="net.bytebuddy.asm.AdviceTest" time="0.006"/>
  <testcase name="testEmptyAdviceEntryAndExitWithExceptionHandlingAndExitSuppression" classname="net.bytebuddy.asm.AdviceTest" time="0.001"/>
  <testcase name="testFieldWrite" classname="net.bytebuddy.asm.AdviceTest" time="0.002"/>
  <testcase name="testEmptyAdviceEntryAndExit" classname="net.bytebuddy.asm.AdviceTest" time="0.001"/>
  <testcase name="testEmptyAdviceExit" classname="net.bytebuddy.asm.AdviceTest" time="0.001"/>
  <testcase name="testPrimitiveNonAssignableCasting" classname="net.bytebuddy.asm.AdviceTest" time="0.003"/>
  <testcase name="testDuplicateAdvice" classname="net.bytebuddy.asm.AdviceTest" time="0.001"/>
  <testcase name="testThisValueSubstitutionOptional" classname="net.bytebuddy.asm.AdviceTest" time="0.003"/>
  <testcase name="testInlineAdviceCannotWriteReturn" classname="net.bytebuddy.asm.AdviceTest" time="0.001"/>
  <testcase name="testUserTypeValue" classname="net.bytebuddy.asm.AdviceTest" time="0.005"/>
  <testcase name="testIllegalEnterValueSubstitution" classname="net.bytebuddy.asm.AdviceTest" time="0.004"/>
  <testcase name="testIllegalParameterValueSubstitution" classname="net.bytebuddy.asm.AdviceTest" time="0.001"/>
  <testcase name="testCannotBindEnterToReturn" classname="net.bytebuddy.asm.AdviceTest" time="0.001"/>
  <testcase name="testAdviceWithNonAssignableThisReference" classname="net.bytebuddy.asm.AdviceTest" time="0.044"/>
  <testcase name="testFrameAdviceSimpleShift" classname="net.bytebuddy.asm.AdviceTest" time="0.031"/>
  <testcase name="testAdviceThrowNotSuppressedOnExit" classname="net.bytebuddy.asm.AdviceTest" time="0.008"/>
  <testcase name="testAdviceWithOptionalThisReferenceNonOptional" classname="net.bytebuddy.asm.AdviceTest" time="0.006"/>
  <testcase name="testTrivialAssignableCasting" classname="net.bytebuddy.asm.AdviceTest" time="0.002"/>
  <testcase name="testEmptyAdviceEntryWithSuppression" classname="net.bytebuddy.asm.AdviceTest" time="0.004"/>
  <testcase name="testAdviceWithImplicitArgument" classname="net.bytebuddy.asm.AdviceTest" time="0.004"/>
  <testcase name="testFieldIllegalExplicit" classname="net.bytebuddy.asm.AdviceTest" time="0.006"/>
  <testcase name="testIllegalThrowableType" classname="net.bytebuddy.asm.AdviceTest" time="0.001"/>
  <testcase name="testAdviceWithNonEqualParameter" classname="net.bytebuddy.asm.AdviceTest" time="0.003"/>
  <testcase name="testEnterValueSubstitution" classname="net.bytebuddy.asm.AdviceTest" time="0.004"/>
  <testcase name="testEmptyAdviceEntryAndExitWithExceptionHandlingAndSuppression" classname="net.bytebuddy.asm.AdviceTest" time="0.002"/>
  <testcase name="testAmbiguousAdvice" classname="net.bytebuddy.asm.AdviceTest" time="0"/>
  <testcase name="testTrivialAdviceMultipleMethods" classname="net.bytebuddy.asm.AdviceTest" time="0.006"/>
  <testcase name="testExceptionCatchedWithExchangeAdvice" classname="net.bytebuddy.asm.AdviceTest" time="0.01"/>
  <testcase name="testEmptyAdviceEntryAndExitWithExceptionHandlingAndEntrySuppression" classname="net.bytebuddy.asm.AdviceTest" time="0.003"/>
  <testcase name="testVariableMappingAdviceLarger" classname="net.bytebuddy.asm.AdviceTest" time="0.001"/>
  <testcase name="testExceptionNotCatchedAdvice" classname="net.bytebuddy.asm.AdviceTest" time="0.012"/>
  <testcase name="testUserUnloadedTypeValue" classname="net.bytebuddy.asm.AdviceTest" time="0.005"/>
  <testcase name="testInlineAdviceCannotWriteThis" classname="net.bytebuddy.asm.AdviceTest" time="0"/>
  <testcase name="testAdviceWithNonExistentArgument" classname="net.bytebuddy.asm.AdviceTest" time="0.006"/>
  <testcase name="testNonStaticAdvice" classname="net.bytebuddy.asm.AdviceTest" time="0.001"/>
  <testcase name="testAdviceWithExceptionHandler" classname="net.bytebuddy.asm.AdviceTest" time="0.01"/>
  <testcase name="testObsoleteReturnValue" classname="net.bytebuddy.asm.AdviceTest" time="0.007"/>
  <testcase name="testAdviceThrowSuppressed" classname="net.bytebuddy.asm.AdviceTest" time="0.006"/>
  <testcase name="testAdviceNotSkipExceptionExplicitNested" classname="net.bytebuddy.asm.AdviceTest" time="0.006"/>
  <testcase name="testDuplicateRegistration" classname="net.bytebuddy.asm.AdviceTest" time="0.001"/>
  <testcase name="testTrivialAdviceMultipleMethodsWithSuppression" classname="net.bytebuddy.asm.AdviceTest" time="0.001"/>
  <testcase name="testCannotInstantiateSuppressionMarker" classname="net.bytebuddy.asm.AdviceTest" time="0.001"/>
  <testcase name="testEmptyAdviceEntryAndExitWithSuppression" classname="net.bytebuddy.asm.AdviceTest" time="0.002"/>
  <testcase name="testFieldAdviceImplicit" classname="net.bytebuddy.asm.AdviceTest" time="0.003"/>
  <testcase name="testObjectProperties" classname="net.bytebuddy.asm.AdviceTest" time="0.106"/>
  <testcase name="testAdviceNotSkipExceptionExplicit" classname="net.bytebuddy.asm.AdviceTest" time="0.007"/>
  <testcase name="testAdviceWithNonAssignableParameterImplicit" classname="net.bytebuddy.asm.AdviceTest" time="0.002"/>
  <testcase name="testEmptyAdviceEntryAndExitWithExitSuppression" classname="net.bytebuddy.asm.AdviceTest" time="0.002"/>
  <testcase name="testIllegalOriginPattern" classname="net.bytebuddy.asm.AdviceTest" time="0.001"/>
  <testcase name="testEmptyAdviceExitWithExceptionHandling" classname="net.bytebuddy.asm.AdviceTest" time="0"/>
  <testcase name="testAdviceAbstractMethodIsSkipped" classname="net.bytebuddy.asm.AdviceTest" time="0.001"/>
  <testcase name="testAdviceThrowOnEnter" classname="net.bytebuddy.asm.AdviceTest" time="0.001"/>
  <testcase name="testAdviceWithReturnValue" classname="net.bytebuddy.asm.AdviceTest" time="0.002"/>
  <testcase name="testCannotBindEnterToEnter" classname="net.bytebuddy.asm.AdviceTest" time="0"/>
  <testcase name="testAdviceWithNonAssignableReturnValueWritable" classname="net.bytebuddy.asm.AdviceTest" time="0.002"/>
  <testcase name="testIllegalThrowableRequest" classname="net.bytebuddy.asm.AdviceTest" time="0.001"/>
  <testcase name="testEmptyAdviceEntryAndExitWithEntrySuppression" classname="net.bytebuddy.asm.AdviceTest" time="0.002"/>
  <testcase name="testCannotWriteOrigin" classname="net.bytebuddy.asm.AdviceTest" time="0.002"/>
  <testcase name="testExceptionCatchedAdvice" classname="net.bytebuddy.asm.AdviceTest" time="0.002"/>
  <testcase name="testUserSerializableTypeValueNonAssignable" classname="net.bytebuddy.asm.AdviceTest" time="0.006"/>
  <testcase name="testAdviceWithThisReference" classname="net.bytebuddy.asm.AdviceTest" time="0.003"/>
  <testcase name="testExceptionWhenThrown" classname="net.bytebuddy.asm.AdviceTest" time="0.006"/>
  <testcase name="testAdviceThrowNotSuppressedOnEnter" classname="net.bytebuddy.asm.AdviceTest" time="0.002"/>
  <testcase name="testExceptionSuppressionAdvice" classname="net.bytebuddy.asm.AdviceTest" time="0.003"/>
  <testcase name="testExceptionWhenNotThrown" classname="net.bytebuddy.asm.AdviceTest" time="0.002"/>
  <testcase name="testAdviceSkipExceptionExplicit" classname="net.bytebuddy.asm.AdviceTest" time="0.004"/>
  <testcase name="testIllegalOriginType" classname="net.bytebuddy.asm.AdviceTest" time="0.001"/>
  <testcase name="testIllegalReturnValueSubstitution" classname="net.bytebuddy.asm.AdviceTest" time="0.003"/>
  <testcase name="testAdviceWithImplicitArgumentDelegation" classname="net.bytebuddy.asm.AdviceTest" time="0.019"/>
  <testcase name="testAdviceWithExplicitArgument" classname="net.bytebuddy.asm.AdviceTest" time="0.007"/>
  <testcase name="testEmptyAdviceEntryAndExitWithExceptionHandling" classname="net.bytebuddy.asm.AdviceTest" time="0.003"/>
</testsuite>