<?xml version="1.0" encoding="UTF-8"?>
<testsuite xmlns:xsi="http://www.w3.org/2001/XMLSchema-instance" xsi:schemaLocation="https://maven.apache.org/surefire/maven-surefire-plugin/xsd/surefire-test-report.xsd" name="net.bytebuddy.dynamic.scaffold.inline.RebaseDynamicTypeBuilderTest" time="0.256" tests="70" errors="0" skipped="1" failures="0">
  <properties>
    <property name="java.runtime.name" value="OpenJDK Runtime Environment"/>
    <property name="sun.boot.library.path" value="/Library/Java/JavaVirtualMachines/temurin-8.jdk/Contents/Home/jre/lib"/>
    <property name="java.vm.version" value="25.402-b06"/>
    <property name="gopherProxySet" value="false"/>
    <property name="java.vm.vendor" value="Temurin"/>
    <property name="maven.multiModuleProjectDirectory" value="/Users/shreyachaudhary/Desktop/extra/CS527-Project/Bugs/BugSwarm/extras/byte-buddy-140517155/Buggy-version"/>
    <property name="java.vendor.url" value="https://adoptium.net/"/>
    <property name="path.separator" value=":"/>
    <property name="guice.disable.misplaced.annotation.check" value="true"/>
    <property name="java.vm.name" value="OpenJDK 64-Bit Server VM"/>
    <property name="file.encoding.pkg" value="sun.io"/>
    <property name="user.country" value="US"/>
    <property name="sun.java.launcher" value="SUN_STANDARD"/>
    <property name="sun.os.patch.level" value="unknown"/>
    <property name="java.vm.specification.name" value="Java Virtual Machine Specification"/>
    <property name="user.dir" value="/Users/shreyachaudhary/Desktop/extra/CS527-Project/Bugs/BugSwarm/extras/byte-buddy-140517155/Buggy-version"/>
    <property name="java.runtime.version" value="1.8.0_402-b06"/>
    <property name="java.awt.graphicsenv" value="sun.awt.CGraphicsEnvironment"/>
    <property name="java.endorsed.dirs" value="/Library/Java/JavaVirtualMachines/temurin-8.jdk/Contents/Home/jre/lib/endorsed"/>
    <property name="os.arch" value="x86_64"/>
    <property name="java.io.tmpdir" value="/var/folders/70/9z8mmtr153x2znr25_zb57mr0000gn/T/"/>
    <property name="line.separator" value="&#10;"/>
    <property name="java.vm.specification.vendor" value="Oracle Corporation"/>
    <property name="os.name" value="Mac OS X"/>
    <property name="classworlds.conf" value="/opt/homebrew/Cellar/maven/3.9.6/libexec/bin/m2.conf"/>
    <property name="sun.jnu.encoding" value="UTF-8"/>
    <property name="java.library.path" value="/Users/shreyachaudhary/Library/Java/Extensions:/Library/Java/Extensions:/Network/Library/Java/Extensions:/System/Library/Java/Extensions:/usr/lib/java:."/>
    <property name="maven.conf" value="/opt/homebrew/Cellar/maven/3.9.6/libexec/conf"/>
    <property name="java.specification.name" value="Java Platform API Specification"/>
    <property name="java.class.version" value="52.0"/>
    <property name="sun.management.compiler" value="HotSpot 64-Bit Tiered Compilers"/>
    <property name="os.version" value="14.4.1"/>
    <property name="library.jansi.path" value="/opt/homebrew/Cellar/maven/3.9.6/libexec/lib/jansi-native"/>
    <property name="http.nonProxyHosts" value="local|*.local|169.254/16|*.169.254/16"/>
    <property name="user.home" value="/Users/shreyachaudhary"/>
    <property name="user.timezone" value="America/Chicago"/>
    <property name="java.awt.printerjob" value="sun.lwawt.macosx.CPrinterJob"/>
    <property name="java.specification.version" value="1.8"/>
    <property name="file.encoding" value="UTF-8"/>
    <property name="user.name" value="shreyachaudhary"/>
    <property name="java.class.path" value="/opt/homebrew/Cellar/maven/3.9.6/libexec/boot/plexus-classworlds-2.7.0.jar"/>
    <property name="java.vm.specification.version" value="1.8"/>
    <property name="sun.arch.data.model" value="64"/>
    <property name="java.home" value="/Library/Java/JavaVirtualMachines/temurin-8.jdk/Contents/Home/jre"/>
    <property name="sun.java.command" value="org.codehaus.plexus.classworlds.launcher.Launcher test"/>
    <property name="java.specification.vendor" value="Oracle Corporation"/>
    <property name="user.language" value="en"/>
    <property name="awt.toolkit" value="sun.lwawt.macosx.LWCToolkit"/>
    <property name="java.vm.info" value="mixed mode"/>
    <property name="java.version" value="1.8.0_402"/>
    <property name="java.ext.dirs" value="/Users/shreyachaudhary/Library/Java/Extensions:/Library/Java/JavaVirtualMachines/temurin-8.jdk/Contents/Home/jre/lib/ext:/Library/Java/Extensions:/Network/Library/Java/Extensions:/System/Library/Java/Extensions:/usr/lib/java"/>
    <property name="sun.boot.class.path" value="/Library/Java/JavaVirtualMachines/temurin-8.jdk/Contents/Home/jre/lib/resources.jar:/Library/Java/JavaVirtualMachines/temurin-8.jdk/Contents/Home/jre/lib/rt.jar:/Library/Java/JavaVirtualMachines/temurin-8.jdk/Contents/Home/jre/lib/sunrsasign.jar:/Library/Java/JavaVirtualMachines/temurin-8.jdk/Contents/Home/jre/lib/jsse.jar:/Library/Java/JavaVirtualMachines/temurin-8.jdk/Contents/Home/jre/lib/jce.jar:/Library/Java/JavaVirtualMachines/temurin-8.jdk/Contents/Home/jre/lib/charsets.jar:/Library/Java/JavaVirtualMachines/temurin-8.jdk/Contents/Home/jre/lib/jfr.jar:/Library/Java/JavaVirtualMachines/temurin-8.jdk/Contents/Home/jre/classes"/>
    <property name="java.vendor" value="Temurin"/>
    <property name="java.specification.maintenance.version" value="5"/>
    <property name="maven.home" value="/opt/homebrew/Cellar/maven/3.9.6/libexec"/>
    <property name="file.separator" value="/"/>
    <property name="java.vendor.url.bug" value="https://github.com/adoptium/adoptium-support/issues"/>
    <property name="sun.cpu.endian" value="little"/>
    <property name="sun.io.unicode.encoding" value="UnicodeBig"/>
    <property name="socksNonProxyHosts" value="local|*.local|169.254/16|*.169.254/16"/>
    <property name="ftp.nonProxyHosts" value="local|*.local|169.254/16|*.169.254/16"/>
    <property name="sun.cpu.isalist" value=""/>
  </properties>
  <testcase name="testCannotRebaseDefinedMethod" classname="net.bytebuddy.dynamic.scaffold.inline.RebaseDynamicTypeBuilderTest" time="0.002"/>
  <testcase name="testConstructorRetentionNoAuxiliaryType" classname="net.bytebuddy.dynamic.scaffold.inline.RebaseDynamicTypeBuilderTest" time="0.001"/>
  <testcase name="testDefaultInterfaceSubInterface" classname="net.bytebuddy.dynamic.scaffold.inline.RebaseDynamicTypeBuilderTest" time="0.008"/>
  <testcase name="testPackageRebasement" classname="net.bytebuddy.dynamic.scaffold.inline.RebaseDynamicTypeBuilderTest" time="0.004"/>
  <testcase name="testObjectProperties" classname="net.bytebuddy.dynamic.scaffold.inline.RebaseDynamicTypeBuilderTest" time="0.005"/>
  <testcase name="testConstructorRebaseSingleAuxiliaryType" classname="net.bytebuddy.dynamic.scaffold.inline.RebaseDynamicTypeBuilderTest" time="0.005"/>
  <testcase name="testMethodRebase" classname="net.bytebuddy.dynamic.scaffold.inline.RebaseDynamicTypeBuilderTest" time="0.001"/>
  <testcase name="testBridgeMethodCreation" classname="net.bytebuddy.dynamic.scaffold.inline.RebaseDynamicTypeBuilderTest" time="0.002"/>
  <testcase name="testParameterMetaDataRetention" classname="net.bytebuddy.dynamic.scaffold.inline.RebaseDynamicTypeBuilderTest" time="0.024"/>
  <testcase name="testNoVisibilityBridgeForInheritedType" classname="net.bytebuddy.dynamic.scaffold.inline.RebaseDynamicTypeBuilderTest" time="0.004"/>
  <testcase name="testTypeInitializerRetention" classname="net.bytebuddy.dynamic.scaffold.inline.RebaseDynamicTypeBuilderTest" time="0.01"/>
  <testcase name="testAnnotationTypeOnInterfaceType" classname="net.bytebuddy.dynamic.scaffold.inline.RebaseDynamicTypeBuilderTest" time="0.008"/>
  <testcase name="testAnnotationTypeOnTypeVariableType" classname="net.bytebuddy.dynamic.scaffold.inline.RebaseDynamicTypeBuilderTest" time="0.005"/>
  <testcase name="testBridgeMethodCreationForExistingBridgeMethod" classname="net.bytebuddy.dynamic.scaffold.inline.RebaseDynamicTypeBuilderTest" time="0.003"/>
  <testcase name="testReaderHint" classname="net.bytebuddy.dynamic.scaffold.inline.RebaseDynamicTypeBuilderTest" time="0.003"/>
  <testcase name="testMethodTransformationExistingMethod" classname="net.bytebuddy.dynamic.scaffold.inline.RebaseDynamicTypeBuilderTest" time="0.001"/>
  <testcase name="testFieldTransformationExistingField" classname="net.bytebuddy.dynamic.scaffold.inline.RebaseDynamicTypeBuilderTest" time="0.001"/>
  <testcase name="testForbidTypeInitilizerInterception" classname="net.bytebuddy.dynamic.scaffold.inline.RebaseDynamicTypeBuilderTest" time="0.001"/>
  <testcase name="testNoVisibilityBridgeForNonPublicType" classname="net.bytebuddy.dynamic.scaffold.inline.RebaseDynamicTypeBuilderTest" time="0.001"/>
  <testcase name="testDefaultValue" classname="net.bytebuddy.dynamic.scaffold.inline.RebaseDynamicTypeBuilderTest" time="0.002"/>
  <testcase name="testGenericType" classname="net.bytebuddy.dynamic.scaffold.inline.RebaseDynamicTypeBuilderTest" time="0.025"/>
  <testcase name="testDisabledAnnotationRetention" classname="net.bytebuddy.dynamic.scaffold.inline.RebaseDynamicTypeBuilderTest" time="0.016"/>
  <testcase name="testNoVisibilityBridgeForAbstractMethod" classname="net.bytebuddy.dynamic.scaffold.inline.RebaseDynamicTypeBuilderTest" time="0.002"/>
  <testcase name="testVisibilityBridge" classname="net.bytebuddy.dynamic.scaffold.inline.RebaseDynamicTypeBuilderTest" time="0.009"/>
  <testcase name="testBridgeMethodForAbstractMethod" classname="net.bytebuddy.dynamic.scaffold.inline.RebaseDynamicTypeBuilderTest" time="0.005"/>
  <testcase name="testEnabledAnnotationRetention" classname="net.bytebuddy.dynamic.scaffold.inline.RebaseDynamicTypeBuilderTest" time="0.005"/>
  <testcase name="testExplicitTypeInitializer" classname="net.bytebuddy.dynamic.scaffold.inline.RebaseDynamicTypeBuilderTest" time="0.001"/>
  <testcase name="testMethodTransformation" classname="net.bytebuddy.dynamic.scaffold.inline.RebaseDynamicTypeBuilderTest" time="0.003"/>
  <testcase name="testAnnotationTypeOnWildcardWithoutBound" classname="net.bytebuddy.dynamic.scaffold.inline.RebaseDynamicTypeBuilderTest" time="0.004"/>
  <testcase name="testGenericFieldDefinition" classname="net.bytebuddy.dynamic.scaffold.inline.RebaseDynamicTypeBuilderTest" time="0.001"/>
  <testcase name="testTypeVariableOnTypeAnnotationTypeVariableBound" classname="net.bytebuddy.dynamic.scaffold.inline.RebaseDynamicTypeBuilderTest" time="0.002"/>
  <testcase name="testUnvalidated" classname="net.bytebuddy.dynamic.scaffold.inline.RebaseDynamicTypeBuilderTest" time="0.001"/>
  <testcase name="testAnnotationTypeOnWildcardLowerBoundBound" classname="net.bytebuddy.dynamic.scaffold.inline.RebaseDynamicTypeBuilderTest" time="0.001"/>
  <testcase name="testFieldTransformation" classname="net.bytebuddy.dynamic.scaffold.inline.RebaseDynamicTypeBuilderTest" time="0.002"/>
  <testcase name="testAnnotationTypeOnNonGenericComponentType" classname="net.bytebuddy.dynamic.scaffold.inline.RebaseDynamicTypeBuilderTest" time="0.003"/>
  <testcase name="testAnnotationTypeOnMethodParameterType" classname="net.bytebuddy.dynamic.scaffold.inline.RebaseDynamicTypeBuilderTest" time="0.004"/>
  <testcase name="testPreparedMethod" classname="net.bytebuddy.dynamic.scaffold.inline.RebaseDynamicTypeBuilderTest" time="0.003"/>
  <testcase name="testWriterHint" classname="net.bytebuddy.dynamic.scaffold.inline.RebaseDynamicTypeBuilderTest" time="0.002"/>
  <testcase name="testAnnotationTypeOnParameterizedType" classname="net.bytebuddy.dynamic.scaffold.inline.RebaseDynamicTypeBuilderTest" time="0.001"/>
  <testcase name="testApplicationOrder" classname="net.bytebuddy.dynamic.scaffold.inline.RebaseDynamicTypeBuilderTest" time="0.001"/>
  <testcase name="testTypeVariableOnMethodAnnotationClassBound" classname="net.bytebuddy.dynamic.scaffold.inline.RebaseDynamicTypeBuilderTest" time="0.002"/>
  <testcase name="testPreparedField" classname="net.bytebuddy.dynamic.scaffold.inline.RebaseDynamicTypeBuilderTest" time="0.004"/>
  <testcase name="testAnnotationTypeOnMethodExceptionType" classname="net.bytebuddy.dynamic.scaffold.inline.RebaseDynamicTypeBuilderTest" time="0.001"/>
  <testcase name="testAnnotationTypeOnFieldType" classname="net.bytebuddy.dynamic.scaffold.inline.RebaseDynamicTypeBuilderTest" time="0.001"/>
  <testcase name="testAnnotationTypeOnNestedParameterizedType" classname="net.bytebuddy.dynamic.scaffold.inline.RebaseDynamicTypeBuilderTest" time="0">
    <skipped message="The Java reflection API does not currently support nested generic types"/>
  </testcase>
  <testcase name="testAbstractMethodDefinition" classname="net.bytebuddy.dynamic.scaffold.inline.RebaseDynamicTypeBuilderTest" time="0"/>
  <testcase name="testGenericMethodDefinitionMetaDataParameter" classname="net.bytebuddy.dynamic.scaffold.inline.RebaseDynamicTypeBuilderTest" time="0.004"/>
  <testcase name="testTypeAnnotationOnInterfaceType" classname="net.bytebuddy.dynamic.scaffold.inline.RebaseDynamicTypeBuilderTest" time="0.004"/>
  <testcase name="testSerialVersionUid" classname="net.bytebuddy.dynamic.scaffold.inline.RebaseDynamicTypeBuilderTest" time="0.002"/>
  <testcase name="testTypeVariableOnTypeAnnotationInterfaceBound" classname="net.bytebuddy.dynamic.scaffold.inline.RebaseDynamicTypeBuilderTest" time="0.001"/>
  <testcase name="testTypeVariableOnMethodAnnotationInterfaceBound" classname="net.bytebuddy.dynamic.scaffold.inline.RebaseDynamicTypeBuilderTest" time="0.001"/>
  <testcase name="testConstructorInvokingMethod" classname="net.bytebuddy.dynamic.scaffold.inline.RebaseDynamicTypeBuilderTest" time="0.001"/>
  <testcase name="testTypeVariableOnMethodAnnotationTypeVariableBound" classname="net.bytebuddy.dynamic.scaffold.inline.RebaseDynamicTypeBuilderTest" time="0.006"/>
  <testcase name="testTypeVariableOnTypeAnnotationClassBound" classname="net.bytebuddy.dynamic.scaffold.inline.RebaseDynamicTypeBuilderTest" time="0.004"/>
  <testcase name="testFieldDefinition" classname="net.bytebuddy.dynamic.scaffold.inline.RebaseDynamicTypeBuilderTest" time="0.001"/>
  <testcase name="testAnnotationTypeOnWildcardUpperBoundBound" classname="net.bytebuddy.dynamic.scaffold.inline.RebaseDynamicTypeBuilderTest" time="0.002"/>
  <testcase name="testFieldDefaultValueDefinition" classname="net.bytebuddy.dynamic.scaffold.inline.RebaseDynamicTypeBuilderTest" time="0.002"/>
  <testcase name="testTypeVariable" classname="net.bytebuddy.dynamic.scaffold.inline.RebaseDynamicTypeBuilderTest" time="0.002"/>
  <testcase name="testMethodDefinition" classname="net.bytebuddy.dynamic.scaffold.inline.RebaseDynamicTypeBuilderTest" time="0.001"/>
  <testcase name="testAnnotationTypeOnMethodReturnType" classname="net.bytebuddy.dynamic.scaffold.inline.RebaseDynamicTypeBuilderTest" time="0.001"/>
  <testcase name="testCanOverloadFieldByType" classname="net.bytebuddy.dynamic.scaffold.inline.RebaseDynamicTypeBuilderTest" time="0.001"/>
  <testcase name="testBridgeResolutionAmbiguous" classname="net.bytebuddy.dynamic.scaffold.inline.RebaseDynamicTypeBuilderTest" time="0.001"/>
  <testcase name="testAnnotationTypeOnGenericComponentType" classname="net.bytebuddy.dynamic.scaffold.inline.RebaseDynamicTypeBuilderTest" time="0.002"/>
  <testcase name="testIgnoredMethodDoesNotApplyForDefined" classname="net.bytebuddy.dynamic.scaffold.inline.RebaseDynamicTypeBuilderTest" time="0.001"/>
  <testcase name="testCanOverloadMethodByReturnType" classname="net.bytebuddy.dynamic.scaffold.inline.RebaseDynamicTypeBuilderTest" time="0"/>
  <testcase name="testConstructorDefinition" classname="net.bytebuddy.dynamic.scaffold.inline.RebaseDynamicTypeBuilderTest" time="0.001"/>
  <testcase name="testGenericMethodDefinition" classname="net.bytebuddy.dynamic.scaffold.inline.RebaseDynamicTypeBuilderTest" time="0.003"/>
  <testcase name="testAnnotationTypeOnNestedType" classname="net.bytebuddy.dynamic.scaffold.inline.RebaseDynamicTypeBuilderTest" time="0.006"/>
  <testcase name="testIgnoredMethod" classname="net.bytebuddy.dynamic.scaffold.inline.RebaseDynamicTypeBuilderTest" time="0.002"/>
  <testcase name="testTypeInitializer" classname="net.bytebuddy.dynamic.scaffold.inline.RebaseDynamicTypeBuilderTest" time="0.006"/>
</testsuite>