<?xml version="1.0" encoding="UTF-8"?>
<testsuite xmlns:xsi="http://www.w3.org/2001/XMLSchema-instance" xsi:schemaLocation="https://maven.apache.org/surefire/maven-surefire-plugin/xsd/surefire-test-report.xsd" name="net.bytebuddy.pool.TypePoolLazyFacadeTypeDescriptionTest" time="0.406" tests="198" errors="0" skipped="0" failures="3">
  <properties>
    <property name="java.runtime.name" value="OpenJDK Runtime Environment"/>
    <property name="sun.boot.library.path" value="/Library/Java/JavaVirtualMachines/temurin-8.jdk/Contents/Home/jre/lib"/>
    <property name="java.vm.version" value="25.402-b06"/>
    <property name="gopherProxySet" value="false"/>
    <property name="java.vm.vendor" value="Temurin"/>
    <property name="maven.multiModuleProjectDirectory" value="/Users/shreyachaudhary/Desktop/extra/CS527-Project/Bugs/BugSwarm/extras/byte-buddy-140517155/Buggy-version"/>
    <property name="java.vendor.url" value="https://adoptium.net/"/>
    <property name="path.separator" value=":"/>
    <property name="guice.disable.misplaced.annotation.check" value="true"/>
    <property name="java.vm.name" value="OpenJDK 64-Bit Server VM"/>
    <property name="file.encoding.pkg" value="sun.io"/>
    <property name="user.country" value="US"/>
    <property name="sun.java.launcher" value="SUN_STANDARD"/>
    <property name="sun.os.patch.level" value="unknown"/>
    <property name="java.vm.specification.name" value="Java Virtual Machine Specification"/>
    <property name="user.dir" value="/Users/shreyachaudhary/Desktop/extra/CS527-Project/Bugs/BugSwarm/extras/byte-buddy-140517155/Buggy-version"/>
    <property name="java.runtime.version" value="1.8.0_402-b06"/>
    <property name="java.awt.graphicsenv" value="sun.awt.CGraphicsEnvironment"/>
    <property name="java.endorsed.dirs" value="/Library/Java/JavaVirtualMachines/temurin-8.jdk/Contents/Home/jre/lib/endorsed"/>
    <property name="os.arch" value="x86_64"/>
    <property name="java.io.tmpdir" value="/var/folders/70/9z8mmtr153x2znr25_zb57mr0000gn/T/"/>
    <property name="line.separator" value="&#10;"/>
    <property name="java.vm.specification.vendor" value="Oracle Corporation"/>
    <property name="os.name" value="Mac OS X"/>
    <property name="classworlds.conf" value="/opt/homebrew/Cellar/maven/3.9.6/libexec/bin/m2.conf"/>
    <property name="sun.jnu.encoding" value="UTF-8"/>
    <property name="java.library.path" value="/Users/shreyachaudhary/Library/Java/Extensions:/Library/Java/Extensions:/Network/Library/Java/Extensions:/System/Library/Java/Extensions:/usr/lib/java:."/>
    <property name="maven.conf" value="/opt/homebrew/Cellar/maven/3.9.6/libexec/conf"/>
    <property name="java.specification.name" value="Java Platform API Specification"/>
    <property name="java.class.version" value="52.0"/>
    <property name="sun.management.compiler" value="HotSpot 64-Bit Tiered Compilers"/>
    <property name="os.version" value="14.4.1"/>
    <property name="library.jansi.path" value="/opt/homebrew/Cellar/maven/3.9.6/libexec/lib/jansi-native"/>
    <property name="http.nonProxyHosts" value="local|*.local|169.254/16|*.169.254/16"/>
    <property name="user.home" value="/Users/shreyachaudhary"/>
    <property name="user.timezone" value="America/Chicago"/>
    <property name="java.awt.printerjob" value="sun.lwawt.macosx.CPrinterJob"/>
    <property name="java.specification.version" value="1.8"/>
    <property name="file.encoding" value="UTF-8"/>
    <property name="user.name" value="shreyachaudhary"/>
    <property name="java.class.path" value="/opt/homebrew/Cellar/maven/3.9.6/libexec/boot/plexus-classworlds-2.7.0.jar"/>
    <property name="java.vm.specification.version" value="1.8"/>
    <property name="sun.arch.data.model" value="64"/>
    <property name="java.home" value="/Library/Java/JavaVirtualMachines/temurin-8.jdk/Contents/Home/jre"/>
    <property name="sun.java.command" value="org.codehaus.plexus.classworlds.launcher.Launcher test"/>
    <property name="java.specification.vendor" value="Oracle Corporation"/>
    <property name="user.language" value="en"/>
    <property name="awt.toolkit" value="sun.lwawt.macosx.LWCToolkit"/>
    <property name="java.vm.info" value="mixed mode"/>
    <property name="java.version" value="1.8.0_402"/>
    <property name="java.ext.dirs" value="/Users/shreyachaudhary/Library/Java/Extensions:/Library/Java/JavaVirtualMachines/temurin-8.jdk/Contents/Home/jre/lib/ext:/Library/Java/Extensions:/Network/Library/Java/Extensions:/System/Library/Java/Extensions:/usr/lib/java"/>
    <property name="sun.boot.class.path" value="/Library/Java/JavaVirtualMachines/temurin-8.jdk/Contents/Home/jre/lib/resources.jar:/Library/Java/JavaVirtualMachines/temurin-8.jdk/Contents/Home/jre/lib/rt.jar:/Library/Java/JavaVirtualMachines/temurin-8.jdk/Contents/Home/jre/lib/sunrsasign.jar:/Library/Java/JavaVirtualMachines/temurin-8.jdk/Contents/Home/jre/lib/jsse.jar:/Library/Java/JavaVirtualMachines/temurin-8.jdk/Contents/Home/jre/lib/jce.jar:/Library/Java/JavaVirtualMachines/temurin-8.jdk/Contents/Home/jre/lib/charsets.jar:/Library/Java/JavaVirtualMachines/temurin-8.jdk/Contents/Home/jre/lib/jfr.jar:/Library/Java/JavaVirtualMachines/temurin-8.jdk/Contents/Home/jre/classes"/>
    <property name="java.vendor" value="Temurin"/>
    <property name="java.specification.maintenance.version" value="5"/>
    <property name="maven.home" value="/opt/homebrew/Cellar/maven/3.9.6/libexec"/>
    <property name="file.separator" value="/"/>
    <property name="java.vendor.url.bug" value="https://github.com/adoptium/adoptium-support/issues"/>
    <property name="sun.cpu.endian" value="little"/>
    <property name="sun.io.unicode.encoding" value="UnicodeBig"/>
    <property name="socksNonProxyHosts" value="local|*.local|169.254/16|*.169.254/16"/>
    <property name="ftp.nonProxyHosts" value="local|*.local|169.254/16|*.169.254/16"/>
    <property name="sun.cpu.isalist" value=""/>
  </properties>
  <testcase name="testSimpleName" classname="net.bytebuddy.pool.TypePoolLazyFacadeTypeDescriptionTest" time="0.002"/>
  <testcase name="testEnclosingSource" classname="net.bytebuddy.pool.TypePoolLazyFacadeTypeDescriptionTest" time="0.008"/>
  <testcase name="testStackSize" classname="net.bytebuddy.pool.TypePoolLazyFacadeTypeDescriptionTest" time="0"/>
  <testcase name="testActualModifiersDeprecation" classname="net.bytebuddy.pool.TypePoolLazyFacadeTypeDescriptionTest" time="0.004"/>
  <testcase name="testDeclaredInType" classname="net.bytebuddy.pool.TypePoolLazyFacadeTypeDescriptionTest" time="0.001"/>
  <testcase name="testSourceName" classname="net.bytebuddy.pool.TypePoolLazyFacadeTypeDescriptionTest" time="0"/>
  <testcase name="testAnnotations" classname="net.bytebuddy.pool.TypePoolLazyFacadeTypeDescriptionTest" time="0.02"/>
  <testcase name="testHierarchyEnds" classname="net.bytebuddy.pool.TypePoolLazyFacadeTypeDescriptionTest" time="0.001"/>
  <testcase name="testDescriptor" classname="net.bytebuddy.pool.TypePoolLazyFacadeTypeDescriptionTest" time="0.002"/>
  <testcase name="testInMethodType" classname="net.bytebuddy.pool.TypePoolLazyFacadeTypeDescriptionTest" time="0.016"/>
  <testcase name="testDeclaredInMethod" classname="net.bytebuddy.pool.TypePoolLazyFacadeTypeDescriptionTest" time="0.003"/>
  <testcase name="testPackage" classname="net.bytebuddy.pool.TypePoolLazyFacadeTypeDescriptionTest" time="0.001"/>
  <testcase name="testMalformedTypeSignature" classname="net.bytebuddy.pool.TypePoolLazyFacadeTypeDescriptionTest" time="0.012"/>
  <testcase name="testName" classname="net.bytebuddy.pool.TypePoolLazyFacadeTypeDescriptionTest" time="0"/>
  <testcase name="testToString" classname="net.bytebuddy.pool.TypePoolLazyFacadeTypeDescriptionTest" time="0.003"/>
  <testcase name="testIsInstance" classname="net.bytebuddy.pool.TypePoolLazyFacadeTypeDescriptionTest" time="0.005"/>
  <testcase name="testRepresents" classname="net.bytebuddy.pool.TypePoolLazyFacadeTypeDescriptionTest" time="0.001"/>
  <testcase name="testMalformedMethodSignature" classname="net.bytebuddy.pool.TypePoolLazyFacadeTypeDescriptionTest" time="0.003"/>
  <testcase name="testIsAssignableClassLoader" classname="net.bytebuddy.pool.TypePoolLazyFacadeTypeDescriptionTest" time="0.002"/>
  <testcase name="testComponentType" classname="net.bytebuddy.pool.TypePoolLazyFacadeTypeDescriptionTest" time="0"/>
  <testcase name="testMalformedFieldSignature" classname="net.bytebuddy.pool.TypePoolLazyFacadeTypeDescriptionTest" time="0.001"/>
  <testcase name="testCanonicalName" classname="net.bytebuddy.pool.TypePoolLazyFacadeTypeDescriptionTest" time="0.002"/>
  <testcase name="testIsAssignable" classname="net.bytebuddy.pool.TypePoolLazyFacadeTypeDescriptionTest" time="0.009"/>
  <testcase name="testModifier" classname="net.bytebuddy.pool.TypePoolLazyFacadeTypeDescriptionTest" time="0"/>
  <testcase name="testJavaName" classname="net.bytebuddy.pool.TypePoolLazyFacadeTypeDescriptionTest" time="0.001"/>
  <testcase name="testIsLocalClass" classname="net.bytebuddy.pool.TypePoolLazyFacadeTypeDescriptionTest" time="0"/>
  <testcase name="testIsGenericDeclaration" classname="net.bytebuddy.pool.TypePoolLazyFacadeTypeDescriptionTest" time="0.002"/>
  <testcase name="testPrecondition" classname="net.bytebuddy.pool.TypePoolLazyFacadeTypeDescriptionTest" time="0"/>
  <testcase name="testGenericType" classname="net.bytebuddy.pool.TypePoolLazyFacadeTypeDescriptionTest" time="0.004"/>
  <testcase name="testIsVisible" classname="net.bytebuddy.pool.TypePoolLazyFacadeTypeDescriptionTest" time="0.002"/>
  <testcase name="testDeclaringType" classname="net.bytebuddy.pool.TypePoolLazyFacadeTypeDescriptionTest" time="0.001"/>
  <testcase name="testHashCode" classname="net.bytebuddy.pool.TypePoolLazyFacadeTypeDescriptionTest" time="0"/>
  <testcase name="testConstantPool" classname="net.bytebuddy.pool.TypePoolLazyFacadeTypeDescriptionTest" time="0"/>
  <testcase name="testInternalName" classname="net.bytebuddy.pool.TypePoolLazyFacadeTypeDescriptionTest" time="0.001"/>
  <testcase name="testHierarchyIteration" classname="net.bytebuddy.pool.TypePoolLazyFacadeTypeDescriptionTest" time="0.001"/>
  <testcase name="testDeclaredTypes" classname="net.bytebuddy.pool.TypePoolLazyFacadeTypeDescriptionTest" time="0.01"/>
  <testcase name="testNonAvailableAnnotations" classname="net.bytebuddy.pool.TypePoolLazyFacadeTypeDescriptionTest" time="0.006"/>
  <testcase name="testEquals" classname="net.bytebuddy.pool.TypePoolLazyFacadeTypeDescriptionTest" time="0.002"/>
  <testcase name="testWrapperType" classname="net.bytebuddy.pool.TypePoolLazyFacadeTypeDescriptionTest" time="0"/>
  <testcase name="testIsAnonymousClass" classname="net.bytebuddy.pool.TypePoolLazyFacadeTypeDescriptionTest" time="0.002"/>
  <testcase name="testIsPackageDescription" classname="net.bytebuddy.pool.TypePoolLazyFacadeTypeDescriptionTest" time="0.001"/>
  <testcase name="testSuperClass" classname="net.bytebuddy.pool.TypePoolLazyFacadeTypeDescriptionTest" time="0"/>
  <testcase name="testIsMemberClass" classname="net.bytebuddy.pool.TypePoolLazyFacadeTypeDescriptionTest" time="0"/>
  <testcase name="testActualModifiers" classname="net.bytebuddy.pool.TypePoolLazyFacadeTypeDescriptionTest" time="0.003"/>
  <testcase name="testGetSegmentCount" classname="net.bytebuddy.pool.TypePoolLazyFacadeTypeDescriptionTest" time="0.001"/>
  <testcase name="testInterfaces" classname="net.bytebuddy.pool.TypePoolLazyFacadeTypeDescriptionTest" time="0.001"/>
  <testcase name="testEnclosingAndDeclaringType" classname="net.bytebuddy.pool.TypePoolLazyFacadeTypeDescriptionTest" time="0.003"/>
  <testcase name="testGenericTypeAnnotationReceiverTypeOnMethod" classname="net.bytebuddy.pool.TypePoolLazyFacadeTypeDescriptionTest" time="0.004"/>
  <testcase name="testNonGenericInnerTypeAnnotationReceiverTypeOnConstructor" classname="net.bytebuddy.pool.TypePoolLazyFacadeTypeDescriptionTest" time="0.003"/>
  <testcase name="testNonGenericInnerTypeAnnotationReceiverTypeOnMethod" classname="net.bytebuddy.pool.TypePoolLazyFacadeTypeDescriptionTest" time="0.001"/>
  <testcase name="testMethodVariableT" classname="net.bytebuddy.pool.TypePoolLazyFacadeTypeDescriptionTest" time="0.007"/>
  <testcase name="testGenericNestedTypeAnnotationReceiverTypeOnMethod" classname="net.bytebuddy.pool.TypePoolLazyFacadeTypeDescriptionTest" time="0.001"/>
  <testcase name="testNonGenericTypeAnnotationReceiverTypeOnConstructor" classname="net.bytebuddy.pool.TypePoolLazyFacadeTypeDescriptionTest" time="0"/>
  <testcase name="testGenericInnerTypeAnnotationReceiverTypeOnMethod" classname="net.bytebuddy.pool.TypePoolLazyFacadeTypeDescriptionTest" time="0.002"/>
  <testcase name="testGenericInnerTypeAnnotationReceiverTypeOnConstructor" classname="net.bytebuddy.pool.TypePoolLazyFacadeTypeDescriptionTest" time="0.001"/>
  <testcase name="testNonGenericNestedTypeAnnotationReceiverTypeOnMethod" classname="net.bytebuddy.pool.TypePoolLazyFacadeTypeDescriptionTest" time="0"/>
  <testcase name="testNonGenericNestedTypeAnnotationReceiverTypeOnConstructor" classname="net.bytebuddy.pool.TypePoolLazyFacadeTypeDescriptionTest" time="0.001"/>
  <testcase name="testTypeVariableS" classname="net.bytebuddy.pool.TypePoolLazyFacadeTypeDescriptionTest" time="0.003"/>
  <testcase name="testTypeVariableT" classname="net.bytebuddy.pool.TypePoolLazyFacadeTypeDescriptionTest" time="0.002"/>
  <testcase name="testTypeVariableU" classname="net.bytebuddy.pool.TypePoolLazyFacadeTypeDescriptionTest" time="0.005"/>
  <testcase name="testTypeVariableV" classname="net.bytebuddy.pool.TypePoolLazyFacadeTypeDescriptionTest" time="0.009"/>
  <testcase name="testTypeVariableW" classname="net.bytebuddy.pool.TypePoolLazyFacadeTypeDescriptionTest" time="0.001"/>
  <testcase name="testTypeVariableX" classname="net.bytebuddy.pool.TypePoolLazyFacadeTypeDescriptionTest" time="0.002"/>
  <testcase name="testNonGenericTypeAnnotationReceiverTypeOnMethod" classname="net.bytebuddy.pool.TypePoolLazyFacadeTypeDescriptionTest" time="0"/>
  <testcase name="testGenericTypeAnnotationReceiverTypeOnConstructor" classname="net.bytebuddy.pool.TypePoolLazyFacadeTypeDescriptionTest" time="0"/>
  <testcase name="testGenericNestedTypeAnnotationReceiverTypeOnConstructor" classname="net.bytebuddy.pool.TypePoolLazyFacadeTypeDescriptionTest" time="0"/>
  <testcase name="testNonGenericTypeNoLowerBounds" classname="net.bytebuddy.pool.TypePoolLazyFacadeTypeDescriptionTest" time="0.001"/>
  <testcase name="testTypeVariableTypeNoSuperClass" classname="net.bytebuddy.pool.TypePoolLazyFacadeTypeDescriptionTest" time="0.001"/>
  <testcase name="testLowerBoundWildcardParameterizedTypeNoInterfaces" classname="net.bytebuddy.pool.TypePoolLazyFacadeTypeDescriptionTest" time="0"/>
  <testcase name="testGenericArrayTypeNoLowerBounds" classname="net.bytebuddy.pool.TypePoolLazyFacadeTypeDescriptionTest" time="0.001"/>
  <testcase name="testUpperBoundWildcardParameterizedTypeNoMethods" classname="net.bytebuddy.pool.TypePoolLazyFacadeTypeDescriptionTest" time="0"/>
  <testcase name="testExplicitlyUnboundWildcardParameterizedTypeNoOwnerType" classname="net.bytebuddy.pool.TypePoolLazyFacadeTypeDescriptionTest" time="0"/>
  <testcase name="testExplicitlyUnboundWildcardParameterizedTypeNoErasure" classname="net.bytebuddy.pool.TypePoolLazyFacadeTypeDescriptionTest" time="0"/>
  <testcase name="testExplicitlyUnboundWildcardParameterizedTypeNoInterfaces" classname="net.bytebuddy.pool.TypePoolLazyFacadeTypeDescriptionTest" time="0"/>
  <testcase name="testTypeAnnotationsMethodParameterType" classname="net.bytebuddy.pool.TypePoolLazyFacadeTypeDescriptionTest" time="0.004"/>
  <testcase name="testExplicitlyUnboundWildcardParameterizedTypeNoSymbol" classname="net.bytebuddy.pool.TypePoolLazyFacadeTypeDescriptionTest" time="0"/>
  <testcase name="testTypeVariableNoLowerBounds" classname="net.bytebuddy.pool.TypePoolLazyFacadeTypeDescriptionTest" time="0"/>
  <testcase name="testTypeAnnotationsSuperType" classname="net.bytebuddy.pool.TypePoolLazyFacadeTypeDescriptionTest" time="0.001"/>
  <testcase name="testUnboundWildcardParameterizedTypeNoSymbol" classname="net.bytebuddy.pool.TypePoolLazyFacadeTypeDescriptionTest" time="0"/>
  <testcase name="testParameterizedTypeRawInterfaceTypeResolution" classname="net.bytebuddy.pool.TypePoolLazyFacadeTypeDescriptionTest" time="0.004"/>
  <testcase name="testExplicitlyUnboundWildcardParameterizedType" classname="net.bytebuddy.pool.TypePoolLazyFacadeTypeDescriptionTest" time="0.002"/>
  <testcase name="testNestedStaticTypeVariableType" classname="net.bytebuddy.pool.TypePoolLazyFacadeTypeDescriptionTest" time="0.003">
    <failure message="&#10;Expected: is &quot;net.bytebuddy.description.type.AbstractTypeDescriptionGenericTest$NestedStaticTypeVariableType$Placeholder&lt;java.lang.String&gt;&quot;&#10;     but: was &quot;net.bytebuddy.description.type.AbstractTypeDescriptionGenericTest$NestedStaticTypeVariableType.net.bytebuddy.description.type.AbstractTypeDescriptionGenericTest$NestedStaticTypeVariableType$Placeholder&lt;java.lang.String&gt;&quot;" type="java.lang.AssertionError"><![CDATA[java.lang.AssertionError: 

Expected: is "net.bytebuddy.description.type.AbstractTypeDescriptionGenericTest$NestedStaticTypeVariableType$Placeholder<java.lang.String>"
     but: was "net.bytebuddy.description.type.AbstractTypeDescriptionGenericTest$NestedStaticTypeVariableType.net.bytebuddy.description.type.AbstractTypeDescriptionGenericTest$NestedStaticTypeVariableType$Placeholder<java.lang.String>"
]]></failure>
  </testcase>
  <testcase name="testParameterizedTypeNoSymbol" classname="net.bytebuddy.pool.TypePoolLazyFacadeTypeDescriptionTest" time="0"/>
  <testcase name="testGenericMethodEquality" classname="net.bytebuddy.pool.TypePoolLazyFacadeTypeDescriptionTest" time="0.003"/>
  <testcase name="testGenericArrayTypeNoVariableSource" classname="net.bytebuddy.pool.TypePoolLazyFacadeTypeDescriptionTest" time="0.001"/>
  <testcase name="testGenericArrayTypeNoSymbol" classname="net.bytebuddy.pool.TypePoolLazyFacadeTypeDescriptionTest" time="0"/>
  <testcase name="testTypeAnnotationsMethodReturnType" classname="net.bytebuddy.pool.TypePoolLazyFacadeTypeDescriptionTest" time="0"/>
  <testcase name="testNonGenericTypeNoUpperBounds" classname="net.bytebuddy.pool.TypePoolLazyFacadeTypeDescriptionTest" time="0"/>
  <testcase name="testGenericArrayTypeNoUpperBounds" classname="net.bytebuddy.pool.TypePoolLazyFacadeTypeDescriptionTest" time="0.001"/>
  <testcase name="testGenericArrayOfGenericComponentType" classname="net.bytebuddy.pool.TypePoolLazyFacadeTypeDescriptionTest" time="0.002"/>
  <testcase name="testShadowedTypeVariableType" classname="net.bytebuddy.pool.TypePoolLazyFacadeTypeDescriptionTest" time="0.002"/>
  <testcase name="testMixedTypeVariables" classname="net.bytebuddy.pool.TypePoolLazyFacadeTypeDescriptionTest" time="0.002"/>
  <testcase name="testUnboundWildcardParameterizedTypeNoComponentType" classname="net.bytebuddy.pool.TypePoolLazyFacadeTypeDescriptionTest" time="0"/>
  <testcase name="testMethodTypeVariableErasedBound" classname="net.bytebuddy.pool.TypePoolLazyFacadeTypeDescriptionTest" time="0.001"/>
  <testcase name="testUpperBoundWildcardParameterizedTypeNoOwnerType" classname="net.bytebuddy.pool.TypePoolLazyFacadeTypeDescriptionTest" time="0.004"/>
  <testcase name="testGenericParameterHashCode" classname="net.bytebuddy.pool.TypePoolLazyFacadeTypeDescriptionTest" time="0.005"/>
  <testcase name="testRecursiveTypeVariable" classname="net.bytebuddy.pool.TypePoolLazyFacadeTypeDescriptionTest" time="0.003"/>
  <testcase name="testParameterizedTypeIterator" classname="net.bytebuddy.pool.TypePoolLazyFacadeTypeDescriptionTest" time="0.005"/>
  <testcase name="testTypeVariableTypeNoMethods" classname="net.bytebuddy.pool.TypePoolLazyFacadeTypeDescriptionTest" time="0.001"/>
  <testcase name="testUnboundBoundWildcardParameterizedTypeNoIterator" classname="net.bytebuddy.pool.TypePoolLazyFacadeTypeDescriptionTest" time="0"/>
  <testcase name="testUpperBoundWildcardParameterizedTypeNoComponentType" classname="net.bytebuddy.pool.TypePoolLazyFacadeTypeDescriptionTest" time="0.001"/>
  <testcase name="testGenericArrayTypeIterator" classname="net.bytebuddy.pool.TypePoolLazyFacadeTypeDescriptionTest" time="0.001"/>
  <testcase name="testNestedParameterizedType" classname="net.bytebuddy.pool.TypePoolLazyFacadeTypeDescriptionTest" time="0.001"/>
  <testcase name="testExplicitlyUnboundWildcardParameterizedTypeNoComponentType" classname="net.bytebuddy.pool.TypePoolLazyFacadeTypeDescriptionTest" time="0"/>
  <testcase name="testMethodTypeVariableWithExtensionIsRetained" classname="net.bytebuddy.pool.TypePoolLazyFacadeTypeDescriptionTest" time="0.007"/>
  <testcase name="testUpperBoundWildcardParameterizedTypeNoVariableSource" classname="net.bytebuddy.pool.TypePoolLazyFacadeTypeDescriptionTest" time="0.003"/>
  <testcase name="testShadowedMethodTypeVariableIsRetained" classname="net.bytebuddy.pool.TypePoolLazyFacadeTypeDescriptionTest" time="0.005"/>
  <testcase name="testShadowedTypeSuperClassResolution" classname="net.bytebuddy.pool.TypePoolLazyFacadeTypeDescriptionTest" time="0.002"/>
  <testcase name="testSimpleParameterizedType" classname="net.bytebuddy.pool.TypePoolLazyFacadeTypeDescriptionTest" time="0.006"/>
  <testcase name="testTypeVariableTypeNoIterator" classname="net.bytebuddy.pool.TypePoolLazyFacadeTypeDescriptionTest" time="0.001"/>
  <testcase name="testTypeAnnotationOwnerType" classname="net.bytebuddy.pool.TypePoolLazyFacadeTypeDescriptionTest" time="0.008"/>
  <testcase name="testGenericArrayTypeNoTypeArguments" classname="net.bytebuddy.pool.TypePoolLazyFacadeTypeDescriptionTest" time="0.002"/>
  <testcase name="testExplicitlyUnboundBoundWildcardParameterizedTypeNoIterator" classname="net.bytebuddy.pool.TypePoolLazyFacadeTypeDescriptionTest" time="0.001"/>
  <testcase name="testInterfaceOnlyMultipleUpperBoundTypeVariableType" classname="net.bytebuddy.pool.TypePoolLazyFacadeTypeDescriptionTest" time="0.001"/>
  <testcase name="testGenericParameterEquality" classname="net.bytebuddy.pool.TypePoolLazyFacadeTypeDescriptionTest" time="0.003"/>
  <testcase name="testLowerBoundWildcardParameterizedTypeNoComponentType" classname="net.bytebuddy.pool.TypePoolLazyFacadeTypeDescriptionTest" time="0.001"/>
  <testcase name="testNestedInnerType" classname="net.bytebuddy.pool.TypePoolLazyFacadeTypeDescriptionTest" time="0.004"/>
  <testcase name="testParameterizedTypeRawSuperClassResolution" classname="net.bytebuddy.pool.TypePoolLazyFacadeTypeDescriptionTest" time="0.004"/>
  <testcase name="testNonGenericTypeOwnerType" classname="net.bytebuddy.pool.TypePoolLazyFacadeTypeDescriptionTest" time="0.001"/>
  <testcase name="testTypeAnnotationExceptionType" classname="net.bytebuddy.pool.TypePoolLazyFacadeTypeDescriptionTest" time="0.005"/>
  <testcase name="testUpperBoundWildcardParameterizedType" classname="net.bytebuddy.pool.TypePoolLazyFacadeTypeDescriptionTest" time="0.007"/>
  <testcase name="testUnboundBoundWildcardParameterizedTypeNoFields" classname="net.bytebuddy.pool.TypePoolLazyFacadeTypeDescriptionTest" time="0.001"/>
  <testcase name="testGenericArrayOfGenericComponentTypeNoSymbol" classname="net.bytebuddy.pool.TypePoolLazyFacadeTypeDescriptionTest" time="0"/>
  <testcase name="testLowerBoundWildcardParameterizedTypeNoFields" classname="net.bytebuddy.pool.TypePoolLazyFacadeTypeDescriptionTest" time="0"/>
  <testcase name="testGenericArrayOfGenericComponentTypeNoLowerBounds" classname="net.bytebuddy.pool.TypePoolLazyFacadeTypeDescriptionTest" time="0"/>
  <testcase name="testLowerBoundWildcardParameterizedTypeNoOwnerType" classname="net.bytebuddy.pool.TypePoolLazyFacadeTypeDescriptionTest" time="0.001"/>
  <testcase name="testUnboundWildcardParameterizedType" classname="net.bytebuddy.pool.TypePoolLazyFacadeTypeDescriptionTest" time="0"/>
  <testcase name="testTypeAnnotationsFieldType" classname="net.bytebuddy.pool.TypePoolLazyFacadeTypeDescriptionTest" time="0.002"/>
  <testcase name="testExplicitlyUnboundWildcardParameterizedTypeNoStackSize" classname="net.bytebuddy.pool.TypePoolLazyFacadeTypeDescriptionTest" time="0"/>
  <testcase name="testUpperBoundsWildcardParameterizedTypeNoIterator" classname="net.bytebuddy.pool.TypePoolLazyFacadeTypeDescriptionTest" time="0"/>
  <testcase name="testParameterizedTypeNestedPartiallyRawSuperClassResolution" classname="net.bytebuddy.pool.TypePoolLazyFacadeTypeDescriptionTest" time="0.004"/>
  <testcase name="testMultipleUpperBoundTypeVariableType" classname="net.bytebuddy.pool.TypePoolLazyFacadeTypeDescriptionTest" time="0.001"/>
  <testcase name="testUpperBoundWildcardParameterizedTypeNoErasure" classname="net.bytebuddy.pool.TypePoolLazyFacadeTypeDescriptionTest" time="0.001"/>
  <testcase name="testExplicitlyUnboundBoundWildcardParameterizedTypeNoFields" classname="net.bytebuddy.pool.TypePoolLazyFacadeTypeDescriptionTest" time="0"/>
  <testcase name="testTypeVariableNoComponentType" classname="net.bytebuddy.pool.TypePoolLazyFacadeTypeDescriptionTest" time="0"/>
  <testcase name="testLowerBoundWildcardParameterizedTypeNoMethods" classname="net.bytebuddy.pool.TypePoolLazyFacadeTypeDescriptionTest" time="0"/>
  <testcase name="testShadowedTypeInterfaceTypeResolution" classname="net.bytebuddy.pool.TypePoolLazyFacadeTypeDescriptionTest" time="0.002"/>
  <testcase name="testLowerBoundWildcardParameterizedTypeNoSymbol" classname="net.bytebuddy.pool.TypePoolLazyFacadeTypeDescriptionTest" time="0"/>
  <testcase name="testUnboundWildcardParameterizedTypeNoOwnerType" classname="net.bytebuddy.pool.TypePoolLazyFacadeTypeDescriptionTest" time="0"/>
  <testcase name="testGenericArrayOfGenericComponentTypeIterator" classname="net.bytebuddy.pool.TypePoolLazyFacadeTypeDescriptionTest" time="0"/>
  <testcase name="testTypeVariableTypeNoFields" classname="net.bytebuddy.pool.TypePoolLazyFacadeTypeDescriptionTest" time="0.001"/>
  <testcase name="testGenericArrayOfGenericComponentTypeNoUpperBounds" classname="net.bytebuddy.pool.TypePoolLazyFacadeTypeDescriptionTest" time="0"/>
  <testcase name="testTypeAnnotationOnNonGenericArrayTypeWithGenericSignature" classname="net.bytebuddy.pool.TypePoolLazyFacadeTypeDescriptionTest" time="0.003"/>
  <testcase name="testTypeVariableNoOwnerType" classname="net.bytebuddy.pool.TypePoolLazyFacadeTypeDescriptionTest" time="0.001"/>
  <testcase name="testExplicitlyUnboundBoundWildcardParameterizedTypeNoMethods" classname="net.bytebuddy.pool.TypePoolLazyFacadeTypeDescriptionTest" time="0"/>
  <testcase name="testUnboundWildcardParameterizedTypeNoErasure" classname="net.bytebuddy.pool.TypePoolLazyFacadeTypeDescriptionTest" time="0"/>
  <testcase name="testGenericFieldHashCode" classname="net.bytebuddy.pool.TypePoolLazyFacadeTypeDescriptionTest" time="0.003"/>
  <testcase name="testUnboundWildcardParameterizedTypeNoVariableSource" classname="net.bytebuddy.pool.TypePoolLazyFacadeTypeDescriptionTest" time="0"/>
  <testcase name="testTypeAnnotationOnNonGenericParameterType" classname="net.bytebuddy.pool.TypePoolLazyFacadeTypeDescriptionTest" time="0.002"/>
  <testcase name="testParameterizedTypeNoComponentType" classname="net.bytebuddy.pool.TypePoolLazyFacadeTypeDescriptionTest" time="0.001"/>
  <testcase name="testUpperBoundWildcardParameterizedTypeNoStackSize" classname="net.bytebuddy.pool.TypePoolLazyFacadeTypeDescriptionTest" time="0"/>
  <testcase name="testParameterizedTypeSuperClassResolution" classname="net.bytebuddy.pool.TypePoolLazyFacadeTypeDescriptionTest" time="0.004"/>
  <testcase name="testUpperBoundWildcardParameterizedTypeNoSuperClass" classname="net.bytebuddy.pool.TypePoolLazyFacadeTypeDescriptionTest" time="0.001"/>
  <testcase name="testParameterizedTypeNoVariableSource" classname="net.bytebuddy.pool.TypePoolLazyFacadeTypeDescriptionTest" time="0.001"/>
  <testcase name="testGenericTypeInconsistency" classname="net.bytebuddy.pool.TypePoolLazyFacadeTypeDescriptionTest" time="0.008"/>
  <testcase name="testTypeAnnotationTwoAnnotations" classname="net.bytebuddy.pool.TypePoolLazyFacadeTypeDescriptionTest" time="0.003"/>
  <testcase name="testUpperBoundWildcardParameterizedTypeNoFields" classname="net.bytebuddy.pool.TypePoolLazyFacadeTypeDescriptionTest" time="0.001"/>
  <testcase name="testUpperBoundWildcardParameterizedTypeNoInterfaces" classname="net.bytebuddy.pool.TypePoolLazyFacadeTypeDescriptionTest" time="0.001"/>
  <testcase name="testNestedInnerMethod" classname="net.bytebuddy.pool.TypePoolLazyFacadeTypeDescriptionTest" time="0.009"/>
  <testcase name="testGenericFieldEquality" classname="net.bytebuddy.pool.TypePoolLazyFacadeTypeDescriptionTest" time="0.003"/>
  <testcase name="testTypeAnnotationOnNonGenericField" classname="net.bytebuddy.pool.TypePoolLazyFacadeTypeDescriptionTest" time="0"/>
  <testcase name="testParameterizedTypeNoLowerBounds" classname="net.bytebuddy.pool.TypePoolLazyFacadeTypeDescriptionTest" time="0.001"/>
  <testcase name="testGenericArrayType" classname="net.bytebuddy.pool.TypePoolLazyFacadeTypeDescriptionTest" time="0.005"/>
  <testcase name="testUpperBoundWildcardParameterizedTypeNoSymbol" classname="net.bytebuddy.pool.TypePoolLazyFacadeTypeDescriptionTest" time="0.002"/>
  <testcase name="testTypeAnnotationOnNonGenericExceptionType" classname="net.bytebuddy.pool.TypePoolLazyFacadeTypeDescriptionTest" time="0.001"/>
  <testcase name="testMethodTypeVariableWithExtensionErasedBound" classname="net.bytebuddy.pool.TypePoolLazyFacadeTypeDescriptionTest" time="0.001"/>
  <testcase name="testNestedSpecifiedTypeVariableType" classname="net.bytebuddy.pool.TypePoolLazyFacadeTypeDescriptionTest" time="0.005">
    <failure message="&#10;Expected: is &quot;net.bytebuddy.description.type.AbstractTypeDescriptionGenericTest$NestedSpecifiedTypeVariableType&lt;java.lang.String&gt;$Placeholder&quot;&#10;     but: was &quot;net.bytebuddy.description.type.AbstractTypeDescriptionGenericTest.net.bytebuddy.description.type.AbstractTypeDescriptionGenericTest$NestedSpecifiedTypeVariableType&lt;java.lang.String&gt;.Placeholder&quot;" type="java.lang.AssertionError"><![CDATA[java.lang.AssertionError: 

Expected: is "net.bytebuddy.description.type.AbstractTypeDescriptionGenericTest$NestedSpecifiedTypeVariableType<java.lang.String>$Placeholder"
     but: was "net.bytebuddy.description.type.AbstractTypeDescriptionGenericTest.net.bytebuddy.description.type.AbstractTypeDescriptionGenericTest$NestedSpecifiedTypeVariableType<java.lang.String>.Placeholder"
]]></failure>
  </testcase>
  <testcase name="testGenericArrayOfGenericComponentTypeNoVariableSource" classname="net.bytebuddy.pool.TypePoolLazyFacadeTypeDescriptionTest" time="0.001"/>
  <testcase name="testParameterizedTypePartiallyRawInterfaceTypeResolution" classname="net.bytebuddy.pool.TypePoolLazyFacadeTypeDescriptionTest" time="0.001"/>
  <testcase name="testLowerBoundWildcardParameterizedTypeNoStackSize" classname="net.bytebuddy.pool.TypePoolLazyFacadeTypeDescriptionTest" time="0.001"/>
  <testcase name="testTypeAnnotationOnNonGenericReturnType" classname="net.bytebuddy.pool.TypePoolLazyFacadeTypeDescriptionTest" time="0"/>
  <testcase name="testParameterizedTypeNoUpperBounds" classname="net.bytebuddy.pool.TypePoolLazyFacadeTypeDescriptionTest" time="0.001"/>
  <testcase name="testTypeVariableType" classname="net.bytebuddy.pool.TypePoolLazyFacadeTypeDescriptionTest" time="0"/>
  <testcase name="testTypeAnnotationOnNonGenericArrayType" classname="net.bytebuddy.pool.TypePoolLazyFacadeTypeDescriptionTest" time="0.004"/>
  <testcase name="testParameterizedTypeInterfaceResolution" classname="net.bytebuddy.pool.TypePoolLazyFacadeTypeDescriptionTest" time="0.005"/>
  <testcase name="testTypeAnnotationNonGenericInnerType" classname="net.bytebuddy.pool.TypePoolLazyFacadeTypeDescriptionTest" time="0"/>
  <testcase name="testExplicitlyUnboundWildcardParameterizedTypeNoVariableSource" classname="net.bytebuddy.pool.TypePoolLazyFacadeTypeDescriptionTest" time="0.001"/>
  <testcase name="testNonGenericTypeNoTypeArguments" classname="net.bytebuddy.pool.TypePoolLazyFacadeTypeDescriptionTest" time="0"/>
  <testcase name="testNonGenericTypeNoSymbol" classname="net.bytebuddy.pool.TypePoolLazyFacadeTypeDescriptionTest" time="0"/>
  <testcase name="testMethodTypeVariableIsRetained" classname="net.bytebuddy.pool.TypePoolLazyFacadeTypeDescriptionTest" time="0.001"/>
  <testcase name="testBackwardsReferenceTypeVariable" classname="net.bytebuddy.pool.TypePoolLazyFacadeTypeDescriptionTest" time="0.001"/>
  <testcase name="testTypeVariableTypeNoInterfaceTypes" classname="net.bytebuddy.pool.TypePoolLazyFacadeTypeDescriptionTest" time="0"/>
  <testcase name="testParameterizedTypePartiallyRawSuperClassResolution" classname="net.bytebuddy.pool.TypePoolLazyFacadeTypeDescriptionTest" time="0.002"/>
  <testcase name="testUnboundWildcardParameterizedTypeNoStackSize" classname="net.bytebuddy.pool.TypePoolLazyFacadeTypeDescriptionTest" time="0"/>
  <testcase name="testLowerBoundWildcardParameterizedTypeNoErasure" classname="net.bytebuddy.pool.TypePoolLazyFacadeTypeDescriptionTest" time="0"/>
  <testcase name="testTypeAnnotationsInterfaceType" classname="net.bytebuddy.pool.TypePoolLazyFacadeTypeDescriptionTest" time="0.002"/>
  <testcase name="testLowerBoundWildcardParameterizedTypeNoVariableSource" classname="net.bytebuddy.pool.TypePoolLazyFacadeTypeDescriptionTest" time="0"/>
  <testcase name="testLowerBoundWildcardParameterizedTypeNoIterator" classname="net.bytebuddy.pool.TypePoolLazyFacadeTypeDescriptionTest" time="0"/>
  <testcase name="testNestedTypeVariableType" classname="net.bytebuddy.pool.TypePoolLazyFacadeTypeDescriptionTest" time="0.002">
    <failure message="&#10;Expected: is &quot;net.bytebuddy.description.type.AbstractTypeDescriptionGenericTest$NestedTypeVariableType&lt;T&gt;$Placeholder&quot;&#10;     but: was &quot;net.bytebuddy.description.type.AbstractTypeDescriptionGenericTest.net.bytebuddy.description.type.AbstractTypeDescriptionGenericTest$NestedTypeVariableType&lt;T&gt;.Placeholder&quot;" type="java.lang.AssertionError"><![CDATA[java.lang.AssertionError: 

Expected: is "net.bytebuddy.description.type.AbstractTypeDescriptionGenericTest$NestedTypeVariableType<T>$Placeholder"
     but: was "net.bytebuddy.description.type.AbstractTypeDescriptionGenericTest.net.bytebuddy.description.type.AbstractTypeDescriptionGenericTest$NestedTypeVariableType<T>.Placeholder"
]]></failure>
  </testcase>
  <testcase name="testLowerBoundWildcardParameterizedType" classname="net.bytebuddy.pool.TypePoolLazyFacadeTypeDescriptionTest" time="0.003"/>
  <testcase name="testParameterizedTypeNestedPartiallyRawInterfaceTypeResolution" classname="net.bytebuddy.pool.TypePoolLazyFacadeTypeDescriptionTest" time="0.001"/>
  <testcase name="testUnboundWildcardParameterizedTypeNoSuperClass" classname="net.bytebuddy.pool.TypePoolLazyFacadeTypeDescriptionTest" time="0.001"/>
  <testcase name="testSingleUpperBoundTypeVariableType" classname="net.bytebuddy.pool.TypePoolLazyFacadeTypeDescriptionTest" time="0"/>
  <testcase name="testUnboundBoundWildcardParameterizedTypeNoMethods" classname="net.bytebuddy.pool.TypePoolLazyFacadeTypeDescriptionTest" time="0"/>
  <testcase name="testLowerBoundWildcardParameterizedTypeNoSuperClass" classname="net.bytebuddy.pool.TypePoolLazyFacadeTypeDescriptionTest" time="0.001"/>
  <testcase name="testUnboundWildcardParameterizedTypeNoInterfaces" classname="net.bytebuddy.pool.TypePoolLazyFacadeTypeDescriptionTest" time="0"/>
  <testcase name="testExplicitlyUnboundWildcardParameterizedTypeNoSuperClass" classname="net.bytebuddy.pool.TypePoolLazyFacadeTypeDescriptionTest" time="0"/>
  <testcase name="testGenericMethodHashCode" classname="net.bytebuddy.pool.TypePoolLazyFacadeTypeDescriptionTest" time="0.002"/>
</testsuite>